Execute poe command line: poe  ./main_ball 3 1 4 none
Caught DGFException on creation of SGrid, trying default DGF method!

Created parallel ALUGrid<3,3,cube,nonconforming> from macro grid file ''. 

globalRefine: 1
elements = 7284467 (53446,60383,1.12979)   maxLevel = 4   step = 12   time = 0.108   dt = 0.009
elements = 7184409 (52566,59166,1.12556)   maxLevel = 4   step = 23   time = 0.207   dt = 0.009
elements = 7140421 (52352,57772,1.10353)   maxLevel = 4   step = 34   time = 0.306   dt = 0.009
elements = 7331255 (53621,60947,1.13663)   maxLevel = 4   step = 45   time = 0.405   dt = 0.009
elements = 7074726 (51675,58228,1.12681)   maxLevel = 4   step = 56   time = 0.504   dt = 0.009
elements = 7327244 (54153,60799,1.12273)   maxLevel = 4   step = 67   time = 0.603   dt = 0.009
elements = 7208538 (53044,59719,1.12584)   maxLevel = 4   step = 78   time = 0.702   dt = 0.009
elements = 7116271 (53104,58606,1.10361)   maxLevel = 4   step = 89   time = 0.801   dt = 0.009
elements = 7270180 (54454,60572,1.11235)   maxLevel = 4   step = 100   time = 0.9   dt = 0.009
elements = 7001352 (51121,57864,1.1319)   maxLevel = 4   step = 112   time = 1.008   dt = 0.009
U2 max: 20.39  min: 12.15
U3 max: 0.02  min: 0
U4 max: 1.29  min: 0.79
U5 max: 0.6  min: 0.24
U6 max: 29.05  min: 22.01
U7 max: 0  min: 0
U8 max: 22.44  min: 14.35
Program finished: CPU time = 73.1889 sec.

------------------------------------------------------------
Sender: LSF System <lsfadmin@ys1719-ib>
Subject: Job 926049: <mb.128> in cluster <yellowstone> Done

Job <mb.128> was submitted from host <yslogin3-ib> by user <robertk> in cluster <yellowstone>.
Job was executed on host(s) <16*ys1719-ib>, in queue <small>, as user <robertk> in cluster <yellowstone>.
                            <16*ys3246-ib>
                            <16*ys3247-ib>
                            <16*ys6157-ib>
                            <16*ys6270-ib>
                            <16*ys6303-ib>
                            <16*ys6304-ib>
                            <16*ys6306-ib>
</glade/u/home/robertk> was used as the home directory.
</glade/u/home/robertk/work/Dune/trunk/alugrid/examples/run/mb_hsfc_314> was used as the working directory.
Started at Thu Feb 20 14:56:31 2014
Results reported at Thu Feb 20 14:58:44 2014

Your job looked like:

------------------------------------------------------------
# LSBATCH: User input
#!/bin/bash
# LSF batch script to run an MPI application
#
#BSUB -P P86850055           # project code
#BSUB -W 00:30               # wall-clock time (hrs:mins)
#BSUB -n 128              # number of tasks in job
#BSUB -R span[ptile=16]    # run 16 MPI tasks per node
#BSUB -J mb.128            # job name
#BSUB -o ./mb.128.out  # output file name 
#BSUB -e ./mb.128.err  # error file name
#BSUB -q small             # queue
#run the executable
export MP_CSS_INTERRUPT=yes
export MP_EAGER_LIMIT=4194305
export MP_EAGER_LIMIT_LOCAL=4194305
mpirun.lsf ./main_ball 3 1 4 none

------------------------------------------------------------

Successfully completed.

Resource usage summary:

    CPU time :               14046.00 sec.
    Max Memory :             21456 MB
    Average Memory :         8176.67 MB
    Total Requested Memory : -
    Delta Memory :           -
    (Delta: the difference between total requested memory and actual max usage.)
    Max Processes :          140
    Max Threads :            1473

The output (if any) is above this job summary.



PS:

Read file <./mb.128.err> for stderr output of this job.

