Execute poe command line: poe  ./main_ball 3 1 4 none
Caught DGFException on creation of SGrid, trying default DGF method!

Created parallel ALUGrid<3,3,cube,nonconforming> from macro grid file ''. 

globalRefine: 1
elements = 7292370 (24866,32231,1.29619)   maxLevel = 4   step = 12   time = 0.108   dt = 0.009
elements = 7180615 (24443,30325,1.24064)   maxLevel = 4   step = 23   time = 0.207   dt = 0.009
elements = 7146119 (24576,29944,1.21842)   maxLevel = 4   step = 34   time = 0.306   dt = 0.009
elements = 7335119 (26273,32026,1.21897)   maxLevel = 4   step = 45   time = 0.405   dt = 0.009
elements = 7074719 (24086,30060,1.24803)   maxLevel = 4   step = 56   time = 0.504   dt = 0.009
elements = 7327286 (26195,31993,1.22134)   maxLevel = 4   step = 67   time = 0.603   dt = 0.009
elements = 7210827 (25340,31279,1.23437)   maxLevel = 4   step = 78   time = 0.702   dt = 0.009
elements = 7118154 (24576,31365,1.27625)   maxLevel = 4   step = 89   time = 0.801   dt = 0.009
elements = 7270166 (25482,31700,1.24402)   maxLevel = 4   step = 100   time = 0.9   dt = 0.009
elements = 7000428 (23857,30215,1.2665)   maxLevel = 4   step = 112   time = 1.008   dt = 0.009
U2 max: 13.91  min: 9.24
U3 max: 0.03  min: 0
U4 max: 1.17  min: 0.65
U5 max: 0.31  min: 0.11
U6 max: 17.96  min: 13.76
U7 max: 0  min: 0
U8 max: 15.45  min: 10.95
Program finished: CPU time = 45.758 sec.

------------------------------------------------------------
Sender: LSF System <lsfadmin@ys1728-ib>
Subject: Job 926050: <mb.256> in cluster <yellowstone> Done

Job <mb.256> was submitted from host <yslogin3-ib> by user <robertk> in cluster <yellowstone>.
Job was executed on host(s) <16*ys1728-ib>, in queue <small>, as user <robertk> in cluster <yellowstone>.
                            <16*ys2140-ib>
                            <16*ys2141-ib>
                            <16*ys2142-ib>
                            <16*ys2143-ib>
                            <16*ys2144-ib>
                            <16*ys2145-ib>
                            <16*ys2146-ib>
                            <16*ys2147-ib>
                            <16*ys2148-ib>
                            <16*ys2149-ib>
                            <16*ys2150-ib>
                            <16*ys2151-ib>
                            <16*ys2212-ib>
                            <16*ys2213-ib>
                            <16*ys2214-ib>
</glade/u/home/robertk> was used as the home directory.
</glade/u/home/robertk/work/Dune/trunk/alugrid/examples/run/mb_hsfc_314> was used as the working directory.
Started at Thu Feb 20 14:57:41 2014
Results reported at Thu Feb 20 14:59:19 2014

Your job looked like:

------------------------------------------------------------
# LSBATCH: User input
#!/bin/bash
# LSF batch script to run an MPI application
#
#BSUB -P P86850055           # project code
#BSUB -W 00:30               # wall-clock time (hrs:mins)
#BSUB -n 256              # number of tasks in job
#BSUB -R span[ptile=16]    # run 16 MPI tasks per node
#BSUB -J mb.256            # job name
#BSUB -o ./mb.256.out  # output file name 
#BSUB -e ./mb.256.err  # error file name
#BSUB -q small             # queue
#run the executable
export MP_CSS_INTERRUPT=yes
export MP_EAGER_LIMIT=4194305
export MP_EAGER_LIMIT_LOCAL=4194305
mpirun.lsf ./main_ball 3 1 4 none

------------------------------------------------------------

Successfully completed.

Resource usage summary:

    CPU time :               22717.97 sec.
    Max Memory :             26234 MB
    Average Memory :         1481.00 MB
    Total Requested Memory : -
    Delta Memory :           -
    (Delta: the difference between total requested memory and actual max usage.)
    Max Processes :          276
    Max Threads :            2925

The output (if any) is above this job summary.



PS:

Read file <./mb.256.err> for stderr output of this job.

