Caught DGFException on creation of SGrid, trying default DGF method!

Created parallel ALUGrid<3,3,cube,nonconforming> from macro grid file ''. 

globalRefine: 1
elements = 7292370 (24866,32231,1.29619)   maxLevel = 4   step = 12   time = 0.108   dt = 0.009
elements = 7180615 (24443,30325,1.24064)   maxLevel = 4   step = 23   time = 0.207   dt = 0.009
elements = 7146119 (24576,29944,1.21842)   maxLevel = 4   step = 34   time = 0.306   dt = 0.009
elements = 7335119 (26273,32026,1.21897)   maxLevel = 4   step = 45   time = 0.405   dt = 0.009
elements = 7074719 (24086,30060,1.24803)   maxLevel = 4   step = 56   time = 0.504   dt = 0.009
elements = 7327286 (26195,31993,1.22134)   maxLevel = 4   step = 67   time = 0.603   dt = 0.009
elements = 7210827 (25340,31279,1.23437)   maxLevel = 4   step = 78   time = 0.702   dt = 0.009
elements = 7118154 (24576,31365,1.27625)   maxLevel = 4   step = 89   time = 0.801   dt = 0.009
elements = 7270166 (25482,31700,1.24402)   maxLevel = 4   step = 100   time = 0.9   dt = 0.009
elements = 7000428 (23857,30215,1.2665)   maxLevel = 4   step = 112   time = 1.008   dt = 0.009
U2 max: 13.89  min: 9.68
U3 max: 0.02  min: 0
U4 max: 1.31  min: 0.79
U5 max: 4.45  min: 3.17
U6 max: 0.01  min: 0
U7 max: 13.85  min: 9.62
U8 max: 15.61  min: 11.53
Program finished: CPU time = 61.8686 sec.
Job  /ncar/opt/lsf/8.3/linux2.6-glibc2.3-x86_64/bin/poejob ./main_ball 3 1 4 none

TID   HOST_NAME   COMMAND_LINE            STATUS            TERMINATION_TIME
===== ========== ================  =======================  ===================
00240 ys1954-ib  ./main_ball 3 1   Done                     05/15/2013 17:29:35
00241 ys1954-ib   ./main_ball 3 1  Done                     05/15/2013 17:29:35
00247 ys1954-ib   ./main_ball 3 1  Done                     05/15/2013 17:29:35
00248 ys1954-ib   ./main_ball 3 1  Done                     05/15/2013 17:29:35
00250 ys1954-ib   ./main_ball 3 1  Done                     05/15/2013 17:29:35
00249 ys1954-ib   ./main_ball 3 1  Done                     05/15/2013 17:29:35
00251 ys1954-ib   ./main_ball 3 1  Done                     05/15/2013 17:29:35
00252 ys1954-ib   ./main_ball 3 1  Done                     05/15/2013 17:29:35
00253 ys1954-ib   ./main_ball 3 1  Done                     05/15/2013 17:29:35
00254 ys1954-ib   ./main_ball 3 1  Done                     05/15/2013 17:29:35
00255 ys1954-ib   ./main_ball 3 1  Done                     05/15/2013 17:29:35
00242 ys1954-ib   ./main_ball 3 1  Done                     05/15/2013 17:29:35
00243 ys1954-ib   ./main_ball 3 1  Done                     05/15/2013 17:29:35
00244 ys1954-ib   ./main_ball 3 1  Done                     05/15/2013 17:29:35
00245 ys1954-ib   ./main_ball 3 1  Done                     05/15/2013 17:29:35
00246 ys1954-ib   ./main_ball 3 1  Done                     05/15/2013 17:29:35
00224 ys1934-ib  ./main_ball 3 1   Done                     05/15/2013 17:29:35
00228 ys1934-ib   ./main_ball 3 1  Done                     05/15/2013 17:29:35
00230 ys1934-ib   ./main_ball 3 1  Done                     05/15/2013 17:29:35
00229 ys1934-ib   ./main_ball 3 1  Done                     05/15/2013 17:29:35
00231 ys1934-ib   ./main_ball 3 1  Done                     05/15/2013 17:29:35
00232 ys1934-ib   ./main_ball 3 1  Done                     05/15/2013 17:29:35
00233 ys1934-ib   ./main_ball 3 1  Done                     05/15/2013 17:29:35
00234 ys1934-ib   ./main_ball 3 1  Done                     05/15/2013 17:29:35
00235 ys1934-ib   ./main_ball 3 1  Done                     05/15/2013 17:29:35
00236 ys1934-ib   ./main_ball 3 1  Done                     05/15/2013 17:29:35
00237 ys1934-ib   ./main_ball 3 1  Done                     05/15/2013 17:29:35
00238 ys1934-ib   ./main_ball 3 1  Done                     05/15/2013 17:29:35
00239 ys1934-ib   ./main_ball 3 1  Done                     05/15/2013 17:29:35
00225 ys1934-ib   ./main_ball 3 1  Done                     05/15/2013 17:29:35
00226 ys1934-ib   ./main_ball 3 1  Done                     05/15/2013 17:29:35
00227 ys1934-ib   ./main_ball 3 1  Done                     05/15/2013 17:29:35
00208 ys1923-ib  ./main_ball 3 1   Done                     05/15/2013 17:29:35
00210 ys1923-ib   ./main_ball 3 1  Done                     05/15/2013 17:29:35
00209 ys1923-ib   ./main_ball 3 1  Done                     05/15/2013 17:29:35
00211 ys1923-ib   ./main_ball 3 1  Done                     05/15/2013 17:29:35
00212 ys1923-ib   ./main_ball 3 1  Done                     05/15/2013 17:29:35
00213 ys1923-ib   ./main_ball 3 1  Done                     05/15/2013 17:29:35
00214 ys1923-ib   ./main_ball 3 1  Done                     05/15/2013 17:29:35
00215 ys1923-ib   ./main_ball 3 1  Done                     05/15/2013 17:29:35
00216 ys1923-ib   ./main_ball 3 1  Done                     05/15/2013 17:29:35
00217 ys1923-ib   ./main_ball 3 1  Done                     05/15/2013 17:29:35
00218 ys1923-ib   ./main_ball 3 1  Done                     05/15/2013 17:29:35
00220 ys1923-ib   ./main_ball 3 1  Done                     05/15/2013 17:29:35
00219 ys1923-ib   ./main_ball 3 1  Done                     05/15/2013 17:29:35
00221 ys1923-ib   ./main_ball 3 1  Done                     05/15/2013 17:29:35
00222 ys1923-ib   ./main_ball 3 1  Done                     05/15/2013 17:29:35
00223 ys1923-ib   ./main_ball 3 1  Done                     05/15/2013 17:29:35
00192 ys1922-ib  ./main_ball 3 1   Done                     05/15/2013 17:29:35
00199 ys1922-ib   ./main_ball 3 1  Done                     05/15/2013 17:29:35
00193 ys1922-ib   ./main_ball 3 1  Done                     05/15/2013 17:29:35
00194 ys1922-ib   ./main_ball 3 1  Done                     05/15/2013 17:29:35
00195 ys1922-ib   ./main_ball 3 1  Done                     05/15/2013 17:29:35
00196 ys1922-ib   ./main_ball 3 1  Done                     05/15/2013 17:29:35
00198 ys1922-ib   ./main_ball 3 1  Done                     05/15/2013 17:29:35
00200 ys1922-ib   ./main_ball 3 1  Done                     05/15/2013 17:29:35
00201 ys1922-ib   ./main_ball 3 1  Done                     05/15/2013 17:29:35
00202 ys1922-ib   ./main_ball 3 1  Done                     05/15/2013 17:29:35
00203 ys1922-ib   ./main_ball 3 1  Done                     05/15/2013 17:29:35
00204 ys1922-ib   ./main_ball 3 1  Done                     05/15/2013 17:29:35
00205 ys1922-ib   ./main_ball 3 1  Done                     05/15/2013 17:29:35
00206 ys1922-ib   ./main_ball 3 1  Done                     05/15/2013 17:29:35
00207 ys1922-ib   ./main_ball 3 1  Done                     05/15/2013 17:29:35
00197 ys1922-ib   ./main_ball 3 1  Done                     05/15/2013 17:29:35
00176 ys1921-ib  ./main_ball 3 1   Done                     05/15/2013 17:29:35
00181 ys1921-ib   ./main_ball 3 1  Done                     05/15/2013 17:29:35
00182 ys1921-ib   ./main_ball 3 1  Done                     05/15/2013 17:29:35
00183 ys1921-ib   ./main_ball 3 1  Done                     05/15/2013 17:29:35
00184 ys1921-ib   ./main_ball 3 1  Done                     05/15/2013 17:29:35
00185 ys1921-ib   ./main_ball 3 1  Done                     05/15/2013 17:29:35
00186 ys1921-ib   ./main_ball 3 1  Done                     05/15/2013 17:29:35
00187 ys1921-ib   ./main_ball 3 1  Done                     05/15/2013 17:29:35
00188 ys1921-ib   ./main_ball 3 1  Done                     05/15/2013 17:29:35
00190 ys1921-ib   ./main_ball 3 1  Done                     05/15/2013 17:29:35
00189 ys1921-ib   ./main_ball 3 1  Done                     05/15/2013 17:29:35
00191 ys1921-ib   ./main_ball 3 1  Done                     05/15/2013 17:29:35
00177 ys1921-ib   ./main_ball 3 1  Done                     05/15/2013 17:29:35
00178 ys1921-ib   ./main_ball 3 1  Done                     05/15/2013 17:29:35
00180 ys1921-ib   ./main_ball 3 1  Done                     05/15/2013 17:29:35
00179 ys1921-ib   ./main_ball 3 1  Done                     05/15/2013 17:29:35
00160 ys1912-ib  ./main_ball 3 1   Done                     05/15/2013 17:29:35
00162 ys1912-ib   ./main_ball 3 1  Done                     05/15/2013 17:29:35
00163 ys1912-ib   ./main_ball 3 1  Done                     05/15/2013 17:29:35
00164 ys1912-ib   ./main_ball 3 1  Done                     05/15/2013 17:29:35
00165 ys1912-ib   ./main_ball 3 1  Done                     05/15/2013 17:29:35
00166 ys1912-ib   ./main_ball 3 1  Done                     05/15/2013 17:29:35
00167 ys1912-ib   ./main_ball 3 1  Done                     05/15/2013 17:29:35
00168 ys1912-ib   ./main_ball 3 1  Done                     05/15/2013 17:29:35
00170 ys1912-ib   ./main_ball 3 1  Done                     05/15/2013 17:29:35
00169 ys1912-ib   ./main_ball 3 1  Done                     05/15/2013 17:29:35
00171 ys1912-ib   ./main_ball 3 1  Done                     05/15/2013 17:29:35
00172 ys1912-ib   ./main_ball 3 1  Done                     05/15/2013 17:29:35
00173 ys1912-ib   ./main_ball 3 1  Done                     05/15/2013 17:29:35
00174 ys1912-ib   ./main_ball 3 1  Done                     05/15/2013 17:29:35
00175 ys1912-ib   ./main_ball 3 1  Done                     05/15/2013 17:29:35
00161 ys1912-ib   ./main_ball 3 1  Done                     05/15/2013 17:29:35
00144 ys1907-ib  ./main_ball 3 1   Done                     05/15/2013 17:29:35
00145 ys1907-ib   ./main_ball 3 1  Done                     05/15/2013 17:29:35
00146 ys1907-ib   ./main_ball 3 1  Done                     05/15/2013 17:29:35
00147 ys1907-ib   ./main_ball 3 1  Done                     05/15/2013 17:29:35
00148 ys1907-ib   ./main_ball 3 1  Done                     05/15/2013 17:29:35
00150 ys1907-ib   ./main_ball 3 1  Done                     05/15/2013 17:29:35
00149 ys1907-ib   ./main_ball 3 1  Done                     05/15/2013 17:29:35
00151 ys1907-ib   ./main_ball 3 1  Done                     05/15/2013 17:29:35
00152 ys1907-ib   ./main_ball 3 1  Done                     05/15/2013 17:29:35
00153 ys1907-ib   ./main_ball 3 1  Done                     05/15/2013 17:29:35
00154 ys1907-ib   ./main_ball 3 1  Done                     05/15/2013 17:29:35
00155 ys1907-ib   ./main_ball 3 1  Done                     05/15/2013 17:29:35
00156 ys1907-ib   ./main_ball 3 1  Done                     05/15/2013 17:29:35
00157 ys1907-ib   ./main_ball 3 1  Done                     05/15/2013 17:29:35
00158 ys1907-ib   ./main_ball 3 1  Done                     05/15/2013 17:29:35
00159 ys1907-ib   ./main_ball 3 1  Done                     05/15/2013 17:29:35
00128 ys1710-ib  ./main_ball 3 1   Done                     05/15/2013 17:29:35
00130 ys1710-ib   ./main_ball 3 1  Done                     05/15/2013 17:29:35
00131 ys1710-ib   ./main_ball 3 1  Done                     05/15/2013 17:29:35
00143 ys1710-ib   ./main_ball 3 1  Done                     05/15/2013 17:29:35
00129 ys1710-ib   ./main_ball 3 1  Done                     05/15/2013 17:29:35
00132 ys1710-ib   ./main_ball 3 1  Done                     05/15/2013 17:29:35
00133 ys1710-ib   ./main_ball 3 1  Done                     05/15/2013 17:29:35
00134 ys1710-ib   ./main_ball 3 1  Done                     05/15/2013 17:29:35
00135 ys1710-ib   ./main_ball 3 1  Done                     05/15/2013 17:29:35
00136 ys1710-ib   ./main_ball 3 1  Done                     05/15/2013 17:29:35
00137 ys1710-ib   ./main_ball 3 1  Done                     05/15/2013 17:29:35
00138 ys1710-ib   ./main_ball 3 1  Done                     05/15/2013 17:29:35
00140 ys1710-ib   ./main_ball 3 1  Done                     05/15/2013 17:29:35
00139 ys1710-ib   ./main_ball 3 1  Done                     05/15/2013 17:29:35
00141 ys1710-ib   ./main_ball 3 1  Done                     05/15/2013 17:29:35
00142 ys1710-ib   ./main_ball 3 1  Done                     05/15/2013 17:29:35
00112 ys1704-ib  ./main_ball 3 1   Done                     05/15/2013 17:29:35
00113 ys1704-ib   ./main_ball 3 1  Done                     05/15/2013 17:29:35
00114 ys1704-ib   ./main_ball 3 1  Done                     05/15/2013 17:29:35
00115 ys1704-ib   ./main_ball 3 1  Done                     05/15/2013 17:29:35
00116 ys1704-ib   ./main_ball 3 1  Done                     05/15/2013 17:29:35
00117 ys1704-ib   ./main_ball 3 1  Done                     05/15/2013 17:29:35
00118 ys1704-ib   ./main_ball 3 1  Done                     05/15/2013 17:29:35
00119 ys1704-ib   ./main_ball 3 1  Done                     05/15/2013 17:29:35
00124 ys1704-ib   ./main_ball 3 1  Done                     05/15/2013 17:29:35
00125 ys1704-ib   ./main_ball 3 1  Done                     05/15/2013 17:29:35
00126 ys1704-ib   ./main_ball 3 1  Done                     05/15/2013 17:29:35
00127 ys1704-ib   ./main_ball 3 1  Done                     05/15/2013 17:29:35
00120 ys1704-ib   ./main_ball 3 1  Done                     05/15/2013 17:29:35
00121 ys1704-ib   ./main_ball 3 1  Done                     05/15/2013 17:29:35
00122 ys1704-ib   ./main_ball 3 1  Done                     05/15/2013 17:29:35
00123 ys1704-ib   ./main_ball 3 1  Done                     05/15/2013 17:29:35
00096 ys1664-ib  ./main_ball 3 1   Done                     05/15/2013 17:29:35
00105 ys1664-ib   ./main_ball 3 1  Done                     05/15/2013 17:29:35
00106 ys1664-ib   ./main_ball 3 1  Done                     05/15/2013 17:29:35
00107 ys1664-ib   ./main_ball 3 1  Done                     05/15/2013 17:29:35
00108 ys1664-ib   ./main_ball 3 1  Done                     05/15/2013 17:29:35
00110 ys1664-ib   ./main_ball 3 1  Done                     05/15/2013 17:29:35
00109 ys1664-ib   ./main_ball 3 1  Done                     05/15/2013 17:29:35
00111 ys1664-ib   ./main_ball 3 1  Done                     05/15/2013 17:29:35
00097 ys1664-ib   ./main_ball 3 1  Done                     05/15/2013 17:29:35
00098 ys1664-ib   ./main_ball 3 1  Done                     05/15/2013 17:29:35
00099 ys1664-ib   ./main_ball 3 1  Done                     05/15/2013 17:29:35
00100 ys1664-ib   ./main_ball 3 1  Done                     05/15/2013 17:29:35
00101 ys1664-ib   ./main_ball 3 1  Done                     05/15/2013 17:29:35
00102 ys1664-ib   ./main_ball 3 1  Done                     05/15/2013 17:29:35
00103 ys1664-ib   ./main_ball 3 1  Done                     05/15/2013 17:29:35
00104 ys1664-ib   ./main_ball 3 1  Done                     05/15/2013 17:29:35
00080 ys1661-ib  ./main_ball 3 1   Done                     05/15/2013 17:29:35
00090 ys1661-ib   ./main_ball 3 1  Done                     05/15/2013 17:29:35
00089 ys1661-ib   ./main_ball 3 1  Done                     05/15/2013 17:29:35
00091 ys1661-ib   ./main_ball 3 1  Done                     05/15/2013 17:29:35
00092 ys1661-ib   ./main_ball 3 1  Done                     05/15/2013 17:29:35
00093 ys1661-ib   ./main_ball 3 1  Done                     05/15/2013 17:29:35
00094 ys1661-ib   ./main_ball 3 1  Done                     05/15/2013 17:29:35
00095 ys1661-ib   ./main_ball 3 1  Done                     05/15/2013 17:29:35
00081 ys1661-ib   ./main_ball 3 1  Done                     05/15/2013 17:29:35
00082 ys1661-ib   ./main_ball 3 1  Done                     05/15/2013 17:29:35
00083 ys1661-ib   ./main_ball 3 1  Done                     05/15/2013 17:29:35
00084 ys1661-ib   ./main_ball 3 1  Done                     05/15/2013 17:29:35
00085 ys1661-ib   ./main_ball 3 1  Done                     05/15/2013 17:29:35
00086 ys1661-ib   ./main_ball 3 1  Done                     05/15/2013 17:29:35
00087 ys1661-ib   ./main_ball 3 1  Done                     05/15/2013 17:29:35
00088 ys1661-ib   ./main_ball 3 1  Done                     05/15/2013 17:29:35
00064 ys1660-ib  ./main_ball 3 1   Done                     05/15/2013 17:29:35
00071 ys1660-ib   ./main_ball 3 1  Done                     05/15/2013 17:29:35
00072 ys1660-ib   ./main_ball 3 1  Done                     05/15/2013 17:29:35
00073 ys1660-ib   ./main_ball 3 1  Done                     05/15/2013 17:29:35
00074 ys1660-ib   ./main_ball 3 1  Done                     05/15/2013 17:29:35
00075 ys1660-ib   ./main_ball 3 1  Done                     05/15/2013 17:29:35
00076 ys1660-ib   ./main_ball 3 1  Done                     05/15/2013 17:29:35
00077 ys1660-ib   ./main_ball 3 1  Done                     05/15/2013 17:29:35
00078 ys1660-ib   ./main_ball 3 1  Done                     05/15/2013 17:29:35
00079 ys1660-ib   ./main_ball 3 1  Done                     05/15/2013 17:29:35
00065 ys1660-ib   ./main_ball 3 1  Done                     05/15/2013 17:29:35
00066 ys1660-ib   ./main_ball 3 1  Done                     05/15/2013 17:29:35
00067 ys1660-ib   ./main_ball 3 1  Done                     05/15/2013 17:29:35
00068 ys1660-ib   ./main_ball 3 1  Done                     05/15/2013 17:29:35
00070 ys1660-ib   ./main_ball 3 1  Done                     05/15/2013 17:29:35
00069 ys1660-ib   ./main_ball 3 1  Done                     05/15/2013 17:29:35
00048 ys1646-ib  ./main_ball 3 1   Done                     05/15/2013 17:29:35
00050 ys1646-ib   ./main_ball 3 1  Done                     05/15/2013 17:29:35
00051 ys1646-ib   ./main_ball 3 1  Done                     05/15/2013 17:29:35
00052 ys1646-ib   ./main_ball 3 1  Done                     05/15/2013 17:29:35
00053 ys1646-ib   ./main_ball 3 1  Done                     05/15/2013 17:29:35
00054 ys1646-ib   ./main_ball 3 1  Done                     05/15/2013 17:29:35
00055 ys1646-ib   ./main_ball 3 1  Done                     05/15/2013 17:29:35
00056 ys1646-ib   ./main_ball 3 1  Done                     05/15/2013 17:29:35
00057 ys1646-ib   ./main_ball 3 1  Done                     05/15/2013 17:29:35
00058 ys1646-ib   ./main_ball 3 1  Done                     05/15/2013 17:29:35
00060 ys1646-ib   ./main_ball 3 1  Done                     05/15/2013 17:29:35
00059 ys1646-ib   ./main_ball 3 1  Done                     05/15/2013 17:29:35
00061 ys1646-ib   ./main_ball 3 1  Done                     05/15/2013 17:29:35
00062 ys1646-ib   ./main_ball 3 1  Done                     05/15/2013 17:29:35
00063 ys1646-ib   ./main_ball 3 1  Done                     05/15/2013 17:29:35
00049 ys1646-ib   ./main_ball 3 1  Done                     05/15/2013 17:29:35
00032 ys1639-ib  ./main_ball 3 1   Done                     05/15/2013 17:29:35
00033 ys1639-ib   ./main_ball 3 1  Done                     05/15/2013 17:29:35
00034 ys1639-ib   ./main_ball 3 1  Done                     05/15/2013 17:29:35
00035 ys1639-ib   ./main_ball 3 1  Done                     05/15/2013 17:29:35
00036 ys1639-ib   ./main_ball 3 1  Done                     05/15/2013 17:29:35
00037 ys1639-ib   ./main_ball 3 1  Done                     05/15/2013 17:29:35
00038 ys1639-ib   ./main_ball 3 1  Done                     05/15/2013 17:29:35
00040 ys1639-ib   ./main_ball 3 1  Done                     05/15/2013 17:29:35
00039 ys1639-ib   ./main_ball 3 1  Done                     05/15/2013 17:29:35
00041 ys1639-ib   ./main_ball 3 1  Done                     05/15/2013 17:29:35
00042 ys1639-ib   ./main_ball 3 1  Done                     05/15/2013 17:29:35
00043 ys1639-ib   ./main_ball 3 1  Done                     05/15/2013 17:29:35
00044 ys1639-ib   ./main_ball 3 1  Done                     05/15/2013 17:29:35
00045 ys1639-ib   ./main_ball 3 1  Done                     05/15/2013 17:29:35
00046 ys1639-ib   ./main_ball 3 1  Done                     05/15/2013 17:29:35
00047 ys1639-ib   ./main_ball 3 1  Done                     05/15/2013 17:29:35
00016 ys1546-ib  ./main_ball 3 1   Done                     05/15/2013 17:29:35
00017 ys1546-ib   ./main_ball 3 1  Done                     05/15/2013 17:29:35
00018 ys1546-ib   ./main_ball 3 1  Done                     05/15/2013 17:29:35
00020 ys1546-ib   ./main_ball 3 1  Done                     05/15/2013 17:29:35
00019 ys1546-ib   ./main_ball 3 1  Done                     05/15/2013 17:29:35
00021 ys1546-ib   ./main_ball 3 1  Done                     05/15/2013 17:29:35
00022 ys1546-ib   ./main_ball 3 1  Done                     05/15/2013 17:29:35
00023 ys1546-ib   ./main_ball 3 1  Done                     05/15/2013 17:29:35
00024 ys1546-ib   ./main_ball 3 1  Done                     05/15/2013 17:29:35
00025 ys1546-ib   ./main_ball 3 1  Done                     05/15/2013 17:29:35
00026 ys1546-ib   ./main_ball 3 1  Done                     05/15/2013 17:29:35
00027 ys1546-ib   ./main_ball 3 1  Done                     05/15/2013 17:29:35
00028 ys1546-ib   ./main_ball 3 1  Done                     05/15/2013 17:29:35
00030 ys1546-ib   ./main_ball 3 1  Done                     05/15/2013 17:29:35
00029 ys1546-ib   ./main_ball 3 1  Done                     05/15/2013 17:29:35
00031 ys1546-ib   ./main_ball 3 1  Done                     05/15/2013 17:29:35
00000 ys1509-ib  ./main_ball 3 1   Done                     05/15/2013 17:29:35
00003 ys1509-ib   ./main_ball 3 1  Done                     05/15/2013 17:29:35
00002 ys1509-ib   ./main_ball 3 1  Done                     05/15/2013 17:29:35
00014 ys1509-ib   ./main_ball 3 1  Done                     05/15/2013 17:29:35
00015 ys1509-ib   ./main_ball 3 1  Done                     05/15/2013 17:29:35
00004 ys1509-ib   ./main_ball 3 1  Done                     05/15/2013 17:29:35
00005 ys1509-ib   ./main_ball 3 1  Done                     05/15/2013 17:29:35
00006 ys1509-ib   ./main_ball 3 1  Done                     05/15/2013 17:29:35
00007 ys1509-ib   ./main_ball 3 1  Done                     05/15/2013 17:29:35
00008 ys1509-ib   ./main_ball 3 1  Done                     05/15/2013 17:29:35
00009 ys1509-ib   ./main_ball 3 1  Done                     05/15/2013 17:29:35
00010 ys1509-ib   ./main_ball 3 1  Done                     05/15/2013 17:29:35
00011 ys1509-ib   ./main_ball 3 1  Done                     05/15/2013 17:29:35
00012 ys1509-ib   ./main_ball 3 1  Done                     05/15/2013 17:29:35
00001 ys1509-ib   ./main_ball 3 1  Done                     05/15/2013 17:29:35
00013 ys1509-ib   ./main_ball 3 1  Done                     05/15/2013 17:29:35

------------------------------------------------------------
Sender: LSF System <lsfadmin@ys1509-ib>
Subject: Job 662848: <mb.256> Done

Job <mb.256> was submitted from host <yslogin1-ib> by user <robertk> in cluster <yellowstone>.
Job was executed on host(s) <16*ys1509-ib>, in queue <small>, as user <robertk> in cluster <yellowstone>.
                            <16*ys1546-ib>
                            <16*ys1639-ib>
                            <16*ys1646-ib>
                            <16*ys1660-ib>
                            <16*ys1661-ib>
                            <16*ys1664-ib>
                            <16*ys1704-ib>
                            <16*ys1710-ib>
                            <16*ys1907-ib>
                            <16*ys1912-ib>
                            <16*ys1921-ib>
                            <16*ys1922-ib>
                            <16*ys1923-ib>
                            <16*ys1934-ib>
                            <16*ys1954-ib>
</glade/u/home/robertk> was used as the home directory.
</glade/u/home/robertk/work/Dune/trunk/alugrid/examples> was used as the working directory.
Started at Wed May 15 17:28:25 2013
Results reported at Wed May 15 17:29:40 2013

Your job looked like:

------------------------------------------------------------
# LSBATCH: User input
#!/bin/bash
# LSF batch script to run an MPI application
#
#BSUB -P P86850055           # project code
#BSUB -W 00:30               # wall-clock time (hrs:mins)
#BSUB -n 256              # number of tasks in job
#BSUB -R span[ptile=16]    # run 16 MPI tasks per node
#BSUB -J mb.256            # job name
#BSUB -o ./out/mb.256.%J.out  # output file name 
#BSUB -e ./err/mb.256.%J.err  # error file name
#BSUB -q small             # queue
#run the executable
mpirun.lsf ./main_ball 3 1 4 none

------------------------------------------------------------

Successfully completed.

Resource usage summary:

    CPU time   :  15942.14 sec.
    Max Memory :       156 MB
    Max Swap   :      1954 MB

    Max Processes  :         7
    Max Threads    :        45

The output (if any) is above this job summary.



PS:

Read file <./err/mb.256.662848.err> for stderr output of this job.

