Execute poe command line: poe  ./main_ball 3 1 4 none
Caught DGFException on creation of SGrid, trying default DGF method!

Created parallel ALUGrid<3,3,cube,nonconforming> from macro grid file ''. 

globalRefine: 1
elements = 7304935 (0,5351,inf)   maxLevel = 4   step = 12   time = 0.108   dt = 0.009
elements = 7194377 (0,5476,inf)   maxLevel = 4   step = 23   time = 0.207   dt = 0.009
elements = 7163731 (0,5441,inf)   maxLevel = 4   step = 34   time = 0.306   dt = 0.009
elements = 7346158 (0,5371,inf)   maxLevel = 4   step = 45   time = 0.405   dt = 0.009
elements = 7085765 (0,5448,inf)   maxLevel = 4   step = 56   time = 0.504   dt = 0.009
elements = 7341027 (0,5462,inf)   maxLevel = 4   step = 67   time = 0.603   dt = 0.009
elements = 7222930 (0,5231,inf)   maxLevel = 4   step = 78   time = 0.702   dt = 0.009
elements = 7121297 (0,5437,inf)   maxLevel = 4   step = 89   time = 0.801   dt = 0.009
elements = 7288065 (0,5477,inf)   maxLevel = 4   step = 100   time = 0.9   dt = 0.009
elements = 7014764 (0,5196,inf)   maxLevel = 4   step = 112   time = 1.008   dt = 0.009
U2 max: 6.62  min: 4.56
U3 max: 0.04  min: 0
U4 max: 0.97  min: 0.22
U5 max: 0.1  min: 0
U6 max: 7.46  min: 5.36
U7 max: 0.01  min: 0
U8 max: 7.53  min: 5.81
Program finished: CPU time = 13.8809 sec.

------------------------------------------------------------
Sender: LSF System <lsfadmin@ys0203-ib>
Subject: Job 926053: <mb.2048> in cluster <yellowstone> Done

Job <mb.2048> was submitted from host <yslogin3-ib> by user <robertk> in cluster <yellowstone>.
Job was executed on host(s) <16*ys0203-ib>, in queue <small>, as user <robertk> in cluster <yellowstone>.
                            <16*ys0268-ib>
                            <16*ys0309-ib>
                            <16*ys0310-ib>
                            <16*ys0325-ib>
                            <16*ys0329-ib>
                            <16*ys0345-ib>
                            <16*ys0348-ib>
                            <16*ys0362-ib>
                            <16*ys0364-ib>
                            <16*ys0435-ib>
                            <16*ys0438-ib>
                            <16*ys0441-ib>
                            <16*ys0472-ib>
                            <16*ys0501-ib>
                            <16*ys0510-ib>
                            <16*ys0513-ib>
                            <16*ys0535-ib>
                            <16*ys0536-ib>
                            <16*ys0537-ib>
                            <16*ys0538-ib>
                            <16*ys0539-ib>
                            <16*ys0540-ib>
                            <16*ys0542-ib>
                            <16*ys0543-ib>
                            <16*ys0544-ib>
                            <16*ys0545-ib>
                            <16*ys0547-ib>
                            <16*ys0548-ib>
                            <16*ys0549-ib>
                            <16*ys0550-ib>
                            <16*ys0551-ib>
                            <16*ys0552-ib>
                            <16*ys0554-ib>
                            <16*ys0555-ib>
                            <16*ys0556-ib>
                            <16*ys0562-ib>
                            <16*ys0563-ib>
                            <16*ys0564-ib>
                            <16*ys0565-ib>
                            <16*ys0566-ib>
                            <16*ys0567-ib>
                            <16*ys0568-ib>
                            <16*ys0644-ib>
                            <16*ys0645-ib>
                            <16*ys0646-ib>
                            <16*ys0647-ib>
                            <16*ys0819-ib>
                            <16*ys1743-ib>
                            <16*ys1764-ib>
                            <16*ys1766-ib>
                            <16*ys1769-ib>
                            <16*ys1803-ib>
                            <16*ys1805-ib>
                            <16*ys1807-ib>
                            <16*ys1808-ib>
                            <16*ys1809-ib>
                            <16*ys1810-ib>
                            <16*ys1811-ib>
                            <16*ys1812-ib>
                            <16*ys1813-ib>
                            <16*ys1814-ib>
                            <16*ys1815-ib>
                            <16*ys1816-ib>
                            <16*ys1817-ib>
                            <16*ys1819-ib>
                            <16*ys1822-ib>
                            <16*ys1922-ib>
                            <16*ys2140-ib>
                            <16*ys2141-ib>
                            <16*ys2142-ib>
                            <16*ys2143-ib>
                            <16*ys2144-ib>
                            <16*ys2145-ib>
                            <16*ys2146-ib>
                            <16*ys2214-ib>
                            <16*ys2216-ib>
                            <16*ys2217-ib>
                            <16*ys2218-ib>
                            <16*ys2219-ib>
                            <16*ys2221-ib>
                            <16*ys2232-ib>
                            <16*ys2245-ib>
                            <16*ys2247-ib>
                            <16*ys2250-ib>
                            <16*ys2251-ib>
                            <16*ys2258-ib>
                            <16*ys2269-ib>
                            <16*ys2325-ib>
                            <16*ys2328-ib>
                            <16*ys2466-ib>
                            <16*ys2467-ib>
                            <16*ys2468-ib>
                            <16*ys2469-ib>
                            <16*ys2601-ib>
                            <16*ys3246-ib>
                            <16*ys3247-ib>
                            <16*ys4861-ib>
                            <16*ys4862-ib>
                            <16*ys4863-ib>
                            <16*ys4864-ib>
                            <16*ys5016-ib>
                            <16*ys5017-ib>
                            <16*ys5018-ib>
                            <16*ys5019-ib>
                            <16*ys5020-ib>
                            <16*ys5021-ib>
                            <16*ys5022-ib>
                            <16*ys5023-ib>
                            <16*ys5024-ib>
                            <16*ys5025-ib>
                            <16*ys5026-ib>
                            <16*ys5027-ib>
                            <16*ys5028-ib>
                            <16*ys5029-ib>
                            <16*ys5030-ib>
                            <16*ys5031-ib>
                            <16*ys5032-ib>
                            <16*ys5033-ib>
                            <16*ys5034-ib>
                            <16*ys5035-ib>
                            <16*ys5036-ib>
                            <16*ys5037-ib>
                            <16*ys5038-ib>
                            <16*ys5039-ib>
                            <16*ys5040-ib>
                            <16*ys5041-ib>
                            <16*ys5042-ib>
</glade/u/home/robertk> was used as the home directory.
</glade/u/home/robertk/work/Dune/trunk/alugrid/examples/run/mb_hsfc_314> was used as the working directory.
Started at Thu Feb 20 15:08:01 2014
Results reported at Thu Feb 20 15:09:06 2014

Your job looked like:

------------------------------------------------------------
# LSBATCH: User input
#!/bin/bash
# LSF batch script to run an MPI application
#
#BSUB -P P86850055           # project code
#BSUB -W 00:30               # wall-clock time (hrs:mins)
#BSUB -n 2048              # number of tasks in job
#BSUB -R span[ptile=16]    # run 16 MPI tasks per node
#BSUB -J mb.2048            # job name
#BSUB -o ./mb.2048.out  # output file name 
#BSUB -e ./mb.2048.err  # error file name
#BSUB -q small             # queue
#run the executable
export MP_CSS_INTERRUPT=yes
export MP_EAGER_LIMIT=4194305
export MP_EAGER_LIMIT_LOCAL=4194305
mpirun.lsf ./main_ball 3 1 4 none

------------------------------------------------------------

Successfully completed.

Resource usage summary:

    CPU time :               50120.00 sec.
    Max Memory :             754 MB
    Average Memory :         18.50 MB
    Total Requested Memory : -
    Delta Memory :           -
    (Delta: the difference between total requested memory and actual max usage.)
    Max Processes :          35
    Max Threads :            265

The output (if any) is above this job summary.



PS:

Read file <./mb.2048.err> for stderr output of this job.

