Execute poe command line: poe  ./main_ball 3 1 4 none
Caught DGFException on creation of SGrid, trying default DGF method!

Created parallel ALUGrid<3,3,cube,nonconforming> from macro grid file ''. 

globalRefine: 1
elements = 7301288 (0,4096,inf)   maxLevel = 4   step = 12   time = 0.108   dt = 0.009
elements = 7192242 (0,4096,inf)   maxLevel = 4   step = 23   time = 0.207   dt = 0.009
elements = 7162219 (0,4096,inf)   maxLevel = 4   step = 34   time = 0.306   dt = 0.009
elements = 7348286 (0,4096,inf)   maxLevel = 4   step = 45   time = 0.405   dt = 0.009
elements = 7087067 (0,4096,inf)   maxLevel = 4   step = 56   time = 0.504   dt = 0.009
elements = 7333411 (0,4096,inf)   maxLevel = 4   step = 67   time = 0.603   dt = 0.009
elements = 7224673 (0,4096,inf)   maxLevel = 4   step = 78   time = 0.702   dt = 0.009
elements = 7122844 (0,4096,inf)   maxLevel = 4   step = 89   time = 0.801   dt = 0.009
elements = 7289199 (0,4096,inf)   maxLevel = 4   step = 100   time = 0.9   dt = 0.009
elements = 7012090 (0,4096,inf)   maxLevel = 4   step = 112   time = 1.008   dt = 0.009
U2 max: 6.21  min: 4.23
U3 max: 0.03  min: 0
U4 max: 1.06  min: 0
U5 max: 0.07  min: 0
U6 max: 6.59  min: 4.63
U7 max: 0.01  min: 0
U8 max: 6.39  min: 5.41
Program finished: CPU time = 10.8354 sec.

------------------------------------------------------------
Sender: LSF System <lsfadmin@ys0105-ib>
Subject: Job 926054: <mb.4096> in cluster <yellowstone> Done

Job <mb.4096> was submitted from host <yslogin3-ib> by user <robertk> in cluster <yellowstone>.
Job was executed on host(s) <16*ys0105-ib>, in queue <small>, as user <robertk> in cluster <yellowstone>.
                            <16*ys0109-ib>
                            <16*ys0124-ib>
                            <16*ys0125-ib>
                            <16*ys0128-ib>
                            <16*ys0129-ib>
                            <16*ys0130-ib>
                            <16*ys0131-ib>
                            <16*ys0134-ib>
                            <16*ys0136-ib>
                            <16*ys0137-ib>
                            <16*ys0139-ib>
                            <16*ys0140-ib>
                            <16*ys0141-ib>
                            <16*ys0146-ib>
                            <16*ys0147-ib>
                            <16*ys0152-ib>
                            <16*ys0154-ib>
                            <16*ys0155-ib>
                            <16*ys0156-ib>
                            <16*ys0158-ib>
                            <16*ys0159-ib>
                            <16*ys0160-ib>
                            <16*ys0163-ib>
                            <16*ys0165-ib>
                            <16*ys0166-ib>
                            <16*ys0205-ib>
                            <16*ys0208-ib>
                            <16*ys0209-ib>
                            <16*ys0214-ib>
                            <16*ys0218-ib>
                            <16*ys0221-ib>
                            <16*ys0222-ib>
                            <16*ys0223-ib>
                            <16*ys0224-ib>
                            <16*ys0226-ib>
                            <16*ys0227-ib>
                            <16*ys0228-ib>
                            <16*ys0237-ib>
                            <16*ys0262-ib>
                            <16*ys0270-ib>
                            <16*ys0271-ib>
                            <16*ys0351-ib>
                            <16*ys0417-ib>
                            <16*ys0445-ib>
                            <16*ys0468-ib>
                            <16*ys0540-ib>
                            <16*ys0542-ib>
                            <16*ys0543-ib>
                            <16*ys0544-ib>
                            <16*ys0545-ib>
                            <16*ys0547-ib>
                            <16*ys0548-ib>
                            <16*ys0549-ib>
                            <16*ys0550-ib>
                            <16*ys0551-ib>
                            <16*ys0552-ib>
                            <16*ys0554-ib>
                            <16*ys0555-ib>
                            <16*ys0556-ib>
                            <16*ys0562-ib>
                            <16*ys0563-ib>
                            <16*ys0564-ib>
                            <16*ys0565-ib>
                            <16*ys0566-ib>
                            <16*ys0567-ib>
                            <16*ys0568-ib>
                            <16*ys0569-ib>
                            <16*ys0570-ib>
                            <16*ys0571-ib>
                            <16*ys0603-ib>
                            <16*ys0604-ib>
                            <16*ys0605-ib>
                            <16*ys0606-ib>
                            <16*ys0612-ib>
                            <16*ys0613-ib>
                            <16*ys0614-ib>
                            <16*ys0615-ib>
                            <16*ys0616-ib>
                            <16*ys0617-ib>
                            <16*ys0621-ib>
                            <16*ys0622-ib>
                            <16*ys0623-ib>
                            <16*ys0632-ib>
                            <16*ys0634-ib>
                            <16*ys0635-ib>
                            <16*ys0644-ib>
                            <16*ys0645-ib>
                            <16*ys0646-ib>
                            <16*ys0647-ib>
                            <16*ys0648-ib>
                            <16*ys0713-ib>
                            <16*ys0723-ib>
                            <16*ys0724-ib>
                            <16*ys0809-ib>
                            <16*ys0810-ib>
                            <16*ys0811-ib>
                            <16*ys0812-ib>
                            <16*ys0813-ib>
                            <16*ys0814-ib>
                            <16*ys0815-ib>
                            <16*ys0816-ib>
                            <16*ys0817-ib>
                            <16*ys0818-ib>
                            <16*ys0819-ib>
                            <16*ys0820-ib>
                            <16*ys0821-ib>
                            <16*ys0822-ib>
                            <16*ys0823-ib>
                            <16*ys0824-ib>
                            <16*ys0825-ib>
                            <16*ys0826-ib>
                            <16*ys0827-ib>
                            <16*ys0844-ib>
                            <16*ys0845-ib>
                            <16*ys0846-ib>
                            <16*ys0847-ib>
                            <16*ys0848-ib>
                            <16*ys0849-ib>
                            <16*ys0850-ib>
                            <16*ys0851-ib>
                            <16*ys0852-ib>
                            <16*ys0853-ib>
                            <16*ys0854-ib>
                            <16*ys0855-ib>
                            <16*ys0857-ib>
                            <16*ys0858-ib>
                            <16*ys0859-ib>
                            <16*ys0860-ib>
                            <16*ys0865-ib>
                            <16*ys0866-ib>
                            <16*ys0867-ib>
                            <16*ys0871-ib>
                            <16*ys0903-ib>
                            <16*ys0919-ib>
                            <16*ys0920-ib>
                            <16*ys0921-ib>
                            <16*ys0931-ib>
                            <16*ys0932-ib>
                            <16*ys0935-ib>
                            <16*ys0937-ib>
                            <16*ys0943-ib>
                            <16*ys0944-ib>
                            <16*ys0945-ib>
                            <16*ys0946-ib>
                            <16*ys0947-ib>
                            <16*ys0948-ib>
                            <16*ys0949-ib>
                            <16*ys0950-ib>
                            <16*ys0951-ib>
                            <16*ys0952-ib>
                            <16*ys0954-ib>
                            <16*ys0955-ib>
                            <16*ys0956-ib>
                            <16*ys0957-ib>
                            <16*ys0958-ib>
                            <16*ys0959-ib>
                            <16*ys0960-ib>
                            <16*ys0961-ib>
                            <16*ys0962-ib>
                            <16*ys0963-ib>
                            <16*ys0964-ib>
                            <16*ys0965-ib>
                            <16*ys0966-ib>
                            <16*ys0967-ib>
                            <16*ys0968-ib>
                            <16*ys0969-ib>
                            <16*ys0970-ib>
                            <16*ys0971-ib>
                            <16*ys0972-ib>
                            <16*ys1001-ib>
                            <16*ys1002-ib>
                            <16*ys1003-ib>
                            <16*ys1004-ib>
                            <16*ys1005-ib>
                            <16*ys1006-ib>
                            <16*ys1007-ib>
                            <16*ys1008-ib>
                            <16*ys1009-ib>
                            <16*ys1010-ib>
                            <16*ys1012-ib>
                            <16*ys1013-ib>
                            <16*ys1014-ib>
                            <16*ys1015-ib>
                            <16*ys1016-ib>
                            <16*ys1021-ib>
                            <16*ys1024-ib>
                            <16*ys1025-ib>
                            <16*ys1031-ib>
                            <16*ys1037-ib>
                            <16*ys1038-ib>
                            <16*ys1039-ib>
                            <16*ys1040-ib>
                            <16*ys1045-ib>
                            <16*ys1046-ib>
                            <16*ys1047-ib>
                            <16*ys1048-ib>
                            <16*ys1049-ib>
                            <16*ys1050-ib>
                            <16*ys1051-ib>
                            <16*ys1052-ib>
                            <16*ys1053-ib>
                            <16*ys1055-ib>
                            <16*ys1059-ib>
                            <16*ys1060-ib>
                            <16*ys1066-ib>
                            <16*ys1067-ib>
                            <16*ys1118-ib>
                            <16*ys1120-ib>
                            <16*ys1123-ib>
                            <16*ys1126-ib>
                            <16*ys1145-ib>
                            <16*ys1151-ib>
                            <16*ys1201-ib>
                            <16*ys1202-ib>
                            <16*ys1209-ib>
                            <16*ys1210-ib>
                            <16*ys1211-ib>
                            <16*ys1212-ib>
                            <16*ys1213-ib>
                            <16*ys1214-ib>
                            <16*ys1215-ib>
                            <16*ys1216-ib>
                            <16*ys1217-ib>
                            <16*ys1218-ib>
                            <16*ys1219-ib>
                            <16*ys1220-ib>
                            <16*ys1261-ib>
                            <16*ys1262-ib>
                            <16*ys1263-ib>
                            <16*ys1308-ib>
                            <16*ys1313-ib>
                            <16*ys1314-ib>
                            <16*ys1315-ib>
                            <16*ys1316-ib>
                            <16*ys1449-ib>
                            <16*ys1450-ib>
                            <16*ys1451-ib>
                            <16*ys1453-ib>
                            <16*ys1502-ib>
                            <16*ys1503-ib>
                            <16*ys1504-ib>
                            <16*ys1505-ib>
                            <16*ys1506-ib>
                            <16*ys1507-ib>
                            <16*ys1508-ib>
                            <16*ys1509-ib>
                            <16*ys1521-ib>
                            <16*ys1522-ib>
                            <16*ys1569-ib>
                            <16*ys1571-ib>
                            <16*ys1705-ib>
                            <16*ys1706-ib>
                            <16*ys1707-ib>
                            <16*ys1711-ib>
                            <16*ys1712-ib>
</glade/u/home/robertk> was used as the home directory.
</glade/u/home/robertk/work/Dune/trunk/alugrid/examples/run/mb_hsfc_314> was used as the working directory.
Started at Thu Feb 20 15:14:08 2014
Results reported at Thu Feb 20 15:15:19 2014

Your job looked like:

------------------------------------------------------------
# LSBATCH: User input
#!/bin/bash
# LSF batch script to run an MPI application
#
#BSUB -P P86850055           # project code
#BSUB -W 00:30               # wall-clock time (hrs:mins)
#BSUB -n 4096              # number of tasks in job
#BSUB -R span[ptile=16]    # run 16 MPI tasks per node
#BSUB -J mb.4096            # job name
#BSUB -o ./mb.4096.out  # output file name 
#BSUB -e ./mb.4096.err  # error file name
#BSUB -q small             # queue
#run the executable
export MP_CSS_INTERRUPT=yes
export MP_EAGER_LIMIT=4194305
export MP_EAGER_LIMIT_LOCAL=4194305
mpirun.lsf ./main_ball 3 1 4 none

------------------------------------------------------------

Successfully completed.

Resource usage summary:

    CPU time :               87735.00 sec.
    Max Memory :             242 MB
    Average Memory :         20.00 MB
    Total Requested Memory : -
    Delta Memory :           -
    (Delta: the difference between total requested memory and actual max usage.)
    Max Processes :          35
    Max Threads :            521

The output (if any) is above this job summary.



PS:

Read file <./mb.4096.err> for stderr output of this job.

