Caught DGFException on creation of SGrid, trying default DGF method!

Created parallel ALUGrid<3,3,cube,nonconforming> from macro grid file ''. 

globalRefine: 1
elements = 7293854 (11826,17730,1.49924)   maxLevel = 4   step = 12   time = 0.108   dt = 0.009
elements = 7180853 (11522,17295,1.50104)   maxLevel = 4   step = 23   time = 0.207   dt = 0.009
elements = 7155086 (11139,17994,1.61541)   maxLevel = 4   step = 34   time = 0.306   dt = 0.009
elements = 7336127 (8192,18150,2.21558)   maxLevel = 4   step = 45   time = 0.405   dt = 0.009
elements = 7082762 (10565,18184,1.72115)   maxLevel = 4   step = 56   time = 0.504   dt = 0.009
elements = 7334286 (11062,17368,1.57006)   maxLevel = 4   step = 67   time = 0.603   dt = 0.009
elements = 7214138 (10902,17592,1.61365)   maxLevel = 4   step = 78   time = 0.702   dt = 0.009
elements = 7116026 (10853,17723,1.633)   maxLevel = 4   step = 89   time = 0.801   dt = 0.009
elements = 7277334 (11035,18220,1.65111)   maxLevel = 4   step = 100   time = 0.9   dt = 0.009
elements = 7009528 (11449,17828,1.55717)   maxLevel = 4   step = 112   time = 1.008   dt = 0.009
U2 max: 9.79  min: 6.55
U3 max: 0.02  min: 0
U4 max: 0.95  min: 0.5
U5 max: 3.17  min: 2.19
U6 max: 0.01  min: 0
U7 max: 8.58  min: 5.26
U8 max: 11.01  min: 7.91
Program finished: CPU time = 39.449 sec.
Job  /ncar/opt/lsf/8.3/linux2.6-glibc2.3-x86_64/bin/poejob ./main_ball 3 1 4 none

TID   HOST_NAME   COMMAND_LINE            STATUS            TERMINATION_TIME
===== ========== ================  =======================  ===================
00496 ys2817-ib  ./main_ball 3 1   Done                     05/15/2013 17:29:12
00498 ys2817-ib   ./main_ball 3 1  Done                     05/15/2013 17:29:12
00504 ys2817-ib   ./main_ball 3 1  Done                     05/15/2013 17:29:12
00505 ys2817-ib   ./main_ball 3 1  Done                     05/15/2013 17:29:12
00506 ys2817-ib   ./main_ball 3 1  Done                     05/15/2013 17:29:12
00507 ys2817-ib   ./main_ball 3 1  Done                     05/15/2013 17:29:12
00497 ys2817-ib   ./main_ball 3 1  Done                     05/15/2013 17:29:12
00508 ys2817-ib   ./main_ball 3 1  Done                     05/15/2013 17:29:12
00510 ys2817-ib   ./main_ball 3 1  Done                     05/15/2013 17:29:12
00509 ys2817-ib   ./main_ball 3 1  Done                     05/15/2013 17:29:12
00499 ys2817-ib   ./main_ball 3 1  Done                     05/15/2013 17:29:12
00511 ys2817-ib   ./main_ball 3 1  Done                     05/15/2013 17:29:12
00500 ys2817-ib   ./main_ball 3 1  Done                     05/15/2013 17:29:12
00501 ys2817-ib   ./main_ball 3 1  Done                     05/15/2013 17:29:12
00502 ys2817-ib   ./main_ball 3 1  Done                     05/15/2013 17:29:12
00503 ys2817-ib   ./main_ball 3 1  Done                     05/15/2013 17:29:12
00480 ys2816-ib  ./main_ball 3 1   Done                     05/15/2013 17:29:12
00494 ys2816-ib   ./main_ball 3 1  Done                     05/15/2013 17:29:12
00495 ys2816-ib   ./main_ball 3 1  Done                     05/15/2013 17:29:12
00481 ys2816-ib   ./main_ball 3 1  Done                     05/15/2013 17:29:12
00482 ys2816-ib   ./main_ball 3 1  Done                     05/15/2013 17:29:12
00483 ys2816-ib   ./main_ball 3 1  Done                     05/15/2013 17:29:12
00484 ys2816-ib   ./main_ball 3 1  Done                     05/15/2013 17:29:12
00485 ys2816-ib   ./main_ball 3 1  Done                     05/15/2013 17:29:12
00486 ys2816-ib   ./main_ball 3 1  Done                     05/15/2013 17:29:12
00487 ys2816-ib   ./main_ball 3 1  Done                     05/15/2013 17:29:12
00488 ys2816-ib   ./main_ball 3 1  Done                     05/15/2013 17:29:12
00490 ys2816-ib   ./main_ball 3 1  Done                     05/15/2013 17:29:12
00489 ys2816-ib   ./main_ball 3 1  Done                     05/15/2013 17:29:12
00491 ys2816-ib   ./main_ball 3 1  Done                     05/15/2013 17:29:12
00492 ys2816-ib   ./main_ball 3 1  Done                     05/15/2013 17:29:12
00493 ys2816-ib   ./main_ball 3 1  Done                     05/15/2013 17:29:12
00464 ys2814-ib  ./main_ball 3 1   Done                     05/15/2013 17:29:12
00465 ys2814-ib   ./main_ball 3 1  Done                     05/15/2013 17:29:12
00466 ys2814-ib   ./main_ball 3 1  Done                     05/15/2013 17:29:12
00467 ys2814-ib   ./main_ball 3 1  Done                     05/15/2013 17:29:12
00468 ys2814-ib   ./main_ball 3 1  Done                     05/15/2013 17:29:12
00470 ys2814-ib   ./main_ball 3 1  Done                     05/15/2013 17:29:12
00469 ys2814-ib   ./main_ball 3 1  Done                     05/15/2013 17:29:12
00471 ys2814-ib   ./main_ball 3 1  Done                     05/15/2013 17:29:12
00475 ys2814-ib   ./main_ball 3 1  Done                     05/15/2013 17:29:12
00476 ys2814-ib   ./main_ball 3 1  Done                     05/15/2013 17:29:12
00477 ys2814-ib   ./main_ball 3 1  Done                     05/15/2013 17:29:12
00478 ys2814-ib   ./main_ball 3 1  Done                     05/15/2013 17:29:12
00479 ys2814-ib   ./main_ball 3 1  Done                     05/15/2013 17:29:12
00472 ys2814-ib   ./main_ball 3 1  Done                     05/15/2013 17:29:12
00473 ys2814-ib   ./main_ball 3 1  Done                     05/15/2013 17:29:12
00474 ys2814-ib   ./main_ball 3 1  Done                     05/15/2013 17:29:12
00448 ys2813-ib  ./main_ball 3 1   Done                     05/15/2013 17:29:12
00456 ys2813-ib   ./main_ball 3 1  Done                     05/15/2013 17:29:12
00457 ys2813-ib   ./main_ball 3 1  Done                     05/15/2013 17:29:12
00458 ys2813-ib   ./main_ball 3 1  Done                     05/15/2013 17:29:12
00460 ys2813-ib   ./main_ball 3 1  Done                     05/15/2013 17:29:12
00459 ys2813-ib   ./main_ball 3 1  Done                     05/15/2013 17:29:12
00461 ys2813-ib   ./main_ball 3 1  Done                     05/15/2013 17:29:12
00462 ys2813-ib   ./main_ball 3 1  Done                     05/15/2013 17:29:12
00463 ys2813-ib   ./main_ball 3 1  Done                     05/15/2013 17:29:12
00450 ys2813-ib   ./main_ball 3 1  Done                     05/15/2013 17:29:12
00449 ys2813-ib   ./main_ball 3 1  Done                     05/15/2013 17:29:12
00451 ys2813-ib   ./main_ball 3 1  Done                     05/15/2013 17:29:12
00452 ys2813-ib   ./main_ball 3 1  Done                     05/15/2013 17:29:12
00453 ys2813-ib   ./main_ball 3 1  Done                     05/15/2013 17:29:12
00454 ys2813-ib   ./main_ball 3 1  Done                     05/15/2013 17:29:12
00455 ys2813-ib   ./main_ball 3 1  Done                     05/15/2013 17:29:12
00432 ys2811-ib  ./main_ball 3 1   Done                     05/15/2013 17:29:12
00437 ys2811-ib   ./main_ball 3 1  Done                     05/15/2013 17:29:12
00438 ys2811-ib   ./main_ball 3 1  Done                     05/15/2013 17:29:12
00440 ys2811-ib   ./main_ball 3 1  Done                     05/15/2013 17:29:12
00439 ys2811-ib   ./main_ball 3 1  Done                     05/15/2013 17:29:12
00441 ys2811-ib   ./main_ball 3 1  Done                     05/15/2013 17:29:12
00442 ys2811-ib   ./main_ball 3 1  Done                     05/15/2013 17:29:12
00443 ys2811-ib   ./main_ball 3 1  Done                     05/15/2013 17:29:12
00444 ys2811-ib   ./main_ball 3 1  Done                     05/15/2013 17:29:12
00445 ys2811-ib   ./main_ball 3 1  Done                     05/15/2013 17:29:12
00446 ys2811-ib   ./main_ball 3 1  Done                     05/15/2013 17:29:12
00447 ys2811-ib   ./main_ball 3 1  Done                     05/15/2013 17:29:12
00433 ys2811-ib   ./main_ball 3 1  Done                     05/15/2013 17:29:12
00434 ys2811-ib   ./main_ball 3 1  Done                     05/15/2013 17:29:12
00435 ys2811-ib   ./main_ball 3 1  Done                     05/15/2013 17:29:12
00436 ys2811-ib   ./main_ball 3 1  Done                     05/15/2013 17:29:12
00416 ys2803-ib  ./main_ball 3 1   Done                     05/15/2013 17:29:12
00418 ys2803-ib   ./main_ball 3 1  Done                     05/15/2013 17:29:12
00420 ys2803-ib   ./main_ball 3 1  Done                     05/15/2013 17:29:12
00419 ys2803-ib   ./main_ball 3 1  Done                     05/15/2013 17:29:12
00421 ys2803-ib   ./main_ball 3 1  Done                     05/15/2013 17:29:12
00422 ys2803-ib   ./main_ball 3 1  Done                     05/15/2013 17:29:12
00423 ys2803-ib   ./main_ball 3 1  Done                     05/15/2013 17:29:12
00424 ys2803-ib   ./main_ball 3 1  Done                     05/15/2013 17:29:12
00425 ys2803-ib   ./main_ball 3 1  Done                     05/15/2013 17:29:12
00426 ys2803-ib   ./main_ball 3 1  Done                     05/15/2013 17:29:12
00427 ys2803-ib   ./main_ball 3 1  Done                     05/15/2013 17:29:12
00428 ys2803-ib   ./main_ball 3 1  Done                     05/15/2013 17:29:12
00430 ys2803-ib   ./main_ball 3 1  Done                     05/15/2013 17:29:12
00429 ys2803-ib   ./main_ball 3 1  Done                     05/15/2013 17:29:12
00431 ys2803-ib   ./main_ball 3 1  Done                     05/15/2013 17:29:12
00417 ys2803-ib   ./main_ball 3 1  Done                     05/15/2013 17:29:12
00400 ys2802-ib  ./main_ball 3 1   Done                     05/15/2013 17:29:12
00401 ys2802-ib   ./main_ball 3 1  Done                     05/15/2013 17:29:12
00402 ys2802-ib   ./main_ball 3 1  Done                     05/15/2013 17:29:12
00403 ys2802-ib   ./main_ball 3 1  Done                     05/15/2013 17:29:12
00404 ys2802-ib   ./main_ball 3 1  Done                     05/15/2013 17:29:12
00405 ys2802-ib   ./main_ball 3 1  Done                     05/15/2013 17:29:12
00406 ys2802-ib   ./main_ball 3 1  Done                     05/15/2013 17:29:12
00407 ys2802-ib   ./main_ball 3 1  Done                     05/15/2013 17:29:12
00408 ys2802-ib   ./main_ball 3 1  Done                     05/15/2013 17:29:12
00410 ys2802-ib   ./main_ball 3 1  Done                     05/15/2013 17:29:12
00409 ys2802-ib   ./main_ball 3 1  Done                     05/15/2013 17:29:12
00411 ys2802-ib   ./main_ball 3 1  Done                     05/15/2013 17:29:12
00412 ys2802-ib   ./main_ball 3 1  Done                     05/15/2013 17:29:12
00413 ys2802-ib   ./main_ball 3 1  Done                     05/15/2013 17:29:12
00414 ys2802-ib   ./main_ball 3 1  Done                     05/15/2013 17:29:12
00415 ys2802-ib   ./main_ball 3 1  Done                     05/15/2013 17:29:12
00384 ys2801-ib  ./main_ball 3 1   Done                     05/15/2013 17:29:12
00386 ys2801-ib   ./main_ball 3 1  Done                     05/15/2013 17:29:12
00390 ys2801-ib   ./main_ball 3 1  Done                     05/15/2013 17:29:12
00389 ys2801-ib   ./main_ball 3 1  Done                     05/15/2013 17:29:12
00391 ys2801-ib   ./main_ball 3 1  Done                     05/15/2013 17:29:12
00392 ys2801-ib   ./main_ball 3 1  Done                     05/15/2013 17:29:12
00393 ys2801-ib   ./main_ball 3 1  Done                     05/15/2013 17:29:12
00394 ys2801-ib   ./main_ball 3 1  Done                     05/15/2013 17:29:12
00395 ys2801-ib   ./main_ball 3 1  Done                     05/15/2013 17:29:12
00396 ys2801-ib   ./main_ball 3 1  Done                     05/15/2013 17:29:12
00397 ys2801-ib   ./main_ball 3 1  Done                     05/15/2013 17:29:12
00398 ys2801-ib   ./main_ball 3 1  Done                     05/15/2013 17:29:12
00399 ys2801-ib   ./main_ball 3 1  Done                     05/15/2013 17:29:12
00385 ys2801-ib   ./main_ball 3 1  Done                     05/15/2013 17:29:12
00387 ys2801-ib   ./main_ball 3 1  Done                     05/15/2013 17:29:12
00388 ys2801-ib   ./main_ball 3 1  Done                     05/15/2013 17:29:12
00368 ys2534-ib  ./main_ball 3 1   Done                     05/15/2013 17:29:12
00371 ys2534-ib   ./main_ball 3 1  Done                     05/15/2013 17:29:12
00372 ys2534-ib   ./main_ball 3 1  Done                     05/15/2013 17:29:12
00373 ys2534-ib   ./main_ball 3 1  Done                     05/15/2013 17:29:12
00374 ys2534-ib   ./main_ball 3 1  Done                     05/15/2013 17:29:12
00375 ys2534-ib   ./main_ball 3 1  Done                     05/15/2013 17:29:12
00376 ys2534-ib   ./main_ball 3 1  Done                     05/15/2013 17:29:12
00377 ys2534-ib   ./main_ball 3 1  Done                     05/15/2013 17:29:12
00378 ys2534-ib   ./main_ball 3 1  Done                     05/15/2013 17:29:12
00380 ys2534-ib   ./main_ball 3 1  Done                     05/15/2013 17:29:12
00379 ys2534-ib   ./main_ball 3 1  Done                     05/15/2013 17:29:12
00381 ys2534-ib   ./main_ball 3 1  Done                     05/15/2013 17:29:12
00382 ys2534-ib   ./main_ball 3 1  Done                     05/15/2013 17:29:12
00383 ys2534-ib   ./main_ball 3 1  Done                     05/15/2013 17:29:12
00370 ys2534-ib   ./main_ball 3 1  Done                     05/15/2013 17:29:12
00369 ys2534-ib   ./main_ball 3 1  Done                     05/15/2013 17:29:12
00352 ys2533-ib  ./main_ball 3 1   Done                     05/15/2013 17:29:12
00355 ys2533-ib   ./main_ball 3 1  Done                     05/15/2013 17:29:12
00353 ys2533-ib   ./main_ball 3 1  Done                     05/15/2013 17:29:12
00354 ys2533-ib   ./main_ball 3 1  Done                     05/15/2013 17:29:12
00356 ys2533-ib   ./main_ball 3 1  Done                     05/15/2013 17:29:12
00357 ys2533-ib   ./main_ball 3 1  Done                     05/15/2013 17:29:12
00358 ys2533-ib   ./main_ball 3 1  Done                     05/15/2013 17:29:12
00360 ys2533-ib   ./main_ball 3 1  Done                     05/15/2013 17:29:12
00359 ys2533-ib   ./main_ball 3 1  Done                     05/15/2013 17:29:12
00361 ys2533-ib   ./main_ball 3 1  Done                     05/15/2013 17:29:12
00362 ys2533-ib   ./main_ball 3 1  Done                     05/15/2013 17:29:12
00363 ys2533-ib   ./main_ball 3 1  Done                     05/15/2013 17:29:12
00364 ys2533-ib   ./main_ball 3 1  Done                     05/15/2013 17:29:12
00365 ys2533-ib   ./main_ball 3 1  Done                     05/15/2013 17:29:12
00366 ys2533-ib   ./main_ball 3 1  Done                     05/15/2013 17:29:12
00367 ys2533-ib   ./main_ball 3 1  Done                     05/15/2013 17:29:12
00336 ys2532-ib  ./main_ball 3 1   Done                     05/15/2013 17:29:12
00337 ys2532-ib   ./main_ball 3 1  Done                     05/15/2013 17:29:12
00338 ys2532-ib   ./main_ball 3 1  Done                     05/15/2013 17:29:12
00340 ys2532-ib   ./main_ball 3 1  Done                     05/15/2013 17:29:12
00339 ys2532-ib   ./main_ball 3 1  Done                     05/15/2013 17:29:12
00341 ys2532-ib   ./main_ball 3 1  Done                     05/15/2013 17:29:12
00342 ys2532-ib   ./main_ball 3 1  Done                     05/15/2013 17:29:12
00343 ys2532-ib   ./main_ball 3 1  Done                     05/15/2013 17:29:12
00344 ys2532-ib   ./main_ball 3 1  Done                     05/15/2013 17:29:12
00345 ys2532-ib   ./main_ball 3 1  Done                     05/15/2013 17:29:12
00346 ys2532-ib   ./main_ball 3 1  Done                     05/15/2013 17:29:12
00347 ys2532-ib   ./main_ball 3 1  Done                     05/15/2013 17:29:12
00348 ys2532-ib   ./main_ball 3 1  Done                     05/15/2013 17:29:12
00350 ys2532-ib   ./main_ball 3 1  Done                     05/15/2013 17:29:12
00349 ys2532-ib   ./main_ball 3 1  Done                     05/15/2013 17:29:12
00351 ys2532-ib   ./main_ball 3 1  Done                     05/15/2013 17:29:12
00320 ys2531-ib  ./main_ball 3 1   Done                     05/15/2013 17:29:12
00333 ys2531-ib   ./main_ball 3 1  Done                     05/15/2013 17:29:12
00334 ys2531-ib   ./main_ball 3 1  Done                     05/15/2013 17:29:12
00335 ys2531-ib   ./main_ball 3 1  Done                     05/15/2013 17:29:12
00321 ys2531-ib   ./main_ball 3 1  Done                     05/15/2013 17:29:12
00322 ys2531-ib   ./main_ball 3 1  Done                     05/15/2013 17:29:12
00323 ys2531-ib   ./main_ball 3 1  Done                     05/15/2013 17:29:12
00324 ys2531-ib   ./main_ball 3 1  Done                     05/15/2013 17:29:12
00325 ys2531-ib   ./main_ball 3 1  Done                     05/15/2013 17:29:12
00326 ys2531-ib   ./main_ball 3 1  Done                     05/15/2013 17:29:12
00327 ys2531-ib   ./main_ball 3 1  Done                     05/15/2013 17:29:12
00328 ys2531-ib   ./main_ball 3 1  Done                     05/15/2013 17:29:12
00330 ys2531-ib   ./main_ball 3 1  Done                     05/15/2013 17:29:12
00329 ys2531-ib   ./main_ball 3 1  Done                     05/15/2013 17:29:12
00331 ys2531-ib   ./main_ball 3 1  Done                     05/15/2013 17:29:12
00332 ys2531-ib   ./main_ball 3 1  Done                     05/15/2013 17:29:12
00304 ys2530-ib  ./main_ball 3 1   Done                     05/15/2013 17:29:12
00305 ys2530-ib   ./main_ball 3 1  Done                     05/15/2013 17:29:12
00314 ys2530-ib   ./main_ball 3 1  Done                     05/15/2013 17:29:12
00315 ys2530-ib   ./main_ball 3 1  Done                     05/15/2013 17:29:12
00316 ys2530-ib   ./main_ball 3 1  Done                     05/15/2013 17:29:12
00317 ys2530-ib   ./main_ball 3 1  Done                     05/15/2013 17:29:12
00318 ys2530-ib   ./main_ball 3 1  Done                     05/15/2013 17:29:12
00319 ys2530-ib   ./main_ball 3 1  Done                     05/15/2013 17:29:12
00306 ys2530-ib   ./main_ball 3 1  Done                     05/15/2013 17:29:12
00307 ys2530-ib   ./main_ball 3 1  Done                     05/15/2013 17:29:12
00308 ys2530-ib   ./main_ball 3 1  Done                     05/15/2013 17:29:12
00310 ys2530-ib   ./main_ball 3 1  Done                     05/15/2013 17:29:12
00309 ys2530-ib   ./main_ball 3 1  Done                     05/15/2013 17:29:12
00311 ys2530-ib   ./main_ball 3 1  Done                     05/15/2013 17:29:12
00312 ys2530-ib   ./main_ball 3 1  Done                     05/15/2013 17:29:12
00313 ys2530-ib   ./main_ball 3 1  Done                     05/15/2013 17:29:12
00288 ys2529-ib  ./main_ball 3 1   Done                     05/15/2013 17:29:12
00290 ys2529-ib   ./main_ball 3 1  Done                     05/15/2013 17:29:12
00300 ys2529-ib   ./main_ball 3 1  Done                     05/15/2013 17:29:12
00289 ys2529-ib   ./main_ball 3 1  Done                     05/15/2013 17:29:12
00301 ys2529-ib   ./main_ball 3 1  Done                     05/15/2013 17:29:12
00291 ys2529-ib   ./main_ball 3 1  Done                     05/15/2013 17:29:12
00302 ys2529-ib   ./main_ball 3 1  Done                     05/15/2013 17:29:12
00292 ys2529-ib   ./main_ball 3 1  Done                     05/15/2013 17:29:12
00303 ys2529-ib   ./main_ball 3 1  Done                     05/15/2013 17:29:12
00293 ys2529-ib   ./main_ball 3 1  Done                     05/15/2013 17:29:12
00294 ys2529-ib   ./main_ball 3 1  Done                     05/15/2013 17:29:12
00295 ys2529-ib   ./main_ball 3 1  Done                     05/15/2013 17:29:12
00296 ys2529-ib   ./main_ball 3 1  Done                     05/15/2013 17:29:12
00297 ys2529-ib   ./main_ball 3 1  Done                     05/15/2013 17:29:12
00298 ys2529-ib   ./main_ball 3 1  Done                     05/15/2013 17:29:12
00299 ys2529-ib   ./main_ball 3 1  Done                     05/15/2013 17:29:12
00272 ys2528-ib  ./main_ball 3 1   Done                     05/15/2013 17:29:12
00285 ys2528-ib   ./main_ball 3 1  Done                     05/15/2013 17:29:12
00286 ys2528-ib   ./main_ball 3 1  Done                     05/15/2013 17:29:12
00287 ys2528-ib   ./main_ball 3 1  Done                     05/15/2013 17:29:12
00273 ys2528-ib   ./main_ball 3 1  Done                     05/15/2013 17:29:12
00274 ys2528-ib   ./main_ball 3 1  Done                     05/15/2013 17:29:12
00275 ys2528-ib   ./main_ball 3 1  Done                     05/15/2013 17:29:12
00276 ys2528-ib   ./main_ball 3 1  Done                     05/15/2013 17:29:12
00277 ys2528-ib   ./main_ball 3 1  Done                     05/15/2013 17:29:12
00278 ys2528-ib   ./main_ball 3 1  Done                     05/15/2013 17:29:12
00280 ys2528-ib   ./main_ball 3 1  Done                     05/15/2013 17:29:12
00279 ys2528-ib   ./main_ball 3 1  Done                     05/15/2013 17:29:12
00281 ys2528-ib   ./main_ball 3 1  Done                     05/15/2013 17:29:12
00282 ys2528-ib   ./main_ball 3 1  Done                     05/15/2013 17:29:12
00283 ys2528-ib   ./main_ball 3 1  Done                     05/15/2013 17:29:12
00284 ys2528-ib   ./main_ball 3 1  Done                     05/15/2013 17:29:12
00256 ys2527-ib  ./main_ball 3 1   Done                     05/15/2013 17:29:12
00266 ys2527-ib   ./main_ball 3 1  Done                     05/15/2013 17:29:12
00267 ys2527-ib   ./main_ball 3 1  Done                     05/15/2013 17:29:12
00268 ys2527-ib   ./main_ball 3 1  Done                     05/15/2013 17:29:12
00270 ys2527-ib   ./main_ball 3 1  Done                     05/15/2013 17:29:12
00269 ys2527-ib   ./main_ball 3 1  Done                     05/15/2013 17:29:12
00271 ys2527-ib   ./main_ball 3 1  Done                     05/15/2013 17:29:12
00257 ys2527-ib   ./main_ball 3 1  Done                     05/15/2013 17:29:12
00258 ys2527-ib   ./main_ball 3 1  Done                     05/15/2013 17:29:12
00260 ys2527-ib   ./main_ball 3 1  Done                     05/15/2013 17:29:12
00259 ys2527-ib   ./main_ball 3 1  Done                     05/15/2013 17:29:12
00261 ys2527-ib   ./main_ball 3 1  Done                     05/15/2013 17:29:12
00262 ys2527-ib   ./main_ball 3 1  Done                     05/15/2013 17:29:12
00263 ys2527-ib   ./main_ball 3 1  Done                     05/15/2013 17:29:12
00264 ys2527-ib   ./main_ball 3 1  Done                     05/15/2013 17:29:12
00265 ys2527-ib   ./main_ball 3 1  Done                     05/15/2013 17:29:12
00240 ys2526-ib  ./main_ball 3 1   Done                     05/15/2013 17:29:12
00247 ys2526-ib   ./main_ball 3 1  Done                     05/15/2013 17:29:12
00248 ys2526-ib   ./main_ball 3 1  Done                     05/15/2013 17:29:12
00250 ys2526-ib   ./main_ball 3 1  Done                     05/15/2013 17:29:12
00249 ys2526-ib   ./main_ball 3 1  Done                     05/15/2013 17:29:12
00251 ys2526-ib   ./main_ball 3 1  Done                     05/15/2013 17:29:12
00252 ys2526-ib   ./main_ball 3 1  Done                     05/15/2013 17:29:12
00253 ys2526-ib   ./main_ball 3 1  Done                     05/15/2013 17:29:12
00254 ys2526-ib   ./main_ball 3 1  Done                     05/15/2013 17:29:12
00255 ys2526-ib   ./main_ball 3 1  Done                     05/15/2013 17:29:12
00241 ys2526-ib   ./main_ball 3 1  Done                     05/15/2013 17:29:12
00242 ys2526-ib   ./main_ball 3 1  Done                     05/15/2013 17:29:12
00243 ys2526-ib   ./main_ball 3 1  Done                     05/15/2013 17:29:12
00244 ys2526-ib   ./main_ball 3 1  Done                     05/15/2013 17:29:12
00245 ys2526-ib   ./main_ball 3 1  Done                     05/15/2013 17:29:12
00246 ys2526-ib   ./main_ball 3 1  Done                     05/15/2013 17:29:12
00224 ys2525-ib  ./main_ball 3 1   Done                     05/15/2013 17:29:12
00228 ys2525-ib   ./main_ball 3 1  Done                     05/15/2013 17:29:12
00230 ys2525-ib   ./main_ball 3 1  Done                     05/15/2013 17:29:12
00229 ys2525-ib   ./main_ball 3 1  Done                     05/15/2013 17:29:12
00231 ys2525-ib   ./main_ball 3 1  Done                     05/15/2013 17:29:12
00232 ys2525-ib   ./main_ball 3 1  Done                     05/15/2013 17:29:12
00233 ys2525-ib   ./main_ball 3 1  Done                     05/15/2013 17:29:12
00234 ys2525-ib   ./main_ball 3 1  Done                     05/15/2013 17:29:12
00235 ys2525-ib   ./main_ball 3 1  Done                     05/15/2013 17:29:12
00236 ys2525-ib   ./main_ball 3 1  Done                     05/15/2013 17:29:12
00237 ys2525-ib   ./main_ball 3 1  Done                     05/15/2013 17:29:12
00238 ys2525-ib   ./main_ball 3 1  Done                     05/15/2013 17:29:12
00239 ys2525-ib   ./main_ball 3 1  Done                     05/15/2013 17:29:12
00225 ys2525-ib   ./main_ball 3 1  Done                     05/15/2013 17:29:12
00226 ys2525-ib   ./main_ball 3 1  Done                     05/15/2013 17:29:12
00227 ys2525-ib   ./main_ball 3 1  Done                     05/15/2013 17:29:12
00208 ys2524-ib  ./main_ball 3 1   Done                     05/15/2013 17:29:12
00210 ys2524-ib   ./main_ball 3 1  Done                     05/15/2013 17:29:12
00209 ys2524-ib   ./main_ball 3 1  Done                     05/15/2013 17:29:12
00211 ys2524-ib   ./main_ball 3 1  Done                     05/15/2013 17:29:12
00212 ys2524-ib   ./main_ball 3 1  Done                     05/15/2013 17:29:12
00213 ys2524-ib   ./main_ball 3 1  Done                     05/15/2013 17:29:12
00214 ys2524-ib   ./main_ball 3 1  Done                     05/15/2013 17:29:12
00215 ys2524-ib   ./main_ball 3 1  Done                     05/15/2013 17:29:12
00216 ys2524-ib   ./main_ball 3 1  Done                     05/15/2013 17:29:12
00217 ys2524-ib   ./main_ball 3 1  Done                     05/15/2013 17:29:12
00218 ys2524-ib   ./main_ball 3 1  Done                     05/15/2013 17:29:12
00220 ys2524-ib   ./main_ball 3 1  Done                     05/15/2013 17:29:12
00219 ys2524-ib   ./main_ball 3 1  Done                     05/15/2013 17:29:12
00221 ys2524-ib   ./main_ball 3 1  Done                     05/15/2013 17:29:12
00222 ys2524-ib   ./main_ball 3 1  Done                     05/15/2013 17:29:12
00223 ys2524-ib   ./main_ball 3 1  Done                     05/15/2013 17:29:12
00192 ys2523-ib  ./main_ball 3 1   Done                     05/15/2013 17:29:12
00194 ys2523-ib   ./main_ball 3 1  Done                     05/15/2013 17:29:12
00199 ys2523-ib   ./main_ball 3 1  Done                     05/15/2013 17:29:12
00200 ys2523-ib   ./main_ball 3 1  Done                     05/15/2013 17:29:12
00201 ys2523-ib   ./main_ball 3 1  Done                     05/15/2013 17:29:12
00202 ys2523-ib   ./main_ball 3 1  Done                     05/15/2013 17:29:12
00203 ys2523-ib   ./main_ball 3 1  Done                     05/15/2013 17:29:12
00193 ys2523-ib   ./main_ball 3 1  Done                     05/15/2013 17:29:12
00204 ys2523-ib   ./main_ball 3 1  Done                     05/15/2013 17:29:12
00205 ys2523-ib   ./main_ball 3 1  Done                     05/15/2013 17:29:12
00195 ys2523-ib   ./main_ball 3 1  Done                     05/15/2013 17:29:12
00206 ys2523-ib   ./main_ball 3 1  Done                     05/15/2013 17:29:12
00196 ys2523-ib   ./main_ball 3 1  Done                     05/15/2013 17:29:12
00207 ys2523-ib   ./main_ball 3 1  Done                     05/15/2013 17:29:12
00197 ys2523-ib   ./main_ball 3 1  Done                     05/15/2013 17:29:12
00198 ys2523-ib   ./main_ball 3 1  Done                     05/15/2013 17:29:12
00176 ys2522-ib  ./main_ball 3 1   Done                     05/15/2013 17:29:12
00177 ys2522-ib   ./main_ball 3 1  Done                     05/15/2013 17:29:12
00178 ys2522-ib   ./main_ball 3 1  Done                     05/15/2013 17:29:12
00180 ys2522-ib   ./main_ball 3 1  Done                     05/15/2013 17:29:12
00179 ys2522-ib   ./main_ball 3 1  Done                     05/15/2013 17:29:12
00181 ys2522-ib   ./main_ball 3 1  Done                     05/15/2013 17:29:12
00182 ys2522-ib   ./main_ball 3 1  Done                     05/15/2013 17:29:12
00183 ys2522-ib   ./main_ball 3 1  Done                     05/15/2013 17:29:12
00184 ys2522-ib   ./main_ball 3 1  Done                     05/15/2013 17:29:12
00185 ys2522-ib   ./main_ball 3 1  Done                     05/15/2013 17:29:12
00186 ys2522-ib   ./main_ball 3 1  Done                     05/15/2013 17:29:12
00187 ys2522-ib   ./main_ball 3 1  Done                     05/15/2013 17:29:12
00188 ys2522-ib   ./main_ball 3 1  Done                     05/15/2013 17:29:12
00190 ys2522-ib   ./main_ball 3 1  Done                     05/15/2013 17:29:12
00189 ys2522-ib   ./main_ball 3 1  Done                     05/15/2013 17:29:12
00191 ys2522-ib   ./main_ball 3 1  Done                     05/15/2013 17:29:12
00160 ys2521-ib  ./main_ball 3 1   Done                     05/15/2013 17:29:12
00162 ys2521-ib   ./main_ball 3 1  Done                     05/15/2013 17:29:12
00163 ys2521-ib   ./main_ball 3 1  Done                     05/15/2013 17:29:12
00164 ys2521-ib   ./main_ball 3 1  Done                     05/15/2013 17:29:12
00165 ys2521-ib   ./main_ball 3 1  Done                     05/15/2013 17:29:12
00166 ys2521-ib   ./main_ball 3 1  Done                     05/15/2013 17:29:12
00167 ys2521-ib   ./main_ball 3 1  Done                     05/15/2013 17:29:12
00168 ys2521-ib   ./main_ball 3 1  Done                     05/15/2013 17:29:12
00170 ys2521-ib   ./main_ball 3 1  Done                     05/15/2013 17:29:12
00169 ys2521-ib   ./main_ball 3 1  Done                     05/15/2013 17:29:12
00171 ys2521-ib   ./main_ball 3 1  Done                     05/15/2013 17:29:12
00172 ys2521-ib   ./main_ball 3 1  Done                     05/15/2013 17:29:12
00173 ys2521-ib   ./main_ball 3 1  Done                     05/15/2013 17:29:12
00174 ys2521-ib   ./main_ball 3 1  Done                     05/15/2013 17:29:12
00175 ys2521-ib   ./main_ball 3 1  Done                     05/15/2013 17:29:12
00161 ys2521-ib   ./main_ball 3 1  Done                     05/15/2013 17:29:12
00144 ys2520-ib  ./main_ball 3 1   Done                     05/15/2013 17:29:12
00145 ys2520-ib   ./main_ball 3 1  Done                     05/15/2013 17:29:12
00146 ys2520-ib   ./main_ball 3 1  Done                     05/15/2013 17:29:12
00150 ys2520-ib   ./main_ball 3 1  Done                     05/15/2013 17:29:12
00149 ys2520-ib   ./main_ball 3 1  Done                     05/15/2013 17:29:12
00147 ys2520-ib   ./main_ball 3 1  Done                     05/15/2013 17:29:12
00148 ys2520-ib   ./main_ball 3 1  Done                     05/15/2013 17:29:12
00151 ys2520-ib   ./main_ball 3 1  Done                     05/15/2013 17:29:12
00152 ys2520-ib   ./main_ball 3 1  Done                     05/15/2013 17:29:12
00153 ys2520-ib   ./main_ball 3 1  Done                     05/15/2013 17:29:12
00154 ys2520-ib   ./main_ball 3 1  Done                     05/15/2013 17:29:12
00155 ys2520-ib   ./main_ball 3 1  Done                     05/15/2013 17:29:12
00156 ys2520-ib   ./main_ball 3 1  Done                     05/15/2013 17:29:12
00157 ys2520-ib   ./main_ball 3 1  Done                     05/15/2013 17:29:12
00158 ys2520-ib   ./main_ball 3 1  Done                     05/15/2013 17:29:12
00159 ys2520-ib   ./main_ball 3 1  Done                     05/15/2013 17:29:12
00128 ys2519-ib  ./main_ball 3 1   Done                     05/15/2013 17:29:12
00130 ys2519-ib   ./main_ball 3 1  Done                     05/15/2013 17:29:12
00143 ys2519-ib   ./main_ball 3 1  Done                     05/15/2013 17:29:12
00129 ys2519-ib   ./main_ball 3 1  Done                     05/15/2013 17:29:12
00131 ys2519-ib   ./main_ball 3 1  Done                     05/15/2013 17:29:12
00132 ys2519-ib   ./main_ball 3 1  Done                     05/15/2013 17:29:12
00133 ys2519-ib   ./main_ball 3 1  Done                     05/15/2013 17:29:12
00134 ys2519-ib   ./main_ball 3 1  Done                     05/15/2013 17:29:12
00135 ys2519-ib   ./main_ball 3 1  Done                     05/15/2013 17:29:12
00136 ys2519-ib   ./main_ball 3 1  Done                     05/15/2013 17:29:12
00137 ys2519-ib   ./main_ball 3 1  Done                     05/15/2013 17:29:12
00138 ys2519-ib   ./main_ball 3 1  Done                     05/15/2013 17:29:12
00140 ys2519-ib   ./main_ball 3 1  Done                     05/15/2013 17:29:12
00139 ys2519-ib   ./main_ball 3 1  Done                     05/15/2013 17:29:12
00141 ys2519-ib   ./main_ball 3 1  Done                     05/15/2013 17:29:12
00142 ys2519-ib   ./main_ball 3 1  Done                     05/15/2013 17:29:12
00112 ys2518-ib  ./main_ball 3 1   Done                     05/15/2013 17:29:12
00115 ys2518-ib   ./main_ball 3 1  Done                     05/15/2013 17:29:12
00124 ys2518-ib   ./main_ball 3 1  Done                     05/15/2013 17:29:12
00125 ys2518-ib   ./main_ball 3 1  Done                     05/15/2013 17:29:12
00126 ys2518-ib   ./main_ball 3 1  Done                     05/15/2013 17:29:12
00127 ys2518-ib   ./main_ball 3 1  Done                     05/15/2013 17:29:12
00113 ys2518-ib   ./main_ball 3 1  Done                     05/15/2013 17:29:12
00114 ys2518-ib   ./main_ball 3 1  Done                     05/15/2013 17:29:12
00116 ys2518-ib   ./main_ball 3 1  Done                     05/15/2013 17:29:12
00117 ys2518-ib   ./main_ball 3 1  Done                     05/15/2013 17:29:12
00118 ys2518-ib   ./main_ball 3 1  Done                     05/15/2013 17:29:12
00120 ys2518-ib   ./main_ball 3 1  Done                     05/15/2013 17:29:12
00119 ys2518-ib   ./main_ball 3 1  Done                     05/15/2013 17:29:12
00121 ys2518-ib   ./main_ball 3 1  Done                     05/15/2013 17:29:12
00122 ys2518-ib   ./main_ball 3 1  Done                     05/15/2013 17:29:12
00123 ys2518-ib   ./main_ball 3 1  Done                     05/15/2013 17:29:12
00096 ys2517-ib  ./main_ball 3 1   Done                     05/15/2013 17:29:12
00097 ys2517-ib   ./main_ball 3 1  Done                     05/15/2013 17:29:12
00098 ys2517-ib   ./main_ball 3 1  Done                     05/15/2013 17:29:12
00099 ys2517-ib   ./main_ball 3 1  Done                     05/15/2013 17:29:12
00105 ys2517-ib   ./main_ball 3 1  Done                     05/15/2013 17:29:12
00106 ys2517-ib   ./main_ball 3 1  Done                     05/15/2013 17:29:12
00107 ys2517-ib   ./main_ball 3 1  Done                     05/15/2013 17:29:12
00108 ys2517-ib   ./main_ball 3 1  Done                     05/15/2013 17:29:12
00110 ys2517-ib   ./main_ball 3 1  Done                     05/15/2013 17:29:12
00109 ys2517-ib   ./main_ball 3 1  Done                     05/15/2013 17:29:12
00111 ys2517-ib   ./main_ball 3 1  Done                     05/15/2013 17:29:12
00100 ys2517-ib   ./main_ball 3 1  Done                     05/15/2013 17:29:12
00101 ys2517-ib   ./main_ball 3 1  Done                     05/15/2013 17:29:12
00102 ys2517-ib   ./main_ball 3 1  Done                     05/15/2013 17:29:12
00103 ys2517-ib   ./main_ball 3 1  Done                     05/15/2013 17:29:12
00104 ys2517-ib   ./main_ball 3 1  Done                     05/15/2013 17:29:12
00080 ys2457-ib  ./main_ball 3 1   Done                     05/15/2013 17:29:12
00090 ys2457-ib   ./main_ball 3 1  Done                     05/15/2013 17:29:12
00089 ys2457-ib   ./main_ball 3 1  Done                     05/15/2013 17:29:12
00091 ys2457-ib   ./main_ball 3 1  Done                     05/15/2013 17:29:12
00092 ys2457-ib   ./main_ball 3 1  Done                     05/15/2013 17:29:12
00093 ys2457-ib   ./main_ball 3 1  Done                     05/15/2013 17:29:12
00094 ys2457-ib   ./main_ball 3 1  Done                     05/15/2013 17:29:12
00095 ys2457-ib   ./main_ball 3 1  Done                     05/15/2013 17:29:12
00081 ys2457-ib   ./main_ball 3 1  Done                     05/15/2013 17:29:12
00082 ys2457-ib   ./main_ball 3 1  Done                     05/15/2013 17:29:12
00083 ys2457-ib   ./main_ball 3 1  Done                     05/15/2013 17:29:12
00084 ys2457-ib   ./main_ball 3 1  Done                     05/15/2013 17:29:12
00085 ys2457-ib   ./main_ball 3 1  Done                     05/15/2013 17:29:12
00086 ys2457-ib   ./main_ball 3 1  Done                     05/15/2013 17:29:12
00087 ys2457-ib   ./main_ball 3 1  Done                     05/15/2013 17:29:12
00088 ys2457-ib   ./main_ball 3 1  Done                     05/15/2013 17:29:12
00064 ys2215-ib  ./main_ball 3 1   Done                     05/15/2013 17:29:12
00071 ys2215-ib   ./main_ball 3 1  Done                     05/15/2013 17:29:12
00072 ys2215-ib   ./main_ball 3 1  Done                     05/15/2013 17:29:12
00073 ys2215-ib   ./main_ball 3 1  Done                     05/15/2013 17:29:12
00074 ys2215-ib   ./main_ball 3 1  Done                     05/15/2013 17:29:12
00075 ys2215-ib   ./main_ball 3 1  Done                     05/15/2013 17:29:12
00076 ys2215-ib   ./main_ball 3 1  Done                     05/15/2013 17:29:12
00077 ys2215-ib   ./main_ball 3 1  Done                     05/15/2013 17:29:12
00078 ys2215-ib   ./main_ball 3 1  Done                     05/15/2013 17:29:12
00079 ys2215-ib   ./main_ball 3 1  Done                     05/15/2013 17:29:12
00065 ys2215-ib   ./main_ball 3 1  Done                     05/15/2013 17:29:12
00066 ys2215-ib   ./main_ball 3 1  Done                     05/15/2013 17:29:12
00067 ys2215-ib   ./main_ball 3 1  Done                     05/15/2013 17:29:12
00068 ys2215-ib   ./main_ball 3 1  Done                     05/15/2013 17:29:12
00070 ys2215-ib   ./main_ball 3 1  Done                     05/15/2013 17:29:12
00069 ys2215-ib   ./main_ball 3 1  Done                     05/15/2013 17:29:12
00048 ys2151-ib  ./main_ball 3 1   Done                     05/15/2013 17:29:12
00052 ys2151-ib   ./main_ball 3 1  Done                     05/15/2013 17:29:12
00053 ys2151-ib   ./main_ball 3 1  Done                     05/15/2013 17:29:12
00054 ys2151-ib   ./main_ball 3 1  Done                     05/15/2013 17:29:12
00055 ys2151-ib   ./main_ball 3 1  Done                     05/15/2013 17:29:12
00056 ys2151-ib   ./main_ball 3 1  Done                     05/15/2013 17:29:12
00057 ys2151-ib   ./main_ball 3 1  Done                     05/15/2013 17:29:12
00058 ys2151-ib   ./main_ball 3 1  Done                     05/15/2013 17:29:12
00060 ys2151-ib   ./main_ball 3 1  Done                     05/15/2013 17:29:12
00059 ys2151-ib   ./main_ball 3 1  Done                     05/15/2013 17:29:12
00061 ys2151-ib   ./main_ball 3 1  Done                     05/15/2013 17:29:12
00062 ys2151-ib   ./main_ball 3 1  Done                     05/15/2013 17:29:12
00063 ys2151-ib   ./main_ball 3 1  Done                     05/15/2013 17:29:12
00050 ys2151-ib   ./main_ball 3 1  Done                     05/15/2013 17:29:12
00049 ys2151-ib   ./main_ball 3 1  Done                     05/15/2013 17:29:12
00051 ys2151-ib   ./main_ball 3 1  Done                     05/15/2013 17:29:12
00032 ys2149-ib  ./main_ball 3 1   Done                     05/15/2013 17:29:12
00033 ys2149-ib   ./main_ball 3 1  Done                     05/15/2013 17:29:12
00034 ys2149-ib   ./main_ball 3 1  Done                     05/15/2013 17:29:12
00035 ys2149-ib   ./main_ball 3 1  Done                     05/15/2013 17:29:12
00036 ys2149-ib   ./main_ball 3 1  Done                     05/15/2013 17:29:12
00037 ys2149-ib   ./main_ball 3 1  Done                     05/15/2013 17:29:12
00038 ys2149-ib   ./main_ball 3 1  Done                     05/15/2013 17:29:12
00040 ys2149-ib   ./main_ball 3 1  Done                     05/15/2013 17:29:12
00039 ys2149-ib   ./main_ball 3 1  Done                     05/15/2013 17:29:12
00041 ys2149-ib   ./main_ball 3 1  Done                     05/15/2013 17:29:12
00042 ys2149-ib   ./main_ball 3 1  Done                     05/15/2013 17:29:12
00043 ys2149-ib   ./main_ball 3 1  Done                     05/15/2013 17:29:12
00044 ys2149-ib   ./main_ball 3 1  Done                     05/15/2013 17:29:12
00045 ys2149-ib   ./main_ball 3 1  Done                     05/15/2013 17:29:12
00046 ys2149-ib   ./main_ball 3 1  Done                     05/15/2013 17:29:12
00047 ys2149-ib   ./main_ball 3 1  Done                     05/15/2013 17:29:12
00016 ys2117-ib  ./main_ball 3 1   Done                     05/15/2013 17:29:12
00017 ys2117-ib   ./main_ball 3 1  Done                     05/15/2013 17:29:12
00018 ys2117-ib   ./main_ball 3 1  Done                     05/15/2013 17:29:12
00020 ys2117-ib   ./main_ball 3 1  Done                     05/15/2013 17:29:12
00019 ys2117-ib   ./main_ball 3 1  Done                     05/15/2013 17:29:12
00021 ys2117-ib   ./main_ball 3 1  Done                     05/15/2013 17:29:12
00022 ys2117-ib   ./main_ball 3 1  Done                     05/15/2013 17:29:12
00023 ys2117-ib   ./main_ball 3 1  Done                     05/15/2013 17:29:12
00024 ys2117-ib   ./main_ball 3 1  Done                     05/15/2013 17:29:12
00025 ys2117-ib   ./main_ball 3 1  Done                     05/15/2013 17:29:12
00026 ys2117-ib   ./main_ball 3 1  Done                     05/15/2013 17:29:12
00027 ys2117-ib   ./main_ball 3 1  Done                     05/15/2013 17:29:12
00028 ys2117-ib   ./main_ball 3 1  Done                     05/15/2013 17:29:12
00030 ys2117-ib   ./main_ball 3 1  Done                     05/15/2013 17:29:12
00029 ys2117-ib   ./main_ball 3 1  Done                     05/15/2013 17:29:12
00031 ys2117-ib   ./main_ball 3 1  Done                     05/15/2013 17:29:12
00000 ys2022-ib  ./main_ball 3 1   Done                     05/15/2013 17:29:12
00014 ys2022-ib   ./main_ball 3 1  Done                     05/15/2013 17:29:12
00003 ys2022-ib   ./main_ball 3 1  Done                     05/15/2013 17:29:12
00015 ys2022-ib   ./main_ball 3 1  Done                     05/15/2013 17:29:12
00004 ys2022-ib   ./main_ball 3 1  Done                     05/15/2013 17:29:12
00005 ys2022-ib   ./main_ball 3 1  Done                     05/15/2013 17:29:12
00006 ys2022-ib   ./main_ball 3 1  Done                     05/15/2013 17:29:12
00007 ys2022-ib   ./main_ball 3 1  Done                     05/15/2013 17:29:12
00008 ys2022-ib   ./main_ball 3 1  Done                     05/15/2013 17:29:12
00009 ys2022-ib   ./main_ball 3 1  Done                     05/15/2013 17:29:12
00010 ys2022-ib   ./main_ball 3 1  Done                     05/15/2013 17:29:12
00011 ys2022-ib   ./main_ball 3 1  Done                     05/15/2013 17:29:12
00012 ys2022-ib   ./main_ball 3 1  Done                     05/15/2013 17:29:12
00001 ys2022-ib   ./main_ball 3 1  Done                     05/15/2013 17:29:12
00013 ys2022-ib   ./main_ball 3 1  Done                     05/15/2013 17:29:12
00002 ys2022-ib   ./main_ball 3 1  Done                     05/15/2013 17:29:12

------------------------------------------------------------
Sender: LSF System <lsfadmin@ys2022-ib>
Subject: Job 662849: <mb.512> Done

Job <mb.512> was submitted from host <yslogin1-ib> by user <robertk> in cluster <yellowstone>.
Job was executed on host(s) <16*ys2022-ib>, in queue <small>, as user <robertk> in cluster <yellowstone>.
                            <16*ys2117-ib>
                            <16*ys2149-ib>
                            <16*ys2151-ib>
                            <16*ys2215-ib>
                            <16*ys2457-ib>
                            <16*ys2517-ib>
                            <16*ys2518-ib>
                            <16*ys2519-ib>
                            <16*ys2520-ib>
                            <16*ys2521-ib>
                            <16*ys2522-ib>
                            <16*ys2523-ib>
                            <16*ys2524-ib>
                            <16*ys2525-ib>
                            <16*ys2526-ib>
                            <16*ys2527-ib>
                            <16*ys2528-ib>
                            <16*ys2529-ib>
                            <16*ys2530-ib>
                            <16*ys2531-ib>
                            <16*ys2532-ib>
                            <16*ys2533-ib>
                            <16*ys2534-ib>
                            <16*ys2801-ib>
                            <16*ys2802-ib>
                            <16*ys2803-ib>
                            <16*ys2811-ib>
                            <16*ys2813-ib>
                            <16*ys2814-ib>
                            <16*ys2816-ib>
                            <16*ys2817-ib>
</glade/u/home/robertk> was used as the home directory.
</glade/u/home/robertk/work/Dune/trunk/alugrid/examples> was used as the working directory.
Started at Wed May 15 17:28:25 2013
Results reported at Wed May 15 17:29:17 2013

Your job looked like:

------------------------------------------------------------
# LSBATCH: User input
#!/bin/bash
# LSF batch script to run an MPI application
#
#BSUB -P P86850055           # project code
#BSUB -W 00:30               # wall-clock time (hrs:mins)
#BSUB -n 512              # number of tasks in job
#BSUB -R span[ptile=16]    # run 16 MPI tasks per node
#BSUB -J mb.512            # job name
#BSUB -o ./out/mb.512.%J.out  # output file name 
#BSUB -e ./err/mb.512.%J.err  # error file name
#BSUB -q small             # queue
#run the executable
mpirun.lsf ./main_ball 3 1 4 none

------------------------------------------------------------

Successfully completed.

Resource usage summary:

    CPU time   :  20355.14 sec.
    Max Memory :       164 MB
    Max Swap   :      3049 MB

    Max Processes  :         7
    Max Threads    :        77

The output (if any) is above this job summary.



PS:

Read file <./err/mb.512.662849.err> for stderr output of this job.

