Execute poe command line: poe  ./main_ball 3 1 4 none
Caught DGFException on creation of SGrid, trying default DGF method!

Created parallel ALUGrid<3,3,cube,nonconforming> from macro grid file ''. 

globalRefine: 1
elements = 7293854 (11826,17730,1.49924)   maxLevel = 4   step = 12   time = 0.108   dt = 0.009
elements = 7180853 (11522,17295,1.50104)   maxLevel = 4   step = 23   time = 0.207   dt = 0.009
elements = 7155086 (11139,17994,1.61541)   maxLevel = 4   step = 34   time = 0.306   dt = 0.009
elements = 7336127 (8192,18150,2.21558)   maxLevel = 4   step = 45   time = 0.405   dt = 0.009
elements = 7082762 (10565,18184,1.72115)   maxLevel = 4   step = 56   time = 0.504   dt = 0.009
elements = 7334286 (11062,17368,1.57006)   maxLevel = 4   step = 67   time = 0.603   dt = 0.009
elements = 7214138 (10902,17592,1.61365)   maxLevel = 4   step = 78   time = 0.702   dt = 0.009
elements = 7116026 (10853,17723,1.633)   maxLevel = 4   step = 89   time = 0.801   dt = 0.009
elements = 7277334 (11035,18220,1.65111)   maxLevel = 4   step = 100   time = 0.9   dt = 0.009
elements = 7009528 (11449,17828,1.55717)   maxLevel = 4   step = 112   time = 1.008   dt = 0.009
U2 max: 10  min: 6.57
U3 max: 0.02  min: 0
U4 max: 0.94  min: 0.48
U5 max: 0.19  min: 0.01
U6 max: 12.53  min: 9.48
U7 max: 0  min: 0
U8 max: 11.28  min: 7.94
Program finished: CPU time = 29.4585 sec.

------------------------------------------------------------
Sender: LSF System <lsfadmin@ys0364-ib>
Subject: Job 926051: <mb.512> in cluster <yellowstone> Done

Job <mb.512> was submitted from host <yslogin3-ib> by user <robertk> in cluster <yellowstone>.
Job was executed on host(s) <16*ys0364-ib>, in queue <small>, as user <robertk> in cluster <yellowstone>.
                            <16*ys0365-ib>
                            <16*ys0370-ib>
                            <16*ys0424-ib>
                            <16*ys0425-ib>
                            <16*ys0432-ib>
                            <16*ys0433-ib>
                            <16*ys0434-ib>
                            <16*ys1719-ib>
                            <16*ys1734-ib>
                            <16*ys1736-ib>
                            <16*ys1737-ib>
                            <16*ys1744-ib>
                            <16*ys1745-ib>
                            <16*ys1746-ib>
                            <16*ys1748-ib>
                            <16*ys1749-ib>
                            <16*ys1750-ib>
                            <16*ys1751-ib>
                            <16*ys1752-ib>
                            <16*ys1753-ib>
                            <16*ys1754-ib>
                            <16*ys1755-ib>
                            <16*ys1756-ib>
                            <16*ys1757-ib>
                            <16*ys1758-ib>
                            <16*ys1759-ib>
                            <16*ys1760-ib>
                            <16*ys1761-ib>
                            <16*ys1762-ib>
                            <16*ys1763-ib>
                            <16*ys1768-ib>
</glade/u/home/robertk> was used as the home directory.
</glade/u/home/robertk/work/Dune/trunk/alugrid/examples/run/mb_hsfc_314> was used as the working directory.
Started at Thu Feb 20 14:59:08 2014
Results reported at Thu Feb 20 15:00:29 2014

Your job looked like:

------------------------------------------------------------
# LSBATCH: User input
#!/bin/bash
# LSF batch script to run an MPI application
#
#BSUB -P P86850055           # project code
#BSUB -W 00:30               # wall-clock time (hrs:mins)
#BSUB -n 512              # number of tasks in job
#BSUB -R span[ptile=16]    # run 16 MPI tasks per node
#BSUB -J mb.512            # job name
#BSUB -o ./mb.512.out  # output file name 
#BSUB -e ./mb.512.err  # error file name
#BSUB -q small             # queue
#run the executable
export MP_CSS_INTERRUPT=yes
export MP_EAGER_LIMIT=4194305
export MP_EAGER_LIMIT_LOCAL=4194305
mpirun.lsf ./main_ball 3 1 4 none

------------------------------------------------------------

Successfully completed.

Resource usage summary:

    CPU time :               21670.43 sec.
    Max Memory :             1822 MB
    Average Memory :         1220.50 MB
    Total Requested Memory : -
    Delta Memory :           -
    (Delta: the difference between total requested memory and actual max usage.)
    Max Processes :          4
    Max Threads :            73

The output (if any) is above this job summary.



PS:

Read file <./mb.512.err> for stderr output of this job.

