Execute poe command line: poe  ./main_ball 3 1 4 none
Caught DGFException on creation of SGrid, trying default DGF method!

Created parallel ALUGrid<3,3,cube,nonconforming> from macro grid file ''. 

globalRefine: 1
elements = 7281422 (111765,116752,1.04462)   maxLevel = 4   step = 12   time = 0.108   dt = 0.009
elements = 7185669 (108693,115316,1.06093)   maxLevel = 4   step = 23   time = 0.207   dt = 0.009
elements = 7141926 (108685,113853,1.04755)   maxLevel = 4   step = 34   time = 0.306   dt = 0.009
elements = 7330520 (110710,118504,1.0704)   maxLevel = 4   step = 45   time = 0.405   dt = 0.009
elements = 7075965 (107767,114146,1.05919)   maxLevel = 4   step = 56   time = 0.504   dt = 0.009
elements = 7324696 (111620,116400,1.04282)   maxLevel = 4   step = 67   time = 0.603   dt = 0.009
elements = 7202532 (109361,114355,1.04567)   maxLevel = 4   step = 78   time = 0.702   dt = 0.009
elements = 7110853 (108152,113677,1.05109)   maxLevel = 4   step = 89   time = 0.801   dt = 0.009
elements = 7269732 (111574,116926,1.04797)   maxLevel = 4   step = 100   time = 0.9   dt = 0.009
elements = 7001898 (105323,111963,1.06304)   maxLevel = 4   step = 112   time = 1.008   dt = 0.009
U2 max: 32.42  min: 19.21
U3 max: 0.01  min: 0
U4 max: 1.51  min: 1.16
U5 max: 0.94  min: 0.67
U6 max: 45.03  min: 34.44
U7 max: 0  min: 0
U8 max: 35.2  min: 22.03
Program finished: CPU time = 122.816 sec.

------------------------------------------------------------
Sender: LSF System <lsfadmin@ys0438-ib>
Subject: Job 926048: <mb.64> in cluster <yellowstone> Done

Job <mb.64> was submitted from host <yslogin3-ib> by user <robertk> in cluster <yellowstone>.
Job was executed on host(s) <16*ys0438-ib>, in queue <small>, as user <robertk> in cluster <yellowstone>.
                            <16*ys0441-ib>
                            <16*ys0472-ib>
                            <16*ys0501-ib>
</glade/u/home/robertk> was used as the home directory.
</glade/u/home/robertk/work/Dune/trunk/alugrid/examples/run/mb_hsfc_314> was used as the working directory.
Started at Thu Feb 20 14:56:31 2014
Results reported at Thu Feb 20 14:59:47 2014

Your job looked like:

------------------------------------------------------------
# LSBATCH: User input
#!/bin/bash
# LSF batch script to run an MPI application
#
#BSUB -P P86850055           # project code
#BSUB -W 00:30               # wall-clock time (hrs:mins)
#BSUB -n 64              # number of tasks in job
#BSUB -R span[ptile=16]    # run 16 MPI tasks per node
#BSUB -J mb.64            # job name
#BSUB -o ./mb.64.out  # output file name 
#BSUB -e ./mb.64.err  # error file name
#BSUB -q small             # queue
#run the executable
export MP_CSS_INTERRUPT=yes
export MP_EAGER_LIMIT=4194305
export MP_EAGER_LIMIT_LOCAL=4194305
mpirun.lsf ./main_ball 3 1 4 none

------------------------------------------------------------

Successfully completed.

Resource usage summary:

    CPU time :               12735.00 sec.
    Max Memory :             17655 MB
    Average Memory :         10947.60 MB
    Total Requested Memory : -
    Delta Memory :           -
    (Delta: the difference between total requested memory and actual max usage.)
    Max Processes :          72
    Max Threads :            741

The output (if any) is above this job summary.



PS:

Read file <./mb.64.err> for stderr output of this job.

