Execute poe command line: poe  ./main_ball 3 1 4 none
Caught DGFException on creation of SGrid, trying default DGF method!

Created parallel ALUGrid<3,3,cube,nonconforming> from macro grid file ''. 

globalRefine: 1
PARMETIS ERROR adjncy is NULL.

------------------------------------------------------------
Sender: LSF System <lsfadmin@ys0146-ib>
Subject: Job 955069: <mb.1024> in cluster <yellowstone> Exited

Job <mb.1024> was submitted from host <yslogin3-ib> by user <robertk> in cluster <yellowstone>.
Job was executed on host(s) <16*ys0146-ib>, in queue <small>, as user <robertk> in cluster <yellowstone>.
                            <16*ys0147-ib>
                            <16*ys0153-ib>
                            <16*ys0157-ib>
                            <16*ys0162-ib>
                            <16*ys0445-ib>
                            <16*ys0446-ib>
                            <16*ys1357-ib>
                            <16*ys1358-ib>
                            <16*ys1359-ib>
                            <16*ys1360-ib>
                            <16*ys1361-ib>
                            <16*ys1372-ib>
                            <16*ys1401-ib>
                            <16*ys1402-ib>
                            <16*ys1403-ib>
                            <16*ys1404-ib>
                            <16*ys1405-ib>
                            <16*ys1406-ib>
                            <16*ys1460-ib>
                            <16*ys1461-ib>
                            <16*ys1462-ib>
                            <16*ys1463-ib>
                            <16*ys1464-ib>
                            <16*ys1465-ib>
                            <16*ys1466-ib>
                            <16*ys1467-ib>
                            <16*ys1472-ib>
                            <16*ys1501-ib>
                            <16*ys1502-ib>
                            <16*ys1503-ib>
                            <16*ys1602-ib>
                            <16*ys1603-ib>
                            <16*ys1604-ib>
                            <16*ys1917-ib>
                            <16*ys1922-ib>
                            <16*ys1923-ib>
                            <16*ys1924-ib>
                            <16*ys1925-ib>
                            <16*ys2018-ib>
                            <16*ys2117-ib>
                            <16*ys2118-ib>
                            <16*ys2119-ib>
                            <16*ys2126-ib>
                            <16*ys2132-ib>
                            <16*ys2133-ib>
                            <16*ys2149-ib>
                            <16*ys2150-ib>
                            <16*ys2171-ib>
                            <16*ys2172-ib>
                            <16*ys2201-ib>
                            <16*ys2202-ib>
                            <16*ys3741-ib>
                            <16*ys6302-ib>
                            <16*ys6303-ib>
                            <16*ys6304-ib>
                            <16*ys6313-ib>
                            <16*ys6314-ib>
                            <16*ys6315-ib>
                            <16*ys6318-ib>
                            <16*ys6319-ib>
                            <16*ys6320-ib>
                            <16*ys6321-ib>
                            <16*ys6322-ib>
</glade/u/home/robertk> was used as the home directory.
</glade/u/home/robertk/work/Dune/trunk/alugrid/examples/run/mb_parmetis_314> was used as the working directory.
Started at Mon Feb 24 20:31:49 2014
Results reported at Mon Feb 24 21:02:23 2014

Your job looked like:

------------------------------------------------------------
# LSBATCH: User input
#!/bin/bash
# LSF batch script to run an MPI application
#
#BSUB -P P86850055           # project code
#BSUB -W 00:20               # wall-clock time (hrs:mins)
#BSUB -n 1024              # number of tasks in job
#BSUB -R span[ptile=16]    # run 16 MPI tasks per node
#BSUB -J mb.1024            # job name
#BSUB -o ./mb.1024.out  # output file name 
#BSUB -e ./mb.1024.err  # error file name
#BSUB -q small             # queue
#run the executable
export MP_CSS_INTERRUPT=yes
export MP_EAGER_LIMIT=4194305
export MP_EAGER_LIMIT_LOCAL=4194305
mpirun.lsf ./main_ball 3 1 4 none

------------------------------------------------------------

TERM_RUNLIMIT: job killed after reaching LSF run time limit.
Exited
The output (if any) is above this job summary.



PS:

Read file <./mb.1024.err> for stderr output of this job.

