Execute poe command line: poe  ./main_ball 3 1 4 none
Caught DGFException on creation of SGrid, trying default DGF method!

Created parallel ALUGrid<3,3,cube,nonconforming> from macro grid file ''. 

globalRefine: 1
elements = 7293182 (23088,30794,1.33377)   maxLevel = 4   step = 12   time = 0.108   dt = 0.009
elements = 7186292 (22638,30039,1.32693)   maxLevel = 4   step = 23   time = 0.207   dt = 0.009
elements = 7153168 (23848,30062,1.26057)   maxLevel = 4   step = 34   time = 0.306   dt = 0.009
elements = 7333796 (23878,32019,1.34094)   maxLevel = 4   step = 45   time = 0.405   dt = 0.009
elements = 7061972 (22350,29317,1.31172)   maxLevel = 4   step = 56   time = 0.504   dt = 0.009
elements = 7321770 (23886,30908,1.29398)   maxLevel = 4   step = 67   time = 0.603   dt = 0.009
elements = 7201342 (23358,30595,1.30983)   maxLevel = 4   step = 78   time = 0.702   dt = 0.009
elements = 7097476 (21802,29757,1.36487)   maxLevel = 4   step = 89   time = 0.801   dt = 0.009
elements = 7282381 (23448,30550,1.30288)   maxLevel = 4   step = 100   time = 0.9   dt = 0.009
elements = 7005097 (22598,29158,1.29029)   maxLevel = 4   step = 112   time = 1.008   dt = 0.009
U2 max: 9.57  min: 5.18
U3 max: 0.03  min: 0
U4 max: 1.28  min: 0.74
U5 max: 0.88  min: 0.14
U6 max: 38.74  min: 34.46
U7 max: 0  min: 0
U8 max: 11.26  min: 7.08
Program finished: CPU time = 54.4997 sec.

------------------------------------------------------------
Sender: LSF System <lsfadmin@ys5201-ib>
Subject: Job 955067: <mb.256> in cluster <yellowstone> Done

Job <mb.256> was submitted from host <yslogin3-ib> by user <robertk> in cluster <yellowstone>.
Job was executed on host(s) <16*ys5201-ib>, in queue <small>, as user <robertk> in cluster <yellowstone>.
                            <16*ys5202-ib>
                            <16*ys5203-ib>
                            <16*ys5204-ib>
                            <16*ys5206-ib>
                            <16*ys5207-ib>
                            <16*ys5208-ib>
                            <16*ys5209-ib>
                            <16*ys5219-ib>
                            <16*ys5220-ib>
                            <16*ys5221-ib>
                            <16*ys5222-ib>
                            <16*ys6324-ib>
                            <16*ys6325-ib>
                            <16*ys6326-ib>
                            <16*ys6331-ib>
</glade/u/home/robertk> was used as the home directory.
</glade/u/home/robertk/work/Dune/trunk/alugrid/examples/run/mb_parmetis_314> was used as the working directory.
Started at Mon Feb 24 20:29:04 2014
Results reported at Mon Feb 24 20:30:53 2014

Your job looked like:

------------------------------------------------------------
# LSBATCH: User input
#!/bin/bash
# LSF batch script to run an MPI application
#
#BSUB -P P86850055           # project code
#BSUB -W 00:20               # wall-clock time (hrs:mins)
#BSUB -n 256              # number of tasks in job
#BSUB -R span[ptile=16]    # run 16 MPI tasks per node
#BSUB -J mb.256            # job name
#BSUB -o ./mb.256.out  # output file name 
#BSUB -e ./mb.256.err  # error file name
#BSUB -q small             # queue
#run the executable
export MP_CSS_INTERRUPT=yes
export MP_EAGER_LIMIT=4194305
export MP_EAGER_LIMIT_LOCAL=4194305
mpirun.lsf ./main_ball 3 1 4 none

------------------------------------------------------------

Successfully completed.

Resource usage summary:

    CPU time :               23973.29 sec.
    Max Memory :             28070 MB
    Average Memory :         1387.00 MB
    Total Requested Memory : -
    Delta Memory :           -
    (Delta: the difference between total requested memory and actual max usage.)
    Max Processes :          259
    Max Threads :            2756

The output (if any) is above this job summary.



PS:

Read file <./mb.256.err> for stderr output of this job.

