Execute poe command line: poe  ./main_ball 3 1 4 none
Caught DGFException on creation of SGrid, trying default DGF method!

Created parallel ALUGrid<3,3,cube,nonconforming> from macro grid file ''. 

globalRefine: 1
PARMETIS ERROR adjncy is NULL.
PARMETIS ERROR adjncy is NULL.
PARMETIS ERROR adjncy is NULL.
PARMETIS ERROR adjncy is NULL.
PARMETIS ERROR adjncy is NULL.
PARMETIS ERROR adjncy is NULL.
PARMETIS ERROR adjncy is NULL.
PARMETIS ERROR adjncy is NULL.
PARMETIS ERROR adjncy is NULL.
PARMETIS ERROR adjncy is NULL.
PARMETIS ERROR adjncy is NULL.
PARMETIS ERROR adjncy is NULL.
PARMETIS ERROR adjncy is NULL.
PARMETIS ERROR adjncy is NULL.
PARMETIS ERROR adjncy is NULL.
PARMETIS ERROR adjncy is NULL.
PARMETIS ERROR adjncy is NULL.
PARMETIS ERROR adjncy is NULL.
PARMETIS ERROR adjncy is NULL.
PARMETIS ERROR adjncy is NULL.
PARMETIS ERROR adjncy is NULL.
PARMETIS ERROR adjncy is NULL.
PARMETIS ERROR adjncy is NULL.
PARMETIS ERROR adjncy is NULL.
PARMETIS ERROR adjncy is NULL.
PARMETIS ERROR adjncy is NULL.
PARMETIS ERROR adjncy is NULL.
PARMETIS ERROR adjncy is NULL.
PARMETIS ERROR adjncy is NULL.
PARMETIS ERROR adjncy is NULL.
PARMETIS ERROR: sum weight for constraint 0 is zero.
PARMETIS ERROR: sum weight for constraint 0 is zero.
PARMETIS ERROR: sum weight for constraint 0 is zero.
PARMETIS ERROR: sum weight for constraint 0 is zero.
PARMETIS ERROR: sum weight for constraint 0 is zero.
PARMETIS ERROR adjncy is NULL.
PARMETIS ERROR adjncy is NULL.
PARMETIS ERROR: sum weight for constraint 0 is zero.
PARMETIS ERROR: sum weight for constraint 0 is zero.
PARMETIS ERROR: sum weight for constraint 0 is zero.
PARMETIS ERROR: sum weight for constraint 0 is zero.
PARMETIS ERROR: sum weight for constraint 0 is zero.
PARMETIS ERROR: sum weight for constraint 0 is zero.
PARMETIS ERROR: sum weight for constraint 0 is zero.
PARMETIS ERROR: sum weight for constraint 0 is zero.
PARMETIS ERROR: sum weight for constraint 0 is zero.
PARMETIS ERROR adjncy is NULL.
PARMETIS ERROR adjncy is NULL.
PARMETIS ERROR adjncy is NULL.
PARMETIS ERROR adjncy is NULL.
PARMETIS ERROR adjncy is NULL.
PARMETIS ERROR adjncy is NULL.
PARMETIS ERROR: sum weight for constraint 0 is zero.
PARMETIS ERROR adjncy is NULL.
PARMETIS ERROR: sum weight for constraint 0 is zero.
PARMETIS ERROR adjncy is NULL.
PARMETIS ERROR: sum weight for constraint 0 is zero.
PARMETIS ERROR adjncy is NULL.
PARMETIS ERROR: sum weight for constraint 0 is zero.
PARMETIS ERROR: sum weight for constraint 0 is zero.
PARMETIS ERROR adjncy is NULL.
PARMETIS ERROR: sum weight for constraint 0 is zero.
PARMETIS ERROR adjncy is NULL.
PARMETIS ERROR: sum weight for constraint 0 is zero.
PARMETIS ERROR: sum weight for constraint 0 is zero.
PARMETIS ERROR adjncy is NULL.
PARMETIS ERROR: sum weight for constraint 0 is zero.
PARMETIS ERROR adjncy is NULL.
PARMETIS ERROR: sum weight for constraint 0 is zero.
PARMETIS ERROR adjncy is NULL.
PARMETIS ERROR: sum weight for constraint 0 is zero.
PARMETIS ERROR: sum weight for constraint 0 is zero.
PARMETIS ERROR adjncy is NULL.
PARMETIS ERROR: sum weight for constraint 0 is zero.
PARMETIS ERROR adjncy is NULL.
PARMETIS ERROR: sum weight for constraint 0 is zero.
PARMETIS ERROR: sum weight for constraint 0 is zero.
PARMETIS ERROR adjncy is NULL.
PARMETIS ERROR adjncy is NULL.
PARMETIS ERROR adjncy is NULL.
PARMETIS ERROR: sum weight for constraint 0 is zero.
PARMETIS ERROR: sum weight for constraint 0 is zero.
PARMETIS ERROR adjncy is NULL.
PARMETIS ERROR: sum weight for constraint 0 is zero.
PARMETIS ERROR adjncy is NULL.
PARMETIS ERROR: sum weight for constraint 0 is zero.
PARMETIS ERROR: sum weight for constraint 0 is zero.
PARMETIS ERROR: sum weight for constraint 0 is zero.
PARMETIS ERROR: sum weight for constraint 0 is zero.
PARMETIS ERROR: sum weight for constraint 0 is zero.
PARMETIS ERROR: sum weight for constraint 0 is zero.
PARMETIS ERROR: sum weight for constraint 0 is zero.
PARMETIS ERROR: sum weight for constraint 0 is zero.
PARMETIS ERROR: sum weight for constraint 0 is zero.
PARMETIS ERROR: sum weight for constraint 0 is zero.
PARMETIS ERROR: sum weight for constraint 0 is zero.
PARMETIS ERROR: sum weight for constraint 0 is zero.
PARMETIS ERROR: sum weight for constraint 0 is zero.
PARMETIS ERROR: sum weight for constraint 0 is zero.
PARMETIS ERROR: sum weight for constraint 0 is zero.
PARMETIS ERROR: sum weight for constraint 0 is zero.
PARMETIS ERROR: sum weight for constraint 0 is zero.
PARMETIS ERROR: sum weight for constraint 0 is zero.
PARMETIS ERROR: sum weight for constraint 0 is zero.
PARMETIS ERROR: sum weight for constraint 0 is zero.
PARMETIS ERROR: sum weight for constraint 0 is zero.
PARMETIS ERROR: sum weight for constraint 0 is zero.
PARMETIS ERROR: sum weight for constraint 0 is zero.
PARMETIS ERROR: sum weight for constraint 0 is zero.
PARMETIS ERROR: sum weight for constraint 0 is zero.
PARMETIS ERROR: sum weight for constraint 0 is zero.
PARMETIS ERROR: sum weight for constraint 0 is zero.
PARMETIS ERROR: sum weight for constraint 0 is zero.
PARMETIS ERROR: sum weight for constraint 0 is zero.
PARMETIS ERROR: sum weight for constraint 0 is zero.
PARMETIS ERROR: sum weight for constraint 0 is zero.
PARMETIS ERROR: sum weight for constraint 0 is zero.
PARMETIS ERROR: sum weight for constraint 0 is zero.
PARMETIS ERROR: sum weight for constraint 0 is zero.
PARMETIS ERROR: sum weight for constraint 0 is zero.
PARMETIS ERROR: sum weight for constraint 0 is zero.
PARMETIS ERROR: sum weight for constraint 0 is zero.
PARMETIS ERROR: sum weight for constraint 0 is zero.
PARMETIS ERROR: sum weight for constraint 0 is zero.
PARMETIS ERROR: sum weight for constraint 0 is zero.
PARMETIS ERROR: sum weight for constraint 0 is zero.
PARMETIS ERROR: sum weight for constraint 0 is zero.
PARMETIS ERROR: sum weight for constraint 0 is zero.
PARMETIS ERROR: sum weight for constraint 0 is zero.
PARMETIS ERROR: sum weight for constraint 0 is zero.
PARMETIS ERROR: sum weight for constraint 0 is zero.
PARMETIS ERROR: sum weight for constraint 0 is zero.
PARMETIS ERROR: sum weight for constraint 0 is zero.
PARMETIS ERROR: sum weight for constraint 0 is zero.
PARMETIS ERROR: sum weight for constraint 0 is zero.
PARMETIS ERROR: sum weight for constraint 0 is zero.
PARMETIS ERROR: sum weight for constraint 0 is zero.
PARMETIS ERROR: sum weight for constraint 0 is zero.
PARMETIS ERROR: sum weight for constraint 0 is zero.
PARMETIS ERROR: sum weight for constraint 0 is zero.
PARMETIS ERROR: sum weight for constraint 0 is zero.
PARMETIS ERROR: sum weight for constraint 0 is zero.

------------------------------------------------------------
Sender: LSF System <lsfadmin@ys1415-ib>
Subject: Job 955070: <mb.2048> in cluster <yellowstone> Exited

Job <mb.2048> was submitted from host <yslogin3-ib> by user <robertk> in cluster <yellowstone>.
Job was executed on host(s) <16*ys1415-ib>, in queue <small>, as user <robertk> in cluster <yellowstone>.
                            <16*ys1634-ib>
                            <16*ys1654-ib>
                            <16*ys1670-ib>
                            <16*ys1671-ib>
                            <16*ys1672-ib>
                            <16*ys1702-ib>
                            <16*ys1806-ib>
                            <16*ys1836-ib>
                            <16*ys1847-ib>
                            <16*ys1848-ib>
                            <16*ys1849-ib>
                            <16*ys1850-ib>
                            <16*ys1851-ib>
                            <16*ys1853-ib>
                            <16*ys1854-ib>
                            <16*ys1857-ib>
                            <16*ys1858-ib>
                            <16*ys1859-ib>
                            <16*ys1860-ib>
                            <16*ys1861-ib>
                            <16*ys1867-ib>
                            <16*ys1901-ib>
                            <16*ys1902-ib>
                            <16*ys1906-ib>
                            <16*ys1912-ib>
                            <16*ys1913-ib>
                            <16*ys1918-ib>
                            <16*ys1919-ib>
                            <16*ys1920-ib>
                            <16*ys1933-ib>
                            <16*ys1934-ib>
                            <16*ys1935-ib>
                            <16*ys1936-ib>
                            <16*ys1942-ib>
                            <16*ys1943-ib>
                            <16*ys1944-ib>
                            <16*ys1945-ib>
                            <16*ys1946-ib>
                            <16*ys2032-ib>
                            <16*ys2165-ib>
                            <16*ys2166-ib>
                            <16*ys2167-ib>
                            <16*ys2168-ib>
                            <16*ys2169-ib>
                            <16*ys2170-ib>
                            <16*ys4326-ib>
                            <16*ys4327-ib>
                            <16*ys4328-ib>
                            <16*ys4329-ib>
                            <16*ys4330-ib>
                            <16*ys4331-ib>
                            <16*ys4332-ib>
                            <16*ys4531-ib>
                            <16*ys4532-ib>
                            <16*ys4533-ib>
                            <16*ys4534-ib>
                            <16*ys4535-ib>
                            <16*ys5201-ib>
                            <16*ys5202-ib>
                            <16*ys5216-ib>
                            <16*ys5218-ib>
                            <16*ys5219-ib>
                            <16*ys5220-ib>
                            <16*ys5221-ib>
                            <16*ys5222-ib>
                            <16*ys5223-ib>
                            <16*ys5224-ib>
                            <16*ys5225-ib>
                            <16*ys5227-ib>
                            <16*ys5229-ib>
                            <16*ys5230-ib>
                            <16*ys5231-ib>
                            <16*ys5232-ib>
                            <16*ys5234-ib>
                            <16*ys5235-ib>
                            <16*ys5315-ib>
                            <16*ys5316-ib>
                            <16*ys5326-ib>
                            <16*ys5327-ib>
                            <16*ys5328-ib>
                            <16*ys5329-ib>
                            <16*ys5330-ib>
                            <16*ys5331-ib>
                            <16*ys5332-ib>
                            <16*ys5333-ib>
                            <16*ys5334-ib>
                            <16*ys5335-ib>
                            <16*ys5336-ib>
                            <16*ys5338-ib>
                            <16*ys5361-ib>
                            <16*ys5362-ib>
                            <16*ys5363-ib>
                            <16*ys5364-ib>
                            <16*ys5367-ib>
                            <16*ys5368-ib>
                            <16*ys5369-ib>
                            <16*ys5370-ib>
                            <16*ys5371-ib>
                            <16*ys5372-ib>
                            <16*ys5401-ib>
                            <16*ys5402-ib>
                            <16*ys5403-ib>
                            <16*ys5404-ib>
                            <16*ys5405-ib>
                            <16*ys5406-ib>
                            <16*ys5407-ib>
                            <16*ys5408-ib>
                            <16*ys5409-ib>
                            <16*ys5415-ib>
                            <16*ys5416-ib>
                            <16*ys5430-ib>
                            <16*ys5431-ib>
                            <16*ys5435-ib>
                            <16*ys5436-ib>
                            <16*ys5604-ib>
                            <16*ys5605-ib>
                            <16*ys5606-ib>
                            <16*ys5607-ib>
                            <16*ys5608-ib>
                            <16*ys5609-ib>
                            <16*ys5610-ib>
                            <16*ys5619-ib>
                            <16*ys5622-ib>
                            <16*ys5623-ib>
                            <16*ys5625-ib>
                            <16*ys5626-ib>
                            <16*ys5627-ib>
</glade/u/home/robertk> was used as the home directory.
</glade/u/home/robertk/work/Dune/trunk/alugrid/examples/run/mb_parmetis_314> was used as the working directory.
Started at Mon Feb 24 20:54:36 2014
Results reported at Mon Feb 24 21:25:09 2014

Your job looked like:

------------------------------------------------------------
# LSBATCH: User input
#!/bin/bash
# LSF batch script to run an MPI application
#
#BSUB -P P86850055           # project code
#BSUB -W 00:20               # wall-clock time (hrs:mins)
#BSUB -n 2048              # number of tasks in job
#BSUB -R span[ptile=16]    # run 16 MPI tasks per node
#BSUB -J mb.2048            # job name
#BSUB -o ./mb.2048.out  # output file name 
#BSUB -e ./mb.2048.err  # error file name
#BSUB -q small             # queue
#run the executable
export MP_CSS_INTERRUPT=yes
export MP_EAGER_LIMIT=4194305
export MP_EAGER_LIMIT_LOCAL=4194305
mpirun.lsf ./main_ball 3 1 4 none

------------------------------------------------------------

TERM_RUNLIMIT: job killed after reaching LSF run time limit.
Exited
The output (if any) is above this job summary.



PS:

Read file <./mb.2048.err> for stderr output of this job.

