Execute poe command line: poe  ./main_ball 3 1 4 none
Caught DGFException on creation of SGrid, trying default DGF method!

Created parallel ALUGrid<3,3,cube,nonconforming> from macro grid file ''. 

globalRefine: 1
elements = 7287302 (205557,239028,1.16283)   maxLevel = 4   step = 12   time = 0.108   dt = 0.009
elements = 7171823 (203016,235310,1.15907)   maxLevel = 4   step = 23   time = 0.207   dt = 0.009
elements = 7139126 (206735,235277,1.13806)   maxLevel = 4   step = 34   time = 0.306   dt = 0.009
elements = 7320832 (196795,240213,1.22063)   maxLevel = 4   step = 45   time = 0.405   dt = 0.009
elements = 7057184 (180420,231522,1.28324)   maxLevel = 4   step = 56   time = 0.504   dt = 0.009
elements = 7309667 (173944,239831,1.37878)   maxLevel = 4   step = 67   time = 0.603   dt = 0.009
elements = 7184437 (190463,235778,1.23792)   maxLevel = 4   step = 78   time = 0.702   dt = 0.009
elements = 7091372 (197439,232305,1.17659)   maxLevel = 4   step = 89   time = 0.801   dt = 0.009
elements = 7270334 (209199,238517,1.14014)   maxLevel = 4   step = 100   time = 0.9   dt = 0.009
elements = 6997908 (194389,229492,1.18058)   maxLevel = 4   step = 112   time = 1.008   dt = 0.009
U2 max: 52.45  min: 29.29
U3 max: 0.01  min: 0
U4 max: 3.09  min: 2.78
U5 max: 9.59  min: 2.28
U6 max: 237.46  min: 209.36
U7 max: 0  min: 0
U8 max: 56.47  min: 34.03
Program finished: CPU time = 268.084 sec.

------------------------------------------------------------
Sender: LSF System <lsfadmin@ys6052-ib>
Subject: Job 955064: <mb.32> in cluster <yellowstone> Done

Job <mb.32> was submitted from host <yslogin3-ib> by user <robertk> in cluster <yellowstone>.
Job was executed on host(s) <16*ys6052-ib>, in queue <small>, as user <robertk> in cluster <yellowstone>.
                            <16*ys6053-ib>
</glade/u/home/robertk> was used as the home directory.
</glade/u/home/robertk/work/Dune/trunk/alugrid/examples/run/mb_parmetis_314> was used as the working directory.
Started at Mon Feb 24 20:28:50 2014
Results reported at Mon Feb 24 20:36:01 2014

Your job looked like:

------------------------------------------------------------
# LSBATCH: User input
#!/bin/bash
# LSF batch script to run an MPI application
#
#BSUB -P P86850055           # project code
#BSUB -W 00:20               # wall-clock time (hrs:mins)
#BSUB -n 32              # number of tasks in job
#BSUB -R span[ptile=16]    # run 16 MPI tasks per node
#BSUB -J mb.32            # job name
#BSUB -o ./mb.32.out  # output file name 
#BSUB -e ./mb.32.err  # error file name
#BSUB -q small             # queue
#run the executable
export MP_CSS_INTERRUPT=yes
export MP_EAGER_LIMIT=4194305
export MP_EAGER_LIMIT_LOCAL=4194305
mpirun.lsf ./main_ball 3 1 4 none

------------------------------------------------------------

Successfully completed.

Resource usage summary:

    CPU time :               25541.31 sec.
    Max Memory :             13256 MB
    Average Memory :         11358.15 MB
    Total Requested Memory : -
    Delta Memory :           -
    (Delta: the difference between total requested memory and actual max usage.)
    Max Processes :          38
    Max Threads :            375

The output (if any) is above this job summary.



PS:

Read file <./mb.32.err> for stderr output of this job.

