Execute poe command line: poe  ./main_ball 3 1 4 none
Caught DGFException on creation of SGrid, trying default DGF method!

Created parallel ALUGrid<3,3,cube,nonconforming> from macro grid file ''. 

globalRefine: 1
elements = 7291054 (10016,16384,1.63578)   maxLevel = 4   step = 12   time = 0.108   dt = 0.009
elements = 7182141 (8192,16384,2)   maxLevel = 4   step = 23   time = 0.207   dt = 0.009
elements = 7151047 (9309,16384,1.76002)   maxLevel = 4   step = 34   time = 0.306   dt = 0.009
elements = 7338752 (8192,16384,2)   maxLevel = 4   step = 45   time = 0.405   dt = 0.009
elements = 7067544 (8522,16384,1.92255)   maxLevel = 4   step = 56   time = 0.504   dt = 0.009
elements = 7317514 (6197,16384,2.64386)   maxLevel = 4   step = 67   time = 0.603   dt = 0.009
elements = 7201454 (10280,16384,1.59377)   maxLevel = 4   step = 78   time = 0.702   dt = 0.009
elements = 7096069 (8488,16384,1.93025)   maxLevel = 4   step = 89   time = 0.801   dt = 0.009
elements = 7277061 (8192,16384,2)   maxLevel = 4   step = 100   time = 0.9   dt = 0.009
elements = 7003928 (6639,16384,2.46784)   maxLevel = 4   step = 112   time = 1.008   dt = 0.009
U2 max: 6.77  min: 4.31
U3 max: 0.03  min: 0
U4 max: 1.04  min: 0.51
U5 max: 0.51  min: 0.04
U6 max: 33.48  min: 29.7
U7 max: 0  min: 0
U8 max: 8.15  min: 5.78
Program finished: CPU time = 37.8932 sec.

------------------------------------------------------------
Sender: LSF System <lsfadmin@ys0146-ib>
Subject: Job 955068: <mb.512> in cluster <yellowstone> Done

Job <mb.512> was submitted from host <yslogin3-ib> by user <robertk> in cluster <yellowstone>.
Job was executed on host(s) <16*ys0146-ib>, in queue <small>, as user <robertk> in cluster <yellowstone>.
                            <16*ys0147-ib>
                            <16*ys0153-ib>
                            <16*ys0157-ib>
                            <16*ys0162-ib>
                            <16*ys0445-ib>
                            <16*ys0446-ib>
                            <16*ys1357-ib>
                            <16*ys1358-ib>
                            <16*ys1359-ib>
                            <16*ys1360-ib>
                            <16*ys1361-ib>
                            <16*ys1372-ib>
                            <16*ys1401-ib>
                            <16*ys1402-ib>
                            <16*ys1403-ib>
                            <16*ys1404-ib>
                            <16*ys1405-ib>
                            <16*ys1406-ib>
                            <16*ys1460-ib>
                            <16*ys1461-ib>
                            <16*ys1462-ib>
                            <16*ys1463-ib>
                            <16*ys1464-ib>
                            <16*ys1465-ib>
                            <16*ys1466-ib>
                            <16*ys1467-ib>
                            <16*ys1472-ib>
                            <16*ys1501-ib>
                            <16*ys1502-ib>
                            <16*ys1503-ib>
                            <16*ys2018-ib>
</glade/u/home/robertk> was used as the home directory.
</glade/u/home/robertk/work/Dune/trunk/alugrid/examples/run/mb_parmetis_314> was used as the working directory.
Started at Mon Feb 24 20:30:08 2014
Results reported at Mon Feb 24 20:31:38 2014

Your job looked like:

------------------------------------------------------------
# LSBATCH: User input
#!/bin/bash
# LSF batch script to run an MPI application
#
#BSUB -P P86850055           # project code
#BSUB -W 00:20               # wall-clock time (hrs:mins)
#BSUB -n 512              # number of tasks in job
#BSUB -R span[ptile=16]    # run 16 MPI tasks per node
#BSUB -J mb.512            # job name
#BSUB -o ./mb.512.out  # output file name 
#BSUB -e ./mb.512.err  # error file name
#BSUB -q small             # queue
#run the executable
export MP_CSS_INTERRUPT=yes
export MP_EAGER_LIMIT=4194305
export MP_EAGER_LIMIT_LOCAL=4194305
mpirun.lsf ./main_ball 3 1 4 none

------------------------------------------------------------

Successfully completed.

Resource usage summary:

    CPU time :               29505.00 sec.
    Max Memory :             1710 MB
    Average Memory :         1203.50 MB
    Total Requested Memory : -
    Delta Memory :           -
    (Delta: the difference between total requested memory and actual max usage.)
    Max Processes :          4
    Max Threads :            73

The output (if any) is above this job summary.



PS:

Read file <./mb.512.err> for stderr output of this job.

