Execute poe command line: poe  ./main_ball 3 1 4 none
Caught DGFException on creation of SGrid, trying default DGF method!

Created parallel ALUGrid<3,3,cube,nonconforming> from macro grid file ''. 

globalRefine: 1
elements = 7284915 (100324,119516,1.1913)   maxLevel = 4   step = 12   time = 0.108   dt = 0.009
elements = 7171858 (97567,117793,1.2073)   maxLevel = 4   step = 23   time = 0.207   dt = 0.009
elements = 7147519 (99594,118429,1.18912)   maxLevel = 4   step = 34   time = 0.306   dt = 0.009
elements = 7324899 (98562,120170,1.21923)   maxLevel = 4   step = 45   time = 0.405   dt = 0.009
elements = 7060376 (92649,115836,1.25027)   maxLevel = 4   step = 56   time = 0.504   dt = 0.009
elements = 7306013 (94495,121148,1.28206)   maxLevel = 4   step = 67   time = 0.603   dt = 0.009
elements = 7188056 (97129,118488,1.2199)   maxLevel = 4   step = 78   time = 0.702   dt = 0.009
elements = 7096097 (93154,116420,1.24976)   maxLevel = 4   step = 89   time = 0.801   dt = 0.009
elements = 7268787 (93123,119396,1.28213)   maxLevel = 4   step = 100   time = 0.9   dt = 0.009
elements = 7003543 (90141,114925,1.27495)   maxLevel = 4   step = 112   time = 1.008   dt = 0.009
U2 max: 22.43  min: 14.96
U3 max: 0.01  min: 0
U4 max: 2.18  min: 1.87
U5 max: 4.66  min: 1.02
U6 max: 104.81  min: 93.87
U7 max: 0  min: 0
U8 max: 25.62  min: 18.29
Program finished: CPU time = 133.635 sec.

------------------------------------------------------------
Sender: LSF System <lsfadmin@ys6054-ib>
Subject: Job 955065: <mb.64> in cluster <yellowstone> Done

Job <mb.64> was submitted from host <yslogin3-ib> by user <robertk> in cluster <yellowstone>.
Job was executed on host(s) <16*ys6054-ib>, in queue <small>, as user <robertk> in cluster <yellowstone>.
                            <16*ys6055-ib>
                            <16*ys6333-ib>
                            <16*ys6334-ib>
</glade/u/home/robertk> was used as the home directory.
</glade/u/home/robertk/work/Dune/trunk/alugrid/examples/run/mb_parmetis_314> was used as the working directory.
Started at Mon Feb 24 20:28:50 2014
Results reported at Mon Feb 24 20:32:21 2014

Your job looked like:

------------------------------------------------------------
# LSBATCH: User input
#!/bin/bash
# LSF batch script to run an MPI application
#
#BSUB -P P86850055           # project code
#BSUB -W 00:20               # wall-clock time (hrs:mins)
#BSUB -n 64              # number of tasks in job
#BSUB -R span[ptile=16]    # run 16 MPI tasks per node
#BSUB -J mb.64            # job name
#BSUB -o ./mb.64.out  # output file name 
#BSUB -e ./mb.64.err  # error file name
#BSUB -q small             # queue
#run the executable
export MP_CSS_INTERRUPT=yes
export MP_EAGER_LIMIT=4194305
export MP_EAGER_LIMIT_LOCAL=4194305
mpirun.lsf ./main_ball 3 1 4 none

------------------------------------------------------------

Successfully completed.

Resource usage summary:

    CPU time :               16375.00 sec.
    Max Memory :             15871 MB
    Average Memory :         10787.83 MB
    Total Requested Memory : -
    Delta Memory :           -
    (Delta: the difference between total requested memory and actual max usage.)
    Max Processes :          72
    Max Threads :            741

The output (if any) is above this job summary.



PS:

Read file <./mb.64.err> for stderr output of this job.

