Caught DGFException on creation of SGrid, trying default DGF method!

Created parallel ALUGrid<3,3,cube,nonconforming> from macro grid file ''. 

globalRefine: 1
elements = 7300595 (3295,11071,3.35994)   maxLevel = 4   step = 12   time = 0.108   dt = 0.009
elements = 7187048 (3250,10993,3.38246)   maxLevel = 4   step = 23   time = 0.207   dt = 0.009
elements = 7166083 (2983,10804,3.62186)   maxLevel = 4   step = 34   time = 0.306   dt = 0.009
elements = 7338444 (3200,11144,3.4825)   maxLevel = 4   step = 45   time = 0.405   dt = 0.009
elements = 7089433 (3277,10847,3.31004)   maxLevel = 4   step = 56   time = 0.504   dt = 0.009
elements = 7335231 (3293,11000,3.34042)   maxLevel = 4   step = 67   time = 0.603   dt = 0.009
elements = 7223672 (3068,10938,3.56519)   maxLevel = 4   step = 78   time = 0.702   dt = 0.009
elements = 7116404 (2998,10332,3.4463)   maxLevel = 4   step = 89   time = 0.801   dt = 0.009
elements = 7277215 (3319,10965,3.30371)   maxLevel = 4   step = 100   time = 0.9   dt = 0.009
elements = 7005965 (3074,10703,3.48178)   maxLevel = 4   step = 112   time = 1.008   dt = 0.009
U2 max: 0.31  min: 0.02
U3 max: 0.02  min: 0
U4 max: 6.86  min: 3.23
U5 max: 2.44  min: 1.77
U6 max: 0.01  min: 0
U7 max: 6.55  min: 3.3
U8 max: 8.06  min: 4.95
Program finished: CPU time = 27.9557 sec.
Job  /ncar/opt/lsf/8.3/linux2.6-glibc2.3-x86_64/bin/poejob ./main_ball 3 1 4 none

TID   HOST_NAME   COMMAND_LINE            STATUS            TERMINATION_TIME
===== ========== ================  =======================  ===================
01008 ys2609-ib  ./main_ball 3 1   Done                     05/15/2013 15:44:53
01015 ys2609-ib   ./main_ball 3 1  Done                     05/15/2013 15:44:53
01016 ys2609-ib   ./main_ball 3 1  Done                     05/15/2013 15:44:53
01019 ys2609-ib   ./main_ball 3 1  Done                     05/15/2013 15:44:53
01022 ys2609-ib   ./main_ball 3 1  Done                     05/15/2013 15:44:53
01023 ys2609-ib   ./main_ball 3 1  Done                     05/15/2013 15:44:53
01010 ys2609-ib   ./main_ball 3 1  Done                     05/15/2013 15:44:53
01011 ys2609-ib   ./main_ball 3 1  Done                     05/15/2013 15:44:53
01012 ys2609-ib   ./main_ball 3 1  Done                     05/15/2013 15:44:53
01013 ys2609-ib   ./main_ball 3 1  Done                     05/15/2013 15:44:53
01014 ys2609-ib   ./main_ball 3 1  Done                     05/15/2013 15:44:53
01017 ys2609-ib   ./main_ball 3 1  Done                     05/15/2013 15:44:53
01018 ys2609-ib   ./main_ball 3 1  Done                     05/15/2013 15:44:53
01020 ys2609-ib   ./main_ball 3 1  Done                     05/15/2013 15:44:53
01021 ys2609-ib   ./main_ball 3 1  Done                     05/15/2013 15:44:53
01009 ys2609-ib   ./main_ball 3 1  Done                     05/15/2013 15:44:53
00992 ys2608-ib  ./main_ball 3 1   Done                     05/15/2013 15:44:53
00998 ys2608-ib   ./main_ball 3 1  Done                     05/15/2013 15:44:53
00999 ys2608-ib   ./main_ball 3 1  Done                     05/15/2013 15:44:53
01000 ys2608-ib   ./main_ball 3 1  Done                     05/15/2013 15:44:53
01001 ys2608-ib   ./main_ball 3 1  Done                     05/15/2013 15:44:53
01002 ys2608-ib   ./main_ball 3 1  Done                     05/15/2013 15:44:53
01003 ys2608-ib   ./main_ball 3 1  Done                     05/15/2013 15:44:53
01005 ys2608-ib   ./main_ball 3 1  Done                     05/15/2013 15:44:53
01006 ys2608-ib   ./main_ball 3 1  Done                     05/15/2013 15:44:53
01007 ys2608-ib   ./main_ball 3 1  Done                     05/15/2013 15:44:53
00993 ys2608-ib   ./main_ball 3 1  Done                     05/15/2013 15:44:53
00994 ys2608-ib   ./main_ball 3 1  Done                     05/15/2013 15:44:53
00995 ys2608-ib   ./main_ball 3 1  Done                     05/15/2013 15:44:53
00996 ys2608-ib   ./main_ball 3 1  Done                     05/15/2013 15:44:53
00997 ys2608-ib   ./main_ball 3 1  Done                     05/15/2013 15:44:53
01004 ys2608-ib   ./main_ball 3 1  Done                     05/15/2013 15:44:53
00976 ys2607-ib  ./main_ball 3 1   Done                     05/15/2013 15:44:53
00978 ys2607-ib   ./main_ball 3 1  Done                     05/15/2013 15:44:53
00981 ys2607-ib   ./main_ball 3 1  Done                     05/15/2013 15:44:53
00982 ys2607-ib   ./main_ball 3 1  Done                     05/15/2013 15:44:53
00983 ys2607-ib   ./main_ball 3 1  Done                     05/15/2013 15:44:53
00984 ys2607-ib   ./main_ball 3 1  Done                     05/15/2013 15:44:53
00985 ys2607-ib   ./main_ball 3 1  Done                     05/15/2013 15:44:53
00986 ys2607-ib   ./main_ball 3 1  Done                     05/15/2013 15:44:53
00988 ys2607-ib   ./main_ball 3 1  Done                     05/15/2013 15:44:53
00990 ys2607-ib   ./main_ball 3 1  Done                     05/15/2013 15:44:53
00989 ys2607-ib   ./main_ball 3 1  Done                     05/15/2013 15:44:53
00977 ys2607-ib   ./main_ball 3 1  Done                     05/15/2013 15:44:53
00980 ys2607-ib   ./main_ball 3 1  Done                     05/15/2013 15:44:53
00979 ys2607-ib   ./main_ball 3 1  Done                     05/15/2013 15:44:53
00987 ys2607-ib   ./main_ball 3 1  Done                     05/15/2013 15:44:53
00991 ys2607-ib   ./main_ball 3 1  Done                     05/15/2013 15:44:53
00960 ys2606-ib  ./main_ball 3 1   Done                     05/15/2013 15:44:53
00962 ys2606-ib   ./main_ball 3 1  Done                     05/15/2013 15:44:53
00963 ys2606-ib   ./main_ball 3 1  Done                     05/15/2013 15:44:53
00964 ys2606-ib   ./main_ball 3 1  Done                     05/15/2013 15:44:53
00965 ys2606-ib   ./main_ball 3 1  Done                     05/15/2013 15:44:53
00966 ys2606-ib   ./main_ball 3 1  Done                     05/15/2013 15:44:53
00967 ys2606-ib   ./main_ball 3 1  Done                     05/15/2013 15:44:53
00961 ys2606-ib   ./main_ball 3 1  Done                     05/15/2013 15:44:53
00968 ys2606-ib   ./main_ball 3 1  Done                     05/15/2013 15:44:53
00970 ys2606-ib   ./main_ball 3 1  Done                     05/15/2013 15:44:53
00969 ys2606-ib   ./main_ball 3 1  Done                     05/15/2013 15:44:53
00971 ys2606-ib   ./main_ball 3 1  Done                     05/15/2013 15:44:53
00972 ys2606-ib   ./main_ball 3 1  Done                     05/15/2013 15:44:53
00973 ys2606-ib   ./main_ball 3 1  Done                     05/15/2013 15:44:53
00974 ys2606-ib   ./main_ball 3 1  Done                     05/15/2013 15:44:53
00975 ys2606-ib   ./main_ball 3 1  Done                     05/15/2013 15:44:53
00944 ys2601-ib  ./main_ball 3 1   Done                     05/15/2013 15:44:53
00945 ys2601-ib   ./main_ball 3 1  Done                     05/15/2013 15:44:53
00946 ys2601-ib   ./main_ball 3 1  Done                     05/15/2013 15:44:53
00947 ys2601-ib   ./main_ball 3 1  Done                     05/15/2013 15:44:53
00948 ys2601-ib   ./main_ball 3 1  Done                     05/15/2013 15:44:53
00949 ys2601-ib   ./main_ball 3 1  Done                     05/15/2013 15:44:53
00951 ys2601-ib   ./main_ball 3 1  Done                     05/15/2013 15:44:53
00959 ys2601-ib   ./main_ball 3 1  Done                     05/15/2013 15:44:53
00950 ys2601-ib   ./main_ball 3 1  Done                     05/15/2013 15:44:53
00952 ys2601-ib   ./main_ball 3 1  Done                     05/15/2013 15:44:53
00953 ys2601-ib   ./main_ball 3 1  Done                     05/15/2013 15:44:53
00954 ys2601-ib   ./main_ball 3 1  Done                     05/15/2013 15:44:53
00955 ys2601-ib   ./main_ball 3 1  Done                     05/15/2013 15:44:53
00956 ys2601-ib   ./main_ball 3 1  Done                     05/15/2013 15:44:53
00957 ys2601-ib   ./main_ball 3 1  Done                     05/15/2013 15:44:53
00958 ys2601-ib   ./main_ball 3 1  Done                     05/15/2013 15:44:53
00928 ys2572-ib  ./main_ball 3 1   Done                     05/15/2013 15:44:53
00930 ys2572-ib   ./main_ball 3 1  Done                     05/15/2013 15:44:53
00929 ys2572-ib   ./main_ball 3 1  Done                     05/15/2013 15:44:53
00931 ys2572-ib   ./main_ball 3 1  Done                     05/15/2013 15:44:53
00932 ys2572-ib   ./main_ball 3 1  Done                     05/15/2013 15:44:53
00933 ys2572-ib   ./main_ball 3 1  Done                     05/15/2013 15:44:53
00934 ys2572-ib   ./main_ball 3 1  Done                     05/15/2013 15:44:53
00935 ys2572-ib   ./main_ball 3 1  Done                     05/15/2013 15:44:53
00937 ys2572-ib   ./main_ball 3 1  Done                     05/15/2013 15:44:53
00938 ys2572-ib   ./main_ball 3 1  Done                     05/15/2013 15:44:53
00940 ys2572-ib   ./main_ball 3 1  Done                     05/15/2013 15:44:53
00941 ys2572-ib   ./main_ball 3 1  Done                     05/15/2013 15:44:53
00942 ys2572-ib   ./main_ball 3 1  Done                     05/15/2013 15:44:53
00943 ys2572-ib   ./main_ball 3 1  Done                     05/15/2013 15:44:53
00936 ys2572-ib   ./main_ball 3 1  Done                     05/15/2013 15:44:53
00939 ys2572-ib   ./main_ball 3 1  Done                     05/15/2013 15:44:53
00912 ys2571-ib  ./main_ball 3 1   Done                     05/15/2013 15:44:53
00919 ys2571-ib   ./main_ball 3 1  Done                     05/15/2013 15:44:53
00922 ys2571-ib   ./main_ball 3 1  Done                     05/15/2013 15:44:53
00923 ys2571-ib   ./main_ball 3 1  Done                     05/15/2013 15:44:53
00924 ys2571-ib   ./main_ball 3 1  Done                     05/15/2013 15:44:53
00925 ys2571-ib   ./main_ball 3 1  Done                     05/15/2013 15:44:53
00926 ys2571-ib   ./main_ball 3 1  Done                     05/15/2013 15:44:53
00927 ys2571-ib   ./main_ball 3 1  Done                     05/15/2013 15:44:53
00913 ys2571-ib   ./main_ball 3 1  Done                     05/15/2013 15:44:53
00914 ys2571-ib   ./main_ball 3 1  Done                     05/15/2013 15:44:53
00915 ys2571-ib   ./main_ball 3 1  Done                     05/15/2013 15:44:53
00916 ys2571-ib   ./main_ball 3 1  Done                     05/15/2013 15:44:53
00917 ys2571-ib   ./main_ball 3 1  Done                     05/15/2013 15:44:53
00918 ys2571-ib   ./main_ball 3 1  Done                     05/15/2013 15:44:53
00920 ys2571-ib   ./main_ball 3 1  Done                     05/15/2013 15:44:53
00921 ys2571-ib   ./main_ball 3 1  Done                     05/15/2013 15:44:53
00896 ys2570-ib  ./main_ball 3 1   Done                     05/15/2013 15:44:53
00903 ys2570-ib   ./main_ball 3 1  Done                     05/15/2013 15:44:53
00897 ys2570-ib   ./main_ball 3 1  Done                     05/15/2013 15:44:53
00899 ys2570-ib   ./main_ball 3 1  Done                     05/15/2013 15:44:53
00900 ys2570-ib   ./main_ball 3 1  Done                     05/15/2013 15:44:53
00901 ys2570-ib   ./main_ball 3 1  Done                     05/15/2013 15:44:53
00902 ys2570-ib   ./main_ball 3 1  Done                     05/15/2013 15:44:53
00904 ys2570-ib   ./main_ball 3 1  Done                     05/15/2013 15:44:53
00905 ys2570-ib   ./main_ball 3 1  Done                     05/15/2013 15:44:53
00906 ys2570-ib   ./main_ball 3 1  Done                     05/15/2013 15:44:53
00907 ys2570-ib   ./main_ball 3 1  Done                     05/15/2013 15:44:53
00908 ys2570-ib   ./main_ball 3 1  Done                     05/15/2013 15:44:53
00898 ys2570-ib   ./main_ball 3 1  Done                     05/15/2013 15:44:53
00910 ys2570-ib   ./main_ball 3 1  Done                     05/15/2013 15:44:53
00909 ys2570-ib   ./main_ball 3 1  Done                     05/15/2013 15:44:53
00911 ys2570-ib   ./main_ball 3 1  Done                     05/15/2013 15:44:53
00880 ys2569-ib  ./main_ball 3 1   Done                     05/15/2013 15:44:53
00894 ys2569-ib   ./main_ball 3 1  Done                     05/15/2013 15:44:53
00895 ys2569-ib   ./main_ball 3 1  Done                     05/15/2013 15:44:53
00881 ys2569-ib   ./main_ball 3 1  Done                     05/15/2013 15:44:53
00882 ys2569-ib   ./main_ball 3 1  Done                     05/15/2013 15:44:53
00884 ys2569-ib   ./main_ball 3 1  Done                     05/15/2013 15:44:53
00887 ys2569-ib   ./main_ball 3 1  Done                     05/15/2013 15:44:53
00889 ys2569-ib   ./main_ball 3 1  Done                     05/15/2013 15:44:53
00891 ys2569-ib   ./main_ball 3 1  Done                     05/15/2013 15:44:53
00893 ys2569-ib   ./main_ball 3 1  Done                     05/15/2013 15:44:53
00883 ys2569-ib   ./main_ball 3 1  Done                     05/15/2013 15:44:53
00885 ys2569-ib   ./main_ball 3 1  Done                     05/15/2013 15:44:53
00886 ys2569-ib   ./main_ball 3 1  Done                     05/15/2013 15:44:53
00888 ys2569-ib   ./main_ball 3 1  Done                     05/15/2013 15:44:53
00890 ys2569-ib   ./main_ball 3 1  Done                     05/15/2013 15:44:53
00892 ys2569-ib   ./main_ball 3 1  Done                     05/15/2013 15:44:53
00864 ys2568-ib  ./main_ball 3 1   Done                     05/15/2013 15:44:53
00874 ys2568-ib   ./main_ball 3 1  Done                     05/15/2013 15:44:53
00875 ys2568-ib   ./main_ball 3 1  Done                     05/15/2013 15:44:53
00876 ys2568-ib   ./main_ball 3 1  Done                     05/15/2013 15:44:53
00877 ys2568-ib   ./main_ball 3 1  Done                     05/15/2013 15:44:53
00878 ys2568-ib   ./main_ball 3 1  Done                     05/15/2013 15:44:53
00879 ys2568-ib   ./main_ball 3 1  Done                     05/15/2013 15:44:53
00865 ys2568-ib   ./main_ball 3 1  Done                     05/15/2013 15:44:53
00866 ys2568-ib   ./main_ball 3 1  Done                     05/15/2013 15:44:53
00867 ys2568-ib   ./main_ball 3 1  Done                     05/15/2013 15:44:53
00868 ys2568-ib   ./main_ball 3 1  Done                     05/15/2013 15:44:53
00870 ys2568-ib   ./main_ball 3 1  Done                     05/15/2013 15:44:53
00869 ys2568-ib   ./main_ball 3 1  Done                     05/15/2013 15:44:53
00871 ys2568-ib   ./main_ball 3 1  Done                     05/15/2013 15:44:53
00872 ys2568-ib   ./main_ball 3 1  Done                     05/15/2013 15:44:53
00873 ys2568-ib   ./main_ball 3 1  Done                     05/15/2013 15:44:53
00848 ys2567-ib  ./main_ball 3 1   Done                     05/15/2013 15:44:53
00857 ys2567-ib   ./main_ball 3 1  Done                     05/15/2013 15:44:53
00860 ys2567-ib   ./main_ball 3 1  Done                     05/15/2013 15:44:53
00862 ys2567-ib   ./main_ball 3 1  Done                     05/15/2013 15:44:53
00863 ys2567-ib   ./main_ball 3 1  Done                     05/15/2013 15:44:53
00855 ys2567-ib   ./main_ball 3 1  Done                     05/15/2013 15:44:53
00856 ys2567-ib   ./main_ball 3 1  Done                     05/15/2013 15:44:53
00858 ys2567-ib   ./main_ball 3 1  Done                     05/15/2013 15:44:53
00859 ys2567-ib   ./main_ball 3 1  Done                     05/15/2013 15:44:53
00861 ys2567-ib   ./main_ball 3 1  Done                     05/15/2013 15:44:53
00850 ys2567-ib   ./main_ball 3 1  Done                     05/15/2013 15:44:53
00849 ys2567-ib   ./main_ball 3 1  Done                     05/15/2013 15:44:53
00851 ys2567-ib   ./main_ball 3 1  Done                     05/15/2013 15:44:53
00852 ys2567-ib   ./main_ball 3 1  Done                     05/15/2013 15:44:53
00853 ys2567-ib   ./main_ball 3 1  Done                     05/15/2013 15:44:53
00854 ys2567-ib   ./main_ball 3 1  Done                     05/15/2013 15:44:53
00832 ys2503-ib  ./main_ball 3 1   Done                     05/15/2013 15:44:53
00836 ys2503-ib   ./main_ball 3 1  Done                     05/15/2013 15:44:53
00837 ys2503-ib   ./main_ball 3 1  Done                     05/15/2013 15:44:53
00838 ys2503-ib   ./main_ball 3 1  Done                     05/15/2013 15:44:53
00840 ys2503-ib   ./main_ball 3 1  Done                     05/15/2013 15:44:53
00839 ys2503-ib   ./main_ball 3 1  Done                     05/15/2013 15:44:53
00841 ys2503-ib   ./main_ball 3 1  Done                     05/15/2013 15:44:53
00842 ys2503-ib   ./main_ball 3 1  Done                     05/15/2013 15:44:53
00843 ys2503-ib   ./main_ball 3 1  Done                     05/15/2013 15:44:53
00844 ys2503-ib   ./main_ball 3 1  Done                     05/15/2013 15:44:53
00845 ys2503-ib   ./main_ball 3 1  Done                     05/15/2013 15:44:53
00846 ys2503-ib   ./main_ball 3 1  Done                     05/15/2013 15:44:53
00847 ys2503-ib   ./main_ball 3 1  Done                     05/15/2013 15:44:53
00833 ys2503-ib   ./main_ball 3 1  Done                     05/15/2013 15:44:53
00834 ys2503-ib   ./main_ball 3 1  Done                     05/15/2013 15:44:53
00835 ys2503-ib   ./main_ball 3 1  Done                     05/15/2013 15:44:53
00816 ys2502-ib  ./main_ball 3 1   Done                     05/15/2013 15:44:53
00818 ys2502-ib   ./main_ball 3 1  Done                     05/15/2013 15:44:53
00819 ys2502-ib   ./main_ball 3 1  Done                     05/15/2013 15:44:53
00817 ys2502-ib   ./main_ball 3 1  Done                     05/15/2013 15:44:53
00820 ys2502-ib   ./main_ball 3 1  Done                     05/15/2013 15:44:53
00821 ys2502-ib   ./main_ball 3 1  Done                     05/15/2013 15:44:53
00822 ys2502-ib   ./main_ball 3 1  Done                     05/15/2013 15:44:53
00823 ys2502-ib   ./main_ball 3 1  Done                     05/15/2013 15:44:53
00824 ys2502-ib   ./main_ball 3 1  Done                     05/15/2013 15:44:53
00825 ys2502-ib   ./main_ball 3 1  Done                     05/15/2013 15:44:53
00826 ys2502-ib   ./main_ball 3 1  Done                     05/15/2013 15:44:53
00827 ys2502-ib   ./main_ball 3 1  Done                     05/15/2013 15:44:53
00828 ys2502-ib   ./main_ball 3 1  Done                     05/15/2013 15:44:53
00830 ys2502-ib   ./main_ball 3 1  Done                     05/15/2013 15:44:53
00829 ys2502-ib   ./main_ball 3 1  Done                     05/15/2013 15:44:53
00831 ys2502-ib   ./main_ball 3 1  Done                     05/15/2013 15:44:53
00800 ys2501-ib  ./main_ball 3 1   Done                     05/15/2013 15:44:53
00815 ys2501-ib   ./main_ball 3 1  Done                     05/15/2013 15:44:53
00801 ys2501-ib   ./main_ball 3 1  Done                     05/15/2013 15:44:53
00802 ys2501-ib   ./main_ball 3 1  Done                     05/15/2013 15:44:53
00803 ys2501-ib   ./main_ball 3 1  Done                     05/15/2013 15:44:53
00804 ys2501-ib   ./main_ball 3 1  Done                     05/15/2013 15:44:53
00805 ys2501-ib   ./main_ball 3 1  Done                     05/15/2013 15:44:53
00806 ys2501-ib   ./main_ball 3 1  Done                     05/15/2013 15:44:53
00807 ys2501-ib   ./main_ball 3 1  Done                     05/15/2013 15:44:53
00808 ys2501-ib   ./main_ball 3 1  Done                     05/15/2013 15:44:53
00810 ys2501-ib   ./main_ball 3 1  Done                     05/15/2013 15:44:53
00809 ys2501-ib   ./main_ball 3 1  Done                     05/15/2013 15:44:53
00811 ys2501-ib   ./main_ball 3 1  Done                     05/15/2013 15:44:53
00812 ys2501-ib   ./main_ball 3 1  Done                     05/15/2013 15:44:53
00813 ys2501-ib   ./main_ball 3 1  Done                     05/15/2013 15:44:53
00814 ys2501-ib   ./main_ball 3 1  Done                     05/15/2013 15:44:53
00784 ys2472-ib  ./main_ball 3 1   Done                     05/15/2013 15:44:53
00789 ys2472-ib   ./main_ball 3 1  Done                     05/15/2013 15:44:53
00795 ys2472-ib   ./main_ball 3 1  Done                     05/15/2013 15:44:53
00796 ys2472-ib   ./main_ball 3 1  Done                     05/15/2013 15:44:53
00797 ys2472-ib   ./main_ball 3 1  Done                     05/15/2013 15:44:53
00798 ys2472-ib   ./main_ball 3 1  Done                     05/15/2013 15:44:53
00799 ys2472-ib   ./main_ball 3 1  Done                     05/15/2013 15:44:53
00788 ys2472-ib   ./main_ball 3 1  Done                     05/15/2013 15:44:53
00790 ys2472-ib   ./main_ball 3 1  Done                     05/15/2013 15:44:53
00791 ys2472-ib   ./main_ball 3 1  Done                     05/15/2013 15:44:53
00792 ys2472-ib   ./main_ball 3 1  Done                     05/15/2013 15:44:53
00793 ys2472-ib   ./main_ball 3 1  Done                     05/15/2013 15:44:53
00794 ys2472-ib   ./main_ball 3 1  Done                     05/15/2013 15:44:53
00785 ys2472-ib   ./main_ball 3 1  Done                     05/15/2013 15:44:53
00786 ys2472-ib   ./main_ball 3 1  Done                     05/15/2013 15:44:53
00787 ys2472-ib   ./main_ball 3 1  Done                     05/15/2013 15:44:53
00768 ys2471-ib  ./main_ball 3 1   Done                     05/15/2013 15:44:53
00770 ys2471-ib   ./main_ball 3 1  Done                     05/15/2013 15:44:53
00769 ys2471-ib   ./main_ball 3 1  Done                     05/15/2013 15:44:53
00771 ys2471-ib   ./main_ball 3 1  Done                     05/15/2013 15:44:53
00772 ys2471-ib   ./main_ball 3 1  Done                     05/15/2013 15:44:53
00773 ys2471-ib   ./main_ball 3 1  Done                     05/15/2013 15:44:53
00774 ys2471-ib   ./main_ball 3 1  Done                     05/15/2013 15:44:53
00775 ys2471-ib   ./main_ball 3 1  Done                     05/15/2013 15:44:53
00776 ys2471-ib   ./main_ball 3 1  Done                     05/15/2013 15:44:53
00777 ys2471-ib   ./main_ball 3 1  Done                     05/15/2013 15:44:53
00778 ys2471-ib   ./main_ball 3 1  Done                     05/15/2013 15:44:53
00780 ys2471-ib   ./main_ball 3 1  Done                     05/15/2013 15:44:53
00779 ys2471-ib   ./main_ball 3 1  Done                     05/15/2013 15:44:53
00781 ys2471-ib   ./main_ball 3 1  Done                     05/15/2013 15:44:53
00782 ys2471-ib   ./main_ball 3 1  Done                     05/15/2013 15:44:53
00783 ys2471-ib   ./main_ball 3 1  Done                     05/15/2013 15:44:53
00752 ys2461-ib  ./main_ball 3 1   Done                     05/15/2013 15:44:53
00757 ys2461-ib   ./main_ball 3 1  Done                     05/15/2013 15:44:53
00761 ys2461-ib   ./main_ball 3 1  Done                     05/15/2013 15:44:53
00765 ys2461-ib   ./main_ball 3 1  Done                     05/15/2013 15:44:53
00767 ys2461-ib   ./main_ball 3 1  Done                     05/15/2013 15:44:53
00753 ys2461-ib   ./main_ball 3 1  Done                     05/15/2013 15:44:53
00754 ys2461-ib   ./main_ball 3 1  Done                     05/15/2013 15:44:53
00755 ys2461-ib   ./main_ball 3 1  Done                     05/15/2013 15:44:53
00756 ys2461-ib   ./main_ball 3 1  Done                     05/15/2013 15:44:53
00758 ys2461-ib   ./main_ball 3 1  Done                     05/15/2013 15:44:53
00760 ys2461-ib   ./main_ball 3 1  Done                     05/15/2013 15:44:53
00759 ys2461-ib   ./main_ball 3 1  Done                     05/15/2013 15:44:53
00762 ys2461-ib   ./main_ball 3 1  Done                     05/15/2013 15:44:53
00763 ys2461-ib   ./main_ball 3 1  Done                     05/15/2013 15:44:53
00764 ys2461-ib   ./main_ball 3 1  Done                     05/15/2013 15:44:53
00766 ys2461-ib   ./main_ball 3 1  Done                     05/15/2013 15:44:53
00736 ys2460-ib  ./main_ball 3 1   Done                     05/15/2013 15:44:53
00751 ys2460-ib   ./main_ball 3 1  Done                     05/15/2013 15:44:53
00737 ys2460-ib   ./main_ball 3 1  Done                     05/15/2013 15:44:53
00738 ys2460-ib   ./main_ball 3 1  Done                     05/15/2013 15:44:53
00740 ys2460-ib   ./main_ball 3 1  Done                     05/15/2013 15:44:53
00741 ys2460-ib   ./main_ball 3 1  Done                     05/15/2013 15:44:53
00743 ys2460-ib   ./main_ball 3 1  Done                     05/15/2013 15:44:53
00744 ys2460-ib   ./main_ball 3 1  Done                     05/15/2013 15:44:53
00745 ys2460-ib   ./main_ball 3 1  Done                     05/15/2013 15:44:53
00746 ys2460-ib   ./main_ball 3 1  Done                     05/15/2013 15:44:53
00747 ys2460-ib   ./main_ball 3 1  Done                     05/15/2013 15:44:53
00748 ys2460-ib   ./main_ball 3 1  Done                     05/15/2013 15:44:53
00750 ys2460-ib   ./main_ball 3 1  Done                     05/15/2013 15:44:53
00749 ys2460-ib   ./main_ball 3 1  Done                     05/15/2013 15:44:53
00739 ys2460-ib   ./main_ball 3 1  Done                     05/15/2013 15:44:53
00742 ys2460-ib   ./main_ball 3 1  Done                     05/15/2013 15:44:53
00720 ys2459-ib  ./main_ball 3 1   Done                     05/15/2013 15:44:53
00733 ys2459-ib   ./main_ball 3 1  Done                     05/15/2013 15:44:53
00734 ys2459-ib   ./main_ball 3 1  Done                     05/15/2013 15:44:53
00721 ys2459-ib   ./main_ball 3 1  Done                     05/15/2013 15:44:53
00723 ys2459-ib   ./main_ball 3 1  Done                     05/15/2013 15:44:53
00724 ys2459-ib   ./main_ball 3 1  Done                     05/15/2013 15:44:53
00725 ys2459-ib   ./main_ball 3 1  Done                     05/15/2013 15:44:53
00726 ys2459-ib   ./main_ball 3 1  Done                     05/15/2013 15:44:53
00727 ys2459-ib   ./main_ball 3 1  Done                     05/15/2013 15:44:53
00728 ys2459-ib   ./main_ball 3 1  Done                     05/15/2013 15:44:53
00730 ys2459-ib   ./main_ball 3 1  Done                     05/15/2013 15:44:53
00729 ys2459-ib   ./main_ball 3 1  Done                     05/15/2013 15:44:53
00732 ys2459-ib   ./main_ball 3 1  Done                     05/15/2013 15:44:53
00735 ys2459-ib   ./main_ball 3 1  Done                     05/15/2013 15:44:53
00722 ys2459-ib   ./main_ball 3 1  Done                     05/15/2013 15:44:53
00731 ys2459-ib   ./main_ball 3 1  Done                     05/15/2013 15:44:53
00704 ys2458-ib  ./main_ball 3 1   Done                     05/15/2013 15:44:53
00713 ys2458-ib   ./main_ball 3 1  Done                     05/15/2013 15:44:53
00717 ys2458-ib   ./main_ball 3 1  Done                     05/15/2013 15:44:53
00719 ys2458-ib   ./main_ball 3 1  Done                     05/15/2013 15:44:53
00705 ys2458-ib   ./main_ball 3 1  Done                     05/15/2013 15:44:53
00706 ys2458-ib   ./main_ball 3 1  Done                     05/15/2013 15:44:53
00707 ys2458-ib   ./main_ball 3 1  Done                     05/15/2013 15:44:53
00708 ys2458-ib   ./main_ball 3 1  Done                     05/15/2013 15:44:53
00710 ys2458-ib   ./main_ball 3 1  Done                     05/15/2013 15:44:53
00709 ys2458-ib   ./main_ball 3 1  Done                     05/15/2013 15:44:53
00711 ys2458-ib   ./main_ball 3 1  Done                     05/15/2013 15:44:53
00714 ys2458-ib   ./main_ball 3 1  Done                     05/15/2013 15:44:53
00715 ys2458-ib   ./main_ball 3 1  Done                     05/15/2013 15:44:53
00716 ys2458-ib   ./main_ball 3 1  Done                     05/15/2013 15:44:53
00718 ys2458-ib   ./main_ball 3 1  Done                     05/15/2013 15:44:53
00712 ys2458-ib   ./main_ball 3 1  Done                     05/15/2013 15:44:53
00688 ys2455-ib  ./main_ball 3 1   Done                     05/15/2013 15:44:53
00692 ys2455-ib   ./main_ball 3 1  Done                     05/15/2013 15:44:53
00700 ys2455-ib   ./main_ball 3 1  Done                     05/15/2013 15:44:53
00690 ys2455-ib   ./main_ball 3 1  Done                     05/15/2013 15:44:53
00689 ys2455-ib   ./main_ball 3 1  Done                     05/15/2013 15:44:53
00701 ys2455-ib   ./main_ball 3 1  Done                     05/15/2013 15:44:53
00691 ys2455-ib   ./main_ball 3 1  Done                     05/15/2013 15:44:53
00702 ys2455-ib   ./main_ball 3 1  Done                     05/15/2013 15:44:53
00703 ys2455-ib   ./main_ball 3 1  Done                     05/15/2013 15:44:53
00693 ys2455-ib   ./main_ball 3 1  Done                     05/15/2013 15:44:53
00694 ys2455-ib   ./main_ball 3 1  Done                     05/15/2013 15:44:53
00695 ys2455-ib   ./main_ball 3 1  Done                     05/15/2013 15:44:53
00696 ys2455-ib   ./main_ball 3 1  Done                     05/15/2013 15:44:53
00697 ys2455-ib   ./main_ball 3 1  Done                     05/15/2013 15:44:53
00698 ys2455-ib   ./main_ball 3 1  Done                     05/15/2013 15:44:53
00699 ys2455-ib   ./main_ball 3 1  Done                     05/15/2013 15:44:53
00672 ys2454-ib  ./main_ball 3 1   Done                     05/15/2013 15:44:53
00673 ys2454-ib   ./main_ball 3 1  Done                     05/15/2013 15:44:53
00674 ys2454-ib   ./main_ball 3 1  Done                     05/15/2013 15:44:53
00675 ys2454-ib   ./main_ball 3 1  Done                     05/15/2013 15:44:53
00676 ys2454-ib   ./main_ball 3 1  Done                     05/15/2013 15:44:53
00677 ys2454-ib   ./main_ball 3 1  Done                     05/15/2013 15:44:53
00680 ys2454-ib   ./main_ball 3 1  Done                     05/15/2013 15:44:53
00684 ys2454-ib   ./main_ball 3 1  Done                     05/15/2013 15:44:53
00685 ys2454-ib   ./main_ball 3 1  Done                     05/15/2013 15:44:53
00686 ys2454-ib   ./main_ball 3 1  Done                     05/15/2013 15:44:53
00687 ys2454-ib   ./main_ball 3 1  Done                     05/15/2013 15:44:53
00678 ys2454-ib   ./main_ball 3 1  Done                     05/15/2013 15:44:53
00679 ys2454-ib   ./main_ball 3 1  Done                     05/15/2013 15:44:53
00681 ys2454-ib   ./main_ball 3 1  Done                     05/15/2013 15:44:53
00682 ys2454-ib   ./main_ball 3 1  Done                     05/15/2013 15:44:53
00683 ys2454-ib   ./main_ball 3 1  Done                     05/15/2013 15:44:53
00656 ys2452-ib  ./main_ball 3 1   Done                     05/15/2013 15:44:53
00658 ys2452-ib   ./main_ball 3 1  Done                     05/15/2013 15:44:53
00665 ys2452-ib   ./main_ball 3 1  Done                     05/15/2013 15:44:53
00666 ys2452-ib   ./main_ball 3 1  Done                     05/15/2013 15:44:53
00667 ys2452-ib   ./main_ball 3 1  Done                     05/15/2013 15:44:53
00668 ys2452-ib   ./main_ball 3 1  Done                     05/15/2013 15:44:53
00670 ys2452-ib   ./main_ball 3 1  Done                     05/15/2013 15:44:53
00669 ys2452-ib   ./main_ball 3 1  Done                     05/15/2013 15:44:53
00671 ys2452-ib   ./main_ball 3 1  Done                     05/15/2013 15:44:53
00657 ys2452-ib   ./main_ball 3 1  Done                     05/15/2013 15:44:53
00660 ys2452-ib   ./main_ball 3 1  Done                     05/15/2013 15:44:53
00659 ys2452-ib   ./main_ball 3 1  Done                     05/15/2013 15:44:53
00661 ys2452-ib   ./main_ball 3 1  Done                     05/15/2013 15:44:53
00662 ys2452-ib   ./main_ball 3 1  Done                     05/15/2013 15:44:53
00663 ys2452-ib   ./main_ball 3 1  Done                     05/15/2013 15:44:53
00664 ys2452-ib   ./main_ball 3 1  Done                     05/15/2013 15:44:53
00640 ys2451-ib  ./main_ball 3 1   Done                     05/15/2013 15:44:53
00646 ys2451-ib   ./main_ball 3 1  Done                     05/15/2013 15:44:53
00647 ys2451-ib   ./main_ball 3 1  Done                     05/15/2013 15:44:53
00648 ys2451-ib   ./main_ball 3 1  Done                     05/15/2013 15:44:53
00650 ys2451-ib   ./main_ball 3 1  Done                     05/15/2013 15:44:53
00649 ys2451-ib   ./main_ball 3 1  Done                     05/15/2013 15:44:53
00651 ys2451-ib   ./main_ball 3 1  Done                     05/15/2013 15:44:53
00652 ys2451-ib   ./main_ball 3 1  Done                     05/15/2013 15:44:53
00653 ys2451-ib   ./main_ball 3 1  Done                     05/15/2013 15:44:53
00654 ys2451-ib   ./main_ball 3 1  Done                     05/15/2013 15:44:53
00655 ys2451-ib   ./main_ball 3 1  Done                     05/15/2013 15:44:53
00641 ys2451-ib   ./main_ball 3 1  Done                     05/15/2013 15:44:53
00642 ys2451-ib   ./main_ball 3 1  Done                     05/15/2013 15:44:53
00643 ys2451-ib   ./main_ball 3 1  Done                     05/15/2013 15:44:53
00644 ys2451-ib   ./main_ball 3 1  Done                     05/15/2013 15:44:53
00645 ys2451-ib   ./main_ball 3 1  Done                     05/15/2013 15:44:53
00624 ys2450-ib  ./main_ball 3 1   Done                     05/15/2013 15:44:53
00627 ys2450-ib   ./main_ball 3 1  Done                     05/15/2013 15:44:53
00628 ys2450-ib   ./main_ball 3 1  Done                     05/15/2013 15:44:53
00630 ys2450-ib   ./main_ball 3 1  Done                     05/15/2013 15:44:53
00629 ys2450-ib   ./main_ball 3 1  Done                     05/15/2013 15:44:53
00631 ys2450-ib   ./main_ball 3 1  Done                     05/15/2013 15:44:53
00632 ys2450-ib   ./main_ball 3 1  Done                     05/15/2013 15:44:53
00633 ys2450-ib   ./main_ball 3 1  Done                     05/15/2013 15:44:53
00634 ys2450-ib   ./main_ball 3 1  Done                     05/15/2013 15:44:53
00635 ys2450-ib   ./main_ball 3 1  Done                     05/15/2013 15:44:53
00636 ys2450-ib   ./main_ball 3 1  Done                     05/15/2013 15:44:53
00637 ys2450-ib   ./main_ball 3 1  Done                     05/15/2013 15:44:53
00638 ys2450-ib   ./main_ball 3 1  Done                     05/15/2013 15:44:53
00639 ys2450-ib   ./main_ball 3 1  Done                     05/15/2013 15:44:53
00625 ys2450-ib   ./main_ball 3 1  Done                     05/15/2013 15:44:53
00626 ys2450-ib   ./main_ball 3 1  Done                     05/15/2013 15:44:53
00608 ys2448-ib  ./main_ball 3 1   Done                     05/15/2013 15:44:53
00617 ys2448-ib   ./main_ball 3 1  Done                     05/15/2013 15:44:53
00610 ys2448-ib   ./main_ball 3 1  Done                     05/15/2013 15:44:53
00609 ys2448-ib   ./main_ball 3 1  Done                     05/15/2013 15:44:53
00611 ys2448-ib   ./main_ball 3 1  Done                     05/15/2013 15:44:53
00612 ys2448-ib   ./main_ball 3 1  Done                     05/15/2013 15:44:53
00613 ys2448-ib   ./main_ball 3 1  Done                     05/15/2013 15:44:53
00614 ys2448-ib   ./main_ball 3 1  Done                     05/15/2013 15:44:53
00615 ys2448-ib   ./main_ball 3 1  Done                     05/15/2013 15:44:53
00616 ys2448-ib   ./main_ball 3 1  Done                     05/15/2013 15:44:53
00618 ys2448-ib   ./main_ball 3 1  Done                     05/15/2013 15:44:53
00620 ys2448-ib   ./main_ball 3 1  Done                     05/15/2013 15:44:53
00619 ys2448-ib   ./main_ball 3 1  Done                     05/15/2013 15:44:53
00621 ys2448-ib   ./main_ball 3 1  Done                     05/15/2013 15:44:53
00622 ys2448-ib   ./main_ball 3 1  Done                     05/15/2013 15:44:53
00623 ys2448-ib   ./main_ball 3 1  Done                     05/15/2013 15:44:53
00592 ys2447-ib  ./main_ball 3 1   Done                     05/15/2013 15:44:53
00600 ys2447-ib   ./main_ball 3 1  Done                     05/15/2013 15:44:53
00601 ys2447-ib   ./main_ball 3 1  Done                     05/15/2013 15:44:53
00602 ys2447-ib   ./main_ball 3 1  Done                     05/15/2013 15:44:53
00603 ys2447-ib   ./main_ball 3 1  Done                     05/15/2013 15:44:53
00604 ys2447-ib   ./main_ball 3 1  Done                     05/15/2013 15:44:53
00594 ys2447-ib   ./main_ball 3 1  Done                     05/15/2013 15:44:53
00605 ys2447-ib   ./main_ball 3 1  Done                     05/15/2013 15:44:53
00595 ys2447-ib   ./main_ball 3 1  Done                     05/15/2013 15:44:53
00606 ys2447-ib   ./main_ball 3 1  Done                     05/15/2013 15:44:53
00596 ys2447-ib   ./main_ball 3 1  Done                     05/15/2013 15:44:53
00607 ys2447-ib   ./main_ball 3 1  Done                     05/15/2013 15:44:53
00597 ys2447-ib   ./main_ball 3 1  Done                     05/15/2013 15:44:53
00598 ys2447-ib   ./main_ball 3 1  Done                     05/15/2013 15:44:53
00599 ys2447-ib   ./main_ball 3 1  Done                     05/15/2013 15:44:53
00593 ys2447-ib   ./main_ball 3 1  Done                     05/15/2013 15:44:53
00576 ys2422-ib  ./main_ball 3 1   Done                     05/15/2013 15:44:53
00582 ys2422-ib   ./main_ball 3 1  Done                     05/15/2013 15:44:53
00584 ys2422-ib   ./main_ball 3 1  Done                     05/15/2013 15:44:53
00587 ys2422-ib   ./main_ball 3 1  Done                     05/15/2013 15:44:53
00588 ys2422-ib   ./main_ball 3 1  Done                     05/15/2013 15:44:53
00590 ys2422-ib   ./main_ball 3 1  Done                     05/15/2013 15:44:53
00589 ys2422-ib   ./main_ball 3 1  Done                     05/15/2013 15:44:53
00577 ys2422-ib   ./main_ball 3 1  Done                     05/15/2013 15:44:53
00578 ys2422-ib   ./main_ball 3 1  Done                     05/15/2013 15:44:53
00580 ys2422-ib   ./main_ball 3 1  Done                     05/15/2013 15:44:53
00579 ys2422-ib   ./main_ball 3 1  Done                     05/15/2013 15:44:53
00581 ys2422-ib   ./main_ball 3 1  Done                     05/15/2013 15:44:53
00583 ys2422-ib   ./main_ball 3 1  Done                     05/15/2013 15:44:53
00585 ys2422-ib   ./main_ball 3 1  Done                     05/15/2013 15:44:53
00586 ys2422-ib   ./main_ball 3 1  Done                     05/15/2013 15:44:53
00591 ys2422-ib   ./main_ball 3 1  Done                     05/15/2013 15:44:53
00560 ys2265-ib  ./main_ball 3 1   Done                     05/15/2013 15:44:53
00563 ys2265-ib   ./main_ball 3 1  Done                     05/15/2013 15:44:53
00564 ys2265-ib   ./main_ball 3 1  Done                     05/15/2013 15:44:53
00566 ys2265-ib   ./main_ball 3 1  Done                     05/15/2013 15:44:53
00568 ys2265-ib   ./main_ball 3 1  Done                     05/15/2013 15:44:53
00569 ys2265-ib   ./main_ball 3 1  Done                     05/15/2013 15:44:53
00574 ys2265-ib   ./main_ball 3 1  Done                     05/15/2013 15:44:53
00561 ys2265-ib   ./main_ball 3 1  Done                     05/15/2013 15:44:53
00562 ys2265-ib   ./main_ball 3 1  Done                     05/15/2013 15:44:53
00565 ys2265-ib   ./main_ball 3 1  Done                     05/15/2013 15:44:53
00567 ys2265-ib   ./main_ball 3 1  Done                     05/15/2013 15:44:53
00570 ys2265-ib   ./main_ball 3 1  Done                     05/15/2013 15:44:53
00571 ys2265-ib   ./main_ball 3 1  Done                     05/15/2013 15:44:53
00572 ys2265-ib   ./main_ball 3 1  Done                     05/15/2013 15:44:53
00573 ys2265-ib   ./main_ball 3 1  Done                     05/15/2013 15:44:53
00575 ys2265-ib   ./main_ball 3 1  Done                     05/15/2013 15:44:53
00544 ys2264-ib  ./main_ball 3 1   Done                     05/15/2013 15:44:53
00545 ys2264-ib   ./main_ball 3 1  Done                     05/15/2013 15:44:53
00546 ys2264-ib   ./main_ball 3 1  Done                     05/15/2013 15:44:53
00547 ys2264-ib   ./main_ball 3 1  Done                     05/15/2013 15:44:53
00548 ys2264-ib   ./main_ball 3 1  Done                     05/15/2013 15:44:53
00550 ys2264-ib   ./main_ball 3 1  Done                     05/15/2013 15:44:53
00549 ys2264-ib   ./main_ball 3 1  Done                     05/15/2013 15:44:53
00551 ys2264-ib   ./main_ball 3 1  Done                     05/15/2013 15:44:53
00552 ys2264-ib   ./main_ball 3 1  Done                     05/15/2013 15:44:53
00553 ys2264-ib   ./main_ball 3 1  Done                     05/15/2013 15:44:53
00554 ys2264-ib   ./main_ball 3 1  Done                     05/15/2013 15:44:53
00555 ys2264-ib   ./main_ball 3 1  Done                     05/15/2013 15:44:53
00556 ys2264-ib   ./main_ball 3 1  Done                     05/15/2013 15:44:53
00557 ys2264-ib   ./main_ball 3 1  Done                     05/15/2013 15:44:53
00558 ys2264-ib   ./main_ball 3 1  Done                     05/15/2013 15:44:53
00559 ys2264-ib   ./main_ball 3 1  Done                     05/15/2013 15:44:53
00528 ys2263-ib  ./main_ball 3 1   Done                     05/15/2013 15:44:53
00529 ys2263-ib   ./main_ball 3 1  Done                     05/15/2013 15:44:53
00531 ys2263-ib   ./main_ball 3 1  Done                     05/15/2013 15:44:53
00533 ys2263-ib   ./main_ball 3 1  Done                     05/15/2013 15:44:53
00542 ys2263-ib   ./main_ball 3 1  Done                     05/15/2013 15:44:53
00543 ys2263-ib   ./main_ball 3 1  Done                     05/15/2013 15:44:53
00530 ys2263-ib   ./main_ball 3 1  Done                     05/15/2013 15:44:53
00532 ys2263-ib   ./main_ball 3 1  Done                     05/15/2013 15:44:53
00534 ys2263-ib   ./main_ball 3 1  Done                     05/15/2013 15:44:53
00535 ys2263-ib   ./main_ball 3 1  Done                     05/15/2013 15:44:53
00536 ys2263-ib   ./main_ball 3 1  Done                     05/15/2013 15:44:53
00537 ys2263-ib   ./main_ball 3 1  Done                     05/15/2013 15:44:53
00538 ys2263-ib   ./main_ball 3 1  Done                     05/15/2013 15:44:53
00540 ys2263-ib   ./main_ball 3 1  Done                     05/15/2013 15:44:53
00539 ys2263-ib   ./main_ball 3 1  Done                     05/15/2013 15:44:53
00541 ys2263-ib   ./main_ball 3 1  Done                     05/15/2013 15:44:53
00512 ys2262-ib  ./main_ball 3 1   Done                     05/15/2013 15:44:53
00513 ys2262-ib   ./main_ball 3 1  Done                     05/15/2013 15:44:53
00514 ys2262-ib   ./main_ball 3 1  Done                     05/15/2013 15:44:53
00523 ys2262-ib   ./main_ball 3 1  Done                     05/15/2013 15:44:53
00524 ys2262-ib   ./main_ball 3 1  Done                     05/15/2013 15:44:53
00525 ys2262-ib   ./main_ball 3 1  Done                     05/15/2013 15:44:53
00526 ys2262-ib   ./main_ball 3 1  Done                     05/15/2013 15:44:53
00527 ys2262-ib   ./main_ball 3 1  Done                     05/15/2013 15:44:53
00515 ys2262-ib   ./main_ball 3 1  Done                     05/15/2013 15:44:53
00516 ys2262-ib   ./main_ball 3 1  Done                     05/15/2013 15:44:53
00517 ys2262-ib   ./main_ball 3 1  Done                     05/15/2013 15:44:53
00518 ys2262-ib   ./main_ball 3 1  Done                     05/15/2013 15:44:53
00520 ys2262-ib   ./main_ball 3 1  Done                     05/15/2013 15:44:53
00519 ys2262-ib   ./main_ball 3 1  Done                     05/15/2013 15:44:53
00521 ys2262-ib   ./main_ball 3 1  Done                     05/15/2013 15:44:53
00522 ys2262-ib   ./main_ball 3 1  Done                     05/15/2013 15:44:53
00496 ys2261-ib  ./main_ball 3 1   Done                     05/15/2013 15:44:53
00498 ys2261-ib   ./main_ball 3 1  Done                     05/15/2013 15:44:53
00499 ys2261-ib   ./main_ball 3 1  Done                     05/15/2013 15:44:53
00500 ys2261-ib   ./main_ball 3 1  Done                     05/15/2013 15:44:53
00503 ys2261-ib   ./main_ball 3 1  Done                     05/15/2013 15:44:53
00504 ys2261-ib   ./main_ball 3 1  Done                     05/15/2013 15:44:53
00505 ys2261-ib   ./main_ball 3 1  Done                     05/15/2013 15:44:53
00506 ys2261-ib   ./main_ball 3 1  Done                     05/15/2013 15:44:53
00507 ys2261-ib   ./main_ball 3 1  Done                     05/15/2013 15:44:53
00497 ys2261-ib   ./main_ball 3 1  Done                     05/15/2013 15:44:53
00508 ys2261-ib   ./main_ball 3 1  Done                     05/15/2013 15:44:53
00510 ys2261-ib   ./main_ball 3 1  Done                     05/15/2013 15:44:53
00509 ys2261-ib   ./main_ball 3 1  Done                     05/15/2013 15:44:53
00511 ys2261-ib   ./main_ball 3 1  Done                     05/15/2013 15:44:53
00501 ys2261-ib   ./main_ball 3 1  Done                     05/15/2013 15:44:53
00502 ys2261-ib   ./main_ball 3 1  Done                     05/15/2013 15:44:53
00480 ys2260-ib  ./main_ball 3 1   Done                     05/15/2013 15:44:53
00481 ys2260-ib   ./main_ball 3 1  Done                     05/15/2013 15:44:53
00494 ys2260-ib   ./main_ball 3 1  Done                     05/15/2013 15:44:53
00495 ys2260-ib   ./main_ball 3 1  Done                     05/15/2013 15:44:53
00482 ys2260-ib   ./main_ball 3 1  Done                     05/15/2013 15:44:53
00483 ys2260-ib   ./main_ball 3 1  Done                     05/15/2013 15:44:53
00484 ys2260-ib   ./main_ball 3 1  Done                     05/15/2013 15:44:53
00485 ys2260-ib   ./main_ball 3 1  Done                     05/15/2013 15:44:53
00486 ys2260-ib   ./main_ball 3 1  Done                     05/15/2013 15:44:53
00487 ys2260-ib   ./main_ball 3 1  Done                     05/15/2013 15:44:53
00488 ys2260-ib   ./main_ball 3 1  Done                     05/15/2013 15:44:53
00490 ys2260-ib   ./main_ball 3 1  Done                     05/15/2013 15:44:53
00489 ys2260-ib   ./main_ball 3 1  Done                     05/15/2013 15:44:53
00491 ys2260-ib   ./main_ball 3 1  Done                     05/15/2013 15:44:53
00492 ys2260-ib   ./main_ball 3 1  Done                     05/15/2013 15:44:53
00493 ys2260-ib   ./main_ball 3 1  Done                     05/15/2013 15:44:53
00464 ys2259-ib  ./main_ball 3 1   Done                     05/15/2013 15:44:53
00468 ys2259-ib   ./main_ball 3 1  Done                     05/15/2013 15:44:53
00470 ys2259-ib   ./main_ball 3 1  Done                     05/15/2013 15:44:53
00475 ys2259-ib   ./main_ball 3 1  Done                     05/15/2013 15:44:53
00476 ys2259-ib   ./main_ball 3 1  Done                     05/15/2013 15:44:53
00477 ys2259-ib   ./main_ball 3 1  Done                     05/15/2013 15:44:53
00478 ys2259-ib   ./main_ball 3 1  Done                     05/15/2013 15:44:53
00479 ys2259-ib   ./main_ball 3 1  Done                     05/15/2013 15:44:53
00465 ys2259-ib   ./main_ball 3 1  Done                     05/15/2013 15:44:53
00466 ys2259-ib   ./main_ball 3 1  Done                     05/15/2013 15:44:53
00467 ys2259-ib   ./main_ball 3 1  Done                     05/15/2013 15:44:53
00469 ys2259-ib   ./main_ball 3 1  Done                     05/15/2013 15:44:53
00471 ys2259-ib   ./main_ball 3 1  Done                     05/15/2013 15:44:53
00472 ys2259-ib   ./main_ball 3 1  Done                     05/15/2013 15:44:53
00473 ys2259-ib   ./main_ball 3 1  Done                     05/15/2013 15:44:53
00474 ys2259-ib   ./main_ball 3 1  Done                     05/15/2013 15:44:53
00448 ys2226-ib  ./main_ball 3 1   Done                     05/15/2013 15:44:53
00457 ys2226-ib   ./main_ball 3 1  Done                     05/15/2013 15:44:53
00458 ys2226-ib   ./main_ball 3 1  Done                     05/15/2013 15:44:53
00462 ys2226-ib   ./main_ball 3 1  Done                     05/15/2013 15:44:53
00463 ys2226-ib   ./main_ball 3 1  Done                     05/15/2013 15:44:53
00450 ys2226-ib   ./main_ball 3 1  Done                     05/15/2013 15:44:53
00449 ys2226-ib   ./main_ball 3 1  Done                     05/15/2013 15:44:53
00451 ys2226-ib   ./main_ball 3 1  Done                     05/15/2013 15:44:53
00452 ys2226-ib   ./main_ball 3 1  Done                     05/15/2013 15:44:53
00453 ys2226-ib   ./main_ball 3 1  Done                     05/15/2013 15:44:53
00454 ys2226-ib   ./main_ball 3 1  Done                     05/15/2013 15:44:53
00455 ys2226-ib   ./main_ball 3 1  Done                     05/15/2013 15:44:53
00456 ys2226-ib   ./main_ball 3 1  Done                     05/15/2013 15:44:53
00460 ys2226-ib   ./main_ball 3 1  Done                     05/15/2013 15:44:53
00459 ys2226-ib   ./main_ball 3 1  Done                     05/15/2013 15:44:53
00461 ys2226-ib   ./main_ball 3 1  Done                     05/15/2013 15:44:53
00432 ys2224-ib  ./main_ball 3 1   Done                     05/15/2013 15:44:53
00437 ys2224-ib   ./main_ball 3 1  Done                     05/15/2013 15:44:53
00438 ys2224-ib   ./main_ball 3 1  Done                     05/15/2013 15:44:53
00439 ys2224-ib   ./main_ball 3 1  Done                     05/15/2013 15:44:53
00443 ys2224-ib   ./main_ball 3 1  Done                     05/15/2013 15:44:53
00445 ys2224-ib   ./main_ball 3 1  Done                     05/15/2013 15:44:53
00446 ys2224-ib   ./main_ball 3 1  Done                     05/15/2013 15:44:53
00433 ys2224-ib   ./main_ball 3 1  Done                     05/15/2013 15:44:53
00435 ys2224-ib   ./main_ball 3 1  Done                     05/15/2013 15:44:53
00436 ys2224-ib   ./main_ball 3 1  Done                     05/15/2013 15:44:53
00440 ys2224-ib   ./main_ball 3 1  Done                     05/15/2013 15:44:53
00441 ys2224-ib   ./main_ball 3 1  Done                     05/15/2013 15:44:53
00442 ys2224-ib   ./main_ball 3 1  Done                     05/15/2013 15:44:53
00444 ys2224-ib   ./main_ball 3 1  Done                     05/15/2013 15:44:53
00447 ys2224-ib   ./main_ball 3 1  Done                     05/15/2013 15:44:53
00434 ys2224-ib   ./main_ball 3 1  Done                     05/15/2013 15:44:53
00416 ys2222-ib  ./main_ball 3 1   Done                     05/15/2013 15:44:53
00418 ys2222-ib   ./main_ball 3 1  Done                     05/15/2013 15:44:53
00420 ys2222-ib   ./main_ball 3 1  Done                     05/15/2013 15:44:53
00419 ys2222-ib   ./main_ball 3 1  Done                     05/15/2013 15:44:53
00421 ys2222-ib   ./main_ball 3 1  Done                     05/15/2013 15:44:53
00422 ys2222-ib   ./main_ball 3 1  Done                     05/15/2013 15:44:53
00423 ys2222-ib   ./main_ball 3 1  Done                     05/15/2013 15:44:53
00424 ys2222-ib   ./main_ball 3 1  Done                     05/15/2013 15:44:53
00425 ys2222-ib   ./main_ball 3 1  Done                     05/15/2013 15:44:53
00426 ys2222-ib   ./main_ball 3 1  Done                     05/15/2013 15:44:53
00427 ys2222-ib   ./main_ball 3 1  Done                     05/15/2013 15:44:53
00428 ys2222-ib   ./main_ball 3 1  Done                     05/15/2013 15:44:53
00430 ys2222-ib   ./main_ball 3 1  Done                     05/15/2013 15:44:53
00429 ys2222-ib   ./main_ball 3 1  Done                     05/15/2013 15:44:53
00431 ys2222-ib   ./main_ball 3 1  Done                     05/15/2013 15:44:53
00417 ys2222-ib   ./main_ball 3 1  Done                     05/15/2013 15:44:53
00400 ys2221-ib  ./main_ball 3 1   Done                     05/15/2013 15:44:53
00401 ys2221-ib   ./main_ball 3 1  Done                     05/15/2013 15:44:53
00402 ys2221-ib   ./main_ball 3 1  Done                     05/15/2013 15:44:53
00403 ys2221-ib   ./main_ball 3 1  Done                     05/15/2013 15:44:53
00404 ys2221-ib   ./main_ball 3 1  Done                     05/15/2013 15:44:53
00405 ys2221-ib   ./main_ball 3 1  Done                     05/15/2013 15:44:53
00406 ys2221-ib   ./main_ball 3 1  Done                     05/15/2013 15:44:53
00407 ys2221-ib   ./main_ball 3 1  Done                     05/15/2013 15:44:53
00408 ys2221-ib   ./main_ball 3 1  Done                     05/15/2013 15:44:53
00410 ys2221-ib   ./main_ball 3 1  Done                     05/15/2013 15:44:53
00409 ys2221-ib   ./main_ball 3 1  Done                     05/15/2013 15:44:53
00411 ys2221-ib   ./main_ball 3 1  Done                     05/15/2013 15:44:53
00412 ys2221-ib   ./main_ball 3 1  Done                     05/15/2013 15:44:53
00413 ys2221-ib   ./main_ball 3 1  Done                     05/15/2013 15:44:53
00414 ys2221-ib   ./main_ball 3 1  Done                     05/15/2013 15:44:53
00415 ys2221-ib   ./main_ball 3 1  Done                     05/15/2013 15:44:53
00384 ys2055-ib  ./main_ball 3 1   Done                     05/15/2013 15:44:53
00385 ys2055-ib   ./main_ball 3 1  Done                     05/15/2013 15:44:53
00386 ys2055-ib   ./main_ball 3 1  Done                     05/15/2013 15:44:53
00387 ys2055-ib   ./main_ball 3 1  Done                     05/15/2013 15:44:53
00390 ys2055-ib   ./main_ball 3 1  Done                     05/15/2013 15:44:53
00389 ys2055-ib   ./main_ball 3 1  Done                     05/15/2013 15:44:53
00391 ys2055-ib   ./main_ball 3 1  Done                     05/15/2013 15:44:53
00392 ys2055-ib   ./main_ball 3 1  Done                     05/15/2013 15:44:53
00393 ys2055-ib   ./main_ball 3 1  Done                     05/15/2013 15:44:53
00394 ys2055-ib   ./main_ball 3 1  Done                     05/15/2013 15:44:53
00395 ys2055-ib   ./main_ball 3 1  Done                     05/15/2013 15:44:53
00396 ys2055-ib   ./main_ball 3 1  Done                     05/15/2013 15:44:53
00397 ys2055-ib   ./main_ball 3 1  Done                     05/15/2013 15:44:53
00398 ys2055-ib   ./main_ball 3 1  Done                     05/15/2013 15:44:53
00399 ys2055-ib   ./main_ball 3 1  Done                     05/15/2013 15:44:53
00388 ys2055-ib   ./main_ball 3 1  Done                     05/15/2013 15:44:53
00368 ys2053-ib  ./main_ball 3 1   Done                     05/15/2013 15:44:53
00370 ys2053-ib   ./main_ball 3 1  Done                     05/15/2013 15:44:53
00369 ys2053-ib   ./main_ball 3 1  Done                     05/15/2013 15:44:53
00371 ys2053-ib   ./main_ball 3 1  Done                     05/15/2013 15:44:53
00372 ys2053-ib   ./main_ball 3 1  Done                     05/15/2013 15:44:53
00373 ys2053-ib   ./main_ball 3 1  Done                     05/15/2013 15:44:53
00374 ys2053-ib   ./main_ball 3 1  Done                     05/15/2013 15:44:53
00375 ys2053-ib   ./main_ball 3 1  Done                     05/15/2013 15:44:53
00376 ys2053-ib   ./main_ball 3 1  Done                     05/15/2013 15:44:53
00377 ys2053-ib   ./main_ball 3 1  Done                     05/15/2013 15:44:53
00378 ys2053-ib   ./main_ball 3 1  Done                     05/15/2013 15:44:53
00380 ys2053-ib   ./main_ball 3 1  Done                     05/15/2013 15:44:53
00379 ys2053-ib   ./main_ball 3 1  Done                     05/15/2013 15:44:53
00381 ys2053-ib   ./main_ball 3 1  Done                     05/15/2013 15:44:53
00382 ys2053-ib   ./main_ball 3 1  Done                     05/15/2013 15:44:53
00383 ys2053-ib   ./main_ball 3 1  Done                     05/15/2013 15:44:53
00352 ys2051-ib  ./main_ball 3 1   Done                     05/15/2013 15:44:53
00353 ys2051-ib   ./main_ball 3 1  Done                     05/15/2013 15:44:53
00354 ys2051-ib   ./main_ball 3 1  Done                     05/15/2013 15:44:53
00355 ys2051-ib   ./main_ball 3 1  Done                     05/15/2013 15:44:53
00356 ys2051-ib   ./main_ball 3 1  Done                     05/15/2013 15:44:53
00357 ys2051-ib   ./main_ball 3 1  Done                     05/15/2013 15:44:53
00358 ys2051-ib   ./main_ball 3 1  Done                     05/15/2013 15:44:53
00360 ys2051-ib   ./main_ball 3 1  Done                     05/15/2013 15:44:53
00359 ys2051-ib   ./main_ball 3 1  Done                     05/15/2013 15:44:53
00361 ys2051-ib   ./main_ball 3 1  Done                     05/15/2013 15:44:53
00362 ys2051-ib   ./main_ball 3 1  Done                     05/15/2013 15:44:53
00363 ys2051-ib   ./main_ball 3 1  Done                     05/15/2013 15:44:53
00364 ys2051-ib   ./main_ball 3 1  Done                     05/15/2013 15:44:53
00365 ys2051-ib   ./main_ball 3 1  Done                     05/15/2013 15:44:53
00366 ys2051-ib   ./main_ball 3 1  Done                     05/15/2013 15:44:53
00367 ys2051-ib   ./main_ball 3 1  Done                     05/15/2013 15:44:53
00336 ys2050-ib  ./main_ball 3 1   Done                     05/15/2013 15:44:53
00337 ys2050-ib   ./main_ball 3 1  Done                     05/15/2013 15:44:53
00338 ys2050-ib   ./main_ball 3 1  Done                     05/15/2013 15:44:53
00340 ys2050-ib   ./main_ball 3 1  Done                     05/15/2013 15:44:53
00339 ys2050-ib   ./main_ball 3 1  Done                     05/15/2013 15:44:53
00341 ys2050-ib   ./main_ball 3 1  Done                     05/15/2013 15:44:53
00342 ys2050-ib   ./main_ball 3 1  Done                     05/15/2013 15:44:53
00343 ys2050-ib   ./main_ball 3 1  Done                     05/15/2013 15:44:53
00344 ys2050-ib   ./main_ball 3 1  Done                     05/15/2013 15:44:53
00345 ys2050-ib   ./main_ball 3 1  Done                     05/15/2013 15:44:53
00346 ys2050-ib   ./main_ball 3 1  Done                     05/15/2013 15:44:53
00347 ys2050-ib   ./main_ball 3 1  Done                     05/15/2013 15:44:53
00348 ys2050-ib   ./main_ball 3 1  Done                     05/15/2013 15:44:53
00350 ys2050-ib   ./main_ball 3 1  Done                     05/15/2013 15:44:53
00349 ys2050-ib   ./main_ball 3 1  Done                     05/15/2013 15:44:53
00351 ys2050-ib   ./main_ball 3 1  Done                     05/15/2013 15:44:53
00320 ys2049-ib  ./main_ball 3 1   Done                     05/15/2013 15:44:53
00333 ys2049-ib   ./main_ball 3 1  Done                     05/15/2013 15:44:53
00334 ys2049-ib   ./main_ball 3 1  Done                     05/15/2013 15:44:53
00335 ys2049-ib   ./main_ball 3 1  Done                     05/15/2013 15:44:53
00321 ys2049-ib   ./main_ball 3 1  Done                     05/15/2013 15:44:53
00322 ys2049-ib   ./main_ball 3 1  Done                     05/15/2013 15:44:53
00323 ys2049-ib   ./main_ball 3 1  Done                     05/15/2013 15:44:53
00324 ys2049-ib   ./main_ball 3 1  Done                     05/15/2013 15:44:53
00325 ys2049-ib   ./main_ball 3 1  Done                     05/15/2013 15:44:53
00326 ys2049-ib   ./main_ball 3 1  Done                     05/15/2013 15:44:53
00327 ys2049-ib   ./main_ball 3 1  Done                     05/15/2013 15:44:53
00328 ys2049-ib   ./main_ball 3 1  Done                     05/15/2013 15:44:53
00330 ys2049-ib   ./main_ball 3 1  Done                     05/15/2013 15:44:53
00329 ys2049-ib   ./main_ball 3 1  Done                     05/15/2013 15:44:53
00331 ys2049-ib   ./main_ball 3 1  Done                     05/15/2013 15:44:53
00332 ys2049-ib   ./main_ball 3 1  Done                     05/15/2013 15:44:53
00304 ys2015-ib  ./main_ball 3 1   Done                     05/15/2013 15:44:53
00314 ys2015-ib   ./main_ball 3 1  Done                     05/15/2013 15:44:53
00315 ys2015-ib   ./main_ball 3 1  Done                     05/15/2013 15:44:53
00316 ys2015-ib   ./main_ball 3 1  Done                     05/15/2013 15:44:53
00317 ys2015-ib   ./main_ball 3 1  Done                     05/15/2013 15:44:53
00318 ys2015-ib   ./main_ball 3 1  Done                     05/15/2013 15:44:53
00319 ys2015-ib   ./main_ball 3 1  Done                     05/15/2013 15:44:53
00305 ys2015-ib   ./main_ball 3 1  Done                     05/15/2013 15:44:53
00306 ys2015-ib   ./main_ball 3 1  Done                     05/15/2013 15:44:53
00307 ys2015-ib   ./main_ball 3 1  Done                     05/15/2013 15:44:53
00308 ys2015-ib   ./main_ball 3 1  Done                     05/15/2013 15:44:53
00310 ys2015-ib   ./main_ball 3 1  Done                     05/15/2013 15:44:53
00309 ys2015-ib   ./main_ball 3 1  Done                     05/15/2013 15:44:53
00311 ys2015-ib   ./main_ball 3 1  Done                     05/15/2013 15:44:53
00312 ys2015-ib   ./main_ball 3 1  Done                     05/15/2013 15:44:53
00313 ys2015-ib   ./main_ball 3 1  Done                     05/15/2013 15:44:53
00288 ys2003-ib  ./main_ball 3 1   Done                     05/15/2013 15:44:53
00290 ys2003-ib   ./main_ball 3 1  Done                     05/15/2013 15:44:53
00289 ys2003-ib   ./main_ball 3 1  Done                     05/15/2013 15:44:53
00291 ys2003-ib   ./main_ball 3 1  Done                     05/15/2013 15:44:53
00295 ys2003-ib   ./main_ball 3 1  Done                     05/15/2013 15:44:53
00300 ys2003-ib   ./main_ball 3 1  Done                     05/15/2013 15:44:53
00301 ys2003-ib   ./main_ball 3 1  Done                     05/15/2013 15:44:53
00302 ys2003-ib   ./main_ball 3 1  Done                     05/15/2013 15:44:53
00292 ys2003-ib   ./main_ball 3 1  Done                     05/15/2013 15:44:53
00303 ys2003-ib   ./main_ball 3 1  Done                     05/15/2013 15:44:53
00293 ys2003-ib   ./main_ball 3 1  Done                     05/15/2013 15:44:53
00294 ys2003-ib   ./main_ball 3 1  Done                     05/15/2013 15:44:53
00296 ys2003-ib   ./main_ball 3 1  Done                     05/15/2013 15:44:53
00297 ys2003-ib   ./main_ball 3 1  Done                     05/15/2013 15:44:53
00298 ys2003-ib   ./main_ball 3 1  Done                     05/15/2013 15:44:53
00299 ys2003-ib   ./main_ball 3 1  Done                     05/15/2013 15:44:53
00272 ys2002-ib  ./main_ball 3 1   Done                     05/15/2013 15:44:53
00274 ys2002-ib   ./main_ball 3 1  Done                     05/15/2013 15:44:53
00285 ys2002-ib   ./main_ball 3 1  Done                     05/15/2013 15:44:53
00286 ys2002-ib   ./main_ball 3 1  Done                     05/15/2013 15:44:53
00287 ys2002-ib   ./main_ball 3 1  Done                     05/15/2013 15:44:53
00273 ys2002-ib   ./main_ball 3 1  Done                     05/15/2013 15:44:53
00275 ys2002-ib   ./main_ball 3 1  Done                     05/15/2013 15:44:53
00276 ys2002-ib   ./main_ball 3 1  Done                     05/15/2013 15:44:53
00277 ys2002-ib   ./main_ball 3 1  Done                     05/15/2013 15:44:53
00278 ys2002-ib   ./main_ball 3 1  Done                     05/15/2013 15:44:53
00280 ys2002-ib   ./main_ball 3 1  Done                     05/15/2013 15:44:53
00279 ys2002-ib   ./main_ball 3 1  Done                     05/15/2013 15:44:53
00281 ys2002-ib   ./main_ball 3 1  Done                     05/15/2013 15:44:53
00282 ys2002-ib   ./main_ball 3 1  Done                     05/15/2013 15:44:53
00283 ys2002-ib   ./main_ball 3 1  Done                     05/15/2013 15:44:53
00284 ys2002-ib   ./main_ball 3 1  Done                     05/15/2013 15:44:53
00256 ys1956-ib  ./main_ball 3 1   Done                     05/15/2013 15:44:53
00257 ys1956-ib   ./main_ball 3 1  Done                     05/15/2013 15:44:53
00258 ys1956-ib   ./main_ball 3 1  Done                     05/15/2013 15:44:53
00260 ys1956-ib   ./main_ball 3 1  Done                     05/15/2013 15:44:53
00259 ys1956-ib   ./main_ball 3 1  Done                     05/15/2013 15:44:53
00261 ys1956-ib   ./main_ball 3 1  Done                     05/15/2013 15:44:53
00262 ys1956-ib   ./main_ball 3 1  Done                     05/15/2013 15:44:53
00266 ys1956-ib   ./main_ball 3 1  Done                     05/15/2013 15:44:53
00267 ys1956-ib   ./main_ball 3 1  Done                     05/15/2013 15:44:53
00268 ys1956-ib   ./main_ball 3 1  Done                     05/15/2013 15:44:53
00270 ys1956-ib   ./main_ball 3 1  Done                     05/15/2013 15:44:53
00269 ys1956-ib   ./main_ball 3 1  Done                     05/15/2013 15:44:53
00271 ys1956-ib   ./main_ball 3 1  Done                     05/15/2013 15:44:53
00263 ys1956-ib   ./main_ball 3 1  Done                     05/15/2013 15:44:53
00264 ys1956-ib   ./main_ball 3 1  Done                     05/15/2013 15:44:53
00265 ys1956-ib   ./main_ball 3 1  Done                     05/15/2013 15:44:53
00240 ys1952-ib  ./main_ball 3 1   Done                     05/15/2013 15:44:53
00247 ys1952-ib   ./main_ball 3 1  Done                     05/15/2013 15:44:53
00248 ys1952-ib   ./main_ball 3 1  Done                     05/15/2013 15:44:53
00250 ys1952-ib   ./main_ball 3 1  Done                     05/15/2013 15:44:53
00249 ys1952-ib   ./main_ball 3 1  Done                     05/15/2013 15:44:53
00251 ys1952-ib   ./main_ball 3 1  Done                     05/15/2013 15:44:53
00252 ys1952-ib   ./main_ball 3 1  Done                     05/15/2013 15:44:53
00253 ys1952-ib   ./main_ball 3 1  Done                     05/15/2013 15:44:53
00254 ys1952-ib   ./main_ball 3 1  Done                     05/15/2013 15:44:53
00255 ys1952-ib   ./main_ball 3 1  Done                     05/15/2013 15:44:53
00241 ys1952-ib   ./main_ball 3 1  Done                     05/15/2013 15:44:53
00242 ys1952-ib   ./main_ball 3 1  Done                     05/15/2013 15:44:53
00243 ys1952-ib   ./main_ball 3 1  Done                     05/15/2013 15:44:53
00244 ys1952-ib   ./main_ball 3 1  Done                     05/15/2013 15:44:53
00245 ys1952-ib   ./main_ball 3 1  Done                     05/15/2013 15:44:53
00246 ys1952-ib   ./main_ball 3 1  Done                     05/15/2013 15:44:53
00224 ys1951-ib  ./main_ball 3 1   Done                     05/15/2013 15:44:53
00228 ys1951-ib   ./main_ball 3 1  Done                     05/15/2013 15:44:53
00230 ys1951-ib   ./main_ball 3 1  Done                     05/15/2013 15:44:53
00229 ys1951-ib   ./main_ball 3 1  Done                     05/15/2013 15:44:53
00231 ys1951-ib   ./main_ball 3 1  Done                     05/15/2013 15:44:53
00232 ys1951-ib   ./main_ball 3 1  Done                     05/15/2013 15:44:53
00233 ys1951-ib   ./main_ball 3 1  Done                     05/15/2013 15:44:53
00234 ys1951-ib   ./main_ball 3 1  Done                     05/15/2013 15:44:53
00235 ys1951-ib   ./main_ball 3 1  Done                     05/15/2013 15:44:53
00236 ys1951-ib   ./main_ball 3 1  Done                     05/15/2013 15:44:53
00237 ys1951-ib   ./main_ball 3 1  Done                     05/15/2013 15:44:53
00238 ys1951-ib   ./main_ball 3 1  Done                     05/15/2013 15:44:53
00239 ys1951-ib   ./main_ball 3 1  Done                     05/15/2013 15:44:53
00225 ys1951-ib   ./main_ball 3 1  Done                     05/15/2013 15:44:53
00226 ys1951-ib   ./main_ball 3 1  Done                     05/15/2013 15:44:53
00227 ys1951-ib   ./main_ball 3 1  Done                     05/15/2013 15:44:53
00208 ys1950-ib  ./main_ball 3 1   Done                     05/15/2013 15:44:53
00210 ys1950-ib   ./main_ball 3 1  Done                     05/15/2013 15:44:53
00209 ys1950-ib   ./main_ball 3 1  Done                     05/15/2013 15:44:53
00211 ys1950-ib   ./main_ball 3 1  Done                     05/15/2013 15:44:53
00212 ys1950-ib   ./main_ball 3 1  Done                     05/15/2013 15:44:53
00213 ys1950-ib   ./main_ball 3 1  Done                     05/15/2013 15:44:53
00214 ys1950-ib   ./main_ball 3 1  Done                     05/15/2013 15:44:53
00215 ys1950-ib   ./main_ball 3 1  Done                     05/15/2013 15:44:53
00216 ys1950-ib   ./main_ball 3 1  Done                     05/15/2013 15:44:53
00217 ys1950-ib   ./main_ball 3 1  Done                     05/15/2013 15:44:53
00218 ys1950-ib   ./main_ball 3 1  Done                     05/15/2013 15:44:53
00220 ys1950-ib   ./main_ball 3 1  Done                     05/15/2013 15:44:53
00219 ys1950-ib   ./main_ball 3 1  Done                     05/15/2013 15:44:53
00221 ys1950-ib   ./main_ball 3 1  Done                     05/15/2013 15:44:53
00222 ys1950-ib   ./main_ball 3 1  Done                     05/15/2013 15:44:53
00223 ys1950-ib   ./main_ball 3 1  Done                     05/15/2013 15:44:53
00192 ys1949-ib  ./main_ball 3 1   Done                     05/15/2013 15:44:53
00194 ys1949-ib   ./main_ball 3 1  Done                     05/15/2013 15:44:53
00197 ys1949-ib   ./main_ball 3 1  Done                     05/15/2013 15:44:53
00199 ys1949-ib   ./main_ball 3 1  Done                     05/15/2013 15:44:53
00200 ys1949-ib   ./main_ball 3 1  Done                     05/15/2013 15:44:53
00201 ys1949-ib   ./main_ball 3 1  Done                     05/15/2013 15:44:53
00202 ys1949-ib   ./main_ball 3 1  Done                     05/15/2013 15:44:53
00203 ys1949-ib   ./main_ball 3 1  Done                     05/15/2013 15:44:53
00193 ys1949-ib   ./main_ball 3 1  Done                     05/15/2013 15:44:53
00204 ys1949-ib   ./main_ball 3 1  Done                     05/15/2013 15:44:53
00205 ys1949-ib   ./main_ball 3 1  Done                     05/15/2013 15:44:53
00195 ys1949-ib   ./main_ball 3 1  Done                     05/15/2013 15:44:53
00206 ys1949-ib   ./main_ball 3 1  Done                     05/15/2013 15:44:53
00196 ys1949-ib   ./main_ball 3 1  Done                     05/15/2013 15:44:53
00207 ys1949-ib   ./main_ball 3 1  Done                     05/15/2013 15:44:53
00198 ys1949-ib   ./main_ball 3 1  Done                     05/15/2013 15:44:53
00176 ys1948-ib  ./main_ball 3 1   Done                     05/15/2013 15:44:53
00181 ys1948-ib   ./main_ball 3 1  Done                     05/15/2013 15:44:53
00182 ys1948-ib   ./main_ball 3 1  Done                     05/15/2013 15:44:53
00183 ys1948-ib   ./main_ball 3 1  Done                     05/15/2013 15:44:53
00184 ys1948-ib   ./main_ball 3 1  Done                     05/15/2013 15:44:53
00185 ys1948-ib   ./main_ball 3 1  Done                     05/15/2013 15:44:53
00186 ys1948-ib   ./main_ball 3 1  Done                     05/15/2013 15:44:53
00187 ys1948-ib   ./main_ball 3 1  Done                     05/15/2013 15:44:53
00188 ys1948-ib   ./main_ball 3 1  Done                     05/15/2013 15:44:53
00190 ys1948-ib   ./main_ball 3 1  Done                     05/15/2013 15:44:53
00189 ys1948-ib   ./main_ball 3 1  Done                     05/15/2013 15:44:53
00191 ys1948-ib   ./main_ball 3 1  Done                     05/15/2013 15:44:53
00177 ys1948-ib   ./main_ball 3 1  Done                     05/15/2013 15:44:53
00178 ys1948-ib   ./main_ball 3 1  Done                     05/15/2013 15:44:53
00180 ys1948-ib   ./main_ball 3 1  Done                     05/15/2013 15:44:53
00179 ys1948-ib   ./main_ball 3 1  Done                     05/15/2013 15:44:53
00160 ys1945-ib  ./main_ball 3 1   Done                     05/15/2013 15:44:53
00162 ys1945-ib   ./main_ball 3 1  Done                     05/15/2013 15:44:53
00163 ys1945-ib   ./main_ball 3 1  Done                     05/15/2013 15:44:53
00164 ys1945-ib   ./main_ball 3 1  Done                     05/15/2013 15:44:53
00165 ys1945-ib   ./main_ball 3 1  Done                     05/15/2013 15:44:53
00166 ys1945-ib   ./main_ball 3 1  Done                     05/15/2013 15:44:53
00167 ys1945-ib   ./main_ball 3 1  Done                     05/15/2013 15:44:53
00168 ys1945-ib   ./main_ball 3 1  Done                     05/15/2013 15:44:53
00170 ys1945-ib   ./main_ball 3 1  Done                     05/15/2013 15:44:53
00169 ys1945-ib   ./main_ball 3 1  Done                     05/15/2013 15:44:53
00171 ys1945-ib   ./main_ball 3 1  Done                     05/15/2013 15:44:53
00172 ys1945-ib   ./main_ball 3 1  Done                     05/15/2013 15:44:53
00173 ys1945-ib   ./main_ball 3 1  Done                     05/15/2013 15:44:53
00174 ys1945-ib   ./main_ball 3 1  Done                     05/15/2013 15:44:53
00175 ys1945-ib   ./main_ball 3 1  Done                     05/15/2013 15:44:53
00161 ys1945-ib   ./main_ball 3 1  Done                     05/15/2013 15:44:53
00144 ys1942-ib  ./main_ball 3 1   Done                     05/15/2013 15:44:53
00145 ys1942-ib   ./main_ball 3 1  Done                     05/15/2013 15:44:53
00146 ys1942-ib   ./main_ball 3 1  Done                     05/15/2013 15:44:53
00147 ys1942-ib   ./main_ball 3 1  Done                     05/15/2013 15:44:53
00148 ys1942-ib   ./main_ball 3 1  Done                     05/15/2013 15:44:53
00150 ys1942-ib   ./main_ball 3 1  Done                     05/15/2013 15:44:53
00149 ys1942-ib   ./main_ball 3 1  Done                     05/15/2013 15:44:53
00151 ys1942-ib   ./main_ball 3 1  Done                     05/15/2013 15:44:53
00152 ys1942-ib   ./main_ball 3 1  Done                     05/15/2013 15:44:53
00153 ys1942-ib   ./main_ball 3 1  Done                     05/15/2013 15:44:53
00154 ys1942-ib   ./main_ball 3 1  Done                     05/15/2013 15:44:53
00155 ys1942-ib   ./main_ball 3 1  Done                     05/15/2013 15:44:53
00156 ys1942-ib   ./main_ball 3 1  Done                     05/15/2013 15:44:53
00157 ys1942-ib   ./main_ball 3 1  Done                     05/15/2013 15:44:53
00158 ys1942-ib   ./main_ball 3 1  Done                     05/15/2013 15:44:53
00159 ys1942-ib   ./main_ball 3 1  Done                     05/15/2013 15:44:53
00128 ys1941-ib  ./main_ball 3 1   Done                     05/15/2013 15:44:53
00129 ys1941-ib   ./main_ball 3 1  Done                     05/15/2013 15:44:53
00131 ys1941-ib   ./main_ball 3 1  Done                     05/15/2013 15:44:53
00132 ys1941-ib   ./main_ball 3 1  Done                     05/15/2013 15:44:53
00133 ys1941-ib   ./main_ball 3 1  Done                     05/15/2013 15:44:53
00134 ys1941-ib   ./main_ball 3 1  Done                     05/15/2013 15:44:53
00135 ys1941-ib   ./main_ball 3 1  Done                     05/15/2013 15:44:53
00136 ys1941-ib   ./main_ball 3 1  Done                     05/15/2013 15:44:53
00137 ys1941-ib   ./main_ball 3 1  Done                     05/15/2013 15:44:53
00138 ys1941-ib   ./main_ball 3 1  Done                     05/15/2013 15:44:53
00141 ys1941-ib   ./main_ball 3 1  Done                     05/15/2013 15:44:53
00142 ys1941-ib   ./main_ball 3 1  Done                     05/15/2013 15:44:53
00143 ys1941-ib   ./main_ball 3 1  Done                     05/15/2013 15:44:53
00130 ys1941-ib   ./main_ball 3 1  Done                     05/15/2013 15:44:53
00140 ys1941-ib   ./main_ball 3 1  Done                     05/15/2013 15:44:53
00139 ys1941-ib   ./main_ball 3 1  Done                     05/15/2013 15:44:53
00112 ys1909-ib  ./main_ball 3 1   Done                     05/15/2013 15:44:53
00116 ys1909-ib   ./main_ball 3 1  Done                     05/15/2013 15:44:53
00117 ys1909-ib   ./main_ball 3 1  Done                     05/15/2013 15:44:53
00118 ys1909-ib   ./main_ball 3 1  Done                     05/15/2013 15:44:53
00121 ys1909-ib   ./main_ball 3 1  Done                     05/15/2013 15:44:53
00124 ys1909-ib   ./main_ball 3 1  Done                     05/15/2013 15:44:53
00125 ys1909-ib   ./main_ball 3 1  Done                     05/15/2013 15:44:53
00126 ys1909-ib   ./main_ball 3 1  Done                     05/15/2013 15:44:53
00127 ys1909-ib   ./main_ball 3 1  Done                     05/15/2013 15:44:53
00113 ys1909-ib   ./main_ball 3 1  Done                     05/15/2013 15:44:53
00114 ys1909-ib   ./main_ball 3 1  Done                     05/15/2013 15:44:53
00115 ys1909-ib   ./main_ball 3 1  Done                     05/15/2013 15:44:53
00120 ys1909-ib   ./main_ball 3 1  Done                     05/15/2013 15:44:53
00119 ys1909-ib   ./main_ball 3 1  Done                     05/15/2013 15:44:53
00122 ys1909-ib   ./main_ball 3 1  Done                     05/15/2013 15:44:53
00123 ys1909-ib   ./main_ball 3 1  Done                     05/15/2013 15:44:53
00096 ys1905-ib  ./main_ball 3 1   Done                     05/15/2013 15:44:53
00098 ys1905-ib   ./main_ball 3 1  Done                     05/15/2013 15:44:53
00105 ys1905-ib   ./main_ball 3 1  Done                     05/15/2013 15:44:53
00106 ys1905-ib   ./main_ball 3 1  Done                     05/15/2013 15:44:53
00107 ys1905-ib   ./main_ball 3 1  Done                     05/15/2013 15:44:53
00108 ys1905-ib   ./main_ball 3 1  Done                     05/15/2013 15:44:53
00110 ys1905-ib   ./main_ball 3 1  Done                     05/15/2013 15:44:53
00109 ys1905-ib   ./main_ball 3 1  Done                     05/15/2013 15:44:53
00111 ys1905-ib   ./main_ball 3 1  Done                     05/15/2013 15:44:53
00097 ys1905-ib   ./main_ball 3 1  Done                     05/15/2013 15:44:53
00099 ys1905-ib   ./main_ball 3 1  Done                     05/15/2013 15:44:53
00100 ys1905-ib   ./main_ball 3 1  Done                     05/15/2013 15:44:53
00101 ys1905-ib   ./main_ball 3 1  Done                     05/15/2013 15:44:53
00102 ys1905-ib   ./main_ball 3 1  Done                     05/15/2013 15:44:53
00103 ys1905-ib   ./main_ball 3 1  Done                     05/15/2013 15:44:53
00104 ys1905-ib   ./main_ball 3 1  Done                     05/15/2013 15:44:53
00080 ys1901-ib  ./main_ball 3 1   Done                     05/15/2013 15:44:53
00090 ys1901-ib   ./main_ball 3 1  Done                     05/15/2013 15:44:53
00089 ys1901-ib   ./main_ball 3 1  Done                     05/15/2013 15:44:53
00091 ys1901-ib   ./main_ball 3 1  Done                     05/15/2013 15:44:53
00092 ys1901-ib   ./main_ball 3 1  Done                     05/15/2013 15:44:53
00093 ys1901-ib   ./main_ball 3 1  Done                     05/15/2013 15:44:53
00094 ys1901-ib   ./main_ball 3 1  Done                     05/15/2013 15:44:53
00095 ys1901-ib   ./main_ball 3 1  Done                     05/15/2013 15:44:53
00081 ys1901-ib   ./main_ball 3 1  Done                     05/15/2013 15:44:53
00082 ys1901-ib   ./main_ball 3 1  Done                     05/15/2013 15:44:53
00083 ys1901-ib   ./main_ball 3 1  Done                     05/15/2013 15:44:53
00084 ys1901-ib   ./main_ball 3 1  Done                     05/15/2013 15:44:53
00085 ys1901-ib   ./main_ball 3 1  Done                     05/15/2013 15:44:53
00086 ys1901-ib   ./main_ball 3 1  Done                     05/15/2013 15:44:53
00087 ys1901-ib   ./main_ball 3 1  Done                     05/15/2013 15:44:53
00088 ys1901-ib   ./main_ball 3 1  Done                     05/15/2013 15:44:53
00064 ys1872-ib  ./main_ball 3 1   Done                     05/15/2013 15:44:53
00073 ys1872-ib   ./main_ball 3 1  Done                     05/15/2013 15:44:53
00074 ys1872-ib   ./main_ball 3 1  Done                     05/15/2013 15:44:53
00065 ys1872-ib   ./main_ball 3 1  Done                     05/15/2013 15:44:53
00067 ys1872-ib   ./main_ball 3 1  Done                     05/15/2013 15:44:53
00068 ys1872-ib   ./main_ball 3 1  Done                     05/15/2013 15:44:53
00070 ys1872-ib   ./main_ball 3 1  Done                     05/15/2013 15:44:53
00069 ys1872-ib   ./main_ball 3 1  Done                     05/15/2013 15:44:53
00071 ys1872-ib   ./main_ball 3 1  Done                     05/15/2013 15:44:53
00072 ys1872-ib   ./main_ball 3 1  Done                     05/15/2013 15:44:53
00075 ys1872-ib   ./main_ball 3 1  Done                     05/15/2013 15:44:53
00076 ys1872-ib   ./main_ball 3 1  Done                     05/15/2013 15:44:53
00077 ys1872-ib   ./main_ball 3 1  Done                     05/15/2013 15:44:53
00078 ys1872-ib   ./main_ball 3 1  Done                     05/15/2013 15:44:53
00079 ys1872-ib   ./main_ball 3 1  Done                     05/15/2013 15:44:53
00066 ys1872-ib   ./main_ball 3 1  Done                     05/15/2013 15:44:53
00048 ys1871-ib  ./main_ball 3 1   Done                     05/15/2013 15:44:53
00050 ys1871-ib   ./main_ball 3 1  Done                     05/15/2013 15:44:53
00049 ys1871-ib   ./main_ball 3 1  Done                     05/15/2013 15:44:53
00052 ys1871-ib   ./main_ball 3 1  Done                     05/15/2013 15:44:53
00053 ys1871-ib   ./main_ball 3 1  Done                     05/15/2013 15:44:53
00054 ys1871-ib   ./main_ball 3 1  Done                     05/15/2013 15:44:53
00055 ys1871-ib   ./main_ball 3 1  Done                     05/15/2013 15:44:53
00056 ys1871-ib   ./main_ball 3 1  Done                     05/15/2013 15:44:53
00057 ys1871-ib   ./main_ball 3 1  Done                     05/15/2013 15:44:53
00058 ys1871-ib   ./main_ball 3 1  Done                     05/15/2013 15:44:53
00060 ys1871-ib   ./main_ball 3 1  Done                     05/15/2013 15:44:53
00059 ys1871-ib   ./main_ball 3 1  Done                     05/15/2013 15:44:53
00061 ys1871-ib   ./main_ball 3 1  Done                     05/15/2013 15:44:53
00062 ys1871-ib   ./main_ball 3 1  Done                     05/15/2013 15:44:53
00063 ys1871-ib   ./main_ball 3 1  Done                     05/15/2013 15:44:53
00051 ys1871-ib   ./main_ball 3 1  Done                     05/15/2013 15:44:53
00032 ys1855-ib  ./main_ball 3 1   Done                     05/15/2013 15:44:53
00033 ys1855-ib   ./main_ball 3 1  Done                     05/15/2013 15:44:53
00034 ys1855-ib   ./main_ball 3 1  Done                     05/15/2013 15:44:53
00035 ys1855-ib   ./main_ball 3 1  Done                     05/15/2013 15:44:53
00036 ys1855-ib   ./main_ball 3 1  Done                     05/15/2013 15:44:53
00037 ys1855-ib   ./main_ball 3 1  Done                     05/15/2013 15:44:53
00038 ys1855-ib   ./main_ball 3 1  Done                     05/15/2013 15:44:53
00040 ys1855-ib   ./main_ball 3 1  Done                     05/15/2013 15:44:53
00039 ys1855-ib   ./main_ball 3 1  Done                     05/15/2013 15:44:53
00041 ys1855-ib   ./main_ball 3 1  Done                     05/15/2013 15:44:53
00043 ys1855-ib   ./main_ball 3 1  Done                     05/15/2013 15:44:53
00044 ys1855-ib   ./main_ball 3 1  Done                     05/15/2013 15:44:53
00046 ys1855-ib   ./main_ball 3 1  Done                     05/15/2013 15:44:53
00047 ys1855-ib   ./main_ball 3 1  Done                     05/15/2013 15:44:53
00042 ys1855-ib   ./main_ball 3 1  Done                     05/15/2013 15:44:53
00045 ys1855-ib   ./main_ball 3 1  Done                     05/15/2013 15:44:53
00016 ys1824-ib  ./main_ball 3 1   Done                     05/15/2013 15:44:53
00017 ys1824-ib   ./main_ball 3 1  Done                     05/15/2013 15:44:53
00018 ys1824-ib   ./main_ball 3 1  Done                     05/15/2013 15:44:53
00020 ys1824-ib   ./main_ball 3 1  Done                     05/15/2013 15:44:53
00019 ys1824-ib   ./main_ball 3 1  Done                     05/15/2013 15:44:53
00021 ys1824-ib   ./main_ball 3 1  Done                     05/15/2013 15:44:53
00022 ys1824-ib   ./main_ball 3 1  Done                     05/15/2013 15:44:53
00023 ys1824-ib   ./main_ball 3 1  Done                     05/15/2013 15:44:53
00024 ys1824-ib   ./main_ball 3 1  Done                     05/15/2013 15:44:53
00025 ys1824-ib   ./main_ball 3 1  Done                     05/15/2013 15:44:53
00026 ys1824-ib   ./main_ball 3 1  Done                     05/15/2013 15:44:53
00027 ys1824-ib   ./main_ball 3 1  Done                     05/15/2013 15:44:53
00028 ys1824-ib   ./main_ball 3 1  Done                     05/15/2013 15:44:53
00030 ys1824-ib   ./main_ball 3 1  Done                     05/15/2013 15:44:53
00029 ys1824-ib   ./main_ball 3 1  Done                     05/15/2013 15:44:53
00031 ys1824-ib   ./main_ball 3 1  Done                     05/15/2013 15:44:53
00000 ys1822-ib  ./main_ball 3 1   Done                     05/15/2013 15:44:53
00014 ys1822-ib   ./main_ball 3 1  Done                     05/15/2013 15:44:53
00003 ys1822-ib   ./main_ball 3 1  Done                     05/15/2013 15:44:53
00004 ys1822-ib   ./main_ball 3 1  Done                     05/15/2013 15:44:53
00005 ys1822-ib   ./main_ball 3 1  Done                     05/15/2013 15:44:53
00006 ys1822-ib   ./main_ball 3 1  Done                     05/15/2013 15:44:53
00007 ys1822-ib   ./main_ball 3 1  Done                     05/15/2013 15:44:53
00008 ys1822-ib   ./main_ball 3 1  Done                     05/15/2013 15:44:53
00009 ys1822-ib   ./main_ball 3 1  Done                     05/15/2013 15:44:53
00010 ys1822-ib   ./main_ball 3 1  Done                     05/15/2013 15:44:53
00011 ys1822-ib   ./main_ball 3 1  Done                     05/15/2013 15:44:53
00001 ys1822-ib   ./main_ball 3 1  Done                     05/15/2013 15:44:53
00013 ys1822-ib   ./main_ball 3 1  Done                     05/15/2013 15:44:53
00002 ys1822-ib   ./main_ball 3 1  Done                     05/15/2013 15:44:53
00015 ys1822-ib   ./main_ball 3 1  Done                     05/15/2013 15:44:53
00012 ys1822-ib   ./main_ball 3 1  Done                     05/15/2013 15:44:53

------------------------------------------------------------
Sender: LSF System <lsfadmin@ys1822-ib>
Subject: Job 662282: <mb.1024> Done

Job <mb.1024> was submitted from host <yslogin3-ib> by user <robertk> in cluster <yellowstone>.
Job was executed on host(s) <16*ys1822-ib>, in queue <small>, as user <robertk> in cluster <yellowstone>.
                            <16*ys1824-ib>
                            <16*ys1855-ib>
                            <16*ys1871-ib>
                            <16*ys1872-ib>
                            <16*ys1901-ib>
                            <16*ys1905-ib>
                            <16*ys1909-ib>
                            <16*ys1941-ib>
                            <16*ys1942-ib>
                            <16*ys1945-ib>
                            <16*ys1948-ib>
                            <16*ys1949-ib>
                            <16*ys1950-ib>
                            <16*ys1951-ib>
                            <16*ys1952-ib>
                            <16*ys1956-ib>
                            <16*ys2002-ib>
                            <16*ys2003-ib>
                            <16*ys2015-ib>
                            <16*ys2049-ib>
                            <16*ys2050-ib>
                            <16*ys2051-ib>
                            <16*ys2053-ib>
                            <16*ys2055-ib>
                            <16*ys2221-ib>
                            <16*ys2222-ib>
                            <16*ys2224-ib>
                            <16*ys2226-ib>
                            <16*ys2259-ib>
                            <16*ys2260-ib>
                            <16*ys2261-ib>
                            <16*ys2262-ib>
                            <16*ys2263-ib>
                            <16*ys2264-ib>
                            <16*ys2265-ib>
                            <16*ys2422-ib>
                            <16*ys2447-ib>
                            <16*ys2448-ib>
                            <16*ys2450-ib>
                            <16*ys2451-ib>
                            <16*ys2452-ib>
                            <16*ys2454-ib>
                            <16*ys2455-ib>
                            <16*ys2458-ib>
                            <16*ys2459-ib>
                            <16*ys2460-ib>
                            <16*ys2461-ib>
                            <16*ys2471-ib>
                            <16*ys2472-ib>
                            <16*ys2501-ib>
                            <16*ys2502-ib>
                            <16*ys2503-ib>
                            <16*ys2567-ib>
                            <16*ys2568-ib>
                            <16*ys2569-ib>
                            <16*ys2570-ib>
                            <16*ys2571-ib>
                            <16*ys2572-ib>
                            <16*ys2601-ib>
                            <16*ys2606-ib>
                            <16*ys2607-ib>
                            <16*ys2608-ib>
                            <16*ys2609-ib>
</glade/u/home/robertk> was used as the home directory.
</glade/u/home/robertk/work/Dune/trunk/alugrid/examples> was used as the working directory.
Started at Wed May 15 15:44:14 2013
Results reported at Wed May 15 15:44:57 2013

Your job looked like:

------------------------------------------------------------
# LSBATCH: User input
#!/bin/bash
# LSF batch script to run an MPI application
#
#BSUB -P P86850055           # project code
#BSUB -W 00:10               # wall-clock time (hrs:mins)
#BSUB -n 1024              # number of tasks in job
#BSUB -R span[ptile=16]    # run 16 MPI tasks per node
#BSUB -J mb.1024            # job name
#BSUB -o ./out/mb.1024.%J.out  # output file name 
#BSUB -e ./err/mb.1024.%J.err  # error file name
#BSUB -q small             # queue
#run the executable
mpirun.lsf ./main_ball 3 1 4 none

------------------------------------------------------------

Successfully completed.

Resource usage summary:

    CPU time   :  28836.91 sec.
    Max Memory :       179 MB
    Max Swap   :      3064 MB

    Max Processes  :         7
    Max Threads    :        77

The output (if any) is above this job summary.



PS:

Read file <./err/mb.1024.662282.err> for stderr output of this job.

