Caught DGFException on creation of SGrid, trying default DGF method!

Created parallel ALUGrid<3,3,cube,nonconforming> from macro grid file ''. 

globalRefine: 1
elements = 7295226 (10431,18163,1.74125)   maxLevel = 4   step = 12   time = 0.108   dt = 0.009
elements = 7182295 (10378,17958,1.73039)   maxLevel = 4   step = 23   time = 0.207   dt = 0.009
elements = 7160245 (10525,17698,1.68152)   maxLevel = 4   step = 34   time = 0.306   dt = 0.009
elements = 7337226 (10475,18284,1.74549)   maxLevel = 4   step = 45   time = 0.405   dt = 0.009
elements = 7085443 (9932,17704,1.78252)   maxLevel = 4   step = 56   time = 0.504   dt = 0.009
elements = 7327356 (10461,18192,1.73903)   maxLevel = 4   step = 67   time = 0.603   dt = 0.009
elements = 7211954 (10384,17598,1.69472)   maxLevel = 4   step = 78   time = 0.702   dt = 0.009
elements = 7115382 (10049,17624,1.75381)   maxLevel = 4   step = 89   time = 0.801   dt = 0.009
elements = 7275521 (10399,18055,1.73622)   maxLevel = 4   step = 100   time = 0.9   dt = 0.009
elements = 7011817 (9645,17684,1.83349)   maxLevel = 4   step = 112   time = 1.008   dt = 0.009
U2 max: 0.11  min: 0.03
U3 max: 0.02  min: 0
U4 max: 10.47  min: 4.52
U5 max: 3.33  min: 2.13
U6 max: 0.01  min: 0
U7 max: 10.17  min: 5.22
U8 max: 11.39  min: 6.43
Program finished: CPU time = 40.6618 sec.
Job  /ncar/opt/lsf/8.3/linux2.6-glibc2.3-x86_64/bin/poejob ./main_ball 3 1 4 none

TID   HOST_NAME   COMMAND_LINE            STATUS            TERMINATION_TIME
===== ========== ================  =======================  ===================
00496 ys1820-ib  ./main_ball 3 1   Done                     05/15/2013 15:45:03
00504 ys1820-ib   ./main_ball 3 1  Done                     05/15/2013 15:45:03
00505 ys1820-ib   ./main_ball 3 1  Done                     05/15/2013 15:45:03
00506 ys1820-ib   ./main_ball 3 1  Done                     05/15/2013 15:45:03
00507 ys1820-ib   ./main_ball 3 1  Done                     05/15/2013 15:45:03
00497 ys1820-ib   ./main_ball 3 1  Done                     05/15/2013 15:45:03
00508 ys1820-ib   ./main_ball 3 1  Done                     05/15/2013 15:45:03
00498 ys1820-ib   ./main_ball 3 1  Done                     05/15/2013 15:45:03
00510 ys1820-ib   ./main_ball 3 1  Done                     05/15/2013 15:45:03
00509 ys1820-ib   ./main_ball 3 1  Done                     05/15/2013 15:45:03
00499 ys1820-ib   ./main_ball 3 1  Done                     05/15/2013 15:45:03
00511 ys1820-ib   ./main_ball 3 1  Done                     05/15/2013 15:45:03
00500 ys1820-ib   ./main_ball 3 1  Done                     05/15/2013 15:45:03
00501 ys1820-ib   ./main_ball 3 1  Done                     05/15/2013 15:45:03
00502 ys1820-ib   ./main_ball 3 1  Done                     05/15/2013 15:45:03
00503 ys1820-ib   ./main_ball 3 1  Done                     05/15/2013 15:45:03
00480 ys1819-ib  ./main_ball 3 1   Done                     05/15/2013 15:45:03
00494 ys1819-ib   ./main_ball 3 1  Done                     05/15/2013 15:45:03
00495 ys1819-ib   ./main_ball 3 1  Done                     05/15/2013 15:45:03
00481 ys1819-ib   ./main_ball 3 1  Done                     05/15/2013 15:45:03
00483 ys1819-ib   ./main_ball 3 1  Done                     05/15/2013 15:45:03
00484 ys1819-ib   ./main_ball 3 1  Done                     05/15/2013 15:45:03
00485 ys1819-ib   ./main_ball 3 1  Done                     05/15/2013 15:45:03
00487 ys1819-ib   ./main_ball 3 1  Done                     05/15/2013 15:45:03
00488 ys1819-ib   ./main_ball 3 1  Done                     05/15/2013 15:45:03
00490 ys1819-ib   ./main_ball 3 1  Done                     05/15/2013 15:45:03
00489 ys1819-ib   ./main_ball 3 1  Done                     05/15/2013 15:45:03
00491 ys1819-ib   ./main_ball 3 1  Done                     05/15/2013 15:45:03
00493 ys1819-ib   ./main_ball 3 1  Done                     05/15/2013 15:45:03
00482 ys1819-ib   ./main_ball 3 1  Done                     05/15/2013 15:45:03
00486 ys1819-ib   ./main_ball 3 1  Done                     05/15/2013 15:45:03
00492 ys1819-ib   ./main_ball 3 1  Done                     05/15/2013 15:45:03
00464 ys1818-ib  ./main_ball 3 1   Done                     05/15/2013 15:45:03
00475 ys1818-ib   ./main_ball 3 1  Done                     05/15/2013 15:45:03
00476 ys1818-ib   ./main_ball 3 1  Done                     05/15/2013 15:45:03
00477 ys1818-ib   ./main_ball 3 1  Done                     05/15/2013 15:45:03
00478 ys1818-ib   ./main_ball 3 1  Done                     05/15/2013 15:45:03
00479 ys1818-ib   ./main_ball 3 1  Done                     05/15/2013 15:45:03
00465 ys1818-ib   ./main_ball 3 1  Done                     05/15/2013 15:45:03
00466 ys1818-ib   ./main_ball 3 1  Done                     05/15/2013 15:45:03
00467 ys1818-ib   ./main_ball 3 1  Done                     05/15/2013 15:45:03
00468 ys1818-ib   ./main_ball 3 1  Done                     05/15/2013 15:45:03
00470 ys1818-ib   ./main_ball 3 1  Done                     05/15/2013 15:45:03
00469 ys1818-ib   ./main_ball 3 1  Done                     05/15/2013 15:45:03
00471 ys1818-ib   ./main_ball 3 1  Done                     05/15/2013 15:45:03
00472 ys1818-ib   ./main_ball 3 1  Done                     05/15/2013 15:45:03
00473 ys1818-ib   ./main_ball 3 1  Done                     05/15/2013 15:45:03
00474 ys1818-ib   ./main_ball 3 1  Done                     05/15/2013 15:45:03
00448 ys1817-ib  ./main_ball 3 1   Done                     05/15/2013 15:45:03
00462 ys1817-ib   ./main_ball 3 1  Done                     05/15/2013 15:45:03
00456 ys1817-ib   ./main_ball 3 1  Done                     05/15/2013 15:45:03
00457 ys1817-ib   ./main_ball 3 1  Done                     05/15/2013 15:45:03
00458 ys1817-ib   ./main_ball 3 1  Done                     05/15/2013 15:45:03
00460 ys1817-ib   ./main_ball 3 1  Done                     05/15/2013 15:45:03
00459 ys1817-ib   ./main_ball 3 1  Done                     05/15/2013 15:45:03
00461 ys1817-ib   ./main_ball 3 1  Done                     05/15/2013 15:45:03
00463 ys1817-ib   ./main_ball 3 1  Done                     05/15/2013 15:45:03
00450 ys1817-ib   ./main_ball 3 1  Done                     05/15/2013 15:45:03
00449 ys1817-ib   ./main_ball 3 1  Done                     05/15/2013 15:45:03
00451 ys1817-ib   ./main_ball 3 1  Done                     05/15/2013 15:45:03
00452 ys1817-ib   ./main_ball 3 1  Done                     05/15/2013 15:45:03
00453 ys1817-ib   ./main_ball 3 1  Done                     05/15/2013 15:45:03
00454 ys1817-ib   ./main_ball 3 1  Done                     05/15/2013 15:45:03
00455 ys1817-ib   ./main_ball 3 1  Done                     05/15/2013 15:45:03
00432 ys1815-ib  ./main_ball 3 1   Done                     05/15/2013 15:45:03
00437 ys1815-ib   ./main_ball 3 1  Done                     05/15/2013 15:45:03
00438 ys1815-ib   ./main_ball 3 1  Done                     05/15/2013 15:45:03
00440 ys1815-ib   ./main_ball 3 1  Done                     05/15/2013 15:45:03
00439 ys1815-ib   ./main_ball 3 1  Done                     05/15/2013 15:45:03
00441 ys1815-ib   ./main_ball 3 1  Done                     05/15/2013 15:45:03
00442 ys1815-ib   ./main_ball 3 1  Done                     05/15/2013 15:45:03
00443 ys1815-ib   ./main_ball 3 1  Done                     05/15/2013 15:45:03
00444 ys1815-ib   ./main_ball 3 1  Done                     05/15/2013 15:45:03
00445 ys1815-ib   ./main_ball 3 1  Done                     05/15/2013 15:45:03
00446 ys1815-ib   ./main_ball 3 1  Done                     05/15/2013 15:45:03
00447 ys1815-ib   ./main_ball 3 1  Done                     05/15/2013 15:45:03
00433 ys1815-ib   ./main_ball 3 1  Done                     05/15/2013 15:45:03
00434 ys1815-ib   ./main_ball 3 1  Done                     05/15/2013 15:45:03
00435 ys1815-ib   ./main_ball 3 1  Done                     05/15/2013 15:45:03
00436 ys1815-ib   ./main_ball 3 1  Done                     05/15/2013 15:45:03
00416 ys1813-ib  ./main_ball 3 1   Done                     05/15/2013 15:45:03
00418 ys1813-ib   ./main_ball 3 1  Done                     05/15/2013 15:45:03
00419 ys1813-ib   ./main_ball 3 1  Done                     05/15/2013 15:45:03
00421 ys1813-ib   ./main_ball 3 1  Done                     05/15/2013 15:45:03
00422 ys1813-ib   ./main_ball 3 1  Done                     05/15/2013 15:45:03
00423 ys1813-ib   ./main_ball 3 1  Done                     05/15/2013 15:45:03
00425 ys1813-ib   ./main_ball 3 1  Done                     05/15/2013 15:45:03
00430 ys1813-ib   ./main_ball 3 1  Done                     05/15/2013 15:45:03
00429 ys1813-ib   ./main_ball 3 1  Done                     05/15/2013 15:45:03
00420 ys1813-ib   ./main_ball 3 1  Done                     05/15/2013 15:45:03
00424 ys1813-ib   ./main_ball 3 1  Done                     05/15/2013 15:45:03
00426 ys1813-ib   ./main_ball 3 1  Done                     05/15/2013 15:45:03
00427 ys1813-ib   ./main_ball 3 1  Done                     05/15/2013 15:45:03
00428 ys1813-ib   ./main_ball 3 1  Done                     05/15/2013 15:45:03
00431 ys1813-ib   ./main_ball 3 1  Done                     05/15/2013 15:45:03
00417 ys1813-ib   ./main_ball 3 1  Done                     05/15/2013 15:45:03
00400 ys1811-ib  ./main_ball 3 1   Done                     05/15/2013 15:45:03
00402 ys1811-ib   ./main_ball 3 1  Done                     05/15/2013 15:45:03
00408 ys1811-ib   ./main_ball 3 1  Done                     05/15/2013 15:45:03
00412 ys1811-ib   ./main_ball 3 1  Done                     05/15/2013 15:45:03
00414 ys1811-ib   ./main_ball 3 1  Done                     05/15/2013 15:45:03
00401 ys1811-ib   ./main_ball 3 1  Done                     05/15/2013 15:45:03
00403 ys1811-ib   ./main_ball 3 1  Done                     05/15/2013 15:45:03
00404 ys1811-ib   ./main_ball 3 1  Done                     05/15/2013 15:45:03
00405 ys1811-ib   ./main_ball 3 1  Done                     05/15/2013 15:45:03
00406 ys1811-ib   ./main_ball 3 1  Done                     05/15/2013 15:45:03
00407 ys1811-ib   ./main_ball 3 1  Done                     05/15/2013 15:45:03
00410 ys1811-ib   ./main_ball 3 1  Done                     05/15/2013 15:45:03
00409 ys1811-ib   ./main_ball 3 1  Done                     05/15/2013 15:45:03
00411 ys1811-ib   ./main_ball 3 1  Done                     05/15/2013 15:45:03
00413 ys1811-ib   ./main_ball 3 1  Done                     05/15/2013 15:45:03
00415 ys1811-ib   ./main_ball 3 1  Done                     05/15/2013 15:45:03
00384 ys1809-ib  ./main_ball 3 1   Done                     05/15/2013 15:45:03
00391 ys1809-ib   ./main_ball 3 1  Done                     05/15/2013 15:45:03
00393 ys1809-ib   ./main_ball 3 1  Done                     05/15/2013 15:45:03
00394 ys1809-ib   ./main_ball 3 1  Done                     05/15/2013 15:45:03
00397 ys1809-ib   ./main_ball 3 1  Done                     05/15/2013 15:45:03
00398 ys1809-ib   ./main_ball 3 1  Done                     05/15/2013 15:45:03
00399 ys1809-ib   ./main_ball 3 1  Done                     05/15/2013 15:45:03
00386 ys1809-ib   ./main_ball 3 1  Done                     05/15/2013 15:45:03
00390 ys1809-ib   ./main_ball 3 1  Done                     05/15/2013 15:45:03
00389 ys1809-ib   ./main_ball 3 1  Done                     05/15/2013 15:45:03
00392 ys1809-ib   ./main_ball 3 1  Done                     05/15/2013 15:45:03
00395 ys1809-ib   ./main_ball 3 1  Done                     05/15/2013 15:45:03
00396 ys1809-ib   ./main_ball 3 1  Done                     05/15/2013 15:45:03
00385 ys1809-ib   ./main_ball 3 1  Done                     05/15/2013 15:45:03
00387 ys1809-ib   ./main_ball 3 1  Done                     05/15/2013 15:45:03
00388 ys1809-ib   ./main_ball 3 1  Done                     05/15/2013 15:45:03
00368 ys1807-ib  ./main_ball 3 1   Done                     05/15/2013 15:45:03
00372 ys1807-ib   ./main_ball 3 1  Done                     05/15/2013 15:45:03
00373 ys1807-ib   ./main_ball 3 1  Done                     05/15/2013 15:45:03
00379 ys1807-ib   ./main_ball 3 1  Done                     05/15/2013 15:45:03
00371 ys1807-ib   ./main_ball 3 1  Done                     05/15/2013 15:45:03
00374 ys1807-ib   ./main_ball 3 1  Done                     05/15/2013 15:45:03
00375 ys1807-ib   ./main_ball 3 1  Done                     05/15/2013 15:45:03
00376 ys1807-ib   ./main_ball 3 1  Done                     05/15/2013 15:45:03
00377 ys1807-ib   ./main_ball 3 1  Done                     05/15/2013 15:45:03
00378 ys1807-ib   ./main_ball 3 1  Done                     05/15/2013 15:45:03
00380 ys1807-ib   ./main_ball 3 1  Done                     05/15/2013 15:45:03
00381 ys1807-ib   ./main_ball 3 1  Done                     05/15/2013 15:45:03
00382 ys1807-ib   ./main_ball 3 1  Done                     05/15/2013 15:45:03
00383 ys1807-ib   ./main_ball 3 1  Done                     05/15/2013 15:45:03
00370 ys1807-ib   ./main_ball 3 1  Done                     05/15/2013 15:45:03
00369 ys1807-ib   ./main_ball 3 1  Done                     05/15/2013 15:45:03
00352 ys1802-ib  ./main_ball 3 1   Done                     05/15/2013 15:45:03
00355 ys1802-ib   ./main_ball 3 1  Done                     05/15/2013 15:45:03
00356 ys1802-ib   ./main_ball 3 1  Done                     05/15/2013 15:45:03
00360 ys1802-ib   ./main_ball 3 1  Done                     05/15/2013 15:45:03
00353 ys1802-ib   ./main_ball 3 1  Done                     05/15/2013 15:45:03
00354 ys1802-ib   ./main_ball 3 1  Done                     05/15/2013 15:45:03
00357 ys1802-ib   ./main_ball 3 1  Done                     05/15/2013 15:45:03
00358 ys1802-ib   ./main_ball 3 1  Done                     05/15/2013 15:45:03
00359 ys1802-ib   ./main_ball 3 1  Done                     05/15/2013 15:45:03
00361 ys1802-ib   ./main_ball 3 1  Done                     05/15/2013 15:45:03
00362 ys1802-ib   ./main_ball 3 1  Done                     05/15/2013 15:45:03
00363 ys1802-ib   ./main_ball 3 1  Done                     05/15/2013 15:45:03
00364 ys1802-ib   ./main_ball 3 1  Done                     05/15/2013 15:45:03
00365 ys1802-ib   ./main_ball 3 1  Done                     05/15/2013 15:45:03
00366 ys1802-ib   ./main_ball 3 1  Done                     05/15/2013 15:45:03
00367 ys1802-ib   ./main_ball 3 1  Done                     05/15/2013 15:45:03
00336 ys1801-ib  ./main_ball 3 1   Done                     05/15/2013 15:45:03
00337 ys1801-ib   ./main_ball 3 1  Done                     05/15/2013 15:45:03
00338 ys1801-ib   ./main_ball 3 1  Done                     05/15/2013 15:45:03
00340 ys1801-ib   ./main_ball 3 1  Done                     05/15/2013 15:45:03
00339 ys1801-ib   ./main_ball 3 1  Done                     05/15/2013 15:45:03
00341 ys1801-ib   ./main_ball 3 1  Done                     05/15/2013 15:45:03
00342 ys1801-ib   ./main_ball 3 1  Done                     05/15/2013 15:45:03
00343 ys1801-ib   ./main_ball 3 1  Done                     05/15/2013 15:45:03
00344 ys1801-ib   ./main_ball 3 1  Done                     05/15/2013 15:45:03
00345 ys1801-ib   ./main_ball 3 1  Done                     05/15/2013 15:45:03
00346 ys1801-ib   ./main_ball 3 1  Done                     05/15/2013 15:45:03
00347 ys1801-ib   ./main_ball 3 1  Done                     05/15/2013 15:45:03
00348 ys1801-ib   ./main_ball 3 1  Done                     05/15/2013 15:45:03
00350 ys1801-ib   ./main_ball 3 1  Done                     05/15/2013 15:45:03
00349 ys1801-ib   ./main_ball 3 1  Done                     05/15/2013 15:45:03
00351 ys1801-ib   ./main_ball 3 1  Done                     05/15/2013 15:45:03
00320 ys1772-ib  ./main_ball 3 1   Done                     05/15/2013 15:45:03
00322 ys1772-ib   ./main_ball 3 1  Done                     05/15/2013 15:45:03
00333 ys1772-ib   ./main_ball 3 1  Done                     05/15/2013 15:45:03
00334 ys1772-ib   ./main_ball 3 1  Done                     05/15/2013 15:45:03
00335 ys1772-ib   ./main_ball 3 1  Done                     05/15/2013 15:45:03
00321 ys1772-ib   ./main_ball 3 1  Done                     05/15/2013 15:45:03
00323 ys1772-ib   ./main_ball 3 1  Done                     05/15/2013 15:45:03
00324 ys1772-ib   ./main_ball 3 1  Done                     05/15/2013 15:45:03
00325 ys1772-ib   ./main_ball 3 1  Done                     05/15/2013 15:45:03
00326 ys1772-ib   ./main_ball 3 1  Done                     05/15/2013 15:45:03
00327 ys1772-ib   ./main_ball 3 1  Done                     05/15/2013 15:45:03
00328 ys1772-ib   ./main_ball 3 1  Done                     05/15/2013 15:45:03
00330 ys1772-ib   ./main_ball 3 1  Done                     05/15/2013 15:45:03
00329 ys1772-ib   ./main_ball 3 1  Done                     05/15/2013 15:45:03
00331 ys1772-ib   ./main_ball 3 1  Done                     05/15/2013 15:45:03
00332 ys1772-ib   ./main_ball 3 1  Done                     05/15/2013 15:45:03
00304 ys1771-ib  ./main_ball 3 1   Done                     05/15/2013 15:45:03
00314 ys1771-ib   ./main_ball 3 1  Done                     05/15/2013 15:45:03
00315 ys1771-ib   ./main_ball 3 1  Done                     05/15/2013 15:45:03
00316 ys1771-ib   ./main_ball 3 1  Done                     05/15/2013 15:45:03
00317 ys1771-ib   ./main_ball 3 1  Done                     05/15/2013 15:45:03
00318 ys1771-ib   ./main_ball 3 1  Done                     05/15/2013 15:45:03
00319 ys1771-ib   ./main_ball 3 1  Done                     05/15/2013 15:45:03
00305 ys1771-ib   ./main_ball 3 1  Done                     05/15/2013 15:45:03
00306 ys1771-ib   ./main_ball 3 1  Done                     05/15/2013 15:45:03
00307 ys1771-ib   ./main_ball 3 1  Done                     05/15/2013 15:45:03
00308 ys1771-ib   ./main_ball 3 1  Done                     05/15/2013 15:45:03
00310 ys1771-ib   ./main_ball 3 1  Done                     05/15/2013 15:45:03
00309 ys1771-ib   ./main_ball 3 1  Done                     05/15/2013 15:45:03
00311 ys1771-ib   ./main_ball 3 1  Done                     05/15/2013 15:45:03
00312 ys1771-ib   ./main_ball 3 1  Done                     05/15/2013 15:45:03
00313 ys1771-ib   ./main_ball 3 1  Done                     05/15/2013 15:45:03
00288 ys1770-ib  ./main_ball 3 1   Done                     05/15/2013 15:45:03
00300 ys1770-ib   ./main_ball 3 1  Done                     05/15/2013 15:45:03
00290 ys1770-ib   ./main_ball 3 1  Done                     05/15/2013 15:45:03
00289 ys1770-ib   ./main_ball 3 1  Done                     05/15/2013 15:45:03
00301 ys1770-ib   ./main_ball 3 1  Done                     05/15/2013 15:45:03
00291 ys1770-ib   ./main_ball 3 1  Done                     05/15/2013 15:45:03
00302 ys1770-ib   ./main_ball 3 1  Done                     05/15/2013 15:45:03
00292 ys1770-ib   ./main_ball 3 1  Done                     05/15/2013 15:45:03
00303 ys1770-ib   ./main_ball 3 1  Done                     05/15/2013 15:45:03
00293 ys1770-ib   ./main_ball 3 1  Done                     05/15/2013 15:45:03
00294 ys1770-ib   ./main_ball 3 1  Done                     05/15/2013 15:45:03
00295 ys1770-ib   ./main_ball 3 1  Done                     05/15/2013 15:45:03
00296 ys1770-ib   ./main_ball 3 1  Done                     05/15/2013 15:45:03
00297 ys1770-ib   ./main_ball 3 1  Done                     05/15/2013 15:45:03
00298 ys1770-ib   ./main_ball 3 1  Done                     05/15/2013 15:45:03
00299 ys1770-ib   ./main_ball 3 1  Done                     05/15/2013 15:45:03
00272 ys1769-ib  ./main_ball 3 1   Done                     05/15/2013 15:45:03
00285 ys1769-ib   ./main_ball 3 1  Done                     05/15/2013 15:45:03
00286 ys1769-ib   ./main_ball 3 1  Done                     05/15/2013 15:45:03
00287 ys1769-ib   ./main_ball 3 1  Done                     05/15/2013 15:45:03
00273 ys1769-ib   ./main_ball 3 1  Done                     05/15/2013 15:45:03
00274 ys1769-ib   ./main_ball 3 1  Done                     05/15/2013 15:45:03
00275 ys1769-ib   ./main_ball 3 1  Done                     05/15/2013 15:45:03
00276 ys1769-ib   ./main_ball 3 1  Done                     05/15/2013 15:45:03
00277 ys1769-ib   ./main_ball 3 1  Done                     05/15/2013 15:45:03
00278 ys1769-ib   ./main_ball 3 1  Done                     05/15/2013 15:45:03
00280 ys1769-ib   ./main_ball 3 1  Done                     05/15/2013 15:45:03
00279 ys1769-ib   ./main_ball 3 1  Done                     05/15/2013 15:45:03
00281 ys1769-ib   ./main_ball 3 1  Done                     05/15/2013 15:45:03
00282 ys1769-ib   ./main_ball 3 1  Done                     05/15/2013 15:45:03
00283 ys1769-ib   ./main_ball 3 1  Done                     05/15/2013 15:45:03
00284 ys1769-ib   ./main_ball 3 1  Done                     05/15/2013 15:45:03
00256 ys1765-ib  ./main_ball 3 1   Done                     05/15/2013 15:45:03
00266 ys1765-ib   ./main_ball 3 1  Done                     05/15/2013 15:45:03
00267 ys1765-ib   ./main_ball 3 1  Done                     05/15/2013 15:45:03
00268 ys1765-ib   ./main_ball 3 1  Done                     05/15/2013 15:45:03
00270 ys1765-ib   ./main_ball 3 1  Done                     05/15/2013 15:45:03
00269 ys1765-ib   ./main_ball 3 1  Done                     05/15/2013 15:45:03
00271 ys1765-ib   ./main_ball 3 1  Done                     05/15/2013 15:45:03
00257 ys1765-ib   ./main_ball 3 1  Done                     05/15/2013 15:45:03
00258 ys1765-ib   ./main_ball 3 1  Done                     05/15/2013 15:45:03
00259 ys1765-ib   ./main_ball 3 1  Done                     05/15/2013 15:45:03
00261 ys1765-ib   ./main_ball 3 1  Done                     05/15/2013 15:45:03
00262 ys1765-ib   ./main_ball 3 1  Done                     05/15/2013 15:45:03
00263 ys1765-ib   ./main_ball 3 1  Done                     05/15/2013 15:45:03
00264 ys1765-ib   ./main_ball 3 1  Done                     05/15/2013 15:45:03
00265 ys1765-ib   ./main_ball 3 1  Done                     05/15/2013 15:45:03
00260 ys1765-ib   ./main_ball 3 1  Done                     05/15/2013 15:45:03
00240 ys1764-ib  ./main_ball 3 1   Done                     05/15/2013 15:45:03
00241 ys1764-ib   ./main_ball 3 1  Done                     05/15/2013 15:45:03
00242 ys1764-ib   ./main_ball 3 1  Done                     05/15/2013 15:45:03
00244 ys1764-ib   ./main_ball 3 1  Done                     05/15/2013 15:45:03
00247 ys1764-ib   ./main_ball 3 1  Done                     05/15/2013 15:45:03
00248 ys1764-ib   ./main_ball 3 1  Done                     05/15/2013 15:45:03
00250 ys1764-ib   ./main_ball 3 1  Done                     05/15/2013 15:45:03
00249 ys1764-ib   ./main_ball 3 1  Done                     05/15/2013 15:45:03
00251 ys1764-ib   ./main_ball 3 1  Done                     05/15/2013 15:45:03
00252 ys1764-ib   ./main_ball 3 1  Done                     05/15/2013 15:45:03
00253 ys1764-ib   ./main_ball 3 1  Done                     05/15/2013 15:45:03
00254 ys1764-ib   ./main_ball 3 1  Done                     05/15/2013 15:45:03
00255 ys1764-ib   ./main_ball 3 1  Done                     05/15/2013 15:45:03
00243 ys1764-ib   ./main_ball 3 1  Done                     05/15/2013 15:45:03
00245 ys1764-ib   ./main_ball 3 1  Done                     05/15/2013 15:45:03
00246 ys1764-ib   ./main_ball 3 1  Done                     05/15/2013 15:45:03
00224 ys1763-ib  ./main_ball 3 1   Done                     05/15/2013 15:45:03
00228 ys1763-ib   ./main_ball 3 1  Done                     05/15/2013 15:45:03
00230 ys1763-ib   ./main_ball 3 1  Done                     05/15/2013 15:45:03
00229 ys1763-ib   ./main_ball 3 1  Done                     05/15/2013 15:45:03
00231 ys1763-ib   ./main_ball 3 1  Done                     05/15/2013 15:45:03
00232 ys1763-ib   ./main_ball 3 1  Done                     05/15/2013 15:45:03
00233 ys1763-ib   ./main_ball 3 1  Done                     05/15/2013 15:45:03
00234 ys1763-ib   ./main_ball 3 1  Done                     05/15/2013 15:45:03
00235 ys1763-ib   ./main_ball 3 1  Done                     05/15/2013 15:45:03
00236 ys1763-ib   ./main_ball 3 1  Done                     05/15/2013 15:45:03
00237 ys1763-ib   ./main_ball 3 1  Done                     05/15/2013 15:45:03
00238 ys1763-ib   ./main_ball 3 1  Done                     05/15/2013 15:45:03
00239 ys1763-ib   ./main_ball 3 1  Done                     05/15/2013 15:45:03
00225 ys1763-ib   ./main_ball 3 1  Done                     05/15/2013 15:45:03
00226 ys1763-ib   ./main_ball 3 1  Done                     05/15/2013 15:45:03
00227 ys1763-ib   ./main_ball 3 1  Done                     05/15/2013 15:45:03
00208 ys1762-ib  ./main_ball 3 1   Done                     05/15/2013 15:45:03
00210 ys1762-ib   ./main_ball 3 1  Done                     05/15/2013 15:45:03
00209 ys1762-ib   ./main_ball 3 1  Done                     05/15/2013 15:45:03
00211 ys1762-ib   ./main_ball 3 1  Done                     05/15/2013 15:45:03
00212 ys1762-ib   ./main_ball 3 1  Done                     05/15/2013 15:45:03
00213 ys1762-ib   ./main_ball 3 1  Done                     05/15/2013 15:45:03
00214 ys1762-ib   ./main_ball 3 1  Done                     05/15/2013 15:45:03
00215 ys1762-ib   ./main_ball 3 1  Done                     05/15/2013 15:45:03
00216 ys1762-ib   ./main_ball 3 1  Done                     05/15/2013 15:45:03
00217 ys1762-ib   ./main_ball 3 1  Done                     05/15/2013 15:45:03
00218 ys1762-ib   ./main_ball 3 1  Done                     05/15/2013 15:45:03
00220 ys1762-ib   ./main_ball 3 1  Done                     05/15/2013 15:45:03
00219 ys1762-ib   ./main_ball 3 1  Done                     05/15/2013 15:45:03
00221 ys1762-ib   ./main_ball 3 1  Done                     05/15/2013 15:45:03
00222 ys1762-ib   ./main_ball 3 1  Done                     05/15/2013 15:45:03
00223 ys1762-ib   ./main_ball 3 1  Done                     05/15/2013 15:45:03
00192 ys1761-ib  ./main_ball 3 1   Done                     05/15/2013 15:45:03
00193 ys1761-ib   ./main_ball 3 1  Done                     05/15/2013 15:45:03
00199 ys1761-ib   ./main_ball 3 1  Done                     05/15/2013 15:45:03
00200 ys1761-ib   ./main_ball 3 1  Done                     05/15/2013 15:45:03
00201 ys1761-ib   ./main_ball 3 1  Done                     05/15/2013 15:45:03
00202 ys1761-ib   ./main_ball 3 1  Done                     05/15/2013 15:45:03
00203 ys1761-ib   ./main_ball 3 1  Done                     05/15/2013 15:45:03
00204 ys1761-ib   ./main_ball 3 1  Done                     05/15/2013 15:45:03
00194 ys1761-ib   ./main_ball 3 1  Done                     05/15/2013 15:45:03
00205 ys1761-ib   ./main_ball 3 1  Done                     05/15/2013 15:45:03
00195 ys1761-ib   ./main_ball 3 1  Done                     05/15/2013 15:45:03
00206 ys1761-ib   ./main_ball 3 1  Done                     05/15/2013 15:45:03
00196 ys1761-ib   ./main_ball 3 1  Done                     05/15/2013 15:45:03
00207 ys1761-ib   ./main_ball 3 1  Done                     05/15/2013 15:45:03
00197 ys1761-ib   ./main_ball 3 1  Done                     05/15/2013 15:45:03
00198 ys1761-ib   ./main_ball 3 1  Done                     05/15/2013 15:45:03
00176 ys1760-ib  ./main_ball 3 1   Done                     05/15/2013 15:45:03
00177 ys1760-ib   ./main_ball 3 1  Done                     05/15/2013 15:45:03
00181 ys1760-ib   ./main_ball 3 1  Done                     05/15/2013 15:45:03
00182 ys1760-ib   ./main_ball 3 1  Done                     05/15/2013 15:45:03
00183 ys1760-ib   ./main_ball 3 1  Done                     05/15/2013 15:45:03
00184 ys1760-ib   ./main_ball 3 1  Done                     05/15/2013 15:45:03
00185 ys1760-ib   ./main_ball 3 1  Done                     05/15/2013 15:45:03
00186 ys1760-ib   ./main_ball 3 1  Done                     05/15/2013 15:45:03
00187 ys1760-ib   ./main_ball 3 1  Done                     05/15/2013 15:45:03
00188 ys1760-ib   ./main_ball 3 1  Done                     05/15/2013 15:45:03
00190 ys1760-ib   ./main_ball 3 1  Done                     05/15/2013 15:45:03
00189 ys1760-ib   ./main_ball 3 1  Done                     05/15/2013 15:45:03
00191 ys1760-ib   ./main_ball 3 1  Done                     05/15/2013 15:45:03
00178 ys1760-ib   ./main_ball 3 1  Done                     05/15/2013 15:45:03
00180 ys1760-ib   ./main_ball 3 1  Done                     05/15/2013 15:45:03
00179 ys1760-ib   ./main_ball 3 1  Done                     05/15/2013 15:45:03
00160 ys1759-ib  ./main_ball 3 1   Done                     05/15/2013 15:45:03
00162 ys1759-ib   ./main_ball 3 1  Done                     05/15/2013 15:45:03
00163 ys1759-ib   ./main_ball 3 1  Done                     05/15/2013 15:45:03
00164 ys1759-ib   ./main_ball 3 1  Done                     05/15/2013 15:45:03
00165 ys1759-ib   ./main_ball 3 1  Done                     05/15/2013 15:45:03
00166 ys1759-ib   ./main_ball 3 1  Done                     05/15/2013 15:45:03
00167 ys1759-ib   ./main_ball 3 1  Done                     05/15/2013 15:45:03
00168 ys1759-ib   ./main_ball 3 1  Done                     05/15/2013 15:45:03
00170 ys1759-ib   ./main_ball 3 1  Done                     05/15/2013 15:45:03
00169 ys1759-ib   ./main_ball 3 1  Done                     05/15/2013 15:45:03
00171 ys1759-ib   ./main_ball 3 1  Done                     05/15/2013 15:45:03
00172 ys1759-ib   ./main_ball 3 1  Done                     05/15/2013 15:45:03
00173 ys1759-ib   ./main_ball 3 1  Done                     05/15/2013 15:45:03
00174 ys1759-ib   ./main_ball 3 1  Done                     05/15/2013 15:45:03
00175 ys1759-ib   ./main_ball 3 1  Done                     05/15/2013 15:45:03
00161 ys1759-ib   ./main_ball 3 1  Done                     05/15/2013 15:45:03
00144 ys1758-ib  ./main_ball 3 1   Done                     05/15/2013 15:45:03
00145 ys1758-ib   ./main_ball 3 1  Done                     05/15/2013 15:45:03
00146 ys1758-ib   ./main_ball 3 1  Done                     05/15/2013 15:45:03
00147 ys1758-ib   ./main_ball 3 1  Done                     05/15/2013 15:45:03
00148 ys1758-ib   ./main_ball 3 1  Done                     05/15/2013 15:45:03
00150 ys1758-ib   ./main_ball 3 1  Done                     05/15/2013 15:45:03
00149 ys1758-ib   ./main_ball 3 1  Done                     05/15/2013 15:45:03
00151 ys1758-ib   ./main_ball 3 1  Done                     05/15/2013 15:45:03
00152 ys1758-ib   ./main_ball 3 1  Done                     05/15/2013 15:45:03
00153 ys1758-ib   ./main_ball 3 1  Done                     05/15/2013 15:45:03
00154 ys1758-ib   ./main_ball 3 1  Done                     05/15/2013 15:45:03
00155 ys1758-ib   ./main_ball 3 1  Done                     05/15/2013 15:45:03
00156 ys1758-ib   ./main_ball 3 1  Done                     05/15/2013 15:45:03
00157 ys1758-ib   ./main_ball 3 1  Done                     05/15/2013 15:45:03
00158 ys1758-ib   ./main_ball 3 1  Done                     05/15/2013 15:45:03
00159 ys1758-ib   ./main_ball 3 1  Done                     05/15/2013 15:45:03
00128 ys1757-ib  ./main_ball 3 1   Done                     05/15/2013 15:45:03
00130 ys1757-ib   ./main_ball 3 1  Done                     05/15/2013 15:45:03
00131 ys1757-ib   ./main_ball 3 1  Done                     05/15/2013 15:45:03
00143 ys1757-ib   ./main_ball 3 1  Done                     05/15/2013 15:45:03
00129 ys1757-ib   ./main_ball 3 1  Done                     05/15/2013 15:45:03
00132 ys1757-ib   ./main_ball 3 1  Done                     05/15/2013 15:45:03
00133 ys1757-ib   ./main_ball 3 1  Done                     05/15/2013 15:45:03
00134 ys1757-ib   ./main_ball 3 1  Done                     05/15/2013 15:45:03
00135 ys1757-ib   ./main_ball 3 1  Done                     05/15/2013 15:45:03
00136 ys1757-ib   ./main_ball 3 1  Done                     05/15/2013 15:45:03
00137 ys1757-ib   ./main_ball 3 1  Done                     05/15/2013 15:45:03
00138 ys1757-ib   ./main_ball 3 1  Done                     05/15/2013 15:45:03
00140 ys1757-ib   ./main_ball 3 1  Done                     05/15/2013 15:45:03
00139 ys1757-ib   ./main_ball 3 1  Done                     05/15/2013 15:45:03
00141 ys1757-ib   ./main_ball 3 1  Done                     05/15/2013 15:45:03
00142 ys1757-ib   ./main_ball 3 1  Done                     05/15/2013 15:45:03
00112 ys1754-ib  ./main_ball 3 1   Done                     05/15/2013 15:45:03
00124 ys1754-ib   ./main_ball 3 1  Done                     05/15/2013 15:45:03
00125 ys1754-ib   ./main_ball 3 1  Done                     05/15/2013 15:45:03
00126 ys1754-ib   ./main_ball 3 1  Done                     05/15/2013 15:45:03
00127 ys1754-ib   ./main_ball 3 1  Done                     05/15/2013 15:45:03
00113 ys1754-ib   ./main_ball 3 1  Done                     05/15/2013 15:45:03
00114 ys1754-ib   ./main_ball 3 1  Done                     05/15/2013 15:45:03
00115 ys1754-ib   ./main_ball 3 1  Done                     05/15/2013 15:45:03
00116 ys1754-ib   ./main_ball 3 1  Done                     05/15/2013 15:45:03
00117 ys1754-ib   ./main_ball 3 1  Done                     05/15/2013 15:45:03
00118 ys1754-ib   ./main_ball 3 1  Done                     05/15/2013 15:45:03
00120 ys1754-ib   ./main_ball 3 1  Done                     05/15/2013 15:45:03
00119 ys1754-ib   ./main_ball 3 1  Done                     05/15/2013 15:45:03
00121 ys1754-ib   ./main_ball 3 1  Done                     05/15/2013 15:45:03
00122 ys1754-ib   ./main_ball 3 1  Done                     05/15/2013 15:45:03
00123 ys1754-ib   ./main_ball 3 1  Done                     05/15/2013 15:45:03
00096 ys1753-ib  ./main_ball 3 1   Done                     05/15/2013 15:45:03
00097 ys1753-ib   ./main_ball 3 1  Done                     05/15/2013 15:45:03
00098 ys1753-ib   ./main_ball 3 1  Done                     05/15/2013 15:45:03
00105 ys1753-ib   ./main_ball 3 1  Done                     05/15/2013 15:45:03
00106 ys1753-ib   ./main_ball 3 1  Done                     05/15/2013 15:45:03
00107 ys1753-ib   ./main_ball 3 1  Done                     05/15/2013 15:45:03
00108 ys1753-ib   ./main_ball 3 1  Done                     05/15/2013 15:45:03
00110 ys1753-ib   ./main_ball 3 1  Done                     05/15/2013 15:45:03
00109 ys1753-ib   ./main_ball 3 1  Done                     05/15/2013 15:45:03
00111 ys1753-ib   ./main_ball 3 1  Done                     05/15/2013 15:45:03
00099 ys1753-ib   ./main_ball 3 1  Done                     05/15/2013 15:45:03
00100 ys1753-ib   ./main_ball 3 1  Done                     05/15/2013 15:45:03
00101 ys1753-ib   ./main_ball 3 1  Done                     05/15/2013 15:45:03
00102 ys1753-ib   ./main_ball 3 1  Done                     05/15/2013 15:45:03
00103 ys1753-ib   ./main_ball 3 1  Done                     05/15/2013 15:45:03
00104 ys1753-ib   ./main_ball 3 1  Done                     05/15/2013 15:45:03
00080 ys1752-ib  ./main_ball 3 1   Done                     05/15/2013 15:45:03
00090 ys1752-ib   ./main_ball 3 1  Done                     05/15/2013 15:45:03
00082 ys1752-ib   ./main_ball 3 1  Done                     05/15/2013 15:45:03
00083 ys1752-ib   ./main_ball 3 1  Done                     05/15/2013 15:45:03
00084 ys1752-ib   ./main_ball 3 1  Done                     05/15/2013 15:45:03
00085 ys1752-ib   ./main_ball 3 1  Done                     05/15/2013 15:45:03
00087 ys1752-ib   ./main_ball 3 1  Done                     05/15/2013 15:45:03
00089 ys1752-ib   ./main_ball 3 1  Done                     05/15/2013 15:45:03
00091 ys1752-ib   ./main_ball 3 1  Done                     05/15/2013 15:45:03
00092 ys1752-ib   ./main_ball 3 1  Done                     05/15/2013 15:45:03
00093 ys1752-ib   ./main_ball 3 1  Done                     05/15/2013 15:45:03
00094 ys1752-ib   ./main_ball 3 1  Done                     05/15/2013 15:45:03
00095 ys1752-ib   ./main_ball 3 1  Done                     05/15/2013 15:45:03
00081 ys1752-ib   ./main_ball 3 1  Done                     05/15/2013 15:45:03
00086 ys1752-ib   ./main_ball 3 1  Done                     05/15/2013 15:45:03
00088 ys1752-ib   ./main_ball 3 1  Done                     05/15/2013 15:45:03
00064 ys1750-ib  ./main_ball 3 1   Done                     05/15/2013 15:45:03
00079 ys1750-ib   ./main_ball 3 1  Done                     05/15/2013 15:45:03
00066 ys1750-ib   ./main_ball 3 1  Done                     05/15/2013 15:45:03
00068 ys1750-ib   ./main_ball 3 1  Done                     05/15/2013 15:45:03
00070 ys1750-ib   ./main_ball 3 1  Done                     05/15/2013 15:45:03
00069 ys1750-ib   ./main_ball 3 1  Done                     05/15/2013 15:45:03
00071 ys1750-ib   ./main_ball 3 1  Done                     05/15/2013 15:45:03
00072 ys1750-ib   ./main_ball 3 1  Done                     05/15/2013 15:45:03
00073 ys1750-ib   ./main_ball 3 1  Done                     05/15/2013 15:45:03
00074 ys1750-ib   ./main_ball 3 1  Done                     05/15/2013 15:45:03
00075 ys1750-ib   ./main_ball 3 1  Done                     05/15/2013 15:45:03
00076 ys1750-ib   ./main_ball 3 1  Done                     05/15/2013 15:45:03
00077 ys1750-ib   ./main_ball 3 1  Done                     05/15/2013 15:45:03
00078 ys1750-ib   ./main_ball 3 1  Done                     05/15/2013 15:45:03
00065 ys1750-ib   ./main_ball 3 1  Done                     05/15/2013 15:45:03
00067 ys1750-ib   ./main_ball 3 1  Done                     05/15/2013 15:45:03
00048 ys1749-ib  ./main_ball 3 1   Done                     05/15/2013 15:45:03
00050 ys1749-ib   ./main_ball 3 1  Done                     05/15/2013 15:45:03
00052 ys1749-ib   ./main_ball 3 1  Done                     05/15/2013 15:45:03
00053 ys1749-ib   ./main_ball 3 1  Done                     05/15/2013 15:45:03
00054 ys1749-ib   ./main_ball 3 1  Done                     05/15/2013 15:45:03
00055 ys1749-ib   ./main_ball 3 1  Done                     05/15/2013 15:45:03
00056 ys1749-ib   ./main_ball 3 1  Done                     05/15/2013 15:45:03
00057 ys1749-ib   ./main_ball 3 1  Done                     05/15/2013 15:45:03
00058 ys1749-ib   ./main_ball 3 1  Done                     05/15/2013 15:45:03
00060 ys1749-ib   ./main_ball 3 1  Done                     05/15/2013 15:45:03
00059 ys1749-ib   ./main_ball 3 1  Done                     05/15/2013 15:45:03
00061 ys1749-ib   ./main_ball 3 1  Done                     05/15/2013 15:45:03
00062 ys1749-ib   ./main_ball 3 1  Done                     05/15/2013 15:45:03
00063 ys1749-ib   ./main_ball 3 1  Done                     05/15/2013 15:45:03
00049 ys1749-ib   ./main_ball 3 1  Done                     05/15/2013 15:45:03
00051 ys1749-ib   ./main_ball 3 1  Done                     05/15/2013 15:45:03
00032 ys1747-ib  ./main_ball 3 1   Done                     05/15/2013 15:45:03
00034 ys1747-ib   ./main_ball 3 1  Done                     05/15/2013 15:45:03
00036 ys1747-ib   ./main_ball 3 1  Done                     05/15/2013 15:45:03
00040 ys1747-ib   ./main_ball 3 1  Done                     05/15/2013 15:45:03
00033 ys1747-ib   ./main_ball 3 1  Done                     05/15/2013 15:45:03
00035 ys1747-ib   ./main_ball 3 1  Done                     05/15/2013 15:45:03
00037 ys1747-ib   ./main_ball 3 1  Done                     05/15/2013 15:45:03
00038 ys1747-ib   ./main_ball 3 1  Done                     05/15/2013 15:45:03
00039 ys1747-ib   ./main_ball 3 1  Done                     05/15/2013 15:45:03
00041 ys1747-ib   ./main_ball 3 1  Done                     05/15/2013 15:45:03
00042 ys1747-ib   ./main_ball 3 1  Done                     05/15/2013 15:45:03
00043 ys1747-ib   ./main_ball 3 1  Done                     05/15/2013 15:45:03
00044 ys1747-ib   ./main_ball 3 1  Done                     05/15/2013 15:45:03
00045 ys1747-ib   ./main_ball 3 1  Done                     05/15/2013 15:45:03
00046 ys1747-ib   ./main_ball 3 1  Done                     05/15/2013 15:45:03
00047 ys1747-ib   ./main_ball 3 1  Done                     05/15/2013 15:45:03
00016 ys1744-ib  ./main_ball 3 1   Done                     05/15/2013 15:45:03
00017 ys1744-ib   ./main_ball 3 1  Done                     05/15/2013 15:45:03
00018 ys1744-ib   ./main_ball 3 1  Done                     05/15/2013 15:45:03
00020 ys1744-ib   ./main_ball 3 1  Done                     05/15/2013 15:45:03
00019 ys1744-ib   ./main_ball 3 1  Done                     05/15/2013 15:45:03
00021 ys1744-ib   ./main_ball 3 1  Done                     05/15/2013 15:45:03
00022 ys1744-ib   ./main_ball 3 1  Done                     05/15/2013 15:45:03
00023 ys1744-ib   ./main_ball 3 1  Done                     05/15/2013 15:45:03
00024 ys1744-ib   ./main_ball 3 1  Done                     05/15/2013 15:45:03
00025 ys1744-ib   ./main_ball 3 1  Done                     05/15/2013 15:45:03
00026 ys1744-ib   ./main_ball 3 1  Done                     05/15/2013 15:45:03
00027 ys1744-ib   ./main_ball 3 1  Done                     05/15/2013 15:45:03
00028 ys1744-ib   ./main_ball 3 1  Done                     05/15/2013 15:45:03
00030 ys1744-ib   ./main_ball 3 1  Done                     05/15/2013 15:45:03
00029 ys1744-ib   ./main_ball 3 1  Done                     05/15/2013 15:45:03
00031 ys1744-ib   ./main_ball 3 1  Done                     05/15/2013 15:45:03
00000 ys1742-ib  ./main_ball 3 1   Done                     05/15/2013 15:45:03
00003 ys1742-ib   ./main_ball 3 1  Done                     05/15/2013 15:45:03
00001 ys1742-ib   ./main_ball 3 1  Done                     05/15/2013 15:45:03
00002 ys1742-ib   ./main_ball 3 1  Done                     05/15/2013 15:45:03
00014 ys1742-ib   ./main_ball 3 1  Done                     05/15/2013 15:45:03
00015 ys1742-ib   ./main_ball 3 1  Done                     05/15/2013 15:45:03
00004 ys1742-ib   ./main_ball 3 1  Done                     05/15/2013 15:45:03
00005 ys1742-ib   ./main_ball 3 1  Done                     05/15/2013 15:45:03
00006 ys1742-ib   ./main_ball 3 1  Done                     05/15/2013 15:45:03
00007 ys1742-ib   ./main_ball 3 1  Done                     05/15/2013 15:45:03
00008 ys1742-ib   ./main_ball 3 1  Done                     05/15/2013 15:45:03
00009 ys1742-ib   ./main_ball 3 1  Done                     05/15/2013 15:45:03
00010 ys1742-ib   ./main_ball 3 1  Done                     05/15/2013 15:45:03
00011 ys1742-ib   ./main_ball 3 1  Done                     05/15/2013 15:45:03
00012 ys1742-ib   ./main_ball 3 1  Done                     05/15/2013 15:45:03
00013 ys1742-ib   ./main_ball 3 1  Done                     05/15/2013 15:45:03

------------------------------------------------------------
Sender: LSF System <lsfadmin@ys1742-ib>
Subject: Job 662281: <mb.512> Done

Job <mb.512> was submitted from host <yslogin3-ib> by user <robertk> in cluster <yellowstone>.
Job was executed on host(s) <16*ys1742-ib>, in queue <small>, as user <robertk> in cluster <yellowstone>.
                            <16*ys1744-ib>
                            <16*ys1747-ib>
                            <16*ys1749-ib>
                            <16*ys1750-ib>
                            <16*ys1752-ib>
                            <16*ys1753-ib>
                            <16*ys1754-ib>
                            <16*ys1757-ib>
                            <16*ys1758-ib>
                            <16*ys1759-ib>
                            <16*ys1760-ib>
                            <16*ys1761-ib>
                            <16*ys1762-ib>
                            <16*ys1763-ib>
                            <16*ys1764-ib>
                            <16*ys1765-ib>
                            <16*ys1769-ib>
                            <16*ys1770-ib>
                            <16*ys1771-ib>
                            <16*ys1772-ib>
                            <16*ys1801-ib>
                            <16*ys1802-ib>
                            <16*ys1807-ib>
                            <16*ys1809-ib>
                            <16*ys1811-ib>
                            <16*ys1813-ib>
                            <16*ys1815-ib>
                            <16*ys1817-ib>
                            <16*ys1818-ib>
                            <16*ys1819-ib>
                            <16*ys1820-ib>
</glade/u/home/robertk> was used as the home directory.
</glade/u/home/robertk/work/Dune/trunk/alugrid/examples> was used as the working directory.
Started at Wed May 15 15:44:14 2013
Results reported at Wed May 15 15:45:07 2013

Your job looked like:

------------------------------------------------------------
# LSBATCH: User input
#!/bin/bash
# LSF batch script to run an MPI application
#
#BSUB -P P86850055           # project code
#BSUB -W 00:10               # wall-clock time (hrs:mins)
#BSUB -n 512              # number of tasks in job
#BSUB -R span[ptile=16]    # run 16 MPI tasks per node
#BSUB -J mb.512            # job name
#BSUB -o ./out/mb.512.%J.out  # output file name 
#BSUB -e ./err/mb.512.%J.err  # error file name
#BSUB -q small             # queue
#run the executable
mpirun.lsf ./main_ball 3 1 4 none

------------------------------------------------------------

Successfully completed.

Resource usage summary:

    CPU time   :  20962.91 sec.
    Max Memory :       164 MB
    Max Swap   :      3048 MB

    Max Processes  :         7
    Max Threads    :        77

The output (if any) is above this job summary.



PS:

Read file <./err/mb.512.662281.err> for stderr output of this job.

