Caught DGFException on creation of SGrid, trying default DGF method!

Created parallel ALUGrid<3,3,cube,nonconforming> from macro grid file ''. 

globalRefine: 1
elements = 7280967 (109991,117762,1.07065)   maxLevel = 4   step = 12   time = 0.108   dt = 0.009
elements = 7183681 (108609,115979,1.06786)   maxLevel = 4   step = 23   time = 0.207   dt = 0.009
elements = 7138433 (108103,115483,1.06827)   maxLevel = 4   step = 34   time = 0.306   dt = 0.009
elements = 7327531 (111262,117896,1.05963)   maxLevel = 4   step = 45   time = 0.405   dt = 0.009
elements = 7081208 (107163,114276,1.06638)   maxLevel = 4   step = 56   time = 0.504   dt = 0.009
elements = 7316660 (111389,117695,1.05661)   maxLevel = 4   step = 67   time = 0.603   dt = 0.009
elements = 7207782 (109004,116574,1.06945)   maxLevel = 4   step = 78   time = 0.702   dt = 0.009
elements = 7105890 (107431,114120,1.06226)   maxLevel = 4   step = 89   time = 0.801   dt = 0.009
elements = 7273302 (110399,117049,1.06024)   maxLevel = 4   step = 100   time = 0.9   dt = 0.009
elements = 7005433 (105982,112715,1.06353)   maxLevel = 4   step = 112   time = 1.008   dt = 0.009
U2 max: 0.05  min: 0.03
U3 max: 0.01  min: 0
U4 max: 41  min: 14.54
U5 max: 10.43  min: 4.93
U6 max: 0.01  min: 0
U7 max: 52.15  min: 25.75
U8 max: 42.73  min: 15.97
Program finished: CPU time = 175.879 sec.
Job  /ncar/opt/lsf/8.3/linux2.6-glibc2.3-x86_64/bin/poejob ./main_ball 3 1 4 none

TID   HOST_NAME   COMMAND_LINE            STATUS            TERMINATION_TIME
===== ========== ================  =======================  ===================
00048 ys1653-ib  ./main_ball 3 1   Done                     05/15/2013 15:47:18
00052 ys1653-ib   ./main_ball 3 1  Done                     05/15/2013 15:47:18
00054 ys1653-ib   ./main_ball 3 1  Done                     05/15/2013 15:47:18
00051 ys1653-ib   ./main_ball 3 1  Done                     05/15/2013 15:47:18
00053 ys1653-ib   ./main_ball 3 1  Done                     05/15/2013 15:47:18
00055 ys1653-ib   ./main_ball 3 1  Done                     05/15/2013 15:47:18
00056 ys1653-ib   ./main_ball 3 1  Done                     05/15/2013 15:47:18
00057 ys1653-ib   ./main_ball 3 1  Done                     05/15/2013 15:47:18
00058 ys1653-ib   ./main_ball 3 1  Done                     05/15/2013 15:47:18
00060 ys1653-ib   ./main_ball 3 1  Done                     05/15/2013 15:47:18
00059 ys1653-ib   ./main_ball 3 1  Done                     05/15/2013 15:47:18
00061 ys1653-ib   ./main_ball 3 1  Done                     05/15/2013 15:47:18
00062 ys1653-ib   ./main_ball 3 1  Done                     05/15/2013 15:47:18
00063 ys1653-ib   ./main_ball 3 1  Done                     05/15/2013 15:47:18
00050 ys1653-ib   ./main_ball 3 1  Done                     05/15/2013 15:47:18
00049 ys1653-ib   ./main_ball 3 1  Done                     05/15/2013 15:47:18
00032 ys1647-ib  ./main_ball 3 1   Done                     05/15/2013 15:47:18
00033 ys1647-ib   ./main_ball 3 1  Done                     05/15/2013 15:47:18
00034 ys1647-ib   ./main_ball 3 1  Done                     05/15/2013 15:47:18
00035 ys1647-ib   ./main_ball 3 1  Done                     05/15/2013 15:47:18
00036 ys1647-ib   ./main_ball 3 1  Done                     05/15/2013 15:47:18
00037 ys1647-ib   ./main_ball 3 1  Done                     05/15/2013 15:47:18
00038 ys1647-ib   ./main_ball 3 1  Done                     05/15/2013 15:47:18
00040 ys1647-ib   ./main_ball 3 1  Done                     05/15/2013 15:47:18
00039 ys1647-ib   ./main_ball 3 1  Done                     05/15/2013 15:47:18
00041 ys1647-ib   ./main_ball 3 1  Done                     05/15/2013 15:47:18
00042 ys1647-ib   ./main_ball 3 1  Done                     05/15/2013 15:47:18
00043 ys1647-ib   ./main_ball 3 1  Done                     05/15/2013 15:47:18
00044 ys1647-ib   ./main_ball 3 1  Done                     05/15/2013 15:47:18
00045 ys1647-ib   ./main_ball 3 1  Done                     05/15/2013 15:47:18
00046 ys1647-ib   ./main_ball 3 1  Done                     05/15/2013 15:47:18
00047 ys1647-ib   ./main_ball 3 1  Done                     05/15/2013 15:47:18
00016 ys1643-ib  ./main_ball 3 1   Done                     05/15/2013 15:47:18
00017 ys1643-ib   ./main_ball 3 1  Done                     05/15/2013 15:47:18
00018 ys1643-ib   ./main_ball 3 1  Done                     05/15/2013 15:47:18
00020 ys1643-ib   ./main_ball 3 1  Done                     05/15/2013 15:47:18
00019 ys1643-ib   ./main_ball 3 1  Done                     05/15/2013 15:47:18
00021 ys1643-ib   ./main_ball 3 1  Done                     05/15/2013 15:47:18
00022 ys1643-ib   ./main_ball 3 1  Done                     05/15/2013 15:47:18
00023 ys1643-ib   ./main_ball 3 1  Done                     05/15/2013 15:47:18
00024 ys1643-ib   ./main_ball 3 1  Done                     05/15/2013 15:47:18
00025 ys1643-ib   ./main_ball 3 1  Done                     05/15/2013 15:47:18
00026 ys1643-ib   ./main_ball 3 1  Done                     05/15/2013 15:47:18
00027 ys1643-ib   ./main_ball 3 1  Done                     05/15/2013 15:47:18
00028 ys1643-ib   ./main_ball 3 1  Done                     05/15/2013 15:47:18
00030 ys1643-ib   ./main_ball 3 1  Done                     05/15/2013 15:47:18
00029 ys1643-ib   ./main_ball 3 1  Done                     05/15/2013 15:47:18
00031 ys1643-ib   ./main_ball 3 1  Done                     05/15/2013 15:47:18
00000 ys1642-ib  ./main_ball 3 1   Done                     05/15/2013 15:47:18
00004 ys1642-ib   ./main_ball 3 1  Done                     05/15/2013 15:47:18
00005 ys1642-ib   ./main_ball 3 1  Done                     05/15/2013 15:47:18
00001 ys1642-ib   ./main_ball 3 1  Done                     05/15/2013 15:47:18
00002 ys1642-ib   ./main_ball 3 1  Done                     05/15/2013 15:47:18
00014 ys1642-ib   ./main_ball 3 1  Done                     05/15/2013 15:47:18
00003 ys1642-ib   ./main_ball 3 1  Done                     05/15/2013 15:47:18
00015 ys1642-ib   ./main_ball 3 1  Done                     05/15/2013 15:47:18
00006 ys1642-ib   ./main_ball 3 1  Done                     05/15/2013 15:47:18
00007 ys1642-ib   ./main_ball 3 1  Done                     05/15/2013 15:47:18
00008 ys1642-ib   ./main_ball 3 1  Done                     05/15/2013 15:47:18
00009 ys1642-ib   ./main_ball 3 1  Done                     05/15/2013 15:47:18
00010 ys1642-ib   ./main_ball 3 1  Done                     05/15/2013 15:47:18
00011 ys1642-ib   ./main_ball 3 1  Done                     05/15/2013 15:47:18
00012 ys1642-ib   ./main_ball 3 1  Done                     05/15/2013 15:47:18
00013 ys1642-ib   ./main_ball 3 1  Done                     05/15/2013 15:47:18

------------------------------------------------------------
Sender: LSF System <lsfadmin@ys1642-ib>
Subject: Job 662278: <mb.64> Done

Job <mb.64> was submitted from host <yslogin3-ib> by user <robertk> in cluster <yellowstone>.
Job was executed on host(s) <16*ys1642-ib>, in queue <small>, as user <robertk> in cluster <yellowstone>.
                            <16*ys1643-ib>
                            <16*ys1647-ib>
                            <16*ys1653-ib>
</glade/u/home/robertk> was used as the home directory.
</glade/u/home/robertk/work/Dune/trunk/alugrid/examples> was used as the working directory.
Started at Wed May 15 15:44:14 2013
Results reported at Wed May 15 15:47:22 2013

Your job looked like:

------------------------------------------------------------
# LSBATCH: User input
#!/bin/bash
# LSF batch script to run an MPI application
#
#BSUB -P P86850055           # project code
#BSUB -W 00:10               # wall-clock time (hrs:mins)
#BSUB -n 64              # number of tasks in job
#BSUB -R span[ptile=16]    # run 16 MPI tasks per node
#BSUB -J mb.64            # job name
#BSUB -o ./out/mb.64.%J.out  # output file name 
#BSUB -e ./err/mb.64.%J.err  # error file name
#BSUB -q small             # queue
#run the executable
mpirun.lsf ./main_ball 3 1 4 none

------------------------------------------------------------

Successfully completed.

Resource usage summary:

    CPU time   :  11330.27 sec.
    Max Memory :       151 MB
    Max Swap   :      1133 MB

    Max Processes  :         7
    Max Threads    :        21

The output (if any) is above this job summary.



PS:

Read file <./err/mb.64.662278.err> for stderr output of this job.

