Execute poe command line: poe  ./main_ball 4 0 3 none
Caught DGFException on creation of SGrid, trying default DGF method!

Created parallel ALUGrid<3,3,cube,nonconforming> from macro grid file ''. 

globalRefine: 0
elements = 7272847 (22528,30040,1.33345)   maxLevel = 3   step = 12   time = 0.108   dt = 0.009
elements = 7170185 (22873,29409,1.28575)   maxLevel = 3   step = 23   time = 0.207   dt = 0.009
elements = 7079857 (21877,29075,1.32902)   maxLevel = 3   step = 34   time = 0.306   dt = 0.009
elements = 7298670 (22501,29968,1.33185)   maxLevel = 3   step = 45   time = 0.405   dt = 0.009
elements = 7019062 (21825,28800,1.31959)   maxLevel = 3   step = 56   time = 0.504   dt = 0.009
elements = 7249782 (24069,29830,1.23935)   maxLevel = 3   step = 67   time = 0.603   dt = 0.009
elements = 7164697 (22528,29634,1.31543)   maxLevel = 3   step = 78   time = 0.702   dt = 0.009
elements = 7068223 (23325,29043,1.24514)   maxLevel = 3   step = 89   time = 0.801   dt = 0.009
elements = 7268479 (23960,29910,1.24833)   maxLevel = 3   step = 100   time = 0.9   dt = 0.009
elements = 7012041 (22139,28950,1.30765)   maxLevel = 3   step = 112   time = 1.008   dt = 0.009
U2 max: 35.16  min: 13.2
U3 max: 0.02  min: 0
U4 max: 5.37  min: 3.5
U5 max: 6.3  min: 0.21
U6 max: 422.22  min: 408.09
U7 max: 0.01  min: 0
U8 max: 41.49  min: 20
Program finished: CPU time = 293.165 sec.

------------------------------------------------------------
Sender: LSF System <lsfadmin@ys1414-ib>
Subject: Job 955152: <mb.256> in cluster <yellowstone> Done

Job <mb.256> was submitted from host <yslogin3-ib> by user <robertk> in cluster <yellowstone>.
Job was executed on host(s) <16*ys1414-ib>, in queue <small>, as user <robertk> in cluster <yellowstone>.
                            <16*ys1415-ib>
                            <16*ys1416-ib>
                            <16*ys1417-ib>
                            <16*ys1418-ib>
                            <16*ys1456-ib>
                            <16*ys1457-ib>
                            <16*ys1458-ib>
                            <16*ys1459-ib>
                            <16*ys1552-ib>
                            <16*ys1634-ib>
                            <16*ys1654-ib>
                            <16*ys1670-ib>
                            <16*ys1671-ib>
                            <16*ys1672-ib>
                            <16*ys1702-ib>
</glade/u/home/robertk> was used as the home directory.
</glade/u/home/robertk/work/Dune/trunk/alugrid/examples/run/mb_parmetis_403> was used as the working directory.
Started at Mon Feb 24 20:41:38 2014
Results reported at Mon Feb 24 20:50:27 2014

Your job looked like:

------------------------------------------------------------
# LSBATCH: User input
#!/bin/bash
# LSF batch script to run an MPI application
#
#BSUB -P P86850055           # project code
#BSUB -W 00:20               # wall-clock time (hrs:mins)
#BSUB -n 256              # number of tasks in job
#BSUB -R span[ptile=16]    # run 16 MPI tasks per node
#BSUB -J mb.256            # job name
#BSUB -o ./mb.256.out  # output file name 
#BSUB -e ./mb.256.err  # error file name
#BSUB -q small             # queue
#run the executable
export MP_CSS_INTERRUPT=yes
export MP_EAGER_LIMIT=4194305
export MP_EAGER_LIMIT_LOCAL=4194305
mpirun.lsf ./main_ball 4 0 3 none

------------------------------------------------------------

Successfully completed.

Resource usage summary:

    CPU time :               189039.97 sec.
    Max Memory :             30648 MB
    Average Memory :         15795.06 MB
    Total Requested Memory : -
    Delta Memory :           -
    (Delta: the difference between total requested memory and actual max usage.)
    Max Processes :          276
    Max Threads :            2937

The output (if any) is above this job summary.



PS:

Read file <./mb.256.err> for stderr output of this job.

