Execute poe command line: poe  ./main_ball 4 0 3 none
Caught DGFException on creation of SGrid, trying default DGF method!

Created parallel ALUGrid<3,3,cube,nonconforming> from macro grid file ''. 

globalRefine: 0
elements = 7277390 (2651,4096,1.54508)   maxLevel = 3   step = 12   time = 0.108   dt = 0.009
elements = 7168393 (2560,4096,1.6)   maxLevel = 3   step = 23   time = 0.207   dt = 0.009
elements = 7121738 (2560,3972,1.55156)   maxLevel = 3   step = 34   time = 0.306   dt = 0.009
elements = 7280491 (2778,4041,1.45464)   maxLevel = 3   step = 45   time = 0.405   dt = 0.009
elements = 7027791 (1842,3848,2.08903)   maxLevel = 3   step = 56   time = 0.504   dt = 0.009
elements = 7275073 (2440,4096,1.67869)   maxLevel = 3   step = 67   time = 0.603   dt = 0.009
elements = 7164865 (1698,4096,2.41225)   maxLevel = 3   step = 78   time = 0.702   dt = 0.009
elements = 7084932 (2329,3795,1.62945)   maxLevel = 3   step = 89   time = 0.801   dt = 0.009
elements = 7281205 (2804,3931,1.40193)   maxLevel = 3   step = 100   time = 0.9   dt = 0.009
elements = 7032019 (2048,3840,1.875)   maxLevel = 3   step = 112   time = 1.008   dt = 0.009
U2 max: 18.48  min: 14.04
U3 max: 0.03  min: 0
U4 max: 1.93  min: 0.86
U5 max: 0.64  min: 0
U6 max: 207.82  min: 201.66
U7 max: 0.01  min: 0
U8 max: 20.92  min: 16.08
Program finished: CPU time = 197.753 sec.

------------------------------------------------------------
Sender: LSF System <lsfadmin@ys0311-ib>
Subject: Job 955155: <mb.2048> in cluster <yellowstone> Done

Job <mb.2048> was submitted from host <yslogin3-ib> by user <robertk> in cluster <yellowstone>.
Job was executed on host(s) <16*ys0311-ib>, in queue <small>, as user <robertk> in cluster <yellowstone>.
                            <16*ys0450-ib>
                            <16*ys0451-ib>
                            <16*ys0454-ib>
                            <16*ys0455-ib>
                            <16*ys0456-ib>
                            <16*ys0458-ib>
                            <16*ys0459-ib>
                            <16*ys0469-ib>
                            <16*ys0470-ib>
                            <16*ys0471-ib>
                            <16*ys0472-ib>
                            <16*ys0501-ib>
                            <16*ys0502-ib>
                            <16*ys0503-ib>
                            <16*ys0504-ib>
                            <16*ys0509-ib>
                            <16*ys0517-ib>
                            <16*ys0519-ib>
                            <16*ys0520-ib>
                            <16*ys0521-ib>
                            <16*ys0522-ib>
                            <16*ys0540-ib>
                            <16*ys0543-ib>
                            <16*ys0548-ib>
                            <16*ys0551-ib>
                            <16*ys0560-ib>
                            <16*ys0561-ib>
                            <16*ys0603-ib>
                            <16*ys0604-ib>
                            <16*ys0622-ib>
                            <16*ys0623-ib>
                            <16*ys0633-ib>
                            <16*ys0639-ib>
                            <16*ys0654-ib>
                            <16*ys0655-ib>
                            <16*ys0656-ib>
                            <16*ys0662-ib>
                            <16*ys0722-ib>
                            <16*ys0727-ib>
                            <16*ys0732-ib>
                            <16*ys0733-ib>
                            <16*ys0734-ib>
                            <16*ys0749-ib>
                            <16*ys0824-ib>
                            <16*ys0826-ib>
                            <16*ys0828-ib>
                            <16*ys0830-ib>
                            <16*ys0842-ib>
                            <16*ys0843-ib>
                            <16*ys0844-ib>
                            <16*ys0851-ib>
                            <16*ys0855-ib>
                            <16*ys0857-ib>
                            <16*ys0858-ib>
                            <16*ys0866-ib>
                            <16*ys0917-ib>
                            <16*ys0918-ib>
                            <16*ys0931-ib>
                            <16*ys0932-ib>
                            <16*ys0935-ib>
                            <16*ys0937-ib>
                            <16*ys0938-ib>
                            <16*ys0939-ib>
                            <16*ys1057-ib>
                            <16*ys1136-ib>
                            <16*ys1142-ib>
                            <16*ys1143-ib>
                            <16*ys1366-ib>
                            <16*ys1416-ib>
                            <16*ys1417-ib>
                            <16*ys1418-ib>
                            <16*ys1456-ib>
                            <16*ys1457-ib>
                            <16*ys1458-ib>
                            <16*ys1459-ib>
                            <16*ys1468-ib>
                            <16*ys1521-ib>
                            <16*ys1551-ib>
                            <16*ys1570-ib>
                            <16*ys1571-ib>
                            <16*ys1572-ib>
                            <16*ys1601-ib>
                            <16*ys1617-ib>
                            <16*ys1618-ib>
                            <16*ys1619-ib>
                            <16*ys1620-ib>
                            <16*ys1622-ib>
                            <16*ys1623-ib>
                            <16*ys1625-ib>
                            <16*ys1626-ib>
                            <16*ys1629-ib>
                            <16*ys1635-ib>
                            <16*ys1636-ib>
                            <16*ys1639-ib>
                            <16*ys1643-ib>
                            <16*ys1651-ib>
                            <16*ys1652-ib>
                            <16*ys1653-ib>
                            <16*ys1666-ib>
                            <16*ys1703-ib>
                            <16*ys1704-ib>
                            <16*ys1705-ib>
                            <16*ys1706-ib>
                            <16*ys1708-ib>
                            <16*ys1711-ib>
                            <16*ys1712-ib>
                            <16*ys1746-ib>
                            <16*ys1747-ib>
                            <16*ys1752-ib>
                            <16*ys1762-ib>
                            <16*ys1763-ib>
                            <16*ys1764-ib>
                            <16*ys1765-ib>
                            <16*ys1766-ib>
                            <16*ys1770-ib>
                            <16*ys1771-ib>
                            <16*ys1772-ib>
                            <16*ys1813-ib>
                            <16*ys1814-ib>
                            <16*ys1815-ib>
                            <16*ys1816-ib>
                            <16*ys1817-ib>
                            <16*ys1932-ib>
                            <16*ys1955-ib>
                            <16*ys1956-ib>
                            <16*ys1958-ib>
                            <16*ys1959-ib>
</glade/u/home/robertk> was used as the home directory.
</glade/u/home/robertk/work/Dune/trunk/alugrid/examples/run/mb_parmetis_403> was used as the working directory.
Started at Mon Feb 24 21:50:35 2014
Results reported at Mon Feb 24 21:55:12 2014

Your job looked like:

------------------------------------------------------------
# LSBATCH: User input
#!/bin/bash
# LSF batch script to run an MPI application
#
#BSUB -P P86850055           # project code
#BSUB -W 00:20               # wall-clock time (hrs:mins)
#BSUB -n 2048              # number of tasks in job
#BSUB -R span[ptile=16]    # run 16 MPI tasks per node
#BSUB -J mb.2048            # job name
#BSUB -o ./mb.2048.out  # output file name 
#BSUB -e ./mb.2048.err  # error file name
#BSUB -q small             # queue
#run the executable
export MP_CSS_INTERRUPT=yes
export MP_EAGER_LIMIT=4194305
export MP_EAGER_LIMIT_LOCAL=4194305
mpirun.lsf ./main_ball 4 0 3 none

------------------------------------------------------------

Successfully completed.

Resource usage summary:

    CPU time :               613955.12 sec.
    Max Memory :             246656 MB
    Average Memory :         63398.50 MB
    Total Requested Memory : -
    Delta Memory :           -
    (Delta: the difference between total requested memory and actual max usage.)
    Max Processes :          2180
    Max Threads :            23433

The output (if any) is above this job summary.



PS:

Read file <./mb.2048.err> for stderr output of this job.

