Execute poe command line: poe  ./main_ball 4 0 3 none
Caught DGFException on creation of SGrid, trying default DGF method!

Created parallel ALUGrid<3,3,cube,nonconforming> from macro grid file ''. 

globalRefine: 0
elements = 7261577 (10143,15045,1.48329)   maxLevel = 3   step = 12   time = 0.108   dt = 0.009
elements = 7177899 (9821,15109,1.53844)   maxLevel = 3   step = 23   time = 0.207   dt = 0.009
elements = 7099919 (9728,14848,1.52632)   maxLevel = 3   step = 34   time = 0.306   dt = 0.009
elements = 7298250 (10040,15360,1.52988)   maxLevel = 3   step = 45   time = 0.405   dt = 0.009
elements = 7025313 (9728,14919,1.53361)   maxLevel = 3   step = 56   time = 0.504   dt = 0.009
elements = 7273358 (10752,15360,1.42857)   maxLevel = 3   step = 67   time = 0.603   dt = 0.009
elements = 7151544 (10240,15350,1.49902)   maxLevel = 3   step = 78   time = 0.702   dt = 0.009
elements = 7078128 (10240,14848,1.45)   maxLevel = 3   step = 89   time = 0.801   dt = 0.009
elements = 7263320 (8704,15711,1.80503)   maxLevel = 3   step = 100   time = 0.9   dt = 0.009
elements = 7004019 (9728,14848,1.52632)   maxLevel = 3   step = 112   time = 1.008   dt = 0.009
U2 max: 26.45  min: 16.7
U3 max: 0.02  min: 0
U4 max: 3.95  min: 1.98
U5 max: 3.16  min: 0.06
U6 max: 230.46  min: 219.21
U7 max: 0.01  min: 0
U8 max: 31.42  min: 21.22
Program finished: CPU time = 209.83 sec.

------------------------------------------------------------
Sender: LSF System <lsfadmin@ys1703-ib>
Subject: Job 955153: <mb.512> in cluster <yellowstone> Done

Job <mb.512> was submitted from host <yslogin3-ib> by user <robertk> in cluster <yellowstone>.
Job was executed on host(s) <16*ys1703-ib>, in queue <small>, as user <robertk> in cluster <yellowstone>.
                            <16*ys1704-ib>
                            <16*ys1705-ib>
                            <16*ys1706-ib>
                            <16*ys1708-ib>
                            <16*ys1711-ib>
                            <16*ys1712-ib>
                            <16*ys1746-ib>
                            <16*ys1747-ib>
                            <16*ys1762-ib>
                            <16*ys1763-ib>
                            <16*ys1764-ib>
                            <16*ys1765-ib>
                            <16*ys1766-ib>
                            <16*ys1770-ib>
                            <16*ys1771-ib>
                            <16*ys1772-ib>
                            <16*ys1806-ib>
                            <16*ys1853-ib>
                            <16*ys1854-ib>
                            <16*ys1858-ib>
                            <16*ys1859-ib>
                            <16*ys1860-ib>
                            <16*ys1861-ib>
                            <16*ys1867-ib>
                            <16*ys1901-ib>
                            <16*ys1902-ib>
                            <16*ys1906-ib>
                            <16*ys1912-ib>
                            <16*ys1913-ib>
                            <16*ys1933-ib>
                            <16*ys1934-ib>
</glade/u/home/robertk> was used as the home directory.
</glade/u/home/robertk/work/Dune/trunk/alugrid/examples/run/mb_parmetis_403> was used as the working directory.
Started at Mon Feb 24 20:41:38 2014
Results reported at Mon Feb 24 20:46:52 2014

Your job looked like:

------------------------------------------------------------
# LSBATCH: User input
#!/bin/bash
# LSF batch script to run an MPI application
#
#BSUB -P P86850055           # project code
#BSUB -W 00:20               # wall-clock time (hrs:mins)
#BSUB -n 512              # number of tasks in job
#BSUB -R span[ptile=16]    # run 16 MPI tasks per node
#BSUB -J mb.512            # job name
#BSUB -o ./mb.512.out  # output file name 
#BSUB -e ./mb.512.err  # error file name
#BSUB -q small             # queue
#run the executable
export MP_CSS_INTERRUPT=yes
export MP_EAGER_LIMIT=4194305
export MP_EAGER_LIMIT_LOCAL=4194305
mpirun.lsf ./main_ball 4 0 3 none

------------------------------------------------------------

Successfully completed.

Resource usage summary:

    CPU time :               236778.62 sec.
    Max Memory :             56027 MB
    Average Memory :         16648.11 MB
    Total Requested Memory : -
    Delta Memory :           -
    (Delta: the difference between total requested memory and actual max usage.)
    Max Processes :          548
    Max Threads :            5865

The output (if any) is above this job summary.



PS:

Read file <./mb.512.err> for stderr output of this job.

