Execute poe command line: poe  ./main_ball 4 0 3 none
Caught DGFException on creation of SGrid, trying default DGF method!

Created parallel ALUGrid<3,3,cube,nonconforming> from macro grid file ''. 

globalRefine: 0
elements = 7307231 (5120,7848,1.53281)   maxLevel = 3   step = 12   time = 0.108   dt = 0.009
elements = 7192620 (5120,7247,1.41543)   maxLevel = 3   step = 23   time = 0.207   dt = 0.009
elements = 7153672 (5120,7361,1.4377)   maxLevel = 3   step = 34   time = 0.306   dt = 0.009
elements = 7317969 (4096,7680,1.875)   maxLevel = 3   step = 45   time = 0.405   dt = 0.009
elements = 7048105 (4608,7321,1.58876)   maxLevel = 3   step = 56   time = 0.504   dt = 0.009
elements = 7300693 (5120,7723,1.5084)   maxLevel = 3   step = 67   time = 0.603   dt = 0.009
elements = 7197737 (5120,7680,1.5)   maxLevel = 3   step = 78   time = 0.702   dt = 0.009
elements = 7114920 (6144,7652,1.24544)   maxLevel = 3   step = 89   time = 0.801   dt = 0.009
elements = 7297151 (6144,7738,1.25944)   maxLevel = 3   step = 100   time = 0.9   dt = 0.009
elements = 7031228 (6137,7274,1.18527)   maxLevel = 3   step = 112   time = 1.008   dt = 0.009
U2 max: 48.62  min: 33.01
U3 max: 0.04  min: 0
U4 max: 2.08  min: 1.3
U5 max: 1.07  min: 0.01
U6 max: 204.41  min: 189.01
U7 max: 0.01  min: 0
U8 max: 51.57  min: 35.89
Program finished: CPU time = 224.214 sec.

------------------------------------------------------------
Sender: LSF System <lsfadmin@ys0349-ib>
Subject: Job 932348: <mb.1024> in cluster <yellowstone> Done

Job <mb.1024> was submitted from host <yslogin3-ib> by user <robertk> in cluster <yellowstone>.
Job was executed on host(s) <16*ys0349-ib>, in queue <small>, as user <robertk> in cluster <yellowstone>.
                            <16*ys0350-ib>
                            <16*ys0355-ib>
                            <16*ys0361-ib>
                            <16*ys0415-ib>
                            <16*ys0421-ib>
                            <16*ys0426-ib>
                            <16*ys0427-ib>
                            <16*ys0429-ib>
                            <16*ys0430-ib>
                            <16*ys0431-ib>
                            <16*ys0437-ib>
                            <16*ys0438-ib>
                            <16*ys0439-ib>
                            <16*ys0440-ib>
                            <16*ys0442-ib>
                            <16*ys0445-ib>
                            <16*ys0446-ib>
                            <16*ys0465-ib>
                            <16*ys0467-ib>
                            <16*ys2815-ib>
                            <16*ys2816-ib>
                            <16*ys2817-ib>
                            <16*ys2818-ib>
                            <16*ys2819-ib>
                            <16*ys3168-ib>
                            <16*ys3169-ib>
                            <16*ys3209-ib>
                            <16*ys3210-ib>
                            <16*ys3211-ib>
                            <16*ys3253-ib>
                            <16*ys3254-ib>
                            <16*ys3255-ib>
                            <16*ys3256-ib>
                            <16*ys3257-ib>
                            <16*ys3258-ib>
                            <16*ys3336-ib>
                            <16*ys4025-ib>
                            <16*ys4029-ib>
                            <16*ys4032-ib>
                            <16*ys4039-ib>
                            <16*ys4040-ib>
                            <16*ys4041-ib>
                            <16*ys4042-ib>
                            <16*ys4043-ib>
                            <16*ys4058-ib>
                            <16*ys4221-ib>
                            <16*ys4222-ib>
                            <16*ys4223-ib>
                            <16*ys4826-ib>
                            <16*ys4827-ib>
                            <16*ys4867-ib>
                            <16*ys4958-ib>
                            <16*ys4959-ib>
                            <16*ys4960-ib>
                            <16*ys4961-ib>
                            <16*ys4962-ib>
                            <16*ys4963-ib>
                            <16*ys4964-ib>
                            <16*ys4965-ib>
                            <16*ys4966-ib>
                            <16*ys4967-ib>
                            <16*ys4968-ib>
                            <16*ys4969-ib>
</glade/u/home/robertk> was used as the home directory.
</glade/u/home/robertk/work/Dune/trunk/alugrid/examples/run/mb_kway_403> was used as the working directory.
Started at Fri Feb 21 11:30:56 2014
Results reported at Fri Feb 21 11:35:58 2014

Your job looked like:

------------------------------------------------------------
# LSBATCH: User input
#!/bin/bash
# LSF batch script to run an MPI application
#
#BSUB -P P86850055           # project code
#BSUB -W 00:20               # wall-clock time (hrs:mins)
#BSUB -n 1024              # number of tasks in job
#BSUB -R span[ptile=16]    # run 16 MPI tasks per node
#BSUB -J mb.1024            # job name
#BSUB -o ./mb.1024.out  # output file name 
#BSUB -e ./mb.1024.err  # error file name
#BSUB -q small             # queue
#run the executable
export MP_CSS_INTERRUPT=yes
export MP_EAGER_LIMIT=4194305
export MP_EAGER_LIMIT_LOCAL=4194305
mpirun.lsf ./main_ball 4 0 3 none

------------------------------------------------------------

Successfully completed.

Resource usage summary:

    CPU time :               277226.00 sec.
    Max Memory :             273228 MB
    Average Memory :         104102.12 MB
    Total Requested Memory : -
    Delta Memory :           -
    (Delta: the difference between total requested memory and actual max usage.)
    Max Processes :          1092
    Max Threads :            11721

The output (if any) is above this job summary.



PS:

Read file <./mb.1024.err> for stderr output of this job.

