Execute poe command line: poe  ./main_ball 4 0 3 none
Caught DGFException on creation of SGrid, trying default DGF method!

Created parallel ALUGrid<3,3,cube,nonconforming> from macro grid file ''. 

globalRefine: 0
You just increased the maxndoms: 15 14
You just increased the maxndoms: 15 14
You just increased the maxndoms: 15 14
You just increased the maxndoms: 15 14
You just increased the maxndoms: 15 14
You just increased the maxndoms: 15 14
You just increased the maxndoms: 15 14
You just increased the maxndoms: 15 14
You just increased the maxndoms: 15 14
You just increased the maxndoms: 15 14
You just increased the maxndoms: 15 14
You just increased the maxndoms: 15 14
You just increased the maxndoms: 15 14
You just increased the maxndoms: 15 14
You just increased the maxndoms: 15 14
You just increased the maxndoms: 15 14
You just increased the maxndoms: 15 14
You just increased the maxndoms: 15 14
You just increased the maxndoms: 15 14
You just increased the maxndoms: 15 14
You just increased the maxndoms: 15 14
You just increased the maxndoms: 15 14
You just increased the maxndoms: 15 14
You just increased the maxndoms: 15 14
You just increased the maxndoms: 15 14
You just increased the maxndoms: 15 14
You just increased the maxndoms: 15 14
You just increased the maxndoms: 15 14
You just increased the maxndoms: 15 14
You just increased the maxndoms: 15 14
You just increased the maxndoms: 15 14
You just increased the maxndoms: 15 14
You just increased the maxndoms: 16 15
You just increased the maxndoms: 16 15
You just increased the maxndoms: 16 15
You just increased the maxndoms: 16 15
You just increased the maxndoms: 16 15
You just increased the maxndoms: 16 15
You just increased the maxndoms: 16 15
You just increased the maxndoms: 16 15
You just increased the maxndoms: 16 15
You just increased the maxndoms: 16 15
You just increased the maxndoms: 16 15
You just increased the maxndoms: 16 15
You just increased the maxndoms: 16 15
You just increased the maxndoms: 16 15
You just increased the maxndoms: 16 15
You just increased the maxndoms: 16 15
You just increased the maxndoms: 16 15
You just increased the maxndoms: 16 15
You just increased the maxndoms: 16 15
You just increased the maxndoms: 16 15
You just increased the maxndoms: 16 15
You just increased the maxndoms: 16 15
You just increased the maxndoms: 16 15
You just increased the maxndoms: 16 15
You just increased the maxndoms: 16 15
You just increased the maxndoms: 16 15
You just increased the maxndoms: 16 15
You just increased the maxndoms: 16 15
You just increased the maxndoms: 16 15
You just increased the maxndoms: 16 15
You just increased the maxndoms: 16 15
You just increased the maxndoms: 16 15
You just increased the maxndoms: 17 16
You just increased the maxndoms: 17 16
You just increased the maxndoms: 17 16
You just increased the maxndoms: 17 16
You just increased the maxndoms: 17 16
You just increased the maxndoms: 17 16
You just increased the maxndoms: 17 16
You just increased the maxndoms: 17 16
You just increased the maxndoms: 17 16
You just increased the maxndoms: 17 16
You just increased the maxndoms: 17 16
You just increased the maxndoms: 17 16
You just increased the maxndoms: 17 16
You just increased the maxndoms: 17 16
You just increased the maxndoms: 17 16
You just increased the maxndoms: 17 16
You just increased the maxndoms: 17 16
You just increased the maxndoms: 17 16
You just increased the maxndoms: 17 16
You just increased the maxndoms: 17 16
You just increased the maxndoms: 17 16
You just increased the maxndoms: 17 16
You just increased the maxndoms: 17 16
You just increased the maxndoms: 17 16
You just increased the maxndoms: 17 16
You just increased the maxndoms: 17 16
You just increased the maxndoms: 17 16
You just increased the maxndoms: 17 16
You just increased the maxndoms: 17 16
You just increased the maxndoms: 17 16
You just increased the maxndoms: 17 16
You just increased the maxndoms: 17 16
You just increased the maxndoms: 15 14
You just increased the maxndoms: 15 14
You just increased the maxndoms: 15 14
You just increased the maxndoms: 15 14
You just increased the maxndoms: 15 14
You just increased the maxndoms: 15 14
You just increased the maxndoms: 15 14
You just increased the maxndoms: 15 14
You just increased the maxndoms: 15 14
You just increased the maxndoms: 15 14
You just increased the maxndoms: 15 14
You just increased the maxndoms: 15 14
You just increased the maxndoms: 15 14
You just increased the maxndoms: 15 14
You just increased the maxndoms: 15 14
You just increased the maxndoms: 15 14
You just increased the maxndoms: 15 14
You just increased the maxndoms: 15 14
You just increased the maxndoms: 15 14
You just increased the maxndoms: 15 14
You just increased the maxndoms: 15 14
You just increased the maxndoms: 15 14
You just increased the maxndoms: 15 14
You just increased the maxndoms: 15 14
You just increased the maxndoms: 15 14
You just increased the maxndoms: 15 14
You just increased the maxndoms: 15 14
You just increased the maxndoms: 15 14
You just increased the maxndoms: 15 14
You just increased the maxndoms: 15 14
You just increased the maxndoms: 15 14
You just increased the maxndoms: 15 14
elements = 7323702 (222251,235415,1.05923)   maxLevel = 3   step = 12   time = 0.108   dt = 0.009
elements = 7209105 (218792,232050,1.0606)   maxLevel = 3   step = 23   time = 0.207   dt = 0.009
You just increased the maxndoms: 18 17
You just increased the maxndoms: 18 17
You just increased the maxndoms: 18 17
You just increased the maxndoms: 18 17
You just increased the maxndoms: 18 17
You just increased the maxndoms: 18 17
You just increased the maxndoms: 18 17
You just increased the maxndoms: 18 17
You just increased the maxndoms: 18 17
You just increased the maxndoms: 18 17
You just increased the maxndoms: 18 17
You just increased the maxndoms: 18 17
You just increased the maxndoms: 18 17
You just increased the maxndoms: 18 17
You just increased the maxndoms: 18 17
You just increased the maxndoms: 18 17
You just increased the maxndoms: 18 17
You just increased the maxndoms: 18 17
You just increased the maxndoms: 18 17
You just increased the maxndoms: 18 17
You just increased the maxndoms: 18 17
You just increased the maxndoms: 18 17
You just increased the maxndoms: 18 17
You just increased the maxndoms: 18 17
You just increased the maxndoms: 18 17
You just increased the maxndoms: 18 17
You just increased the maxndoms: 18 17
You just increased the maxndoms: 18 17
You just increased the maxndoms: 18 17
You just increased the maxndoms: 18 17
You just increased the maxndoms: 18 17
You just increased the maxndoms: 18 17
elements = 7154183 (217111,230199,1.06028)   maxLevel = 3   step = 34   time = 0.306   dt = 0.009
elements = 7327314 (222342,235769,1.06039)   maxLevel = 3   step = 45   time = 0.405   dt = 0.009
elements = 7057002 (214148,227143,1.06068)   maxLevel = 3   step = 56   time = 0.504   dt = 0.009
You just increased the maxndoms: 15 14
You just increased the maxndoms: 15 14
You just increased the maxndoms: 15 14
You just increased the maxndoms: 15 14
You just increased the maxndoms: 15 14
You just increased the maxndoms: 15 14
You just increased the maxndoms: 15 14
You just increased the maxndoms: 15 14
You just increased the maxndoms: 15 14
You just increased the maxndoms: 15 14
You just increased the maxndoms: 15 14
You just increased the maxndoms: 15 14
You just increased the maxndoms: 15 14
You just increased the maxndoms: 15 14
You just increased the maxndoms: 15 14
You just increased the maxndoms: 15 14
You just increased the maxndoms: 15 14
You just increased the maxndoms: 15 14
You just increased the maxndoms: 15 14
You just increased the maxndoms: 15 14
You just increased the maxndoms: 15 14
You just increased the maxndoms: 15 14
You just increased the maxndoms: 15 14
You just increased the maxndoms: 15 14
You just increased the maxndoms: 15 14
You just increased the maxndoms: 15 14
You just increased the maxndoms: 15 14
You just increased the maxndoms: 15 14
You just increased the maxndoms: 15 14
You just increased the maxndoms: 15 14
You just increased the maxndoms: 15 14
You just increased the maxndoms: 15 14
You just increased the maxndoms: 15 14
You just increased the maxndoms: 15 14
You just increased the maxndoms: 15 14
You just increased the maxndoms: 15 14
You just increased the maxndoms: 15 14
You just increased the maxndoms: 15 14
You just increased the maxndoms: 15 14
You just increased the maxndoms: 15 14
You just increased the maxndoms: 15 14
You just increased the maxndoms: 15 14
You just increased the maxndoms: 15 14
You just increased the maxndoms: 15 14
You just increased the maxndoms: 15 14
You just increased the maxndoms: 15 14
You just increased the maxndoms: 15 14
You just increased the maxndoms: 15 14
You just increased the maxndoms: 15 14
You just increased the maxndoms: 15 14
You just increased the maxndoms: 15 14
You just increased the maxndoms: 15 14
You just increased the maxndoms: 15 14
You just increased the maxndoms: 15 14
You just increased the maxndoms: 15 14
You just increased the maxndoms: 15 14
You just increased the maxndoms: 15 14
You just increased the maxndoms: 15 14
You just increased the maxndoms: 15 14
You just increased the maxndoms: 15 14
You just increased the maxndoms: 15 14
You just increased the maxndoms: 15 14
You just increased the maxndoms: 15 14
You just increased the maxndoms: 15 14
You just increased the maxndoms: 15 14
You just increased the maxndoms: 15 14
You just increased the maxndoms: 15 14
You just increased the maxndoms: 15 14
You just increased the maxndoms: 15 14
You just increased the maxndoms: 15 14
You just increased the maxndoms: 15 14
You just increased the maxndoms: 15 14
You just increased the maxndoms: 15 14
You just increased the maxndoms: 15 14
You just increased the maxndoms: 15 14
You just increased the maxndoms: 15 14
You just increased the maxndoms: 15 14
You just increased the maxndoms: 15 14
You just increased the maxndoms: 15 14
You just increased the maxndoms: 15 14
You just increased the maxndoms: 15 14
You just increased the maxndoms: 15 14
You just increased the maxndoms: 15 14
You just increased the maxndoms: 15 14
You just increased the maxndoms: 15 14
You just increased the maxndoms: 15 14
You just increased the maxndoms: 15 14
You just increased the maxndoms: 15 14
You just increased the maxndoms: 15 14
You just increased the maxndoms: 15 14
You just increased the maxndoms: 15 14
You just increased the maxndoms: 15 14
You just increased the maxndoms: 15 14
You just increased the maxndoms: 15 14
You just increased the maxndoms: 15 14
You just increased the maxndoms: 15 14
elements = 7311529 (221852,235336,1.06078)   maxLevel = 3   step = 67   time = 0.603   dt = 0.009
elements = 7200166 (218457,231779,1.06098)   maxLevel = 3   step = 78   time = 0.702   dt = 0.009
You just increased the maxndoms: 16 15
You just increased the maxndoms: 16 15
You just increased the maxndoms: 16 15
You just increased the maxndoms: 16 15
You just increased the maxndoms: 16 15
You just increased the maxndoms: 16 15
You just increased the maxndoms: 16 15
You just increased the maxndoms: 16 15
You just increased the maxndoms: 16 15
You just increased the maxndoms: 16 15
You just increased the maxndoms: 16 15
You just increased the maxndoms: 16 15
You just increased the maxndoms: 16 15
You just increased the maxndoms: 16 15
You just increased the maxndoms: 16 15
You just increased the maxndoms: 16 15
You just increased the maxndoms: 16 15
You just increased the maxndoms: 16 15
You just increased the maxndoms: 16 15
You just increased the maxndoms: 16 15
You just increased the maxndoms: 16 15
You just increased the maxndoms: 16 15
You just increased the maxndoms: 16 15
You just increased the maxndoms: 16 15
You just increased the maxndoms: 16 15
You just increased the maxndoms: 16 15
You just increased the maxndoms: 16 15
You just increased the maxndoms: 16 15
You just increased the maxndoms: 16 15
You just increased the maxndoms: 16 15
You just increased the maxndoms: 16 15
You just increased the maxndoms: 16 15
elements = 7126043 (216209,229350,1.06078)   maxLevel = 3   step = 89   time = 0.801   dt = 0.009
You just increased the maxndoms: 18 17
You just increased the maxndoms: 18 17
You just increased the maxndoms: 18 17
You just increased the maxndoms: 18 17
You just increased the maxndoms: 18 17
You just increased the maxndoms: 18 17
You just increased the maxndoms: 18 17
You just increased the maxndoms: 18 17
You just increased the maxndoms: 18 17
You just increased the maxndoms: 18 17
You just increased the maxndoms: 18 17
You just increased the maxndoms: 18 17
You just increased the maxndoms: 18 17
You just increased the maxndoms: 18 17
You just increased the maxndoms: 18 17
You just increased the maxndoms: 18 17
You just increased the maxndoms: 18 17
You just increased the maxndoms: 18 17
You just increased the maxndoms: 18 17
You just increased the maxndoms: 18 17
You just increased the maxndoms: 18 17
You just increased the maxndoms: 18 17
You just increased the maxndoms: 18 17
You just increased the maxndoms: 18 17
You just increased the maxndoms: 18 17
You just increased the maxndoms: 18 17
You just increased the maxndoms: 18 17
You just increased the maxndoms: 18 17
You just increased the maxndoms: 18 17
You just increased the maxndoms: 18 17
You just increased the maxndoms: 18 17
You just increased the maxndoms: 18 17
elements = 7306699 (221749,235086,1.06014)   maxLevel = 3   step = 100   time = 0.9   dt = 0.009
elements = 7042519 (213681,226675,1.06081)   maxLevel = 3   step = 112   time = 1.008   dt = 0.009
U2 max: 98.78  min: 53.93
U3 max: 0.02  min: 0
U4 max: 7.42  min: 6.6
U5 max: 10.75  min: 3.19
U6 max: 263.97  min: 235.07
U7 max: 0  min: 0
U8 max: 108.64  min: 64.36
Program finished: CPU time = 386.886 sec.

------------------------------------------------------------
Sender: LSF System <lsfadmin@ys3336-ib>
Subject: Job 932343: <mb.32> in cluster <yellowstone> Done

Job <mb.32> was submitted from host <yslogin3-ib> by user <robertk> in cluster <yellowstone>.
Job was executed on host(s) <16*ys3336-ib>, in queue <small>, as user <robertk> in cluster <yellowstone>.
                            <16*ys3337-ib>
</glade/u/home/robertk> was used as the home directory.
</glade/u/home/robertk/work/Dune/trunk/alugrid/examples/run/mb_kway_403> was used as the working directory.
Started at Fri Feb 21 10:08:53 2014
Results reported at Fri Feb 21 10:17:49 2014

Your job looked like:

------------------------------------------------------------
# LSBATCH: User input
#!/bin/bash
# LSF batch script to run an MPI application
#
#BSUB -P P86850055           # project code
#BSUB -W 00:20               # wall-clock time (hrs:mins)
#BSUB -n 32              # number of tasks in job
#BSUB -R span[ptile=16]    # run 16 MPI tasks per node
#BSUB -J mb.32            # job name
#BSUB -o ./mb.32.out  # output file name 
#BSUB -e ./mb.32.err  # error file name
#BSUB -q small             # queue
#run the executable
export MP_CSS_INTERRUPT=yes
export MP_EAGER_LIMIT=4194305
export MP_EAGER_LIMIT_LOCAL=4194305
mpirun.lsf ./main_ball 4 0 3 none

------------------------------------------------------------

Successfully completed.

Resource usage summary:

    CPU time :               28107.76 sec.
    Max Memory :             19817 MB
    Average Memory :         17683.06 MB
    Total Requested Memory : -
    Delta Memory :           -
    (Delta: the difference between total requested memory and actual max usage.)
    Max Processes :          38
    Max Threads :            375

The output (if any) is above this job summary.



PS:

Read file <./mb.32.err> for stderr output of this job.

