Execute poe command line: poe  ./main_ball 4 0 3 none
Caught DGFException on creation of SGrid, trying default DGF method!

Created parallel ALUGrid<3,3,cube,nonconforming> from macro grid file ''. 

globalRefine: 0
elements = 7337233 (781,2560,3.27785)   maxLevel = 3   step = 12   time = 0.108   dt = 0.009
elements = 7223602 (0,2560,inf)   maxLevel = 3   step = 23   time = 0.207   dt = 0.009
elements = 7181252 (0,2560,inf)   maxLevel = 3   step = 34   time = 0.306   dt = 0.009
elements = 7342126 (0,2560,inf)   maxLevel = 3   step = 45   time = 0.405   dt = 0.009
elements = 7075139 (0,2560,inf)   maxLevel = 3   step = 56   time = 0.504   dt = 0.009
elements = 7345185 (0,2603,inf)   maxLevel = 3   step = 67   time = 0.603   dt = 0.009
elements = 7233591 (0,2560,inf)   maxLevel = 3   step = 78   time = 0.702   dt = 0.009
elements = 7148303 (0,2560,inf)   maxLevel = 3   step = 89   time = 0.801   dt = 0.009
elements = 7335399 (0,2560,inf)   maxLevel = 3   step = 100   time = 0.9   dt = 0.009
elements = 7063029 (0,2560,inf)   maxLevel = 3   step = 112   time = 1.008   dt = 0.009
U2 max: 50.79  min: 35.89
U3 max: 0.04  min: 0
U4 max: 2.14  min: 1.34
U5 max: 0.58  min: 0
U6 max: 354.75  min: 341.5
U7 max: 0.01  min: 0
U8 max: 53.86  min: 39.07
Program finished: CPU time = 371.562 sec.

------------------------------------------------------------
Sender: LSF System <lsfadmin@ys0112-ib>
Subject: Job 932350: <mb.4096> in cluster <yellowstone> Done

Job <mb.4096> was submitted from host <yslogin3-ib> by user <robertk> in cluster <yellowstone>.
Job was executed on host(s) <16*ys0112-ib>, in queue <small>, as user <robertk> in cluster <yellowstone>.
                            <16*ys0119-ib>
                            <16*ys0122-ib>
                            <16*ys0123-ib>
                            <16*ys0124-ib>
                            <16*ys0138-ib>
                            <16*ys0143-ib>
                            <16*ys0144-ib>
                            <16*ys0146-ib>
                            <16*ys0147-ib>
                            <16*ys0153-ib>
                            <16*ys0165-ib>
                            <16*ys0171-ib>
                            <16*ys0202-ib>
                            <16*ys0218-ib>
                            <16*ys0221-ib>
                            <16*ys0312-ib>
                            <16*ys0317-ib>
                            <16*ys0318-ib>
                            <16*ys0319-ib>
                            <16*ys0371-ib>
                            <16*ys0402-ib>
                            <16*ys0412-ib>
                            <16*ys0443-ib>
                            <16*ys0444-ib>
                            <16*ys0508-ib>
                            <16*ys0513-ib>
                            <16*ys0514-ib>
                            <16*ys0524-ib>
                            <16*ys0604-ib>
                            <16*ys0605-ib>
                            <16*ys0606-ib>
                            <16*ys0607-ib>
                            <16*ys0608-ib>
                            <16*ys0869-ib>
                            <16*ys0872-ib>
                            <16*ys0901-ib>
                            <16*ys0902-ib>
                            <16*ys0904-ib>
                            <16*ys0905-ib>
                            <16*ys0906-ib>
                            <16*ys0907-ib>
                            <16*ys0910-ib>
                            <16*ys0913-ib>
                            <16*ys0914-ib>
                            <16*ys0917-ib>
                            <16*ys0929-ib>
                            <16*ys0931-ib>
                            <16*ys0932-ib>
                            <16*ys0934-ib>
                            <16*ys0935-ib>
                            <16*ys0937-ib>
                            <16*ys0938-ib>
                            <16*ys0939-ib>
                            <16*ys0940-ib>
                            <16*ys0942-ib>
                            <16*ys0944-ib>
                            <16*ys0947-ib>
                            <16*ys0965-ib>
                            <16*ys0967-ib>
                            <16*ys1020-ib>
                            <16*ys1022-ib>
                            <16*ys1030-ib>
                            <16*ys1033-ib>
                            <16*ys1042-ib>
                            <16*ys1044-ib>
                            <16*ys1047-ib>
                            <16*ys1048-ib>
                            <16*ys1049-ib>
                            <16*ys1050-ib>
                            <16*ys1051-ib>
                            <16*ys1052-ib>
                            <16*ys1053-ib>
                            <16*ys1054-ib>
                            <16*ys1056-ib>
                            <16*ys1057-ib>
                            <16*ys1063-ib>
                            <16*ys1064-ib>
                            <16*ys1067-ib>
                            <16*ys1068-ib>
                            <16*ys1069-ib>
                            <16*ys1123-ib>
                            <16*ys1124-ib>
                            <16*ys1127-ib>
                            <16*ys1131-ib>
                            <16*ys1132-ib>
                            <16*ys1133-ib>
                            <16*ys1134-ib>
                            <16*ys1136-ib>
                            <16*ys1154-ib>
                            <16*ys1155-ib>
                            <16*ys1156-ib>
                            <16*ys1157-ib>
                            <16*ys1158-ib>
                            <16*ys1159-ib>
                            <16*ys1169-ib>
                            <16*ys1212-ib>
                            <16*ys1213-ib>
                            <16*ys1214-ib>
                            <16*ys1216-ib>
                            <16*ys1224-ib>
                            <16*ys1226-ib>
                            <16*ys1227-ib>
                            <16*ys1228-ib>
                            <16*ys1230-ib>
                            <16*ys1231-ib>
                            <16*ys1232-ib>
                            <16*ys1233-ib>
                            <16*ys1234-ib>
                            <16*ys1235-ib>
                            <16*ys1236-ib>
                            <16*ys1237-ib>
                            <16*ys1238-ib>
                            <16*ys1239-ib>
                            <16*ys1240-ib>
                            <16*ys1242-ib>
                            <16*ys1243-ib>
                            <16*ys1244-ib>
                            <16*ys1245-ib>
                            <16*ys1246-ib>
                            <16*ys1252-ib>
                            <16*ys1253-ib>
                            <16*ys1254-ib>
                            <16*ys1255-ib>
                            <16*ys1256-ib>
                            <16*ys1264-ib>
                            <16*ys1265-ib>
                            <16*ys1267-ib>
                            <16*ys1268-ib>
                            <16*ys1269-ib>
                            <16*ys1270-ib>
                            <16*ys1271-ib>
                            <16*ys1316-ib>
                            <16*ys1326-ib>
                            <16*ys1327-ib>
                            <16*ys1328-ib>
                            <16*ys1329-ib>
                            <16*ys1330-ib>
                            <16*ys1331-ib>
                            <16*ys1332-ib>
                            <16*ys1333-ib>
                            <16*ys1334-ib>
                            <16*ys1335-ib>
                            <16*ys1336-ib>
                            <16*ys1337-ib>
                            <16*ys1338-ib>
                            <16*ys1341-ib>
                            <16*ys1342-ib>
                            <16*ys1346-ib>
                            <16*ys1348-ib>
                            <16*ys1351-ib>
                            <16*ys1352-ib>
                            <16*ys1353-ib>
                            <16*ys1356-ib>
                            <16*ys1357-ib>
                            <16*ys1359-ib>
                            <16*ys1360-ib>
                            <16*ys1361-ib>
                            <16*ys1362-ib>
                            <16*ys1363-ib>
                            <16*ys1364-ib>
                            <16*ys1365-ib>
                            <16*ys1366-ib>
                            <16*ys1367-ib>
                            <16*ys1368-ib>
                            <16*ys1369-ib>
                            <16*ys1370-ib>
                            <16*ys1371-ib>
                            <16*ys1372-ib>
                            <16*ys1401-ib>
                            <16*ys1402-ib>
                            <16*ys1403-ib>
                            <16*ys1404-ib>
                            <16*ys1405-ib>
                            <16*ys1406-ib>
                            <16*ys1407-ib>
                            <16*ys1408-ib>
                            <16*ys1410-ib>
                            <16*ys1411-ib>
                            <16*ys1412-ib>
                            <16*ys1413-ib>
                            <16*ys1416-ib>
                            <16*ys1417-ib>
                            <16*ys1420-ib>
                            <16*ys1421-ib>
                            <16*ys1422-ib>
                            <16*ys1423-ib>
                            <16*ys1424-ib>
                            <16*ys1431-ib>
                            <16*ys1432-ib>
                            <16*ys1436-ib>
                            <16*ys1437-ib>
                            <16*ys1438-ib>
                            <16*ys1446-ib>
                            <16*ys1448-ib>
                            <16*ys1471-ib>
                            <16*ys1472-ib>
                            <16*ys1501-ib>
                            <16*ys1502-ib>
                            <16*ys1503-ib>
                            <16*ys1510-ib>
                            <16*ys1511-ib>
                            <16*ys1512-ib>
                            <16*ys1514-ib>
                            <16*ys1517-ib>
                            <16*ys1518-ib>
                            <16*ys1566-ib>
                            <16*ys1601-ib>
                            <16*ys1604-ib>
                            <16*ys1610-ib>
                            <16*ys1611-ib>
                            <16*ys1619-ib>
                            <16*ys1620-ib>
                            <16*ys1621-ib>
                            <16*ys1646-ib>
                            <16*ys1647-ib>
                            <16*ys1648-ib>
                            <16*ys1649-ib>
                            <16*ys1650-ib>
                            <16*ys1651-ib>
                            <16*ys1653-ib>
                            <16*ys1654-ib>
                            <16*ys1655-ib>
                            <16*ys1656-ib>
                            <16*ys1665-ib>
                            <16*ys1666-ib>
                            <16*ys1667-ib>
                            <16*ys1669-ib>
                            <16*ys1670-ib>
                            <16*ys1671-ib>
                            <16*ys1672-ib>
                            <16*ys1701-ib>
                            <16*ys1702-ib>
                            <16*ys1703-ib>
                            <16*ys1704-ib>
                            <16*ys1705-ib>
                            <16*ys1706-ib>
                            <16*ys1708-ib>
                            <16*ys1709-ib>
                            <16*ys1710-ib>
                            <16*ys1722-ib>
                            <16*ys1723-ib>
                            <16*ys1724-ib>
                            <16*ys1725-ib>
                            <16*ys1726-ib>
                            <16*ys1727-ib>
                            <16*ys1728-ib>
                            <16*ys1734-ib>
                            <16*ys1736-ib>
                            <16*ys1737-ib>
                            <16*ys1757-ib>
                            <16*ys1759-ib>
                            <16*ys1760-ib>
                            <16*ys1761-ib>
                            <16*ys1763-ib>
                            <16*ys1764-ib>
</glade/u/home/robertk> was used as the home directory.
</glade/u/home/robertk/work/Dune/trunk/alugrid/examples/run/mb_kway_403> was used as the working directory.
Started at Fri Feb 21 12:34:57 2014
Results reported at Fri Feb 21 12:42:04 2014

Your job looked like:

------------------------------------------------------------
# LSBATCH: User input
#!/bin/bash
# LSF batch script to run an MPI application
#
#BSUB -P P86850055           # project code
#BSUB -W 00:20               # wall-clock time (hrs:mins)
#BSUB -n 4096              # number of tasks in job
#BSUB -R span[ptile=16]    # run 16 MPI tasks per node
#BSUB -J mb.4096            # job name
#BSUB -o ./mb.4096.out  # output file name 
#BSUB -e ./mb.4096.err  # error file name
#BSUB -q small             # queue
#run the executable
export MP_CSS_INTERRUPT=yes
export MP_EAGER_LIMIT=4194305
export MP_EAGER_LIMIT_LOCAL=4194305
mpirun.lsf ./main_ball 4 0 3 none

------------------------------------------------------------

Successfully completed.

Resource usage summary:

    CPU time :               1708808.00 sec.
    Max Memory :             1597720 MB
    Average Memory :         513335.19 MB
    Total Requested Memory : -
    Delta Memory :           -
    (Delta: the difference between total requested memory and actual max usage.)
    Max Processes :          4356
    Max Threads :            46857

The output (if any) is above this job summary.



PS:

Read file <./mb.4096.err> for stderr output of this job.

