Execute poe command line: poe  ./main_ball 4 0 3 none
Caught DGFException on creation of SGrid, trying default DGF method!

Created parallel ALUGrid<3,3,cube,nonconforming> from macro grid file ''. 

globalRefine: 0
elements = 7304494 (110810,117514,1.0605)   maxLevel = 3   step = 12   time = 0.108   dt = 0.009
You just increased the maxndoms: 21 20
You just increased the maxndoms: 21 20
You just increased the maxndoms: 21 20
You just increased the maxndoms: 21 20
You just increased the maxndoms: 21 20
You just increased the maxndoms: 21 20
You just increased the maxndoms: 21 20
You just increased the maxndoms: 21 20
You just increased the maxndoms: 21 20
You just increased the maxndoms: 21 20
You just increased the maxndoms: 21 20
You just increased the maxndoms: 21 20
You just increased the maxndoms: 21 20
You just increased the maxndoms: 21 20
You just increased the maxndoms: 21 20
You just increased the maxndoms: 21 20
You just increased the maxndoms: 21 20
You just increased the maxndoms: 21 20
You just increased the maxndoms: 21 20
You just increased the maxndoms: 21 20
You just increased the maxndoms: 21 20
You just increased the maxndoms: 21 20
You just increased the maxndoms: 21 20
You just increased the maxndoms: 21 20
You just increased the maxndoms: 21 20
You just increased the maxndoms: 21 20
You just increased the maxndoms: 21 20
You just increased the maxndoms: 21 20
You just increased the maxndoms: 21 20
You just increased the maxndoms: 21 20
You just increased the maxndoms: 21 20
You just increased the maxndoms: 21 20
You just increased the maxndoms: 21 20
You just increased the maxndoms: 21 20
You just increased the maxndoms: 21 20
You just increased the maxndoms: 21 20
You just increased the maxndoms: 21 20
You just increased the maxndoms: 21 20
You just increased the maxndoms: 21 20
You just increased the maxndoms: 21 20
You just increased the maxndoms: 21 20
You just increased the maxndoms: 21 20
You just increased the maxndoms: 21 20
You just increased the maxndoms: 21 20
You just increased the maxndoms: 21 20
You just increased the maxndoms: 21 20
You just increased the maxndoms: 21 20
You just increased the maxndoms: 21 20
You just increased the maxndoms: 21 20
You just increased the maxndoms: 21 20
You just increased the maxndoms: 21 20
You just increased the maxndoms: 21 20
You just increased the maxndoms: 21 20
You just increased the maxndoms: 21 20
You just increased the maxndoms: 21 20
You just increased the maxndoms: 21 20
You just increased the maxndoms: 21 20
You just increased the maxndoms: 21 20
You just increased the maxndoms: 21 20
You just increased the maxndoms: 21 20
You just increased the maxndoms: 21 20
You just increased the maxndoms: 21 20
You just increased the maxndoms: 21 20
You just increased the maxndoms: 21 20
elements = 7193712 (109132,115772,1.06084)   maxLevel = 3   step = 23   time = 0.207   dt = 0.009
You just increased the maxndoms: 18 17
You just increased the maxndoms: 18 17
You just increased the maxndoms: 18 17
You just increased the maxndoms: 18 17
You just increased the maxndoms: 18 17
You just increased the maxndoms: 18 17
You just increased the maxndoms: 18 17
You just increased the maxndoms: 18 17
You just increased the maxndoms: 18 17
You just increased the maxndoms: 18 17
You just increased the maxndoms: 18 17
You just increased the maxndoms: 18 17
You just increased the maxndoms: 18 17
You just increased the maxndoms: 18 17
You just increased the maxndoms: 18 17
You just increased the maxndoms: 18 17
You just increased the maxndoms: 18 17
You just increased the maxndoms: 18 17
You just increased the maxndoms: 18 17
You just increased the maxndoms: 18 17
You just increased the maxndoms: 18 17
You just increased the maxndoms: 18 17
You just increased the maxndoms: 18 17
You just increased the maxndoms: 18 17
You just increased the maxndoms: 18 17
You just increased the maxndoms: 18 17
You just increased the maxndoms: 18 17
You just increased the maxndoms: 18 17
You just increased the maxndoms: 18 17
You just increased the maxndoms: 18 17
You just increased the maxndoms: 18 17
You just increased the maxndoms: 18 17
You just increased the maxndoms: 18 17
You just increased the maxndoms: 18 17
You just increased the maxndoms: 18 17
You just increased the maxndoms: 18 17
You just increased the maxndoms: 18 17
You just increased the maxndoms: 18 17
You just increased the maxndoms: 18 17
You just increased the maxndoms: 18 17
You just increased the maxndoms: 18 17
You just increased the maxndoms: 18 17
You just increased the maxndoms: 18 17
You just increased the maxndoms: 18 17
You just increased the maxndoms: 18 17
You just increased the maxndoms: 18 17
You just increased the maxndoms: 18 17
You just increased the maxndoms: 18 17
You just increased the maxndoms: 18 17
You just increased the maxndoms: 18 17
You just increased the maxndoms: 18 17
You just increased the maxndoms: 18 17
You just increased the maxndoms: 18 17
You just increased the maxndoms: 18 17
You just increased the maxndoms: 18 17
You just increased the maxndoms: 18 17
You just increased the maxndoms: 18 17
You just increased the maxndoms: 18 17
You just increased the maxndoms: 18 17
You just increased the maxndoms: 18 17
You just increased the maxndoms: 18 17
You just increased the maxndoms: 18 17
You just increased the maxndoms: 18 17
You just increased the maxndoms: 18 17
elements = 7157081 (108594,115147,1.06034)   maxLevel = 3   step = 34   time = 0.306   dt = 0.009
elements = 7317752 (111033,117769,1.06067)   maxLevel = 3   step = 45   time = 0.405   dt = 0.009
elements = 7045186 (105273,113373,1.07694)   maxLevel = 3   step = 56   time = 0.504   dt = 0.009
elements = 7307147 (110935,117561,1.05973)   maxLevel = 3   step = 67   time = 0.603   dt = 0.009
elements = 7189036 (109070,115824,1.06192)   maxLevel = 3   step = 78   time = 0.702   dt = 0.009
elements = 7116313 (107253,114410,1.06673)   maxLevel = 3   step = 89   time = 0.801   dt = 0.009
elements = 7316023 (111087,117738,1.05987)   maxLevel = 3   step = 100   time = 0.9   dt = 0.009
elements = 7034588 (106198,113211,1.06604)   maxLevel = 3   step = 112   time = 1.008   dt = 0.009
U2 max: 82.98  min: 57.06
U3 max: 0.02  min: 0
U4 max: 7.22  min: 5.65
U5 max: 6.4  min: 1.38
U6 max: 222.37  min: 203.98
U7 max: 0  min: 0
U8 max: 92.18  min: 66.84
Program finished: CPU time = 300.775 sec.

------------------------------------------------------------
Sender: LSF System <lsfadmin@ys3338-ib>
Subject: Job 932344: <mb.64> in cluster <yellowstone> Done

Job <mb.64> was submitted from host <yslogin3-ib> by user <robertk> in cluster <yellowstone>.
Job was executed on host(s) <16*ys3338-ib>, in queue <small>, as user <robertk> in cluster <yellowstone>.
                            <16*ys3339-ib>
                            <16*ys3340-ib>
                            <16*ys3341-ib>
</glade/u/home/robertk> was used as the home directory.
</glade/u/home/robertk/work/Dune/trunk/alugrid/examples/run/mb_kway_403> was used as the working directory.
Started at Fri Feb 21 10:08:53 2014
Results reported at Fri Feb 21 10:16:23 2014

Your job looked like:

------------------------------------------------------------
# LSBATCH: User input
#!/bin/bash
# LSF batch script to run an MPI application
#
#BSUB -P P86850055           # project code
#BSUB -W 00:20               # wall-clock time (hrs:mins)
#BSUB -n 64              # number of tasks in job
#BSUB -R span[ptile=16]    # run 16 MPI tasks per node
#BSUB -J mb.64            # job name
#BSUB -o ./mb.64.out  # output file name 
#BSUB -e ./mb.64.err  # error file name
#BSUB -q small             # queue
#run the executable
export MP_CSS_INTERRUPT=yes
export MP_EAGER_LIMIT=4194305
export MP_EAGER_LIMIT_LOCAL=4194305
mpirun.lsf ./main_ball 4 0 3 none

------------------------------------------------------------

Successfully completed.

Resource usage summary:

    CPU time :               34926.30 sec.
    Max Memory :             28842 MB
    Average Memory :         23188.15 MB
    Total Requested Memory : -
    Delta Memory :           -
    (Delta: the difference between total requested memory and actual max usage.)
    Max Processes :          72
    Max Threads :            741

The output (if any) is above this job summary.



PS:

Read file <./mb.64.err> for stderr output of this job.

