Execute poe command line: poe  ./main_euler 23 0 6 none
Caught DGFException on creation of SGrid, trying default DGF method!

Created parallel ALUGrid<3,3,cube,nonconforming> from macro grid file ''. 

globalRefine: 0
Intialization done!
elements = 26486272 (18124,42976,2.37122)   maxLevel = 6   step = 11   time = 6.45968e-05   dt = 5.87244e-06
elements = 33826304 (23522,57524,2.44554)   maxLevel = 6   step = 21   time = 0.000123321   dt = 5.87244e-06
elements = 33826304 (23522,57524,2.44554)   maxLevel = 6   step = 31   time = 0.000182046   dt = 5.87244e-06
elements = 33826304 (23522,57524,2.44554)   maxLevel = 6   step = 41   time = 0.00024077   dt = 5.87244e-06
elements = 33826304 (23522,57524,2.44554)   maxLevel = 6   step = 52   time = 0.000305367   dt = 5.87244e-06
elements = 43001344 (27492,75216,2.73592)   maxLevel = 6   step = 62   time = 0.000364091   dt = 5.87244e-06
elements = 43001344 (27492,75216,2.73592)   maxLevel = 6   step = 72   time = 0.000422816   dt = 5.87244e-06
elements = 43001344 (27492,75216,2.73592)   maxLevel = 6   step = 82   time = 0.00048154   dt = 5.87244e-06
elements = 43001344 (27492,75216,2.73592)   maxLevel = 6   step = 92   time = 0.000540264   dt = 5.87244e-06
elements = 43001344 (27492,75216,2.73592)   maxLevel = 6   step = 103   time = 0.000604861   dt = 5.87244e-06
elements = 50341376 (36178,89552,2.47532)   maxLevel = 6   step = 113   time = 0.000663586   dt = 5.87244e-06
elements = 50341376 (36178,89552,2.47532)   maxLevel = 6   step = 123   time = 0.00072231   dt = 5.87244e-06
elements = 50341376 (36178,89552,2.47532)   maxLevel = 6   step = 133   time = 0.000781034   dt = 5.87244e-06
elements = 50341376 (36178,89552,2.47532)   maxLevel = 6   step = 144   time = 0.000845631   dt = 5.87244e-06
elements = 50341376 (36178,89552,2.47532)   maxLevel = 6   step = 154   time = 0.000904356   dt = 5.87244e-06
elements = 60118528 (40633,108912,2.68038)   maxLevel = 6   step = 164   time = 0.00096308   dt = 5.87244e-06
elements = 60118528 (40633,108912,2.68038)   maxLevel = 6   step = 174   time = 0.0010218   dt = 5.87244e-06
elements = 60118528 (40633,108912,2.68038)   maxLevel = 6   step = 184   time = 0.00108053   dt = 5.87244e-06
elements = 60118528 (40633,108912,2.68038)   maxLevel = 6   step = 195   time = 0.00114513   dt = 5.87244e-06
elements = 60118528 (40633,108912,2.68038)   maxLevel = 6   step = 205   time = 0.00120385   dt = 5.87244e-06
elements = 60118528 (40633,108912,2.68038)   maxLevel = 6   step = 215   time = 0.00126257   dt = 5.87244e-06
elements = 67458560 (48168,123320,2.56021)   maxLevel = 6   step = 225   time = 0.0013213   dt = 5.87244e-06
elements = 67458560 (48168,123320,2.56021)   maxLevel = 6   step = 235   time = 0.00138002   dt = 5.87244e-06
elements = 60118528 (40633,108912,2.68038)   maxLevel = 6   step = 246   time = 0.00144462   dt = 5.87244e-06
elements = 60118528 (40633,108912,2.68038)   maxLevel = 6   step = 256   time = 0.00150334   dt = 5.87244e-06
U2 max: 6.01  min: 3.65
U3 max: 0.04  min: 0
U4 max: 3.06  min: 0.64
U5 max: 4.74  min: 1.83
U6 max: 12.7  min: 10.45
U7 max: 0.01  min: 0
U8 max: 10.02  min: 7.11
Program finished: CPU time = 124.609 sec.

------------------------------------------------------------
Sender: LSF System <lsfadmin@ys3412-ib>
Subject: Job 996465: <primdgx.1024> in cluster <yellowstone> Done

Job <primdgx.1024> was submitted from host <yslogin3-ib> by user <robertk> in cluster <yellowstone>.
Job was executed on host(s) <16*ys3412-ib>, in queue <small>, as user <robertk> in cluster <yellowstone>.
                            <16*ys3413-ib>
                            <16*ys3414-ib>
                            <16*ys3415-ib>
                            <16*ys3416-ib>
                            <16*ys3417-ib>
                            <16*ys3418-ib>
                            <16*ys3419-ib>
                            <16*ys3420-ib>
                            <16*ys3421-ib>
                            <16*ys3422-ib>
                            <16*ys3423-ib>
                            <16*ys3424-ib>
                            <16*ys3425-ib>
                            <16*ys3426-ib>
                            <16*ys3427-ib>
                            <16*ys3428-ib>
                            <16*ys3429-ib>
                            <16*ys3430-ib>
                            <16*ys3431-ib>
                            <16*ys3432-ib>
                            <16*ys3433-ib>
                            <16*ys3434-ib>
                            <16*ys3435-ib>
                            <16*ys3436-ib>
                            <16*ys3437-ib>
                            <16*ys3438-ib>
                            <16*ys3439-ib>
                            <16*ys3440-ib>
                            <16*ys3441-ib>
                            <16*ys3506-ib>
                            <16*ys3509-ib>
                            <16*ys3510-ib>
                            <16*ys3516-ib>
                            <16*ys3520-ib>
                            <16*ys3521-ib>
                            <16*ys3522-ib>
                            <16*ys3523-ib>
                            <16*ys3529-ib>
                            <16*ys3605-ib>
                            <16*ys3606-ib>
                            <16*ys3612-ib>
                            <16*ys3613-ib>
                            <16*ys3614-ib>
                            <16*ys3615-ib>
                            <16*ys3616-ib>
                            <16*ys3617-ib>
                            <16*ys3618-ib>
                            <16*ys3619-ib>
                            <16*ys3620-ib>
                            <16*ys3621-ib>
                            <16*ys3622-ib>
                            <16*ys3623-ib>
                            <16*ys3624-ib>
                            <16*ys3625-ib>
                            <16*ys3626-ib>
                            <16*ys3627-ib>
                            <16*ys3628-ib>
                            <16*ys3629-ib>
                            <16*ys3630-ib>
                            <16*ys3631-ib>
                            <16*ys3632-ib>
                            <16*ys3633-ib>
                            <16*ys3636-ib>
</glade/u/home/robertk> was used as the home directory.
</glade/u/home/robertk/work/Dune/trunk/alugrid/examples/run/me_hsfc_306> was used as the working directory.
Started at Thu Feb 27 16:27:37 2014
Results reported at Thu Feb 27 16:30:21 2014

Your job looked like:

------------------------------------------------------------
# LSBATCH: User input
#!/bin/bash
# LSF batch script to run an MPI application
#
#BSUB -P P86850055           # project code
#BSUB -W 00:20               # wall-clock time (hrs:mins)
#BSUB -n 1024              # number of tasks in job
#BSUB -R span[ptile=16]    # run 16 MPI tasks per node
#BSUB -J primdgx.1024            # job name
#BSUB -o ./primdgx.1024.out  # output file name 
#BSUB -e ./primdgx.1024.err  # error file name
#BSUB -q small             # queue
#run the executable
export MP_EAGER_LIMIT=4194305
export MP_EAGER_LIMIT_LOCAL=4194305
mpirun.lsf ./main_euler 23 0 6 none

------------------------------------------------------------

Successfully completed.

Resource usage summary:

    CPU time :               130435.00 sec.
    Max Memory :             146159 MB
    Average Memory :         21195.00 MB
    Total Requested Memory : -
    Delta Memory :           -
    (Delta: the difference between total requested memory and actual max usage.)
    Max Processes :          633
    Max Threads :            6834

The output (if any) is above this job summary.



PS:

Read file <./primdgx.1024.err> for stderr output of this job.

