Execute poe command line: poe  ./main_euler 23 0 6 none
Caught DGFException on creation of SGrid, trying default DGF method!

Created parallel ALUGrid<3,3,cube,nonconforming> from macro grid file ''. 

globalRefine: 0
Intialization done!
elements = 26486272 (160261,216688,1.35209)   maxLevel = 6   step = 11   time = 6.45968e-05   dt = 5.87244e-06
elements = 33826304 (256734,287776,1.12091)   maxLevel = 6   step = 21   time = 0.000123321   dt = 5.87244e-06
elements = 33826304 (256734,287776,1.12091)   maxLevel = 6   step = 31   time = 0.000182046   dt = 5.87244e-06
elements = 33826304 (256734,287776,1.12091)   maxLevel = 6   step = 41   time = 0.00024077   dt = 5.87244e-06
elements = 33826304 (256734,287776,1.12091)   maxLevel = 6   step = 52   time = 0.000305367   dt = 5.87244e-06
elements = 43001344 (300736,349584,1.16243)   maxLevel = 6   step = 62   time = 0.000364091   dt = 5.87244e-06
elements = 43001344 (300736,349584,1.16243)   maxLevel = 6   step = 72   time = 0.000422816   dt = 5.87244e-06
elements = 43001344 (300736,349584,1.16243)   maxLevel = 6   step = 82   time = 0.00048154   dt = 5.87244e-06
elements = 43001344 (300736,349584,1.16243)   maxLevel = 6   step = 92   time = 0.000540264   dt = 5.87244e-06
elements = 43001344 (300736,349584,1.16243)   maxLevel = 6   step = 103   time = 0.000604861   dt = 5.87244e-06
elements = 50341376 (358080,414104,1.15646)   maxLevel = 6   step = 113   time = 0.000663586   dt = 5.87244e-06
elements = 50341376 (358080,414104,1.15646)   maxLevel = 6   step = 123   time = 0.00072231   dt = 5.87244e-06
elements = 50341376 (358080,414104,1.15646)   maxLevel = 6   step = 133   time = 0.000781034   dt = 5.87244e-06
elements = 50341376 (358080,414104,1.15646)   maxLevel = 6   step = 144   time = 0.000845631   dt = 5.87244e-06
elements = 50341376 (358080,414104,1.15646)   maxLevel = 6   step = 154   time = 0.000904356   dt = 5.87244e-06
elements = 60118528 (434392,490856,1.12998)   maxLevel = 6   step = 164   time = 0.00096308   dt = 5.87244e-06
elements = 60118528 (434392,490856,1.12998)   maxLevel = 6   step = 174   time = 0.0010218   dt = 5.87244e-06
elements = 60118528 (434392,490856,1.12998)   maxLevel = 6   step = 184   time = 0.00108053   dt = 5.87244e-06
elements = 60118528 (434392,490856,1.12998)   maxLevel = 6   step = 195   time = 0.00114513   dt = 5.87244e-06
elements = 60118528 (434392,490856,1.12998)   maxLevel = 6   step = 205   time = 0.00120385   dt = 5.87244e-06
elements = 60118528 (434392,490856,1.12998)   maxLevel = 6   step = 215   time = 0.00126257   dt = 5.87244e-06
elements = 67458560 (491736,554760,1.12817)   maxLevel = 6   step = 225   time = 0.0013213   dt = 5.87244e-06
elements = 67458560 (491736,554760,1.12817)   maxLevel = 6   step = 235   time = 0.00138002   dt = 5.87244e-06
elements = 60118528 (434392,490856,1.12998)   maxLevel = 6   step = 246   time = 0.00144462   dt = 5.87244e-06
elements = 60118528 (434392,490856,1.12998)   maxLevel = 6   step = 256   time = 0.00150334   dt = 5.87244e-06
U2 max: 12.35  min: 5.39
U3 max: 0.02  min: 0
U4 max: 1.27  min: 0.82
U5 max: 11.62  min: 7.81
U6 max: 9.29  min: 2.32
U7 max: 0  min: 0
U8 max: 14.47  min: 7.42
Program finished: CPU time = 485.675 sec.

------------------------------------------------------------
Sender: LSF System <lsfadmin@ys3255-ib>
Subject: Job 996462: <primdgx.128> in cluster <yellowstone> Done

Job <primdgx.128> was submitted from host <yslogin3-ib> by user <robertk> in cluster <yellowstone>.
Job was executed on host(s) <16*ys3255-ib>, in queue <small>, as user <robertk> in cluster <yellowstone>.
                            <16*ys3256-ib>
                            <16*ys3257-ib>
                            <16*ys3269-ib>
                            <16*ys3270-ib>
                            <16*ys3302-ib>
                            <16*ys3303-ib>
                            <16*ys3304-ib>
</glade/u/home/robertk> was used as the home directory.
</glade/u/home/robertk/work/Dune/trunk/alugrid/examples/run/me_hsfc_306> was used as the working directory.
Started at Thu Feb 27 16:27:37 2014
Results reported at Thu Feb 27 16:36:24 2014

Your job looked like:

------------------------------------------------------------
# LSBATCH: User input
#!/bin/bash
# LSF batch script to run an MPI application
#
#BSUB -P P86850055           # project code
#BSUB -W 00:20               # wall-clock time (hrs:mins)
#BSUB -n 128              # number of tasks in job
#BSUB -R span[ptile=16]    # run 16 MPI tasks per node
#BSUB -J primdgx.128            # job name
#BSUB -o ./primdgx.128.out  # output file name 
#BSUB -e ./primdgx.128.err  # error file name
#BSUB -q small             # queue
#run the executable
export MP_EAGER_LIMIT=4194305
export MP_EAGER_LIMIT_LOCAL=4194305
mpirun.lsf ./main_euler 23 0 6 none

------------------------------------------------------------

Successfully completed.

Resource usage summary:

    CPU time :               69916.00 sec.
    Max Memory :             98391 MB
    Average Memory :         63508.60 MB
    Total Requested Memory : -
    Delta Memory :           -
    (Delta: the difference between total requested memory and actual max usage.)
    Max Processes :          140
    Max Threads :            1473

The output (if any) is above this job summary.



PS:

Read file <./primdgx.128.err> for stderr output of this job.

