Execute poe command line: poe  ./main_euler 23 0 6 none
Caught DGFException on creation of SGrid, trying default DGF method!

Created parallel ALUGrid<3,3,cube,nonconforming> from macro grid file ''. 

globalRefine: 0
Intialization done!
elements = 26486272 (42403,65824,1.55234)   maxLevel = 6   step = 11   time = 6.45968e-05   dt = 5.87244e-06
elements = 33826304 (56885,87344,1.53545)   maxLevel = 6   step = 21   time = 0.000123321   dt = 5.87244e-06
elements = 33826304 (56885,87344,1.53545)   maxLevel = 6   step = 31   time = 0.000182046   dt = 5.87244e-06
elements = 33826304 (56885,87344,1.53545)   maxLevel = 6   step = 41   time = 0.00024077   dt = 5.87244e-06
elements = 33826304 (56885,87344,1.53545)   maxLevel = 6   step = 52   time = 0.000305367   dt = 5.87244e-06
elements = 43001344 (70481,114208,1.62041)   maxLevel = 6   step = 62   time = 0.000364091   dt = 5.87244e-06
elements = 43001344 (70481,114208,1.62041)   maxLevel = 6   step = 72   time = 0.000422816   dt = 5.87244e-06
elements = 43001344 (70481,114208,1.62041)   maxLevel = 6   step = 82   time = 0.00048154   dt = 5.87244e-06
elements = 43001344 (70481,114208,1.62041)   maxLevel = 6   step = 92   time = 0.000540264   dt = 5.87244e-06
elements = 43001344 (70481,114208,1.62041)   maxLevel = 6   step = 103   time = 0.000604861   dt = 5.87244e-06
elements = 50341376 (80517,135712,1.68551)   maxLevel = 6   step = 113   time = 0.000663586   dt = 5.87244e-06
elements = 50341376 (80517,135712,1.68551)   maxLevel = 6   step = 123   time = 0.00072231   dt = 5.87244e-06
elements = 50341376 (80517,135712,1.68551)   maxLevel = 6   step = 133   time = 0.000781034   dt = 5.87244e-06
elements = 50341376 (80517,135712,1.68551)   maxLevel = 6   step = 144   time = 0.000845631   dt = 5.87244e-06
elements = 50341376 (80517,135712,1.68551)   maxLevel = 6   step = 154   time = 0.000904356   dt = 5.87244e-06
elements = 60118528 (102440,163776,1.59875)   maxLevel = 6   step = 164   time = 0.00096308   dt = 5.87244e-06
elements = 60118528 (102440,163776,1.59875)   maxLevel = 6   step = 174   time = 0.0010218   dt = 5.87244e-06
elements = 60118528 (102440,163776,1.59875)   maxLevel = 6   step = 184   time = 0.00108053   dt = 5.87244e-06
elements = 60118528 (102440,163776,1.59875)   maxLevel = 6   step = 195   time = 0.00114513   dt = 5.87244e-06
elements = 60118528 (102440,163776,1.59875)   maxLevel = 6   step = 205   time = 0.00120385   dt = 5.87244e-06
elements = 60118528 (102440,163776,1.59875)   maxLevel = 6   step = 215   time = 0.00126257   dt = 5.87244e-06
elements = 67458560 (109608,185408,1.69156)   maxLevel = 6   step = 225   time = 0.0013213   dt = 5.87244e-06
elements = 67458560 (109608,185408,1.69156)   maxLevel = 6   step = 235   time = 0.00138002   dt = 5.87244e-06
elements = 60118528 (102440,163776,1.59875)   maxLevel = 6   step = 246   time = 0.00144462   dt = 5.87244e-06
elements = 60118528 (102440,163776,1.59875)   maxLevel = 6   step = 256   time = 0.00150334   dt = 5.87244e-06
U2 max: 7.67  min: 4.11
U3 max: 0.04  min: 0
U4 max: 3.09  min: 1.1
U5 max: 5.21  min: 1.93
U6 max: 12.01  min: 8.54
U7 max: 0.01  min: 0
U8 max: 11.98  min: 7.92
Program finished: CPU time = 176.675 sec.

------------------------------------------------------------
Sender: LSF System <lsfadmin@ys3321-ib>
Subject: Job 996464: <primdgx.512> in cluster <yellowstone> Done

Job <primdgx.512> was submitted from host <yslogin3-ib> by user <robertk> in cluster <yellowstone>.
Job was executed on host(s) <16*ys3321-ib>, in queue <small>, as user <robertk> in cluster <yellowstone>.
                            <16*ys3323-ib>
                            <16*ys3339-ib>
                            <16*ys3340-ib>
                            <16*ys3341-ib>
                            <16*ys3342-ib>
                            <16*ys3344-ib>
                            <16*ys3345-ib>
                            <16*ys3360-ib>
                            <16*ys3361-ib>
                            <16*ys3362-ib>
                            <16*ys3363-ib>
                            <16*ys3364-ib>
                            <16*ys3365-ib>
                            <16*ys3366-ib>
                            <16*ys3367-ib>
                            <16*ys3368-ib>
                            <16*ys3369-ib>
                            <16*ys3370-ib>
                            <16*ys3371-ib>
                            <16*ys3372-ib>
                            <16*ys3401-ib>
                            <16*ys3402-ib>
                            <16*ys3403-ib>
                            <16*ys3404-ib>
                            <16*ys3405-ib>
                            <16*ys3406-ib>
                            <16*ys3407-ib>
                            <16*ys3408-ib>
                            <16*ys3409-ib>
                            <16*ys3410-ib>
                            <16*ys3411-ib>
</glade/u/home/robertk> was used as the home directory.
</glade/u/home/robertk/work/Dune/trunk/alugrid/examples/run/me_hsfc_306> was used as the working directory.
Started at Thu Feb 27 16:27:37 2014
Results reported at Thu Feb 27 16:31:12 2014

Your job looked like:

------------------------------------------------------------
# LSBATCH: User input
#!/bin/bash
# LSF batch script to run an MPI application
#
#BSUB -P P86850055           # project code
#BSUB -W 00:20               # wall-clock time (hrs:mins)
#BSUB -n 512              # number of tasks in job
#BSUB -R span[ptile=16]    # run 16 MPI tasks per node
#BSUB -J primdgx.512            # job name
#BSUB -o ./primdgx.512.out  # output file name 
#BSUB -e ./primdgx.512.err  # error file name
#BSUB -q small             # queue
#run the executable
export MP_EAGER_LIMIT=4194305
export MP_EAGER_LIMIT_LOCAL=4194305
mpirun.lsf ./main_euler 23 0 6 none

------------------------------------------------------------

Successfully completed.

Resource usage summary:

    CPU time :               93772.00 sec.
    Max Memory :             114945 MB
    Average Memory :         52194.84 MB
    Total Requested Memory : -
    Delta Memory :           -
    (Delta: the difference between total requested memory and actual max usage.)
    Max Processes :          548
    Max Threads :            5865

The output (if any) is above this job summary.



PS:

Read file <./primdgx.512.err> for stderr output of this job.

