Execute poe command line: poe  ./main_ball 3 1 4 none
Caught DGFException on creation of SGrid, trying default DGF method!

Created parallel ALUGrid<3,3,cube,nonconforming> from macro grid file ''. 

globalRefine: 1
elements = 7301239 (8,12106,1513.25)   maxLevel = 4   step = 12   time = 0.108   dt = 0.009
elements = 7187769 (1564,11728,7.49872)   maxLevel = 4   step = 23   time = 0.207   dt = 0.009
elements = 7165838 (0,11799,inf)   maxLevel = 4   step = 34   time = 0.306   dt = 0.009
elements = 7345416 (0,11267,inf)   maxLevel = 4   step = 45   time = 0.405   dt = 0.009
elements = 7084274 (370,11645,31.473)   maxLevel = 4   step = 56   time = 0.504   dt = 0.009
elements = 7332347 (0,11952,inf)   maxLevel = 4   step = 67   time = 0.603   dt = 0.009
elements = 7218205 (3194,11959,3.74421)   maxLevel = 4   step = 78   time = 0.702   dt = 0.009
elements = 7117202 (0,12239,inf)   maxLevel = 4   step = 89   time = 0.801   dt = 0.009
elements = 7297081 (8,11644,1455.5)   maxLevel = 4   step = 100   time = 0.9   dt = 0.009
elements = 7014085 (0,11994,inf)   maxLevel = 4   step = 112   time = 1.008   dt = 0.009
U2 max: 5.32  min: 3.42
U3 max: 0.03  min: 0
U4 max: 1.02  min: 0.46
U5 max: 0.15  min: 0
U6 max: 291.42  min: 242.19
U7 max: 0  min: 0
U8 max: 6.42  min: 4.81
Program finished: CPU time = 117.941 sec.

------------------------------------------------------------
Sender: LSF System <lsfadmin@ys0267-ib>
Subject: Job 932147: <mb.1024> in cluster <yellowstone> Done

Job <mb.1024> was submitted from host <yslogin3-ib> by user <robertk> in cluster <yellowstone>.
Job was executed on host(s) <16*ys0267-ib>, in queue <small>, as user <robertk> in cluster <yellowstone>.
                            <16*ys0269-ib>
                            <16*ys0272-ib>
                            <16*ys0302-ib>
                            <16*ys0303-ib>
                            <16*ys0304-ib>
                            <16*ys0305-ib>
                            <16*ys0317-ib>
                            <16*ys0320-ib>
                            <16*ys0321-ib>
                            <16*ys0322-ib>
                            <16*ys0324-ib>
                            <16*ys0326-ib>
                            <16*ys0347-ib>
                            <16*ys0361-ib>
                            <16*ys0419-ib>
                            <16*ys0420-ib>
                            <16*ys0508-ib>
                            <16*ys0571-ib>
                            <16*ys0572-ib>
                            <16*ys0603-ib>
                            <16*ys0819-ib>
                            <16*ys0910-ib>
                            <16*ys0917-ib>
                            <16*ys0946-ib>
                            <16*ys0965-ib>
                            <16*ys1020-ib>
                            <16*ys1022-ib>
                            <16*ys1033-ib>
                            <16*ys1042-ib>
                            <16*ys1044-ib>
                            <16*ys1047-ib>
                            <16*ys1048-ib>
                            <16*ys1067-ib>
                            <16*ys1069-ib>
                            <16*ys1101-ib>
                            <16*ys1102-ib>
                            <16*ys1103-ib>
                            <16*ys1105-ib>
                            <16*ys1107-ib>
                            <16*ys1108-ib>
                            <16*ys1113-ib>
                            <16*ys1114-ib>
                            <16*ys1120-ib>
                            <16*ys1122-ib>
                            <16*ys1123-ib>
                            <16*ys1124-ib>
                            <16*ys1127-ib>
                            <16*ys1133-ib>
                            <16*ys1154-ib>
                            <16*ys1156-ib>
                            <16*ys1157-ib>
                            <16*ys1158-ib>
                            <16*ys1159-ib>
                            <16*ys1230-ib>
                            <16*ys1348-ib>
                            <16*ys1351-ib>
                            <16*ys1367-ib>
                            <16*ys1370-ib>
                            <16*ys1372-ib>
                            <16*ys1401-ib>
                            <16*ys1402-ib>
                            <16*ys1403-ib>
                            <16*ys1404-ib>
</glade/u/home/robertk> was used as the home directory.
</glade/u/home/robertk/work/Dune/trunk/alugrid/examples/run/mb_zgraph_314> was used as the working directory.
Started at Fri Feb 21 09:54:43 2014
Results reported at Fri Feb 21 09:59:22 2014

Your job looked like:

------------------------------------------------------------
# LSBATCH: User input
#!/bin/bash
# LSF batch script to run an MPI application
#
#BSUB -P P86850055           # project code
#BSUB -W 00:20               # wall-clock time (hrs:mins)
#BSUB -n 1024              # number of tasks in job
#BSUB -R span[ptile=16]    # run 16 MPI tasks per node
#BSUB -J mb.1024            # job name
#BSUB -o ./mb.1024.out  # output file name 
#BSUB -e ./mb.1024.err  # error file name
#BSUB -q small             # queue
#run the executable
export MP_CSS_INTERRUPT=yes
export MP_EAGER_LIMIT=4194305
export MP_EAGER_LIMIT_LOCAL=4194305
mpirun.lsf ./main_ball 3 1 4 none

------------------------------------------------------------

Successfully completed.

Resource usage summary:

    CPU time :               367911.84 sec.
    Max Memory :             117452 MB
    Average Memory :         47411.71 MB
    Total Requested Memory : -
    Delta Memory :           -
    (Delta: the difference between total requested memory and actual max usage.)
    Max Processes :          1092
    Max Threads :            11721

The output (if any) is above this job summary.



PS:

Read file <./mb.1024.err> for stderr output of this job.

