Execute poe command line: poe  ./main_ball 3 1 4 none
Caught DGFException on creation of SGrid, trying default DGF method!

Created parallel ALUGrid<3,3,cube,nonconforming> from macro grid file ''. 

globalRefine: 1
elements = 7286763 (0,8192,inf)   maxLevel = 4   step = 12   time = 0.108   dt = 0.009
elements = 7190149 (0,8185,inf)   maxLevel = 4   step = 23   time = 0.207   dt = 0.009
elements = 7164116 (0,8192,inf)   maxLevel = 4   step = 34   time = 0.306   dt = 0.009
elements = 7348307 (0,8192,inf)   maxLevel = 4   step = 45   time = 0.405   dt = 0.009
elements = 7079486 (0,8192,inf)   maxLevel = 4   step = 56   time = 0.504   dt = 0.009
elements = 7339221 (0,8214,inf)   maxLevel = 4   step = 67   time = 0.603   dt = 0.009
elements = 7218058 (0,8185,inf)   maxLevel = 4   step = 78   time = 0.702   dt = 0.009
elements = 7114633 (0,8192,inf)   maxLevel = 4   step = 89   time = 0.801   dt = 0.009
elements = 7278524 (0,8150,inf)   maxLevel = 4   step = 100   time = 0.9   dt = 0.009
elements = 7024235 (0,8192,inf)   maxLevel = 4   step = 112   time = 1.008   dt = 0.009
U2 max: 4.86  min: 3.49
U3 max: 0.04  min: 0
U4 max: 0.9  min: 0.4
U5 max: 0.12  min: 0
U6 max: 312.9  min: 264.18
U7 max: 0.01  min: 0
U8 max: 5.83  min: 4.71
Program finished: CPU time = 117.572 sec.

------------------------------------------------------------
Sender: LSF System <lsfadmin@ys0115-ib>
Subject: Job 932148: <mb.2048> in cluster <yellowstone> Done

Job <mb.2048> was submitted from host <yslogin3-ib> by user <robertk> in cluster <yellowstone>.
Job was executed on host(s) <16*ys0115-ib>, in queue <small>, as user <robertk> in cluster <yellowstone>.
                            <16*ys0165-ib>
                            <16*ys0216-ib>
                            <16*ys0315-ib>
                            <16*ys0907-ib>
                            <16*ys1651-ib>
                            <16*ys1652-ib>
                            <16*ys1653-ib>
                            <16*ys1654-ib>
                            <16*ys1670-ib>
                            <16*ys1671-ib>
                            <16*ys1672-ib>
                            <16*ys1701-ib>
                            <16*ys1702-ib>
                            <16*ys1703-ib>
                            <16*ys1704-ib>
                            <16*ys1705-ib>
                            <16*ys1706-ib>
                            <16*ys1708-ib>
                            <16*ys1709-ib>
                            <16*ys1710-ib>
                            <16*ys1722-ib>
                            <16*ys1723-ib>
                            <16*ys1724-ib>
                            <16*ys1725-ib>
                            <16*ys1726-ib>
                            <16*ys1727-ib>
                            <16*ys1728-ib>
                            <16*ys1734-ib>
                            <16*ys1736-ib>
                            <16*ys1737-ib>
                            <16*ys2156-ib>
                            <16*ys2850-ib>
                            <16*ys2851-ib>
                            <16*ys2852-ib>
                            <16*ys2853-ib>
                            <16*ys3150-ib>
                            <16*ys3151-ib>
                            <16*ys3231-ib>
                            <16*ys3232-ib>
                            <16*ys3233-ib>
                            <16*ys3234-ib>
                            <16*ys3237-ib>
                            <16*ys3238-ib>
                            <16*ys3253-ib>
                            <16*ys3256-ib>
                            <16*ys3257-ib>
                            <16*ys3258-ib>
                            <16*ys3536-ib>
                            <16*ys3537-ib>
                            <16*ys4023-ib>
                            <16*ys4043-ib>
                            <16*ys4122-ib>
                            <16*ys4156-ib>
                            <16*ys4157-ib>
                            <16*ys4158-ib>
                            <16*ys4159-ib>
                            <16*ys4160-ib>
                            <16*ys4366-ib>
                            <16*ys4367-ib>
                            <16*ys4368-ib>
                            <16*ys4369-ib>
                            <16*ys4370-ib>
                            <16*ys4371-ib>
                            <16*ys4372-ib>
                            <16*ys4401-ib>
                            <16*ys4404-ib>
                            <16*ys4405-ib>
                            <16*ys4515-ib>
                            <16*ys4516-ib>
                            <16*ys4521-ib>
                            <16*ys4522-ib>
                            <16*ys4523-ib>
                            <16*ys4524-ib>
                            <16*ys4525-ib>
                            <16*ys4526-ib>
                            <16*ys4527-ib>
                            <16*ys4528-ib>
                            <16*ys4529-ib>
                            <16*ys4539-ib>
                            <16*ys4546-ib>
                            <16*ys4567-ib>
                            <16*ys4755-ib>
                            <16*ys4757-ib>
                            <16*ys4759-ib>
                            <16*ys4760-ib>
                            <16*ys4761-ib>
                            <16*ys4814-ib>
                            <16*ys4815-ib>
                            <16*ys4817-ib>
                            <16*ys4818-ib>
                            <16*ys4821-ib>
                            <16*ys4822-ib>
                            <16*ys4823-ib>
                            <16*ys4824-ib>
                            <16*ys4825-ib>
                            <16*ys4826-ib>
                            <16*ys4827-ib>
                            <16*ys4828-ib>
                            <16*ys4867-ib>
                            <16*ys4868-ib>
                            <16*ys4869-ib>
                            <16*ys4870-ib>
                            <16*ys4901-ib>
                            <16*ys4909-ib>
                            <16*ys4912-ib>
                            <16*ys4920-ib>
                            <16*ys4921-ib>
                            <16*ys4922-ib>
                            <16*ys4938-ib>
                            <16*ys4955-ib>
                            <16*ys4956-ib>
                            <16*ys4964-ib>
                            <16*ys5046-ib>
                            <16*ys5047-ib>
                            <16*ys5067-ib>
                            <16*ys5068-ib>
                            <16*ys5069-ib>
                            <16*ys5070-ib>
                            <16*ys5071-ib>
                            <16*ys5072-ib>
                            <16*ys5101-ib>
                            <16*ys5169-ib>
                            <16*ys5223-ib>
                            <16*ys5308-ib>
                            <16*ys5420-ib>
                            <16*ys5570-ib>
                            <16*ys5571-ib>
</glade/u/home/robertk> was used as the home directory.
</glade/u/home/robertk/work/Dune/trunk/alugrid/examples/run/mb_zgraph_314> was used as the working directory.
Started at Fri Feb 21 09:59:08 2014
Results reported at Fri Feb 21 10:03:48 2014

Your job looked like:

------------------------------------------------------------
# LSBATCH: User input
#!/bin/bash
# LSF batch script to run an MPI application
#
#BSUB -P P86850055           # project code
#BSUB -W 00:20               # wall-clock time (hrs:mins)
#BSUB -n 2048              # number of tasks in job
#BSUB -R span[ptile=16]    # run 16 MPI tasks per node
#BSUB -J mb.2048            # job name
#BSUB -o ./mb.2048.out  # output file name 
#BSUB -e ./mb.2048.err  # error file name
#BSUB -q small             # queue
#run the executable
export MP_CSS_INTERRUPT=yes
export MP_EAGER_LIMIT=4194305
export MP_EAGER_LIMIT_LOCAL=4194305
mpirun.lsf ./main_ball 3 1 4 none

------------------------------------------------------------

Successfully completed.

Resource usage summary:

    CPU time :               640207.00 sec.
    Max Memory :             295211 MB
    Average Memory :         138120.00 MB
    Total Requested Memory : -
    Delta Memory :           -
    (Delta: the difference between total requested memory and actual max usage.)
    Max Processes :          2180
    Max Threads :            23433

The output (if any) is above this job summary.



PS:

Read file <./mb.2048.err> for stderr output of this job.

