Execute poe command line: poe  ./main_ball 3 1 4 none
Caught DGFException on creation of SGrid, trying default DGF method!

Created parallel ALUGrid<3,3,cube,nonconforming> from macro grid file ''. 

globalRefine: 1
elements = 7306139 (0,8185,inf)   maxLevel = 4   step = 12   time = 0.108   dt = 0.009
elements = 7191423 (0,8171,inf)   maxLevel = 4   step = 23   time = 0.207   dt = 0.009
elements = 7164319 (0,8157,inf)   maxLevel = 4   step = 34   time = 0.306   dt = 0.009
elements = 7351639 (0,8185,inf)   maxLevel = 4   step = 45   time = 0.405   dt = 0.009
elements = 7080739 (0,8024,inf)   maxLevel = 4   step = 56   time = 0.504   dt = 0.009
elements = 7335539 (0,8164,inf)   maxLevel = 4   step = 67   time = 0.603   dt = 0.009
elements = 7218485 (0,8171,inf)   maxLevel = 4   step = 78   time = 0.702   dt = 0.009
elements = 7116068 (0,8185,inf)   maxLevel = 4   step = 89   time = 0.801   dt = 0.009
elements = 7292699 (0,8164,inf)   maxLevel = 4   step = 100   time = 0.9   dt = 0.009
elements = 7015254 (0,8108,inf)   maxLevel = 4   step = 112   time = 1.008   dt = 0.009
U2 max: 5.57  min: 3.18
U3 max: 0.04  min: 0
U4 max: 0.99  min: 0
U5 max: 0.08  min: 0
U6 max: 408.07  min: 340.08
U7 max: 0.01  min: 0
U8 max: 5.5  min: 4.31
Program finished: CPU time = 134.968 sec.

------------------------------------------------------------
Sender: LSF System <lsfadmin@ys0111-ib>
Subject: Job 932149: <mb.4096> in cluster <yellowstone> Done

Job <mb.4096> was submitted from host <yslogin3-ib> by user <robertk> in cluster <yellowstone>.
Job was executed on host(s) <16*ys0111-ib>, in queue <small>, as user <robertk> in cluster <yellowstone>.
                            <16*ys0126-ib>
                            <16*ys0134-ib>
                            <16*ys0136-ib>
                            <16*ys0137-ib>
                            <16*ys0139-ib>
                            <16*ys0140-ib>
                            <16*ys0141-ib>
                            <16*ys0153-ib>
                            <16*ys0162-ib>
                            <16*ys0168-ib>
                            <16*ys0170-ib>
                            <16*ys0172-ib>
                            <16*ys0201-ib>
                            <16*ys0203-ib>
                            <16*ys0239-ib>
                            <16*ys0242-ib>
                            <16*ys0243-ib>
                            <16*ys0244-ib>
                            <16*ys0245-ib>
                            <16*ys0247-ib>
                            <16*ys0248-ib>
                            <16*ys0250-ib>
                            <16*ys0251-ib>
                            <16*ys0253-ib>
                            <16*ys0266-ib>
                            <16*ys0306-ib>
                            <16*ys0307-ib>
                            <16*ys0308-ib>
                            <16*ys0309-ib>
                            <16*ys0310-ib>
                            <16*ys0311-ib>
                            <16*ys0312-ib>
                            <16*ys0318-ib>
                            <16*ys0319-ib>
                            <16*ys0320-ib>
                            <16*ys0321-ib>
                            <16*ys0322-ib>
                            <16*ys0328-ib>
                            <16*ys0333-ib>
                            <16*ys0345-ib>
                            <16*ys0347-ib>
                            <16*ys0348-ib>
                            <16*ys0349-ib>
                            <16*ys0350-ib>
                            <16*ys0351-ib>
                            <16*ys0352-ib>
                            <16*ys0355-ib>
                            <16*ys0356-ib>
                            <16*ys0361-ib>
                            <16*ys0363-ib>
                            <16*ys0406-ib>
                            <16*ys0413-ib>
                            <16*ys0415-ib>
                            <16*ys0416-ib>
                            <16*ys0417-ib>
                            <16*ys0419-ib>
                            <16*ys0420-ib>
                            <16*ys0421-ib>
                            <16*ys0422-ib>
                            <16*ys0424-ib>
                            <16*ys0425-ib>
                            <16*ys0426-ib>
                            <16*ys0427-ib>
                            <16*ys0428-ib>
                            <16*ys0429-ib>
                            <16*ys0430-ib>
                            <16*ys0431-ib>
                            <16*ys0437-ib>
                            <16*ys0438-ib>
                            <16*ys0439-ib>
                            <16*ys0440-ib>
                            <16*ys0442-ib>
                            <16*ys0445-ib>
                            <16*ys0446-ib>
                            <16*ys0467-ib>
                            <16*ys0469-ib>
                            <16*ys0505-ib>
                            <16*ys0508-ib>
                            <16*ys0510-ib>
                            <16*ys0513-ib>
                            <16*ys0514-ib>
                            <16*ys0515-ib>
                            <16*ys0516-ib>
                            <16*ys0536-ib>
                            <16*ys0537-ib>
                            <16*ys0538-ib>
                            <16*ys0571-ib>
                            <16*ys0572-ib>
                            <16*ys0603-ib>
                            <16*ys0745-ib>
                            <16*ys0819-ib>
                            <16*ys0844-ib>
                            <16*ys0845-ib>
                            <16*ys1342-ib>
                            <16*ys1502-ib>
                            <16*ys1901-ib>
                            <16*ys1902-ib>
                            <16*ys1903-ib>
                            <16*ys1904-ib>
                            <16*ys1905-ib>
                            <16*ys1906-ib>
                            <16*ys1907-ib>
                            <16*ys1908-ib>
                            <16*ys1909-ib>
                            <16*ys1910-ib>
                            <16*ys1911-ib>
                            <16*ys1912-ib>
                            <16*ys1913-ib>
                            <16*ys1914-ib>
                            <16*ys1915-ib>
                            <16*ys1916-ib>
                            <16*ys1917-ib>
                            <16*ys1918-ib>
                            <16*ys1919-ib>
                            <16*ys1920-ib>
                            <16*ys1921-ib>
                            <16*ys1923-ib>
                            <16*ys1924-ib>
                            <16*ys2025-ib>
                            <16*ys2114-ib>
                            <16*ys2115-ib>
                            <16*ys2116-ib>
                            <16*ys2117-ib>
                            <16*ys2156-ib>
                            <16*ys2157-ib>
                            <16*ys2158-ib>
                            <16*ys2462-ib>
                            <16*ys2463-ib>
                            <16*ys2464-ib>
                            <16*ys2465-ib>
                            <16*ys2506-ib>
                            <16*ys2507-ib>
                            <16*ys2508-ib>
                            <16*ys2509-ib>
                            <16*ys2519-ib>
                            <16*ys2521-ib>
                            <16*ys2522-ib>
                            <16*ys2523-ib>
                            <16*ys2541-ib>
                            <16*ys2542-ib>
                            <16*ys2543-ib>
                            <16*ys2544-ib>
                            <16*ys2559-ib>
                            <16*ys2560-ib>
                            <16*ys2562-ib>
                            <16*ys2563-ib>
                            <16*ys2566-ib>
                            <16*ys2567-ib>
                            <16*ys2569-ib>
                            <16*ys2570-ib>
                            <16*ys2572-ib>
                            <16*ys2601-ib>
                            <16*ys2602-ib>
                            <16*ys2603-ib>
                            <16*ys2611-ib>
                            <16*ys2623-ib>
                            <16*ys2705-ib>
                            <16*ys2706-ib>
                            <16*ys2707-ib>
                            <16*ys2708-ib>
                            <16*ys2711-ib>
                            <16*ys2717-ib>
                            <16*ys2718-ib>
                            <16*ys2756-ib>
                            <16*ys2758-ib>
                            <16*ys2759-ib>
                            <16*ys2766-ib>
                            <16*ys2767-ib>
                            <16*ys2768-ib>
                            <16*ys2769-ib>
                            <16*ys2770-ib>
                            <16*ys2771-ib>
                            <16*ys2772-ib>
                            <16*ys2931-ib>
                            <16*ys2932-ib>
                            <16*ys2933-ib>
                            <16*ys2935-ib>
                            <16*ys2936-ib>
                            <16*ys2937-ib>
                            <16*ys2938-ib>
                            <16*ys3164-ib>
                            <16*ys3165-ib>
                            <16*ys3166-ib>
                            <16*ys3167-ib>
                            <16*ys3168-ib>
                            <16*ys3169-ib>
                            <16*ys3253-ib>
                            <16*ys3254-ib>
                            <16*ys3255-ib>
                            <16*ys3256-ib>
                            <16*ys3257-ib>
                            <16*ys3258-ib>
                            <16*ys3336-ib>
                            <16*ys3337-ib>
                            <16*ys3338-ib>
                            <16*ys3339-ib>
                            <16*ys3340-ib>
                            <16*ys3341-ib>
                            <16*ys3421-ib>
                            <16*ys3422-ib>
                            <16*ys3423-ib>
                            <16*ys3424-ib>
                            <16*ys3425-ib>
                            <16*ys3438-ib>
                            <16*ys3439-ib>
                            <16*ys3440-ib>
                            <16*ys3447-ib>
                            <16*ys3448-ib>
                            <16*ys3449-ib>
                            <16*ys3450-ib>
                            <16*ys3451-ib>
                            <16*ys3466-ib>
                            <16*ys3467-ib>
                            <16*ys3528-ib>
                            <16*ys3533-ib>
                            <16*ys3536-ib>
                            <16*ys3537-ib>
                            <16*ys3538-ib>
                            <16*ys3539-ib>
                            <16*ys3540-ib>
                            <16*ys3541-ib>
                            <16*ys3542-ib>
                            <16*ys3543-ib>
                            <16*ys3544-ib>
                            <16*ys3545-ib>
                            <16*ys3546-ib>
                            <16*ys3547-ib>
                            <16*ys3548-ib>
                            <16*ys3549-ib>
                            <16*ys3550-ib>
                            <16*ys3552-ib>
                            <16*ys3557-ib>
                            <16*ys3559-ib>
                            <16*ys3560-ib>
                            <16*ys3621-ib>
                            <16*ys3624-ib>
                            <16*ys3625-ib>
                            <16*ys3626-ib>
                            <16*ys3627-ib>
                            <16*ys3628-ib>
                            <16*ys3629-ib>
                            <16*ys3647-ib>
                            <16*ys3648-ib>
                            <16*ys3649-ib>
                            <16*ys3650-ib>
                            <16*ys3651-ib>
                            <16*ys3652-ib>
                            <16*ys3663-ib>
                            <16*ys3664-ib>
                            <16*ys3672-ib>
                            <16*ys3701-ib>
                            <16*ys3702-ib>
                            <16*ys3703-ib>
                            <16*ys3724-ib>
                            <16*ys3725-ib>
</glade/u/home/robertk> was used as the home directory.
</glade/u/home/robertk/work/Dune/trunk/alugrid/examples/run/mb_zgraph_314> was used as the working directory.
Started at Fri Feb 21 10:39:25 2014
Results reported at Fri Feb 21 10:45:25 2014

Your job looked like:

------------------------------------------------------------
# LSBATCH: User input
#!/bin/bash
# LSF batch script to run an MPI application
#
#BSUB -P P86850055           # project code
#BSUB -W 00:20               # wall-clock time (hrs:mins)
#BSUB -n 4096              # number of tasks in job
#BSUB -R span[ptile=16]    # run 16 MPI tasks per node
#BSUB -J mb.4096            # job name
#BSUB -o ./mb.4096.out  # output file name 
#BSUB -e ./mb.4096.err  # error file name
#BSUB -q small             # queue
#run the executable
export MP_CSS_INTERRUPT=yes
export MP_EAGER_LIMIT=4194305
export MP_EAGER_LIMIT_LOCAL=4194305
mpirun.lsf ./main_ball 3 1 4 none

------------------------------------------------------------

Successfully completed.

Resource usage summary:

    CPU time :               1622393.00 sec.
    Max Memory :             929467 MB
    Average Memory :         217379.28 MB
    Total Requested Memory : -
    Delta Memory :           -
    (Delta: the difference between total requested memory and actual max usage.)
    Max Processes :          4356
    Max Threads :            46857

The output (if any) is above this job summary.



PS:

Read file <./mb.4096.err> for stderr output of this job.

