Execute poe command line: poe  ./main_ball 3 1 4 none
Caught DGFException on creation of SGrid, trying default DGF method!

Created parallel ALUGrid<3,3,cube,nonconforming> from macro grid file ''. 

globalRefine: 1
elements = 7288191 (84048,119569,1.42263)   maxLevel = 4   step = 12   time = 0.108   dt = 0.009
elements = 7175267 (57731,117708,2.0389)   maxLevel = 4   step = 23   time = 0.207   dt = 0.009
elements = 7151761 (79935,117326,1.46777)   maxLevel = 4   step = 34   time = 0.306   dt = 0.009
elements = 7337947 (89039,120388,1.35208)   maxLevel = 4   step = 45   time = 0.405   dt = 0.009
elements = 7069889 (67620,115990,1.71532)   maxLevel = 4   step = 56   time = 0.504   dt = 0.009
elements = 7329498 (80448,120249,1.49474)   maxLevel = 4   step = 67   time = 0.603   dt = 0.009
elements = 7193264 (88718,118014,1.33021)   maxLevel = 4   step = 78   time = 0.702   dt = 0.009
elements = 7098841 (62772,116465,1.85537)   maxLevel = 4   step = 89   time = 0.801   dt = 0.009
elements = 7273330 (63541,119319,1.87783)   maxLevel = 4   step = 100   time = 0.9   dt = 0.009
elements = 6999756 (74126,114837,1.54921)   maxLevel = 4   step = 112   time = 1.008   dt = 0.009
U2 max: 19.38  min: 12.67
U3 max: 0.01  min: 0
U4 max: 1.54  min: 1.21
U5 max: 1.32  min: 1.05
U6 max: 184.67  min: 172.93
U7 max: 0  min: 0
U8 max: 21.99  min: 15.48
Program finished: CPU time = 180.556 sec.

------------------------------------------------------------
Sender: LSF System <lsfadmin@ys2157-ib>
Subject: Job 932143: <mb.64> in cluster <yellowstone> Done

Job <mb.64> was submitted from host <yslogin3-ib> by user <robertk> in cluster <yellowstone>.
Job was executed on host(s) <16*ys2157-ib>, in queue <small>, as user <robertk> in cluster <yellowstone>.
                            <16*ys2158-ib>
                            <16*ys2845-ib>
                            <16*ys2847-ib>
</glade/u/home/robertk> was used as the home directory.
</glade/u/home/robertk/work/Dune/trunk/alugrid/examples/run/mb_zgraph_314> was used as the working directory.
Started at Fri Feb 21 09:51:11 2014
Results reported at Fri Feb 21 09:55:36 2014

Your job looked like:

------------------------------------------------------------
# LSBATCH: User input
#!/bin/bash
# LSF batch script to run an MPI application
#
#BSUB -P P86850055           # project code
#BSUB -W 00:20               # wall-clock time (hrs:mins)
#BSUB -n 64              # number of tasks in job
#BSUB -R span[ptile=16]    # run 16 MPI tasks per node
#BSUB -J mb.64            # job name
#BSUB -o ./mb.64.out  # output file name 
#BSUB -e ./mb.64.err  # error file name
#BSUB -q small             # queue
#run the executable
export MP_CSS_INTERRUPT=yes
export MP_EAGER_LIMIT=4194305
export MP_EAGER_LIMIT_LOCAL=4194305
mpirun.lsf ./main_ball 3 1 4 none

------------------------------------------------------------

Successfully completed.

Resource usage summary:

    CPU time :               24157.55 sec.
    Max Memory :             17085 MB
    Average Memory :         12886.38 MB
    Total Requested Memory : -
    Delta Memory :           -
    (Delta: the difference between total requested memory and actual max usage.)
    Max Processes :          72
    Max Threads :            741

The output (if any) is above this job summary.



PS:

Read file <./mb.64.err> for stderr output of this job.

