Execute poe command line: poe  ./main_ball 4 0 3 none
Caught DGFException on creation of SGrid, trying default DGF method!

Created parallel ALUGrid<3,3,cube,nonconforming> from macro grid file ''. 

globalRefine: 0
elements = 7325039 (6656,7619,1.14468)   maxLevel = 3   step = 12   time = 0.108   dt = 0.009
elements = 7208923 (6560,7493,1.14223)   maxLevel = 3   step = 23   time = 0.207   dt = 0.009
elements = 7173433 (6371,7385,1.15916)   maxLevel = 3   step = 34   time = 0.306   dt = 0.009
elements = 7334342 (6720,7680,1.14286)   maxLevel = 3   step = 45   time = 0.405   dt = 0.009
elements = 7070127 (6445,7513,1.16571)   maxLevel = 3   step = 56   time = 0.504   dt = 0.009
elements = 7326145 (6656,7648,1.14904)   maxLevel = 3   step = 67   time = 0.603   dt = 0.009
elements = 7214201 (6598,7400,1.12155)   maxLevel = 3   step = 78   time = 0.702   dt = 0.009
elements = 7134037 (6469,7373,1.13974)   maxLevel = 3   step = 89   time = 0.801   dt = 0.009
elements = 7317367 (6656,7645,1.14859)   maxLevel = 3   step = 100   time = 0.9   dt = 0.009
elements = 7054468 (6635,7399,1.11515)   maxLevel = 3   step = 112   time = 1.008   dt = 0.009
U2 max: 21.8  min: 11.56
U3 max: 0.03  min: 0
U4 max: 2.11  min: 1.05
U5 max: 0.27  min: 0
U6 max: 19.43  min: 10.57
U7 max: 0.01  min: 0
U8 max: 24.4  min: 14.16
Program finished: CPU time = 46.5709 sec.

------------------------------------------------------------
Sender: LSF System <lsfadmin@ys0555-ib>
Subject: Job 926065: <mb.1024> in cluster <yellowstone> Done

Job <mb.1024> was submitted from host <yslogin3-ib> by user <robertk> in cluster <yellowstone>.
Job was executed on host(s) <16*ys0555-ib>, in queue <small>, as user <robertk> in cluster <yellowstone>.
                            <16*ys0556-ib>
                            <16*ys0562-ib>
                            <16*ys0563-ib>
                            <16*ys0564-ib>
                            <16*ys0565-ib>
                            <16*ys0566-ib>
                            <16*ys0567-ib>
                            <16*ys0568-ib>
                            <16*ys0569-ib>
                            <16*ys0570-ib>
                            <16*ys0571-ib>
                            <16*ys0572-ib>
                            <16*ys0603-ib>
                            <16*ys0604-ib>
                            <16*ys0605-ib>
                            <16*ys0606-ib>
                            <16*ys0612-ib>
                            <16*ys0613-ib>
                            <16*ys0614-ib>
                            <16*ys0615-ib>
                            <16*ys0616-ib>
                            <16*ys0617-ib>
                            <16*ys0621-ib>
                            <16*ys0622-ib>
                            <16*ys0623-ib>
                            <16*ys0632-ib>
                            <16*ys0634-ib>
                            <16*ys0635-ib>
                            <16*ys0636-ib>
                            <16*ys0639-ib>
                            <16*ys0640-ib>
                            <16*ys0642-ib>
                            <16*ys0644-ib>
                            <16*ys0645-ib>
                            <16*ys0646-ib>
                            <16*ys0647-ib>
                            <16*ys0648-ib>
                            <16*ys0651-ib>
                            <16*ys0652-ib>
                            <16*ys0653-ib>
                            <16*ys0657-ib>
                            <16*ys0658-ib>
                            <16*ys0659-ib>
                            <16*ys0660-ib>
                            <16*ys0670-ib>
                            <16*ys0704-ib>
                            <16*ys0711-ib>
                            <16*ys0713-ib>
                            <16*ys0723-ib>
                            <16*ys0724-ib>
                            <16*ys0808-ib>
                            <16*ys0809-ib>
                            <16*ys0810-ib>
                            <16*ys0811-ib>
                            <16*ys0812-ib>
                            <16*ys0813-ib>
                            <16*ys0814-ib>
                            <16*ys0815-ib>
                            <16*ys0816-ib>
                            <16*ys0817-ib>
                            <16*ys0818-ib>
                            <16*ys0819-ib>
                            <16*ys0820-ib>
</glade/u/home/robertk> was used as the home directory.
</glade/u/home/robertk/work/Dune/trunk/alugrid/examples/run/mb_hsfc_403> was used as the working directory.
Started at Thu Feb 20 15:15:42 2014
Results reported at Thu Feb 20 15:17:18 2014

Your job looked like:

------------------------------------------------------------
# LSBATCH: User input
#!/bin/bash
# LSF batch script to run an MPI application
#
#BSUB -P P86850055           # project code
#BSUB -W 00:30               # wall-clock time (hrs:mins)
#BSUB -n 1024              # number of tasks in job
#BSUB -R span[ptile=16]    # run 16 MPI tasks per node
#BSUB -J mb.1024            # job name
#BSUB -o ./mb.1024.out  # output file name 
#BSUB -e ./mb.1024.err  # error file name
#BSUB -q small             # queue
#run the executable
export MP_CSS_INTERRUPT=yes
export MP_EAGER_LIMIT=4194305
export MP_EAGER_LIMIT_LOCAL=4194305
mpirun.lsf ./main_ball 4 0 3 none

------------------------------------------------------------

Successfully completed.

Resource usage summary:

    CPU time :               62748.00 sec.
    Max Memory :             2096 MB
    Average Memory :         1052.00 MB
    Total Requested Memory : -
    Delta Memory :           -
    (Delta: the difference between total requested memory and actual max usage.)
    Max Processes :          11
    Max Threads :            137

The output (if any) is above this job summary.



PS:

Read file <./mb.1024.err> for stderr output of this job.

