Caught DGFException on creation of SGrid, trying default DGF method!

Created parallel ALUGrid<3,3,cube,nonconforming> from macro grid file ''. 

globalRefine: 0
elements = 7325039 (6656,7619,1.14468)   maxLevel = 3   step = 12   time = 0.108   dt = 0.009
elements = 7208923 (6560,7493,1.14223)   maxLevel = 3   step = 23   time = 0.207   dt = 0.009
elements = 7173433 (6371,7385,1.15916)   maxLevel = 3   step = 34   time = 0.306   dt = 0.009
elements = 7334342 (6720,7680,1.14286)   maxLevel = 3   step = 45   time = 0.405   dt = 0.009
elements = 7070127 (6445,7513,1.16571)   maxLevel = 3   step = 56   time = 0.504   dt = 0.009
elements = 7326145 (6656,7648,1.14904)   maxLevel = 3   step = 67   time = 0.603   dt = 0.009
elements = 7214201 (6598,7400,1.12155)   maxLevel = 3   step = 78   time = 0.702   dt = 0.009
elements = 7134037 (6469,7373,1.13974)   maxLevel = 3   step = 89   time = 0.801   dt = 0.009
elements = 7317367 (6656,7645,1.14859)   maxLevel = 3   step = 100   time = 0.9   dt = 0.009
elements = 7054468 (6635,7399,1.11515)   maxLevel = 3   step = 112   time = 1.008   dt = 0.009
U2 max: 22.96  min: 11.98
U3 max: 0.03  min: 0
U4 max: 2.97  min: 1.06
U5 max: 2.64  min: 1.51
U6 max: 0.01  min: 0
U7 max: 17.01  min: 6.49
U8 max: 25.92  min: 15.03
Program finished: CPU time = 60.3108 sec.
Job  /ncar/opt/lsf/8.3/linux2.6-glibc2.3-x86_64/bin/poejob ./main_ball 4 0 3 none

TID   HOST_NAME   COMMAND_LINE            STATUS            TERMINATION_TIME
===== ========== ================  =======================  ===================
01008 ys3419-ib  ./main_ball 4 0   Done                     05/15/2013 17:18:47
01015 ys3419-ib   ./main_ball 4 0  Done                     05/15/2013 17:18:47
01016 ys3419-ib   ./main_ball 4 0  Done                     05/15/2013 17:18:47
01017 ys3419-ib   ./main_ball 4 0  Done                     05/15/2013 17:18:47
01018 ys3419-ib   ./main_ball 4 0  Done                     05/15/2013 17:18:47
01020 ys3419-ib   ./main_ball 4 0  Done                     05/15/2013 17:18:47
01019 ys3419-ib   ./main_ball 4 0  Done                     05/15/2013 17:18:47
01021 ys3419-ib   ./main_ball 4 0  Done                     05/15/2013 17:18:47
01022 ys3419-ib   ./main_ball 4 0  Done                     05/15/2013 17:18:47
01023 ys3419-ib   ./main_ball 4 0  Done                     05/15/2013 17:18:47
01010 ys3419-ib   ./main_ball 4 0  Done                     05/15/2013 17:18:47
01009 ys3419-ib   ./main_ball 4 0  Done                     05/15/2013 17:18:47
01011 ys3419-ib   ./main_ball 4 0  Done                     05/15/2013 17:18:47
01012 ys3419-ib   ./main_ball 4 0  Done                     05/15/2013 17:18:47
01013 ys3419-ib   ./main_ball 4 0  Done                     05/15/2013 17:18:47
01014 ys3419-ib   ./main_ball 4 0  Done                     05/15/2013 17:18:47
00992 ys3418-ib  ./main_ball 4 0   Done                     05/15/2013 17:18:47
00997 ys3418-ib   ./main_ball 4 0  Done                     05/15/2013 17:18:47
00998 ys3418-ib   ./main_ball 4 0  Done                     05/15/2013 17:18:47
00999 ys3418-ib   ./main_ball 4 0  Done                     05/15/2013 17:18:47
00993 ys3418-ib   ./main_ball 4 0  Done                     05/15/2013 17:18:47
00994 ys3418-ib   ./main_ball 4 0  Done                     05/15/2013 17:18:47
00995 ys3418-ib   ./main_ball 4 0  Done                     05/15/2013 17:18:47
00996 ys3418-ib   ./main_ball 4 0  Done                     05/15/2013 17:18:47
01000 ys3418-ib   ./main_ball 4 0  Done                     05/15/2013 17:18:47
01001 ys3418-ib   ./main_ball 4 0  Done                     05/15/2013 17:18:47
01002 ys3418-ib   ./main_ball 4 0  Done                     05/15/2013 17:18:47
01003 ys3418-ib   ./main_ball 4 0  Done                     05/15/2013 17:18:47
01004 ys3418-ib   ./main_ball 4 0  Done                     05/15/2013 17:18:47
01005 ys3418-ib   ./main_ball 4 0  Done                     05/15/2013 17:18:47
01006 ys3418-ib   ./main_ball 4 0  Done                     05/15/2013 17:18:47
01007 ys3418-ib   ./main_ball 4 0  Done                     05/15/2013 17:18:47
00976 ys3417-ib  ./main_ball 4 0   Done                     05/15/2013 17:18:47
00978 ys3417-ib   ./main_ball 4 0  Done                     05/15/2013 17:18:47
00981 ys3417-ib   ./main_ball 4 0  Done                     05/15/2013 17:18:47
00980 ys3417-ib   ./main_ball 4 0  Done                     05/15/2013 17:18:47
00979 ys3417-ib   ./main_ball 4 0  Done                     05/15/2013 17:18:47
00982 ys3417-ib   ./main_ball 4 0  Done                     05/15/2013 17:18:47
00983 ys3417-ib   ./main_ball 4 0  Done                     05/15/2013 17:18:47
00984 ys3417-ib   ./main_ball 4 0  Done                     05/15/2013 17:18:47
00985 ys3417-ib   ./main_ball 4 0  Done                     05/15/2013 17:18:47
00986 ys3417-ib   ./main_ball 4 0  Done                     05/15/2013 17:18:47
00987 ys3417-ib   ./main_ball 4 0  Done                     05/15/2013 17:18:47
00988 ys3417-ib   ./main_ball 4 0  Done                     05/15/2013 17:18:47
00990 ys3417-ib   ./main_ball 4 0  Done                     05/15/2013 17:18:47
00989 ys3417-ib   ./main_ball 4 0  Done                     05/15/2013 17:18:47
00991 ys3417-ib   ./main_ball 4 0  Done                     05/15/2013 17:18:47
00977 ys3417-ib   ./main_ball 4 0  Done                     05/15/2013 17:18:47
00960 ys3364-ib  ./main_ball 4 0   Done                     05/15/2013 17:18:47
00961 ys3364-ib   ./main_ball 4 0  Done                     05/15/2013 17:18:47
00962 ys3364-ib   ./main_ball 4 0  Done                     05/15/2013 17:18:47
00963 ys3364-ib   ./main_ball 4 0  Done                     05/15/2013 17:18:47
00964 ys3364-ib   ./main_ball 4 0  Done                     05/15/2013 17:18:47
00965 ys3364-ib   ./main_ball 4 0  Done                     05/15/2013 17:18:47
00966 ys3364-ib   ./main_ball 4 0  Done                     05/15/2013 17:18:47
00967 ys3364-ib   ./main_ball 4 0  Done                     05/15/2013 17:18:47
00968 ys3364-ib   ./main_ball 4 0  Done                     05/15/2013 17:18:47
00970 ys3364-ib   ./main_ball 4 0  Done                     05/15/2013 17:18:47
00969 ys3364-ib   ./main_ball 4 0  Done                     05/15/2013 17:18:47
00971 ys3364-ib   ./main_ball 4 0  Done                     05/15/2013 17:18:47
00972 ys3364-ib   ./main_ball 4 0  Done                     05/15/2013 17:18:47
00973 ys3364-ib   ./main_ball 4 0  Done                     05/15/2013 17:18:47
00974 ys3364-ib   ./main_ball 4 0  Done                     05/15/2013 17:18:47
00975 ys3364-ib   ./main_ball 4 0  Done                     05/15/2013 17:18:47
00944 ys3363-ib  ./main_ball 4 0   Done                     05/15/2013 17:18:47
00946 ys3363-ib   ./main_ball 4 0  Done                     05/15/2013 17:18:47
00959 ys3363-ib   ./main_ball 4 0  Done                     05/15/2013 17:18:47
00945 ys3363-ib   ./main_ball 4 0  Done                     05/15/2013 17:18:47
00947 ys3363-ib   ./main_ball 4 0  Done                     05/15/2013 17:18:47
00948 ys3363-ib   ./main_ball 4 0  Done                     05/15/2013 17:18:47
00950 ys3363-ib   ./main_ball 4 0  Done                     05/15/2013 17:18:47
00949 ys3363-ib   ./main_ball 4 0  Done                     05/15/2013 17:18:47
00951 ys3363-ib   ./main_ball 4 0  Done                     05/15/2013 17:18:47
00952 ys3363-ib   ./main_ball 4 0  Done                     05/15/2013 17:18:47
00953 ys3363-ib   ./main_ball 4 0  Done                     05/15/2013 17:18:47
00954 ys3363-ib   ./main_ball 4 0  Done                     05/15/2013 17:18:47
00955 ys3363-ib   ./main_ball 4 0  Done                     05/15/2013 17:18:47
00956 ys3363-ib   ./main_ball 4 0  Done                     05/15/2013 17:18:47
00957 ys3363-ib   ./main_ball 4 0  Done                     05/15/2013 17:18:47
00958 ys3363-ib   ./main_ball 4 0  Done                     05/15/2013 17:18:47
00928 ys3362-ib  ./main_ball 4 0   Done                     05/15/2013 17:18:47
00941 ys3362-ib   ./main_ball 4 0  Done                     05/15/2013 17:18:47
00942 ys3362-ib   ./main_ball 4 0  Done                     05/15/2013 17:18:47
00943 ys3362-ib   ./main_ball 4 0  Done                     05/15/2013 17:18:47
00930 ys3362-ib   ./main_ball 4 0  Done                     05/15/2013 17:18:47
00929 ys3362-ib   ./main_ball 4 0  Done                     05/15/2013 17:18:47
00931 ys3362-ib   ./main_ball 4 0  Done                     05/15/2013 17:18:47
00932 ys3362-ib   ./main_ball 4 0  Done                     05/15/2013 17:18:47
00933 ys3362-ib   ./main_ball 4 0  Done                     05/15/2013 17:18:47
00934 ys3362-ib   ./main_ball 4 0  Done                     05/15/2013 17:18:47
00935 ys3362-ib   ./main_ball 4 0  Done                     05/15/2013 17:18:47
00936 ys3362-ib   ./main_ball 4 0  Done                     05/15/2013 17:18:47
00937 ys3362-ib   ./main_ball 4 0  Done                     05/15/2013 17:18:47
00938 ys3362-ib   ./main_ball 4 0  Done                     05/15/2013 17:18:47
00940 ys3362-ib   ./main_ball 4 0  Done                     05/15/2013 17:18:47
00939 ys3362-ib   ./main_ball 4 0  Done                     05/15/2013 17:18:47
00912 ys3361-ib  ./main_ball 4 0   Done                     05/15/2013 17:18:47
00918 ys3361-ib   ./main_ball 4 0  Done                     05/15/2013 17:18:47
00922 ys3361-ib   ./main_ball 4 0  Done                     05/15/2013 17:18:47
00923 ys3361-ib   ./main_ball 4 0  Done                     05/15/2013 17:18:47
00924 ys3361-ib   ./main_ball 4 0  Done                     05/15/2013 17:18:47
00925 ys3361-ib   ./main_ball 4 0  Done                     05/15/2013 17:18:47
00926 ys3361-ib   ./main_ball 4 0  Done                     05/15/2013 17:18:47
00927 ys3361-ib   ./main_ball 4 0  Done                     05/15/2013 17:18:47
00913 ys3361-ib   ./main_ball 4 0  Done                     05/15/2013 17:18:47
00914 ys3361-ib   ./main_ball 4 0  Done                     05/15/2013 17:18:47
00915 ys3361-ib   ./main_ball 4 0  Done                     05/15/2013 17:18:47
00916 ys3361-ib   ./main_ball 4 0  Done                     05/15/2013 17:18:47
00917 ys3361-ib   ./main_ball 4 0  Done                     05/15/2013 17:18:47
00920 ys3361-ib   ./main_ball 4 0  Done                     05/15/2013 17:18:47
00919 ys3361-ib   ./main_ball 4 0  Done                     05/15/2013 17:18:47
00921 ys3361-ib   ./main_ball 4 0  Done                     05/15/2013 17:18:47
00896 ys3360-ib  ./main_ball 4 0   Done                     05/15/2013 17:18:47
00903 ys3360-ib   ./main_ball 4 0  Done                     05/15/2013 17:18:47
00904 ys3360-ib   ./main_ball 4 0  Done                     05/15/2013 17:18:47
00905 ys3360-ib   ./main_ball 4 0  Done                     05/15/2013 17:18:47
00906 ys3360-ib   ./main_ball 4 0  Done                     05/15/2013 17:18:47
00907 ys3360-ib   ./main_ball 4 0  Done                     05/15/2013 17:18:47
00897 ys3360-ib   ./main_ball 4 0  Done                     05/15/2013 17:18:47
00908 ys3360-ib   ./main_ball 4 0  Done                     05/15/2013 17:18:47
00898 ys3360-ib   ./main_ball 4 0  Done                     05/15/2013 17:18:47
00910 ys3360-ib   ./main_ball 4 0  Done                     05/15/2013 17:18:47
00909 ys3360-ib   ./main_ball 4 0  Done                     05/15/2013 17:18:47
00899 ys3360-ib   ./main_ball 4 0  Done                     05/15/2013 17:18:47
00911 ys3360-ib   ./main_ball 4 0  Done                     05/15/2013 17:18:47
00900 ys3360-ib   ./main_ball 4 0  Done                     05/15/2013 17:18:47
00901 ys3360-ib   ./main_ball 4 0  Done                     05/15/2013 17:18:47
00902 ys3360-ib   ./main_ball 4 0  Done                     05/15/2013 17:18:47
00880 ys3359-ib  ./main_ball 4 0   Done                     05/15/2013 17:18:47
00882 ys3359-ib   ./main_ball 4 0  Done                     05/15/2013 17:18:47
00893 ys3359-ib   ./main_ball 4 0  Done                     05/15/2013 17:18:47
00894 ys3359-ib   ./main_ball 4 0  Done                     05/15/2013 17:18:47
00895 ys3359-ib   ./main_ball 4 0  Done                     05/15/2013 17:18:47
00881 ys3359-ib   ./main_ball 4 0  Done                     05/15/2013 17:18:47
00883 ys3359-ib   ./main_ball 4 0  Done                     05/15/2013 17:18:47
00884 ys3359-ib   ./main_ball 4 0  Done                     05/15/2013 17:18:47
00885 ys3359-ib   ./main_ball 4 0  Done                     05/15/2013 17:18:47
00886 ys3359-ib   ./main_ball 4 0  Done                     05/15/2013 17:18:47
00887 ys3359-ib   ./main_ball 4 0  Done                     05/15/2013 17:18:47
00888 ys3359-ib   ./main_ball 4 0  Done                     05/15/2013 17:18:47
00890 ys3359-ib   ./main_ball 4 0  Done                     05/15/2013 17:18:47
00889 ys3359-ib   ./main_ball 4 0  Done                     05/15/2013 17:18:47
00891 ys3359-ib   ./main_ball 4 0  Done                     05/15/2013 17:18:47
00892 ys3359-ib   ./main_ball 4 0  Done                     05/15/2013 17:18:47
00864 ys3358-ib  ./main_ball 4 0   Done                     05/15/2013 17:18:47
00874 ys3358-ib   ./main_ball 4 0  Done                     05/15/2013 17:18:47
00875 ys3358-ib   ./main_ball 4 0  Done                     05/15/2013 17:18:47
00876 ys3358-ib   ./main_ball 4 0  Done                     05/15/2013 17:18:47
00877 ys3358-ib   ./main_ball 4 0  Done                     05/15/2013 17:18:47
00878 ys3358-ib   ./main_ball 4 0  Done                     05/15/2013 17:18:47
00879 ys3358-ib   ./main_ball 4 0  Done                     05/15/2013 17:18:47
00865 ys3358-ib   ./main_ball 4 0  Done                     05/15/2013 17:18:47
00866 ys3358-ib   ./main_ball 4 0  Done                     05/15/2013 17:18:47
00867 ys3358-ib   ./main_ball 4 0  Done                     05/15/2013 17:18:47
00868 ys3358-ib   ./main_ball 4 0  Done                     05/15/2013 17:18:47
00870 ys3358-ib   ./main_ball 4 0  Done                     05/15/2013 17:18:47
00869 ys3358-ib   ./main_ball 4 0  Done                     05/15/2013 17:18:47
00871 ys3358-ib   ./main_ball 4 0  Done                     05/15/2013 17:18:47
00872 ys3358-ib   ./main_ball 4 0  Done                     05/15/2013 17:18:47
00873 ys3358-ib   ./main_ball 4 0  Done                     05/15/2013 17:18:47
00848 ys3357-ib  ./main_ball 4 0   Done                     05/15/2013 17:18:47
00855 ys3357-ib   ./main_ball 4 0  Done                     05/15/2013 17:18:47
00856 ys3357-ib   ./main_ball 4 0  Done                     05/15/2013 17:18:47
00857 ys3357-ib   ./main_ball 4 0  Done                     05/15/2013 17:18:47
00858 ys3357-ib   ./main_ball 4 0  Done                     05/15/2013 17:18:47
00860 ys3357-ib   ./main_ball 4 0  Done                     05/15/2013 17:18:47
00859 ys3357-ib   ./main_ball 4 0  Done                     05/15/2013 17:18:47
00861 ys3357-ib   ./main_ball 4 0  Done                     05/15/2013 17:18:47
00862 ys3357-ib   ./main_ball 4 0  Done                     05/15/2013 17:18:47
00863 ys3357-ib   ./main_ball 4 0  Done                     05/15/2013 17:18:47
00850 ys3357-ib   ./main_ball 4 0  Done                     05/15/2013 17:18:47
00849 ys3357-ib   ./main_ball 4 0  Done                     05/15/2013 17:18:47
00851 ys3357-ib   ./main_ball 4 0  Done                     05/15/2013 17:18:47
00852 ys3357-ib   ./main_ball 4 0  Done                     05/15/2013 17:18:47
00853 ys3357-ib   ./main_ball 4 0  Done                     05/15/2013 17:18:47
00854 ys3357-ib   ./main_ball 4 0  Done                     05/15/2013 17:18:47
00832 ys3356-ib  ./main_ball 4 0   Done                     05/15/2013 17:18:47
00836 ys3356-ib   ./main_ball 4 0  Done                     05/15/2013 17:18:47
00837 ys3356-ib   ./main_ball 4 0  Done                     05/15/2013 17:18:47
00838 ys3356-ib   ./main_ball 4 0  Done                     05/15/2013 17:18:47
00840 ys3356-ib   ./main_ball 4 0  Done                     05/15/2013 17:18:47
00839 ys3356-ib   ./main_ball 4 0  Done                     05/15/2013 17:18:47
00841 ys3356-ib   ./main_ball 4 0  Done                     05/15/2013 17:18:47
00842 ys3356-ib   ./main_ball 4 0  Done                     05/15/2013 17:18:47
00843 ys3356-ib   ./main_ball 4 0  Done                     05/15/2013 17:18:47
00844 ys3356-ib   ./main_ball 4 0  Done                     05/15/2013 17:18:47
00845 ys3356-ib   ./main_ball 4 0  Done                     05/15/2013 17:18:47
00846 ys3356-ib   ./main_ball 4 0  Done                     05/15/2013 17:18:47
00847 ys3356-ib   ./main_ball 4 0  Done                     05/15/2013 17:18:47
00833 ys3356-ib   ./main_ball 4 0  Done                     05/15/2013 17:18:47
00834 ys3356-ib   ./main_ball 4 0  Done                     05/15/2013 17:18:47
00835 ys3356-ib   ./main_ball 4 0  Done                     05/15/2013 17:18:47
00816 ys3355-ib  ./main_ball 4 0   Done                     05/15/2013 17:18:47
00817 ys3355-ib   ./main_ball 4 0  Done                     05/15/2013 17:18:47
00818 ys3355-ib   ./main_ball 4 0  Done                     05/15/2013 17:18:47
00820 ys3355-ib   ./main_ball 4 0  Done                     05/15/2013 17:18:47
00819 ys3355-ib   ./main_ball 4 0  Done                     05/15/2013 17:18:47
00821 ys3355-ib   ./main_ball 4 0  Done                     05/15/2013 17:18:47
00822 ys3355-ib   ./main_ball 4 0  Done                     05/15/2013 17:18:47
00823 ys3355-ib   ./main_ball 4 0  Done                     05/15/2013 17:18:47
00824 ys3355-ib   ./main_ball 4 0  Done                     05/15/2013 17:18:47
00825 ys3355-ib   ./main_ball 4 0  Done                     05/15/2013 17:18:47
00826 ys3355-ib   ./main_ball 4 0  Done                     05/15/2013 17:18:47
00827 ys3355-ib   ./main_ball 4 0  Done                     05/15/2013 17:18:47
00828 ys3355-ib   ./main_ball 4 0  Done                     05/15/2013 17:18:47
00830 ys3355-ib   ./main_ball 4 0  Done                     05/15/2013 17:18:47
00829 ys3355-ib   ./main_ball 4 0  Done                     05/15/2013 17:18:47
00831 ys3355-ib   ./main_ball 4 0  Done                     05/15/2013 17:18:47
00800 ys3354-ib  ./main_ball 4 0   Done                     05/15/2013 17:18:47
00803 ys3354-ib   ./main_ball 4 0  Done                     05/15/2013 17:18:47
00801 ys3354-ib   ./main_ball 4 0  Done                     05/15/2013 17:18:47
00802 ys3354-ib   ./main_ball 4 0  Done                     05/15/2013 17:18:47
00804 ys3354-ib   ./main_ball 4 0  Done                     05/15/2013 17:18:47
00805 ys3354-ib   ./main_ball 4 0  Done                     05/15/2013 17:18:47
00806 ys3354-ib   ./main_ball 4 0  Done                     05/15/2013 17:18:47
00807 ys3354-ib   ./main_ball 4 0  Done                     05/15/2013 17:18:47
00808 ys3354-ib   ./main_ball 4 0  Done                     05/15/2013 17:18:47
00810 ys3354-ib   ./main_ball 4 0  Done                     05/15/2013 17:18:47
00809 ys3354-ib   ./main_ball 4 0  Done                     05/15/2013 17:18:47
00811 ys3354-ib   ./main_ball 4 0  Done                     05/15/2013 17:18:47
00812 ys3354-ib   ./main_ball 4 0  Done                     05/15/2013 17:18:47
00813 ys3354-ib   ./main_ball 4 0  Done                     05/15/2013 17:18:47
00814 ys3354-ib   ./main_ball 4 0  Done                     05/15/2013 17:18:47
00815 ys3354-ib   ./main_ball 4 0  Done                     05/15/2013 17:18:47
00784 ys3353-ib  ./main_ball 4 0   Done                     05/15/2013 17:18:47
00788 ys3353-ib   ./main_ball 4 0  Done                     05/15/2013 17:18:47
00786 ys3353-ib   ./main_ball 4 0  Done                     05/15/2013 17:18:47
00790 ys3353-ib   ./main_ball 4 0  Done                     05/15/2013 17:18:47
00789 ys3353-ib   ./main_ball 4 0  Done                     05/15/2013 17:18:47
00791 ys3353-ib   ./main_ball 4 0  Done                     05/15/2013 17:18:47
00792 ys3353-ib   ./main_ball 4 0  Done                     05/15/2013 17:18:47
00793 ys3353-ib   ./main_ball 4 0  Done                     05/15/2013 17:18:47
00794 ys3353-ib   ./main_ball 4 0  Done                     05/15/2013 17:18:47
00795 ys3353-ib   ./main_ball 4 0  Done                     05/15/2013 17:18:47
00796 ys3353-ib   ./main_ball 4 0  Done                     05/15/2013 17:18:47
00797 ys3353-ib   ./main_ball 4 0  Done                     05/15/2013 17:18:47
00798 ys3353-ib   ./main_ball 4 0  Done                     05/15/2013 17:18:47
00799 ys3353-ib   ./main_ball 4 0  Done                     05/15/2013 17:18:47
00785 ys3353-ib   ./main_ball 4 0  Done                     05/15/2013 17:18:47
00787 ys3353-ib   ./main_ball 4 0  Done                     05/15/2013 17:18:47
00768 ys3352-ib  ./main_ball 4 0   Done                     05/15/2013 17:18:47
00770 ys3352-ib   ./main_ball 4 0  Done                     05/15/2013 17:18:47
00769 ys3352-ib   ./main_ball 4 0  Done                     05/15/2013 17:18:47
00771 ys3352-ib   ./main_ball 4 0  Done                     05/15/2013 17:18:47
00772 ys3352-ib   ./main_ball 4 0  Done                     05/15/2013 17:18:47
00773 ys3352-ib   ./main_ball 4 0  Done                     05/15/2013 17:18:47
00774 ys3352-ib   ./main_ball 4 0  Done                     05/15/2013 17:18:47
00775 ys3352-ib   ./main_ball 4 0  Done                     05/15/2013 17:18:47
00776 ys3352-ib   ./main_ball 4 0  Done                     05/15/2013 17:18:47
00777 ys3352-ib   ./main_ball 4 0  Done                     05/15/2013 17:18:47
00778 ys3352-ib   ./main_ball 4 0  Done                     05/15/2013 17:18:47
00780 ys3352-ib   ./main_ball 4 0  Done                     05/15/2013 17:18:47
00779 ys3352-ib   ./main_ball 4 0  Done                     05/15/2013 17:18:47
00781 ys3352-ib   ./main_ball 4 0  Done                     05/15/2013 17:18:47
00782 ys3352-ib   ./main_ball 4 0  Done                     05/15/2013 17:18:47
00783 ys3352-ib   ./main_ball 4 0  Done                     05/15/2013 17:18:47
00752 ys3351-ib  ./main_ball 4 0   Done                     05/15/2013 17:18:47
00753 ys3351-ib   ./main_ball 4 0  Done                     05/15/2013 17:18:47
00754 ys3351-ib   ./main_ball 4 0  Done                     05/15/2013 17:18:47
00755 ys3351-ib   ./main_ball 4 0  Done                     05/15/2013 17:18:47
00756 ys3351-ib   ./main_ball 4 0  Done                     05/15/2013 17:18:47
00757 ys3351-ib   ./main_ball 4 0  Done                     05/15/2013 17:18:47
00758 ys3351-ib   ./main_ball 4 0  Done                     05/15/2013 17:18:47
00760 ys3351-ib   ./main_ball 4 0  Done                     05/15/2013 17:18:47
00759 ys3351-ib   ./main_ball 4 0  Done                     05/15/2013 17:18:47
00761 ys3351-ib   ./main_ball 4 0  Done                     05/15/2013 17:18:47
00762 ys3351-ib   ./main_ball 4 0  Done                     05/15/2013 17:18:47
00763 ys3351-ib   ./main_ball 4 0  Done                     05/15/2013 17:18:47
00764 ys3351-ib   ./main_ball 4 0  Done                     05/15/2013 17:18:47
00765 ys3351-ib   ./main_ball 4 0  Done                     05/15/2013 17:18:47
00766 ys3351-ib   ./main_ball 4 0  Done                     05/15/2013 17:18:47
00767 ys3351-ib   ./main_ball 4 0  Done                     05/15/2013 17:18:47
00736 ys3350-ib  ./main_ball 4 0   Done                     05/15/2013 17:18:47
00737 ys3350-ib   ./main_ball 4 0  Done                     05/15/2013 17:18:47
00751 ys3350-ib   ./main_ball 4 0  Done                     05/15/2013 17:18:47
00738 ys3350-ib   ./main_ball 4 0  Done                     05/15/2013 17:18:47
00740 ys3350-ib   ./main_ball 4 0  Done                     05/15/2013 17:18:47
00739 ys3350-ib   ./main_ball 4 0  Done                     05/15/2013 17:18:47
00741 ys3350-ib   ./main_ball 4 0  Done                     05/15/2013 17:18:47
00742 ys3350-ib   ./main_ball 4 0  Done                     05/15/2013 17:18:47
00743 ys3350-ib   ./main_ball 4 0  Done                     05/15/2013 17:18:47
00744 ys3350-ib   ./main_ball 4 0  Done                     05/15/2013 17:18:47
00745 ys3350-ib   ./main_ball 4 0  Done                     05/15/2013 17:18:47
00746 ys3350-ib   ./main_ball 4 0  Done                     05/15/2013 17:18:47
00747 ys3350-ib   ./main_ball 4 0  Done                     05/15/2013 17:18:47
00748 ys3350-ib   ./main_ball 4 0  Done                     05/15/2013 17:18:47
00750 ys3350-ib   ./main_ball 4 0  Done                     05/15/2013 17:18:47
00749 ys3350-ib   ./main_ball 4 0  Done                     05/15/2013 17:18:47
00720 ys3349-ib  ./main_ball 4 0   Done                     05/15/2013 17:18:47
00723 ys3349-ib   ./main_ball 4 0  Done                     05/15/2013 17:18:47
00724 ys3349-ib   ./main_ball 4 0  Done                     05/15/2013 17:18:47
00732 ys3349-ib   ./main_ball 4 0  Done                     05/15/2013 17:18:47
00733 ys3349-ib   ./main_ball 4 0  Done                     05/15/2013 17:18:47
00734 ys3349-ib   ./main_ball 4 0  Done                     05/15/2013 17:18:47
00735 ys3349-ib   ./main_ball 4 0  Done                     05/15/2013 17:18:47
00721 ys3349-ib   ./main_ball 4 0  Done                     05/15/2013 17:18:47
00722 ys3349-ib   ./main_ball 4 0  Done                     05/15/2013 17:18:47
00725 ys3349-ib   ./main_ball 4 0  Done                     05/15/2013 17:18:47
00726 ys3349-ib   ./main_ball 4 0  Done                     05/15/2013 17:18:47
00727 ys3349-ib   ./main_ball 4 0  Done                     05/15/2013 17:18:47
00728 ys3349-ib   ./main_ball 4 0  Done                     05/15/2013 17:18:47
00730 ys3349-ib   ./main_ball 4 0  Done                     05/15/2013 17:18:47
00729 ys3349-ib   ./main_ball 4 0  Done                     05/15/2013 17:18:47
00731 ys3349-ib   ./main_ball 4 0  Done                     05/15/2013 17:18:47
00704 ys3348-ib  ./main_ball 4 0   Done                     05/15/2013 17:18:47
00713 ys3348-ib   ./main_ball 4 0  Done                     05/15/2013 17:18:47
00714 ys3348-ib   ./main_ball 4 0  Done                     05/15/2013 17:18:47
00715 ys3348-ib   ./main_ball 4 0  Done                     05/15/2013 17:18:47
00716 ys3348-ib   ./main_ball 4 0  Done                     05/15/2013 17:18:47
00717 ys3348-ib   ./main_ball 4 0  Done                     05/15/2013 17:18:47
00718 ys3348-ib   ./main_ball 4 0  Done                     05/15/2013 17:18:47
00719 ys3348-ib   ./main_ball 4 0  Done                     05/15/2013 17:18:47
00705 ys3348-ib   ./main_ball 4 0  Done                     05/15/2013 17:18:47
00706 ys3348-ib   ./main_ball 4 0  Done                     05/15/2013 17:18:47
00707 ys3348-ib   ./main_ball 4 0  Done                     05/15/2013 17:18:47
00708 ys3348-ib   ./main_ball 4 0  Done                     05/15/2013 17:18:47
00710 ys3348-ib   ./main_ball 4 0  Done                     05/15/2013 17:18:47
00709 ys3348-ib   ./main_ball 4 0  Done                     05/15/2013 17:18:47
00711 ys3348-ib   ./main_ball 4 0  Done                     05/15/2013 17:18:47
00712 ys3348-ib   ./main_ball 4 0  Done                     05/15/2013 17:18:47
00688 ys3347-ib  ./main_ball 4 0   Done                     05/15/2013 17:18:47
00700 ys3347-ib   ./main_ball 4 0  Done                     05/15/2013 17:18:47
00690 ys3347-ib   ./main_ball 4 0  Done                     05/15/2013 17:18:47
00689 ys3347-ib   ./main_ball 4 0  Done                     05/15/2013 17:18:47
00701 ys3347-ib   ./main_ball 4 0  Done                     05/15/2013 17:18:47
00691 ys3347-ib   ./main_ball 4 0  Done                     05/15/2013 17:18:47
00702 ys3347-ib   ./main_ball 4 0  Done                     05/15/2013 17:18:47
00692 ys3347-ib   ./main_ball 4 0  Done                     05/15/2013 17:18:47
00703 ys3347-ib   ./main_ball 4 0  Done                     05/15/2013 17:18:47
00693 ys3347-ib   ./main_ball 4 0  Done                     05/15/2013 17:18:47
00694 ys3347-ib   ./main_ball 4 0  Done                     05/15/2013 17:18:47
00695 ys3347-ib   ./main_ball 4 0  Done                     05/15/2013 17:18:47
00696 ys3347-ib   ./main_ball 4 0  Done                     05/15/2013 17:18:47
00697 ys3347-ib   ./main_ball 4 0  Done                     05/15/2013 17:18:47
00698 ys3347-ib   ./main_ball 4 0  Done                     05/15/2013 17:18:47
00699 ys3347-ib   ./main_ball 4 0  Done                     05/15/2013 17:18:47
00672 ys3346-ib  ./main_ball 4 0   Done                     05/15/2013 17:18:47
00684 ys3346-ib   ./main_ball 4 0  Done                     05/15/2013 17:18:47
00685 ys3346-ib   ./main_ball 4 0  Done                     05/15/2013 17:18:47
00686 ys3346-ib   ./main_ball 4 0  Done                     05/15/2013 17:18:47
00687 ys3346-ib   ./main_ball 4 0  Done                     05/15/2013 17:18:47
00673 ys3346-ib   ./main_ball 4 0  Done                     05/15/2013 17:18:47
00674 ys3346-ib   ./main_ball 4 0  Done                     05/15/2013 17:18:47
00675 ys3346-ib   ./main_ball 4 0  Done                     05/15/2013 17:18:47
00676 ys3346-ib   ./main_ball 4 0  Done                     05/15/2013 17:18:47
00677 ys3346-ib   ./main_ball 4 0  Done                     05/15/2013 17:18:47
00678 ys3346-ib   ./main_ball 4 0  Done                     05/15/2013 17:18:47
00680 ys3346-ib   ./main_ball 4 0  Done                     05/15/2013 17:18:47
00679 ys3346-ib   ./main_ball 4 0  Done                     05/15/2013 17:18:47
00681 ys3346-ib   ./main_ball 4 0  Done                     05/15/2013 17:18:47
00682 ys3346-ib   ./main_ball 4 0  Done                     05/15/2013 17:18:47
00683 ys3346-ib   ./main_ball 4 0  Done                     05/15/2013 17:18:47
00656 ys3345-ib  ./main_ball 4 0   Done                     05/15/2013 17:18:47
00658 ys3345-ib   ./main_ball 4 0  Done                     05/15/2013 17:18:47
00659 ys3345-ib   ./main_ball 4 0  Done                     05/15/2013 17:18:47
00665 ys3345-ib   ./main_ball 4 0  Done                     05/15/2013 17:18:47
00666 ys3345-ib   ./main_ball 4 0  Done                     05/15/2013 17:18:47
00667 ys3345-ib   ./main_ball 4 0  Done                     05/15/2013 17:18:47
00668 ys3345-ib   ./main_ball 4 0  Done                     05/15/2013 17:18:47
00670 ys3345-ib   ./main_ball 4 0  Done                     05/15/2013 17:18:47
00669 ys3345-ib   ./main_ball 4 0  Done                     05/15/2013 17:18:47
00671 ys3345-ib   ./main_ball 4 0  Done                     05/15/2013 17:18:47
00657 ys3345-ib   ./main_ball 4 0  Done                     05/15/2013 17:18:47
00660 ys3345-ib   ./main_ball 4 0  Done                     05/15/2013 17:18:47
00661 ys3345-ib   ./main_ball 4 0  Done                     05/15/2013 17:18:47
00662 ys3345-ib   ./main_ball 4 0  Done                     05/15/2013 17:18:47
00663 ys3345-ib   ./main_ball 4 0  Done                     05/15/2013 17:18:47
00664 ys3345-ib   ./main_ball 4 0  Done                     05/15/2013 17:18:47
00640 ys3344-ib  ./main_ball 4 0   Done                     05/15/2013 17:18:47
00646 ys3344-ib   ./main_ball 4 0  Done                     05/15/2013 17:18:47
00647 ys3344-ib   ./main_ball 4 0  Done                     05/15/2013 17:18:47
00648 ys3344-ib   ./main_ball 4 0  Done                     05/15/2013 17:18:47
00650 ys3344-ib   ./main_ball 4 0  Done                     05/15/2013 17:18:47
00649 ys3344-ib   ./main_ball 4 0  Done                     05/15/2013 17:18:47
00651 ys3344-ib   ./main_ball 4 0  Done                     05/15/2013 17:18:47
00652 ys3344-ib   ./main_ball 4 0  Done                     05/15/2013 17:18:47
00653 ys3344-ib   ./main_ball 4 0  Done                     05/15/2013 17:18:47
00654 ys3344-ib   ./main_ball 4 0  Done                     05/15/2013 17:18:47
00655 ys3344-ib   ./main_ball 4 0  Done                     05/15/2013 17:18:47
00641 ys3344-ib   ./main_ball 4 0  Done                     05/15/2013 17:18:47
00642 ys3344-ib   ./main_ball 4 0  Done                     05/15/2013 17:18:47
00643 ys3344-ib   ./main_ball 4 0  Done                     05/15/2013 17:18:47
00644 ys3344-ib   ./main_ball 4 0  Done                     05/15/2013 17:18:47
00645 ys3344-ib   ./main_ball 4 0  Done                     05/15/2013 17:18:47
00624 ys3343-ib  ./main_ball 4 0   Done                     05/15/2013 17:18:47
00627 ys3343-ib   ./main_ball 4 0  Done                     05/15/2013 17:18:47
00628 ys3343-ib   ./main_ball 4 0  Done                     05/15/2013 17:18:47
00630 ys3343-ib   ./main_ball 4 0  Done                     05/15/2013 17:18:47
00629 ys3343-ib   ./main_ball 4 0  Done                     05/15/2013 17:18:47
00631 ys3343-ib   ./main_ball 4 0  Done                     05/15/2013 17:18:47
00632 ys3343-ib   ./main_ball 4 0  Done                     05/15/2013 17:18:47
00633 ys3343-ib   ./main_ball 4 0  Done                     05/15/2013 17:18:47
00634 ys3343-ib   ./main_ball 4 0  Done                     05/15/2013 17:18:47
00635 ys3343-ib   ./main_ball 4 0  Done                     05/15/2013 17:18:47
00636 ys3343-ib   ./main_ball 4 0  Done                     05/15/2013 17:18:47
00637 ys3343-ib   ./main_ball 4 0  Done                     05/15/2013 17:18:47
00638 ys3343-ib   ./main_ball 4 0  Done                     05/15/2013 17:18:47
00639 ys3343-ib   ./main_ball 4 0  Done                     05/15/2013 17:18:47
00625 ys3343-ib   ./main_ball 4 0  Done                     05/15/2013 17:18:47
00626 ys3343-ib   ./main_ball 4 0  Done                     05/15/2013 17:18:47
00608 ys3342-ib  ./main_ball 4 0   Done                     05/15/2013 17:18:47
00610 ys3342-ib   ./main_ball 4 0  Done                     05/15/2013 17:18:47
00609 ys3342-ib   ./main_ball 4 0  Done                     05/15/2013 17:18:47
00611 ys3342-ib   ./main_ball 4 0  Done                     05/15/2013 17:18:47
00612 ys3342-ib   ./main_ball 4 0  Done                     05/15/2013 17:18:47
00613 ys3342-ib   ./main_ball 4 0  Done                     05/15/2013 17:18:47
00614 ys3342-ib   ./main_ball 4 0  Done                     05/15/2013 17:18:47
00615 ys3342-ib   ./main_ball 4 0  Done                     05/15/2013 17:18:47
00616 ys3342-ib   ./main_ball 4 0  Done                     05/15/2013 17:18:47
00617 ys3342-ib   ./main_ball 4 0  Done                     05/15/2013 17:18:47
00618 ys3342-ib   ./main_ball 4 0  Done                     05/15/2013 17:18:47
00620 ys3342-ib   ./main_ball 4 0  Done                     05/15/2013 17:18:47
00619 ys3342-ib   ./main_ball 4 0  Done                     05/15/2013 17:18:47
00621 ys3342-ib   ./main_ball 4 0  Done                     05/15/2013 17:18:47
00622 ys3342-ib   ./main_ball 4 0  Done                     05/15/2013 17:18:47
00623 ys3342-ib   ./main_ball 4 0  Done                     05/15/2013 17:18:47
00592 ys3341-ib  ./main_ball 4 0   Done                     05/15/2013 17:18:47
00593 ys3341-ib   ./main_ball 4 0  Done                     05/15/2013 17:18:47
00594 ys3341-ib   ./main_ball 4 0  Done                     05/15/2013 17:18:47
00595 ys3341-ib   ./main_ball 4 0  Done                     05/15/2013 17:18:47
00596 ys3341-ib   ./main_ball 4 0  Done                     05/15/2013 17:18:47
00598 ys3341-ib   ./main_ball 4 0  Done                     05/15/2013 17:18:47
00599 ys3341-ib   ./main_ball 4 0  Done                     05/15/2013 17:18:47
00600 ys3341-ib   ./main_ball 4 0  Done                     05/15/2013 17:18:47
00601 ys3341-ib   ./main_ball 4 0  Done                     05/15/2013 17:18:47
00602 ys3341-ib   ./main_ball 4 0  Done                     05/15/2013 17:18:47
00603 ys3341-ib   ./main_ball 4 0  Done                     05/15/2013 17:18:47
00604 ys3341-ib   ./main_ball 4 0  Done                     05/15/2013 17:18:47
00605 ys3341-ib   ./main_ball 4 0  Done                     05/15/2013 17:18:47
00606 ys3341-ib   ./main_ball 4 0  Done                     05/15/2013 17:18:47
00607 ys3341-ib   ./main_ball 4 0  Done                     05/15/2013 17:18:47
00597 ys3341-ib   ./main_ball 4 0  Done                     05/15/2013 17:18:47
00576 ys3340-ib  ./main_ball 4 0   Done                     05/15/2013 17:18:47
00580 ys3340-ib   ./main_ball 4 0  Done                     05/15/2013 17:18:47
00579 ys3340-ib   ./main_ball 4 0  Done                     05/15/2013 17:18:47
00581 ys3340-ib   ./main_ball 4 0  Done                     05/15/2013 17:18:47
00582 ys3340-ib   ./main_ball 4 0  Done                     05/15/2013 17:18:47
00583 ys3340-ib   ./main_ball 4 0  Done                     05/15/2013 17:18:47
00587 ys3340-ib   ./main_ball 4 0  Done                     05/15/2013 17:18:47
00578 ys3340-ib   ./main_ball 4 0  Done                     05/15/2013 17:18:47
00584 ys3340-ib   ./main_ball 4 0  Done                     05/15/2013 17:18:47
00585 ys3340-ib   ./main_ball 4 0  Done                     05/15/2013 17:18:47
00586 ys3340-ib   ./main_ball 4 0  Done                     05/15/2013 17:18:47
00588 ys3340-ib   ./main_ball 4 0  Done                     05/15/2013 17:18:47
00590 ys3340-ib   ./main_ball 4 0  Done                     05/15/2013 17:18:47
00589 ys3340-ib   ./main_ball 4 0  Done                     05/15/2013 17:18:47
00591 ys3340-ib   ./main_ball 4 0  Done                     05/15/2013 17:18:47
00577 ys3340-ib   ./main_ball 4 0  Done                     05/15/2013 17:18:47
00560 ys3339-ib  ./main_ball 4 0   Done                     05/15/2013 17:18:47
00561 ys3339-ib   ./main_ball 4 0  Done                     05/15/2013 17:18:47
00562 ys3339-ib   ./main_ball 4 0  Done                     05/15/2013 17:18:47
00563 ys3339-ib   ./main_ball 4 0  Done                     05/15/2013 17:18:47
00565 ys3339-ib   ./main_ball 4 0  Done                     05/15/2013 17:18:47
00564 ys3339-ib   ./main_ball 4 0  Done                     05/15/2013 17:18:47
00566 ys3339-ib   ./main_ball 4 0  Done                     05/15/2013 17:18:47
00567 ys3339-ib   ./main_ball 4 0  Done                     05/15/2013 17:18:47
00568 ys3339-ib   ./main_ball 4 0  Done                     05/15/2013 17:18:47
00570 ys3339-ib   ./main_ball 4 0  Done                     05/15/2013 17:18:47
00569 ys3339-ib   ./main_ball 4 0  Done                     05/15/2013 17:18:47
00571 ys3339-ib   ./main_ball 4 0  Done                     05/15/2013 17:18:47
00572 ys3339-ib   ./main_ball 4 0  Done                     05/15/2013 17:18:47
00573 ys3339-ib   ./main_ball 4 0  Done                     05/15/2013 17:18:47
00574 ys3339-ib   ./main_ball 4 0  Done                     05/15/2013 17:18:47
00575 ys3339-ib   ./main_ball 4 0  Done                     05/15/2013 17:18:47
00544 ys3338-ib  ./main_ball 4 0   Done                     05/15/2013 17:18:47
00545 ys3338-ib   ./main_ball 4 0  Done                     05/15/2013 17:18:47
00546 ys3338-ib   ./main_ball 4 0  Done                     05/15/2013 17:18:47
00547 ys3338-ib   ./main_ball 4 0  Done                     05/15/2013 17:18:47
00548 ys3338-ib   ./main_ball 4 0  Done                     05/15/2013 17:18:47
00550 ys3338-ib   ./main_ball 4 0  Done                     05/15/2013 17:18:47
00549 ys3338-ib   ./main_ball 4 0  Done                     05/15/2013 17:18:47
00551 ys3338-ib   ./main_ball 4 0  Done                     05/15/2013 17:18:47
00552 ys3338-ib   ./main_ball 4 0  Done                     05/15/2013 17:18:47
00553 ys3338-ib   ./main_ball 4 0  Done                     05/15/2013 17:18:47
00554 ys3338-ib   ./main_ball 4 0  Done                     05/15/2013 17:18:47
00555 ys3338-ib   ./main_ball 4 0  Done                     05/15/2013 17:18:47
00556 ys3338-ib   ./main_ball 4 0  Done                     05/15/2013 17:18:47
00557 ys3338-ib   ./main_ball 4 0  Done                     05/15/2013 17:18:47
00558 ys3338-ib   ./main_ball 4 0  Done                     05/15/2013 17:18:47
00559 ys3338-ib   ./main_ball 4 0  Done                     05/15/2013 17:18:47
00528 ys3337-ib  ./main_ball 4 0   Done                     05/15/2013 17:18:47
00542 ys3337-ib   ./main_ball 4 0  Done                     05/15/2013 17:18:47
00543 ys3337-ib   ./main_ball 4 0  Done                     05/15/2013 17:18:47
00530 ys3337-ib   ./main_ball 4 0  Done                     05/15/2013 17:18:47
00529 ys3337-ib   ./main_ball 4 0  Done                     05/15/2013 17:18:47
00531 ys3337-ib   ./main_ball 4 0  Done                     05/15/2013 17:18:47
00532 ys3337-ib   ./main_ball 4 0  Done                     05/15/2013 17:18:47
00533 ys3337-ib   ./main_ball 4 0  Done                     05/15/2013 17:18:47
00534 ys3337-ib   ./main_ball 4 0  Done                     05/15/2013 17:18:47
00535 ys3337-ib   ./main_ball 4 0  Done                     05/15/2013 17:18:47
00536 ys3337-ib   ./main_ball 4 0  Done                     05/15/2013 17:18:47
00537 ys3337-ib   ./main_ball 4 0  Done                     05/15/2013 17:18:47
00538 ys3337-ib   ./main_ball 4 0  Done                     05/15/2013 17:18:47
00540 ys3337-ib   ./main_ball 4 0  Done                     05/15/2013 17:18:47
00539 ys3337-ib   ./main_ball 4 0  Done                     05/15/2013 17:18:47
00541 ys3337-ib   ./main_ball 4 0  Done                     05/15/2013 17:18:47
00512 ys3336-ib  ./main_ball 4 0   Done                     05/15/2013 17:18:47
00523 ys3336-ib   ./main_ball 4 0  Done                     05/15/2013 17:18:47
00524 ys3336-ib   ./main_ball 4 0  Done                     05/15/2013 17:18:47
00525 ys3336-ib   ./main_ball 4 0  Done                     05/15/2013 17:18:47
00526 ys3336-ib   ./main_ball 4 0  Done                     05/15/2013 17:18:47
00527 ys3336-ib   ./main_ball 4 0  Done                     05/15/2013 17:18:47
00513 ys3336-ib   ./main_ball 4 0  Done                     05/15/2013 17:18:47
00514 ys3336-ib   ./main_ball 4 0  Done                     05/15/2013 17:18:47
00515 ys3336-ib   ./main_ball 4 0  Done                     05/15/2013 17:18:47
00516 ys3336-ib   ./main_ball 4 0  Done                     05/15/2013 17:18:47
00517 ys3336-ib   ./main_ball 4 0  Done                     05/15/2013 17:18:47
00518 ys3336-ib   ./main_ball 4 0  Done                     05/15/2013 17:18:47
00520 ys3336-ib   ./main_ball 4 0  Done                     05/15/2013 17:18:47
00519 ys3336-ib   ./main_ball 4 0  Done                     05/15/2013 17:18:47
00521 ys3336-ib   ./main_ball 4 0  Done                     05/15/2013 17:18:47
00522 ys3336-ib   ./main_ball 4 0  Done                     05/15/2013 17:18:47
00496 ys3335-ib  ./main_ball 4 0   Done                     05/15/2013 17:18:47
00497 ys3335-ib   ./main_ball 4 0  Done                     05/15/2013 17:18:47
00504 ys3335-ib   ./main_ball 4 0  Done                     05/15/2013 17:18:47
00505 ys3335-ib   ./main_ball 4 0  Done                     05/15/2013 17:18:47
00506 ys3335-ib   ./main_ball 4 0  Done                     05/15/2013 17:18:47
00507 ys3335-ib   ./main_ball 4 0  Done                     05/15/2013 17:18:47
00508 ys3335-ib   ./main_ball 4 0  Done                     05/15/2013 17:18:47
00498 ys3335-ib   ./main_ball 4 0  Done                     05/15/2013 17:18:47
00510 ys3335-ib   ./main_ball 4 0  Done                     05/15/2013 17:18:47
00509 ys3335-ib   ./main_ball 4 0  Done                     05/15/2013 17:18:47
00499 ys3335-ib   ./main_ball 4 0  Done                     05/15/2013 17:18:47
00511 ys3335-ib   ./main_ball 4 0  Done                     05/15/2013 17:18:47
00500 ys3335-ib   ./main_ball 4 0  Done                     05/15/2013 17:18:47
00501 ys3335-ib   ./main_ball 4 0  Done                     05/15/2013 17:18:47
00502 ys3335-ib   ./main_ball 4 0  Done                     05/15/2013 17:18:47
00503 ys3335-ib   ./main_ball 4 0  Done                     05/15/2013 17:18:47
00480 ys3334-ib  ./main_ball 4 0   Done                     05/15/2013 17:18:47
00481 ys3334-ib   ./main_ball 4 0  Done                     05/15/2013 17:18:47
00482 ys3334-ib   ./main_ball 4 0  Done                     05/15/2013 17:18:47
00483 ys3334-ib   ./main_ball 4 0  Done                     05/15/2013 17:18:47
00494 ys3334-ib   ./main_ball 4 0  Done                     05/15/2013 17:18:47
00495 ys3334-ib   ./main_ball 4 0  Done                     05/15/2013 17:18:47
00484 ys3334-ib   ./main_ball 4 0  Done                     05/15/2013 17:18:47
00485 ys3334-ib   ./main_ball 4 0  Done                     05/15/2013 17:18:47
00486 ys3334-ib   ./main_ball 4 0  Done                     05/15/2013 17:18:47
00487 ys3334-ib   ./main_ball 4 0  Done                     05/15/2013 17:18:47
00488 ys3334-ib   ./main_ball 4 0  Done                     05/15/2013 17:18:47
00490 ys3334-ib   ./main_ball 4 0  Done                     05/15/2013 17:18:47
00489 ys3334-ib   ./main_ball 4 0  Done                     05/15/2013 17:18:47
00491 ys3334-ib   ./main_ball 4 0  Done                     05/15/2013 17:18:47
00492 ys3334-ib   ./main_ball 4 0  Done                     05/15/2013 17:18:47
00493 ys3334-ib   ./main_ball 4 0  Done                     05/15/2013 17:18:47
00464 ys3333-ib  ./main_ball 4 0   Done                     05/15/2013 17:18:47
00475 ys3333-ib   ./main_ball 4 0  Done                     05/15/2013 17:18:47
00476 ys3333-ib   ./main_ball 4 0  Done                     05/15/2013 17:18:47
00477 ys3333-ib   ./main_ball 4 0  Done                     05/15/2013 17:18:47
00478 ys3333-ib   ./main_ball 4 0  Done                     05/15/2013 17:18:47
00479 ys3333-ib   ./main_ball 4 0  Done                     05/15/2013 17:18:47
00465 ys3333-ib   ./main_ball 4 0  Done                     05/15/2013 17:18:47
00466 ys3333-ib   ./main_ball 4 0  Done                     05/15/2013 17:18:47
00467 ys3333-ib   ./main_ball 4 0  Done                     05/15/2013 17:18:47
00468 ys3333-ib   ./main_ball 4 0  Done                     05/15/2013 17:18:47
00470 ys3333-ib   ./main_ball 4 0  Done                     05/15/2013 17:18:47
00469 ys3333-ib   ./main_ball 4 0  Done                     05/15/2013 17:18:47
00471 ys3333-ib   ./main_ball 4 0  Done                     05/15/2013 17:18:47
00472 ys3333-ib   ./main_ball 4 0  Done                     05/15/2013 17:18:47
00473 ys3333-ib   ./main_ball 4 0  Done                     05/15/2013 17:18:47
00474 ys3333-ib   ./main_ball 4 0  Done                     05/15/2013 17:18:47
00448 ys3332-ib  ./main_ball 4 0   Done                     05/15/2013 17:18:47
00456 ys3332-ib   ./main_ball 4 0  Done                     05/15/2013 17:18:47
00457 ys3332-ib   ./main_ball 4 0  Done                     05/15/2013 17:18:47
00458 ys3332-ib   ./main_ball 4 0  Done                     05/15/2013 17:18:47
00460 ys3332-ib   ./main_ball 4 0  Done                     05/15/2013 17:18:47
00459 ys3332-ib   ./main_ball 4 0  Done                     05/15/2013 17:18:47
00461 ys3332-ib   ./main_ball 4 0  Done                     05/15/2013 17:18:47
00462 ys3332-ib   ./main_ball 4 0  Done                     05/15/2013 17:18:47
00463 ys3332-ib   ./main_ball 4 0  Done                     05/15/2013 17:18:47
00450 ys3332-ib   ./main_ball 4 0  Done                     05/15/2013 17:18:47
00449 ys3332-ib   ./main_ball 4 0  Done                     05/15/2013 17:18:47
00451 ys3332-ib   ./main_ball 4 0  Done                     05/15/2013 17:18:47
00452 ys3332-ib   ./main_ball 4 0  Done                     05/15/2013 17:18:47
00453 ys3332-ib   ./main_ball 4 0  Done                     05/15/2013 17:18:47
00454 ys3332-ib   ./main_ball 4 0  Done                     05/15/2013 17:18:47
00455 ys3332-ib   ./main_ball 4 0  Done                     05/15/2013 17:18:47
00432 ys3331-ib  ./main_ball 4 0   Done                     05/15/2013 17:18:47
00435 ys3331-ib   ./main_ball 4 0  Done                     05/15/2013 17:18:47
00437 ys3331-ib   ./main_ball 4 0  Done                     05/15/2013 17:18:47
00438 ys3331-ib   ./main_ball 4 0  Done                     05/15/2013 17:18:47
00440 ys3331-ib   ./main_ball 4 0  Done                     05/15/2013 17:18:47
00439 ys3331-ib   ./main_ball 4 0  Done                     05/15/2013 17:18:47
00441 ys3331-ib   ./main_ball 4 0  Done                     05/15/2013 17:18:47
00442 ys3331-ib   ./main_ball 4 0  Done                     05/15/2013 17:18:47
00443 ys3331-ib   ./main_ball 4 0  Done                     05/15/2013 17:18:47
00444 ys3331-ib   ./main_ball 4 0  Done                     05/15/2013 17:18:47
00445 ys3331-ib   ./main_ball 4 0  Done                     05/15/2013 17:18:47
00446 ys3331-ib   ./main_ball 4 0  Done                     05/15/2013 17:18:47
00447 ys3331-ib   ./main_ball 4 0  Done                     05/15/2013 17:18:47
00433 ys3331-ib   ./main_ball 4 0  Done                     05/15/2013 17:18:47
00434 ys3331-ib   ./main_ball 4 0  Done                     05/15/2013 17:18:47
00436 ys3331-ib   ./main_ball 4 0  Done                     05/15/2013 17:18:47
00416 ys3318-ib  ./main_ball 4 0   Done                     05/15/2013 17:18:47
00418 ys3318-ib   ./main_ball 4 0  Done                     05/15/2013 17:18:47
00420 ys3318-ib   ./main_ball 4 0  Done                     05/15/2013 17:18:47
00419 ys3318-ib   ./main_ball 4 0  Done                     05/15/2013 17:18:47
00421 ys3318-ib   ./main_ball 4 0  Done                     05/15/2013 17:18:47
00422 ys3318-ib   ./main_ball 4 0  Done                     05/15/2013 17:18:47
00423 ys3318-ib   ./main_ball 4 0  Done                     05/15/2013 17:18:47
00424 ys3318-ib   ./main_ball 4 0  Done                     05/15/2013 17:18:47
00425 ys3318-ib   ./main_ball 4 0  Done                     05/15/2013 17:18:47
00426 ys3318-ib   ./main_ball 4 0  Done                     05/15/2013 17:18:47
00427 ys3318-ib   ./main_ball 4 0  Done                     05/15/2013 17:18:47
00428 ys3318-ib   ./main_ball 4 0  Done                     05/15/2013 17:18:47
00430 ys3318-ib   ./main_ball 4 0  Done                     05/15/2013 17:18:47
00429 ys3318-ib   ./main_ball 4 0  Done                     05/15/2013 17:18:47
00431 ys3318-ib   ./main_ball 4 0  Done                     05/15/2013 17:18:47
00417 ys3318-ib   ./main_ball 4 0  Done                     05/15/2013 17:18:47
00400 ys3317-ib  ./main_ball 4 0   Done                     05/15/2013 17:18:47
00402 ys3317-ib   ./main_ball 4 0  Done                     05/15/2013 17:18:47
00403 ys3317-ib   ./main_ball 4 0  Done                     05/15/2013 17:18:47
00404 ys3317-ib   ./main_ball 4 0  Done                     05/15/2013 17:18:47
00405 ys3317-ib   ./main_ball 4 0  Done                     05/15/2013 17:18:47
00406 ys3317-ib   ./main_ball 4 0  Done                     05/15/2013 17:18:47
00401 ys3317-ib   ./main_ball 4 0  Done                     05/15/2013 17:18:47
00407 ys3317-ib   ./main_ball 4 0  Done                     05/15/2013 17:18:47
00408 ys3317-ib   ./main_ball 4 0  Done                     05/15/2013 17:18:47
00410 ys3317-ib   ./main_ball 4 0  Done                     05/15/2013 17:18:47
00409 ys3317-ib   ./main_ball 4 0  Done                     05/15/2013 17:18:47
00411 ys3317-ib   ./main_ball 4 0  Done                     05/15/2013 17:18:47
00412 ys3317-ib   ./main_ball 4 0  Done                     05/15/2013 17:18:47
00413 ys3317-ib   ./main_ball 4 0  Done                     05/15/2013 17:18:47
00414 ys3317-ib   ./main_ball 4 0  Done                     05/15/2013 17:18:47
00415 ys3317-ib   ./main_ball 4 0  Done                     05/15/2013 17:18:47
00384 ys3316-ib  ./main_ball 4 0   Done                     05/15/2013 17:18:47
00390 ys3316-ib   ./main_ball 4 0  Done                     05/15/2013 17:18:47
00389 ys3316-ib   ./main_ball 4 0  Done                     05/15/2013 17:18:47
00391 ys3316-ib   ./main_ball 4 0  Done                     05/15/2013 17:18:47
00392 ys3316-ib   ./main_ball 4 0  Done                     05/15/2013 17:18:47
00393 ys3316-ib   ./main_ball 4 0  Done                     05/15/2013 17:18:47
00394 ys3316-ib   ./main_ball 4 0  Done                     05/15/2013 17:18:47
00395 ys3316-ib   ./main_ball 4 0  Done                     05/15/2013 17:18:47
00396 ys3316-ib   ./main_ball 4 0  Done                     05/15/2013 17:18:47
00397 ys3316-ib   ./main_ball 4 0  Done                     05/15/2013 17:18:47
00398 ys3316-ib   ./main_ball 4 0  Done                     05/15/2013 17:18:47
00399 ys3316-ib   ./main_ball 4 0  Done                     05/15/2013 17:18:47
00385 ys3316-ib   ./main_ball 4 0  Done                     05/15/2013 17:18:47
00386 ys3316-ib   ./main_ball 4 0  Done                     05/15/2013 17:18:47
00387 ys3316-ib   ./main_ball 4 0  Done                     05/15/2013 17:18:47
00388 ys3316-ib   ./main_ball 4 0  Done                     05/15/2013 17:18:47
00368 ys3315-ib  ./main_ball 4 0   Done                     05/15/2013 17:18:47
00371 ys3315-ib   ./main_ball 4 0  Done                     05/15/2013 17:18:47
00372 ys3315-ib   ./main_ball 4 0  Done                     05/15/2013 17:18:47
00373 ys3315-ib   ./main_ball 4 0  Done                     05/15/2013 17:18:47
00374 ys3315-ib   ./main_ball 4 0  Done                     05/15/2013 17:18:47
00375 ys3315-ib   ./main_ball 4 0  Done                     05/15/2013 17:18:47
00376 ys3315-ib   ./main_ball 4 0  Done                     05/15/2013 17:18:47
00377 ys3315-ib   ./main_ball 4 0  Done                     05/15/2013 17:18:47
00378 ys3315-ib   ./main_ball 4 0  Done                     05/15/2013 17:18:47
00380 ys3315-ib   ./main_ball 4 0  Done                     05/15/2013 17:18:47
00379 ys3315-ib   ./main_ball 4 0  Done                     05/15/2013 17:18:47
00381 ys3315-ib   ./main_ball 4 0  Done                     05/15/2013 17:18:47
00382 ys3315-ib   ./main_ball 4 0  Done                     05/15/2013 17:18:47
00383 ys3315-ib   ./main_ball 4 0  Done                     05/15/2013 17:18:47
00370 ys3315-ib   ./main_ball 4 0  Done                     05/15/2013 17:18:47
00369 ys3315-ib   ./main_ball 4 0  Done                     05/15/2013 17:18:47
00352 ys3314-ib  ./main_ball 4 0   Done                     05/15/2013 17:18:47
00354 ys3314-ib   ./main_ball 4 0  Done                     05/15/2013 17:18:47
00353 ys3314-ib   ./main_ball 4 0  Done                     05/15/2013 17:18:47
00355 ys3314-ib   ./main_ball 4 0  Done                     05/15/2013 17:18:47
00356 ys3314-ib   ./main_ball 4 0  Done                     05/15/2013 17:18:47
00357 ys3314-ib   ./main_ball 4 0  Done                     05/15/2013 17:18:47
00358 ys3314-ib   ./main_ball 4 0  Done                     05/15/2013 17:18:47
00360 ys3314-ib   ./main_ball 4 0  Done                     05/15/2013 17:18:47
00359 ys3314-ib   ./main_ball 4 0  Done                     05/15/2013 17:18:47
00361 ys3314-ib   ./main_ball 4 0  Done                     05/15/2013 17:18:47
00362 ys3314-ib   ./main_ball 4 0  Done                     05/15/2013 17:18:47
00363 ys3314-ib   ./main_ball 4 0  Done                     05/15/2013 17:18:47
00364 ys3314-ib   ./main_ball 4 0  Done                     05/15/2013 17:18:47
00365 ys3314-ib   ./main_ball 4 0  Done                     05/15/2013 17:18:47
00366 ys3314-ib   ./main_ball 4 0  Done                     05/15/2013 17:18:47
00367 ys3314-ib   ./main_ball 4 0  Done                     05/15/2013 17:18:47
00336 ys3313-ib  ./main_ball 4 0   Done                     05/15/2013 17:18:47
00337 ys3313-ib   ./main_ball 4 0  Done                     05/15/2013 17:18:47
00338 ys3313-ib   ./main_ball 4 0  Done                     05/15/2013 17:18:47
00340 ys3313-ib   ./main_ball 4 0  Done                     05/15/2013 17:18:47
00339 ys3313-ib   ./main_ball 4 0  Done                     05/15/2013 17:18:47
00341 ys3313-ib   ./main_ball 4 0  Done                     05/15/2013 17:18:47
00342 ys3313-ib   ./main_ball 4 0  Done                     05/15/2013 17:18:47
00343 ys3313-ib   ./main_ball 4 0  Done                     05/15/2013 17:18:47
00344 ys3313-ib   ./main_ball 4 0  Done                     05/15/2013 17:18:47
00345 ys3313-ib   ./main_ball 4 0  Done                     05/15/2013 17:18:47
00346 ys3313-ib   ./main_ball 4 0  Done                     05/15/2013 17:18:47
00347 ys3313-ib   ./main_ball 4 0  Done                     05/15/2013 17:18:47
00348 ys3313-ib   ./main_ball 4 0  Done                     05/15/2013 17:18:47
00350 ys3313-ib   ./main_ball 4 0  Done                     05/15/2013 17:18:47
00349 ys3313-ib   ./main_ball 4 0  Done                     05/15/2013 17:18:47
00351 ys3313-ib   ./main_ball 4 0  Done                     05/15/2013 17:18:47
00320 ys3312-ib  ./main_ball 4 0   Done                     05/15/2013 17:18:47
00333 ys3312-ib   ./main_ball 4 0  Done                     05/15/2013 17:18:47
00334 ys3312-ib   ./main_ball 4 0  Done                     05/15/2013 17:18:47
00335 ys3312-ib   ./main_ball 4 0  Done                     05/15/2013 17:18:47
00321 ys3312-ib   ./main_ball 4 0  Done                     05/15/2013 17:18:47
00322 ys3312-ib   ./main_ball 4 0  Done                     05/15/2013 17:18:47
00323 ys3312-ib   ./main_ball 4 0  Done                     05/15/2013 17:18:47
00324 ys3312-ib   ./main_ball 4 0  Done                     05/15/2013 17:18:47
00325 ys3312-ib   ./main_ball 4 0  Done                     05/15/2013 17:18:47
00326 ys3312-ib   ./main_ball 4 0  Done                     05/15/2013 17:18:47
00327 ys3312-ib   ./main_ball 4 0  Done                     05/15/2013 17:18:47
00328 ys3312-ib   ./main_ball 4 0  Done                     05/15/2013 17:18:47
00330 ys3312-ib   ./main_ball 4 0  Done                     05/15/2013 17:18:47
00329 ys3312-ib   ./main_ball 4 0  Done                     05/15/2013 17:18:47
00331 ys3312-ib   ./main_ball 4 0  Done                     05/15/2013 17:18:47
00332 ys3312-ib   ./main_ball 4 0  Done                     05/15/2013 17:18:47
00304 ys3311-ib  ./main_ball 4 0   Done                     05/15/2013 17:18:47
00306 ys3311-ib   ./main_ball 4 0  Done                     05/15/2013 17:18:47
00314 ys3311-ib   ./main_ball 4 0  Done                     05/15/2013 17:18:47
00315 ys3311-ib   ./main_ball 4 0  Done                     05/15/2013 17:18:47
00316 ys3311-ib   ./main_ball 4 0  Done                     05/15/2013 17:18:47
00317 ys3311-ib   ./main_ball 4 0  Done                     05/15/2013 17:18:47
00318 ys3311-ib   ./main_ball 4 0  Done                     05/15/2013 17:18:47
00319 ys3311-ib   ./main_ball 4 0  Done                     05/15/2013 17:18:47
00305 ys3311-ib   ./main_ball 4 0  Done                     05/15/2013 17:18:47
00307 ys3311-ib   ./main_ball 4 0  Done                     05/15/2013 17:18:47
00308 ys3311-ib   ./main_ball 4 0  Done                     05/15/2013 17:18:47
00310 ys3311-ib   ./main_ball 4 0  Done                     05/15/2013 17:18:47
00309 ys3311-ib   ./main_ball 4 0  Done                     05/15/2013 17:18:47
00311 ys3311-ib   ./main_ball 4 0  Done                     05/15/2013 17:18:47
00312 ys3311-ib   ./main_ball 4 0  Done                     05/15/2013 17:18:47
00313 ys3311-ib   ./main_ball 4 0  Done                     05/15/2013 17:18:47
00288 ys3310-ib  ./main_ball 4 0   Done                     05/15/2013 17:18:47
00290 ys3310-ib   ./main_ball 4 0  Done                     05/15/2013 17:18:47
00291 ys3310-ib   ./main_ball 4 0  Done                     05/15/2013 17:18:47
00292 ys3310-ib   ./main_ball 4 0  Done                     05/15/2013 17:18:47
00300 ys3310-ib   ./main_ball 4 0  Done                     05/15/2013 17:18:47
00289 ys3310-ib   ./main_ball 4 0  Done                     05/15/2013 17:18:47
00301 ys3310-ib   ./main_ball 4 0  Done                     05/15/2013 17:18:47
00302 ys3310-ib   ./main_ball 4 0  Done                     05/15/2013 17:18:47
00303 ys3310-ib   ./main_ball 4 0  Done                     05/15/2013 17:18:47
00293 ys3310-ib   ./main_ball 4 0  Done                     05/15/2013 17:18:47
00294 ys3310-ib   ./main_ball 4 0  Done                     05/15/2013 17:18:47
00295 ys3310-ib   ./main_ball 4 0  Done                     05/15/2013 17:18:47
00296 ys3310-ib   ./main_ball 4 0  Done                     05/15/2013 17:18:47
00297 ys3310-ib   ./main_ball 4 0  Done                     05/15/2013 17:18:47
00298 ys3310-ib   ./main_ball 4 0  Done                     05/15/2013 17:18:47
00299 ys3310-ib   ./main_ball 4 0  Done                     05/15/2013 17:18:47
00272 ys3309-ib  ./main_ball 4 0   Done                     05/15/2013 17:18:47
00273 ys3309-ib   ./main_ball 4 0  Done                     05/15/2013 17:18:47
00274 ys3309-ib   ./main_ball 4 0  Done                     05/15/2013 17:18:47
00275 ys3309-ib   ./main_ball 4 0  Done                     05/15/2013 17:18:47
00277 ys3309-ib   ./main_ball 4 0  Done                     05/15/2013 17:18:47
00285 ys3309-ib   ./main_ball 4 0  Done                     05/15/2013 17:18:47
00286 ys3309-ib   ./main_ball 4 0  Done                     05/15/2013 17:18:47
00287 ys3309-ib   ./main_ball 4 0  Done                     05/15/2013 17:18:47
00276 ys3309-ib   ./main_ball 4 0  Done                     05/15/2013 17:18:47
00278 ys3309-ib   ./main_ball 4 0  Done                     05/15/2013 17:18:47
00280 ys3309-ib   ./main_ball 4 0  Done                     05/15/2013 17:18:47
00279 ys3309-ib   ./main_ball 4 0  Done                     05/15/2013 17:18:47
00281 ys3309-ib   ./main_ball 4 0  Done                     05/15/2013 17:18:47
00282 ys3309-ib   ./main_ball 4 0  Done                     05/15/2013 17:18:47
00283 ys3309-ib   ./main_ball 4 0  Done                     05/15/2013 17:18:47
00284 ys3309-ib   ./main_ball 4 0  Done                     05/15/2013 17:18:47
00256 ys3308-ib  ./main_ball 4 0   Done                     05/15/2013 17:18:47
00257 ys3308-ib   ./main_ball 4 0  Done                     05/15/2013 17:18:47
00258 ys3308-ib   ./main_ball 4 0  Done                     05/15/2013 17:18:47
00260 ys3308-ib   ./main_ball 4 0  Done                     05/15/2013 17:18:47
00259 ys3308-ib   ./main_ball 4 0  Done                     05/15/2013 17:18:47
00261 ys3308-ib   ./main_ball 4 0  Done                     05/15/2013 17:18:47
00262 ys3308-ib   ./main_ball 4 0  Done                     05/15/2013 17:18:47
00264 ys3308-ib   ./main_ball 4 0  Done                     05/15/2013 17:18:47
00266 ys3308-ib   ./main_ball 4 0  Done                     05/15/2013 17:18:47
00267 ys3308-ib   ./main_ball 4 0  Done                     05/15/2013 17:18:47
00268 ys3308-ib   ./main_ball 4 0  Done                     05/15/2013 17:18:47
00270 ys3308-ib   ./main_ball 4 0  Done                     05/15/2013 17:18:47
00269 ys3308-ib   ./main_ball 4 0  Done                     05/15/2013 17:18:47
00271 ys3308-ib   ./main_ball 4 0  Done                     05/15/2013 17:18:47
00263 ys3308-ib   ./main_ball 4 0  Done                     05/15/2013 17:18:47
00265 ys3308-ib   ./main_ball 4 0  Done                     05/15/2013 17:18:47
00240 ys3307-ib  ./main_ball 4 0   Done                     05/15/2013 17:18:47
00247 ys3307-ib   ./main_ball 4 0  Done                     05/15/2013 17:18:47
00248 ys3307-ib   ./main_ball 4 0  Done                     05/15/2013 17:18:47
00250 ys3307-ib   ./main_ball 4 0  Done                     05/15/2013 17:18:47
00249 ys3307-ib   ./main_ball 4 0  Done                     05/15/2013 17:18:47
00251 ys3307-ib   ./main_ball 4 0  Done                     05/15/2013 17:18:47
00252 ys3307-ib   ./main_ball 4 0  Done                     05/15/2013 17:18:47
00253 ys3307-ib   ./main_ball 4 0  Done                     05/15/2013 17:18:47
00254 ys3307-ib   ./main_ball 4 0  Done                     05/15/2013 17:18:47
00255 ys3307-ib   ./main_ball 4 0  Done                     05/15/2013 17:18:47
00241 ys3307-ib   ./main_ball 4 0  Done                     05/15/2013 17:18:47
00242 ys3307-ib   ./main_ball 4 0  Done                     05/15/2013 17:18:47
00243 ys3307-ib   ./main_ball 4 0  Done                     05/15/2013 17:18:47
00244 ys3307-ib   ./main_ball 4 0  Done                     05/15/2013 17:18:47
00245 ys3307-ib   ./main_ball 4 0  Done                     05/15/2013 17:18:47
00246 ys3307-ib   ./main_ball 4 0  Done                     05/15/2013 17:18:47
00224 ys3306-ib  ./main_ball 4 0   Done                     05/15/2013 17:18:47
00228 ys3306-ib   ./main_ball 4 0  Done                     05/15/2013 17:18:47
00230 ys3306-ib   ./main_ball 4 0  Done                     05/15/2013 17:18:47
00229 ys3306-ib   ./main_ball 4 0  Done                     05/15/2013 17:18:47
00231 ys3306-ib   ./main_ball 4 0  Done                     05/15/2013 17:18:47
00232 ys3306-ib   ./main_ball 4 0  Done                     05/15/2013 17:18:47
00233 ys3306-ib   ./main_ball 4 0  Done                     05/15/2013 17:18:47
00234 ys3306-ib   ./main_ball 4 0  Done                     05/15/2013 17:18:47
00235 ys3306-ib   ./main_ball 4 0  Done                     05/15/2013 17:18:47
00236 ys3306-ib   ./main_ball 4 0  Done                     05/15/2013 17:18:47
00237 ys3306-ib   ./main_ball 4 0  Done                     05/15/2013 17:18:47
00238 ys3306-ib   ./main_ball 4 0  Done                     05/15/2013 17:18:47
00239 ys3306-ib   ./main_ball 4 0  Done                     05/15/2013 17:18:47
00225 ys3306-ib   ./main_ball 4 0  Done                     05/15/2013 17:18:47
00226 ys3306-ib   ./main_ball 4 0  Done                     05/15/2013 17:18:47
00227 ys3306-ib   ./main_ball 4 0  Done                     05/15/2013 17:18:47
00208 ys3305-ib  ./main_ball 4 0   Done                     05/15/2013 17:18:47
00210 ys3305-ib   ./main_ball 4 0  Done                     05/15/2013 17:18:47
00209 ys3305-ib   ./main_ball 4 0  Done                     05/15/2013 17:18:47
00211 ys3305-ib   ./main_ball 4 0  Done                     05/15/2013 17:18:47
00212 ys3305-ib   ./main_ball 4 0  Done                     05/15/2013 17:18:47
00213 ys3305-ib   ./main_ball 4 0  Done                     05/15/2013 17:18:47
00214 ys3305-ib   ./main_ball 4 0  Done                     05/15/2013 17:18:47
00215 ys3305-ib   ./main_ball 4 0  Done                     05/15/2013 17:18:47
00216 ys3305-ib   ./main_ball 4 0  Done                     05/15/2013 17:18:47
00217 ys3305-ib   ./main_ball 4 0  Done                     05/15/2013 17:18:47
00218 ys3305-ib   ./main_ball 4 0  Done                     05/15/2013 17:18:47
00220 ys3305-ib   ./main_ball 4 0  Done                     05/15/2013 17:18:47
00219 ys3305-ib   ./main_ball 4 0  Done                     05/15/2013 17:18:47
00221 ys3305-ib   ./main_ball 4 0  Done                     05/15/2013 17:18:47
00222 ys3305-ib   ./main_ball 4 0  Done                     05/15/2013 17:18:47
00223 ys3305-ib   ./main_ball 4 0  Done                     05/15/2013 17:18:47
00192 ys3304-ib  ./main_ball 4 0   Done                     05/15/2013 17:18:47
00199 ys3304-ib   ./main_ball 4 0  Done                     05/15/2013 17:18:47
00200 ys3304-ib   ./main_ball 4 0  Done                     05/15/2013 17:18:47
00201 ys3304-ib   ./main_ball 4 0  Done                     05/15/2013 17:18:47
00202 ys3304-ib   ./main_ball 4 0  Done                     05/15/2013 17:18:47
00203 ys3304-ib   ./main_ball 4 0  Done                     05/15/2013 17:18:47
00193 ys3304-ib   ./main_ball 4 0  Done                     05/15/2013 17:18:47
00204 ys3304-ib   ./main_ball 4 0  Done                     05/15/2013 17:18:47
00194 ys3304-ib   ./main_ball 4 0  Done                     05/15/2013 17:18:47
00205 ys3304-ib   ./main_ball 4 0  Done                     05/15/2013 17:18:47
00195 ys3304-ib   ./main_ball 4 0  Done                     05/15/2013 17:18:47
00206 ys3304-ib   ./main_ball 4 0  Done                     05/15/2013 17:18:47
00196 ys3304-ib   ./main_ball 4 0  Done                     05/15/2013 17:18:47
00207 ys3304-ib   ./main_ball 4 0  Done                     05/15/2013 17:18:47
00197 ys3304-ib   ./main_ball 4 0  Done                     05/15/2013 17:18:47
00198 ys3304-ib   ./main_ball 4 0  Done                     05/15/2013 17:18:47
00176 ys3303-ib  ./main_ball 4 0   Done                     05/15/2013 17:18:47
00181 ys3303-ib   ./main_ball 4 0  Done                     05/15/2013 17:18:47
00182 ys3303-ib   ./main_ball 4 0  Done                     05/15/2013 17:18:47
00183 ys3303-ib   ./main_ball 4 0  Done                     05/15/2013 17:18:47
00184 ys3303-ib   ./main_ball 4 0  Done                     05/15/2013 17:18:47
00185 ys3303-ib   ./main_ball 4 0  Done                     05/15/2013 17:18:47
00186 ys3303-ib   ./main_ball 4 0  Done                     05/15/2013 17:18:47
00187 ys3303-ib   ./main_ball 4 0  Done                     05/15/2013 17:18:47
00188 ys3303-ib   ./main_ball 4 0  Done                     05/15/2013 17:18:47
00190 ys3303-ib   ./main_ball 4 0  Done                     05/15/2013 17:18:47
00189 ys3303-ib   ./main_ball 4 0  Done                     05/15/2013 17:18:47
00191 ys3303-ib   ./main_ball 4 0  Done                     05/15/2013 17:18:47
00177 ys3303-ib   ./main_ball 4 0  Done                     05/15/2013 17:18:47
00178 ys3303-ib   ./main_ball 4 0  Done                     05/15/2013 17:18:47
00180 ys3303-ib   ./main_ball 4 0  Done                     05/15/2013 17:18:47
00179 ys3303-ib   ./main_ball 4 0  Done                     05/15/2013 17:18:47
00160 ys3302-ib  ./main_ball 4 0   Done                     05/15/2013 17:18:47
00162 ys3302-ib   ./main_ball 4 0  Done                     05/15/2013 17:18:47
00163 ys3302-ib   ./main_ball 4 0  Done                     05/15/2013 17:18:47
00164 ys3302-ib   ./main_ball 4 0  Done                     05/15/2013 17:18:47
00165 ys3302-ib   ./main_ball 4 0  Done                     05/15/2013 17:18:47
00166 ys3302-ib   ./main_ball 4 0  Done                     05/15/2013 17:18:47
00167 ys3302-ib   ./main_ball 4 0  Done                     05/15/2013 17:18:47
00168 ys3302-ib   ./main_ball 4 0  Done                     05/15/2013 17:18:47
00170 ys3302-ib   ./main_ball 4 0  Done                     05/15/2013 17:18:47
00169 ys3302-ib   ./main_ball 4 0  Done                     05/15/2013 17:18:47
00171 ys3302-ib   ./main_ball 4 0  Done                     05/15/2013 17:18:47
00172 ys3302-ib   ./main_ball 4 0  Done                     05/15/2013 17:18:47
00173 ys3302-ib   ./main_ball 4 0  Done                     05/15/2013 17:18:47
00174 ys3302-ib   ./main_ball 4 0  Done                     05/15/2013 17:18:47
00175 ys3302-ib   ./main_ball 4 0  Done                     05/15/2013 17:18:47
00161 ys3302-ib   ./main_ball 4 0  Done                     05/15/2013 17:18:47
00144 ys3301-ib  ./main_ball 4 0   Done                     05/15/2013 17:18:47
00145 ys3301-ib   ./main_ball 4 0  Done                     05/15/2013 17:18:47
00146 ys3301-ib   ./main_ball 4 0  Done                     05/15/2013 17:18:47
00147 ys3301-ib   ./main_ball 4 0  Done                     05/15/2013 17:18:47
00148 ys3301-ib   ./main_ball 4 0  Done                     05/15/2013 17:18:47
00150 ys3301-ib   ./main_ball 4 0  Done                     05/15/2013 17:18:47
00149 ys3301-ib   ./main_ball 4 0  Done                     05/15/2013 17:18:47
00151 ys3301-ib   ./main_ball 4 0  Done                     05/15/2013 17:18:47
00152 ys3301-ib   ./main_ball 4 0  Done                     05/15/2013 17:18:47
00153 ys3301-ib   ./main_ball 4 0  Done                     05/15/2013 17:18:47
00154 ys3301-ib   ./main_ball 4 0  Done                     05/15/2013 17:18:47
00155 ys3301-ib   ./main_ball 4 0  Done                     05/15/2013 17:18:47
00156 ys3301-ib   ./main_ball 4 0  Done                     05/15/2013 17:18:47
00157 ys3301-ib   ./main_ball 4 0  Done                     05/15/2013 17:18:47
00158 ys3301-ib   ./main_ball 4 0  Done                     05/15/2013 17:18:47
00159 ys3301-ib   ./main_ball 4 0  Done                     05/15/2013 17:18:47
00128 ys3272-ib  ./main_ball 4 0   Done                     05/15/2013 17:18:47
00143 ys3272-ib   ./main_ball 4 0  Done                     05/15/2013 17:18:47
00130 ys3272-ib   ./main_ball 4 0  Done                     05/15/2013 17:18:47
00129 ys3272-ib   ./main_ball 4 0  Done                     05/15/2013 17:18:47
00131 ys3272-ib   ./main_ball 4 0  Done                     05/15/2013 17:18:47
00132 ys3272-ib   ./main_ball 4 0  Done                     05/15/2013 17:18:47
00133 ys3272-ib   ./main_ball 4 0  Done                     05/15/2013 17:18:47
00134 ys3272-ib   ./main_ball 4 0  Done                     05/15/2013 17:18:47
00135 ys3272-ib   ./main_ball 4 0  Done                     05/15/2013 17:18:47
00136 ys3272-ib   ./main_ball 4 0  Done                     05/15/2013 17:18:47
00137 ys3272-ib   ./main_ball 4 0  Done                     05/15/2013 17:18:47
00138 ys3272-ib   ./main_ball 4 0  Done                     05/15/2013 17:18:47
00140 ys3272-ib   ./main_ball 4 0  Done                     05/15/2013 17:18:47
00139 ys3272-ib   ./main_ball 4 0  Done                     05/15/2013 17:18:47
00141 ys3272-ib   ./main_ball 4 0  Done                     05/15/2013 17:18:47
00142 ys3272-ib   ./main_ball 4 0  Done                     05/15/2013 17:18:47
00112 ys3271-ib  ./main_ball 4 0   Done                     05/15/2013 17:18:47
00124 ys3271-ib   ./main_ball 4 0  Done                     05/15/2013 17:18:47
00125 ys3271-ib   ./main_ball 4 0  Done                     05/15/2013 17:18:47
00126 ys3271-ib   ./main_ball 4 0  Done                     05/15/2013 17:18:47
00127 ys3271-ib   ./main_ball 4 0  Done                     05/15/2013 17:18:47
00113 ys3271-ib   ./main_ball 4 0  Done                     05/15/2013 17:18:47
00114 ys3271-ib   ./main_ball 4 0  Done                     05/15/2013 17:18:47
00115 ys3271-ib   ./main_ball 4 0  Done                     05/15/2013 17:18:47
00116 ys3271-ib   ./main_ball 4 0  Done                     05/15/2013 17:18:47
00117 ys3271-ib   ./main_ball 4 0  Done                     05/15/2013 17:18:47
00118 ys3271-ib   ./main_ball 4 0  Done                     05/15/2013 17:18:47
00120 ys3271-ib   ./main_ball 4 0  Done                     05/15/2013 17:18:47
00119 ys3271-ib   ./main_ball 4 0  Done                     05/15/2013 17:18:47
00121 ys3271-ib   ./main_ball 4 0  Done                     05/15/2013 17:18:47
00122 ys3271-ib   ./main_ball 4 0  Done                     05/15/2013 17:18:47
00123 ys3271-ib   ./main_ball 4 0  Done                     05/15/2013 17:18:47
00096 ys3270-ib  ./main_ball 4 0   Done                     05/15/2013 17:18:47
00105 ys3270-ib   ./main_ball 4 0  Done                     05/15/2013 17:18:47
00110 ys3270-ib   ./main_ball 4 0  Done                     05/15/2013 17:18:47
00109 ys3270-ib   ./main_ball 4 0  Done                     05/15/2013 17:18:47
00097 ys3270-ib   ./main_ball 4 0  Done                     05/15/2013 17:18:47
00098 ys3270-ib   ./main_ball 4 0  Done                     05/15/2013 17:18:47
00099 ys3270-ib   ./main_ball 4 0  Done                     05/15/2013 17:18:47
00100 ys3270-ib   ./main_ball 4 0  Done                     05/15/2013 17:18:47
00101 ys3270-ib   ./main_ball 4 0  Done                     05/15/2013 17:18:47
00102 ys3270-ib   ./main_ball 4 0  Done                     05/15/2013 17:18:47
00103 ys3270-ib   ./main_ball 4 0  Done                     05/15/2013 17:18:47
00106 ys3270-ib   ./main_ball 4 0  Done                     05/15/2013 17:18:47
00107 ys3270-ib   ./main_ball 4 0  Done                     05/15/2013 17:18:47
00108 ys3270-ib   ./main_ball 4 0  Done                     05/15/2013 17:18:47
00111 ys3270-ib   ./main_ball 4 0  Done                     05/15/2013 17:18:47
00104 ys3270-ib   ./main_ball 4 0  Done                     05/15/2013 17:18:47
00080 ys3269-ib  ./main_ball 4 0   Done                     05/15/2013 17:18:47
00082 ys3269-ib   ./main_ball 4 0  Done                     05/15/2013 17:18:47
00090 ys3269-ib   ./main_ball 4 0  Done                     05/15/2013 17:18:47
00089 ys3269-ib   ./main_ball 4 0  Done                     05/15/2013 17:18:47
00091 ys3269-ib   ./main_ball 4 0  Done                     05/15/2013 17:18:47
00092 ys3269-ib   ./main_ball 4 0  Done                     05/15/2013 17:18:47
00093 ys3269-ib   ./main_ball 4 0  Done                     05/15/2013 17:18:47
00094 ys3269-ib   ./main_ball 4 0  Done                     05/15/2013 17:18:47
00095 ys3269-ib   ./main_ball 4 0  Done                     05/15/2013 17:18:47
00081 ys3269-ib   ./main_ball 4 0  Done                     05/15/2013 17:18:47
00083 ys3269-ib   ./main_ball 4 0  Done                     05/15/2013 17:18:47
00084 ys3269-ib   ./main_ball 4 0  Done                     05/15/2013 17:18:47
00085 ys3269-ib   ./main_ball 4 0  Done                     05/15/2013 17:18:47
00086 ys3269-ib   ./main_ball 4 0  Done                     05/15/2013 17:18:47
00087 ys3269-ib   ./main_ball 4 0  Done                     05/15/2013 17:18:47
00088 ys3269-ib   ./main_ball 4 0  Done                     05/15/2013 17:18:47
00064 ys3268-ib  ./main_ball 4 0   Done                     05/15/2013 17:18:47
00065 ys3268-ib   ./main_ball 4 0  Done                     05/15/2013 17:18:47
00067 ys3268-ib   ./main_ball 4 0  Done                     05/15/2013 17:18:47
00070 ys3268-ib   ./main_ball 4 0  Done                     05/15/2013 17:18:47
00071 ys3268-ib   ./main_ball 4 0  Done                     05/15/2013 17:18:47
00072 ys3268-ib   ./main_ball 4 0  Done                     05/15/2013 17:18:47
00073 ys3268-ib   ./main_ball 4 0  Done                     05/15/2013 17:18:47
00074 ys3268-ib   ./main_ball 4 0  Done                     05/15/2013 17:18:47
00075 ys3268-ib   ./main_ball 4 0  Done                     05/15/2013 17:18:47
00076 ys3268-ib   ./main_ball 4 0  Done                     05/15/2013 17:18:47
00077 ys3268-ib   ./main_ball 4 0  Done                     05/15/2013 17:18:47
00078 ys3268-ib   ./main_ball 4 0  Done                     05/15/2013 17:18:47
00079 ys3268-ib   ./main_ball 4 0  Done                     05/15/2013 17:18:47
00066 ys3268-ib   ./main_ball 4 0  Done                     05/15/2013 17:18:47
00068 ys3268-ib   ./main_ball 4 0  Done                     05/15/2013 17:18:47
00069 ys3268-ib   ./main_ball 4 0  Done                     05/15/2013 17:18:47
00048 ys3263-ib  ./main_ball 4 0   Done                     05/15/2013 17:18:47
00050 ys3263-ib   ./main_ball 4 0  Done                     05/15/2013 17:18:47
00049 ys3263-ib   ./main_ball 4 0  Done                     05/15/2013 17:18:47
00052 ys3263-ib   ./main_ball 4 0  Done                     05/15/2013 17:18:47
00053 ys3263-ib   ./main_ball 4 0  Done                     05/15/2013 17:18:47
00054 ys3263-ib   ./main_ball 4 0  Done                     05/15/2013 17:18:47
00055 ys3263-ib   ./main_ball 4 0  Done                     05/15/2013 17:18:47
00056 ys3263-ib   ./main_ball 4 0  Done                     05/15/2013 17:18:47
00057 ys3263-ib   ./main_ball 4 0  Done                     05/15/2013 17:18:47
00058 ys3263-ib   ./main_ball 4 0  Done                     05/15/2013 17:18:47
00060 ys3263-ib   ./main_ball 4 0  Done                     05/15/2013 17:18:47
00059 ys3263-ib   ./main_ball 4 0  Done                     05/15/2013 17:18:47
00061 ys3263-ib   ./main_ball 4 0  Done                     05/15/2013 17:18:47
00062 ys3263-ib   ./main_ball 4 0  Done                     05/15/2013 17:18:47
00063 ys3263-ib   ./main_ball 4 0  Done                     05/15/2013 17:18:47
00051 ys3263-ib   ./main_ball 4 0  Done                     05/15/2013 17:18:47
00032 ys1849-ib  ./main_ball 4 0   Done                     05/15/2013 17:18:47
00033 ys1849-ib   ./main_ball 4 0  Done                     05/15/2013 17:18:47
00034 ys1849-ib   ./main_ball 4 0  Done                     05/15/2013 17:18:47
00035 ys1849-ib   ./main_ball 4 0  Done                     05/15/2013 17:18:47
00036 ys1849-ib   ./main_ball 4 0  Done                     05/15/2013 17:18:47
00037 ys1849-ib   ./main_ball 4 0  Done                     05/15/2013 17:18:47
00038 ys1849-ib   ./main_ball 4 0  Done                     05/15/2013 17:18:47
00040 ys1849-ib   ./main_ball 4 0  Done                     05/15/2013 17:18:47
00039 ys1849-ib   ./main_ball 4 0  Done                     05/15/2013 17:18:47
00041 ys1849-ib   ./main_ball 4 0  Done                     05/15/2013 17:18:47
00042 ys1849-ib   ./main_ball 4 0  Done                     05/15/2013 17:18:47
00043 ys1849-ib   ./main_ball 4 0  Done                     05/15/2013 17:18:47
00044 ys1849-ib   ./main_ball 4 0  Done                     05/15/2013 17:18:47
00045 ys1849-ib   ./main_ball 4 0  Done                     05/15/2013 17:18:47
00046 ys1849-ib   ./main_ball 4 0  Done                     05/15/2013 17:18:47
00047 ys1849-ib   ./main_ball 4 0  Done                     05/15/2013 17:18:47
00016 ys1351-ib  ./main_ball 4 0   Done                     05/15/2013 17:18:47
00017 ys1351-ib   ./main_ball 4 0  Done                     05/15/2013 17:18:47
00019 ys1351-ib   ./main_ball 4 0  Done                     05/15/2013 17:18:47
00023 ys1351-ib   ./main_ball 4 0  Done                     05/15/2013 17:18:47
00025 ys1351-ib   ./main_ball 4 0  Done                     05/15/2013 17:18:47
00027 ys1351-ib   ./main_ball 4 0  Done                     05/15/2013 17:18:47
00018 ys1351-ib   ./main_ball 4 0  Done                     05/15/2013 17:18:47
00020 ys1351-ib   ./main_ball 4 0  Done                     05/15/2013 17:18:47
00021 ys1351-ib   ./main_ball 4 0  Done                     05/15/2013 17:18:47
00022 ys1351-ib   ./main_ball 4 0  Done                     05/15/2013 17:18:47
00024 ys1351-ib   ./main_ball 4 0  Done                     05/15/2013 17:18:47
00026 ys1351-ib   ./main_ball 4 0  Done                     05/15/2013 17:18:47
00028 ys1351-ib   ./main_ball 4 0  Done                     05/15/2013 17:18:47
00030 ys1351-ib   ./main_ball 4 0  Done                     05/15/2013 17:18:47
00029 ys1351-ib   ./main_ball 4 0  Done                     05/15/2013 17:18:47
00031 ys1351-ib   ./main_ball 4 0  Done                     05/15/2013 17:18:47
00000 ys0853-ib  ./main_ball 4 0   Done                     05/15/2013 17:18:47
00003 ys0853-ib   ./main_ball 4 0  Done                     05/15/2013 17:18:47
00004 ys0853-ib   ./main_ball 4 0  Done                     05/15/2013 17:18:47
00005 ys0853-ib   ./main_ball 4 0  Done                     05/15/2013 17:18:47
00006 ys0853-ib   ./main_ball 4 0  Done                     05/15/2013 17:18:47
00007 ys0853-ib   ./main_ball 4 0  Done                     05/15/2013 17:18:47
00008 ys0853-ib   ./main_ball 4 0  Done                     05/15/2013 17:18:47
00009 ys0853-ib   ./main_ball 4 0  Done                     05/15/2013 17:18:47
00010 ys0853-ib   ./main_ball 4 0  Done                     05/15/2013 17:18:47
00011 ys0853-ib   ./main_ball 4 0  Done                     05/15/2013 17:18:47
00012 ys0853-ib   ./main_ball 4 0  Done                     05/15/2013 17:18:47
00001 ys0853-ib   ./main_ball 4 0  Done                     05/15/2013 17:18:47
00013 ys0853-ib   ./main_ball 4 0  Done                     05/15/2013 17:18:47
00002 ys0853-ib   ./main_ball 4 0  Done                     05/15/2013 17:18:47
00014 ys0853-ib   ./main_ball 4 0  Done                     05/15/2013 17:18:47
00015 ys0853-ib   ./main_ball 4 0  Done                     05/15/2013 17:18:47

------------------------------------------------------------
Sender: LSF System <lsfadmin@ys0853-ib>
Subject: Job 662786: <mb.1024> Done

Job <mb.1024> was submitted from host <yslogin5-ib> by user <robertk> in cluster <yellowstone>.
Job was executed on host(s) <16*ys0853-ib>, in queue <small>, as user <robertk> in cluster <yellowstone>.
                            <16*ys1351-ib>
                            <16*ys1849-ib>
                            <16*ys3263-ib>
                            <16*ys3268-ib>
                            <16*ys3269-ib>
                            <16*ys3270-ib>
                            <16*ys3271-ib>
                            <16*ys3272-ib>
                            <16*ys3301-ib>
                            <16*ys3302-ib>
                            <16*ys3303-ib>
                            <16*ys3304-ib>
                            <16*ys3305-ib>
                            <16*ys3306-ib>
                            <16*ys3307-ib>
                            <16*ys3308-ib>
                            <16*ys3309-ib>
                            <16*ys3310-ib>
                            <16*ys3311-ib>
                            <16*ys3312-ib>
                            <16*ys3313-ib>
                            <16*ys3314-ib>
                            <16*ys3315-ib>
                            <16*ys3316-ib>
                            <16*ys3317-ib>
                            <16*ys3318-ib>
                            <16*ys3331-ib>
                            <16*ys3332-ib>
                            <16*ys3333-ib>
                            <16*ys3334-ib>
                            <16*ys3335-ib>
                            <16*ys3336-ib>
                            <16*ys3337-ib>
                            <16*ys3338-ib>
                            <16*ys3339-ib>
                            <16*ys3340-ib>
                            <16*ys3341-ib>
                            <16*ys3342-ib>
                            <16*ys3343-ib>
                            <16*ys3344-ib>
                            <16*ys3345-ib>
                            <16*ys3346-ib>
                            <16*ys3347-ib>
                            <16*ys3348-ib>
                            <16*ys3349-ib>
                            <16*ys3350-ib>
                            <16*ys3351-ib>
                            <16*ys3352-ib>
                            <16*ys3353-ib>
                            <16*ys3354-ib>
                            <16*ys3355-ib>
                            <16*ys3356-ib>
                            <16*ys3357-ib>
                            <16*ys3358-ib>
                            <16*ys3359-ib>
                            <16*ys3360-ib>
                            <16*ys3361-ib>
                            <16*ys3362-ib>
                            <16*ys3363-ib>
                            <16*ys3364-ib>
                            <16*ys3417-ib>
                            <16*ys3418-ib>
                            <16*ys3419-ib>
</glade/u/home/robertk> was used as the home directory.
</glade/u/home/robertk/work/Dune/trunk/alugrid/examples> was used as the working directory.
Started at Wed May 15 17:17:36 2013
Results reported at Wed May 15 17:18:52 2013

Your job looked like:

------------------------------------------------------------
# LSBATCH: User input
#!/bin/bash
# LSF batch script to run an MPI application
#
#BSUB -P P86850055           # project code
#BSUB -W 00:30               # wall-clock time (hrs:mins)
#BSUB -n 1024              # number of tasks in job
#BSUB -R span[ptile=16]    # run 16 MPI tasks per node
#BSUB -J mb.1024            # job name
#BSUB -o ./out/mb.1024.%J.out  # output file name 
#BSUB -e ./err/mb.1024.%J.err  # error file name
#BSUB -q small             # queue
#run the executable
mpirun.lsf ./main_ball 4 0 3 none

------------------------------------------------------------

Successfully completed.

Resource usage summary:

    CPU time   :  62679.75 sec.
    Max Memory :       179 MB
    Max Swap   :      3065 MB

    Max Processes  :         7
    Max Threads    :        77

The output (if any) is above this job summary.



PS:

Read file <./err/mb.1024.662786.err> for stderr output of this job.

