Execute poe command line: poe  ./main_ball 4 0 3 none
Caught DGFException on creation of SGrid, trying default DGF method!

Created parallel ALUGrid<3,3,cube,nonconforming> from macro grid file ''. 

globalRefine: 0
elements = 7325571 (28126,29065,1.03339)   maxLevel = 3   step = 12   time = 0.108   dt = 0.009
elements = 7209112 (27824,28552,1.02616)   maxLevel = 3   step = 23   time = 0.207   dt = 0.009
elements = 7165537 (27536,28262,1.02637)   maxLevel = 3   step = 34   time = 0.306   dt = 0.009
elements = 7329610 (28158,29107,1.0337)   maxLevel = 3   step = 45   time = 0.405   dt = 0.009
elements = 7064821 (27136,27968,1.03066)   maxLevel = 3   step = 56   time = 0.504   dt = 0.009
elements = 7323996 (28203,28972,1.02727)   maxLevel = 3   step = 67   time = 0.603   dt = 0.009
elements = 7206081 (27728,28585,1.03091)   maxLevel = 3   step = 78   time = 0.702   dt = 0.009
elements = 7128248 (27408,28181,1.0282)   maxLevel = 3   step = 89   time = 0.801   dt = 0.009
elements = 7311767 (28090,29031,1.0335)   maxLevel = 3   step = 100   time = 0.9   dt = 0.009
elements = 7054251 (27080,27954,1.03227)   maxLevel = 3   step = 112   time = 1.008   dt = 0.009
U2 max: 43.15  min: 27.28
U3 max: 0.03  min: 0
U4 max: 3.48  min: 2.38
U5 max: 0.63  min: 0.06
U6 max: 33.62  min: 20.46
U7 max: 0  min: 0
U8 max: 47.74  min: 31.87
Program finished: CPU time = 84.3652 sec.

------------------------------------------------------------
Sender: LSF System <lsfadmin@ys0156-ib>
Subject: Job 926063: <mb.256> in cluster <yellowstone> Done

Job <mb.256> was submitted from host <yslogin3-ib> by user <robertk> in cluster <yellowstone>.
Job was executed on host(s) <16*ys0156-ib>, in queue <small>, as user <robertk> in cluster <yellowstone>.
                            <16*ys0158-ib>
                            <16*ys0159-ib>
                            <16*ys0160-ib>
                            <16*ys0163-ib>
                            <16*ys0165-ib>
                            <16*ys0166-ib>
                            <16*ys0205-ib>
                            <16*ys0208-ib>
                            <16*ys0209-ib>
                            <16*ys0214-ib>
                            <16*ys0218-ib>
                            <16*ys0221-ib>
                            <16*ys0222-ib>
                            <16*ys0223-ib>
                            <16*ys0224-ib>
</glade/u/home/robertk> was used as the home directory.
</glade/u/home/robertk/work/Dune/trunk/alugrid/examples/run/mb_hsfc_403> was used as the working directory.
Started at Thu Feb 20 15:15:42 2014
Results reported at Thu Feb 20 15:18:14 2014

Your job looked like:

------------------------------------------------------------
# LSBATCH: User input
#!/bin/bash
# LSF batch script to run an MPI application
#
#BSUB -P P86850055           # project code
#BSUB -W 00:30               # wall-clock time (hrs:mins)
#BSUB -n 256              # number of tasks in job
#BSUB -R span[ptile=16]    # run 16 MPI tasks per node
#BSUB -J mb.256            # job name
#BSUB -o ./mb.256.out  # output file name 
#BSUB -e ./mb.256.err  # error file name
#BSUB -q small             # queue
#run the executable
export MP_CSS_INTERRUPT=yes
export MP_EAGER_LIMIT=4194305
export MP_EAGER_LIMIT_LOCAL=4194305
mpirun.lsf ./main_ball 4 0 3 none

------------------------------------------------------------

Successfully completed.

Resource usage summary:

    CPU time :               31927.86 sec.
    Max Memory :             31093 MB
    Average Memory :         9224.00 MB
    Total Requested Memory : -
    Delta Memory :           -
    (Delta: the difference between total requested memory and actual max usage.)
    Max Processes :          276
    Max Threads :            2937

The output (if any) is above this job summary.



PS:

Read file <./mb.256.err> for stderr output of this job.

