Execute poe command line: poe  ./main_ball 4 0 3 none
Caught DGFException on creation of SGrid, trying default DGF method!

Created parallel ALUGrid<3,3,cube,nonconforming> from macro grid file ''. 

globalRefine: 0
elements = 7326145 (3072,4047,1.31738)   maxLevel = 3   step = 12   time = 0.108   dt = 0.009
elements = 7218625 (3043,3981,1.30825)   maxLevel = 3   step = 23   time = 0.207   dt = 0.009
elements = 7175029 (3009,3858,1.28215)   maxLevel = 3   step = 34   time = 0.306   dt = 0.009
elements = 7337499 (3072,4040,1.3151)   maxLevel = 3   step = 45   time = 0.405   dt = 0.009
elements = 7072192 (2972,3738,1.25774)   maxLevel = 3   step = 56   time = 0.504   dt = 0.009
elements = 7324241 (3072,4034,1.31315)   maxLevel = 3   step = 67   time = 0.603   dt = 0.009
elements = 7219899 (3051,3853,1.26286)   maxLevel = 3   step = 78   time = 0.702   dt = 0.009
elements = 7133344 (2991,3895,1.30224)   maxLevel = 3   step = 89   time = 0.801   dt = 0.009
elements = 7319705 (3072,4061,1.32194)   maxLevel = 3   step = 100   time = 0.9   dt = 0.009
elements = 7056015 (2935,3872,1.31925)   maxLevel = 3   step = 112   time = 1.008   dt = 0.009
U2 max: 19.8  min: 11.09
U3 max: 0.04  min: 0
U4 max: 1.78  min: 0.79
U5 max: 0.18  min: 0
U6 max: 16.04  min: 8.85
U7 max: 0.01  min: 0
U8 max: 21.71  min: 13.23
Program finished: CPU time = 38.5701 sec.

------------------------------------------------------------
Sender: LSF System <lsfadmin@ys0821-ib>
Subject: Job 926066: <mb.2048> in cluster <yellowstone> Done

Job <mb.2048> was submitted from host <yslogin3-ib> by user <robertk> in cluster <yellowstone>.
Job was executed on host(s) <16*ys0821-ib>, in queue <small>, as user <robertk> in cluster <yellowstone>.
                            <16*ys0822-ib>
                            <16*ys0823-ib>
                            <16*ys0824-ib>
                            <16*ys0825-ib>
                            <16*ys0826-ib>
                            <16*ys0827-ib>
                            <16*ys0834-ib>
                            <16*ys0837-ib>
                            <16*ys0838-ib>
                            <16*ys0839-ib>
                            <16*ys0844-ib>
                            <16*ys0845-ib>
                            <16*ys0846-ib>
                            <16*ys0847-ib>
                            <16*ys0848-ib>
                            <16*ys0849-ib>
                            <16*ys0850-ib>
                            <16*ys0851-ib>
                            <16*ys0852-ib>
                            <16*ys0853-ib>
                            <16*ys0854-ib>
                            <16*ys0855-ib>
                            <16*ys0857-ib>
                            <16*ys0858-ib>
                            <16*ys0859-ib>
                            <16*ys0860-ib>
                            <16*ys0861-ib>
                            <16*ys0862-ib>
                            <16*ys0863-ib>
                            <16*ys0864-ib>
                            <16*ys0865-ib>
                            <16*ys0866-ib>
                            <16*ys0867-ib>
                            <16*ys0871-ib>
                            <16*ys0903-ib>
                            <16*ys0919-ib>
                            <16*ys0920-ib>
                            <16*ys0921-ib>
                            <16*ys0922-ib>
                            <16*ys0923-ib>
                            <16*ys0924-ib>
                            <16*ys0925-ib>
                            <16*ys0931-ib>
                            <16*ys0932-ib>
                            <16*ys0935-ib>
                            <16*ys0937-ib>
                            <16*ys0938-ib>
                            <16*ys0939-ib>
                            <16*ys0940-ib>
                            <16*ys0942-ib>
                            <16*ys0943-ib>
                            <16*ys0944-ib>
                            <16*ys0945-ib>
                            <16*ys0946-ib>
                            <16*ys0947-ib>
                            <16*ys0948-ib>
                            <16*ys0949-ib>
                            <16*ys0950-ib>
                            <16*ys0951-ib>
                            <16*ys0952-ib>
                            <16*ys0954-ib>
                            <16*ys0955-ib>
                            <16*ys0956-ib>
                            <16*ys0957-ib>
                            <16*ys0958-ib>
                            <16*ys0959-ib>
                            <16*ys0960-ib>
                            <16*ys0961-ib>
                            <16*ys0962-ib>
                            <16*ys0963-ib>
                            <16*ys0964-ib>
                            <16*ys0965-ib>
                            <16*ys0966-ib>
                            <16*ys0967-ib>
                            <16*ys0968-ib>
                            <16*ys0969-ib>
                            <16*ys0970-ib>
                            <16*ys0971-ib>
                            <16*ys0972-ib>
                            <16*ys1001-ib>
                            <16*ys1002-ib>
                            <16*ys1003-ib>
                            <16*ys1004-ib>
                            <16*ys1005-ib>
                            <16*ys1006-ib>
                            <16*ys1007-ib>
                            <16*ys1008-ib>
                            <16*ys1009-ib>
                            <16*ys1010-ib>
                            <16*ys1012-ib>
                            <16*ys1013-ib>
                            <16*ys1014-ib>
                            <16*ys1015-ib>
                            <16*ys1016-ib>
                            <16*ys1021-ib>
                            <16*ys1024-ib>
                            <16*ys1025-ib>
                            <16*ys1031-ib>
                            <16*ys1037-ib>
                            <16*ys1038-ib>
                            <16*ys1039-ib>
                            <16*ys1040-ib>
                            <16*ys1041-ib>
                            <16*ys1042-ib>
                            <16*ys1043-ib>
                            <16*ys1044-ib>
                            <16*ys1045-ib>
                            <16*ys1046-ib>
                            <16*ys1047-ib>
                            <16*ys1048-ib>
                            <16*ys1049-ib>
                            <16*ys1050-ib>
                            <16*ys1051-ib>
                            <16*ys1052-ib>
                            <16*ys1053-ib>
                            <16*ys1055-ib>
                            <16*ys1059-ib>
                            <16*ys1060-ib>
                            <16*ys1066-ib>
                            <16*ys1067-ib>
                            <16*ys1118-ib>
                            <16*ys1120-ib>
                            <16*ys1123-ib>
                            <16*ys1126-ib>
                            <16*ys1145-ib>
                            <16*ys1151-ib>
                            <16*ys1160-ib>
</glade/u/home/robertk> was used as the home directory.
</glade/u/home/robertk/work/Dune/trunk/alugrid/examples/run/mb_hsfc_403> was used as the working directory.
Started at Thu Feb 20 15:15:42 2014
Results reported at Thu Feb 20 15:17:12 2014

Your job looked like:

------------------------------------------------------------
# LSBATCH: User input
#!/bin/bash
# LSF batch script to run an MPI application
#
#BSUB -P P86850055           # project code
#BSUB -W 00:30               # wall-clock time (hrs:mins)
#BSUB -n 2048              # number of tasks in job
#BSUB -R span[ptile=16]    # run 16 MPI tasks per node
#BSUB -J mb.2048            # job name
#BSUB -o ./mb.2048.out  # output file name 
#BSUB -e ./mb.2048.err  # error file name
#BSUB -q small             # queue
#run the executable
export MP_CSS_INTERRUPT=yes
export MP_EAGER_LIMIT=4194305
export MP_EAGER_LIMIT_LOCAL=4194305
mpirun.lsf ./main_ball 4 0 3 none

------------------------------------------------------------

Successfully completed.

Resource usage summary:

    CPU time :               107128.00 sec.
    Max Memory :             2763 MB
    Average Memory :         1395.00 MB
    Total Requested Memory : -
    Delta Memory :           -
    (Delta: the difference between total requested memory and actual max usage.)
    Max Processes :          35
    Max Threads :            265

The output (if any) is above this job summary.



PS:

Read file <./mb.2048.err> for stderr output of this job.

