Caught DGFException on creation of SGrid, trying default DGF method!

Created parallel ALUGrid<3,3,cube,nonconforming> from macro grid file ''. 

globalRefine: 0
elements = 7314686 (228222,228947,1.00318)   maxLevel = 3   step = 12   time = 0.108   dt = 0.009
elements = 7210113 (224889,225620,1.00325)   maxLevel = 3   step = 23   time = 0.207   dt = 0.009
elements = 7159391 (223398,224164,1.00343)   maxLevel = 3   step = 34   time = 0.306   dt = 0.009
elements = 7320832 (228485,229185,1.00306)   maxLevel = 3   step = 45   time = 0.405   dt = 0.009
elements = 7056645 (220194,220768,1.00261)   maxLevel = 3   step = 56   time = 0.504   dt = 0.009
elements = 7311690 (228229,228751,1.00229)   maxLevel = 3   step = 67   time = 0.603   dt = 0.009
elements = 7200894 (224766,225285,1.00231)   maxLevel = 3   step = 78   time = 0.702   dt = 0.009
elements = 7123950 (222277,222883,1.00273)   maxLevel = 3   step = 89   time = 0.801   dt = 0.009
elements = 7305285 (228038,228530,1.00216)   maxLevel = 3   step = 100   time = 0.9   dt = 0.009
elements = 7048994 (219855,220537,1.0031)   maxLevel = 3   step = 112   time = 1.008   dt = 0.009
U2 max: 95.21  min: 66.27
U3 max: 0.02  min: 0
U4 max: 11.54  min: 10.99
U5 max: 20.16  min: 13.22
U6 max: 0  min: 0
U7 max: 102.68  min: 73.63
U8 max: 109.11  min: 80.21
Program finished: CPU time = 396.695 sec.
Job  /ncar/opt/lsf/8.3/linux2.6-glibc2.3-x86_64/bin/poejob ./main_ball 4 0 3 none

TID   HOST_NAME   COMMAND_LINE            STATUS            TERMINATION_TIME
===== ========== ================  =======================  ===================
00016 ys3367-ib  ./main_ball 4 0   Done                     05/15/2013 17:21:02
00017 ys3367-ib   ./main_ball 4 0  Done                     05/15/2013 17:21:02
00018 ys3367-ib   ./main_ball 4 0  Done                     05/15/2013 17:21:02
00020 ys3367-ib   ./main_ball 4 0  Done                     05/15/2013 17:21:02
00019 ys3367-ib   ./main_ball 4 0  Done                     05/15/2013 17:21:02
00021 ys3367-ib   ./main_ball 4 0  Done                     05/15/2013 17:21:02
00022 ys3367-ib   ./main_ball 4 0  Done                     05/15/2013 17:21:02
00023 ys3367-ib   ./main_ball 4 0  Done                     05/15/2013 17:21:02
00024 ys3367-ib   ./main_ball 4 0  Done                     05/15/2013 17:21:02
00025 ys3367-ib   ./main_ball 4 0  Done                     05/15/2013 17:21:02
00026 ys3367-ib   ./main_ball 4 0  Done                     05/15/2013 17:21:02
00027 ys3367-ib   ./main_ball 4 0  Done                     05/15/2013 17:21:02
00028 ys3367-ib   ./main_ball 4 0  Done                     05/15/2013 17:21:02
00030 ys3367-ib   ./main_ball 4 0  Done                     05/15/2013 17:21:02
00029 ys3367-ib   ./main_ball 4 0  Done                     05/15/2013 17:21:02
00031 ys3367-ib   ./main_ball 4 0  Done                     05/15/2013 17:21:02
00000 ys3366-ib  ./main_ball 4 0   Done                     05/15/2013 17:21:02
00014 ys3366-ib   ./main_ball 4 0  Done                     05/15/2013 17:21:02
00003 ys3366-ib   ./main_ball 4 0  Done                     05/15/2013 17:21:02
00015 ys3366-ib   ./main_ball 4 0  Done                     05/15/2013 17:21:02
00004 ys3366-ib   ./main_ball 4 0  Done                     05/15/2013 17:21:02
00005 ys3366-ib   ./main_ball 4 0  Done                     05/15/2013 17:21:02
00006 ys3366-ib   ./main_ball 4 0  Done                     05/15/2013 17:21:02
00007 ys3366-ib   ./main_ball 4 0  Done                     05/15/2013 17:21:02
00008 ys3366-ib   ./main_ball 4 0  Done                     05/15/2013 17:21:02
00009 ys3366-ib   ./main_ball 4 0  Done                     05/15/2013 17:21:02
00010 ys3366-ib   ./main_ball 4 0  Done                     05/15/2013 17:21:02
00011 ys3366-ib   ./main_ball 4 0  Done                     05/15/2013 17:21:02
00012 ys3366-ib   ./main_ball 4 0  Done                     05/15/2013 17:21:02
00001 ys3366-ib   ./main_ball 4 0  Done                     05/15/2013 17:21:02
00013 ys3366-ib   ./main_ball 4 0  Done                     05/15/2013 17:21:02
00002 ys3366-ib   ./main_ball 4 0  Done                     05/15/2013 17:21:02

------------------------------------------------------------
Sender: LSF System <lsfadmin@ys3366-ib>
Subject: Job 662781: <mb.32> Done

Job <mb.32> was submitted from host <yslogin5-ib> by user <robertk> in cluster <yellowstone>.
Job was executed on host(s) <16*ys3366-ib>, in queue <small>, as user <robertk> in cluster <yellowstone>.
                            <16*ys3367-ib>
</glade/u/home/robertk> was used as the home directory.
</glade/u/home/robertk/work/Dune/trunk/alugrid/examples> was used as the working directory.
Started at Wed May 15 17:14:18 2013
Results reported at Wed May 15 17:21:07 2013

Your job looked like:

------------------------------------------------------------
# LSBATCH: User input
#!/bin/bash
# LSF batch script to run an MPI application
#
#BSUB -P P86850055           # project code
#BSUB -W 00:30               # wall-clock time (hrs:mins)
#BSUB -n 32              # number of tasks in job
#BSUB -R span[ptile=16]    # run 16 MPI tasks per node
#BSUB -J mb.32            # job name
#BSUB -o ./out/mb.32.%J.out  # output file name 
#BSUB -e ./err/mb.32.%J.err  # error file name
#BSUB -q small             # queue
#run the executable
mpirun.lsf ./main_ball 4 0 3 none

------------------------------------------------------------

Successfully completed.

Resource usage summary:

    CPU time   :  12740.45 sec.
    Max Memory :      8118 MB
    Max Swap   :     18915 MB

    Max Processes  :        23
    Max Threads    :       209

The output (if any) is above this job summary.



PS:

Read file <./err/mb.32.662781.err> for stderr output of this job.

