Execute poe command line: poe  ./main_ball 4 0 3 none
Caught DGFException on creation of SGrid, trying default DGF method!

Created parallel ALUGrid<3,3,cube,nonconforming> from macro grid file ''. 

globalRefine: 0
elements = 7331402 (1361,2504,1.83982)   maxLevel = 3   step = 12   time = 0.108   dt = 0.009
elements = 7218198 (1334,2386,1.78861)   maxLevel = 3   step = 23   time = 0.207   dt = 0.009
elements = 7179194 (1340,2200,1.64179)   maxLevel = 3   step = 34   time = 0.306   dt = 0.009
elements = 7342147 (1312,2197,1.67454)   maxLevel = 3   step = 45   time = 0.405   dt = 0.009
elements = 7073851 (1350,2236,1.6563)   maxLevel = 3   step = 56   time = 0.504   dt = 0.009
elements = 7331374 (1292,2304,1.78328)   maxLevel = 3   step = 67   time = 0.603   dt = 0.009
elements = 7225030 (1332,2443,1.83408)   maxLevel = 3   step = 78   time = 0.702   dt = 0.009
elements = 7139616 (1306,2399,1.83691)   maxLevel = 3   step = 89   time = 0.801   dt = 0.009
elements = 7327601 (1422,2279,1.60267)   maxLevel = 3   step = 100   time = 0.9   dt = 0.009
elements = 7059382 (1354,2293,1.6935)   maxLevel = 3   step = 112   time = 1.008   dt = 0.009
U2 max: 24.22  min: 15.87
U3 max: 0.03  min: 0
U4 max: 1.88  min: 0.86
U5 max: 0.17  min: 0
U6 max: 14.53  min: 8.52
U7 max: 0.01  min: 0
U8 max: 26.13  min: 17.72
Program finished: CPU time = 37.3473 sec.

------------------------------------------------------------
Sender: LSF System <lsfadmin@ys0227-ib>
Subject: Job 926067: <mb.4096> in cluster <yellowstone> Done

Job <mb.4096> was submitted from host <yslogin3-ib> by user <robertk> in cluster <yellowstone>.
Job was executed on host(s) <16*ys0227-ib>, in queue <small>, as user <robertk> in cluster <yellowstone>.
                            <16*ys0228-ib>
                            <16*ys0237-ib>
                            <16*ys0262-ib>
                            <16*ys0268-ib>
                            <16*ys0270-ib>
                            <16*ys0271-ib>
                            <16*ys0309-ib>
                            <16*ys0438-ib>
                            <16*ys0441-ib>
                            <16*ys0472-ib>
                            <16*ys0501-ib>
                            <16*ys0555-ib>
                            <16*ys0556-ib>
                            <16*ys0562-ib>
                            <16*ys0563-ib>
                            <16*ys0564-ib>
                            <16*ys0565-ib>
                            <16*ys0566-ib>
                            <16*ys0567-ib>
                            <16*ys0568-ib>
                            <16*ys0569-ib>
                            <16*ys0570-ib>
                            <16*ys0571-ib>
                            <16*ys0572-ib>
                            <16*ys0603-ib>
                            <16*ys0604-ib>
                            <16*ys0605-ib>
                            <16*ys0606-ib>
                            <16*ys0612-ib>
                            <16*ys0613-ib>
                            <16*ys0614-ib>
                            <16*ys0615-ib>
                            <16*ys0616-ib>
                            <16*ys0617-ib>
                            <16*ys0621-ib>
                            <16*ys0622-ib>
                            <16*ys0623-ib>
                            <16*ys0632-ib>
                            <16*ys0634-ib>
                            <16*ys0635-ib>
                            <16*ys0636-ib>
                            <16*ys0639-ib>
                            <16*ys0640-ib>
                            <16*ys0642-ib>
                            <16*ys0644-ib>
                            <16*ys0645-ib>
                            <16*ys0646-ib>
                            <16*ys0647-ib>
                            <16*ys0648-ib>
                            <16*ys0651-ib>
                            <16*ys0652-ib>
                            <16*ys0653-ib>
                            <16*ys0657-ib>
                            <16*ys0658-ib>
                            <16*ys0659-ib>
                            <16*ys0660-ib>
                            <16*ys0670-ib>
                            <16*ys0704-ib>
                            <16*ys0711-ib>
                            <16*ys0713-ib>
                            <16*ys0723-ib>
                            <16*ys0724-ib>
                            <16*ys0808-ib>
                            <16*ys0809-ib>
                            <16*ys0810-ib>
                            <16*ys0811-ib>
                            <16*ys0812-ib>
                            <16*ys0813-ib>
                            <16*ys0814-ib>
                            <16*ys0815-ib>
                            <16*ys0816-ib>
                            <16*ys0817-ib>
                            <16*ys0818-ib>
                            <16*ys0819-ib>
                            <16*ys0820-ib>
                            <16*ys0821-ib>
                            <16*ys0822-ib>
                            <16*ys0823-ib>
                            <16*ys0824-ib>
                            <16*ys0825-ib>
                            <16*ys0826-ib>
                            <16*ys0827-ib>
                            <16*ys0834-ib>
                            <16*ys0837-ib>
                            <16*ys0838-ib>
                            <16*ys0839-ib>
                            <16*ys0844-ib>
                            <16*ys0845-ib>
                            <16*ys0846-ib>
                            <16*ys0847-ib>
                            <16*ys0848-ib>
                            <16*ys0849-ib>
                            <16*ys0850-ib>
                            <16*ys0851-ib>
                            <16*ys0852-ib>
                            <16*ys0853-ib>
                            <16*ys0854-ib>
                            <16*ys0855-ib>
                            <16*ys0857-ib>
                            <16*ys0858-ib>
                            <16*ys0859-ib>
                            <16*ys0860-ib>
                            <16*ys0861-ib>
                            <16*ys0862-ib>
                            <16*ys0863-ib>
                            <16*ys0864-ib>
                            <16*ys0865-ib>
                            <16*ys0866-ib>
                            <16*ys0867-ib>
                            <16*ys0871-ib>
                            <16*ys0903-ib>
                            <16*ys0919-ib>
                            <16*ys0920-ib>
                            <16*ys0921-ib>
                            <16*ys0922-ib>
                            <16*ys0923-ib>
                            <16*ys0924-ib>
                            <16*ys0925-ib>
                            <16*ys0931-ib>
                            <16*ys0932-ib>
                            <16*ys0935-ib>
                            <16*ys0937-ib>
                            <16*ys0938-ib>
                            <16*ys0939-ib>
                            <16*ys0940-ib>
                            <16*ys0942-ib>
                            <16*ys0943-ib>
                            <16*ys0944-ib>
                            <16*ys0945-ib>
                            <16*ys0946-ib>
                            <16*ys0947-ib>
                            <16*ys0948-ib>
                            <16*ys0949-ib>
                            <16*ys0950-ib>
                            <16*ys0951-ib>
                            <16*ys1462-ib>
                            <16*ys1463-ib>
                            <16*ys1464-ib>
                            <16*ys1509-ib>
                            <16*ys1521-ib>
                            <16*ys1522-ib>
                            <16*ys1569-ib>
                            <16*ys1570-ib>
                            <16*ys1571-ib>
                            <16*ys1705-ib>
                            <16*ys1706-ib>
                            <16*ys1707-ib>
                            <16*ys1711-ib>
                            <16*ys1712-ib>
                            <16*ys1713-ib>
                            <16*ys1714-ib>
                            <16*ys1715-ib>
                            <16*ys1716-ib>
                            <16*ys1717-ib>
                            <16*ys1718-ib>
                            <16*ys1719-ib>
                            <16*ys1721-ib>
                            <16*ys1722-ib>
                            <16*ys1727-ib>
                            <16*ys1734-ib>
                            <16*ys1736-ib>
                            <16*ys1737-ib>
                            <16*ys1738-ib>
                            <16*ys1739-ib>
                            <16*ys1740-ib>
                            <16*ys1741-ib>
                            <16*ys1742-ib>
                            <16*ys1743-ib>
                            <16*ys1744-ib>
                            <16*ys1745-ib>
                            <16*ys1746-ib>
                            <16*ys1747-ib>
                            <16*ys1748-ib>
                            <16*ys1749-ib>
                            <16*ys1750-ib>
                            <16*ys1751-ib>
                            <16*ys1752-ib>
                            <16*ys1753-ib>
                            <16*ys1754-ib>
                            <16*ys1755-ib>
                            <16*ys1756-ib>
                            <16*ys1757-ib>
                            <16*ys1758-ib>
                            <16*ys1759-ib>
                            <16*ys1760-ib>
                            <16*ys1761-ib>
                            <16*ys1762-ib>
                            <16*ys1763-ib>
                            <16*ys1764-ib>
                            <16*ys1765-ib>
                            <16*ys1766-ib>
                            <16*ys1767-ib>
                            <16*ys1768-ib>
                            <16*ys1769-ib>
                            <16*ys1770-ib>
                            <16*ys1771-ib>
                            <16*ys1772-ib>
                            <16*ys1801-ib>
                            <16*ys1802-ib>
                            <16*ys1803-ib>
                            <16*ys1804-ib>
                            <16*ys1805-ib>
                            <16*ys1806-ib>
                            <16*ys1807-ib>
                            <16*ys1808-ib>
                            <16*ys1809-ib>
                            <16*ys1810-ib>
                            <16*ys1811-ib>
                            <16*ys1812-ib>
                            <16*ys1813-ib>
                            <16*ys1814-ib>
                            <16*ys1815-ib>
                            <16*ys1816-ib>
                            <16*ys1817-ib>
                            <16*ys1818-ib>
                            <16*ys1819-ib>
                            <16*ys1820-ib>
                            <16*ys1821-ib>
                            <16*ys1822-ib>
                            <16*ys1823-ib>
                            <16*ys1824-ib>
                            <16*ys1825-ib>
                            <16*ys1826-ib>
                            <16*ys1827-ib>
                            <16*ys1828-ib>
                            <16*ys1829-ib>
                            <16*ys1839-ib>
                            <16*ys1840-ib>
                            <16*ys1841-ib>
                            <16*ys1842-ib>
                            <16*ys1843-ib>
                            <16*ys1844-ib>
                            <16*ys1845-ib>
                            <16*ys1846-ib>
                            <16*ys1847-ib>
                            <16*ys1848-ib>
                            <16*ys1849-ib>
                            <16*ys1850-ib>
                            <16*ys1857-ib>
                            <16*ys1858-ib>
                            <16*ys1859-ib>
                            <16*ys1860-ib>
                            <16*ys1902-ib>
                            <16*ys1903-ib>
                            <16*ys1904-ib>
                            <16*ys1905-ib>
                            <16*ys1906-ib>
                            <16*ys1907-ib>
                            <16*ys1908-ib>
                            <16*ys1909-ib>
                            <16*ys1910-ib>
                            <16*ys1911-ib>
                            <16*ys1912-ib>
                            <16*ys1913-ib>
                            <16*ys1914-ib>
</glade/u/home/robertk> was used as the home directory.
</glade/u/home/robertk/work/Dune/trunk/alugrid/examples/run/mb_hsfc_403> was used as the working directory.
Started at Thu Feb 20 15:21:25 2014
Results reported at Thu Feb 20 15:22:30 2014

Your job looked like:

------------------------------------------------------------
# LSBATCH: User input
#!/bin/bash
# LSF batch script to run an MPI application
#
#BSUB -P P86850055           # project code
#BSUB -W 00:30               # wall-clock time (hrs:mins)
#BSUB -n 4096              # number of tasks in job
#BSUB -R span[ptile=16]    # run 16 MPI tasks per node
#BSUB -J mb.4096            # job name
#BSUB -o ./mb.4096.out  # output file name 
#BSUB -e ./mb.4096.err  # error file name
#BSUB -q small             # queue
#run the executable
export MP_CSS_INTERRUPT=yes
export MP_EAGER_LIMIT=4194305
export MP_EAGER_LIMIT_LOCAL=4194305
mpirun.lsf ./main_ball 4 0 3 none

------------------------------------------------------------

Successfully completed.

Resource usage summary:

    CPU time :               216186.00 sec.
    Max Memory :             3467 MB
    Average Memory :         1749.00 MB
    Total Requested Memory : -
    Delta Memory :           -
    (Delta: the difference between total requested memory and actual max usage.)
    Max Processes :          35
    Max Threads :            521

The output (if any) is above this job summary.



PS:

Read file <./mb.4096.err> for stderr output of this job.

