Caught DGFException on creation of SGrid, trying default DGF method!

Created parallel ALUGrid<3,3,cube,nonconforming> from macro grid file ''. 

globalRefine: 0
elements = 7324479 (13824,14784,1.06944)   maxLevel = 3   step = 12   time = 0.108   dt = 0.009
elements = 7211205 (13521,14501,1.07248)   maxLevel = 3   step = 23   time = 0.207   dt = 0.009
elements = 7167840 (13629,14470,1.06171)   maxLevel = 3   step = 34   time = 0.306   dt = 0.009
elements = 7325991 (13824,14646,1.05946)   maxLevel = 3   step = 45   time = 0.405   dt = 0.009
elements = 7066872 (13111,14233,1.08558)   maxLevel = 3   step = 56   time = 0.504   dt = 0.009
elements = 7319516 (13824,14718,1.06467)   maxLevel = 3   step = 67   time = 0.603   dt = 0.009
elements = 7208524 (13591,14582,1.07292)   maxLevel = 3   step = 78   time = 0.702   dt = 0.009
elements = 7128080 (13539,14392,1.063)   maxLevel = 3   step = 89   time = 0.801   dt = 0.009
elements = 7313664 (13804,14681,1.06353)   maxLevel = 3   step = 100   time = 0.9   dt = 0.009
elements = 7052389 (13320,14142,1.06171)   maxLevel = 3   step = 112   time = 1.008   dt = 0.009
U2 max: 34.9  min: 23.07
U3 max: 0.03  min: 0
U4 max: 3.83  min: 2.33
U5 max: 3.98  min: 2.41
U6 max: 0.01  min: 0
U7 max: 20.9  min: 9.01
U8 max: 39.6  min: 27.68
Program finished: CPU time = 85.474 sec.
Job  /ncar/opt/lsf/8.3/linux2.6-glibc2.3-x86_64/bin/poejob ./main_ball 4 0 3 none

TID   HOST_NAME   COMMAND_LINE            STATUS            TERMINATION_TIME
===== ========== ================  =======================  ===================
00496 ys3749-ib  ./main_ball 4 0   Done                     05/15/2013 17:17:51
00504 ys3749-ib   ./main_ball 4 0  Done                     05/15/2013 17:17:51
00505 ys3749-ib   ./main_ball 4 0  Done                     05/15/2013 17:17:51
00506 ys3749-ib   ./main_ball 4 0  Done                     05/15/2013 17:17:51
00507 ys3749-ib   ./main_ball 4 0  Done                     05/15/2013 17:17:51
00497 ys3749-ib   ./main_ball 4 0  Done                     05/15/2013 17:17:51
00508 ys3749-ib   ./main_ball 4 0  Done                     05/15/2013 17:17:51
00498 ys3749-ib   ./main_ball 4 0  Done                     05/15/2013 17:17:51
00510 ys3749-ib   ./main_ball 4 0  Done                     05/15/2013 17:17:51
00509 ys3749-ib   ./main_ball 4 0  Done                     05/15/2013 17:17:51
00499 ys3749-ib   ./main_ball 4 0  Done                     05/15/2013 17:17:51
00511 ys3749-ib   ./main_ball 4 0  Done                     05/15/2013 17:17:51
00500 ys3749-ib   ./main_ball 4 0  Done                     05/15/2013 17:17:51
00501 ys3749-ib   ./main_ball 4 0  Done                     05/15/2013 17:17:51
00502 ys3749-ib   ./main_ball 4 0  Done                     05/15/2013 17:17:51
00503 ys3749-ib   ./main_ball 4 0  Done                     05/15/2013 17:17:51
00480 ys3748-ib  ./main_ball 4 0   Done                     05/15/2013 17:17:51
00494 ys3748-ib   ./main_ball 4 0  Done                     05/15/2013 17:17:51
00495 ys3748-ib   ./main_ball 4 0  Done                     05/15/2013 17:17:51
00481 ys3748-ib   ./main_ball 4 0  Done                     05/15/2013 17:17:51
00482 ys3748-ib   ./main_ball 4 0  Done                     05/15/2013 17:17:51
00483 ys3748-ib   ./main_ball 4 0  Done                     05/15/2013 17:17:51
00484 ys3748-ib   ./main_ball 4 0  Done                     05/15/2013 17:17:51
00485 ys3748-ib   ./main_ball 4 0  Done                     05/15/2013 17:17:51
00486 ys3748-ib   ./main_ball 4 0  Done                     05/15/2013 17:17:51
00487 ys3748-ib   ./main_ball 4 0  Done                     05/15/2013 17:17:51
00488 ys3748-ib   ./main_ball 4 0  Done                     05/15/2013 17:17:51
00490 ys3748-ib   ./main_ball 4 0  Done                     05/15/2013 17:17:51
00489 ys3748-ib   ./main_ball 4 0  Done                     05/15/2013 17:17:51
00491 ys3748-ib   ./main_ball 4 0  Done                     05/15/2013 17:17:51
00492 ys3748-ib   ./main_ball 4 0  Done                     05/15/2013 17:17:51
00493 ys3748-ib   ./main_ball 4 0  Done                     05/15/2013 17:17:51
00464 ys3747-ib  ./main_ball 4 0   Done                     05/15/2013 17:17:51
00466 ys3747-ib   ./main_ball 4 0  Done                     05/15/2013 17:17:51
00475 ys3747-ib   ./main_ball 4 0  Done                     05/15/2013 17:17:51
00476 ys3747-ib   ./main_ball 4 0  Done                     05/15/2013 17:17:51
00477 ys3747-ib   ./main_ball 4 0  Done                     05/15/2013 17:17:51
00478 ys3747-ib   ./main_ball 4 0  Done                     05/15/2013 17:17:51
00479 ys3747-ib   ./main_ball 4 0  Done                     05/15/2013 17:17:51
00465 ys3747-ib   ./main_ball 4 0  Done                     05/15/2013 17:17:51
00467 ys3747-ib   ./main_ball 4 0  Done                     05/15/2013 17:17:51
00468 ys3747-ib   ./main_ball 4 0  Done                     05/15/2013 17:17:51
00470 ys3747-ib   ./main_ball 4 0  Done                     05/15/2013 17:17:51
00469 ys3747-ib   ./main_ball 4 0  Done                     05/15/2013 17:17:51
00471 ys3747-ib   ./main_ball 4 0  Done                     05/15/2013 17:17:51
00472 ys3747-ib   ./main_ball 4 0  Done                     05/15/2013 17:17:51
00473 ys3747-ib   ./main_ball 4 0  Done                     05/15/2013 17:17:51
00474 ys3747-ib   ./main_ball 4 0  Done                     05/15/2013 17:17:51
00448 ys3746-ib  ./main_ball 4 0   Done                     05/15/2013 17:17:51
00450 ys3746-ib   ./main_ball 4 0  Done                     05/15/2013 17:17:51
00456 ys3746-ib   ./main_ball 4 0  Done                     05/15/2013 17:17:51
00457 ys3746-ib   ./main_ball 4 0  Done                     05/15/2013 17:17:51
00458 ys3746-ib   ./main_ball 4 0  Done                     05/15/2013 17:17:51
00460 ys3746-ib   ./main_ball 4 0  Done                     05/15/2013 17:17:51
00459 ys3746-ib   ./main_ball 4 0  Done                     05/15/2013 17:17:51
00461 ys3746-ib   ./main_ball 4 0  Done                     05/15/2013 17:17:51
00462 ys3746-ib   ./main_ball 4 0  Done                     05/15/2013 17:17:51
00463 ys3746-ib   ./main_ball 4 0  Done                     05/15/2013 17:17:51
00449 ys3746-ib   ./main_ball 4 0  Done                     05/15/2013 17:17:51
00451 ys3746-ib   ./main_ball 4 0  Done                     05/15/2013 17:17:51
00452 ys3746-ib   ./main_ball 4 0  Done                     05/15/2013 17:17:51
00453 ys3746-ib   ./main_ball 4 0  Done                     05/15/2013 17:17:51
00454 ys3746-ib   ./main_ball 4 0  Done                     05/15/2013 17:17:51
00455 ys3746-ib   ./main_ball 4 0  Done                     05/15/2013 17:17:51
00432 ys3745-ib  ./main_ball 4 0   Done                     05/15/2013 17:17:51
00437 ys3745-ib   ./main_ball 4 0  Done                     05/15/2013 17:17:51
00438 ys3745-ib   ./main_ball 4 0  Done                     05/15/2013 17:17:51
00440 ys3745-ib   ./main_ball 4 0  Done                     05/15/2013 17:17:51
00439 ys3745-ib   ./main_ball 4 0  Done                     05/15/2013 17:17:51
00441 ys3745-ib   ./main_ball 4 0  Done                     05/15/2013 17:17:51
00442 ys3745-ib   ./main_ball 4 0  Done                     05/15/2013 17:17:51
00443 ys3745-ib   ./main_ball 4 0  Done                     05/15/2013 17:17:51
00444 ys3745-ib   ./main_ball 4 0  Done                     05/15/2013 17:17:51
00445 ys3745-ib   ./main_ball 4 0  Done                     05/15/2013 17:17:51
00446 ys3745-ib   ./main_ball 4 0  Done                     05/15/2013 17:17:51
00447 ys3745-ib   ./main_ball 4 0  Done                     05/15/2013 17:17:51
00433 ys3745-ib   ./main_ball 4 0  Done                     05/15/2013 17:17:51
00434 ys3745-ib   ./main_ball 4 0  Done                     05/15/2013 17:17:51
00435 ys3745-ib   ./main_ball 4 0  Done                     05/15/2013 17:17:51
00436 ys3745-ib   ./main_ball 4 0  Done                     05/15/2013 17:17:51
00416 ys3744-ib  ./main_ball 4 0   Done                     05/15/2013 17:17:51
00418 ys3744-ib   ./main_ball 4 0  Done                     05/15/2013 17:17:51
00420 ys3744-ib   ./main_ball 4 0  Done                     05/15/2013 17:17:51
00419 ys3744-ib   ./main_ball 4 0  Done                     05/15/2013 17:17:51
00421 ys3744-ib   ./main_ball 4 0  Done                     05/15/2013 17:17:51
00422 ys3744-ib   ./main_ball 4 0  Done                     05/15/2013 17:17:51
00423 ys3744-ib   ./main_ball 4 0  Done                     05/15/2013 17:17:51
00424 ys3744-ib   ./main_ball 4 0  Done                     05/15/2013 17:17:51
00425 ys3744-ib   ./main_ball 4 0  Done                     05/15/2013 17:17:51
00426 ys3744-ib   ./main_ball 4 0  Done                     05/15/2013 17:17:51
00427 ys3744-ib   ./main_ball 4 0  Done                     05/15/2013 17:17:51
00428 ys3744-ib   ./main_ball 4 0  Done                     05/15/2013 17:17:51
00430 ys3744-ib   ./main_ball 4 0  Done                     05/15/2013 17:17:51
00429 ys3744-ib   ./main_ball 4 0  Done                     05/15/2013 17:17:51
00431 ys3744-ib   ./main_ball 4 0  Done                     05/15/2013 17:17:51
00417 ys3744-ib   ./main_ball 4 0  Done                     05/15/2013 17:17:51
00400 ys3743-ib  ./main_ball 4 0   Done                     05/15/2013 17:17:51
00402 ys3743-ib   ./main_ball 4 0  Done                     05/15/2013 17:17:51
00403 ys3743-ib   ./main_ball 4 0  Done                     05/15/2013 17:17:51
00412 ys3743-ib   ./main_ball 4 0  Done                     05/15/2013 17:17:51
00413 ys3743-ib   ./main_ball 4 0  Done                     05/15/2013 17:17:51
00401 ys3743-ib   ./main_ball 4 0  Done                     05/15/2013 17:17:51
00404 ys3743-ib   ./main_ball 4 0  Done                     05/15/2013 17:17:51
00405 ys3743-ib   ./main_ball 4 0  Done                     05/15/2013 17:17:51
00406 ys3743-ib   ./main_ball 4 0  Done                     05/15/2013 17:17:51
00407 ys3743-ib   ./main_ball 4 0  Done                     05/15/2013 17:17:51
00408 ys3743-ib   ./main_ball 4 0  Done                     05/15/2013 17:17:51
00410 ys3743-ib   ./main_ball 4 0  Done                     05/15/2013 17:17:51
00409 ys3743-ib   ./main_ball 4 0  Done                     05/15/2013 17:17:51
00411 ys3743-ib   ./main_ball 4 0  Done                     05/15/2013 17:17:51
00414 ys3743-ib   ./main_ball 4 0  Done                     05/15/2013 17:17:51
00415 ys3743-ib   ./main_ball 4 0  Done                     05/15/2013 17:17:51
00384 ys3742-ib  ./main_ball 4 0   Done                     05/15/2013 17:17:51
00390 ys3742-ib   ./main_ball 4 0  Done                     05/15/2013 17:17:51
00389 ys3742-ib   ./main_ball 4 0  Done                     05/15/2013 17:17:51
00391 ys3742-ib   ./main_ball 4 0  Done                     05/15/2013 17:17:51
00392 ys3742-ib   ./main_ball 4 0  Done                     05/15/2013 17:17:51
00393 ys3742-ib   ./main_ball 4 0  Done                     05/15/2013 17:17:51
00394 ys3742-ib   ./main_ball 4 0  Done                     05/15/2013 17:17:51
00395 ys3742-ib   ./main_ball 4 0  Done                     05/15/2013 17:17:51
00396 ys3742-ib   ./main_ball 4 0  Done                     05/15/2013 17:17:51
00397 ys3742-ib   ./main_ball 4 0  Done                     05/15/2013 17:17:51
00398 ys3742-ib   ./main_ball 4 0  Done                     05/15/2013 17:17:51
00399 ys3742-ib   ./main_ball 4 0  Done                     05/15/2013 17:17:51
00385 ys3742-ib   ./main_ball 4 0  Done                     05/15/2013 17:17:51
00386 ys3742-ib   ./main_ball 4 0  Done                     05/15/2013 17:17:51
00387 ys3742-ib   ./main_ball 4 0  Done                     05/15/2013 17:17:51
00388 ys3742-ib   ./main_ball 4 0  Done                     05/15/2013 17:17:51
00368 ys3736-ib  ./main_ball 4 0   Done                     05/15/2013 17:17:51
00371 ys3736-ib   ./main_ball 4 0  Done                     05/15/2013 17:17:51
00372 ys3736-ib   ./main_ball 4 0  Done                     05/15/2013 17:17:51
00373 ys3736-ib   ./main_ball 4 0  Done                     05/15/2013 17:17:51
00374 ys3736-ib   ./main_ball 4 0  Done                     05/15/2013 17:17:51
00375 ys3736-ib   ./main_ball 4 0  Done                     05/15/2013 17:17:51
00376 ys3736-ib   ./main_ball 4 0  Done                     05/15/2013 17:17:51
00377 ys3736-ib   ./main_ball 4 0  Done                     05/15/2013 17:17:51
00378 ys3736-ib   ./main_ball 4 0  Done                     05/15/2013 17:17:51
00380 ys3736-ib   ./main_ball 4 0  Done                     05/15/2013 17:17:51
00379 ys3736-ib   ./main_ball 4 0  Done                     05/15/2013 17:17:51
00381 ys3736-ib   ./main_ball 4 0  Done                     05/15/2013 17:17:51
00382 ys3736-ib   ./main_ball 4 0  Done                     05/15/2013 17:17:51
00383 ys3736-ib   ./main_ball 4 0  Done                     05/15/2013 17:17:51
00370 ys3736-ib   ./main_ball 4 0  Done                     05/15/2013 17:17:51
00369 ys3736-ib   ./main_ball 4 0  Done                     05/15/2013 17:17:51
00352 ys3729-ib  ./main_ball 4 0   Done                     05/15/2013 17:17:51
00353 ys3729-ib   ./main_ball 4 0  Done                     05/15/2013 17:17:51
00354 ys3729-ib   ./main_ball 4 0  Done                     05/15/2013 17:17:51
00355 ys3729-ib   ./main_ball 4 0  Done                     05/15/2013 17:17:51
00356 ys3729-ib   ./main_ball 4 0  Done                     05/15/2013 17:17:51
00357 ys3729-ib   ./main_ball 4 0  Done                     05/15/2013 17:17:51
00358 ys3729-ib   ./main_ball 4 0  Done                     05/15/2013 17:17:51
00360 ys3729-ib   ./main_ball 4 0  Done                     05/15/2013 17:17:51
00359 ys3729-ib   ./main_ball 4 0  Done                     05/15/2013 17:17:51
00361 ys3729-ib   ./main_ball 4 0  Done                     05/15/2013 17:17:51
00362 ys3729-ib   ./main_ball 4 0  Done                     05/15/2013 17:17:51
00363 ys3729-ib   ./main_ball 4 0  Done                     05/15/2013 17:17:51
00364 ys3729-ib   ./main_ball 4 0  Done                     05/15/2013 17:17:51
00365 ys3729-ib   ./main_ball 4 0  Done                     05/15/2013 17:17:51
00366 ys3729-ib   ./main_ball 4 0  Done                     05/15/2013 17:17:51
00367 ys3729-ib   ./main_ball 4 0  Done                     05/15/2013 17:17:51
00336 ys3728-ib  ./main_ball 4 0   Done                     05/15/2013 17:17:51
00337 ys3728-ib   ./main_ball 4 0  Done                     05/15/2013 17:17:51
00338 ys3728-ib   ./main_ball 4 0  Done                     05/15/2013 17:17:51
00340 ys3728-ib   ./main_ball 4 0  Done                     05/15/2013 17:17:51
00339 ys3728-ib   ./main_ball 4 0  Done                     05/15/2013 17:17:51
00341 ys3728-ib   ./main_ball 4 0  Done                     05/15/2013 17:17:51
00342 ys3728-ib   ./main_ball 4 0  Done                     05/15/2013 17:17:51
00343 ys3728-ib   ./main_ball 4 0  Done                     05/15/2013 17:17:51
00344 ys3728-ib   ./main_ball 4 0  Done                     05/15/2013 17:17:51
00345 ys3728-ib   ./main_ball 4 0  Done                     05/15/2013 17:17:51
00346 ys3728-ib   ./main_ball 4 0  Done                     05/15/2013 17:17:51
00347 ys3728-ib   ./main_ball 4 0  Done                     05/15/2013 17:17:51
00348 ys3728-ib   ./main_ball 4 0  Done                     05/15/2013 17:17:51
00350 ys3728-ib   ./main_ball 4 0  Done                     05/15/2013 17:17:51
00349 ys3728-ib   ./main_ball 4 0  Done                     05/15/2013 17:17:51
00351 ys3728-ib   ./main_ball 4 0  Done                     05/15/2013 17:17:51
00320 ys3726-ib  ./main_ball 4 0   Done                     05/15/2013 17:17:51
00333 ys3726-ib   ./main_ball 4 0  Done                     05/15/2013 17:17:51
00334 ys3726-ib   ./main_ball 4 0  Done                     05/15/2013 17:17:51
00335 ys3726-ib   ./main_ball 4 0  Done                     05/15/2013 17:17:51
00321 ys3726-ib   ./main_ball 4 0  Done                     05/15/2013 17:17:51
00322 ys3726-ib   ./main_ball 4 0  Done                     05/15/2013 17:17:51
00323 ys3726-ib   ./main_ball 4 0  Done                     05/15/2013 17:17:51
00324 ys3726-ib   ./main_ball 4 0  Done                     05/15/2013 17:17:51
00325 ys3726-ib   ./main_ball 4 0  Done                     05/15/2013 17:17:51
00326 ys3726-ib   ./main_ball 4 0  Done                     05/15/2013 17:17:51
00327 ys3726-ib   ./main_ball 4 0  Done                     05/15/2013 17:17:51
00328 ys3726-ib   ./main_ball 4 0  Done                     05/15/2013 17:17:51
00330 ys3726-ib   ./main_ball 4 0  Done                     05/15/2013 17:17:51
00329 ys3726-ib   ./main_ball 4 0  Done                     05/15/2013 17:17:51
00331 ys3726-ib   ./main_ball 4 0  Done                     05/15/2013 17:17:51
00332 ys3726-ib   ./main_ball 4 0  Done                     05/15/2013 17:17:51
00304 ys3725-ib  ./main_ball 4 0   Done                     05/15/2013 17:17:51
00314 ys3725-ib   ./main_ball 4 0  Done                     05/15/2013 17:17:51
00315 ys3725-ib   ./main_ball 4 0  Done                     05/15/2013 17:17:51
00316 ys3725-ib   ./main_ball 4 0  Done                     05/15/2013 17:17:51
00317 ys3725-ib   ./main_ball 4 0  Done                     05/15/2013 17:17:51
00318 ys3725-ib   ./main_ball 4 0  Done                     05/15/2013 17:17:51
00319 ys3725-ib   ./main_ball 4 0  Done                     05/15/2013 17:17:51
00305 ys3725-ib   ./main_ball 4 0  Done                     05/15/2013 17:17:51
00306 ys3725-ib   ./main_ball 4 0  Done                     05/15/2013 17:17:51
00307 ys3725-ib   ./main_ball 4 0  Done                     05/15/2013 17:17:51
00308 ys3725-ib   ./main_ball 4 0  Done                     05/15/2013 17:17:51
00310 ys3725-ib   ./main_ball 4 0  Done                     05/15/2013 17:17:51
00309 ys3725-ib   ./main_ball 4 0  Done                     05/15/2013 17:17:51
00311 ys3725-ib   ./main_ball 4 0  Done                     05/15/2013 17:17:51
00312 ys3725-ib   ./main_ball 4 0  Done                     05/15/2013 17:17:51
00313 ys3725-ib   ./main_ball 4 0  Done                     05/15/2013 17:17:51
00288 ys3724-ib  ./main_ball 4 0   Done                     05/15/2013 17:17:51
00300 ys3724-ib   ./main_ball 4 0  Done                     05/15/2013 17:17:51
00290 ys3724-ib   ./main_ball 4 0  Done                     05/15/2013 17:17:51
00289 ys3724-ib   ./main_ball 4 0  Done                     05/15/2013 17:17:51
00301 ys3724-ib   ./main_ball 4 0  Done                     05/15/2013 17:17:51
00291 ys3724-ib   ./main_ball 4 0  Done                     05/15/2013 17:17:51
00302 ys3724-ib   ./main_ball 4 0  Done                     05/15/2013 17:17:51
00292 ys3724-ib   ./main_ball 4 0  Done                     05/15/2013 17:17:51
00303 ys3724-ib   ./main_ball 4 0  Done                     05/15/2013 17:17:51
00293 ys3724-ib   ./main_ball 4 0  Done                     05/15/2013 17:17:51
00294 ys3724-ib   ./main_ball 4 0  Done                     05/15/2013 17:17:51
00295 ys3724-ib   ./main_ball 4 0  Done                     05/15/2013 17:17:51
00296 ys3724-ib   ./main_ball 4 0  Done                     05/15/2013 17:17:51
00297 ys3724-ib   ./main_ball 4 0  Done                     05/15/2013 17:17:51
00298 ys3724-ib   ./main_ball 4 0  Done                     05/15/2013 17:17:51
00299 ys3724-ib   ./main_ball 4 0  Done                     05/15/2013 17:17:51
00272 ys3723-ib  ./main_ball 4 0   Done                     05/15/2013 17:17:51
00274 ys3723-ib   ./main_ball 4 0  Done                     05/15/2013 17:17:51
00285 ys3723-ib   ./main_ball 4 0  Done                     05/15/2013 17:17:51
00286 ys3723-ib   ./main_ball 4 0  Done                     05/15/2013 17:17:51
00287 ys3723-ib   ./main_ball 4 0  Done                     05/15/2013 17:17:51
00273 ys3723-ib   ./main_ball 4 0  Done                     05/15/2013 17:17:51
00275 ys3723-ib   ./main_ball 4 0  Done                     05/15/2013 17:17:51
00276 ys3723-ib   ./main_ball 4 0  Done                     05/15/2013 17:17:51
00277 ys3723-ib   ./main_ball 4 0  Done                     05/15/2013 17:17:51
00278 ys3723-ib   ./main_ball 4 0  Done                     05/15/2013 17:17:51
00280 ys3723-ib   ./main_ball 4 0  Done                     05/15/2013 17:17:51
00279 ys3723-ib   ./main_ball 4 0  Done                     05/15/2013 17:17:51
00281 ys3723-ib   ./main_ball 4 0  Done                     05/15/2013 17:17:51
00282 ys3723-ib   ./main_ball 4 0  Done                     05/15/2013 17:17:51
00283 ys3723-ib   ./main_ball 4 0  Done                     05/15/2013 17:17:51
00284 ys3723-ib   ./main_ball 4 0  Done                     05/15/2013 17:17:51
00256 ys3722-ib  ./main_ball 4 0   Done                     05/15/2013 17:17:51
00266 ys3722-ib   ./main_ball 4 0  Done                     05/15/2013 17:17:51
00267 ys3722-ib   ./main_ball 4 0  Done                     05/15/2013 17:17:51
00268 ys3722-ib   ./main_ball 4 0  Done                     05/15/2013 17:17:51
00270 ys3722-ib   ./main_ball 4 0  Done                     05/15/2013 17:17:51
00269 ys3722-ib   ./main_ball 4 0  Done                     05/15/2013 17:17:51
00271 ys3722-ib   ./main_ball 4 0  Done                     05/15/2013 17:17:51
00257 ys3722-ib   ./main_ball 4 0  Done                     05/15/2013 17:17:51
00258 ys3722-ib   ./main_ball 4 0  Done                     05/15/2013 17:17:51
00260 ys3722-ib   ./main_ball 4 0  Done                     05/15/2013 17:17:51
00259 ys3722-ib   ./main_ball 4 0  Done                     05/15/2013 17:17:51
00261 ys3722-ib   ./main_ball 4 0  Done                     05/15/2013 17:17:51
00262 ys3722-ib   ./main_ball 4 0  Done                     05/15/2013 17:17:51
00263 ys3722-ib   ./main_ball 4 0  Done                     05/15/2013 17:17:51
00264 ys3722-ib   ./main_ball 4 0  Done                     05/15/2013 17:17:51
00265 ys3722-ib   ./main_ball 4 0  Done                     05/15/2013 17:17:51
00240 ys3721-ib  ./main_ball 4 0   Done                     05/15/2013 17:17:51
00247 ys3721-ib   ./main_ball 4 0  Done                     05/15/2013 17:17:51
00248 ys3721-ib   ./main_ball 4 0  Done                     05/15/2013 17:17:51
00250 ys3721-ib   ./main_ball 4 0  Done                     05/15/2013 17:17:51
00249 ys3721-ib   ./main_ball 4 0  Done                     05/15/2013 17:17:51
00252 ys3721-ib   ./main_ball 4 0  Done                     05/15/2013 17:17:51
00253 ys3721-ib   ./main_ball 4 0  Done                     05/15/2013 17:17:51
00241 ys3721-ib   ./main_ball 4 0  Done                     05/15/2013 17:17:51
00242 ys3721-ib   ./main_ball 4 0  Done                     05/15/2013 17:17:51
00243 ys3721-ib   ./main_ball 4 0  Done                     05/15/2013 17:17:51
00244 ys3721-ib   ./main_ball 4 0  Done                     05/15/2013 17:17:51
00245 ys3721-ib   ./main_ball 4 0  Done                     05/15/2013 17:17:51
00246 ys3721-ib   ./main_ball 4 0  Done                     05/15/2013 17:17:51
00251 ys3721-ib   ./main_ball 4 0  Done                     05/15/2013 17:17:51
00254 ys3721-ib   ./main_ball 4 0  Done                     05/15/2013 17:17:51
00255 ys3721-ib   ./main_ball 4 0  Done                     05/15/2013 17:17:51
00224 ys3720-ib  ./main_ball 4 0   Done                     05/15/2013 17:17:51
00228 ys3720-ib   ./main_ball 4 0  Done                     05/15/2013 17:17:51
00230 ys3720-ib   ./main_ball 4 0  Done                     05/15/2013 17:17:51
00229 ys3720-ib   ./main_ball 4 0  Done                     05/15/2013 17:17:51
00231 ys3720-ib   ./main_ball 4 0  Done                     05/15/2013 17:17:51
00232 ys3720-ib   ./main_ball 4 0  Done                     05/15/2013 17:17:51
00233 ys3720-ib   ./main_ball 4 0  Done                     05/15/2013 17:17:51
00234 ys3720-ib   ./main_ball 4 0  Done                     05/15/2013 17:17:51
00235 ys3720-ib   ./main_ball 4 0  Done                     05/15/2013 17:17:51
00236 ys3720-ib   ./main_ball 4 0  Done                     05/15/2013 17:17:51
00237 ys3720-ib   ./main_ball 4 0  Done                     05/15/2013 17:17:51
00238 ys3720-ib   ./main_ball 4 0  Done                     05/15/2013 17:17:51
00239 ys3720-ib   ./main_ball 4 0  Done                     05/15/2013 17:17:51
00225 ys3720-ib   ./main_ball 4 0  Done                     05/15/2013 17:17:51
00226 ys3720-ib   ./main_ball 4 0  Done                     05/15/2013 17:17:51
00227 ys3720-ib   ./main_ball 4 0  Done                     05/15/2013 17:17:51
00208 ys3719-ib  ./main_ball 4 0   Done                     05/15/2013 17:17:51
00210 ys3719-ib   ./main_ball 4 0  Done                     05/15/2013 17:17:51
00209 ys3719-ib   ./main_ball 4 0  Done                     05/15/2013 17:17:51
00211 ys3719-ib   ./main_ball 4 0  Done                     05/15/2013 17:17:51
00212 ys3719-ib   ./main_ball 4 0  Done                     05/15/2013 17:17:51
00213 ys3719-ib   ./main_ball 4 0  Done                     05/15/2013 17:17:51
00214 ys3719-ib   ./main_ball 4 0  Done                     05/15/2013 17:17:51
00215 ys3719-ib   ./main_ball 4 0  Done                     05/15/2013 17:17:51
00216 ys3719-ib   ./main_ball 4 0  Done                     05/15/2013 17:17:51
00217 ys3719-ib   ./main_ball 4 0  Done                     05/15/2013 17:17:51
00218 ys3719-ib   ./main_ball 4 0  Done                     05/15/2013 17:17:51
00220 ys3719-ib   ./main_ball 4 0  Done                     05/15/2013 17:17:51
00219 ys3719-ib   ./main_ball 4 0  Done                     05/15/2013 17:17:51
00221 ys3719-ib   ./main_ball 4 0  Done                     05/15/2013 17:17:51
00222 ys3719-ib   ./main_ball 4 0  Done                     05/15/2013 17:17:51
00223 ys3719-ib   ./main_ball 4 0  Done                     05/15/2013 17:17:51
00192 ys3718-ib  ./main_ball 4 0   Done                     05/15/2013 17:17:51
00199 ys3718-ib   ./main_ball 4 0  Done                     05/15/2013 17:17:51
00200 ys3718-ib   ./main_ball 4 0  Done                     05/15/2013 17:17:51
00201 ys3718-ib   ./main_ball 4 0  Done                     05/15/2013 17:17:51
00202 ys3718-ib   ./main_ball 4 0  Done                     05/15/2013 17:17:51
00203 ys3718-ib   ./main_ball 4 0  Done                     05/15/2013 17:17:51
00193 ys3718-ib   ./main_ball 4 0  Done                     05/15/2013 17:17:51
00204 ys3718-ib   ./main_ball 4 0  Done                     05/15/2013 17:17:51
00194 ys3718-ib   ./main_ball 4 0  Done                     05/15/2013 17:17:51
00205 ys3718-ib   ./main_ball 4 0  Done                     05/15/2013 17:17:51
00195 ys3718-ib   ./main_ball 4 0  Done                     05/15/2013 17:17:51
00206 ys3718-ib   ./main_ball 4 0  Done                     05/15/2013 17:17:51
00196 ys3718-ib   ./main_ball 4 0  Done                     05/15/2013 17:17:51
00207 ys3718-ib   ./main_ball 4 0  Done                     05/15/2013 17:17:51
00197 ys3718-ib   ./main_ball 4 0  Done                     05/15/2013 17:17:51
00198 ys3718-ib   ./main_ball 4 0  Done                     05/15/2013 17:17:51
00176 ys3717-ib  ./main_ball 4 0   Done                     05/15/2013 17:17:51
00181 ys3717-ib   ./main_ball 4 0  Done                     05/15/2013 17:17:51
00182 ys3717-ib   ./main_ball 4 0  Done                     05/15/2013 17:17:51
00183 ys3717-ib   ./main_ball 4 0  Done                     05/15/2013 17:17:51
00184 ys3717-ib   ./main_ball 4 0  Done                     05/15/2013 17:17:51
00185 ys3717-ib   ./main_ball 4 0  Done                     05/15/2013 17:17:51
00186 ys3717-ib   ./main_ball 4 0  Done                     05/15/2013 17:17:51
00187 ys3717-ib   ./main_ball 4 0  Done                     05/15/2013 17:17:51
00188 ys3717-ib   ./main_ball 4 0  Done                     05/15/2013 17:17:51
00190 ys3717-ib   ./main_ball 4 0  Done                     05/15/2013 17:17:51
00189 ys3717-ib   ./main_ball 4 0  Done                     05/15/2013 17:17:51
00191 ys3717-ib   ./main_ball 4 0  Done                     05/15/2013 17:17:51
00177 ys3717-ib   ./main_ball 4 0  Done                     05/15/2013 17:17:51
00178 ys3717-ib   ./main_ball 4 0  Done                     05/15/2013 17:17:51
00180 ys3717-ib   ./main_ball 4 0  Done                     05/15/2013 17:17:51
00179 ys3717-ib   ./main_ball 4 0  Done                     05/15/2013 17:17:51
00160 ys3711-ib  ./main_ball 4 0   Done                     05/15/2013 17:17:51
00162 ys3711-ib   ./main_ball 4 0  Done                     05/15/2013 17:17:51
00163 ys3711-ib   ./main_ball 4 0  Done                     05/15/2013 17:17:51
00164 ys3711-ib   ./main_ball 4 0  Done                     05/15/2013 17:17:51
00165 ys3711-ib   ./main_ball 4 0  Done                     05/15/2013 17:17:51
00166 ys3711-ib   ./main_ball 4 0  Done                     05/15/2013 17:17:51
00167 ys3711-ib   ./main_ball 4 0  Done                     05/15/2013 17:17:51
00168 ys3711-ib   ./main_ball 4 0  Done                     05/15/2013 17:17:51
00170 ys3711-ib   ./main_ball 4 0  Done                     05/15/2013 17:17:51
00169 ys3711-ib   ./main_ball 4 0  Done                     05/15/2013 17:17:51
00171 ys3711-ib   ./main_ball 4 0  Done                     05/15/2013 17:17:51
00172 ys3711-ib   ./main_ball 4 0  Done                     05/15/2013 17:17:51
00173 ys3711-ib   ./main_ball 4 0  Done                     05/15/2013 17:17:51
00174 ys3711-ib   ./main_ball 4 0  Done                     05/15/2013 17:17:51
00175 ys3711-ib   ./main_ball 4 0  Done                     05/15/2013 17:17:51
00161 ys3711-ib   ./main_ball 4 0  Done                     05/15/2013 17:17:51
00144 ys3710-ib  ./main_ball 4 0   Done                     05/15/2013 17:17:51
00145 ys3710-ib   ./main_ball 4 0  Done                     05/15/2013 17:17:51
00146 ys3710-ib   ./main_ball 4 0  Done                     05/15/2013 17:17:51
00147 ys3710-ib   ./main_ball 4 0  Done                     05/15/2013 17:17:51
00148 ys3710-ib   ./main_ball 4 0  Done                     05/15/2013 17:17:51
00150 ys3710-ib   ./main_ball 4 0  Done                     05/15/2013 17:17:51
00149 ys3710-ib   ./main_ball 4 0  Done                     05/15/2013 17:17:51
00151 ys3710-ib   ./main_ball 4 0  Done                     05/15/2013 17:17:51
00152 ys3710-ib   ./main_ball 4 0  Done                     05/15/2013 17:17:51
00153 ys3710-ib   ./main_ball 4 0  Done                     05/15/2013 17:17:51
00154 ys3710-ib   ./main_ball 4 0  Done                     05/15/2013 17:17:51
00155 ys3710-ib   ./main_ball 4 0  Done                     05/15/2013 17:17:51
00156 ys3710-ib   ./main_ball 4 0  Done                     05/15/2013 17:17:51
00157 ys3710-ib   ./main_ball 4 0  Done                     05/15/2013 17:17:51
00158 ys3710-ib   ./main_ball 4 0  Done                     05/15/2013 17:17:51
00159 ys3710-ib   ./main_ball 4 0  Done                     05/15/2013 17:17:51
00128 ys3709-ib  ./main_ball 4 0   Done                     05/15/2013 17:17:51
00143 ys3709-ib   ./main_ball 4 0  Done                     05/15/2013 17:17:51
00130 ys3709-ib   ./main_ball 4 0  Done                     05/15/2013 17:17:51
00129 ys3709-ib   ./main_ball 4 0  Done                     05/15/2013 17:17:51
00131 ys3709-ib   ./main_ball 4 0  Done                     05/15/2013 17:17:51
00132 ys3709-ib   ./main_ball 4 0  Done                     05/15/2013 17:17:51
00133 ys3709-ib   ./main_ball 4 0  Done                     05/15/2013 17:17:51
00134 ys3709-ib   ./main_ball 4 0  Done                     05/15/2013 17:17:51
00135 ys3709-ib   ./main_ball 4 0  Done                     05/15/2013 17:17:51
00136 ys3709-ib   ./main_ball 4 0  Done                     05/15/2013 17:17:51
00137 ys3709-ib   ./main_ball 4 0  Done                     05/15/2013 17:17:51
00138 ys3709-ib   ./main_ball 4 0  Done                     05/15/2013 17:17:51
00140 ys3709-ib   ./main_ball 4 0  Done                     05/15/2013 17:17:51
00139 ys3709-ib   ./main_ball 4 0  Done                     05/15/2013 17:17:51
00141 ys3709-ib   ./main_ball 4 0  Done                     05/15/2013 17:17:51
00142 ys3709-ib   ./main_ball 4 0  Done                     05/15/2013 17:17:51
00112 ys3708-ib  ./main_ball 4 0   Done                     05/15/2013 17:17:51
00124 ys3708-ib   ./main_ball 4 0  Done                     05/15/2013 17:17:51
00125 ys3708-ib   ./main_ball 4 0  Done                     05/15/2013 17:17:51
00126 ys3708-ib   ./main_ball 4 0  Done                     05/15/2013 17:17:51
00127 ys3708-ib   ./main_ball 4 0  Done                     05/15/2013 17:17:51
00113 ys3708-ib   ./main_ball 4 0  Done                     05/15/2013 17:17:51
00114 ys3708-ib   ./main_ball 4 0  Done                     05/15/2013 17:17:51
00115 ys3708-ib   ./main_ball 4 0  Done                     05/15/2013 17:17:51
00116 ys3708-ib   ./main_ball 4 0  Done                     05/15/2013 17:17:51
00117 ys3708-ib   ./main_ball 4 0  Done                     05/15/2013 17:17:51
00118 ys3708-ib   ./main_ball 4 0  Done                     05/15/2013 17:17:51
00120 ys3708-ib   ./main_ball 4 0  Done                     05/15/2013 17:17:51
00119 ys3708-ib   ./main_ball 4 0  Done                     05/15/2013 17:17:51
00121 ys3708-ib   ./main_ball 4 0  Done                     05/15/2013 17:17:51
00122 ys3708-ib   ./main_ball 4 0  Done                     05/15/2013 17:17:51
00123 ys3708-ib   ./main_ball 4 0  Done                     05/15/2013 17:17:51
00096 ys3707-ib  ./main_ball 4 0   Done                     05/15/2013 17:17:51
00105 ys3707-ib   ./main_ball 4 0  Done                     05/15/2013 17:17:51
00106 ys3707-ib   ./main_ball 4 0  Done                     05/15/2013 17:17:51
00107 ys3707-ib   ./main_ball 4 0  Done                     05/15/2013 17:17:51
00108 ys3707-ib   ./main_ball 4 0  Done                     05/15/2013 17:17:51
00110 ys3707-ib   ./main_ball 4 0  Done                     05/15/2013 17:17:51
00109 ys3707-ib   ./main_ball 4 0  Done                     05/15/2013 17:17:51
00111 ys3707-ib   ./main_ball 4 0  Done                     05/15/2013 17:17:51
00097 ys3707-ib   ./main_ball 4 0  Done                     05/15/2013 17:17:51
00098 ys3707-ib   ./main_ball 4 0  Done                     05/15/2013 17:17:51
00099 ys3707-ib   ./main_ball 4 0  Done                     05/15/2013 17:17:51
00100 ys3707-ib   ./main_ball 4 0  Done                     05/15/2013 17:17:51
00101 ys3707-ib   ./main_ball 4 0  Done                     05/15/2013 17:17:51
00102 ys3707-ib   ./main_ball 4 0  Done                     05/15/2013 17:17:51
00103 ys3707-ib   ./main_ball 4 0  Done                     05/15/2013 17:17:51
00104 ys3707-ib   ./main_ball 4 0  Done                     05/15/2013 17:17:51
00080 ys3706-ib  ./main_ball 4 0   Done                     05/15/2013 17:17:51
00090 ys3706-ib   ./main_ball 4 0  Done                     05/15/2013 17:17:51
00089 ys3706-ib   ./main_ball 4 0  Done                     05/15/2013 17:17:51
00091 ys3706-ib   ./main_ball 4 0  Done                     05/15/2013 17:17:51
00092 ys3706-ib   ./main_ball 4 0  Done                     05/15/2013 17:17:51
00093 ys3706-ib   ./main_ball 4 0  Done                     05/15/2013 17:17:51
00094 ys3706-ib   ./main_ball 4 0  Done                     05/15/2013 17:17:51
00095 ys3706-ib   ./main_ball 4 0  Done                     05/15/2013 17:17:51
00081 ys3706-ib   ./main_ball 4 0  Done                     05/15/2013 17:17:51
00082 ys3706-ib   ./main_ball 4 0  Done                     05/15/2013 17:17:51
00083 ys3706-ib   ./main_ball 4 0  Done                     05/15/2013 17:17:51
00084 ys3706-ib   ./main_ball 4 0  Done                     05/15/2013 17:17:51
00085 ys3706-ib   ./main_ball 4 0  Done                     05/15/2013 17:17:51
00086 ys3706-ib   ./main_ball 4 0  Done                     05/15/2013 17:17:51
00087 ys3706-ib   ./main_ball 4 0  Done                     05/15/2013 17:17:51
00088 ys3706-ib   ./main_ball 4 0  Done                     05/15/2013 17:17:51
00064 ys3705-ib  ./main_ball 4 0   Done                     05/15/2013 17:17:51
00066 ys3705-ib   ./main_ball 4 0  Done                     05/15/2013 17:17:51
00071 ys3705-ib   ./main_ball 4 0  Done                     05/15/2013 17:17:51
00072 ys3705-ib   ./main_ball 4 0  Done                     05/15/2013 17:17:51
00073 ys3705-ib   ./main_ball 4 0  Done                     05/15/2013 17:17:51
00074 ys3705-ib   ./main_ball 4 0  Done                     05/15/2013 17:17:51
00075 ys3705-ib   ./main_ball 4 0  Done                     05/15/2013 17:17:51
00076 ys3705-ib   ./main_ball 4 0  Done                     05/15/2013 17:17:51
00077 ys3705-ib   ./main_ball 4 0  Done                     05/15/2013 17:17:51
00078 ys3705-ib   ./main_ball 4 0  Done                     05/15/2013 17:17:51
00079 ys3705-ib   ./main_ball 4 0  Done                     05/15/2013 17:17:51
00065 ys3705-ib   ./main_ball 4 0  Done                     05/15/2013 17:17:51
00067 ys3705-ib   ./main_ball 4 0  Done                     05/15/2013 17:17:51
00068 ys3705-ib   ./main_ball 4 0  Done                     05/15/2013 17:17:51
00070 ys3705-ib   ./main_ball 4 0  Done                     05/15/2013 17:17:51
00069 ys3705-ib   ./main_ball 4 0  Done                     05/15/2013 17:17:51
00048 ys3704-ib  ./main_ball 4 0   Done                     05/15/2013 17:17:51
00052 ys3704-ib   ./main_ball 4 0  Done                     05/15/2013 17:17:51
00053 ys3704-ib   ./main_ball 4 0  Done                     05/15/2013 17:17:51
00054 ys3704-ib   ./main_ball 4 0  Done                     05/15/2013 17:17:51
00055 ys3704-ib   ./main_ball 4 0  Done                     05/15/2013 17:17:51
00056 ys3704-ib   ./main_ball 4 0  Done                     05/15/2013 17:17:51
00057 ys3704-ib   ./main_ball 4 0  Done                     05/15/2013 17:17:51
00058 ys3704-ib   ./main_ball 4 0  Done                     05/15/2013 17:17:51
00060 ys3704-ib   ./main_ball 4 0  Done                     05/15/2013 17:17:51
00059 ys3704-ib   ./main_ball 4 0  Done                     05/15/2013 17:17:51
00061 ys3704-ib   ./main_ball 4 0  Done                     05/15/2013 17:17:51
00062 ys3704-ib   ./main_ball 4 0  Done                     05/15/2013 17:17:51
00063 ys3704-ib   ./main_ball 4 0  Done                     05/15/2013 17:17:51
00050 ys3704-ib   ./main_ball 4 0  Done                     05/15/2013 17:17:51
00049 ys3704-ib   ./main_ball 4 0  Done                     05/15/2013 17:17:51
00051 ys3704-ib   ./main_ball 4 0  Done                     05/15/2013 17:17:51
00032 ys3703-ib  ./main_ball 4 0   Done                     05/15/2013 17:17:51
00033 ys3703-ib   ./main_ball 4 0  Done                     05/15/2013 17:17:51
00034 ys3703-ib   ./main_ball 4 0  Done                     05/15/2013 17:17:51
00035 ys3703-ib   ./main_ball 4 0  Done                     05/15/2013 17:17:51
00036 ys3703-ib   ./main_ball 4 0  Done                     05/15/2013 17:17:51
00037 ys3703-ib   ./main_ball 4 0  Done                     05/15/2013 17:17:51
00038 ys3703-ib   ./main_ball 4 0  Done                     05/15/2013 17:17:51
00040 ys3703-ib   ./main_ball 4 0  Done                     05/15/2013 17:17:51
00039 ys3703-ib   ./main_ball 4 0  Done                     05/15/2013 17:17:51
00041 ys3703-ib   ./main_ball 4 0  Done                     05/15/2013 17:17:51
00042 ys3703-ib   ./main_ball 4 0  Done                     05/15/2013 17:17:51
00043 ys3703-ib   ./main_ball 4 0  Done                     05/15/2013 17:17:51
00044 ys3703-ib   ./main_ball 4 0  Done                     05/15/2013 17:17:51
00045 ys3703-ib   ./main_ball 4 0  Done                     05/15/2013 17:17:51
00046 ys3703-ib   ./main_ball 4 0  Done                     05/15/2013 17:17:51
00047 ys3703-ib   ./main_ball 4 0  Done                     05/15/2013 17:17:51
00016 ys3702-ib  ./main_ball 4 0   Done                     05/15/2013 17:17:51
00017 ys3702-ib   ./main_ball 4 0  Done                     05/15/2013 17:17:51
00018 ys3702-ib   ./main_ball 4 0  Done                     05/15/2013 17:17:51
00020 ys3702-ib   ./main_ball 4 0  Done                     05/15/2013 17:17:51
00019 ys3702-ib   ./main_ball 4 0  Done                     05/15/2013 17:17:51
00021 ys3702-ib   ./main_ball 4 0  Done                     05/15/2013 17:17:51
00022 ys3702-ib   ./main_ball 4 0  Done                     05/15/2013 17:17:51
00023 ys3702-ib   ./main_ball 4 0  Done                     05/15/2013 17:17:51
00024 ys3702-ib   ./main_ball 4 0  Done                     05/15/2013 17:17:51
00025 ys3702-ib   ./main_ball 4 0  Done                     05/15/2013 17:17:51
00026 ys3702-ib   ./main_ball 4 0  Done                     05/15/2013 17:17:51
00027 ys3702-ib   ./main_ball 4 0  Done                     05/15/2013 17:17:51
00028 ys3702-ib   ./main_ball 4 0  Done                     05/15/2013 17:17:51
00030 ys3702-ib   ./main_ball 4 0  Done                     05/15/2013 17:17:51
00029 ys3702-ib   ./main_ball 4 0  Done                     05/15/2013 17:17:51
00031 ys3702-ib   ./main_ball 4 0  Done                     05/15/2013 17:17:51
00000 ys3701-ib  ./main_ball 4 0   Done                     05/15/2013 17:17:51
00003 ys3701-ib   ./main_ball 4 0  Done                     05/15/2013 17:17:51
00006 ys3701-ib   ./main_ball 4 0  Done                     05/15/2013 17:17:51
00001 ys3701-ib   ./main_ball 4 0  Done                     05/15/2013 17:17:51
00014 ys3701-ib   ./main_ball 4 0  Done                     05/15/2013 17:17:51
00015 ys3701-ib   ./main_ball 4 0  Done                     05/15/2013 17:17:51
00004 ys3701-ib   ./main_ball 4 0  Done                     05/15/2013 17:17:51
00005 ys3701-ib   ./main_ball 4 0  Done                     05/15/2013 17:17:51
00007 ys3701-ib   ./main_ball 4 0  Done                     05/15/2013 17:17:51
00008 ys3701-ib   ./main_ball 4 0  Done                     05/15/2013 17:17:51
00009 ys3701-ib   ./main_ball 4 0  Done                     05/15/2013 17:17:51
00010 ys3701-ib   ./main_ball 4 0  Done                     05/15/2013 17:17:51
00011 ys3701-ib   ./main_ball 4 0  Done                     05/15/2013 17:17:51
00012 ys3701-ib   ./main_ball 4 0  Done                     05/15/2013 17:17:51
00013 ys3701-ib   ./main_ball 4 0  Done                     05/15/2013 17:17:51
00002 ys3701-ib   ./main_ball 4 0  Done                     05/15/2013 17:17:51

------------------------------------------------------------
Sender: LSF System <lsfadmin@ys3701-ib>
Subject: Job 662785: <mb.512> Done

Job <mb.512> was submitted from host <yslogin5-ib> by user <robertk> in cluster <yellowstone>.
Job was executed on host(s) <16*ys3701-ib>, in queue <small>, as user <robertk> in cluster <yellowstone>.
                            <16*ys3702-ib>
                            <16*ys3703-ib>
                            <16*ys3704-ib>
                            <16*ys3705-ib>
                            <16*ys3706-ib>
                            <16*ys3707-ib>
                            <16*ys3708-ib>
                            <16*ys3709-ib>
                            <16*ys3710-ib>
                            <16*ys3711-ib>
                            <16*ys3717-ib>
                            <16*ys3718-ib>
                            <16*ys3719-ib>
                            <16*ys3720-ib>
                            <16*ys3721-ib>
                            <16*ys3722-ib>
                            <16*ys3723-ib>
                            <16*ys3724-ib>
                            <16*ys3725-ib>
                            <16*ys3726-ib>
                            <16*ys3728-ib>
                            <16*ys3729-ib>
                            <16*ys3736-ib>
                            <16*ys3742-ib>
                            <16*ys3743-ib>
                            <16*ys3744-ib>
                            <16*ys3745-ib>
                            <16*ys3746-ib>
                            <16*ys3747-ib>
                            <16*ys3748-ib>
                            <16*ys3749-ib>
</glade/u/home/robertk> was used as the home directory.
</glade/u/home/robertk/work/Dune/trunk/alugrid/examples> was used as the working directory.
Started at Wed May 15 17:16:17 2013
Results reported at Wed May 15 17:17:55 2013

Your job looked like:

------------------------------------------------------------
# LSBATCH: User input
#!/bin/bash
# LSF batch script to run an MPI application
#
#BSUB -P P86850055           # project code
#BSUB -W 00:30               # wall-clock time (hrs:mins)
#BSUB -n 512              # number of tasks in job
#BSUB -R span[ptile=16]    # run 16 MPI tasks per node
#BSUB -J mb.512            # job name
#BSUB -o ./out/mb.512.%J.out  # output file name 
#BSUB -e ./err/mb.512.%J.err  # error file name
#BSUB -q small             # queue
#run the executable
mpirun.lsf ./main_ball 4 0 3 none

------------------------------------------------------------

Successfully completed.

Resource usage summary:

    CPU time   :  44175.12 sec.
    Max Memory :       164 MB
    Max Swap   :      3050 MB

    Max Processes  :         7
    Max Threads    :        77

The output (if any) is above this job summary.



PS:

Read file <./err/mb.512.662785.err> for stderr output of this job.

