Execute poe command line: poe  ./main_ball 4 0 3 none
Caught DGFException on creation of SGrid, trying default DGF method!

Created parallel ALUGrid<3,3,cube,nonconforming> from macro grid file ''. 

globalRefine: 0
elements = 7324479 (13824,14784,1.06944)   maxLevel = 3   step = 12   time = 0.108   dt = 0.009
elements = 7211205 (13521,14501,1.07248)   maxLevel = 3   step = 23   time = 0.207   dt = 0.009
elements = 7167840 (13629,14470,1.06171)   maxLevel = 3   step = 34   time = 0.306   dt = 0.009
elements = 7325991 (13824,14646,1.05946)   maxLevel = 3   step = 45   time = 0.405   dt = 0.009
elements = 7066872 (13111,14233,1.08558)   maxLevel = 3   step = 56   time = 0.504   dt = 0.009
elements = 7319516 (13824,14718,1.06467)   maxLevel = 3   step = 67   time = 0.603   dt = 0.009
elements = 7208524 (13591,14582,1.07292)   maxLevel = 3   step = 78   time = 0.702   dt = 0.009
elements = 7128080 (13539,14392,1.063)   maxLevel = 3   step = 89   time = 0.801   dt = 0.009
elements = 7313664 (13804,14681,1.06353)   maxLevel = 3   step = 100   time = 0.9   dt = 0.009
elements = 7052389 (13320,14142,1.06171)   maxLevel = 3   step = 112   time = 1.008   dt = 0.009
U2 max: 29.06  min: 17.63
U3 max: 0.03  min: 0
U4 max: 2.74  min: 1.55
U5 max: 0.33  min: 0.02
U6 max: 23.67  min: 14.08
U7 max: 0.01  min: 0
U8 max: 32.69  min: 21.35
Program finished: CPU time = 56.0375 sec.

------------------------------------------------------------
Sender: LSF System <lsfadmin@ys0226-ib>
Subject: Job 926064: <mb.512> in cluster <yellowstone> Done

Job <mb.512> was submitted from host <yslogin3-ib> by user <robertk> in cluster <yellowstone>.
Job was executed on host(s) <16*ys0226-ib>, in queue <small>, as user <robertk> in cluster <yellowstone>.
                            <16*ys0227-ib>
                            <16*ys0228-ib>
                            <16*ys0237-ib>
                            <16*ys0262-ib>
                            <16*ys0268-ib>
                            <16*ys0270-ib>
                            <16*ys0271-ib>
                            <16*ys0309-ib>
                            <16*ys0310-ib>
                            <16*ys0319-ib>
                            <16*ys0325-ib>
                            <16*ys0329-ib>
                            <16*ys0345-ib>
                            <16*ys0348-ib>
                            <16*ys0351-ib>
                            <16*ys0362-ib>
                            <16*ys0417-ib>
                            <16*ys0445-ib>
                            <16*ys0468-ib>
                            <16*ys0540-ib>
                            <16*ys0542-ib>
                            <16*ys0543-ib>
                            <16*ys0544-ib>
                            <16*ys0545-ib>
                            <16*ys0547-ib>
                            <16*ys0548-ib>
                            <16*ys0549-ib>
                            <16*ys0550-ib>
                            <16*ys0551-ib>
                            <16*ys0552-ib>
                            <16*ys0554-ib>
</glade/u/home/robertk> was used as the home directory.
</glade/u/home/robertk/work/Dune/trunk/alugrid/examples/run/mb_hsfc_403> was used as the working directory.
Started at Thu Feb 20 15:15:42 2014
Results reported at Thu Feb 20 15:17:38 2014

Your job looked like:

------------------------------------------------------------
# LSBATCH: User input
#!/bin/bash
# LSF batch script to run an MPI application
#
#BSUB -P P86850055           # project code
#BSUB -W 00:30               # wall-clock time (hrs:mins)
#BSUB -n 512              # number of tasks in job
#BSUB -R span[ptile=16]    # run 16 MPI tasks per node
#BSUB -J mb.512            # job name
#BSUB -o ./mb.512.out  # output file name 
#BSUB -e ./mb.512.err  # error file name
#BSUB -q small             # queue
#run the executable
export MP_CSS_INTERRUPT=yes
export MP_EAGER_LIMIT=4194305
export MP_EAGER_LIMIT_LOCAL=4194305
mpirun.lsf ./main_ball 4 0 3 none

------------------------------------------------------------

Successfully completed.

Resource usage summary:

    CPU time :               56423.36 sec.
    Max Memory :             54963 MB
    Average Memory :         1765.67 MB
    Total Requested Memory : -
    Delta Memory :           -
    (Delta: the difference between total requested memory and actual max usage.)
    Max Processes :          548
    Max Threads :            5865

The output (if any) is above this job summary.



PS:

Read file <./mb.512.err> for stderr output of this job.

