Execute poe command line: poe  ./main_ball 4 0 3 none
Caught DGFException on creation of SGrid, trying default DGF method!

Created parallel ALUGrid<3,3,cube,nonconforming> from macro grid file ''. 

globalRefine: 0
elements = 7317143 (114012,114782,1.00675)   maxLevel = 3   step = 12   time = 0.108   dt = 0.009
elements = 7207096 (112188,112908,1.00642)   maxLevel = 3   step = 23   time = 0.207   dt = 0.009
elements = 7160938 (111485,112501,1.00911)   maxLevel = 3   step = 34   time = 0.306   dt = 0.009
elements = 7319670 (113902,114688,1.0069)   maxLevel = 3   step = 45   time = 0.405   dt = 0.009
elements = 7061685 (110038,110666,1.00571)   maxLevel = 3   step = 56   time = 0.504   dt = 0.009
elements = 7317220 (114076,114703,1.0055)   maxLevel = 3   step = 67   time = 0.603   dt = 0.009
elements = 7202427 (112259,112790,1.00473)   maxLevel = 3   step = 78   time = 0.702   dt = 0.009
elements = 7125021 (110989,111691,1.00632)   maxLevel = 3   step = 89   time = 0.801   dt = 0.009
elements = 7308925 (113799,114550,1.0066)   maxLevel = 3   step = 100   time = 0.9   dt = 0.009
elements = 7046880 (109782,110466,1.00623)   maxLevel = 3   step = 112   time = 1.008   dt = 0.009
U2 max: 73.62  min: 52.69
U3 max: 0.01  min: 0
U4 max: 4.94  min: 4.31
U5 max: 1.35  min: 0.69
U6 max: 69.95  min: 53.2
U7 max: 0  min: 0
U8 max: 80.51  min: 59.44
Program finished: CPU time = 179.042 sec.

------------------------------------------------------------
Sender: LSF System <lsfadmin@ys0131-ib>
Subject: Job 926061: <mb.64> in cluster <yellowstone> Done

Job <mb.64> was submitted from host <yslogin3-ib> by user <robertk> in cluster <yellowstone>.
Job was executed on host(s) <16*ys0131-ib>, in queue <small>, as user <robertk> in cluster <yellowstone>.
                            <16*ys0134-ib>
                            <16*ys0136-ib>
                            <16*ys0137-ib>
</glade/u/home/robertk> was used as the home directory.
</glade/u/home/robertk/work/Dune/trunk/alugrid/examples/run/mb_hsfc_403> was used as the working directory.
Started at Thu Feb 20 15:15:42 2014
Results reported at Thu Feb 20 15:20:24 2014

Your job looked like:

------------------------------------------------------------
# LSBATCH: User input
#!/bin/bash
# LSF batch script to run an MPI application
#
#BSUB -P P86850055           # project code
#BSUB -W 00:30               # wall-clock time (hrs:mins)
#BSUB -n 64              # number of tasks in job
#BSUB -R span[ptile=16]    # run 16 MPI tasks per node
#BSUB -J mb.64            # job name
#BSUB -o ./mb.64.out  # output file name 
#BSUB -e ./mb.64.err  # error file name
#BSUB -q small             # queue
#run the executable
export MP_CSS_INTERRUPT=yes
export MP_EAGER_LIMIT=4194305
export MP_EAGER_LIMIT_LOCAL=4194305
mpirun.lsf ./main_ball 4 0 3 none

------------------------------------------------------------

Successfully completed.

Resource usage summary:

    CPU time :               25139.58 sec.
    Max Memory :             21245 MB
    Average Memory :         12605.63 MB
    Total Requested Memory : -
    Delta Memory :           -
    (Delta: the difference between total requested memory and actual max usage.)
    Max Processes :          72
    Max Threads :            741

The output (if any) is above this job summary.



PS:

Read file <./mb.64.err> for stderr output of this job.

