Caught DGFException on creation of SGrid, trying default DGF method!

Created parallel ALUGrid<3,3,cube,nonconforming> from macro grid file ''. 

globalRefine: 0
elements = 7322127 (56720,57670,1.01675)   maxLevel = 3   step = 12   time = 0.108   dt = 0.009
elements = 7211940 (55917,56842,1.01654)   maxLevel = 3   step = 23   time = 0.207   dt = 0.009
elements = 7157865 (55455,56430,1.01758)   maxLevel = 3   step = 34   time = 0.306   dt = 0.009
elements = 7326908 (56774,57701,1.01633)   maxLevel = 3   step = 45   time = 0.405   dt = 0.009
elements = 7058689 (54726,55599,1.01595)   maxLevel = 3   step = 56   time = 0.504   dt = 0.009
elements = 7315435 (56654,57660,1.01776)   maxLevel = 3   step = 67   time = 0.603   dt = 0.009
elements = 7207999 (55803,56810,1.01805)   maxLevel = 3   step = 78   time = 0.702   dt = 0.009
elements = 7125532 (55194,56142,1.01718)   maxLevel = 3   step = 89   time = 0.801   dt = 0.009
elements = 7306251 (56629,57588,1.01693)   maxLevel = 3   step = 100   time = 0.9   dt = 0.009
elements = 7049673 (54615,55465,1.01556)   maxLevel = 3   step = 112   time = 1.008   dt = 0.009
U2 max: 66.01  min: 54.66
U3 max: 0.02  min: 0
U4 max: 9.51  min: 6.91
U5 max: 10.62  min: 5.07
U6 max: 0.01  min: 0
U7 max: 55.07  min: 43.66
U8 max: 76.75  min: 64.98
Program finished: CPU time = 204.545 sec.
Job  /ncar/opt/lsf/8.3/linux2.6-glibc2.3-x86_64/bin/poejob ./main_ball 4 0 3 none

TID   HOST_NAME   COMMAND_LINE            STATUS            TERMINATION_TIME
===== ========== ================  =======================  ===================
00112 ys1620-ib  ./main_ball 4 0   Done                     05/15/2013 16:08:31
00124 ys1620-ib   ./main_ball 4 0  Done                     05/15/2013 16:08:31
00113 ys1620-ib   ./main_ball 4 0  Done                     05/15/2013 16:08:31
00114 ys1620-ib   ./main_ball 4 0  Done                     05/15/2013 16:08:31
00115 ys1620-ib   ./main_ball 4 0  Done                     05/15/2013 16:08:31
00117 ys1620-ib   ./main_ball 4 0  Done                     05/15/2013 16:08:31
00119 ys1620-ib   ./main_ball 4 0  Done                     05/15/2013 16:08:31
00121 ys1620-ib   ./main_ball 4 0  Done                     05/15/2013 16:08:31
00122 ys1620-ib   ./main_ball 4 0  Done                     05/15/2013 16:08:31
00123 ys1620-ib   ./main_ball 4 0  Done                     05/15/2013 16:08:31
00125 ys1620-ib   ./main_ball 4 0  Done                     05/15/2013 16:08:31
00126 ys1620-ib   ./main_ball 4 0  Done                     05/15/2013 16:08:31
00127 ys1620-ib   ./main_ball 4 0  Done                     05/15/2013 16:08:31
00116 ys1620-ib   ./main_ball 4 0  Done                     05/15/2013 16:08:31
00118 ys1620-ib   ./main_ball 4 0  Done                     05/15/2013 16:08:31
00120 ys1620-ib   ./main_ball 4 0  Done                     05/15/2013 16:08:31
00096 ys1605-ib  ./main_ball 4 0   Done                     05/15/2013 16:08:31
00107 ys1605-ib   ./main_ball 4 0  Done                     05/15/2013 16:08:31
00111 ys1605-ib   ./main_ball 4 0  Done                     05/15/2013 16:08:31
00097 ys1605-ib   ./main_ball 4 0  Done                     05/15/2013 16:08:31
00098 ys1605-ib   ./main_ball 4 0  Done                     05/15/2013 16:08:31
00099 ys1605-ib   ./main_ball 4 0  Done                     05/15/2013 16:08:31
00100 ys1605-ib   ./main_ball 4 0  Done                     05/15/2013 16:08:31
00101 ys1605-ib   ./main_ball 4 0  Done                     05/15/2013 16:08:31
00102 ys1605-ib   ./main_ball 4 0  Done                     05/15/2013 16:08:31
00103 ys1605-ib   ./main_ball 4 0  Done                     05/15/2013 16:08:31
00104 ys1605-ib   ./main_ball 4 0  Done                     05/15/2013 16:08:31
00105 ys1605-ib   ./main_ball 4 0  Done                     05/15/2013 16:08:31
00106 ys1605-ib   ./main_ball 4 0  Done                     05/15/2013 16:08:31
00108 ys1605-ib   ./main_ball 4 0  Done                     05/15/2013 16:08:31
00110 ys1605-ib   ./main_ball 4 0  Done                     05/15/2013 16:08:31
00109 ys1605-ib   ./main_ball 4 0  Done                     05/15/2013 16:08:31
00080 ys1523-ib  ./main_ball 4 0   Done                     05/15/2013 16:08:31
00090 ys1523-ib   ./main_ball 4 0  Done                     05/15/2013 16:08:31
00089 ys1523-ib   ./main_ball 4 0  Done                     05/15/2013 16:08:31
00091 ys1523-ib   ./main_ball 4 0  Done                     05/15/2013 16:08:31
00092 ys1523-ib   ./main_ball 4 0  Done                     05/15/2013 16:08:31
00093 ys1523-ib   ./main_ball 4 0  Done                     05/15/2013 16:08:31
00094 ys1523-ib   ./main_ball 4 0  Done                     05/15/2013 16:08:31
00095 ys1523-ib   ./main_ball 4 0  Done                     05/15/2013 16:08:31
00081 ys1523-ib   ./main_ball 4 0  Done                     05/15/2013 16:08:31
00082 ys1523-ib   ./main_ball 4 0  Done                     05/15/2013 16:08:31
00083 ys1523-ib   ./main_ball 4 0  Done                     05/15/2013 16:08:31
00084 ys1523-ib   ./main_ball 4 0  Done                     05/15/2013 16:08:31
00085 ys1523-ib   ./main_ball 4 0  Done                     05/15/2013 16:08:31
00086 ys1523-ib   ./main_ball 4 0  Done                     05/15/2013 16:08:31
00087 ys1523-ib   ./main_ball 4 0  Done                     05/15/2013 16:08:31
00088 ys1523-ib   ./main_ball 4 0  Done                     05/15/2013 16:08:31
00064 ys1471-ib  ./main_ball 4 0   Done                     05/15/2013 16:08:31
00066 ys1471-ib   ./main_ball 4 0  Done                     05/15/2013 16:08:31
00071 ys1471-ib   ./main_ball 4 0  Done                     05/15/2013 16:08:31
00072 ys1471-ib   ./main_ball 4 0  Done                     05/15/2013 16:08:31
00073 ys1471-ib   ./main_ball 4 0  Done                     05/15/2013 16:08:31
00074 ys1471-ib   ./main_ball 4 0  Done                     05/15/2013 16:08:31
00075 ys1471-ib   ./main_ball 4 0  Done                     05/15/2013 16:08:31
00076 ys1471-ib   ./main_ball 4 0  Done                     05/15/2013 16:08:31
00077 ys1471-ib   ./main_ball 4 0  Done                     05/15/2013 16:08:31
00078 ys1471-ib   ./main_ball 4 0  Done                     05/15/2013 16:08:31
00079 ys1471-ib   ./main_ball 4 0  Done                     05/15/2013 16:08:31
00065 ys1471-ib   ./main_ball 4 0  Done                     05/15/2013 16:08:31
00067 ys1471-ib   ./main_ball 4 0  Done                     05/15/2013 16:08:31
00068 ys1471-ib   ./main_ball 4 0  Done                     05/15/2013 16:08:31
00070 ys1471-ib   ./main_ball 4 0  Done                     05/15/2013 16:08:31
00069 ys1471-ib   ./main_ball 4 0  Done                     05/15/2013 16:08:31
00048 ys1470-ib  ./main_ball 4 0   Done                     05/15/2013 16:08:31
00052 ys1470-ib   ./main_ball 4 0  Done                     05/15/2013 16:08:31
00053 ys1470-ib   ./main_ball 4 0  Done                     05/15/2013 16:08:31
00054 ys1470-ib   ./main_ball 4 0  Done                     05/15/2013 16:08:31
00057 ys1470-ib   ./main_ball 4 0  Done                     05/15/2013 16:08:31
00058 ys1470-ib   ./main_ball 4 0  Done                     05/15/2013 16:08:31
00059 ys1470-ib   ./main_ball 4 0  Done                     05/15/2013 16:08:31
00061 ys1470-ib   ./main_ball 4 0  Done                     05/15/2013 16:08:31
00062 ys1470-ib   ./main_ball 4 0  Done                     05/15/2013 16:08:31
00050 ys1470-ib   ./main_ball 4 0  Done                     05/15/2013 16:08:31
00049 ys1470-ib   ./main_ball 4 0  Done                     05/15/2013 16:08:31
00051 ys1470-ib   ./main_ball 4 0  Done                     05/15/2013 16:08:31
00055 ys1470-ib   ./main_ball 4 0  Done                     05/15/2013 16:08:31
00056 ys1470-ib   ./main_ball 4 0  Done                     05/15/2013 16:08:31
00060 ys1470-ib   ./main_ball 4 0  Done                     05/15/2013 16:08:31
00063 ys1470-ib   ./main_ball 4 0  Done                     05/15/2013 16:08:31
00032 ys1469-ib  ./main_ball 4 0   Done                     05/15/2013 16:08:31
00033 ys1469-ib   ./main_ball 4 0  Done                     05/15/2013 16:08:31
00034 ys1469-ib   ./main_ball 4 0  Done                     05/15/2013 16:08:31
00035 ys1469-ib   ./main_ball 4 0  Done                     05/15/2013 16:08:31
00036 ys1469-ib   ./main_ball 4 0  Done                     05/15/2013 16:08:31
00037 ys1469-ib   ./main_ball 4 0  Done                     05/15/2013 16:08:31
00038 ys1469-ib   ./main_ball 4 0  Done                     05/15/2013 16:08:31
00040 ys1469-ib   ./main_ball 4 0  Done                     05/15/2013 16:08:31
00039 ys1469-ib   ./main_ball 4 0  Done                     05/15/2013 16:08:31
00041 ys1469-ib   ./main_ball 4 0  Done                     05/15/2013 16:08:31
00042 ys1469-ib   ./main_ball 4 0  Done                     05/15/2013 16:08:31
00043 ys1469-ib   ./main_ball 4 0  Done                     05/15/2013 16:08:31
00044 ys1469-ib   ./main_ball 4 0  Done                     05/15/2013 16:08:31
00045 ys1469-ib   ./main_ball 4 0  Done                     05/15/2013 16:08:31
00046 ys1469-ib   ./main_ball 4 0  Done                     05/15/2013 16:08:31
00047 ys1469-ib   ./main_ball 4 0  Done                     05/15/2013 16:08:31
00016 ys1468-ib  ./main_ball 4 0   Done                     05/15/2013 16:08:31
00017 ys1468-ib   ./main_ball 4 0  Done                     05/15/2013 16:08:31
00018 ys1468-ib   ./main_ball 4 0  Done                     05/15/2013 16:08:31
00020 ys1468-ib   ./main_ball 4 0  Done                     05/15/2013 16:08:31
00019 ys1468-ib   ./main_ball 4 0  Done                     05/15/2013 16:08:31
00021 ys1468-ib   ./main_ball 4 0  Done                     05/15/2013 16:08:31
00023 ys1468-ib   ./main_ball 4 0  Done                     05/15/2013 16:08:31
00022 ys1468-ib   ./main_ball 4 0  Done                     05/15/2013 16:08:31
00024 ys1468-ib   ./main_ball 4 0  Done                     05/15/2013 16:08:31
00025 ys1468-ib   ./main_ball 4 0  Done                     05/15/2013 16:08:31
00026 ys1468-ib   ./main_ball 4 0  Done                     05/15/2013 16:08:31
00027 ys1468-ib   ./main_ball 4 0  Done                     05/15/2013 16:08:31
00028 ys1468-ib   ./main_ball 4 0  Done                     05/15/2013 16:08:31
00030 ys1468-ib   ./main_ball 4 0  Done                     05/15/2013 16:08:31
00029 ys1468-ib   ./main_ball 4 0  Done                     05/15/2013 16:08:31
00031 ys1468-ib   ./main_ball 4 0  Done                     05/15/2013 16:08:31
00000 ys1466-ib  ./main_ball 4 0   Done                     05/15/2013 16:08:31
00003 ys1466-ib   ./main_ball 4 0  Done                     05/15/2013 16:08:31
00014 ys1466-ib   ./main_ball 4 0  Done                     05/15/2013 16:08:31
00015 ys1466-ib   ./main_ball 4 0  Done                     05/15/2013 16:08:31
00004 ys1466-ib   ./main_ball 4 0  Done                     05/15/2013 16:08:31
00005 ys1466-ib   ./main_ball 4 0  Done                     05/15/2013 16:08:31
00006 ys1466-ib   ./main_ball 4 0  Done                     05/15/2013 16:08:31
00007 ys1466-ib   ./main_ball 4 0  Done                     05/15/2013 16:08:31
00008 ys1466-ib   ./main_ball 4 0  Done                     05/15/2013 16:08:31
00009 ys1466-ib   ./main_ball 4 0  Done                     05/15/2013 16:08:31
00010 ys1466-ib   ./main_ball 4 0  Done                     05/15/2013 16:08:31
00011 ys1466-ib   ./main_ball 4 0  Done                     05/15/2013 16:08:31
00012 ys1466-ib   ./main_ball 4 0  Done                     05/15/2013 16:08:31
00001 ys1466-ib   ./main_ball 4 0  Done                     05/15/2013 16:08:31
00013 ys1466-ib   ./main_ball 4 0  Done                     05/15/2013 16:08:31
00002 ys1466-ib   ./main_ball 4 0  Done                     05/15/2013 16:08:31

------------------------------------------------------------
Sender: LSF System <lsfadmin@ys1466-ib>
Subject: Job 662504: <mb.128> Done

Job <mb.128> was submitted from host <yslogin3-ib> by user <robertk> in cluster <yellowstone>.
Job was executed on host(s) <16*ys1466-ib>, in queue <small>, as user <robertk> in cluster <yellowstone>.
                            <16*ys1468-ib>
                            <16*ys1469-ib>
                            <16*ys1470-ib>
                            <16*ys1471-ib>
                            <16*ys1523-ib>
                            <16*ys1605-ib>
                            <16*ys1620-ib>
</glade/u/home/robertk> was used as the home directory.
</glade/u/home/robertk/work/Dune/trunk/alugrid/examples> was used as the working directory.
Started at Wed May 15 16:04:58 2013
Results reported at Wed May 15 16:08:35 2013

Your job looked like:

------------------------------------------------------------
# LSBATCH: User input
#!/bin/bash
# LSF batch script to run an MPI application
#
#BSUB -P P86850055           # project code
#BSUB -W 00:30               # wall-clock time (hrs:mins)
#BSUB -n 128              # number of tasks in job
#BSUB -R span[ptile=16]    # run 16 MPI tasks per node
#BSUB -J mb.128            # job name
#BSUB -o ./out/mb.128.%J.out  # output file name 
#BSUB -e ./err/mb.128.%J.err  # error file name
#BSUB -q small             # queue
#run the executable
mpirun.lsf ./main_ball 4 0 3 none

------------------------------------------------------------

Successfully completed.

Resource usage summary:

    CPU time   :  26286.82 sec.
    Max Memory :       152 MB
    Max Swap   :      1406 MB

    Max Processes  :         7
    Max Threads    :        29

The output (if any) is above this job summary.



PS:

Read file <./err/mb.128.662504.err> for stderr output of this job.

