Caught DGFException on creation of SGrid, trying default DGF method!

Created parallel ALUGrid<3,3,cube,nonconforming> from macro grid file ''. 

globalRefine: 0
elements = 7325802 (6653,7652,1.15016)   maxLevel = 3   step = 12   time = 0.108   dt = 0.009
elements = 7215097 (6546,7516,1.14818)   maxLevel = 3   step = 23   time = 0.207   dt = 0.009
elements = 7165243 (6489,7485,1.15349)   maxLevel = 3   step = 34   time = 0.306   dt = 0.009
elements = 7332214 (6656,7635,1.14709)   maxLevel = 3   step = 45   time = 0.405   dt = 0.009
elements = 7066816 (6391,7397,1.15741)   maxLevel = 3   step = 56   time = 0.504   dt = 0.009
elements = 7322911 (6652,7652,1.15033)   maxLevel = 3   step = 67   time = 0.603   dt = 0.009
elements = 7214488 (6558,7533,1.14867)   maxLevel = 3   step = 78   time = 0.702   dt = 0.009
elements = 7128717 (6520,7454,1.14325)   maxLevel = 3   step = 89   time = 0.801   dt = 0.009
elements = 7317423 (6644,7638,1.14961)   maxLevel = 3   step = 100   time = 0.9   dt = 0.009
elements = 7049589 (6398,7367,1.15145)   maxLevel = 3   step = 112   time = 1.008   dt = 0.009
U2 max: 32.23  min: 14.27
U3 max: 0.03  min: 0
U4 max: 2.84  min: 1.25
U5 max: 2.62  min: 1.37
U6 max: 0.01  min: 0
U7 max: 37.62  min: 19.88
U8 max: 35.25  min: 16.93
Program finished: CPU time = 82.3185 sec.
Job  /ncar/opt/lsf/8.3/linux2.6-glibc2.3-x86_64/bin/poejob ./main_ball 4 0 3 none

TID   HOST_NAME   COMMAND_LINE            STATUS            TERMINATION_TIME
===== ========== ================  =======================  ===================
01008 ys3140-ib  ./main_ball 4 0   Done                     05/15/2013 16:06:31
01015 ys3140-ib   ./main_ball 4 0  Done                     05/15/2013 16:06:31
01016 ys3140-ib   ./main_ball 4 0  Done                     05/15/2013 16:06:31
01017 ys3140-ib   ./main_ball 4 0  Done                     05/15/2013 16:06:31
01018 ys3140-ib   ./main_ball 4 0  Done                     05/15/2013 16:06:31
01020 ys3140-ib   ./main_ball 4 0  Done                     05/15/2013 16:06:31
01019 ys3140-ib   ./main_ball 4 0  Done                     05/15/2013 16:06:31
01021 ys3140-ib   ./main_ball 4 0  Done                     05/15/2013 16:06:31
01022 ys3140-ib   ./main_ball 4 0  Done                     05/15/2013 16:06:31
01023 ys3140-ib   ./main_ball 4 0  Done                     05/15/2013 16:06:31
01010 ys3140-ib   ./main_ball 4 0  Done                     05/15/2013 16:06:31
01009 ys3140-ib   ./main_ball 4 0  Done                     05/15/2013 16:06:31
01011 ys3140-ib   ./main_ball 4 0  Done                     05/15/2013 16:06:31
01012 ys3140-ib   ./main_ball 4 0  Done                     05/15/2013 16:06:31
01013 ys3140-ib   ./main_ball 4 0  Done                     05/15/2013 16:06:31
01014 ys3140-ib   ./main_ball 4 0  Done                     05/15/2013 16:06:31
00992 ys3138-ib  ./main_ball 4 0   Done                     05/15/2013 16:06:31
00997 ys3138-ib   ./main_ball 4 0  Done                     05/15/2013 16:06:31
00998 ys3138-ib   ./main_ball 4 0  Done                     05/15/2013 16:06:31
00999 ys3138-ib   ./main_ball 4 0  Done                     05/15/2013 16:06:31
01000 ys3138-ib   ./main_ball 4 0  Done                     05/15/2013 16:06:31
01001 ys3138-ib   ./main_ball 4 0  Done                     05/15/2013 16:06:31
01002 ys3138-ib   ./main_ball 4 0  Done                     05/15/2013 16:06:31
01003 ys3138-ib   ./main_ball 4 0  Done                     05/15/2013 16:06:31
01004 ys3138-ib   ./main_ball 4 0  Done                     05/15/2013 16:06:31
01005 ys3138-ib   ./main_ball 4 0  Done                     05/15/2013 16:06:31
01006 ys3138-ib   ./main_ball 4 0  Done                     05/15/2013 16:06:31
01007 ys3138-ib   ./main_ball 4 0  Done                     05/15/2013 16:06:31
00993 ys3138-ib   ./main_ball 4 0  Done                     05/15/2013 16:06:31
00994 ys3138-ib   ./main_ball 4 0  Done                     05/15/2013 16:06:31
00995 ys3138-ib   ./main_ball 4 0  Done                     05/15/2013 16:06:31
00996 ys3138-ib   ./main_ball 4 0  Done                     05/15/2013 16:06:31
00976 ys3137-ib  ./main_ball 4 0   Done                     05/15/2013 16:06:31
00978 ys3137-ib   ./main_ball 4 0  Done                     05/15/2013 16:06:31
00980 ys3137-ib   ./main_ball 4 0  Done                     05/15/2013 16:06:31
00979 ys3137-ib   ./main_ball 4 0  Done                     05/15/2013 16:06:31
00981 ys3137-ib   ./main_ball 4 0  Done                     05/15/2013 16:06:31
00982 ys3137-ib   ./main_ball 4 0  Done                     05/15/2013 16:06:31
00983 ys3137-ib   ./main_ball 4 0  Done                     05/15/2013 16:06:31
00984 ys3137-ib   ./main_ball 4 0  Done                     05/15/2013 16:06:31
00985 ys3137-ib   ./main_ball 4 0  Done                     05/15/2013 16:06:31
00986 ys3137-ib   ./main_ball 4 0  Done                     05/15/2013 16:06:31
00987 ys3137-ib   ./main_ball 4 0  Done                     05/15/2013 16:06:31
00988 ys3137-ib   ./main_ball 4 0  Done                     05/15/2013 16:06:31
00990 ys3137-ib   ./main_ball 4 0  Done                     05/15/2013 16:06:31
00989 ys3137-ib   ./main_ball 4 0  Done                     05/15/2013 16:06:31
00991 ys3137-ib   ./main_ball 4 0  Done                     05/15/2013 16:06:31
00977 ys3137-ib   ./main_ball 4 0  Done                     05/15/2013 16:06:31
00960 ys3136-ib  ./main_ball 4 0   Done                     05/15/2013 16:06:31
00961 ys3136-ib   ./main_ball 4 0  Done                     05/15/2013 16:06:31
00962 ys3136-ib   ./main_ball 4 0  Done                     05/15/2013 16:06:31
00963 ys3136-ib   ./main_ball 4 0  Done                     05/15/2013 16:06:31
00964 ys3136-ib   ./main_ball 4 0  Done                     05/15/2013 16:06:31
00965 ys3136-ib   ./main_ball 4 0  Done                     05/15/2013 16:06:31
00966 ys3136-ib   ./main_ball 4 0  Done                     05/15/2013 16:06:31
00967 ys3136-ib   ./main_ball 4 0  Done                     05/15/2013 16:06:31
00968 ys3136-ib   ./main_ball 4 0  Done                     05/15/2013 16:06:31
00970 ys3136-ib   ./main_ball 4 0  Done                     05/15/2013 16:06:31
00969 ys3136-ib   ./main_ball 4 0  Done                     05/15/2013 16:06:31
00971 ys3136-ib   ./main_ball 4 0  Done                     05/15/2013 16:06:31
00972 ys3136-ib   ./main_ball 4 0  Done                     05/15/2013 16:06:31
00973 ys3136-ib   ./main_ball 4 0  Done                     05/15/2013 16:06:31
00974 ys3136-ib   ./main_ball 4 0  Done                     05/15/2013 16:06:31
00975 ys3136-ib   ./main_ball 4 0  Done                     05/15/2013 16:06:31
00944 ys3135-ib  ./main_ball 4 0   Done                     05/15/2013 16:06:31
00959 ys3135-ib   ./main_ball 4 0  Done                     05/15/2013 16:06:31
00945 ys3135-ib   ./main_ball 4 0  Done                     05/15/2013 16:06:31
00946 ys3135-ib   ./main_ball 4 0  Done                     05/15/2013 16:06:31
00947 ys3135-ib   ./main_ball 4 0  Done                     05/15/2013 16:06:31
00948 ys3135-ib   ./main_ball 4 0  Done                     05/15/2013 16:06:31
00950 ys3135-ib   ./main_ball 4 0  Done                     05/15/2013 16:06:31
00949 ys3135-ib   ./main_ball 4 0  Done                     05/15/2013 16:06:31
00951 ys3135-ib   ./main_ball 4 0  Done                     05/15/2013 16:06:31
00952 ys3135-ib   ./main_ball 4 0  Done                     05/15/2013 16:06:31
00953 ys3135-ib   ./main_ball 4 0  Done                     05/15/2013 16:06:31
00954 ys3135-ib   ./main_ball 4 0  Done                     05/15/2013 16:06:31
00955 ys3135-ib   ./main_ball 4 0  Done                     05/15/2013 16:06:31
00956 ys3135-ib   ./main_ball 4 0  Done                     05/15/2013 16:06:31
00957 ys3135-ib   ./main_ball 4 0  Done                     05/15/2013 16:06:31
00958 ys3135-ib   ./main_ball 4 0  Done                     05/15/2013 16:06:31
00928 ys3134-ib  ./main_ball 4 0   Done                     05/15/2013 16:06:31
00941 ys3134-ib   ./main_ball 4 0  Done                     05/15/2013 16:06:31
00942 ys3134-ib   ./main_ball 4 0  Done                     05/15/2013 16:06:31
00943 ys3134-ib   ./main_ball 4 0  Done                     05/15/2013 16:06:31
00930 ys3134-ib   ./main_ball 4 0  Done                     05/15/2013 16:06:31
00929 ys3134-ib   ./main_ball 4 0  Done                     05/15/2013 16:06:31
00931 ys3134-ib   ./main_ball 4 0  Done                     05/15/2013 16:06:31
00932 ys3134-ib   ./main_ball 4 0  Done                     05/15/2013 16:06:31
00933 ys3134-ib   ./main_ball 4 0  Done                     05/15/2013 16:06:31
00934 ys3134-ib   ./main_ball 4 0  Done                     05/15/2013 16:06:31
00935 ys3134-ib   ./main_ball 4 0  Done                     05/15/2013 16:06:31
00936 ys3134-ib   ./main_ball 4 0  Done                     05/15/2013 16:06:31
00937 ys3134-ib   ./main_ball 4 0  Done                     05/15/2013 16:06:31
00938 ys3134-ib   ./main_ball 4 0  Done                     05/15/2013 16:06:31
00940 ys3134-ib   ./main_ball 4 0  Done                     05/15/2013 16:06:31
00939 ys3134-ib   ./main_ball 4 0  Done                     05/15/2013 16:06:31
00912 ys3133-ib  ./main_ball 4 0   Done                     05/15/2013 16:06:31
00922 ys3133-ib   ./main_ball 4 0  Done                     05/15/2013 16:06:31
00923 ys3133-ib   ./main_ball 4 0  Done                     05/15/2013 16:06:31
00924 ys3133-ib   ./main_ball 4 0  Done                     05/15/2013 16:06:31
00925 ys3133-ib   ./main_ball 4 0  Done                     05/15/2013 16:06:31
00926 ys3133-ib   ./main_ball 4 0  Done                     05/15/2013 16:06:31
00927 ys3133-ib   ./main_ball 4 0  Done                     05/15/2013 16:06:31
00913 ys3133-ib   ./main_ball 4 0  Done                     05/15/2013 16:06:31
00914 ys3133-ib   ./main_ball 4 0  Done                     05/15/2013 16:06:31
00915 ys3133-ib   ./main_ball 4 0  Done                     05/15/2013 16:06:31
00916 ys3133-ib   ./main_ball 4 0  Done                     05/15/2013 16:06:31
00917 ys3133-ib   ./main_ball 4 0  Done                     05/15/2013 16:06:31
00918 ys3133-ib   ./main_ball 4 0  Done                     05/15/2013 16:06:31
00920 ys3133-ib   ./main_ball 4 0  Done                     05/15/2013 16:06:31
00919 ys3133-ib   ./main_ball 4 0  Done                     05/15/2013 16:06:31
00921 ys3133-ib   ./main_ball 4 0  Done                     05/15/2013 16:06:31
00896 ys3113-ib  ./main_ball 4 0   Done                     05/15/2013 16:06:31
00897 ys3113-ib   ./main_ball 4 0  Done                     05/15/2013 16:06:31
00898 ys3113-ib   ./main_ball 4 0  Done                     05/15/2013 16:06:31
00899 ys3113-ib   ./main_ball 4 0  Done                     05/15/2013 16:06:31
00903 ys3113-ib   ./main_ball 4 0  Done                     05/15/2013 16:06:31
00904 ys3113-ib   ./main_ball 4 0  Done                     05/15/2013 16:06:31
00905 ys3113-ib   ./main_ball 4 0  Done                     05/15/2013 16:06:31
00906 ys3113-ib   ./main_ball 4 0  Done                     05/15/2013 16:06:31
00907 ys3113-ib   ./main_ball 4 0  Done                     05/15/2013 16:06:31
00908 ys3113-ib   ./main_ball 4 0  Done                     05/15/2013 16:06:31
00910 ys3113-ib   ./main_ball 4 0  Done                     05/15/2013 16:06:31
00909 ys3113-ib   ./main_ball 4 0  Done                     05/15/2013 16:06:31
00911 ys3113-ib   ./main_ball 4 0  Done                     05/15/2013 16:06:31
00900 ys3113-ib   ./main_ball 4 0  Done                     05/15/2013 16:06:31
00901 ys3113-ib   ./main_ball 4 0  Done                     05/15/2013 16:06:31
00902 ys3113-ib   ./main_ball 4 0  Done                     05/15/2013 16:06:31
00880 ys3112-ib  ./main_ball 4 0   Done                     05/15/2013 16:06:31
00893 ys3112-ib   ./main_ball 4 0  Done                     05/15/2013 16:06:31
00894 ys3112-ib   ./main_ball 4 0  Done                     05/15/2013 16:06:31
00895 ys3112-ib   ./main_ball 4 0  Done                     05/15/2013 16:06:31
00881 ys3112-ib   ./main_ball 4 0  Done                     05/15/2013 16:06:31
00882 ys3112-ib   ./main_ball 4 0  Done                     05/15/2013 16:06:31
00883 ys3112-ib   ./main_ball 4 0  Done                     05/15/2013 16:06:31
00884 ys3112-ib   ./main_ball 4 0  Done                     05/15/2013 16:06:31
00885 ys3112-ib   ./main_ball 4 0  Done                     05/15/2013 16:06:31
00886 ys3112-ib   ./main_ball 4 0  Done                     05/15/2013 16:06:31
00887 ys3112-ib   ./main_ball 4 0  Done                     05/15/2013 16:06:31
00888 ys3112-ib   ./main_ball 4 0  Done                     05/15/2013 16:06:31
00890 ys3112-ib   ./main_ball 4 0  Done                     05/15/2013 16:06:31
00889 ys3112-ib   ./main_ball 4 0  Done                     05/15/2013 16:06:31
00891 ys3112-ib   ./main_ball 4 0  Done                     05/15/2013 16:06:31
00892 ys3112-ib   ./main_ball 4 0  Done                     05/15/2013 16:06:31
00864 ys3111-ib  ./main_ball 4 0   Done                     05/15/2013 16:06:31
00874 ys3111-ib   ./main_ball 4 0  Done                     05/15/2013 16:06:31
00875 ys3111-ib   ./main_ball 4 0  Done                     05/15/2013 16:06:31
00876 ys3111-ib   ./main_ball 4 0  Done                     05/15/2013 16:06:31
00877 ys3111-ib   ./main_ball 4 0  Done                     05/15/2013 16:06:31
00878 ys3111-ib   ./main_ball 4 0  Done                     05/15/2013 16:06:31
00879 ys3111-ib   ./main_ball 4 0  Done                     05/15/2013 16:06:31
00865 ys3111-ib   ./main_ball 4 0  Done                     05/15/2013 16:06:31
00866 ys3111-ib   ./main_ball 4 0  Done                     05/15/2013 16:06:31
00867 ys3111-ib   ./main_ball 4 0  Done                     05/15/2013 16:06:31
00868 ys3111-ib   ./main_ball 4 0  Done                     05/15/2013 16:06:31
00870 ys3111-ib   ./main_ball 4 0  Done                     05/15/2013 16:06:31
00869 ys3111-ib   ./main_ball 4 0  Done                     05/15/2013 16:06:31
00871 ys3111-ib   ./main_ball 4 0  Done                     05/15/2013 16:06:31
00872 ys3111-ib   ./main_ball 4 0  Done                     05/15/2013 16:06:31
00873 ys3111-ib   ./main_ball 4 0  Done                     05/15/2013 16:06:31
00848 ys3110-ib  ./main_ball 4 0   Done                     05/15/2013 16:06:31
00855 ys3110-ib   ./main_ball 4 0  Done                     05/15/2013 16:06:31
00856 ys3110-ib   ./main_ball 4 0  Done                     05/15/2013 16:06:31
00857 ys3110-ib   ./main_ball 4 0  Done                     05/15/2013 16:06:31
00858 ys3110-ib   ./main_ball 4 0  Done                     05/15/2013 16:06:31
00860 ys3110-ib   ./main_ball 4 0  Done                     05/15/2013 16:06:31
00859 ys3110-ib   ./main_ball 4 0  Done                     05/15/2013 16:06:31
00861 ys3110-ib   ./main_ball 4 0  Done                     05/15/2013 16:06:31
00862 ys3110-ib   ./main_ball 4 0  Done                     05/15/2013 16:06:31
00863 ys3110-ib   ./main_ball 4 0  Done                     05/15/2013 16:06:31
00850 ys3110-ib   ./main_ball 4 0  Done                     05/15/2013 16:06:31
00849 ys3110-ib   ./main_ball 4 0  Done                     05/15/2013 16:06:31
00851 ys3110-ib   ./main_ball 4 0  Done                     05/15/2013 16:06:31
00852 ys3110-ib   ./main_ball 4 0  Done                     05/15/2013 16:06:31
00853 ys3110-ib   ./main_ball 4 0  Done                     05/15/2013 16:06:31
00854 ys3110-ib   ./main_ball 4 0  Done                     05/15/2013 16:06:31
00832 ys3109-ib  ./main_ball 4 0   Done                     05/15/2013 16:06:31
00836 ys3109-ib   ./main_ball 4 0  Done                     05/15/2013 16:06:31
00837 ys3109-ib   ./main_ball 4 0  Done                     05/15/2013 16:06:31
00838 ys3109-ib   ./main_ball 4 0  Done                     05/15/2013 16:06:31
00840 ys3109-ib   ./main_ball 4 0  Done                     05/15/2013 16:06:31
00839 ys3109-ib   ./main_ball 4 0  Done                     05/15/2013 16:06:31
00841 ys3109-ib   ./main_ball 4 0  Done                     05/15/2013 16:06:31
00842 ys3109-ib   ./main_ball 4 0  Done                     05/15/2013 16:06:31
00843 ys3109-ib   ./main_ball 4 0  Done                     05/15/2013 16:06:31
00844 ys3109-ib   ./main_ball 4 0  Done                     05/15/2013 16:06:31
00845 ys3109-ib   ./main_ball 4 0  Done                     05/15/2013 16:06:31
00846 ys3109-ib   ./main_ball 4 0  Done                     05/15/2013 16:06:31
00847 ys3109-ib   ./main_ball 4 0  Done                     05/15/2013 16:06:31
00833 ys3109-ib   ./main_ball 4 0  Done                     05/15/2013 16:06:31
00834 ys3109-ib   ./main_ball 4 0  Done                     05/15/2013 16:06:31
00835 ys3109-ib   ./main_ball 4 0  Done                     05/15/2013 16:06:31
00816 ys3108-ib  ./main_ball 4 0   Done                     05/15/2013 16:06:31
00817 ys3108-ib   ./main_ball 4 0  Done                     05/15/2013 16:06:31
00818 ys3108-ib   ./main_ball 4 0  Done                     05/15/2013 16:06:31
00820 ys3108-ib   ./main_ball 4 0  Done                     05/15/2013 16:06:31
00819 ys3108-ib   ./main_ball 4 0  Done                     05/15/2013 16:06:31
00821 ys3108-ib   ./main_ball 4 0  Done                     05/15/2013 16:06:31
00822 ys3108-ib   ./main_ball 4 0  Done                     05/15/2013 16:06:31
00823 ys3108-ib   ./main_ball 4 0  Done                     05/15/2013 16:06:31
00824 ys3108-ib   ./main_ball 4 0  Done                     05/15/2013 16:06:31
00825 ys3108-ib   ./main_ball 4 0  Done                     05/15/2013 16:06:31
00826 ys3108-ib   ./main_ball 4 0  Done                     05/15/2013 16:06:31
00827 ys3108-ib   ./main_ball 4 0  Done                     05/15/2013 16:06:31
00828 ys3108-ib   ./main_ball 4 0  Done                     05/15/2013 16:06:31
00830 ys3108-ib   ./main_ball 4 0  Done                     05/15/2013 16:06:31
00829 ys3108-ib   ./main_ball 4 0  Done                     05/15/2013 16:06:31
00831 ys3108-ib   ./main_ball 4 0  Done                     05/15/2013 16:06:31
00800 ys3107-ib  ./main_ball 4 0   Done                     05/15/2013 16:06:31
00801 ys3107-ib   ./main_ball 4 0  Done                     05/15/2013 16:06:31
00802 ys3107-ib   ./main_ball 4 0  Done                     05/15/2013 16:06:31
00803 ys3107-ib   ./main_ball 4 0  Done                     05/15/2013 16:06:31
00804 ys3107-ib   ./main_ball 4 0  Done                     05/15/2013 16:06:31
00805 ys3107-ib   ./main_ball 4 0  Done                     05/15/2013 16:06:31
00806 ys3107-ib   ./main_ball 4 0  Done                     05/15/2013 16:06:31
00807 ys3107-ib   ./main_ball 4 0  Done                     05/15/2013 16:06:31
00808 ys3107-ib   ./main_ball 4 0  Done                     05/15/2013 16:06:31
00810 ys3107-ib   ./main_ball 4 0  Done                     05/15/2013 16:06:31
00809 ys3107-ib   ./main_ball 4 0  Done                     05/15/2013 16:06:31
00811 ys3107-ib   ./main_ball 4 0  Done                     05/15/2013 16:06:31
00812 ys3107-ib   ./main_ball 4 0  Done                     05/15/2013 16:06:31
00813 ys3107-ib   ./main_ball 4 0  Done                     05/15/2013 16:06:31
00814 ys3107-ib   ./main_ball 4 0  Done                     05/15/2013 16:06:31
00815 ys3107-ib   ./main_ball 4 0  Done                     05/15/2013 16:06:31
00784 ys3106-ib  ./main_ball 4 0   Done                     05/15/2013 16:06:31
00788 ys3106-ib   ./main_ball 4 0  Done                     05/15/2013 16:06:31
00790 ys3106-ib   ./main_ball 4 0  Done                     05/15/2013 16:06:31
00789 ys3106-ib   ./main_ball 4 0  Done                     05/15/2013 16:06:31
00791 ys3106-ib   ./main_ball 4 0  Done                     05/15/2013 16:06:31
00792 ys3106-ib   ./main_ball 4 0  Done                     05/15/2013 16:06:31
00793 ys3106-ib   ./main_ball 4 0  Done                     05/15/2013 16:06:31
00794 ys3106-ib   ./main_ball 4 0  Done                     05/15/2013 16:06:31
00795 ys3106-ib   ./main_ball 4 0  Done                     05/15/2013 16:06:31
00796 ys3106-ib   ./main_ball 4 0  Done                     05/15/2013 16:06:31
00797 ys3106-ib   ./main_ball 4 0  Done                     05/15/2013 16:06:31
00798 ys3106-ib   ./main_ball 4 0  Done                     05/15/2013 16:06:31
00799 ys3106-ib   ./main_ball 4 0  Done                     05/15/2013 16:06:31
00785 ys3106-ib   ./main_ball 4 0  Done                     05/15/2013 16:06:31
00786 ys3106-ib   ./main_ball 4 0  Done                     05/15/2013 16:06:31
00787 ys3106-ib   ./main_ball 4 0  Done                     05/15/2013 16:06:31
00768 ys3105-ib  ./main_ball 4 0   Done                     05/15/2013 16:06:31
00770 ys3105-ib   ./main_ball 4 0  Done                     05/15/2013 16:06:31
00769 ys3105-ib   ./main_ball 4 0  Done                     05/15/2013 16:06:31
00771 ys3105-ib   ./main_ball 4 0  Done                     05/15/2013 16:06:31
00772 ys3105-ib   ./main_ball 4 0  Done                     05/15/2013 16:06:31
00773 ys3105-ib   ./main_ball 4 0  Done                     05/15/2013 16:06:31
00774 ys3105-ib   ./main_ball 4 0  Done                     05/15/2013 16:06:31
00775 ys3105-ib   ./main_ball 4 0  Done                     05/15/2013 16:06:31
00776 ys3105-ib   ./main_ball 4 0  Done                     05/15/2013 16:06:31
00777 ys3105-ib   ./main_ball 4 0  Done                     05/15/2013 16:06:31
00778 ys3105-ib   ./main_ball 4 0  Done                     05/15/2013 16:06:31
00780 ys3105-ib   ./main_ball 4 0  Done                     05/15/2013 16:06:31
00779 ys3105-ib   ./main_ball 4 0  Done                     05/15/2013 16:06:31
00781 ys3105-ib   ./main_ball 4 0  Done                     05/15/2013 16:06:31
00782 ys3105-ib   ./main_ball 4 0  Done                     05/15/2013 16:06:31
00783 ys3105-ib   ./main_ball 4 0  Done                     05/15/2013 16:06:31
00752 ys3104-ib  ./main_ball 4 0   Done                     05/15/2013 16:06:31
00753 ys3104-ib   ./main_ball 4 0  Done                     05/15/2013 16:06:31
00754 ys3104-ib   ./main_ball 4 0  Done                     05/15/2013 16:06:31
00755 ys3104-ib   ./main_ball 4 0  Done                     05/15/2013 16:06:31
00756 ys3104-ib   ./main_ball 4 0  Done                     05/15/2013 16:06:31
00757 ys3104-ib   ./main_ball 4 0  Done                     05/15/2013 16:06:31
00758 ys3104-ib   ./main_ball 4 0  Done                     05/15/2013 16:06:31
00760 ys3104-ib   ./main_ball 4 0  Done                     05/15/2013 16:06:31
00759 ys3104-ib   ./main_ball 4 0  Done                     05/15/2013 16:06:31
00761 ys3104-ib   ./main_ball 4 0  Done                     05/15/2013 16:06:31
00762 ys3104-ib   ./main_ball 4 0  Done                     05/15/2013 16:06:31
00763 ys3104-ib   ./main_ball 4 0  Done                     05/15/2013 16:06:31
00764 ys3104-ib   ./main_ball 4 0  Done                     05/15/2013 16:06:31
00765 ys3104-ib   ./main_ball 4 0  Done                     05/15/2013 16:06:31
00766 ys3104-ib   ./main_ball 4 0  Done                     05/15/2013 16:06:31
00767 ys3104-ib   ./main_ball 4 0  Done                     05/15/2013 16:06:31
00736 ys3103-ib  ./main_ball 4 0   Done                     05/15/2013 16:06:31
00737 ys3103-ib   ./main_ball 4 0  Done                     05/15/2013 16:06:31
00738 ys3103-ib   ./main_ball 4 0  Done                     05/15/2013 16:06:31
00751 ys3103-ib   ./main_ball 4 0  Done                     05/15/2013 16:06:31
00740 ys3103-ib   ./main_ball 4 0  Done                     05/15/2013 16:06:31
00739 ys3103-ib   ./main_ball 4 0  Done                     05/15/2013 16:06:31
00741 ys3103-ib   ./main_ball 4 0  Done                     05/15/2013 16:06:31
00742 ys3103-ib   ./main_ball 4 0  Done                     05/15/2013 16:06:31
00743 ys3103-ib   ./main_ball 4 0  Done                     05/15/2013 16:06:31
00744 ys3103-ib   ./main_ball 4 0  Done                     05/15/2013 16:06:31
00745 ys3103-ib   ./main_ball 4 0  Done                     05/15/2013 16:06:31
00746 ys3103-ib   ./main_ball 4 0  Done                     05/15/2013 16:06:31
00747 ys3103-ib   ./main_ball 4 0  Done                     05/15/2013 16:06:31
00748 ys3103-ib   ./main_ball 4 0  Done                     05/15/2013 16:06:31
00750 ys3103-ib   ./main_ball 4 0  Done                     05/15/2013 16:06:31
00749 ys3103-ib   ./main_ball 4 0  Done                     05/15/2013 16:06:31
00720 ys3102-ib  ./main_ball 4 0   Done                     05/15/2013 16:06:31
00732 ys3102-ib   ./main_ball 4 0  Done                     05/15/2013 16:06:31
00733 ys3102-ib   ./main_ball 4 0  Done                     05/15/2013 16:06:31
00734 ys3102-ib   ./main_ball 4 0  Done                     05/15/2013 16:06:31
00735 ys3102-ib   ./main_ball 4 0  Done                     05/15/2013 16:06:31
00721 ys3102-ib   ./main_ball 4 0  Done                     05/15/2013 16:06:31
00722 ys3102-ib   ./main_ball 4 0  Done                     05/15/2013 16:06:31
00723 ys3102-ib   ./main_ball 4 0  Done                     05/15/2013 16:06:31
00724 ys3102-ib   ./main_ball 4 0  Done                     05/15/2013 16:06:31
00725 ys3102-ib   ./main_ball 4 0  Done                     05/15/2013 16:06:31
00726 ys3102-ib   ./main_ball 4 0  Done                     05/15/2013 16:06:31
00727 ys3102-ib   ./main_ball 4 0  Done                     05/15/2013 16:06:31
00728 ys3102-ib   ./main_ball 4 0  Done                     05/15/2013 16:06:31
00730 ys3102-ib   ./main_ball 4 0  Done                     05/15/2013 16:06:31
00729 ys3102-ib   ./main_ball 4 0  Done                     05/15/2013 16:06:31
00731 ys3102-ib   ./main_ball 4 0  Done                     05/15/2013 16:06:31
00704 ys3101-ib  ./main_ball 4 0   Done                     05/15/2013 16:06:31
00713 ys3101-ib   ./main_ball 4 0  Done                     05/15/2013 16:06:31
00714 ys3101-ib   ./main_ball 4 0  Done                     05/15/2013 16:06:31
00715 ys3101-ib   ./main_ball 4 0  Done                     05/15/2013 16:06:31
00716 ys3101-ib   ./main_ball 4 0  Done                     05/15/2013 16:06:31
00717 ys3101-ib   ./main_ball 4 0  Done                     05/15/2013 16:06:31
00718 ys3101-ib   ./main_ball 4 0  Done                     05/15/2013 16:06:31
00719 ys3101-ib   ./main_ball 4 0  Done                     05/15/2013 16:06:31
00705 ys3101-ib   ./main_ball 4 0  Done                     05/15/2013 16:06:31
00706 ys3101-ib   ./main_ball 4 0  Done                     05/15/2013 16:06:31
00707 ys3101-ib   ./main_ball 4 0  Done                     05/15/2013 16:06:31
00708 ys3101-ib   ./main_ball 4 0  Done                     05/15/2013 16:06:31
00710 ys3101-ib   ./main_ball 4 0  Done                     05/15/2013 16:06:31
00709 ys3101-ib   ./main_ball 4 0  Done                     05/15/2013 16:06:31
00711 ys3101-ib   ./main_ball 4 0  Done                     05/15/2013 16:06:31
00712 ys3101-ib   ./main_ball 4 0  Done                     05/15/2013 16:06:31
00688 ys3072-ib  ./main_ball 4 0   Done                     05/15/2013 16:06:31
00700 ys3072-ib   ./main_ball 4 0  Done                     05/15/2013 16:06:31
00690 ys3072-ib   ./main_ball 4 0  Done                     05/15/2013 16:06:31
00689 ys3072-ib   ./main_ball 4 0  Done                     05/15/2013 16:06:31
00701 ys3072-ib   ./main_ball 4 0  Done                     05/15/2013 16:06:31
00691 ys3072-ib   ./main_ball 4 0  Done                     05/15/2013 16:06:31
00702 ys3072-ib   ./main_ball 4 0  Done                     05/15/2013 16:06:31
00692 ys3072-ib   ./main_ball 4 0  Done                     05/15/2013 16:06:31
00703 ys3072-ib   ./main_ball 4 0  Done                     05/15/2013 16:06:31
00693 ys3072-ib   ./main_ball 4 0  Done                     05/15/2013 16:06:31
00694 ys3072-ib   ./main_ball 4 0  Done                     05/15/2013 16:06:31
00695 ys3072-ib   ./main_ball 4 0  Done                     05/15/2013 16:06:31
00696 ys3072-ib   ./main_ball 4 0  Done                     05/15/2013 16:06:31
00697 ys3072-ib   ./main_ball 4 0  Done                     05/15/2013 16:06:31
00698 ys3072-ib   ./main_ball 4 0  Done                     05/15/2013 16:06:31
00699 ys3072-ib   ./main_ball 4 0  Done                     05/15/2013 16:06:31
00672 ys3071-ib  ./main_ball 4 0   Done                     05/15/2013 16:06:31
00684 ys3071-ib   ./main_ball 4 0  Done                     05/15/2013 16:06:31
00685 ys3071-ib   ./main_ball 4 0  Done                     05/15/2013 16:06:31
00686 ys3071-ib   ./main_ball 4 0  Done                     05/15/2013 16:06:31
00687 ys3071-ib   ./main_ball 4 0  Done                     05/15/2013 16:06:31
00673 ys3071-ib   ./main_ball 4 0  Done                     05/15/2013 16:06:31
00674 ys3071-ib   ./main_ball 4 0  Done                     05/15/2013 16:06:31
00675 ys3071-ib   ./main_ball 4 0  Done                     05/15/2013 16:06:31
00676 ys3071-ib   ./main_ball 4 0  Done                     05/15/2013 16:06:31
00677 ys3071-ib   ./main_ball 4 0  Done                     05/15/2013 16:06:31
00678 ys3071-ib   ./main_ball 4 0  Done                     05/15/2013 16:06:31
00680 ys3071-ib   ./main_ball 4 0  Done                     05/15/2013 16:06:31
00679 ys3071-ib   ./main_ball 4 0  Done                     05/15/2013 16:06:31
00681 ys3071-ib   ./main_ball 4 0  Done                     05/15/2013 16:06:31
00682 ys3071-ib   ./main_ball 4 0  Done                     05/15/2013 16:06:31
00683 ys3071-ib   ./main_ball 4 0  Done                     05/15/2013 16:06:31
00656 ys3070-ib  ./main_ball 4 0   Done                     05/15/2013 16:06:31
00665 ys3070-ib   ./main_ball 4 0  Done                     05/15/2013 16:06:31
00666 ys3070-ib   ./main_ball 4 0  Done                     05/15/2013 16:06:31
00667 ys3070-ib   ./main_ball 4 0  Done                     05/15/2013 16:06:31
00668 ys3070-ib   ./main_ball 4 0  Done                     05/15/2013 16:06:31
00670 ys3070-ib   ./main_ball 4 0  Done                     05/15/2013 16:06:31
00669 ys3070-ib   ./main_ball 4 0  Done                     05/15/2013 16:06:31
00671 ys3070-ib   ./main_ball 4 0  Done                     05/15/2013 16:06:31
00657 ys3070-ib   ./main_ball 4 0  Done                     05/15/2013 16:06:31
00658 ys3070-ib   ./main_ball 4 0  Done                     05/15/2013 16:06:31
00660 ys3070-ib   ./main_ball 4 0  Done                     05/15/2013 16:06:31
00659 ys3070-ib   ./main_ball 4 0  Done                     05/15/2013 16:06:31
00661 ys3070-ib   ./main_ball 4 0  Done                     05/15/2013 16:06:31
00662 ys3070-ib   ./main_ball 4 0  Done                     05/15/2013 16:06:31
00663 ys3070-ib   ./main_ball 4 0  Done                     05/15/2013 16:06:31
00664 ys3070-ib   ./main_ball 4 0  Done                     05/15/2013 16:06:31
00640 ys3069-ib  ./main_ball 4 0   Done                     05/15/2013 16:06:31
00642 ys3069-ib   ./main_ball 4 0  Done                     05/15/2013 16:06:31
00646 ys3069-ib   ./main_ball 4 0  Done                     05/15/2013 16:06:31
00647 ys3069-ib   ./main_ball 4 0  Done                     05/15/2013 16:06:31
00648 ys3069-ib   ./main_ball 4 0  Done                     05/15/2013 16:06:31
00650 ys3069-ib   ./main_ball 4 0  Done                     05/15/2013 16:06:31
00649 ys3069-ib   ./main_ball 4 0  Done                     05/15/2013 16:06:31
00651 ys3069-ib   ./main_ball 4 0  Done                     05/15/2013 16:06:31
00652 ys3069-ib   ./main_ball 4 0  Done                     05/15/2013 16:06:31
00653 ys3069-ib   ./main_ball 4 0  Done                     05/15/2013 16:06:31
00654 ys3069-ib   ./main_ball 4 0  Done                     05/15/2013 16:06:31
00655 ys3069-ib   ./main_ball 4 0  Done                     05/15/2013 16:06:31
00641 ys3069-ib   ./main_ball 4 0  Done                     05/15/2013 16:06:31
00643 ys3069-ib   ./main_ball 4 0  Done                     05/15/2013 16:06:31
00644 ys3069-ib   ./main_ball 4 0  Done                     05/15/2013 16:06:31
00645 ys3069-ib   ./main_ball 4 0  Done                     05/15/2013 16:06:31
00624 ys3068-ib  ./main_ball 4 0   Done                     05/15/2013 16:06:31
00627 ys3068-ib   ./main_ball 4 0  Done                     05/15/2013 16:06:31
00628 ys3068-ib   ./main_ball 4 0  Done                     05/15/2013 16:06:31
00630 ys3068-ib   ./main_ball 4 0  Done                     05/15/2013 16:06:31
00629 ys3068-ib   ./main_ball 4 0  Done                     05/15/2013 16:06:31
00631 ys3068-ib   ./main_ball 4 0  Done                     05/15/2013 16:06:31
00632 ys3068-ib   ./main_ball 4 0  Done                     05/15/2013 16:06:31
00633 ys3068-ib   ./main_ball 4 0  Done                     05/15/2013 16:06:31
00634 ys3068-ib   ./main_ball 4 0  Done                     05/15/2013 16:06:31
00635 ys3068-ib   ./main_ball 4 0  Done                     05/15/2013 16:06:31
00636 ys3068-ib   ./main_ball 4 0  Done                     05/15/2013 16:06:31
00637 ys3068-ib   ./main_ball 4 0  Done                     05/15/2013 16:06:31
00638 ys3068-ib   ./main_ball 4 0  Done                     05/15/2013 16:06:31
00639 ys3068-ib   ./main_ball 4 0  Done                     05/15/2013 16:06:31
00625 ys3068-ib   ./main_ball 4 0  Done                     05/15/2013 16:06:31
00626 ys3068-ib   ./main_ball 4 0  Done                     05/15/2013 16:06:31
00608 ys3067-ib  ./main_ball 4 0   Done                     05/15/2013 16:06:31
00610 ys3067-ib   ./main_ball 4 0  Done                     05/15/2013 16:06:31
00609 ys3067-ib   ./main_ball 4 0  Done                     05/15/2013 16:06:31
00611 ys3067-ib   ./main_ball 4 0  Done                     05/15/2013 16:06:31
00612 ys3067-ib   ./main_ball 4 0  Done                     05/15/2013 16:06:31
00613 ys3067-ib   ./main_ball 4 0  Done                     05/15/2013 16:06:31
00614 ys3067-ib   ./main_ball 4 0  Done                     05/15/2013 16:06:31
00615 ys3067-ib   ./main_ball 4 0  Done                     05/15/2013 16:06:31
00616 ys3067-ib   ./main_ball 4 0  Done                     05/15/2013 16:06:31
00617 ys3067-ib   ./main_ball 4 0  Done                     05/15/2013 16:06:31
00618 ys3067-ib   ./main_ball 4 0  Done                     05/15/2013 16:06:31
00620 ys3067-ib   ./main_ball 4 0  Done                     05/15/2013 16:06:31
00619 ys3067-ib   ./main_ball 4 0  Done                     05/15/2013 16:06:31
00621 ys3067-ib   ./main_ball 4 0  Done                     05/15/2013 16:06:31
00622 ys3067-ib   ./main_ball 4 0  Done                     05/15/2013 16:06:31
00623 ys3067-ib   ./main_ball 4 0  Done                     05/15/2013 16:06:31
00592 ys3066-ib  ./main_ball 4 0   Done                     05/15/2013 16:06:31
00594 ys3066-ib   ./main_ball 4 0  Done                     05/15/2013 16:06:31
00598 ys3066-ib   ./main_ball 4 0  Done                     05/15/2013 16:06:31
00599 ys3066-ib   ./main_ball 4 0  Done                     05/15/2013 16:06:31
00600 ys3066-ib   ./main_ball 4 0  Done                     05/15/2013 16:06:31
00601 ys3066-ib   ./main_ball 4 0  Done                     05/15/2013 16:06:31
00602 ys3066-ib   ./main_ball 4 0  Done                     05/15/2013 16:06:31
00603 ys3066-ib   ./main_ball 4 0  Done                     05/15/2013 16:06:31
00593 ys3066-ib   ./main_ball 4 0  Done                     05/15/2013 16:06:31
00604 ys3066-ib   ./main_ball 4 0  Done                     05/15/2013 16:06:31
00605 ys3066-ib   ./main_ball 4 0  Done                     05/15/2013 16:06:31
00595 ys3066-ib   ./main_ball 4 0  Done                     05/15/2013 16:06:31
00606 ys3066-ib   ./main_ball 4 0  Done                     05/15/2013 16:06:31
00596 ys3066-ib   ./main_ball 4 0  Done                     05/15/2013 16:06:31
00607 ys3066-ib   ./main_ball 4 0  Done                     05/15/2013 16:06:31
00597 ys3066-ib   ./main_ball 4 0  Done                     05/15/2013 16:06:31
00576 ys3065-ib  ./main_ball 4 0   Done                     05/15/2013 16:06:31
00580 ys3065-ib   ./main_ball 4 0  Done                     05/15/2013 16:06:31
00579 ys3065-ib   ./main_ball 4 0  Done                     05/15/2013 16:06:31
00581 ys3065-ib   ./main_ball 4 0  Done                     05/15/2013 16:06:31
00582 ys3065-ib   ./main_ball 4 0  Done                     05/15/2013 16:06:31
00583 ys3065-ib   ./main_ball 4 0  Done                     05/15/2013 16:06:31
00584 ys3065-ib   ./main_ball 4 0  Done                     05/15/2013 16:06:31
00585 ys3065-ib   ./main_ball 4 0  Done                     05/15/2013 16:06:31
00586 ys3065-ib   ./main_ball 4 0  Done                     05/15/2013 16:06:31
00587 ys3065-ib   ./main_ball 4 0  Done                     05/15/2013 16:06:31
00588 ys3065-ib   ./main_ball 4 0  Done                     05/15/2013 16:06:31
00590 ys3065-ib   ./main_ball 4 0  Done                     05/15/2013 16:06:31
00589 ys3065-ib   ./main_ball 4 0  Done                     05/15/2013 16:06:31
00591 ys3065-ib   ./main_ball 4 0  Done                     05/15/2013 16:06:31
00577 ys3065-ib   ./main_ball 4 0  Done                     05/15/2013 16:06:31
00578 ys3065-ib   ./main_ball 4 0  Done                     05/15/2013 16:06:31
00560 ys3064-ib  ./main_ball 4 0   Done                     05/15/2013 16:06:31
00561 ys3064-ib   ./main_ball 4 0  Done                     05/15/2013 16:06:31
00562 ys3064-ib   ./main_ball 4 0  Done                     05/15/2013 16:06:31
00563 ys3064-ib   ./main_ball 4 0  Done                     05/15/2013 16:06:31
00564 ys3064-ib   ./main_ball 4 0  Done                     05/15/2013 16:06:31
00565 ys3064-ib   ./main_ball 4 0  Done                     05/15/2013 16:06:31
00566 ys3064-ib   ./main_ball 4 0  Done                     05/15/2013 16:06:31
00567 ys3064-ib   ./main_ball 4 0  Done                     05/15/2013 16:06:31
00568 ys3064-ib   ./main_ball 4 0  Done                     05/15/2013 16:06:31
00570 ys3064-ib   ./main_ball 4 0  Done                     05/15/2013 16:06:31
00569 ys3064-ib   ./main_ball 4 0  Done                     05/15/2013 16:06:31
00571 ys3064-ib   ./main_ball 4 0  Done                     05/15/2013 16:06:31
00572 ys3064-ib   ./main_ball 4 0  Done                     05/15/2013 16:06:31
00573 ys3064-ib   ./main_ball 4 0  Done                     05/15/2013 16:06:31
00574 ys3064-ib   ./main_ball 4 0  Done                     05/15/2013 16:06:31
00575 ys3064-ib   ./main_ball 4 0  Done                     05/15/2013 16:06:31
00544 ys3063-ib  ./main_ball 4 0   Done                     05/15/2013 16:06:31
00546 ys3063-ib   ./main_ball 4 0  Done                     05/15/2013 16:06:31
00545 ys3063-ib   ./main_ball 4 0  Done                     05/15/2013 16:06:31
00547 ys3063-ib   ./main_ball 4 0  Done                     05/15/2013 16:06:31
00548 ys3063-ib   ./main_ball 4 0  Done                     05/15/2013 16:06:31
00550 ys3063-ib   ./main_ball 4 0  Done                     05/15/2013 16:06:31
00549 ys3063-ib   ./main_ball 4 0  Done                     05/15/2013 16:06:31
00551 ys3063-ib   ./main_ball 4 0  Done                     05/15/2013 16:06:31
00552 ys3063-ib   ./main_ball 4 0  Done                     05/15/2013 16:06:31
00553 ys3063-ib   ./main_ball 4 0  Done                     05/15/2013 16:06:31
00554 ys3063-ib   ./main_ball 4 0  Done                     05/15/2013 16:06:31
00555 ys3063-ib   ./main_ball 4 0  Done                     05/15/2013 16:06:31
00556 ys3063-ib   ./main_ball 4 0  Done                     05/15/2013 16:06:31
00557 ys3063-ib   ./main_ball 4 0  Done                     05/15/2013 16:06:31
00558 ys3063-ib   ./main_ball 4 0  Done                     05/15/2013 16:06:31
00559 ys3063-ib   ./main_ball 4 0  Done                     05/15/2013 16:06:31
00528 ys3062-ib  ./main_ball 4 0   Done                     05/15/2013 16:06:31
00542 ys3062-ib   ./main_ball 4 0  Done                     05/15/2013 16:06:31
00543 ys3062-ib   ./main_ball 4 0  Done                     05/15/2013 16:06:31
00530 ys3062-ib   ./main_ball 4 0  Done                     05/15/2013 16:06:31
00529 ys3062-ib   ./main_ball 4 0  Done                     05/15/2013 16:06:31
00531 ys3062-ib   ./main_ball 4 0  Done                     05/15/2013 16:06:31
00532 ys3062-ib   ./main_ball 4 0  Done                     05/15/2013 16:06:31
00533 ys3062-ib   ./main_ball 4 0  Done                     05/15/2013 16:06:31
00534 ys3062-ib   ./main_ball 4 0  Done                     05/15/2013 16:06:31
00535 ys3062-ib   ./main_ball 4 0  Done                     05/15/2013 16:06:31
00536 ys3062-ib   ./main_ball 4 0  Done                     05/15/2013 16:06:31
00537 ys3062-ib   ./main_ball 4 0  Done                     05/15/2013 16:06:31
00538 ys3062-ib   ./main_ball 4 0  Done                     05/15/2013 16:06:31
00540 ys3062-ib   ./main_ball 4 0  Done                     05/15/2013 16:06:31
00539 ys3062-ib   ./main_ball 4 0  Done                     05/15/2013 16:06:31
00541 ys3062-ib   ./main_ball 4 0  Done                     05/15/2013 16:06:31
00512 ys3061-ib  ./main_ball 4 0   Done                     05/15/2013 16:06:31
00523 ys3061-ib   ./main_ball 4 0  Done                     05/15/2013 16:06:31
00524 ys3061-ib   ./main_ball 4 0  Done                     05/15/2013 16:06:31
00525 ys3061-ib   ./main_ball 4 0  Done                     05/15/2013 16:06:31
00526 ys3061-ib   ./main_ball 4 0  Done                     05/15/2013 16:06:31
00527 ys3061-ib   ./main_ball 4 0  Done                     05/15/2013 16:06:31
00513 ys3061-ib   ./main_ball 4 0  Done                     05/15/2013 16:06:31
00514 ys3061-ib   ./main_ball 4 0  Done                     05/15/2013 16:06:31
00515 ys3061-ib   ./main_ball 4 0  Done                     05/15/2013 16:06:31
00516 ys3061-ib   ./main_ball 4 0  Done                     05/15/2013 16:06:31
00517 ys3061-ib   ./main_ball 4 0  Done                     05/15/2013 16:06:31
00518 ys3061-ib   ./main_ball 4 0  Done                     05/15/2013 16:06:31
00520 ys3061-ib   ./main_ball 4 0  Done                     05/15/2013 16:06:31
00519 ys3061-ib   ./main_ball 4 0  Done                     05/15/2013 16:06:31
00521 ys3061-ib   ./main_ball 4 0  Done                     05/15/2013 16:06:31
00522 ys3061-ib   ./main_ball 4 0  Done                     05/15/2013 16:06:31
00496 ys3060-ib  ./main_ball 4 0   Done                     05/15/2013 16:06:31
00504 ys3060-ib   ./main_ball 4 0  Done                     05/15/2013 16:06:31
00505 ys3060-ib   ./main_ball 4 0  Done                     05/15/2013 16:06:31
00506 ys3060-ib   ./main_ball 4 0  Done                     05/15/2013 16:06:31
00507 ys3060-ib   ./main_ball 4 0  Done                     05/15/2013 16:06:31
00497 ys3060-ib   ./main_ball 4 0  Done                     05/15/2013 16:06:31
00508 ys3060-ib   ./main_ball 4 0  Done                     05/15/2013 16:06:31
00498 ys3060-ib   ./main_ball 4 0  Done                     05/15/2013 16:06:31
00510 ys3060-ib   ./main_ball 4 0  Done                     05/15/2013 16:06:31
00509 ys3060-ib   ./main_ball 4 0  Done                     05/15/2013 16:06:31
00499 ys3060-ib   ./main_ball 4 0  Done                     05/15/2013 16:06:31
00511 ys3060-ib   ./main_ball 4 0  Done                     05/15/2013 16:06:31
00500 ys3060-ib   ./main_ball 4 0  Done                     05/15/2013 16:06:31
00501 ys3060-ib   ./main_ball 4 0  Done                     05/15/2013 16:06:31
00502 ys3060-ib   ./main_ball 4 0  Done                     05/15/2013 16:06:31
00503 ys3060-ib   ./main_ball 4 0  Done                     05/15/2013 16:06:31
00480 ys3059-ib  ./main_ball 4 0   Done                     05/15/2013 16:06:31
00483 ys3059-ib   ./main_ball 4 0  Done                     05/15/2013 16:06:31
00494 ys3059-ib   ./main_ball 4 0  Done                     05/15/2013 16:06:31
00495 ys3059-ib   ./main_ball 4 0  Done                     05/15/2013 16:06:31
00481 ys3059-ib   ./main_ball 4 0  Done                     05/15/2013 16:06:31
00482 ys3059-ib   ./main_ball 4 0  Done                     05/15/2013 16:06:31
00484 ys3059-ib   ./main_ball 4 0  Done                     05/15/2013 16:06:31
00485 ys3059-ib   ./main_ball 4 0  Done                     05/15/2013 16:06:31
00486 ys3059-ib   ./main_ball 4 0  Done                     05/15/2013 16:06:31
00487 ys3059-ib   ./main_ball 4 0  Done                     05/15/2013 16:06:31
00488 ys3059-ib   ./main_ball 4 0  Done                     05/15/2013 16:06:31
00490 ys3059-ib   ./main_ball 4 0  Done                     05/15/2013 16:06:31
00489 ys3059-ib   ./main_ball 4 0  Done                     05/15/2013 16:06:31
00491 ys3059-ib   ./main_ball 4 0  Done                     05/15/2013 16:06:31
00492 ys3059-ib   ./main_ball 4 0  Done                     05/15/2013 16:06:31
00493 ys3059-ib   ./main_ball 4 0  Done                     05/15/2013 16:06:31
00464 ys3058-ib  ./main_ball 4 0   Done                     05/15/2013 16:06:31
00475 ys3058-ib   ./main_ball 4 0  Done                     05/15/2013 16:06:31
00476 ys3058-ib   ./main_ball 4 0  Done                     05/15/2013 16:06:31
00477 ys3058-ib   ./main_ball 4 0  Done                     05/15/2013 16:06:31
00478 ys3058-ib   ./main_ball 4 0  Done                     05/15/2013 16:06:31
00479 ys3058-ib   ./main_ball 4 0  Done                     05/15/2013 16:06:31
00465 ys3058-ib   ./main_ball 4 0  Done                     05/15/2013 16:06:31
00466 ys3058-ib   ./main_ball 4 0  Done                     05/15/2013 16:06:31
00467 ys3058-ib   ./main_ball 4 0  Done                     05/15/2013 16:06:31
00468 ys3058-ib   ./main_ball 4 0  Done                     05/15/2013 16:06:31
00470 ys3058-ib   ./main_ball 4 0  Done                     05/15/2013 16:06:31
00469 ys3058-ib   ./main_ball 4 0  Done                     05/15/2013 16:06:31
00471 ys3058-ib   ./main_ball 4 0  Done                     05/15/2013 16:06:31
00472 ys3058-ib   ./main_ball 4 0  Done                     05/15/2013 16:06:31
00473 ys3058-ib   ./main_ball 4 0  Done                     05/15/2013 16:06:31
00474 ys3058-ib   ./main_ball 4 0  Done                     05/15/2013 16:06:31
00448 ys3057-ib  ./main_ball 4 0   Done                     05/15/2013 16:06:31
00450 ys3057-ib   ./main_ball 4 0  Done                     05/15/2013 16:06:31
00456 ys3057-ib   ./main_ball 4 0  Done                     05/15/2013 16:06:31
00457 ys3057-ib   ./main_ball 4 0  Done                     05/15/2013 16:06:31
00458 ys3057-ib   ./main_ball 4 0  Done                     05/15/2013 16:06:31
00460 ys3057-ib   ./main_ball 4 0  Done                     05/15/2013 16:06:31
00459 ys3057-ib   ./main_ball 4 0  Done                     05/15/2013 16:06:31
00461 ys3057-ib   ./main_ball 4 0  Done                     05/15/2013 16:06:31
00462 ys3057-ib   ./main_ball 4 0  Done                     05/15/2013 16:06:31
00463 ys3057-ib   ./main_ball 4 0  Done                     05/15/2013 16:06:31
00449 ys3057-ib   ./main_ball 4 0  Done                     05/15/2013 16:06:31
00451 ys3057-ib   ./main_ball 4 0  Done                     05/15/2013 16:06:31
00452 ys3057-ib   ./main_ball 4 0  Done                     05/15/2013 16:06:31
00453 ys3057-ib   ./main_ball 4 0  Done                     05/15/2013 16:06:31
00454 ys3057-ib   ./main_ball 4 0  Done                     05/15/2013 16:06:31
00455 ys3057-ib   ./main_ball 4 0  Done                     05/15/2013 16:06:31
00432 ys3056-ib  ./main_ball 4 0   Done                     05/15/2013 16:06:31
00437 ys3056-ib   ./main_ball 4 0  Done                     05/15/2013 16:06:31
00438 ys3056-ib   ./main_ball 4 0  Done                     05/15/2013 16:06:31
00440 ys3056-ib   ./main_ball 4 0  Done                     05/15/2013 16:06:31
00439 ys3056-ib   ./main_ball 4 0  Done                     05/15/2013 16:06:31
00441 ys3056-ib   ./main_ball 4 0  Done                     05/15/2013 16:06:31
00442 ys3056-ib   ./main_ball 4 0  Done                     05/15/2013 16:06:31
00443 ys3056-ib   ./main_ball 4 0  Done                     05/15/2013 16:06:31
00444 ys3056-ib   ./main_ball 4 0  Done                     05/15/2013 16:06:31
00445 ys3056-ib   ./main_ball 4 0  Done                     05/15/2013 16:06:31
00446 ys3056-ib   ./main_ball 4 0  Done                     05/15/2013 16:06:31
00447 ys3056-ib   ./main_ball 4 0  Done                     05/15/2013 16:06:31
00433 ys3056-ib   ./main_ball 4 0  Done                     05/15/2013 16:06:31
00434 ys3056-ib   ./main_ball 4 0  Done                     05/15/2013 16:06:31
00435 ys3056-ib   ./main_ball 4 0  Done                     05/15/2013 16:06:31
00436 ys3056-ib   ./main_ball 4 0  Done                     05/15/2013 16:06:31
00416 ys3055-ib  ./main_ball 4 0   Done                     05/15/2013 16:06:31
00418 ys3055-ib   ./main_ball 4 0  Done                     05/15/2013 16:06:31
00420 ys3055-ib   ./main_ball 4 0  Done                     05/15/2013 16:06:31
00419 ys3055-ib   ./main_ball 4 0  Done                     05/15/2013 16:06:31
00421 ys3055-ib   ./main_ball 4 0  Done                     05/15/2013 16:06:31
00417 ys3055-ib   ./main_ball 4 0  Done                     05/15/2013 16:06:31
00422 ys3055-ib   ./main_ball 4 0  Done                     05/15/2013 16:06:31
00423 ys3055-ib   ./main_ball 4 0  Done                     05/15/2013 16:06:31
00424 ys3055-ib   ./main_ball 4 0  Done                     05/15/2013 16:06:31
00425 ys3055-ib   ./main_ball 4 0  Done                     05/15/2013 16:06:31
00426 ys3055-ib   ./main_ball 4 0  Done                     05/15/2013 16:06:31
00427 ys3055-ib   ./main_ball 4 0  Done                     05/15/2013 16:06:31
00428 ys3055-ib   ./main_ball 4 0  Done                     05/15/2013 16:06:31
00430 ys3055-ib   ./main_ball 4 0  Done                     05/15/2013 16:06:31
00429 ys3055-ib   ./main_ball 4 0  Done                     05/15/2013 16:06:31
00431 ys3055-ib   ./main_ball 4 0  Done                     05/15/2013 16:06:31
00400 ys3054-ib  ./main_ball 4 0   Done                     05/15/2013 16:06:31
00401 ys3054-ib   ./main_ball 4 0  Done                     05/15/2013 16:06:31
00402 ys3054-ib   ./main_ball 4 0  Done                     05/15/2013 16:06:31
00403 ys3054-ib   ./main_ball 4 0  Done                     05/15/2013 16:06:31
00404 ys3054-ib   ./main_ball 4 0  Done                     05/15/2013 16:06:31
00405 ys3054-ib   ./main_ball 4 0  Done                     05/15/2013 16:06:31
00406 ys3054-ib   ./main_ball 4 0  Done                     05/15/2013 16:06:31
00407 ys3054-ib   ./main_ball 4 0  Done                     05/15/2013 16:06:31
00408 ys3054-ib   ./main_ball 4 0  Done                     05/15/2013 16:06:31
00410 ys3054-ib   ./main_ball 4 0  Done                     05/15/2013 16:06:31
00409 ys3054-ib   ./main_ball 4 0  Done                     05/15/2013 16:06:31
00411 ys3054-ib   ./main_ball 4 0  Done                     05/15/2013 16:06:31
00412 ys3054-ib   ./main_ball 4 0  Done                     05/15/2013 16:06:31
00413 ys3054-ib   ./main_ball 4 0  Done                     05/15/2013 16:06:31
00414 ys3054-ib   ./main_ball 4 0  Done                     05/15/2013 16:06:31
00415 ys3054-ib   ./main_ball 4 0  Done                     05/15/2013 16:06:31
00384 ys3053-ib  ./main_ball 4 0   Done                     05/15/2013 16:06:31
00386 ys3053-ib   ./main_ball 4 0  Done                     05/15/2013 16:06:31
00390 ys3053-ib   ./main_ball 4 0  Done                     05/15/2013 16:06:31
00389 ys3053-ib   ./main_ball 4 0  Done                     05/15/2013 16:06:31
00391 ys3053-ib   ./main_ball 4 0  Done                     05/15/2013 16:06:31
00392 ys3053-ib   ./main_ball 4 0  Done                     05/15/2013 16:06:31
00393 ys3053-ib   ./main_ball 4 0  Done                     05/15/2013 16:06:31
00394 ys3053-ib   ./main_ball 4 0  Done                     05/15/2013 16:06:31
00395 ys3053-ib   ./main_ball 4 0  Done                     05/15/2013 16:06:31
00396 ys3053-ib   ./main_ball 4 0  Done                     05/15/2013 16:06:31
00397 ys3053-ib   ./main_ball 4 0  Done                     05/15/2013 16:06:31
00398 ys3053-ib   ./main_ball 4 0  Done                     05/15/2013 16:06:31
00399 ys3053-ib   ./main_ball 4 0  Done                     05/15/2013 16:06:31
00385 ys3053-ib   ./main_ball 4 0  Done                     05/15/2013 16:06:31
00387 ys3053-ib   ./main_ball 4 0  Done                     05/15/2013 16:06:31
00388 ys3053-ib   ./main_ball 4 0  Done                     05/15/2013 16:06:31
00368 ys3052-ib  ./main_ball 4 0   Done                     05/15/2013 16:06:31
00370 ys3052-ib   ./main_ball 4 0  Done                     05/15/2013 16:06:31
00371 ys3052-ib   ./main_ball 4 0  Done                     05/15/2013 16:06:31
00372 ys3052-ib   ./main_ball 4 0  Done                     05/15/2013 16:06:31
00373 ys3052-ib   ./main_ball 4 0  Done                     05/15/2013 16:06:31
00374 ys3052-ib   ./main_ball 4 0  Done                     05/15/2013 16:06:31
00375 ys3052-ib   ./main_ball 4 0  Done                     05/15/2013 16:06:31
00376 ys3052-ib   ./main_ball 4 0  Done                     05/15/2013 16:06:31
00377 ys3052-ib   ./main_ball 4 0  Done                     05/15/2013 16:06:31
00378 ys3052-ib   ./main_ball 4 0  Done                     05/15/2013 16:06:31
00380 ys3052-ib   ./main_ball 4 0  Done                     05/15/2013 16:06:31
00379 ys3052-ib   ./main_ball 4 0  Done                     05/15/2013 16:06:31
00381 ys3052-ib   ./main_ball 4 0  Done                     05/15/2013 16:06:31
00382 ys3052-ib   ./main_ball 4 0  Done                     05/15/2013 16:06:31
00383 ys3052-ib   ./main_ball 4 0  Done                     05/15/2013 16:06:31
00369 ys3052-ib   ./main_ball 4 0  Done                     05/15/2013 16:06:31
00352 ys3051-ib  ./main_ball 4 0   Done                     05/15/2013 16:06:31
00353 ys3051-ib   ./main_ball 4 0  Done                     05/15/2013 16:06:31
00354 ys3051-ib   ./main_ball 4 0  Done                     05/15/2013 16:06:31
00355 ys3051-ib   ./main_ball 4 0  Done                     05/15/2013 16:06:31
00356 ys3051-ib   ./main_ball 4 0  Done                     05/15/2013 16:06:31
00357 ys3051-ib   ./main_ball 4 0  Done                     05/15/2013 16:06:31
00358 ys3051-ib   ./main_ball 4 0  Done                     05/15/2013 16:06:31
00360 ys3051-ib   ./main_ball 4 0  Done                     05/15/2013 16:06:31
00359 ys3051-ib   ./main_ball 4 0  Done                     05/15/2013 16:06:31
00361 ys3051-ib   ./main_ball 4 0  Done                     05/15/2013 16:06:31
00362 ys3051-ib   ./main_ball 4 0  Done                     05/15/2013 16:06:31
00363 ys3051-ib   ./main_ball 4 0  Done                     05/15/2013 16:06:31
00364 ys3051-ib   ./main_ball 4 0  Done                     05/15/2013 16:06:31
00365 ys3051-ib   ./main_ball 4 0  Done                     05/15/2013 16:06:31
00366 ys3051-ib   ./main_ball 4 0  Done                     05/15/2013 16:06:31
00367 ys3051-ib   ./main_ball 4 0  Done                     05/15/2013 16:06:31
00336 ys3050-ib  ./main_ball 4 0   Done                     05/15/2013 16:06:31
00338 ys3050-ib   ./main_ball 4 0  Done                     05/15/2013 16:06:31
00339 ys3050-ib   ./main_ball 4 0  Done                     05/15/2013 16:06:31
00337 ys3050-ib   ./main_ball 4 0  Done                     05/15/2013 16:06:31
00340 ys3050-ib   ./main_ball 4 0  Done                     05/15/2013 16:06:31
00341 ys3050-ib   ./main_ball 4 0  Done                     05/15/2013 16:06:31
00342 ys3050-ib   ./main_ball 4 0  Done                     05/15/2013 16:06:31
00343 ys3050-ib   ./main_ball 4 0  Done                     05/15/2013 16:06:31
00344 ys3050-ib   ./main_ball 4 0  Done                     05/15/2013 16:06:31
00345 ys3050-ib   ./main_ball 4 0  Done                     05/15/2013 16:06:31
00346 ys3050-ib   ./main_ball 4 0  Done                     05/15/2013 16:06:31
00347 ys3050-ib   ./main_ball 4 0  Done                     05/15/2013 16:06:31
00348 ys3050-ib   ./main_ball 4 0  Done                     05/15/2013 16:06:31
00350 ys3050-ib   ./main_ball 4 0  Done                     05/15/2013 16:06:31
00349 ys3050-ib   ./main_ball 4 0  Done                     05/15/2013 16:06:31
00351 ys3050-ib   ./main_ball 4 0  Done                     05/15/2013 16:06:31
00320 ys3049-ib  ./main_ball 4 0   Done                     05/15/2013 16:06:31
00333 ys3049-ib   ./main_ball 4 0  Done                     05/15/2013 16:06:31
00334 ys3049-ib   ./main_ball 4 0  Done                     05/15/2013 16:06:31
00335 ys3049-ib   ./main_ball 4 0  Done                     05/15/2013 16:06:31
00321 ys3049-ib   ./main_ball 4 0  Done                     05/15/2013 16:06:31
00322 ys3049-ib   ./main_ball 4 0  Done                     05/15/2013 16:06:31
00323 ys3049-ib   ./main_ball 4 0  Done                     05/15/2013 16:06:31
00324 ys3049-ib   ./main_ball 4 0  Done                     05/15/2013 16:06:31
00325 ys3049-ib   ./main_ball 4 0  Done                     05/15/2013 16:06:31
00326 ys3049-ib   ./main_ball 4 0  Done                     05/15/2013 16:06:31
00327 ys3049-ib   ./main_ball 4 0  Done                     05/15/2013 16:06:31
00328 ys3049-ib   ./main_ball 4 0  Done                     05/15/2013 16:06:31
00330 ys3049-ib   ./main_ball 4 0  Done                     05/15/2013 16:06:31
00329 ys3049-ib   ./main_ball 4 0  Done                     05/15/2013 16:06:31
00331 ys3049-ib   ./main_ball 4 0  Done                     05/15/2013 16:06:31
00332 ys3049-ib   ./main_ball 4 0  Done                     05/15/2013 16:06:31
00304 ys3048-ib  ./main_ball 4 0   Done                     05/15/2013 16:06:31
00305 ys3048-ib   ./main_ball 4 0  Done                     05/15/2013 16:06:31
00314 ys3048-ib   ./main_ball 4 0  Done                     05/15/2013 16:06:31
00315 ys3048-ib   ./main_ball 4 0  Done                     05/15/2013 16:06:31
00316 ys3048-ib   ./main_ball 4 0  Done                     05/15/2013 16:06:31
00317 ys3048-ib   ./main_ball 4 0  Done                     05/15/2013 16:06:31
00318 ys3048-ib   ./main_ball 4 0  Done                     05/15/2013 16:06:31
00319 ys3048-ib   ./main_ball 4 0  Done                     05/15/2013 16:06:31
00306 ys3048-ib   ./main_ball 4 0  Done                     05/15/2013 16:06:31
00307 ys3048-ib   ./main_ball 4 0  Done                     05/15/2013 16:06:31
00308 ys3048-ib   ./main_ball 4 0  Done                     05/15/2013 16:06:31
00310 ys3048-ib   ./main_ball 4 0  Done                     05/15/2013 16:06:31
00309 ys3048-ib   ./main_ball 4 0  Done                     05/15/2013 16:06:31
00311 ys3048-ib   ./main_ball 4 0  Done                     05/15/2013 16:06:31
00312 ys3048-ib   ./main_ball 4 0  Done                     05/15/2013 16:06:31
00313 ys3048-ib   ./main_ball 4 0  Done                     05/15/2013 16:06:31
00288 ys3047-ib  ./main_ball 4 0   Done                     05/15/2013 16:06:31
00300 ys3047-ib   ./main_ball 4 0  Done                     05/15/2013 16:06:31
00290 ys3047-ib   ./main_ball 4 0  Done                     05/15/2013 16:06:31
00289 ys3047-ib   ./main_ball 4 0  Done                     05/15/2013 16:06:31
00301 ys3047-ib   ./main_ball 4 0  Done                     05/15/2013 16:06:31
00291 ys3047-ib   ./main_ball 4 0  Done                     05/15/2013 16:06:31
00302 ys3047-ib   ./main_ball 4 0  Done                     05/15/2013 16:06:31
00292 ys3047-ib   ./main_ball 4 0  Done                     05/15/2013 16:06:31
00303 ys3047-ib   ./main_ball 4 0  Done                     05/15/2013 16:06:31
00293 ys3047-ib   ./main_ball 4 0  Done                     05/15/2013 16:06:31
00294 ys3047-ib   ./main_ball 4 0  Done                     05/15/2013 16:06:31
00295 ys3047-ib   ./main_ball 4 0  Done                     05/15/2013 16:06:31
00296 ys3047-ib   ./main_ball 4 0  Done                     05/15/2013 16:06:31
00297 ys3047-ib   ./main_ball 4 0  Done                     05/15/2013 16:06:31
00298 ys3047-ib   ./main_ball 4 0  Done                     05/15/2013 16:06:31
00299 ys3047-ib   ./main_ball 4 0  Done                     05/15/2013 16:06:31
00272 ys3046-ib  ./main_ball 4 0   Done                     05/15/2013 16:06:31
00285 ys3046-ib   ./main_ball 4 0  Done                     05/15/2013 16:06:31
00286 ys3046-ib   ./main_ball 4 0  Done                     05/15/2013 16:06:31
00287 ys3046-ib   ./main_ball 4 0  Done                     05/15/2013 16:06:31
00273 ys3046-ib   ./main_ball 4 0  Done                     05/15/2013 16:06:31
00274 ys3046-ib   ./main_ball 4 0  Done                     05/15/2013 16:06:31
00275 ys3046-ib   ./main_ball 4 0  Done                     05/15/2013 16:06:31
00276 ys3046-ib   ./main_ball 4 0  Done                     05/15/2013 16:06:31
00277 ys3046-ib   ./main_ball 4 0  Done                     05/15/2013 16:06:31
00278 ys3046-ib   ./main_ball 4 0  Done                     05/15/2013 16:06:31
00280 ys3046-ib   ./main_ball 4 0  Done                     05/15/2013 16:06:31
00279 ys3046-ib   ./main_ball 4 0  Done                     05/15/2013 16:06:31
00281 ys3046-ib   ./main_ball 4 0  Done                     05/15/2013 16:06:31
00282 ys3046-ib   ./main_ball 4 0  Done                     05/15/2013 16:06:31
00283 ys3046-ib   ./main_ball 4 0  Done                     05/15/2013 16:06:31
00284 ys3046-ib   ./main_ball 4 0  Done                     05/15/2013 16:06:31
00256 ys3045-ib  ./main_ball 4 0   Done                     05/15/2013 16:06:31
00266 ys3045-ib   ./main_ball 4 0  Done                     05/15/2013 16:06:31
00267 ys3045-ib   ./main_ball 4 0  Done                     05/15/2013 16:06:31
00268 ys3045-ib   ./main_ball 4 0  Done                     05/15/2013 16:06:31
00270 ys3045-ib   ./main_ball 4 0  Done                     05/15/2013 16:06:31
00269 ys3045-ib   ./main_ball 4 0  Done                     05/15/2013 16:06:31
00271 ys3045-ib   ./main_ball 4 0  Done                     05/15/2013 16:06:31
00257 ys3045-ib   ./main_ball 4 0  Done                     05/15/2013 16:06:31
00258 ys3045-ib   ./main_ball 4 0  Done                     05/15/2013 16:06:31
00260 ys3045-ib   ./main_ball 4 0  Done                     05/15/2013 16:06:31
00259 ys3045-ib   ./main_ball 4 0  Done                     05/15/2013 16:06:31
00261 ys3045-ib   ./main_ball 4 0  Done                     05/15/2013 16:06:31
00262 ys3045-ib   ./main_ball 4 0  Done                     05/15/2013 16:06:31
00263 ys3045-ib   ./main_ball 4 0  Done                     05/15/2013 16:06:31
00264 ys3045-ib   ./main_ball 4 0  Done                     05/15/2013 16:06:31
00265 ys3045-ib   ./main_ball 4 0  Done                     05/15/2013 16:06:31
00240 ys3044-ib  ./main_ball 4 0   Done                     05/15/2013 16:06:31
00242 ys3044-ib   ./main_ball 4 0  Done                     05/15/2013 16:06:31
00247 ys3044-ib   ./main_ball 4 0  Done                     05/15/2013 16:06:31
00248 ys3044-ib   ./main_ball 4 0  Done                     05/15/2013 16:06:31
00250 ys3044-ib   ./main_ball 4 0  Done                     05/15/2013 16:06:31
00249 ys3044-ib   ./main_ball 4 0  Done                     05/15/2013 16:06:31
00251 ys3044-ib   ./main_ball 4 0  Done                     05/15/2013 16:06:31
00252 ys3044-ib   ./main_ball 4 0  Done                     05/15/2013 16:06:31
00253 ys3044-ib   ./main_ball 4 0  Done                     05/15/2013 16:06:31
00254 ys3044-ib   ./main_ball 4 0  Done                     05/15/2013 16:06:31
00255 ys3044-ib   ./main_ball 4 0  Done                     05/15/2013 16:06:31
00241 ys3044-ib   ./main_ball 4 0  Done                     05/15/2013 16:06:31
00243 ys3044-ib   ./main_ball 4 0  Done                     05/15/2013 16:06:31
00244 ys3044-ib   ./main_ball 4 0  Done                     05/15/2013 16:06:31
00245 ys3044-ib   ./main_ball 4 0  Done                     05/15/2013 16:06:31
00246 ys3044-ib   ./main_ball 4 0  Done                     05/15/2013 16:06:31
00224 ys3043-ib  ./main_ball 4 0   Done                     05/15/2013 16:06:31
00228 ys3043-ib   ./main_ball 4 0  Done                     05/15/2013 16:06:31
00230 ys3043-ib   ./main_ball 4 0  Done                     05/15/2013 16:06:31
00229 ys3043-ib   ./main_ball 4 0  Done                     05/15/2013 16:06:31
00231 ys3043-ib   ./main_ball 4 0  Done                     05/15/2013 16:06:31
00232 ys3043-ib   ./main_ball 4 0  Done                     05/15/2013 16:06:31
00233 ys3043-ib   ./main_ball 4 0  Done                     05/15/2013 16:06:31
00234 ys3043-ib   ./main_ball 4 0  Done                     05/15/2013 16:06:31
00235 ys3043-ib   ./main_ball 4 0  Done                     05/15/2013 16:06:31
00236 ys3043-ib   ./main_ball 4 0  Done                     05/15/2013 16:06:31
00237 ys3043-ib   ./main_ball 4 0  Done                     05/15/2013 16:06:31
00238 ys3043-ib   ./main_ball 4 0  Done                     05/15/2013 16:06:31
00239 ys3043-ib   ./main_ball 4 0  Done                     05/15/2013 16:06:31
00225 ys3043-ib   ./main_ball 4 0  Done                     05/15/2013 16:06:31
00226 ys3043-ib   ./main_ball 4 0  Done                     05/15/2013 16:06:31
00227 ys3043-ib   ./main_ball 4 0  Done                     05/15/2013 16:06:31
00208 ys3042-ib  ./main_ball 4 0   Done                     05/15/2013 16:06:31
00210 ys3042-ib   ./main_ball 4 0  Done                     05/15/2013 16:06:31
00209 ys3042-ib   ./main_ball 4 0  Done                     05/15/2013 16:06:31
00211 ys3042-ib   ./main_ball 4 0  Done                     05/15/2013 16:06:31
00212 ys3042-ib   ./main_ball 4 0  Done                     05/15/2013 16:06:31
00213 ys3042-ib   ./main_ball 4 0  Done                     05/15/2013 16:06:31
00214 ys3042-ib   ./main_ball 4 0  Done                     05/15/2013 16:06:31
00215 ys3042-ib   ./main_ball 4 0  Done                     05/15/2013 16:06:31
00216 ys3042-ib   ./main_ball 4 0  Done                     05/15/2013 16:06:31
00217 ys3042-ib   ./main_ball 4 0  Done                     05/15/2013 16:06:31
00218 ys3042-ib   ./main_ball 4 0  Done                     05/15/2013 16:06:31
00220 ys3042-ib   ./main_ball 4 0  Done                     05/15/2013 16:06:31
00219 ys3042-ib   ./main_ball 4 0  Done                     05/15/2013 16:06:31
00221 ys3042-ib   ./main_ball 4 0  Done                     05/15/2013 16:06:31
00222 ys3042-ib   ./main_ball 4 0  Done                     05/15/2013 16:06:31
00223 ys3042-ib   ./main_ball 4 0  Done                     05/15/2013 16:06:31
00192 ys3041-ib  ./main_ball 4 0   Done                     05/15/2013 16:06:31
00199 ys3041-ib   ./main_ball 4 0  Done                     05/15/2013 16:06:31
00200 ys3041-ib   ./main_ball 4 0  Done                     05/15/2013 16:06:31
00201 ys3041-ib   ./main_ball 4 0  Done                     05/15/2013 16:06:31
00202 ys3041-ib   ./main_ball 4 0  Done                     05/15/2013 16:06:31
00203 ys3041-ib   ./main_ball 4 0  Done                     05/15/2013 16:06:31
00193 ys3041-ib   ./main_ball 4 0  Done                     05/15/2013 16:06:31
00204 ys3041-ib   ./main_ball 4 0  Done                     05/15/2013 16:06:31
00194 ys3041-ib   ./main_ball 4 0  Done                     05/15/2013 16:06:31
00205 ys3041-ib   ./main_ball 4 0  Done                     05/15/2013 16:06:31
00195 ys3041-ib   ./main_ball 4 0  Done                     05/15/2013 16:06:31
00206 ys3041-ib   ./main_ball 4 0  Done                     05/15/2013 16:06:31
00196 ys3041-ib   ./main_ball 4 0  Done                     05/15/2013 16:06:31
00207 ys3041-ib   ./main_ball 4 0  Done                     05/15/2013 16:06:31
00197 ys3041-ib   ./main_ball 4 0  Done                     05/15/2013 16:06:31
00198 ys3041-ib   ./main_ball 4 0  Done                     05/15/2013 16:06:31
00176 ys3040-ib  ./main_ball 4 0   Done                     05/15/2013 16:06:31
00177 ys3040-ib   ./main_ball 4 0  Done                     05/15/2013 16:06:31
00181 ys3040-ib   ./main_ball 4 0  Done                     05/15/2013 16:06:31
00182 ys3040-ib   ./main_ball 4 0  Done                     05/15/2013 16:06:31
00183 ys3040-ib   ./main_ball 4 0  Done                     05/15/2013 16:06:31
00184 ys3040-ib   ./main_ball 4 0  Done                     05/15/2013 16:06:31
00185 ys3040-ib   ./main_ball 4 0  Done                     05/15/2013 16:06:31
00186 ys3040-ib   ./main_ball 4 0  Done                     05/15/2013 16:06:31
00187 ys3040-ib   ./main_ball 4 0  Done                     05/15/2013 16:06:31
00188 ys3040-ib   ./main_ball 4 0  Done                     05/15/2013 16:06:31
00190 ys3040-ib   ./main_ball 4 0  Done                     05/15/2013 16:06:31
00189 ys3040-ib   ./main_ball 4 0  Done                     05/15/2013 16:06:31
00191 ys3040-ib   ./main_ball 4 0  Done                     05/15/2013 16:06:31
00178 ys3040-ib   ./main_ball 4 0  Done                     05/15/2013 16:06:31
00180 ys3040-ib   ./main_ball 4 0  Done                     05/15/2013 16:06:31
00179 ys3040-ib   ./main_ball 4 0  Done                     05/15/2013 16:06:31
00160 ys3039-ib  ./main_ball 4 0   Done                     05/15/2013 16:06:31
00162 ys3039-ib   ./main_ball 4 0  Done                     05/15/2013 16:06:31
00163 ys3039-ib   ./main_ball 4 0  Done                     05/15/2013 16:06:31
00164 ys3039-ib   ./main_ball 4 0  Done                     05/15/2013 16:06:31
00165 ys3039-ib   ./main_ball 4 0  Done                     05/15/2013 16:06:31
00166 ys3039-ib   ./main_ball 4 0  Done                     05/15/2013 16:06:31
00167 ys3039-ib   ./main_ball 4 0  Done                     05/15/2013 16:06:31
00168 ys3039-ib   ./main_ball 4 0  Done                     05/15/2013 16:06:31
00170 ys3039-ib   ./main_ball 4 0  Done                     05/15/2013 16:06:31
00169 ys3039-ib   ./main_ball 4 0  Done                     05/15/2013 16:06:31
00171 ys3039-ib   ./main_ball 4 0  Done                     05/15/2013 16:06:31
00172 ys3039-ib   ./main_ball 4 0  Done                     05/15/2013 16:06:31
00173 ys3039-ib   ./main_ball 4 0  Done                     05/15/2013 16:06:31
00174 ys3039-ib   ./main_ball 4 0  Done                     05/15/2013 16:06:31
00175 ys3039-ib   ./main_ball 4 0  Done                     05/15/2013 16:06:31
00161 ys3039-ib   ./main_ball 4 0  Done                     05/15/2013 16:06:31
00144 ys3038-ib  ./main_ball 4 0   Done                     05/15/2013 16:06:31
00146 ys3038-ib   ./main_ball 4 0  Done                     05/15/2013 16:06:31
00145 ys3038-ib   ./main_ball 4 0  Done                     05/15/2013 16:06:31
00147 ys3038-ib   ./main_ball 4 0  Done                     05/15/2013 16:06:31
00148 ys3038-ib   ./main_ball 4 0  Done                     05/15/2013 16:06:31
00150 ys3038-ib   ./main_ball 4 0  Done                     05/15/2013 16:06:31
00149 ys3038-ib   ./main_ball 4 0  Done                     05/15/2013 16:06:31
00151 ys3038-ib   ./main_ball 4 0  Done                     05/15/2013 16:06:31
00152 ys3038-ib   ./main_ball 4 0  Done                     05/15/2013 16:06:31
00153 ys3038-ib   ./main_ball 4 0  Done                     05/15/2013 16:06:31
00154 ys3038-ib   ./main_ball 4 0  Done                     05/15/2013 16:06:31
00155 ys3038-ib   ./main_ball 4 0  Done                     05/15/2013 16:06:31
00156 ys3038-ib   ./main_ball 4 0  Done                     05/15/2013 16:06:31
00157 ys3038-ib   ./main_ball 4 0  Done                     05/15/2013 16:06:31
00158 ys3038-ib   ./main_ball 4 0  Done                     05/15/2013 16:06:31
00159 ys3038-ib   ./main_ball 4 0  Done                     05/15/2013 16:06:31
00128 ys3037-ib  ./main_ball 4 0   Done                     05/15/2013 16:06:31
00143 ys3037-ib   ./main_ball 4 0  Done                     05/15/2013 16:06:31
00130 ys3037-ib   ./main_ball 4 0  Done                     05/15/2013 16:06:31
00129 ys3037-ib   ./main_ball 4 0  Done                     05/15/2013 16:06:31
00131 ys3037-ib   ./main_ball 4 0  Done                     05/15/2013 16:06:31
00132 ys3037-ib   ./main_ball 4 0  Done                     05/15/2013 16:06:31
00133 ys3037-ib   ./main_ball 4 0  Done                     05/15/2013 16:06:31
00134 ys3037-ib   ./main_ball 4 0  Done                     05/15/2013 16:06:31
00135 ys3037-ib   ./main_ball 4 0  Done                     05/15/2013 16:06:31
00136 ys3037-ib   ./main_ball 4 0  Done                     05/15/2013 16:06:31
00137 ys3037-ib   ./main_ball 4 0  Done                     05/15/2013 16:06:31
00138 ys3037-ib   ./main_ball 4 0  Done                     05/15/2013 16:06:31
00140 ys3037-ib   ./main_ball 4 0  Done                     05/15/2013 16:06:31
00139 ys3037-ib   ./main_ball 4 0  Done                     05/15/2013 16:06:31
00141 ys3037-ib   ./main_ball 4 0  Done                     05/15/2013 16:06:31
00142 ys3037-ib   ./main_ball 4 0  Done                     05/15/2013 16:06:31
00112 ys3036-ib  ./main_ball 4 0   Done                     05/15/2013 16:06:31
00124 ys3036-ib   ./main_ball 4 0  Done                     05/15/2013 16:06:31
00125 ys3036-ib   ./main_ball 4 0  Done                     05/15/2013 16:06:31
00126 ys3036-ib   ./main_ball 4 0  Done                     05/15/2013 16:06:31
00127 ys3036-ib   ./main_ball 4 0  Done                     05/15/2013 16:06:31
00113 ys3036-ib   ./main_ball 4 0  Done                     05/15/2013 16:06:31
00114 ys3036-ib   ./main_ball 4 0  Done                     05/15/2013 16:06:31
00115 ys3036-ib   ./main_ball 4 0  Done                     05/15/2013 16:06:31
00116 ys3036-ib   ./main_ball 4 0  Done                     05/15/2013 16:06:31
00117 ys3036-ib   ./main_ball 4 0  Done                     05/15/2013 16:06:31
00118 ys3036-ib   ./main_ball 4 0  Done                     05/15/2013 16:06:31
00120 ys3036-ib   ./main_ball 4 0  Done                     05/15/2013 16:06:31
00119 ys3036-ib   ./main_ball 4 0  Done                     05/15/2013 16:06:31
00121 ys3036-ib   ./main_ball 4 0  Done                     05/15/2013 16:06:31
00122 ys3036-ib   ./main_ball 4 0  Done                     05/15/2013 16:06:31
00123 ys3036-ib   ./main_ball 4 0  Done                     05/15/2013 16:06:31
00096 ys3035-ib  ./main_ball 4 0   Done                     05/15/2013 16:06:31
00105 ys3035-ib   ./main_ball 4 0  Done                     05/15/2013 16:06:31
00106 ys3035-ib   ./main_ball 4 0  Done                     05/15/2013 16:06:31
00107 ys3035-ib   ./main_ball 4 0  Done                     05/15/2013 16:06:31
00108 ys3035-ib   ./main_ball 4 0  Done                     05/15/2013 16:06:31
00110 ys3035-ib   ./main_ball 4 0  Done                     05/15/2013 16:06:31
00109 ys3035-ib   ./main_ball 4 0  Done                     05/15/2013 16:06:31
00111 ys3035-ib   ./main_ball 4 0  Done                     05/15/2013 16:06:31
00097 ys3035-ib   ./main_ball 4 0  Done                     05/15/2013 16:06:31
00098 ys3035-ib   ./main_ball 4 0  Done                     05/15/2013 16:06:31
00099 ys3035-ib   ./main_ball 4 0  Done                     05/15/2013 16:06:31
00100 ys3035-ib   ./main_ball 4 0  Done                     05/15/2013 16:06:31
00101 ys3035-ib   ./main_ball 4 0  Done                     05/15/2013 16:06:31
00102 ys3035-ib   ./main_ball 4 0  Done                     05/15/2013 16:06:31
00103 ys3035-ib   ./main_ball 4 0  Done                     05/15/2013 16:06:31
00104 ys3035-ib   ./main_ball 4 0  Done                     05/15/2013 16:06:31
00080 ys3034-ib  ./main_ball 4 0   Done                     05/15/2013 16:06:31
00090 ys3034-ib   ./main_ball 4 0  Done                     05/15/2013 16:06:31
00089 ys3034-ib   ./main_ball 4 0  Done                     05/15/2013 16:06:31
00091 ys3034-ib   ./main_ball 4 0  Done                     05/15/2013 16:06:31
00092 ys3034-ib   ./main_ball 4 0  Done                     05/15/2013 16:06:31
00093 ys3034-ib   ./main_ball 4 0  Done                     05/15/2013 16:06:31
00094 ys3034-ib   ./main_ball 4 0  Done                     05/15/2013 16:06:31
00095 ys3034-ib   ./main_ball 4 0  Done                     05/15/2013 16:06:31
00081 ys3034-ib   ./main_ball 4 0  Done                     05/15/2013 16:06:31
00082 ys3034-ib   ./main_ball 4 0  Done                     05/15/2013 16:06:31
00083 ys3034-ib   ./main_ball 4 0  Done                     05/15/2013 16:06:31
00084 ys3034-ib   ./main_ball 4 0  Done                     05/15/2013 16:06:31
00085 ys3034-ib   ./main_ball 4 0  Done                     05/15/2013 16:06:31
00086 ys3034-ib   ./main_ball 4 0  Done                     05/15/2013 16:06:31
00087 ys3034-ib   ./main_ball 4 0  Done                     05/15/2013 16:06:31
00088 ys3034-ib   ./main_ball 4 0  Done                     05/15/2013 16:06:31
00064 ys3033-ib  ./main_ball 4 0   Done                     05/15/2013 16:06:31
00066 ys3033-ib   ./main_ball 4 0  Done                     05/15/2013 16:06:31
00071 ys3033-ib   ./main_ball 4 0  Done                     05/15/2013 16:06:31
00072 ys3033-ib   ./main_ball 4 0  Done                     05/15/2013 16:06:31
00073 ys3033-ib   ./main_ball 4 0  Done                     05/15/2013 16:06:31
00074 ys3033-ib   ./main_ball 4 0  Done                     05/15/2013 16:06:31
00075 ys3033-ib   ./main_ball 4 0  Done                     05/15/2013 16:06:31
00076 ys3033-ib   ./main_ball 4 0  Done                     05/15/2013 16:06:31
00077 ys3033-ib   ./main_ball 4 0  Done                     05/15/2013 16:06:31
00078 ys3033-ib   ./main_ball 4 0  Done                     05/15/2013 16:06:31
00079 ys3033-ib   ./main_ball 4 0  Done                     05/15/2013 16:06:31
00065 ys3033-ib   ./main_ball 4 0  Done                     05/15/2013 16:06:31
00067 ys3033-ib   ./main_ball 4 0  Done                     05/15/2013 16:06:31
00068 ys3033-ib   ./main_ball 4 0  Done                     05/15/2013 16:06:31
00070 ys3033-ib   ./main_ball 4 0  Done                     05/15/2013 16:06:31
00069 ys3033-ib   ./main_ball 4 0  Done                     05/15/2013 16:06:31
00048 ys3032-ib  ./main_ball 4 0   Done                     05/15/2013 16:06:31
00050 ys3032-ib   ./main_ball 4 0  Done                     05/15/2013 16:06:31
00052 ys3032-ib   ./main_ball 4 0  Done                     05/15/2013 16:06:31
00053 ys3032-ib   ./main_ball 4 0  Done                     05/15/2013 16:06:31
00054 ys3032-ib   ./main_ball 4 0  Done                     05/15/2013 16:06:31
00055 ys3032-ib   ./main_ball 4 0  Done                     05/15/2013 16:06:31
00056 ys3032-ib   ./main_ball 4 0  Done                     05/15/2013 16:06:31
00057 ys3032-ib   ./main_ball 4 0  Done                     05/15/2013 16:06:31
00058 ys3032-ib   ./main_ball 4 0  Done                     05/15/2013 16:06:31
00060 ys3032-ib   ./main_ball 4 0  Done                     05/15/2013 16:06:31
00059 ys3032-ib   ./main_ball 4 0  Done                     05/15/2013 16:06:31
00061 ys3032-ib   ./main_ball 4 0  Done                     05/15/2013 16:06:31
00062 ys3032-ib   ./main_ball 4 0  Done                     05/15/2013 16:06:31
00063 ys3032-ib   ./main_ball 4 0  Done                     05/15/2013 16:06:31
00049 ys3032-ib   ./main_ball 4 0  Done                     05/15/2013 16:06:31
00051 ys3032-ib   ./main_ball 4 0  Done                     05/15/2013 16:06:31
00032 ys3031-ib  ./main_ball 4 0   Done                     05/15/2013 16:06:31
00033 ys3031-ib   ./main_ball 4 0  Done                     05/15/2013 16:06:31
00034 ys3031-ib   ./main_ball 4 0  Done                     05/15/2013 16:06:31
00035 ys3031-ib   ./main_ball 4 0  Done                     05/15/2013 16:06:31
00036 ys3031-ib   ./main_ball 4 0  Done                     05/15/2013 16:06:31
00037 ys3031-ib   ./main_ball 4 0  Done                     05/15/2013 16:06:31
00038 ys3031-ib   ./main_ball 4 0  Done                     05/15/2013 16:06:31
00040 ys3031-ib   ./main_ball 4 0  Done                     05/15/2013 16:06:31
00039 ys3031-ib   ./main_ball 4 0  Done                     05/15/2013 16:06:31
00041 ys3031-ib   ./main_ball 4 0  Done                     05/15/2013 16:06:31
00042 ys3031-ib   ./main_ball 4 0  Done                     05/15/2013 16:06:31
00043 ys3031-ib   ./main_ball 4 0  Done                     05/15/2013 16:06:31
00044 ys3031-ib   ./main_ball 4 0  Done                     05/15/2013 16:06:31
00045 ys3031-ib   ./main_ball 4 0  Done                     05/15/2013 16:06:31
00046 ys3031-ib   ./main_ball 4 0  Done                     05/15/2013 16:06:31
00047 ys3031-ib   ./main_ball 4 0  Done                     05/15/2013 16:06:31
00016 ys3030-ib  ./main_ball 4 0   Done                     05/15/2013 16:06:31
00017 ys3030-ib   ./main_ball 4 0  Done                     05/15/2013 16:06:31
00018 ys3030-ib   ./main_ball 4 0  Done                     05/15/2013 16:06:31
00020 ys3030-ib   ./main_ball 4 0  Done                     05/15/2013 16:06:31
00019 ys3030-ib   ./main_ball 4 0  Done                     05/15/2013 16:06:31
00021 ys3030-ib   ./main_ball 4 0  Done                     05/15/2013 16:06:31
00022 ys3030-ib   ./main_ball 4 0  Done                     05/15/2013 16:06:31
00023 ys3030-ib   ./main_ball 4 0  Done                     05/15/2013 16:06:31
00024 ys3030-ib   ./main_ball 4 0  Done                     05/15/2013 16:06:31
00025 ys3030-ib   ./main_ball 4 0  Done                     05/15/2013 16:06:31
00026 ys3030-ib   ./main_ball 4 0  Done                     05/15/2013 16:06:31
00027 ys3030-ib   ./main_ball 4 0  Done                     05/15/2013 16:06:31
00028 ys3030-ib   ./main_ball 4 0  Done                     05/15/2013 16:06:31
00030 ys3030-ib   ./main_ball 4 0  Done                     05/15/2013 16:06:31
00029 ys3030-ib   ./main_ball 4 0  Done                     05/15/2013 16:06:31
00031 ys3030-ib   ./main_ball 4 0  Done                     05/15/2013 16:06:31
00000 ys3029-ib  ./main_ball 4 0   Done                     05/15/2013 16:06:31
00003 ys3029-ib   ./main_ball 4 0  Done                     05/15/2013 16:06:31
00014 ys3029-ib   ./main_ball 4 0  Done                     05/15/2013 16:06:31
00015 ys3029-ib   ./main_ball 4 0  Done                     05/15/2013 16:06:31
00004 ys3029-ib   ./main_ball 4 0  Done                     05/15/2013 16:06:31
00005 ys3029-ib   ./main_ball 4 0  Done                     05/15/2013 16:06:31
00006 ys3029-ib   ./main_ball 4 0  Done                     05/15/2013 16:06:31
00007 ys3029-ib   ./main_ball 4 0  Done                     05/15/2013 16:06:31
00008 ys3029-ib   ./main_ball 4 0  Done                     05/15/2013 16:06:31
00009 ys3029-ib   ./main_ball 4 0  Done                     05/15/2013 16:06:31
00010 ys3029-ib   ./main_ball 4 0  Done                     05/15/2013 16:06:31
00011 ys3029-ib   ./main_ball 4 0  Done                     05/15/2013 16:06:31
00012 ys3029-ib   ./main_ball 4 0  Done                     05/15/2013 16:06:31
00001 ys3029-ib   ./main_ball 4 0  Done                     05/15/2013 16:06:31
00013 ys3029-ib   ./main_ball 4 0  Done                     05/15/2013 16:06:31
00002 ys3029-ib   ./main_ball 4 0  Done                     05/15/2013 16:06:31

------------------------------------------------------------
Sender: LSF System <lsfadmin@ys3029-ib>
Subject: Job 662507: <mb.1024> Done

Job <mb.1024> was submitted from host <yslogin3-ib> by user <robertk> in cluster <yellowstone>.
Job was executed on host(s) <16*ys3029-ib>, in queue <small>, as user <robertk> in cluster <yellowstone>.
                            <16*ys3030-ib>
                            <16*ys3031-ib>
                            <16*ys3032-ib>
                            <16*ys3033-ib>
                            <16*ys3034-ib>
                            <16*ys3035-ib>
                            <16*ys3036-ib>
                            <16*ys3037-ib>
                            <16*ys3038-ib>
                            <16*ys3039-ib>
                            <16*ys3040-ib>
                            <16*ys3041-ib>
                            <16*ys3042-ib>
                            <16*ys3043-ib>
                            <16*ys3044-ib>
                            <16*ys3045-ib>
                            <16*ys3046-ib>
                            <16*ys3047-ib>
                            <16*ys3048-ib>
                            <16*ys3049-ib>
                            <16*ys3050-ib>
                            <16*ys3051-ib>
                            <16*ys3052-ib>
                            <16*ys3053-ib>
                            <16*ys3054-ib>
                            <16*ys3055-ib>
                            <16*ys3056-ib>
                            <16*ys3057-ib>
                            <16*ys3058-ib>
                            <16*ys3059-ib>
                            <16*ys3060-ib>
                            <16*ys3061-ib>
                            <16*ys3062-ib>
                            <16*ys3063-ib>
                            <16*ys3064-ib>
                            <16*ys3065-ib>
                            <16*ys3066-ib>
                            <16*ys3067-ib>
                            <16*ys3068-ib>
                            <16*ys3069-ib>
                            <16*ys3070-ib>
                            <16*ys3071-ib>
                            <16*ys3072-ib>
                            <16*ys3101-ib>
                            <16*ys3102-ib>
                            <16*ys3103-ib>
                            <16*ys3104-ib>
                            <16*ys3105-ib>
                            <16*ys3106-ib>
                            <16*ys3107-ib>
                            <16*ys3108-ib>
                            <16*ys3109-ib>
                            <16*ys3110-ib>
                            <16*ys3111-ib>
                            <16*ys3112-ib>
                            <16*ys3113-ib>
                            <16*ys3133-ib>
                            <16*ys3134-ib>
                            <16*ys3135-ib>
                            <16*ys3136-ib>
                            <16*ys3137-ib>
                            <16*ys3138-ib>
                            <16*ys3140-ib>
</glade/u/home/robertk> was used as the home directory.
</glade/u/home/robertk/work/Dune/trunk/alugrid/examples> was used as the working directory.
Started at Wed May 15 16:04:58 2013
Results reported at Wed May 15 16:06:36 2013

Your job looked like:

------------------------------------------------------------
# LSBATCH: User input
#!/bin/bash
# LSF batch script to run an MPI application
#
#BSUB -P P86850055           # project code
#BSUB -W 00:30               # wall-clock time (hrs:mins)
#BSUB -n 1024              # number of tasks in job
#BSUB -R span[ptile=16]    # run 16 MPI tasks per node
#BSUB -J mb.1024            # job name
#BSUB -o ./out/mb.1024.%J.out  # output file name 
#BSUB -e ./err/mb.1024.%J.err  # error file name
#BSUB -q small             # queue
#run the executable
mpirun.lsf ./main_ball 4 0 3 none

------------------------------------------------------------

Successfully completed.

Resource usage summary:

    CPU time   :  85052.05 sec.
    Max Memory :       180 MB
    Max Swap   :      3064 MB

    Max Processes  :         7
    Max Threads    :        77

The output (if any) is above this job summary.



PS:

Read file <./err/mb.1024.662507.err> for stderr output of this job.

