Execute poe command line: poe  ./main_ball 4 0 3 none
Caught DGFException on creation of SGrid, trying default DGF method!

Created parallel ALUGrid<3,3,cube,nonconforming> from macro grid file ''. 

globalRefine: 0
elements = 7325039 (3072,4068,1.32422)   maxLevel = 3   step = 12   time = 0.108   dt = 0.009
elements = 7219808 (3022,4012,1.3276)   maxLevel = 3   step = 23   time = 0.207   dt = 0.009
elements = 7170045 (3014,3963,1.31486)   maxLevel = 3   step = 34   time = 0.306   dt = 0.009
elements = 7333432 (3072,4076,1.32682)   maxLevel = 3   step = 45   time = 0.405   dt = 0.009
elements = 7070995 (2960,3962,1.33851)   maxLevel = 3   step = 56   time = 0.504   dt = 0.009
elements = 7326761 (3072,4075,1.3265)   maxLevel = 3   step = 67   time = 0.603   dt = 0.009
elements = 7217239 (3044,4026,1.3226)   maxLevel = 3   step = 78   time = 0.702   dt = 0.009
elements = 7131615 (2988,3984,1.33333)   maxLevel = 3   step = 89   time = 0.801   dt = 0.009
elements = 7314532 (3065,4063,1.32561)   maxLevel = 3   step = 100   time = 0.9   dt = 0.009
elements = 7052816 (2941,3950,1.34308)   maxLevel = 3   step = 112   time = 1.008   dt = 0.009
U2 max: 17.6  min: 8.56
U3 max: 0.04  min: 0
U4 max: 1.81  min: 0.76
U5 max: 0.25  min: 0
U6 max: 15.92  min: 8.83
U7 max: 0.01  min: 0
U8 max: 19.46  min: 10.51
Program finished: CPU time = 39.141 sec.

------------------------------------------------------------
Sender: LSF System <lsfadmin@ys1042-ib>
Subject: Job 926082: <mb.2048> in cluster <yellowstone> Done

Job <mb.2048> was submitted from host <yslogin3-ib> by user <robertk> in cluster <yellowstone>.
Job was executed on host(s) <16*ys1042-ib>, in queue <small>, as user <robertk> in cluster <yellowstone>.
                            <16*ys1043-ib>
                            <16*ys1044-ib>
                            <16*ys1045-ib>
                            <16*ys1046-ib>
                            <16*ys1047-ib>
                            <16*ys1048-ib>
                            <16*ys1049-ib>
                            <16*ys1050-ib>
                            <16*ys1051-ib>
                            <16*ys1052-ib>
                            <16*ys1053-ib>
                            <16*ys1055-ib>
                            <16*ys1059-ib>
                            <16*ys1060-ib>
                            <16*ys1062-ib>
                            <16*ys1065-ib>
                            <16*ys1066-ib>
                            <16*ys1067-ib>
                            <16*ys1118-ib>
                            <16*ys1120-ib>
                            <16*ys1123-ib>
                            <16*ys1124-ib>
                            <16*ys1125-ib>
                            <16*ys1126-ib>
                            <16*ys1145-ib>
                            <16*ys1151-ib>
                            <16*ys1155-ib>
                            <16*ys1158-ib>
                            <16*ys1161-ib>
                            <16*ys1162-ib>
                            <16*ys1163-ib>
                            <16*ys1201-ib>
                            <16*ys1202-ib>
                            <16*ys1203-ib>
                            <16*ys1204-ib>
                            <16*ys1208-ib>
                            <16*ys1209-ib>
                            <16*ys1210-ib>
                            <16*ys1211-ib>
                            <16*ys1212-ib>
                            <16*ys1213-ib>
                            <16*ys1214-ib>
                            <16*ys1215-ib>
                            <16*ys1216-ib>
                            <16*ys1217-ib>
                            <16*ys1218-ib>
                            <16*ys1219-ib>
                            <16*ys1221-ib>
                            <16*ys1222-ib>
                            <16*ys1223-ib>
                            <16*ys1224-ib>
                            <16*ys1225-ib>
                            <16*ys1226-ib>
                            <16*ys1227-ib>
                            <16*ys1228-ib>
                            <16*ys1229-ib>
                            <16*ys1230-ib>
                            <16*ys1231-ib>
                            <16*ys1232-ib>
                            <16*ys1233-ib>
                            <16*ys1234-ib>
                            <16*ys1235-ib>
                            <16*ys1236-ib>
                            <16*ys1237-ib>
                            <16*ys1238-ib>
                            <16*ys1239-ib>
                            <16*ys1242-ib>
                            <16*ys1243-ib>
                            <16*ys1244-ib>
                            <16*ys1245-ib>
                            <16*ys1246-ib>
                            <16*ys1247-ib>
                            <16*ys1248-ib>
                            <16*ys1249-ib>
                            <16*ys1250-ib>
                            <16*ys1251-ib>
                            <16*ys1252-ib>
                            <16*ys1253-ib>
                            <16*ys1254-ib>
                            <16*ys1255-ib>
                            <16*ys1256-ib>
                            <16*ys1317-ib>
                            <16*ys1318-ib>
                            <16*ys1319-ib>
                            <16*ys1320-ib>
                            <16*ys1321-ib>
                            <16*ys1322-ib>
                            <16*ys1323-ib>
                            <16*ys1324-ib>
                            <16*ys1326-ib>
                            <16*ys1327-ib>
                            <16*ys1328-ib>
                            <16*ys1329-ib>
                            <16*ys1330-ib>
                            <16*ys1331-ib>
                            <16*ys1332-ib>
                            <16*ys1333-ib>
                            <16*ys1334-ib>
                            <16*ys1335-ib>
                            <16*ys1336-ib>
                            <16*ys1337-ib>
                            <16*ys1408-ib>
                            <16*ys1410-ib>
                            <16*ys1412-ib>
                            <16*ys1447-ib>
                            <16*ys1449-ib>
                            <16*ys1450-ib>
                            <16*ys1451-ib>
                            <16*ys1453-ib>
                            <16*ys1455-ib>
                            <16*ys1457-ib>
                            <16*ys1458-ib>
                            <16*ys1459-ib>
                            <16*ys1460-ib>
                            <16*ys1461-ib>
                            <16*ys1502-ib>
                            <16*ys1503-ib>
                            <16*ys1504-ib>
                            <16*ys1505-ib>
                            <16*ys1506-ib>
                            <16*ys1507-ib>
                            <16*ys1508-ib>
                            <16*ys1605-ib>
                            <16*ys1606-ib>
                            <16*ys1607-ib>
                            <16*ys1608-ib>
                            <16*ys1728-ib>
</glade/u/home/robertk> was used as the home directory.
</glade/u/home/robertk/work/Dune/trunk/alugrid/examples/run/mb_alusfc_403> was used as the working directory.
Started at Thu Feb 20 15:31:15 2014
Results reported at Thu Feb 20 15:32:44 2014

Your job looked like:

------------------------------------------------------------
# LSBATCH: User input
#!/bin/bash
# LSF batch script to run an MPI application
#
#BSUB -P P86850055           # project code
#BSUB -W 00:30               # wall-clock time (hrs:mins)
#BSUB -n 2048              # number of tasks in job
#BSUB -R span[ptile=16]    # run 16 MPI tasks per node
#BSUB -J mb.2048            # job name
#BSUB -o ./mb.2048.out  # output file name 
#BSUB -e ./mb.2048.err  # error file name
#BSUB -q small             # queue
#run the executable
export MP_CSS_INTERRUPT=yes
export MP_EAGER_LIMIT=4194305
export MP_EAGER_LIMIT_LOCAL=4194305
mpirun.lsf ./main_ball 4 0 3 none

------------------------------------------------------------

Successfully completed.

Resource usage summary:

    CPU time :               102424.00 sec.
    Max Memory :             2712 MB
    Average Memory :         1368.50 MB
    Total Requested Memory : -
    Delta Memory :           -
    (Delta: the difference between total requested memory and actual max usage.)
    Max Processes :          35
    Max Threads :            265

The output (if any) is above this job summary.



PS:

Read file <./mb.2048.err> for stderr output of this job.

