Execute poe command line: poe  ./main_ball 4 0 3 none
Caught DGFException on creation of SGrid, trying default DGF method!

Created parallel ALUGrid<3,3,cube,nonconforming> from macro grid file ''. 

globalRefine: 0
elements = 7337191 (1292,2280,1.76471)   maxLevel = 3   step = 12   time = 0.108   dt = 0.009
elements = 7218842 (1286,2261,1.75816)   maxLevel = 3   step = 23   time = 0.207   dt = 0.009
elements = 7173363 (1254,2252,1.79585)   maxLevel = 3   step = 34   time = 0.306   dt = 0.009
elements = 7342098 (1312,2288,1.7439)   maxLevel = 3   step = 45   time = 0.405   dt = 0.009
elements = 7075713 (1227,2218,1.80766)   maxLevel = 3   step = 56   time = 0.504   dt = 0.009
elements = 7330121 (1296,2284,1.76235)   maxLevel = 3   step = 67   time = 0.603   dt = 0.009
elements = 7224939 (1271,2267,1.78363)   maxLevel = 3   step = 78   time = 0.702   dt = 0.009
elements = 7140316 (1237,2253,1.82134)   maxLevel = 3   step = 89   time = 0.801   dt = 0.009
elements = 7325333 (1308,2274,1.73853)   maxLevel = 3   step = 100   time = 0.9   dt = 0.009
elements = 7057394 (1237,2210,1.78658)   maxLevel = 3   step = 112   time = 1.008   dt = 0.009
U2 max: 23.35  min: 12.47
U3 max: 0.04  min: 0
U4 max: 1.66  min: 0.78
U5 max: 0.17  min: 0
U6 max: 17.44  min: 11.07
U7 max: 0.01  min: 0
U8 max: 25  min: 14.13
Program finished: CPU time = 40.6728 sec.

------------------------------------------------------------
Sender: LSF System <lsfadmin@ys0433-ib>
Subject: Job 926083: <mb.4096> in cluster <yellowstone> Done

Job <mb.4096> was submitted from host <yslogin3-ib> by user <robertk> in cluster <yellowstone>.
Job was executed on host(s) <16*ys0433-ib>, in queue <small>, as user <robertk> in cluster <yellowstone>.
                            <16*ys0625-ib>
                            <16*ys0631-ib>
                            <16*ys0632-ib>
                            <16*ys0634-ib>
                            <16*ys0635-ib>
                            <16*ys0636-ib>
                            <16*ys0639-ib>
                            <16*ys0640-ib>
                            <16*ys0642-ib>
                            <16*ys0643-ib>
                            <16*ys0644-ib>
                            <16*ys0645-ib>
                            <16*ys0646-ib>
                            <16*ys0647-ib>
                            <16*ys0663-ib>
                            <16*ys0665-ib>
                            <16*ys0666-ib>
                            <16*ys0667-ib>
                            <16*ys0671-ib>
                            <16*ys0672-ib>
                            <16*ys0701-ib>
                            <16*ys0702-ib>
                            <16*ys0703-ib>
                            <16*ys0705-ib>
                            <16*ys0706-ib>
                            <16*ys0707-ib>
                            <16*ys0709-ib>
                            <16*ys0725-ib>
                            <16*ys0728-ib>
                            <16*ys0730-ib>
                            <16*ys0731-ib>
                            <16*ys0735-ib>
                            <16*ys0741-ib>
                            <16*ys0742-ib>
                            <16*ys0747-ib>
                            <16*ys0751-ib>
                            <16*ys0753-ib>
                            <16*ys0754-ib>
                            <16*ys0755-ib>
                            <16*ys0762-ib>
                            <16*ys0763-ib>
                            <16*ys0764-ib>
                            <16*ys0765-ib>
                            <16*ys0766-ib>
                            <16*ys0767-ib>
                            <16*ys0768-ib>
                            <16*ys0769-ib>
                            <16*ys0770-ib>
                            <16*ys0771-ib>
                            <16*ys0772-ib>
                            <16*ys0801-ib>
                            <16*ys0805-ib>
                            <16*ys0806-ib>
                            <16*ys0807-ib>
                            <16*ys0847-ib>
                            <16*ys0848-ib>
                            <16*ys0849-ib>
                            <16*ys0850-ib>
                            <16*ys0851-ib>
                            <16*ys0852-ib>
                            <16*ys0853-ib>
                            <16*ys0854-ib>
                            <16*ys0855-ib>
                            <16*ys0857-ib>
                            <16*ys0858-ib>
                            <16*ys0859-ib>
                            <16*ys0860-ib>
                            <16*ys0861-ib>
                            <16*ys0862-ib>
                            <16*ys0863-ib>
                            <16*ys0864-ib>
                            <16*ys0865-ib>
                            <16*ys0866-ib>
                            <16*ys0867-ib>
                            <16*ys0871-ib>
                            <16*ys0903-ib>
                            <16*ys0919-ib>
                            <16*ys0920-ib>
                            <16*ys0921-ib>
                            <16*ys0922-ib>
                            <16*ys0923-ib>
                            <16*ys0924-ib>
                            <16*ys0925-ib>
                            <16*ys0926-ib>
                            <16*ys0927-ib>
                            <16*ys1042-ib>
                            <16*ys1043-ib>
                            <16*ys1044-ib>
                            <16*ys1045-ib>
                            <16*ys1046-ib>
                            <16*ys1047-ib>
                            <16*ys1048-ib>
                            <16*ys1049-ib>
                            <16*ys1050-ib>
                            <16*ys1051-ib>
                            <16*ys1052-ib>
                            <16*ys1053-ib>
                            <16*ys1055-ib>
                            <16*ys1059-ib>
                            <16*ys1060-ib>
                            <16*ys1062-ib>
                            <16*ys1065-ib>
                            <16*ys1066-ib>
                            <16*ys1067-ib>
                            <16*ys1118-ib>
                            <16*ys1120-ib>
                            <16*ys1123-ib>
                            <16*ys1124-ib>
                            <16*ys1125-ib>
                            <16*ys1126-ib>
                            <16*ys1129-ib>
                            <16*ys1138-ib>
                            <16*ys1139-ib>
                            <16*ys1140-ib>
                            <16*ys1141-ib>
                            <16*ys1142-ib>
                            <16*ys1143-ib>
                            <16*ys1144-ib>
                            <16*ys1145-ib>
                            <16*ys1146-ib>
                            <16*ys1147-ib>
                            <16*ys1148-ib>
                            <16*ys1149-ib>
                            <16*ys1150-ib>
                            <16*ys1151-ib>
                            <16*ys1152-ib>
                            <16*ys1154-ib>
                            <16*ys1155-ib>
                            <16*ys1156-ib>
                            <16*ys1157-ib>
                            <16*ys1158-ib>
                            <16*ys1159-ib>
                            <16*ys1161-ib>
                            <16*ys1162-ib>
                            <16*ys1163-ib>
                            <16*ys1201-ib>
                            <16*ys1202-ib>
                            <16*ys1203-ib>
                            <16*ys1204-ib>
                            <16*ys1208-ib>
                            <16*ys1209-ib>
                            <16*ys1210-ib>
                            <16*ys1211-ib>
                            <16*ys1212-ib>
                            <16*ys1213-ib>
                            <16*ys1214-ib>
                            <16*ys1215-ib>
                            <16*ys1216-ib>
                            <16*ys1217-ib>
                            <16*ys1218-ib>
                            <16*ys1219-ib>
                            <16*ys1221-ib>
                            <16*ys1222-ib>
                            <16*ys1223-ib>
                            <16*ys1224-ib>
                            <16*ys1225-ib>
                            <16*ys1226-ib>
                            <16*ys1227-ib>
                            <16*ys1228-ib>
                            <16*ys1229-ib>
                            <16*ys1230-ib>
                            <16*ys1231-ib>
                            <16*ys1232-ib>
                            <16*ys1233-ib>
                            <16*ys1234-ib>
                            <16*ys1235-ib>
                            <16*ys1236-ib>
                            <16*ys1237-ib>
                            <16*ys1238-ib>
                            <16*ys1239-ib>
                            <16*ys1242-ib>
                            <16*ys1243-ib>
                            <16*ys1244-ib>
                            <16*ys1245-ib>
                            <16*ys1246-ib>
                            <16*ys1247-ib>
                            <16*ys1248-ib>
                            <16*ys1249-ib>
                            <16*ys1250-ib>
                            <16*ys1251-ib>
                            <16*ys1252-ib>
                            <16*ys1253-ib>
                            <16*ys1254-ib>
                            <16*ys1255-ib>
                            <16*ys1256-ib>
                            <16*ys1317-ib>
                            <16*ys1318-ib>
                            <16*ys1319-ib>
                            <16*ys1320-ib>
                            <16*ys1321-ib>
                            <16*ys1322-ib>
                            <16*ys1323-ib>
                            <16*ys1324-ib>
                            <16*ys1326-ib>
                            <16*ys1327-ib>
                            <16*ys1328-ib>
                            <16*ys1329-ib>
                            <16*ys1330-ib>
                            <16*ys1331-ib>
                            <16*ys1332-ib>
                            <16*ys1333-ib>
                            <16*ys1334-ib>
                            <16*ys1335-ib>
                            <16*ys1336-ib>
                            <16*ys1337-ib>
                            <16*ys1408-ib>
                            <16*ys1410-ib>
                            <16*ys1412-ib>
                            <16*ys1447-ib>
                            <16*ys1449-ib>
                            <16*ys1450-ib>
                            <16*ys1451-ib>
                            <16*ys1453-ib>
                            <16*ys1455-ib>
                            <16*ys1456-ib>
                            <16*ys1457-ib>
                            <16*ys1458-ib>
                            <16*ys1459-ib>
                            <16*ys1460-ib>
                            <16*ys1461-ib>
                            <16*ys1502-ib>
                            <16*ys1503-ib>
                            <16*ys1504-ib>
                            <16*ys1505-ib>
                            <16*ys1506-ib>
                            <16*ys1507-ib>
                            <16*ys1508-ib>
                            <16*ys1523-ib>
                            <16*ys1524-ib>
                            <16*ys1525-ib>
                            <16*ys1526-ib>
                            <16*ys1527-ib>
                            <16*ys1528-ib>
                            <16*ys1529-ib>
                            <16*ys1530-ib>
                            <16*ys1552-ib>
                            <16*ys1553-ib>
                            <16*ys1554-ib>
                            <16*ys1555-ib>
                            <16*ys1556-ib>
                            <16*ys1557-ib>
                            <16*ys1558-ib>
                            <16*ys1559-ib>
                            <16*ys1561-ib>
                            <16*ys1562-ib>
                            <16*ys1563-ib>
                            <16*ys1564-ib>
                            <16*ys1565-ib>
                            <16*ys1567-ib>
                            <16*ys1568-ib>
                            <16*ys1605-ib>
                            <16*ys1606-ib>
                            <16*ys1607-ib>
                            <16*ys1608-ib>
                            <16*ys1630-ib>
</glade/u/home/robertk> was used as the home directory.
</glade/u/home/robertk/work/Dune/trunk/alugrid/examples/run/mb_alusfc_403> was used as the working directory.
Started at Thu Feb 20 15:38:23 2014
Results reported at Thu Feb 20 15:39:31 2014

Your job looked like:

------------------------------------------------------------
# LSBATCH: User input
#!/bin/bash
# LSF batch script to run an MPI application
#
#BSUB -P P86850055           # project code
#BSUB -W 00:30               # wall-clock time (hrs:mins)
#BSUB -n 4096              # number of tasks in job
#BSUB -R span[ptile=16]    # run 16 MPI tasks per node
#BSUB -J mb.4096            # job name
#BSUB -o ./mb.4096.out  # output file name 
#BSUB -e ./mb.4096.err  # error file name
#BSUB -q small             # queue
#run the executable
export MP_CSS_INTERRUPT=yes
export MP_EAGER_LIMIT=4194305
export MP_EAGER_LIMIT_LOCAL=4194305
mpirun.lsf ./main_ball 4 0 3 none

------------------------------------------------------------

Successfully completed.

Resource usage summary:

    CPU time :               223624.00 sec.
    Max Memory :             3678 MB
    Average Memory :         1874.50 MB
    Total Requested Memory : -
    Delta Memory :           -
    (Delta: the difference between total requested memory and actual max usage.)
    Max Processes :          34
    Max Threads :            521

The output (if any) is above this job summary.



PS:

Read file <./mb.4096.err> for stderr output of this job.

