Caught DGFException on creation of SGrid, trying default DGF method!

Created parallel ALUGrid<3,3,cube,nonconforming> from macro grid file ''. 

globalRefine: 0
elements = 7325970 (13817,14816,1.0723)   maxLevel = 3   step = 12   time = 0.108   dt = 0.009
elements = 7212801 (13601,14575,1.07161)   maxLevel = 3   step = 23   time = 0.207   dt = 0.009
elements = 7161372 (13489,14458,1.07184)   maxLevel = 3   step = 34   time = 0.306   dt = 0.009
elements = 7332382 (13824,14813,1.07154)   maxLevel = 3   step = 45   time = 0.405   dt = 0.009
elements = 7063582 (13305,14290,1.07403)   maxLevel = 3   step = 56   time = 0.504   dt = 0.009
elements = 7320496 (13810,14792,1.07111)   maxLevel = 3   step = 67   time = 0.603   dt = 0.009
elements = 7212045 (13600,14570,1.07132)   maxLevel = 3   step = 78   time = 0.702   dt = 0.009
elements = 7128129 (13433,14411,1.07281)   maxLevel = 3   step = 89   time = 0.801   dt = 0.009
elements = 7311011 (13783,14770,1.07161)   maxLevel = 3   step = 100   time = 0.9   dt = 0.009
elements = 7053859 (13298,14253,1.07182)   maxLevel = 3   step = 112   time = 1.008   dt = 0.009
U2 max: 30.18  min: 19.13
U3 max: 0.03  min: 0
U4 max: 4.25  min: 2.31
U5 max: 4.01  min: 1.52
U6 max: 0.01  min: 0
U7 max: 35.16  min: 24.22
U8 max: 35.02  min: 23.75
Program finished: CPU time = 96.0634 sec.
Job  /ncar/opt/lsf/8.3/linux2.6-glibc2.3-x86_64/bin/poejob ./main_ball 4 0 3 none

TID   HOST_NAME   COMMAND_LINE            STATUS            TERMINATION_TIME
===== ========== ================  =======================  ===================
00496 ys3028-ib  ./main_ball 4 0   Done                     05/15/2013 16:06:43
00497 ys3028-ib   ./main_ball 4 0  Done                     05/15/2013 16:06:43
00504 ys3028-ib   ./main_ball 4 0  Done                     05/15/2013 16:06:43
00505 ys3028-ib   ./main_ball 4 0  Done                     05/15/2013 16:06:43
00506 ys3028-ib   ./main_ball 4 0  Done                     05/15/2013 16:06:43
00507 ys3028-ib   ./main_ball 4 0  Done                     05/15/2013 16:06:43
00508 ys3028-ib   ./main_ball 4 0  Done                     05/15/2013 16:06:43
00498 ys3028-ib   ./main_ball 4 0  Done                     05/15/2013 16:06:43
00510 ys3028-ib   ./main_ball 4 0  Done                     05/15/2013 16:06:43
00509 ys3028-ib   ./main_ball 4 0  Done                     05/15/2013 16:06:43
00499 ys3028-ib   ./main_ball 4 0  Done                     05/15/2013 16:06:43
00511 ys3028-ib   ./main_ball 4 0  Done                     05/15/2013 16:06:43
00500 ys3028-ib   ./main_ball 4 0  Done                     05/15/2013 16:06:43
00501 ys3028-ib   ./main_ball 4 0  Done                     05/15/2013 16:06:43
00502 ys3028-ib   ./main_ball 4 0  Done                     05/15/2013 16:06:43
00503 ys3028-ib   ./main_ball 4 0  Done                     05/15/2013 16:06:43
00480 ys3027-ib  ./main_ball 4 0   Done                     05/15/2013 16:06:43
00481 ys3027-ib   ./main_ball 4 0  Done                     05/15/2013 16:06:43
00482 ys3027-ib   ./main_ball 4 0  Done                     05/15/2013 16:06:43
00484 ys3027-ib   ./main_ball 4 0  Done                     05/15/2013 16:06:43
00494 ys3027-ib   ./main_ball 4 0  Done                     05/15/2013 16:06:43
00495 ys3027-ib   ./main_ball 4 0  Done                     05/15/2013 16:06:43
00483 ys3027-ib   ./main_ball 4 0  Done                     05/15/2013 16:06:43
00485 ys3027-ib   ./main_ball 4 0  Done                     05/15/2013 16:06:43
00486 ys3027-ib   ./main_ball 4 0  Done                     05/15/2013 16:06:43
00487 ys3027-ib   ./main_ball 4 0  Done                     05/15/2013 16:06:43
00488 ys3027-ib   ./main_ball 4 0  Done                     05/15/2013 16:06:43
00490 ys3027-ib   ./main_ball 4 0  Done                     05/15/2013 16:06:43
00489 ys3027-ib   ./main_ball 4 0  Done                     05/15/2013 16:06:43
00491 ys3027-ib   ./main_ball 4 0  Done                     05/15/2013 16:06:43
00492 ys3027-ib   ./main_ball 4 0  Done                     05/15/2013 16:06:43
00493 ys3027-ib   ./main_ball 4 0  Done                     05/15/2013 16:06:43
00464 ys3026-ib  ./main_ball 4 0   Done                     05/15/2013 16:06:43
00466 ys3026-ib   ./main_ball 4 0  Done                     05/15/2013 16:06:43
00467 ys3026-ib   ./main_ball 4 0  Done                     05/15/2013 16:06:43
00475 ys3026-ib   ./main_ball 4 0  Done                     05/15/2013 16:06:43
00476 ys3026-ib   ./main_ball 4 0  Done                     05/15/2013 16:06:43
00477 ys3026-ib   ./main_ball 4 0  Done                     05/15/2013 16:06:43
00478 ys3026-ib   ./main_ball 4 0  Done                     05/15/2013 16:06:43
00479 ys3026-ib   ./main_ball 4 0  Done                     05/15/2013 16:06:43
00465 ys3026-ib   ./main_ball 4 0  Done                     05/15/2013 16:06:43
00468 ys3026-ib   ./main_ball 4 0  Done                     05/15/2013 16:06:43
00470 ys3026-ib   ./main_ball 4 0  Done                     05/15/2013 16:06:43
00469 ys3026-ib   ./main_ball 4 0  Done                     05/15/2013 16:06:43
00471 ys3026-ib   ./main_ball 4 0  Done                     05/15/2013 16:06:43
00472 ys3026-ib   ./main_ball 4 0  Done                     05/15/2013 16:06:43
00473 ys3026-ib   ./main_ball 4 0  Done                     05/15/2013 16:06:43
00474 ys3026-ib   ./main_ball 4 0  Done                     05/15/2013 16:06:43
00448 ys3025-ib  ./main_ball 4 0   Done                     05/15/2013 16:06:43
00456 ys3025-ib   ./main_ball 4 0  Done                     05/15/2013 16:06:43
00457 ys3025-ib   ./main_ball 4 0  Done                     05/15/2013 16:06:43
00458 ys3025-ib   ./main_ball 4 0  Done                     05/15/2013 16:06:43
00460 ys3025-ib   ./main_ball 4 0  Done                     05/15/2013 16:06:43
00459 ys3025-ib   ./main_ball 4 0  Done                     05/15/2013 16:06:43
00461 ys3025-ib   ./main_ball 4 0  Done                     05/15/2013 16:06:43
00462 ys3025-ib   ./main_ball 4 0  Done                     05/15/2013 16:06:43
00463 ys3025-ib   ./main_ball 4 0  Done                     05/15/2013 16:06:43
00450 ys3025-ib   ./main_ball 4 0  Done                     05/15/2013 16:06:43
00449 ys3025-ib   ./main_ball 4 0  Done                     05/15/2013 16:06:43
00451 ys3025-ib   ./main_ball 4 0  Done                     05/15/2013 16:06:43
00452 ys3025-ib   ./main_ball 4 0  Done                     05/15/2013 16:06:43
00453 ys3025-ib   ./main_ball 4 0  Done                     05/15/2013 16:06:43
00454 ys3025-ib   ./main_ball 4 0  Done                     05/15/2013 16:06:43
00455 ys3025-ib   ./main_ball 4 0  Done                     05/15/2013 16:06:43
00432 ys3024-ib  ./main_ball 4 0   Done                     05/15/2013 16:06:43
00434 ys3024-ib   ./main_ball 4 0  Done                     05/15/2013 16:06:43
00437 ys3024-ib   ./main_ball 4 0  Done                     05/15/2013 16:06:43
00438 ys3024-ib   ./main_ball 4 0  Done                     05/15/2013 16:06:43
00440 ys3024-ib   ./main_ball 4 0  Done                     05/15/2013 16:06:43
00439 ys3024-ib   ./main_ball 4 0  Done                     05/15/2013 16:06:43
00441 ys3024-ib   ./main_ball 4 0  Done                     05/15/2013 16:06:43
00442 ys3024-ib   ./main_ball 4 0  Done                     05/15/2013 16:06:43
00443 ys3024-ib   ./main_ball 4 0  Done                     05/15/2013 16:06:43
00444 ys3024-ib   ./main_ball 4 0  Done                     05/15/2013 16:06:43
00445 ys3024-ib   ./main_ball 4 0  Done                     05/15/2013 16:06:43
00446 ys3024-ib   ./main_ball 4 0  Done                     05/15/2013 16:06:43
00447 ys3024-ib   ./main_ball 4 0  Done                     05/15/2013 16:06:43
00433 ys3024-ib   ./main_ball 4 0  Done                     05/15/2013 16:06:43
00435 ys3024-ib   ./main_ball 4 0  Done                     05/15/2013 16:06:43
00436 ys3024-ib   ./main_ball 4 0  Done                     05/15/2013 16:06:43
00416 ys3019-ib  ./main_ball 4 0   Done                     05/15/2013 16:06:43
00418 ys3019-ib   ./main_ball 4 0  Done                     05/15/2013 16:06:43
00420 ys3019-ib   ./main_ball 4 0  Done                     05/15/2013 16:06:43
00419 ys3019-ib   ./main_ball 4 0  Done                     05/15/2013 16:06:43
00421 ys3019-ib   ./main_ball 4 0  Done                     05/15/2013 16:06:43
00422 ys3019-ib   ./main_ball 4 0  Done                     05/15/2013 16:06:43
00423 ys3019-ib   ./main_ball 4 0  Done                     05/15/2013 16:06:43
00424 ys3019-ib   ./main_ball 4 0  Done                     05/15/2013 16:06:43
00425 ys3019-ib   ./main_ball 4 0  Done                     05/15/2013 16:06:43
00426 ys3019-ib   ./main_ball 4 0  Done                     05/15/2013 16:06:43
00427 ys3019-ib   ./main_ball 4 0  Done                     05/15/2013 16:06:43
00428 ys3019-ib   ./main_ball 4 0  Done                     05/15/2013 16:06:43
00430 ys3019-ib   ./main_ball 4 0  Done                     05/15/2013 16:06:43
00429 ys3019-ib   ./main_ball 4 0  Done                     05/15/2013 16:06:43
00431 ys3019-ib   ./main_ball 4 0  Done                     05/15/2013 16:06:43
00417 ys3019-ib   ./main_ball 4 0  Done                     05/15/2013 16:06:43
00400 ys3018-ib  ./main_ball 4 0   Done                     05/15/2013 16:06:43
00402 ys3018-ib   ./main_ball 4 0  Done                     05/15/2013 16:06:43
00403 ys3018-ib   ./main_ball 4 0  Done                     05/15/2013 16:06:43
00406 ys3018-ib   ./main_ball 4 0  Done                     05/15/2013 16:06:43
00401 ys3018-ib   ./main_ball 4 0  Done                     05/15/2013 16:06:43
00404 ys3018-ib   ./main_ball 4 0  Done                     05/15/2013 16:06:43
00405 ys3018-ib   ./main_ball 4 0  Done                     05/15/2013 16:06:43
00407 ys3018-ib   ./main_ball 4 0  Done                     05/15/2013 16:06:43
00408 ys3018-ib   ./main_ball 4 0  Done                     05/15/2013 16:06:43
00410 ys3018-ib   ./main_ball 4 0  Done                     05/15/2013 16:06:43
00409 ys3018-ib   ./main_ball 4 0  Done                     05/15/2013 16:06:43
00411 ys3018-ib   ./main_ball 4 0  Done                     05/15/2013 16:06:43
00412 ys3018-ib   ./main_ball 4 0  Done                     05/15/2013 16:06:43
00413 ys3018-ib   ./main_ball 4 0  Done                     05/15/2013 16:06:43
00414 ys3018-ib   ./main_ball 4 0  Done                     05/15/2013 16:06:43
00415 ys3018-ib   ./main_ball 4 0  Done                     05/15/2013 16:06:43
00384 ys3017-ib  ./main_ball 4 0   Done                     05/15/2013 16:06:43
00387 ys3017-ib   ./main_ball 4 0  Done                     05/15/2013 16:06:43
00390 ys3017-ib   ./main_ball 4 0  Done                     05/15/2013 16:06:43
00389 ys3017-ib   ./main_ball 4 0  Done                     05/15/2013 16:06:43
00391 ys3017-ib   ./main_ball 4 0  Done                     05/15/2013 16:06:43
00392 ys3017-ib   ./main_ball 4 0  Done                     05/15/2013 16:06:43
00393 ys3017-ib   ./main_ball 4 0  Done                     05/15/2013 16:06:43
00394 ys3017-ib   ./main_ball 4 0  Done                     05/15/2013 16:06:43
00395 ys3017-ib   ./main_ball 4 0  Done                     05/15/2013 16:06:43
00396 ys3017-ib   ./main_ball 4 0  Done                     05/15/2013 16:06:43
00397 ys3017-ib   ./main_ball 4 0  Done                     05/15/2013 16:06:43
00398 ys3017-ib   ./main_ball 4 0  Done                     05/15/2013 16:06:43
00399 ys3017-ib   ./main_ball 4 0  Done                     05/15/2013 16:06:43
00385 ys3017-ib   ./main_ball 4 0  Done                     05/15/2013 16:06:43
00386 ys3017-ib   ./main_ball 4 0  Done                     05/15/2013 16:06:43
00388 ys3017-ib   ./main_ball 4 0  Done                     05/15/2013 16:06:43
00368 ys3016-ib  ./main_ball 4 0   Done                     05/15/2013 16:06:43
00371 ys3016-ib   ./main_ball 4 0  Done                     05/15/2013 16:06:43
00372 ys3016-ib   ./main_ball 4 0  Done                     05/15/2013 16:06:43
00373 ys3016-ib   ./main_ball 4 0  Done                     05/15/2013 16:06:43
00374 ys3016-ib   ./main_ball 4 0  Done                     05/15/2013 16:06:43
00375 ys3016-ib   ./main_ball 4 0  Done                     05/15/2013 16:06:43
00376 ys3016-ib   ./main_ball 4 0  Done                     05/15/2013 16:06:43
00377 ys3016-ib   ./main_ball 4 0  Done                     05/15/2013 16:06:43
00378 ys3016-ib   ./main_ball 4 0  Done                     05/15/2013 16:06:43
00380 ys3016-ib   ./main_ball 4 0  Done                     05/15/2013 16:06:43
00379 ys3016-ib   ./main_ball 4 0  Done                     05/15/2013 16:06:43
00381 ys3016-ib   ./main_ball 4 0  Done                     05/15/2013 16:06:43
00382 ys3016-ib   ./main_ball 4 0  Done                     05/15/2013 16:06:43
00383 ys3016-ib   ./main_ball 4 0  Done                     05/15/2013 16:06:43
00370 ys3016-ib   ./main_ball 4 0  Done                     05/15/2013 16:06:43
00369 ys3016-ib   ./main_ball 4 0  Done                     05/15/2013 16:06:43
00352 ys3015-ib  ./main_ball 4 0   Done                     05/15/2013 16:06:43
00353 ys3015-ib   ./main_ball 4 0  Done                     05/15/2013 16:06:43
00354 ys3015-ib   ./main_ball 4 0  Done                     05/15/2013 16:06:43
00355 ys3015-ib   ./main_ball 4 0  Done                     05/15/2013 16:06:43
00356 ys3015-ib   ./main_ball 4 0  Done                     05/15/2013 16:06:43
00357 ys3015-ib   ./main_ball 4 0  Done                     05/15/2013 16:06:43
00358 ys3015-ib   ./main_ball 4 0  Done                     05/15/2013 16:06:43
00360 ys3015-ib   ./main_ball 4 0  Done                     05/15/2013 16:06:43
00359 ys3015-ib   ./main_ball 4 0  Done                     05/15/2013 16:06:43
00361 ys3015-ib   ./main_ball 4 0  Done                     05/15/2013 16:06:43
00362 ys3015-ib   ./main_ball 4 0  Done                     05/15/2013 16:06:43
00363 ys3015-ib   ./main_ball 4 0  Done                     05/15/2013 16:06:43
00364 ys3015-ib   ./main_ball 4 0  Done                     05/15/2013 16:06:43
00365 ys3015-ib   ./main_ball 4 0  Done                     05/15/2013 16:06:43
00366 ys3015-ib   ./main_ball 4 0  Done                     05/15/2013 16:06:43
00367 ys3015-ib   ./main_ball 4 0  Done                     05/15/2013 16:06:43
00336 ys3014-ib  ./main_ball 4 0   Done                     05/15/2013 16:06:43
00337 ys3014-ib   ./main_ball 4 0  Done                     05/15/2013 16:06:43
00338 ys3014-ib   ./main_ball 4 0  Done                     05/15/2013 16:06:43
00340 ys3014-ib   ./main_ball 4 0  Done                     05/15/2013 16:06:43
00339 ys3014-ib   ./main_ball 4 0  Done                     05/15/2013 16:06:43
00341 ys3014-ib   ./main_ball 4 0  Done                     05/15/2013 16:06:43
00342 ys3014-ib   ./main_ball 4 0  Done                     05/15/2013 16:06:43
00343 ys3014-ib   ./main_ball 4 0  Done                     05/15/2013 16:06:43
00344 ys3014-ib   ./main_ball 4 0  Done                     05/15/2013 16:06:43
00345 ys3014-ib   ./main_ball 4 0  Done                     05/15/2013 16:06:43
00346 ys3014-ib   ./main_ball 4 0  Done                     05/15/2013 16:06:43
00347 ys3014-ib   ./main_ball 4 0  Done                     05/15/2013 16:06:43
00348 ys3014-ib   ./main_ball 4 0  Done                     05/15/2013 16:06:43
00350 ys3014-ib   ./main_ball 4 0  Done                     05/15/2013 16:06:43
00349 ys3014-ib   ./main_ball 4 0  Done                     05/15/2013 16:06:43
00351 ys3014-ib   ./main_ball 4 0  Done                     05/15/2013 16:06:43
00320 ys3013-ib  ./main_ball 4 0   Done                     05/15/2013 16:06:43
00333 ys3013-ib   ./main_ball 4 0  Done                     05/15/2013 16:06:43
00334 ys3013-ib   ./main_ball 4 0  Done                     05/15/2013 16:06:43
00335 ys3013-ib   ./main_ball 4 0  Done                     05/15/2013 16:06:43
00321 ys3013-ib   ./main_ball 4 0  Done                     05/15/2013 16:06:43
00322 ys3013-ib   ./main_ball 4 0  Done                     05/15/2013 16:06:43
00323 ys3013-ib   ./main_ball 4 0  Done                     05/15/2013 16:06:43
00324 ys3013-ib   ./main_ball 4 0  Done                     05/15/2013 16:06:43
00325 ys3013-ib   ./main_ball 4 0  Done                     05/15/2013 16:06:43
00326 ys3013-ib   ./main_ball 4 0  Done                     05/15/2013 16:06:43
00327 ys3013-ib   ./main_ball 4 0  Done                     05/15/2013 16:06:43
00328 ys3013-ib   ./main_ball 4 0  Done                     05/15/2013 16:06:43
00330 ys3013-ib   ./main_ball 4 0  Done                     05/15/2013 16:06:43
00329 ys3013-ib   ./main_ball 4 0  Done                     05/15/2013 16:06:43
00331 ys3013-ib   ./main_ball 4 0  Done                     05/15/2013 16:06:43
00332 ys3013-ib   ./main_ball 4 0  Done                     05/15/2013 16:06:43
00304 ys3012-ib  ./main_ball 4 0   Done                     05/15/2013 16:06:43
00314 ys3012-ib   ./main_ball 4 0  Done                     05/15/2013 16:06:43
00315 ys3012-ib   ./main_ball 4 0  Done                     05/15/2013 16:06:43
00316 ys3012-ib   ./main_ball 4 0  Done                     05/15/2013 16:06:43
00317 ys3012-ib   ./main_ball 4 0  Done                     05/15/2013 16:06:43
00318 ys3012-ib   ./main_ball 4 0  Done                     05/15/2013 16:06:43
00319 ys3012-ib   ./main_ball 4 0  Done                     05/15/2013 16:06:43
00305 ys3012-ib   ./main_ball 4 0  Done                     05/15/2013 16:06:43
00306 ys3012-ib   ./main_ball 4 0  Done                     05/15/2013 16:06:43
00307 ys3012-ib   ./main_ball 4 0  Done                     05/15/2013 16:06:43
00308 ys3012-ib   ./main_ball 4 0  Done                     05/15/2013 16:06:43
00310 ys3012-ib   ./main_ball 4 0  Done                     05/15/2013 16:06:43
00309 ys3012-ib   ./main_ball 4 0  Done                     05/15/2013 16:06:43
00311 ys3012-ib   ./main_ball 4 0  Done                     05/15/2013 16:06:43
00312 ys3012-ib   ./main_ball 4 0  Done                     05/15/2013 16:06:43
00313 ys3012-ib   ./main_ball 4 0  Done                     05/15/2013 16:06:43
00288 ys3011-ib  ./main_ball 4 0   Done                     05/15/2013 16:06:43
00300 ys3011-ib   ./main_ball 4 0  Done                     05/15/2013 16:06:43
00290 ys3011-ib   ./main_ball 4 0  Done                     05/15/2013 16:06:43
00289 ys3011-ib   ./main_ball 4 0  Done                     05/15/2013 16:06:43
00301 ys3011-ib   ./main_ball 4 0  Done                     05/15/2013 16:06:43
00291 ys3011-ib   ./main_ball 4 0  Done                     05/15/2013 16:06:43
00302 ys3011-ib   ./main_ball 4 0  Done                     05/15/2013 16:06:43
00292 ys3011-ib   ./main_ball 4 0  Done                     05/15/2013 16:06:43
00303 ys3011-ib   ./main_ball 4 0  Done                     05/15/2013 16:06:43
00293 ys3011-ib   ./main_ball 4 0  Done                     05/15/2013 16:06:43
00294 ys3011-ib   ./main_ball 4 0  Done                     05/15/2013 16:06:43
00295 ys3011-ib   ./main_ball 4 0  Done                     05/15/2013 16:06:43
00296 ys3011-ib   ./main_ball 4 0  Done                     05/15/2013 16:06:43
00297 ys3011-ib   ./main_ball 4 0  Done                     05/15/2013 16:06:43
00298 ys3011-ib   ./main_ball 4 0  Done                     05/15/2013 16:06:43
00299 ys3011-ib   ./main_ball 4 0  Done                     05/15/2013 16:06:43
00272 ys3010-ib  ./main_ball 4 0   Done                     05/15/2013 16:06:43
00274 ys3010-ib   ./main_ball 4 0  Done                     05/15/2013 16:06:43
00285 ys3010-ib   ./main_ball 4 0  Done                     05/15/2013 16:06:43
00286 ys3010-ib   ./main_ball 4 0  Done                     05/15/2013 16:06:43
00287 ys3010-ib   ./main_ball 4 0  Done                     05/15/2013 16:06:43
00273 ys3010-ib   ./main_ball 4 0  Done                     05/15/2013 16:06:43
00275 ys3010-ib   ./main_ball 4 0  Done                     05/15/2013 16:06:43
00276 ys3010-ib   ./main_ball 4 0  Done                     05/15/2013 16:06:43
00277 ys3010-ib   ./main_ball 4 0  Done                     05/15/2013 16:06:43
00278 ys3010-ib   ./main_ball 4 0  Done                     05/15/2013 16:06:43
00280 ys3010-ib   ./main_ball 4 0  Done                     05/15/2013 16:06:43
00279 ys3010-ib   ./main_ball 4 0  Done                     05/15/2013 16:06:43
00281 ys3010-ib   ./main_ball 4 0  Done                     05/15/2013 16:06:43
00282 ys3010-ib   ./main_ball 4 0  Done                     05/15/2013 16:06:43
00283 ys3010-ib   ./main_ball 4 0  Done                     05/15/2013 16:06:43
00284 ys3010-ib   ./main_ball 4 0  Done                     05/15/2013 16:06:43
00256 ys3009-ib  ./main_ball 4 0   Done                     05/15/2013 16:06:43
00266 ys3009-ib   ./main_ball 4 0  Done                     05/15/2013 16:06:43
00267 ys3009-ib   ./main_ball 4 0  Done                     05/15/2013 16:06:43
00268 ys3009-ib   ./main_ball 4 0  Done                     05/15/2013 16:06:43
00270 ys3009-ib   ./main_ball 4 0  Done                     05/15/2013 16:06:43
00269 ys3009-ib   ./main_ball 4 0  Done                     05/15/2013 16:06:43
00271 ys3009-ib   ./main_ball 4 0  Done                     05/15/2013 16:06:43
00257 ys3009-ib   ./main_ball 4 0  Done                     05/15/2013 16:06:43
00258 ys3009-ib   ./main_ball 4 0  Done                     05/15/2013 16:06:43
00260 ys3009-ib   ./main_ball 4 0  Done                     05/15/2013 16:06:43
00259 ys3009-ib   ./main_ball 4 0  Done                     05/15/2013 16:06:43
00261 ys3009-ib   ./main_ball 4 0  Done                     05/15/2013 16:06:43
00262 ys3009-ib   ./main_ball 4 0  Done                     05/15/2013 16:06:43
00263 ys3009-ib   ./main_ball 4 0  Done                     05/15/2013 16:06:43
00264 ys3009-ib   ./main_ball 4 0  Done                     05/15/2013 16:06:43
00265 ys3009-ib   ./main_ball 4 0  Done                     05/15/2013 16:06:43
00240 ys3008-ib  ./main_ball 4 0   Done                     05/15/2013 16:06:43
00247 ys3008-ib   ./main_ball 4 0  Done                     05/15/2013 16:06:43
00248 ys3008-ib   ./main_ball 4 0  Done                     05/15/2013 16:06:43
00250 ys3008-ib   ./main_ball 4 0  Done                     05/15/2013 16:06:43
00249 ys3008-ib   ./main_ball 4 0  Done                     05/15/2013 16:06:43
00251 ys3008-ib   ./main_ball 4 0  Done                     05/15/2013 16:06:43
00252 ys3008-ib   ./main_ball 4 0  Done                     05/15/2013 16:06:43
00253 ys3008-ib   ./main_ball 4 0  Done                     05/15/2013 16:06:43
00254 ys3008-ib   ./main_ball 4 0  Done                     05/15/2013 16:06:43
00255 ys3008-ib   ./main_ball 4 0  Done                     05/15/2013 16:06:43
00241 ys3008-ib   ./main_ball 4 0  Done                     05/15/2013 16:06:43
00242 ys3008-ib   ./main_ball 4 0  Done                     05/15/2013 16:06:43
00243 ys3008-ib   ./main_ball 4 0  Done                     05/15/2013 16:06:43
00244 ys3008-ib   ./main_ball 4 0  Done                     05/15/2013 16:06:43
00245 ys3008-ib   ./main_ball 4 0  Done                     05/15/2013 16:06:43
00246 ys3008-ib   ./main_ball 4 0  Done                     05/15/2013 16:06:43
00224 ys3007-ib  ./main_ball 4 0   Done                     05/15/2013 16:06:43
00227 ys3007-ib   ./main_ball 4 0  Done                     05/15/2013 16:06:43
00228 ys3007-ib   ./main_ball 4 0  Done                     05/15/2013 16:06:43
00230 ys3007-ib   ./main_ball 4 0  Done                     05/15/2013 16:06:43
00229 ys3007-ib   ./main_ball 4 0  Done                     05/15/2013 16:06:43
00231 ys3007-ib   ./main_ball 4 0  Done                     05/15/2013 16:06:43
00232 ys3007-ib   ./main_ball 4 0  Done                     05/15/2013 16:06:43
00233 ys3007-ib   ./main_ball 4 0  Done                     05/15/2013 16:06:43
00234 ys3007-ib   ./main_ball 4 0  Done                     05/15/2013 16:06:43
00235 ys3007-ib   ./main_ball 4 0  Done                     05/15/2013 16:06:43
00236 ys3007-ib   ./main_ball 4 0  Done                     05/15/2013 16:06:43
00237 ys3007-ib   ./main_ball 4 0  Done                     05/15/2013 16:06:43
00238 ys3007-ib   ./main_ball 4 0  Done                     05/15/2013 16:06:43
00239 ys3007-ib   ./main_ball 4 0  Done                     05/15/2013 16:06:43
00225 ys3007-ib   ./main_ball 4 0  Done                     05/15/2013 16:06:43
00226 ys3007-ib   ./main_ball 4 0  Done                     05/15/2013 16:06:43
00208 ys3006-ib  ./main_ball 4 0   Done                     05/15/2013 16:06:43
00210 ys3006-ib   ./main_ball 4 0  Done                     05/15/2013 16:06:43
00209 ys3006-ib   ./main_ball 4 0  Done                     05/15/2013 16:06:43
00211 ys3006-ib   ./main_ball 4 0  Done                     05/15/2013 16:06:43
00212 ys3006-ib   ./main_ball 4 0  Done                     05/15/2013 16:06:43
00213 ys3006-ib   ./main_ball 4 0  Done                     05/15/2013 16:06:43
00214 ys3006-ib   ./main_ball 4 0  Done                     05/15/2013 16:06:43
00215 ys3006-ib   ./main_ball 4 0  Done                     05/15/2013 16:06:43
00216 ys3006-ib   ./main_ball 4 0  Done                     05/15/2013 16:06:43
00217 ys3006-ib   ./main_ball 4 0  Done                     05/15/2013 16:06:43
00218 ys3006-ib   ./main_ball 4 0  Done                     05/15/2013 16:06:43
00220 ys3006-ib   ./main_ball 4 0  Done                     05/15/2013 16:06:43
00219 ys3006-ib   ./main_ball 4 0  Done                     05/15/2013 16:06:43
00221 ys3006-ib   ./main_ball 4 0  Done                     05/15/2013 16:06:43
00222 ys3006-ib   ./main_ball 4 0  Done                     05/15/2013 16:06:43
00223 ys3006-ib   ./main_ball 4 0  Done                     05/15/2013 16:06:43
00192 ys3005-ib  ./main_ball 4 0   Done                     05/15/2013 16:06:43
00199 ys3005-ib   ./main_ball 4 0  Done                     05/15/2013 16:06:43
00200 ys3005-ib   ./main_ball 4 0  Done                     05/15/2013 16:06:43
00201 ys3005-ib   ./main_ball 4 0  Done                     05/15/2013 16:06:43
00202 ys3005-ib   ./main_ball 4 0  Done                     05/15/2013 16:06:43
00203 ys3005-ib   ./main_ball 4 0  Done                     05/15/2013 16:06:43
00193 ys3005-ib   ./main_ball 4 0  Done                     05/15/2013 16:06:43
00204 ys3005-ib   ./main_ball 4 0  Done                     05/15/2013 16:06:43
00194 ys3005-ib   ./main_ball 4 0  Done                     05/15/2013 16:06:43
00205 ys3005-ib   ./main_ball 4 0  Done                     05/15/2013 16:06:43
00195 ys3005-ib   ./main_ball 4 0  Done                     05/15/2013 16:06:43
00206 ys3005-ib   ./main_ball 4 0  Done                     05/15/2013 16:06:43
00196 ys3005-ib   ./main_ball 4 0  Done                     05/15/2013 16:06:43
00207 ys3005-ib   ./main_ball 4 0  Done                     05/15/2013 16:06:43
00197 ys3005-ib   ./main_ball 4 0  Done                     05/15/2013 16:06:43
00198 ys3005-ib   ./main_ball 4 0  Done                     05/15/2013 16:06:43
00176 ys3004-ib  ./main_ball 4 0   Done                     05/15/2013 16:06:43
00181 ys3004-ib   ./main_ball 4 0  Done                     05/15/2013 16:06:43
00182 ys3004-ib   ./main_ball 4 0  Done                     05/15/2013 16:06:43
00183 ys3004-ib   ./main_ball 4 0  Done                     05/15/2013 16:06:43
00184 ys3004-ib   ./main_ball 4 0  Done                     05/15/2013 16:06:43
00185 ys3004-ib   ./main_ball 4 0  Done                     05/15/2013 16:06:43
00186 ys3004-ib   ./main_ball 4 0  Done                     05/15/2013 16:06:43
00187 ys3004-ib   ./main_ball 4 0  Done                     05/15/2013 16:06:43
00188 ys3004-ib   ./main_ball 4 0  Done                     05/15/2013 16:06:43
00190 ys3004-ib   ./main_ball 4 0  Done                     05/15/2013 16:06:43
00189 ys3004-ib   ./main_ball 4 0  Done                     05/15/2013 16:06:43
00191 ys3004-ib   ./main_ball 4 0  Done                     05/15/2013 16:06:43
00177 ys3004-ib   ./main_ball 4 0  Done                     05/15/2013 16:06:43
00178 ys3004-ib   ./main_ball 4 0  Done                     05/15/2013 16:06:43
00180 ys3004-ib   ./main_ball 4 0  Done                     05/15/2013 16:06:43
00179 ys3004-ib   ./main_ball 4 0  Done                     05/15/2013 16:06:43
00160 ys3003-ib  ./main_ball 4 0   Done                     05/15/2013 16:06:43
00162 ys3003-ib   ./main_ball 4 0  Done                     05/15/2013 16:06:43
00163 ys3003-ib   ./main_ball 4 0  Done                     05/15/2013 16:06:43
00165 ys3003-ib   ./main_ball 4 0  Done                     05/15/2013 16:06:43
00164 ys3003-ib   ./main_ball 4 0  Done                     05/15/2013 16:06:43
00166 ys3003-ib   ./main_ball 4 0  Done                     05/15/2013 16:06:43
00167 ys3003-ib   ./main_ball 4 0  Done                     05/15/2013 16:06:43
00168 ys3003-ib   ./main_ball 4 0  Done                     05/15/2013 16:06:43
00170 ys3003-ib   ./main_ball 4 0  Done                     05/15/2013 16:06:43
00169 ys3003-ib   ./main_ball 4 0  Done                     05/15/2013 16:06:43
00171 ys3003-ib   ./main_ball 4 0  Done                     05/15/2013 16:06:43
00172 ys3003-ib   ./main_ball 4 0  Done                     05/15/2013 16:06:43
00173 ys3003-ib   ./main_ball 4 0  Done                     05/15/2013 16:06:43
00174 ys3003-ib   ./main_ball 4 0  Done                     05/15/2013 16:06:43
00175 ys3003-ib   ./main_ball 4 0  Done                     05/15/2013 16:06:43
00161 ys3003-ib   ./main_ball 4 0  Done                     05/15/2013 16:06:43
00144 ys3002-ib  ./main_ball 4 0   Done                     05/15/2013 16:06:43
00145 ys3002-ib   ./main_ball 4 0  Done                     05/15/2013 16:06:43
00146 ys3002-ib   ./main_ball 4 0  Done                     05/15/2013 16:06:43
00147 ys3002-ib   ./main_ball 4 0  Done                     05/15/2013 16:06:43
00148 ys3002-ib   ./main_ball 4 0  Done                     05/15/2013 16:06:43
00150 ys3002-ib   ./main_ball 4 0  Done                     05/15/2013 16:06:43
00149 ys3002-ib   ./main_ball 4 0  Done                     05/15/2013 16:06:43
00151 ys3002-ib   ./main_ball 4 0  Done                     05/15/2013 16:06:43
00152 ys3002-ib   ./main_ball 4 0  Done                     05/15/2013 16:06:43
00153 ys3002-ib   ./main_ball 4 0  Done                     05/15/2013 16:06:43
00154 ys3002-ib   ./main_ball 4 0  Done                     05/15/2013 16:06:43
00155 ys3002-ib   ./main_ball 4 0  Done                     05/15/2013 16:06:43
00156 ys3002-ib   ./main_ball 4 0  Done                     05/15/2013 16:06:43
00157 ys3002-ib   ./main_ball 4 0  Done                     05/15/2013 16:06:43
00158 ys3002-ib   ./main_ball 4 0  Done                     05/15/2013 16:06:43
00159 ys3002-ib   ./main_ball 4 0  Done                     05/15/2013 16:06:43
00128 ys3001-ib  ./main_ball 4 0   Done                     05/15/2013 16:06:43
00143 ys3001-ib   ./main_ball 4 0  Done                     05/15/2013 16:06:43
00130 ys3001-ib   ./main_ball 4 0  Done                     05/15/2013 16:06:43
00129 ys3001-ib   ./main_ball 4 0  Done                     05/15/2013 16:06:43
00131 ys3001-ib   ./main_ball 4 0  Done                     05/15/2013 16:06:43
00132 ys3001-ib   ./main_ball 4 0  Done                     05/15/2013 16:06:43
00133 ys3001-ib   ./main_ball 4 0  Done                     05/15/2013 16:06:43
00134 ys3001-ib   ./main_ball 4 0  Done                     05/15/2013 16:06:43
00135 ys3001-ib   ./main_ball 4 0  Done                     05/15/2013 16:06:43
00136 ys3001-ib   ./main_ball 4 0  Done                     05/15/2013 16:06:43
00137 ys3001-ib   ./main_ball 4 0  Done                     05/15/2013 16:06:43
00138 ys3001-ib   ./main_ball 4 0  Done                     05/15/2013 16:06:43
00140 ys3001-ib   ./main_ball 4 0  Done                     05/15/2013 16:06:43
00139 ys3001-ib   ./main_ball 4 0  Done                     05/15/2013 16:06:43
00141 ys3001-ib   ./main_ball 4 0  Done                     05/15/2013 16:06:43
00142 ys3001-ib   ./main_ball 4 0  Done                     05/15/2013 16:06:43
00112 ys2972-ib  ./main_ball 4 0   Done                     05/15/2013 16:06:43
00114 ys2972-ib   ./main_ball 4 0  Done                     05/15/2013 16:06:43
00124 ys2972-ib   ./main_ball 4 0  Done                     05/15/2013 16:06:43
00125 ys2972-ib   ./main_ball 4 0  Done                     05/15/2013 16:06:43
00126 ys2972-ib   ./main_ball 4 0  Done                     05/15/2013 16:06:43
00127 ys2972-ib   ./main_ball 4 0  Done                     05/15/2013 16:06:43
00113 ys2972-ib   ./main_ball 4 0  Done                     05/15/2013 16:06:43
00115 ys2972-ib   ./main_ball 4 0  Done                     05/15/2013 16:06:43
00116 ys2972-ib   ./main_ball 4 0  Done                     05/15/2013 16:06:43
00117 ys2972-ib   ./main_ball 4 0  Done                     05/15/2013 16:06:43
00118 ys2972-ib   ./main_ball 4 0  Done                     05/15/2013 16:06:43
00120 ys2972-ib   ./main_ball 4 0  Done                     05/15/2013 16:06:43
00119 ys2972-ib   ./main_ball 4 0  Done                     05/15/2013 16:06:43
00121 ys2972-ib   ./main_ball 4 0  Done                     05/15/2013 16:06:43
00122 ys2972-ib   ./main_ball 4 0  Done                     05/15/2013 16:06:43
00123 ys2972-ib   ./main_ball 4 0  Done                     05/15/2013 16:06:43
00096 ys2971-ib  ./main_ball 4 0   Done                     05/15/2013 16:06:43
00105 ys2971-ib   ./main_ball 4 0  Done                     05/15/2013 16:06:43
00106 ys2971-ib   ./main_ball 4 0  Done                     05/15/2013 16:06:43
00107 ys2971-ib   ./main_ball 4 0  Done                     05/15/2013 16:06:43
00108 ys2971-ib   ./main_ball 4 0  Done                     05/15/2013 16:06:43
00110 ys2971-ib   ./main_ball 4 0  Done                     05/15/2013 16:06:43
00109 ys2971-ib   ./main_ball 4 0  Done                     05/15/2013 16:06:43
00111 ys2971-ib   ./main_ball 4 0  Done                     05/15/2013 16:06:43
00097 ys2971-ib   ./main_ball 4 0  Done                     05/15/2013 16:06:43
00098 ys2971-ib   ./main_ball 4 0  Done                     05/15/2013 16:06:43
00099 ys2971-ib   ./main_ball 4 0  Done                     05/15/2013 16:06:43
00100 ys2971-ib   ./main_ball 4 0  Done                     05/15/2013 16:06:43
00101 ys2971-ib   ./main_ball 4 0  Done                     05/15/2013 16:06:43
00102 ys2971-ib   ./main_ball 4 0  Done                     05/15/2013 16:06:43
00103 ys2971-ib   ./main_ball 4 0  Done                     05/15/2013 16:06:43
00104 ys2971-ib   ./main_ball 4 0  Done                     05/15/2013 16:06:43
00080 ys2970-ib  ./main_ball 4 0   Done                     05/15/2013 16:06:43
00083 ys2970-ib   ./main_ball 4 0  Done                     05/15/2013 16:06:43
00085 ys2970-ib   ./main_ball 4 0  Done                     05/15/2013 16:06:43
00090 ys2970-ib   ./main_ball 4 0  Done                     05/15/2013 16:06:43
00089 ys2970-ib   ./main_ball 4 0  Done                     05/15/2013 16:06:43
00091 ys2970-ib   ./main_ball 4 0  Done                     05/15/2013 16:06:43
00092 ys2970-ib   ./main_ball 4 0  Done                     05/15/2013 16:06:43
00093 ys2970-ib   ./main_ball 4 0  Done                     05/15/2013 16:06:43
00094 ys2970-ib   ./main_ball 4 0  Done                     05/15/2013 16:06:43
00095 ys2970-ib   ./main_ball 4 0  Done                     05/15/2013 16:06:43
00081 ys2970-ib   ./main_ball 4 0  Done                     05/15/2013 16:06:43
00082 ys2970-ib   ./main_ball 4 0  Done                     05/15/2013 16:06:43
00084 ys2970-ib   ./main_ball 4 0  Done                     05/15/2013 16:06:43
00086 ys2970-ib   ./main_ball 4 0  Done                     05/15/2013 16:06:43
00087 ys2970-ib   ./main_ball 4 0  Done                     05/15/2013 16:06:43
00088 ys2970-ib   ./main_ball 4 0  Done                     05/15/2013 16:06:43
00064 ys2969-ib  ./main_ball 4 0   Done                     05/15/2013 16:06:43
00067 ys2969-ib   ./main_ball 4 0  Done                     05/15/2013 16:06:43
00071 ys2969-ib   ./main_ball 4 0  Done                     05/15/2013 16:06:43
00072 ys2969-ib   ./main_ball 4 0  Done                     05/15/2013 16:06:43
00073 ys2969-ib   ./main_ball 4 0  Done                     05/15/2013 16:06:43
00074 ys2969-ib   ./main_ball 4 0  Done                     05/15/2013 16:06:43
00075 ys2969-ib   ./main_ball 4 0  Done                     05/15/2013 16:06:43
00076 ys2969-ib   ./main_ball 4 0  Done                     05/15/2013 16:06:43
00077 ys2969-ib   ./main_ball 4 0  Done                     05/15/2013 16:06:43
00078 ys2969-ib   ./main_ball 4 0  Done                     05/15/2013 16:06:43
00079 ys2969-ib   ./main_ball 4 0  Done                     05/15/2013 16:06:43
00065 ys2969-ib   ./main_ball 4 0  Done                     05/15/2013 16:06:43
00066 ys2969-ib   ./main_ball 4 0  Done                     05/15/2013 16:06:43
00068 ys2969-ib   ./main_ball 4 0  Done                     05/15/2013 16:06:43
00070 ys2969-ib   ./main_ball 4 0  Done                     05/15/2013 16:06:43
00069 ys2969-ib   ./main_ball 4 0  Done                     05/15/2013 16:06:43
00048 ys2968-ib  ./main_ball 4 0   Done                     05/15/2013 16:06:43
00052 ys2968-ib   ./main_ball 4 0  Done                     05/15/2013 16:06:43
00053 ys2968-ib   ./main_ball 4 0  Done                     05/15/2013 16:06:43
00054 ys2968-ib   ./main_ball 4 0  Done                     05/15/2013 16:06:43
00055 ys2968-ib   ./main_ball 4 0  Done                     05/15/2013 16:06:43
00056 ys2968-ib   ./main_ball 4 0  Done                     05/15/2013 16:06:43
00057 ys2968-ib   ./main_ball 4 0  Done                     05/15/2013 16:06:43
00058 ys2968-ib   ./main_ball 4 0  Done                     05/15/2013 16:06:43
00060 ys2968-ib   ./main_ball 4 0  Done                     05/15/2013 16:06:43
00059 ys2968-ib   ./main_ball 4 0  Done                     05/15/2013 16:06:43
00061 ys2968-ib   ./main_ball 4 0  Done                     05/15/2013 16:06:43
00062 ys2968-ib   ./main_ball 4 0  Done                     05/15/2013 16:06:43
00063 ys2968-ib   ./main_ball 4 0  Done                     05/15/2013 16:06:43
00050 ys2968-ib   ./main_ball 4 0  Done                     05/15/2013 16:06:43
00049 ys2968-ib   ./main_ball 4 0  Done                     05/15/2013 16:06:43
00051 ys2968-ib   ./main_ball 4 0  Done                     05/15/2013 16:06:43
00032 ys2967-ib  ./main_ball 4 0   Done                     05/15/2013 16:06:43
00033 ys2967-ib   ./main_ball 4 0  Done                     05/15/2013 16:06:43
00034 ys2967-ib   ./main_ball 4 0  Done                     05/15/2013 16:06:43
00035 ys2967-ib   ./main_ball 4 0  Done                     05/15/2013 16:06:43
00036 ys2967-ib   ./main_ball 4 0  Done                     05/15/2013 16:06:43
00037 ys2967-ib   ./main_ball 4 0  Done                     05/15/2013 16:06:43
00038 ys2967-ib   ./main_ball 4 0  Done                     05/15/2013 16:06:43
00040 ys2967-ib   ./main_ball 4 0  Done                     05/15/2013 16:06:43
00039 ys2967-ib   ./main_ball 4 0  Done                     05/15/2013 16:06:43
00041 ys2967-ib   ./main_ball 4 0  Done                     05/15/2013 16:06:43
00042 ys2967-ib   ./main_ball 4 0  Done                     05/15/2013 16:06:43
00043 ys2967-ib   ./main_ball 4 0  Done                     05/15/2013 16:06:43
00044 ys2967-ib   ./main_ball 4 0  Done                     05/15/2013 16:06:43
00045 ys2967-ib   ./main_ball 4 0  Done                     05/15/2013 16:06:43
00046 ys2967-ib   ./main_ball 4 0  Done                     05/15/2013 16:06:43
00047 ys2967-ib   ./main_ball 4 0  Done                     05/15/2013 16:06:43
00016 ys2966-ib  ./main_ball 4 0   Done                     05/15/2013 16:06:43
00018 ys2966-ib   ./main_ball 4 0  Done                     05/15/2013 16:06:43
00017 ys2966-ib   ./main_ball 4 0  Done                     05/15/2013 16:06:43
00020 ys2966-ib   ./main_ball 4 0  Done                     05/15/2013 16:06:43
00019 ys2966-ib   ./main_ball 4 0  Done                     05/15/2013 16:06:43
00021 ys2966-ib   ./main_ball 4 0  Done                     05/15/2013 16:06:43
00022 ys2966-ib   ./main_ball 4 0  Done                     05/15/2013 16:06:43
00023 ys2966-ib   ./main_ball 4 0  Done                     05/15/2013 16:06:43
00024 ys2966-ib   ./main_ball 4 0  Done                     05/15/2013 16:06:43
00025 ys2966-ib   ./main_ball 4 0  Done                     05/15/2013 16:06:43
00026 ys2966-ib   ./main_ball 4 0  Done                     05/15/2013 16:06:43
00027 ys2966-ib   ./main_ball 4 0  Done                     05/15/2013 16:06:43
00028 ys2966-ib   ./main_ball 4 0  Done                     05/15/2013 16:06:43
00030 ys2966-ib   ./main_ball 4 0  Done                     05/15/2013 16:06:43
00029 ys2966-ib   ./main_ball 4 0  Done                     05/15/2013 16:06:43
00031 ys2966-ib   ./main_ball 4 0  Done                     05/15/2013 16:06:43
00000 ys2965-ib  ./main_ball 4 0   Done                     05/15/2013 16:06:43
00002 ys2965-ib   ./main_ball 4 0  Done                     05/15/2013 16:06:43
00014 ys2965-ib   ./main_ball 4 0  Done                     05/15/2013 16:06:43
00003 ys2965-ib   ./main_ball 4 0  Done                     05/15/2013 16:06:43
00015 ys2965-ib   ./main_ball 4 0  Done                     05/15/2013 16:06:43
00004 ys2965-ib   ./main_ball 4 0  Done                     05/15/2013 16:06:43
00005 ys2965-ib   ./main_ball 4 0  Done                     05/15/2013 16:06:43
00006 ys2965-ib   ./main_ball 4 0  Done                     05/15/2013 16:06:43
00007 ys2965-ib   ./main_ball 4 0  Done                     05/15/2013 16:06:43
00008 ys2965-ib   ./main_ball 4 0  Done                     05/15/2013 16:06:43
00009 ys2965-ib   ./main_ball 4 0  Done                     05/15/2013 16:06:43
00010 ys2965-ib   ./main_ball 4 0  Done                     05/15/2013 16:06:43
00011 ys2965-ib   ./main_ball 4 0  Done                     05/15/2013 16:06:43
00012 ys2965-ib   ./main_ball 4 0  Done                     05/15/2013 16:06:43
00001 ys2965-ib   ./main_ball 4 0  Done                     05/15/2013 16:06:43
00013 ys2965-ib   ./main_ball 4 0  Done                     05/15/2013 16:06:43

------------------------------------------------------------
Sender: LSF System <lsfadmin@ys2965-ib>
Subject: Job 662506: <mb.512> Done

Job <mb.512> was submitted from host <yslogin3-ib> by user <robertk> in cluster <yellowstone>.
Job was executed on host(s) <16*ys2965-ib>, in queue <small>, as user <robertk> in cluster <yellowstone>.
                            <16*ys2966-ib>
                            <16*ys2967-ib>
                            <16*ys2968-ib>
                            <16*ys2969-ib>
                            <16*ys2970-ib>
                            <16*ys2971-ib>
                            <16*ys2972-ib>
                            <16*ys3001-ib>
                            <16*ys3002-ib>
                            <16*ys3003-ib>
                            <16*ys3004-ib>
                            <16*ys3005-ib>
                            <16*ys3006-ib>
                            <16*ys3007-ib>
                            <16*ys3008-ib>
                            <16*ys3009-ib>
                            <16*ys3010-ib>
                            <16*ys3011-ib>
                            <16*ys3012-ib>
                            <16*ys3013-ib>
                            <16*ys3014-ib>
                            <16*ys3015-ib>
                            <16*ys3016-ib>
                            <16*ys3017-ib>
                            <16*ys3018-ib>
                            <16*ys3019-ib>
                            <16*ys3024-ib>
                            <16*ys3025-ib>
                            <16*ys3026-ib>
                            <16*ys3027-ib>
                            <16*ys3028-ib>
</glade/u/home/robertk> was used as the home directory.
</glade/u/home/robertk/work/Dune/trunk/alugrid/examples> was used as the working directory.
Started at Wed May 15 16:04:58 2013
Results reported at Wed May 15 16:06:48 2013

Your job looked like:

------------------------------------------------------------
# LSBATCH: User input
#!/bin/bash
# LSF batch script to run an MPI application
#
#BSUB -P P86850055           # project code
#BSUB -W 00:30               # wall-clock time (hrs:mins)
#BSUB -n 512              # number of tasks in job
#BSUB -R span[ptile=16]    # run 16 MPI tasks per node
#BSUB -J mb.512            # job name
#BSUB -o ./out/mb.512.%J.out  # output file name 
#BSUB -e ./err/mb.512.%J.err  # error file name
#BSUB -q small             # queue
#run the executable
mpirun.lsf ./main_ball 4 0 3 none

------------------------------------------------------------

Successfully completed.

Resource usage summary:

    CPU time   :  49638.47 sec.
    Max Memory :       164 MB
    Max Swap   :      3050 MB

    Max Processes  :         7
    Max Threads    :        77

The output (if any) is above this job summary.



PS:

Read file <./err/mb.512.662506.err> for stderr output of this job.

