Execute poe command line: poe  ./main_ball 4 0 3 none
Caught DGFException on creation of SGrid, trying default DGF method!

Created parallel ALUGrid<3,3,cube,nonconforming> from macro grid file ''. 

globalRefine: 0
elements = 7325564 (13817,14799,1.07107)   maxLevel = 3   step = 12   time = 0.108   dt = 0.009
elements = 7210981 (13576,14572,1.07336)   maxLevel = 3   step = 23   time = 0.207   dt = 0.009
elements = 7162604 (13545,14484,1.06932)   maxLevel = 3   step = 34   time = 0.306   dt = 0.009
elements = 7334419 (13818,14827,1.07302)   maxLevel = 3   step = 45   time = 0.405   dt = 0.009
elements = 7064583 (13296,14287,1.07453)   maxLevel = 3   step = 56   time = 0.504   dt = 0.009
elements = 7319831 (13792,14778,1.07149)   maxLevel = 3   step = 67   time = 0.603   dt = 0.009
elements = 7213732 (13654,14549,1.06555)   maxLevel = 3   step = 78   time = 0.702   dt = 0.009
elements = 7125301 (13448,14408,1.07139)   maxLevel = 3   step = 89   time = 0.801   dt = 0.009
elements = 7310682 (13789,14773,1.07136)   maxLevel = 3   step = 100   time = 0.9   dt = 0.009
elements = 7053824 (13282,14231,1.07145)   maxLevel = 3   step = 112   time = 1.008   dt = 0.009
U2 max: 23.92  min: 15.16
U3 max: 0.03  min: 0
U4 max: 3.06  min: 1.64
U5 max: 0.49  min: 0.01
U6 max: 19.12  min: 12.52
U7 max: 0.01  min: 0
U8 max: 27.68  min: 18.98
Program finished: CPU time = 54.7187 sec.

------------------------------------------------------------
Sender: LSF System <lsfadmin@ys0570-ib>
Subject: Job 926080: <mb.512> in cluster <yellowstone> Done

Job <mb.512> was submitted from host <yslogin3-ib> by user <robertk> in cluster <yellowstone>.
Job was executed on host(s) <16*ys0570-ib>, in queue <small>, as user <robertk> in cluster <yellowstone>.
                            <16*ys0571-ib>
                            <16*ys0572-ib>
                            <16*ys0603-ib>
                            <16*ys0604-ib>
                            <16*ys0605-ib>
                            <16*ys0606-ib>
                            <16*ys0612-ib>
                            <16*ys0613-ib>
                            <16*ys0614-ib>
                            <16*ys0615-ib>
                            <16*ys0616-ib>
                            <16*ys0617-ib>
                            <16*ys0618-ib>
                            <16*ys0620-ib>
                            <16*ys0621-ib>
                            <16*ys0622-ib>
                            <16*ys0623-ib>
                            <16*ys0624-ib>
                            <16*ys0625-ib>
                            <16*ys0632-ib>
                            <16*ys0634-ib>
                            <16*ys0635-ib>
                            <16*ys0636-ib>
                            <16*ys0639-ib>
                            <16*ys0640-ib>
                            <16*ys0642-ib>
                            <16*ys0643-ib>
                            <16*ys0644-ib>
                            <16*ys0645-ib>
                            <16*ys0646-ib>
                            <16*ys0647-ib>
</glade/u/home/robertk> was used as the home directory.
</glade/u/home/robertk/work/Dune/trunk/alugrid/examples/run/mb_alusfc_403> was used as the working directory.
Started at Thu Feb 20 15:29:30 2014
Results reported at Thu Feb 20 15:31:21 2014

Your job looked like:

------------------------------------------------------------
# LSBATCH: User input
#!/bin/bash
# LSF batch script to run an MPI application
#
#BSUB -P P86850055           # project code
#BSUB -W 00:30               # wall-clock time (hrs:mins)
#BSUB -n 512              # number of tasks in job
#BSUB -R span[ptile=16]    # run 16 MPI tasks per node
#BSUB -J mb.512            # job name
#BSUB -o ./mb.512.out  # output file name 
#BSUB -e ./mb.512.err  # error file name
#BSUB -q small             # queue
#run the executable
export MP_CSS_INTERRUPT=yes
export MP_EAGER_LIMIT=4194305
export MP_EAGER_LIMIT_LOCAL=4194305
mpirun.lsf ./main_ball 4 0 3 none

------------------------------------------------------------

Successfully completed.

Resource usage summary:

    CPU time :               54245.87 sec.
    Max Memory :             53080 MB
    Average Memory :         1902.00 MB
    Total Requested Memory : -
    Delta Memory :           -
    (Delta: the difference between total requested memory and actual max usage.)
    Max Processes :          548
    Max Threads :            5865

The output (if any) is above this job summary.



PS:

Read file <./mb.512.err> for stderr output of this job.

