Execute poe command line: poe  ./main_euler 23 0 6 none
Caught DGFException on creation of SGrid, trying default DGF method!

Created parallel ALUGrid<3,3,cube,nonconforming> from macro grid file ''. 

globalRefine: 0
Intialization done!
elements = 26486272 (6917,44952,6.49877)   maxLevel = 6   step = 11   time = 6.45968e-05   dt = 5.87244e-06
elements = 33826304 (16112,58456,3.6281)   maxLevel = 6   step = 21   time = 0.000123321   dt = 5.87244e-06
elements = 33826304 (16112,58456,3.6281)   maxLevel = 6   step = 31   time = 0.000182046   dt = 5.87244e-06
elements = 33826304 (16112,58456,3.6281)   maxLevel = 6   step = 41   time = 0.00024077   dt = 5.87244e-06
elements = 33826304 (16112,58456,3.6281)   maxLevel = 6   step = 52   time = 0.000305367   dt = 5.87244e-06
elements = 43001344 (21995,76036,3.45697)   maxLevel = 6   step = 62   time = 0.000364091   dt = 5.87244e-06
elements = 43001344 (21995,76036,3.45697)   maxLevel = 6   step = 72   time = 0.000422816   dt = 5.87244e-06
elements = 43001344 (21995,76036,3.45697)   maxLevel = 6   step = 82   time = 0.00048154   dt = 5.87244e-06
elements = 43001344 (21995,76036,3.45697)   maxLevel = 6   step = 92   time = 0.000540264   dt = 5.87244e-06
elements = 43001344 (21995,76036,3.45697)   maxLevel = 6   step = 103   time = 0.000604861   dt = 5.87244e-06
elements = 50341376 (18403,90300,4.90681)   maxLevel = 6   step = 113   time = 0.000663586   dt = 5.87244e-06
elements = 50341376 (18403,90300,4.90681)   maxLevel = 6   step = 123   time = 0.00072231   dt = 5.87244e-06
elements = 50341376 (18403,90300,4.90681)   maxLevel = 6   step = 133   time = 0.000781034   dt = 5.87244e-06
elements = 50341376 (18403,90300,4.90681)   maxLevel = 6   step = 144   time = 0.000845631   dt = 5.87244e-06
elements = 50341376 (18403,90300,4.90681)   maxLevel = 6   step = 154   time = 0.000904356   dt = 5.87244e-06
elements = 60118528 (40147,110240,2.74591)   maxLevel = 6   step = 164   time = 0.00096308   dt = 5.87244e-06
elements = 60118528 (40147,110240,2.74591)   maxLevel = 6   step = 174   time = 0.0010218   dt = 5.87244e-06
elements = 60118528 (40147,110240,2.74591)   maxLevel = 6   step = 184   time = 0.00108053   dt = 5.87244e-06
elements = 60118528 (40147,110240,2.74591)   maxLevel = 6   step = 195   time = 0.00114513   dt = 5.87244e-06
elements = 60118528 (40147,110240,2.74591)   maxLevel = 6   step = 205   time = 0.00120385   dt = 5.87244e-06
elements = 60118528 (40147,110240,2.74591)   maxLevel = 6   step = 215   time = 0.00126257   dt = 5.87244e-06
elements = 67458560 (40147,124576,3.103)   maxLevel = 6   step = 225   time = 0.0013213   dt = 5.87244e-06
elements = 67458560 (40147,124576,3.103)   maxLevel = 6   step = 235   time = 0.00138002   dt = 5.87244e-06
elements = 60118528 (40147,110240,2.74591)   maxLevel = 6   step = 246   time = 0.00144462   dt = 5.87244e-06
elements = 60118528 (40147,110240,2.74591)   maxLevel = 6   step = 256   time = 0.00150334   dt = 5.87244e-06
U2 max: 3.74  min: 2.02
U3 max: 0.05  min: 0
U4 max: 3.13  min: 0.93
U5 max: 4.5  min: 2.99
U6 max: 2.71  min: 0.83
U7 max: 0.01  min: 0
U8 max: 8.09  min: 5.63
Program finished: CPU time = 103.846 sec.

------------------------------------------------------------
Sender: LSF System <lsfadmin@ys3264-ib>
Subject: Job 994068: <primdgx.1024> in cluster <yellowstone> Done

Job <primdgx.1024> was submitted from host <yslogin3-ib> by user <robertk> in cluster <yellowstone>.
Job was executed on host(s) <16*ys3264-ib>, in queue <small>, as user <robertk> in cluster <yellowstone>.
                            <16*ys3265-ib>
                            <16*ys3271-ib>
                            <16*ys3272-ib>
                            <16*ys3325-ib>
                            <16*ys3330-ib>
                            <16*ys3331-ib>
                            <16*ys3343-ib>
                            <16*ys3346-ib>
                            <16*ys3347-ib>
                            <16*ys3348-ib>
                            <16*ys3349-ib>
                            <16*ys3350-ib>
                            <16*ys3351-ib>
                            <16*ys3352-ib>
                            <16*ys3353-ib>
                            <16*ys3358-ib>
                            <16*ys3504-ib>
                            <16*ys3505-ib>
                            <16*ys3508-ib>
                            <16*ys3528-ib>
                            <16*ys3530-ib>
                            <16*ys3531-ib>
                            <16*ys3532-ib>
                            <16*ys3533-ib>
                            <16*ys3534-ib>
                            <16*ys3535-ib>
                            <16*ys3536-ib>
                            <16*ys3537-ib>
                            <16*ys3538-ib>
                            <16*ys3539-ib>
                            <16*ys3540-ib>
                            <16*ys3541-ib>
                            <16*ys3542-ib>
                            <16*ys3543-ib>
                            <16*ys3544-ib>
                            <16*ys3545-ib>
                            <16*ys3546-ib>
                            <16*ys3547-ib>
                            <16*ys3548-ib>
                            <16*ys3549-ib>
                            <16*ys3550-ib>
                            <16*ys3551-ib>
                            <16*ys3552-ib>
                            <16*ys3553-ib>
                            <16*ys3826-ib>
                            <16*ys3827-ib>
                            <16*ys3947-ib>
                            <16*ys3948-ib>
                            <16*ys3949-ib>
                            <16*ys3950-ib>
                            <16*ys3951-ib>
                            <16*ys3952-ib>
                            <16*ys3953-ib>
                            <16*ys3954-ib>
                            <16*ys3955-ib>
                            <16*ys3959-ib>
                            <16*ys3960-ib>
                            <16*ys3961-ib>
                            <16*ys3962-ib>
                            <16*ys3963-ib>
                            <16*ys3964-ib>
                            <16*ys3965-ib>
                            <16*ys3967-ib>
</glade/u/home/robertk> was used as the home directory.
</glade/u/home/robertk/work/Dune/trunk/alugrid/examples/run/me_alusfc_306> was used as the working directory.
Started at Thu Feb 27 13:47:29 2014
Results reported at Thu Feb 27 13:49:59 2014

Your job looked like:

------------------------------------------------------------
# LSBATCH: User input
#!/bin/bash
# LSF batch script to run an MPI application
#
#BSUB -P P86850055           # project code
#BSUB -W 00:20               # wall-clock time (hrs:mins)
#BSUB -n 1024              # number of tasks in job
#BSUB -R span[ptile=16]    # run 16 MPI tasks per node
#BSUB -J primdgx.1024            # job name
#BSUB -o ./primdgx.1024.out  # output file name 
#BSUB -e ./primdgx.1024.err  # error file name
#BSUB -q small             # queue
#run the executable
export MP_CSS_INTERRUPT=yes
export MP_EAGER_LIMIT=4194305
export MP_EAGER_LIMIT_LOCAL=4194305
mpirun.lsf ./main_euler 23 0 6 none

------------------------------------------------------------

Successfully completed.

Resource usage summary:

    CPU time :               118651.66 sec.
    Max Memory :             156223 MB
    Average Memory :         40229.25 MB
    Total Requested Memory : -
    Delta Memory :           -
    (Delta: the difference between total requested memory and actual max usage.)
    Max Processes :          1092
    Max Threads :            11721

The output (if any) is above this job summary.



PS:

Read file <./primdgx.1024.err> for stderr output of this job.

