Execute poe command line: poe  ./main_euler 23 0 6 none
Caught DGFException on creation of SGrid, trying default DGF method!

Created parallel ALUGrid<3,3,cube,nonconforming> from macro grid file ''. 

globalRefine: 0
Intialization done!
elements = 26486272 (8,28683,3585.38)   maxLevel = 6   step = 11   time = 6.45968e-05   dt = 5.87244e-06
elements = 33826304 (8,30478,3809.75)   maxLevel = 6   step = 21   time = 0.000123321   dt = 5.87244e-06
elements = 33826304 (8,30478,3809.75)   maxLevel = 6   step = 31   time = 0.000182046   dt = 5.87244e-06
elements = 33826304 (8,30478,3809.75)   maxLevel = 6   step = 41   time = 0.00024077   dt = 5.87244e-06
elements = 33826304 (8,30478,3809.75)   maxLevel = 6   step = 52   time = 0.000305367   dt = 5.87244e-06
elements = 43001344 (8,40314,5039.25)   maxLevel = 6   step = 62   time = 0.000364091   dt = 5.87244e-06
elements = 43001344 (8,40314,5039.25)   maxLevel = 6   step = 72   time = 0.000422816   dt = 5.87244e-06
elements = 43001344 (8,40314,5039.25)   maxLevel = 6   step = 82   time = 0.00048154   dt = 5.87244e-06
elements = 43001344 (8,40314,5039.25)   maxLevel = 6   step = 92   time = 0.000540264   dt = 5.87244e-06
elements = 43001344 (8,40314,5039.25)   maxLevel = 6   step = 103   time = 0.000604861   dt = 5.87244e-06
elements = 50341376 (8,45548,5693.5)   maxLevel = 6   step = 113   time = 0.000663586   dt = 5.87244e-06
elements = 50341376 (8,45548,5693.5)   maxLevel = 6   step = 123   time = 0.00072231   dt = 5.87244e-06
elements = 50341376 (8,45548,5693.5)   maxLevel = 6   step = 133   time = 0.000781034   dt = 5.87244e-06
elements = 50341376 (8,45548,5693.5)   maxLevel = 6   step = 144   time = 0.000845631   dt = 5.87244e-06
elements = 50341376 (8,45548,5693.5)   maxLevel = 6   step = 154   time = 0.000904356   dt = 5.87244e-06
elements = 60118528 (36,55068,1529.67)   maxLevel = 6   step = 164   time = 0.00096308   dt = 5.87244e-06
elements = 60118528 (36,55068,1529.67)   maxLevel = 6   step = 174   time = 0.0010218   dt = 5.87244e-06
elements = 60118528 (36,55068,1529.67)   maxLevel = 6   step = 184   time = 0.00108053   dt = 5.87244e-06
elements = 60118528 (36,55068,1529.67)   maxLevel = 6   step = 195   time = 0.00114513   dt = 5.87244e-06
elements = 60118528 (36,55068,1529.67)   maxLevel = 6   step = 205   time = 0.00120385   dt = 5.87244e-06
elements = 60118528 (36,55068,1529.67)   maxLevel = 6   step = 215   time = 0.00126257   dt = 5.87244e-06
elements = 67458560 (36,62164,1726.78)   maxLevel = 6   step = 225   time = 0.0013213   dt = 5.87244e-06
elements = 67458560 (36,62164,1726.78)   maxLevel = 6   step = 235   time = 0.00138002   dt = 5.87244e-06
elements = 60118528 (36,55068,1529.67)   maxLevel = 6   step = 246   time = 0.00144462   dt = 5.87244e-06
elements = 60118528 (36,55068,1529.67)   maxLevel = 6   step = 256   time = 0.00150334   dt = 5.87244e-06
U2 max: 3.58  min: 2.08
U3 max: 0.05  min: 0
U4 max: 3.09  min: 0.98
U5 max: 4.07  min: 2.75
U6 max: 2.5  min: 1.04
U7 max: 0.01  min: 0
U8 max: 7.52  min: 5.23
Program finished: CPU time = 29.6985 sec.

------------------------------------------------------------
Sender: LSF System <lsfadmin@ys3969-ib>
Subject: Job 994069: <primdgx.2048> in cluster <yellowstone> Done

Job <primdgx.2048> was submitted from host <yslogin3-ib> by user <robertk> in cluster <yellowstone>.
Job was executed on host(s) <16*ys3969-ib>, in queue <small>, as user <robertk> in cluster <yellowstone>.
                            <16*ys3970-ib>
                            <16*ys4014-ib>
                            <16*ys4021-ib>
                            <16*ys4022-ib>
                            <16*ys4027-ib>
                            <16*ys4028-ib>
                            <16*ys4029-ib>
                            <16*ys4030-ib>
                            <16*ys4031-ib>
                            <16*ys4032-ib>
                            <16*ys4037-ib>
                            <16*ys4038-ib>
                            <16*ys4051-ib>
                            <16*ys4052-ib>
                            <16*ys4053-ib>
                            <16*ys4056-ib>
                            <16*ys4071-ib>
                            <16*ys4072-ib>
                            <16*ys4101-ib>
                            <16*ys4102-ib>
                            <16*ys4103-ib>
                            <16*ys4104-ib>
                            <16*ys4105-ib>
                            <16*ys4106-ib>
                            <16*ys4107-ib>
                            <16*ys4108-ib>
                            <16*ys4109-ib>
                            <16*ys4110-ib>
                            <16*ys4111-ib>
                            <16*ys4112-ib>
                            <16*ys4113-ib>
                            <16*ys4114-ib>
                            <16*ys4115-ib>
                            <16*ys4116-ib>
                            <16*ys4118-ib>
                            <16*ys4119-ib>
                            <16*ys4121-ib>
                            <16*ys4123-ib>
                            <16*ys4124-ib>
                            <16*ys4125-ib>
                            <16*ys4126-ib>
                            <16*ys4127-ib>
                            <16*ys4128-ib>
                            <16*ys4129-ib>
                            <16*ys4130-ib>
                            <16*ys4135-ib>
                            <16*ys4136-ib>
                            <16*ys4137-ib>
                            <16*ys4139-ib>
                            <16*ys4146-ib>
                            <16*ys4147-ib>
                            <16*ys4153-ib>
                            <16*ys4154-ib>
                            <16*ys4155-ib>
                            <16*ys4156-ib>
                            <16*ys4157-ib>
                            <16*ys4158-ib>
                            <16*ys4159-ib>
                            <16*ys4160-ib>
                            <16*ys4162-ib>
                            <16*ys4163-ib>
                            <16*ys4164-ib>
                            <16*ys4166-ib>
                            <16*ys4253-ib>
                            <16*ys4254-ib>
                            <16*ys4305-ib>
                            <16*ys4348-ib>
                            <16*ys4521-ib>
                            <16*ys4522-ib>
                            <16*ys4523-ib>
                            <16*ys4524-ib>
                            <16*ys4525-ib>
                            <16*ys4526-ib>
                            <16*ys4529-ib>
                            <16*ys4530-ib>
                            <16*ys4551-ib>
                            <16*ys4554-ib>
                            <16*ys4557-ib>
                            <16*ys4558-ib>
                            <16*ys4561-ib>
                            <16*ys4562-ib>
                            <16*ys4563-ib>
                            <16*ys4568-ib>
                            <16*ys4605-ib>
                            <16*ys4606-ib>
                            <16*ys4607-ib>
                            <16*ys4609-ib>
                            <16*ys4613-ib>
                            <16*ys4614-ib>
                            <16*ys4617-ib>
                            <16*ys4618-ib>
                            <16*ys4620-ib>
                            <16*ys4662-ib>
                            <16*ys4726-ib>
                            <16*ys4727-ib>
                            <16*ys4728-ib>
                            <16*ys4753-ib>
                            <16*ys4861-ib>
                            <16*ys4929-ib>
                            <16*ys4940-ib>
                            <16*ys4941-ib>
                            <16*ys4944-ib>
                            <16*ys4945-ib>
                            <16*ys4946-ib>
                            <16*ys4947-ib>
                            <16*ys4948-ib>
                            <16*ys4949-ib>
                            <16*ys4952-ib>
                            <16*ys4953-ib>
                            <16*ys4969-ib>
                            <16*ys4972-ib>
                            <16*ys5002-ib>
                            <16*ys5003-ib>
                            <16*ys5004-ib>
                            <16*ys5056-ib>
                            <16*ys5057-ib>
                            <16*ys5103-ib>
                            <16*ys5247-ib>
                            <16*ys5260-ib>
                            <16*ys5311-ib>
                            <16*ys5312-ib>
                            <16*ys5314-ib>
                            <16*ys5359-ib>
                            <16*ys5361-ib>
                            <16*ys5368-ib>
                            <16*ys5456-ib>
                            <16*ys5459-ib>
</glade/u/home/robertk> was used as the home directory.
</glade/u/home/robertk/work/Dune/trunk/alugrid/examples/run/me_alusfc_306> was used as the working directory.
Started at Thu Feb 27 13:47:29 2014
Results reported at Thu Feb 27 13:48:49 2014

Your job looked like:

------------------------------------------------------------
# LSBATCH: User input
#!/bin/bash
# LSF batch script to run an MPI application
#
#BSUB -P P86850055           # project code
#BSUB -W 00:20               # wall-clock time (hrs:mins)
#BSUB -n 2048              # number of tasks in job
#BSUB -R span[ptile=16]    # run 16 MPI tasks per node
#BSUB -J primdgx.2048            # job name
#BSUB -o ./primdgx.2048.out  # output file name 
#BSUB -e ./primdgx.2048.err  # error file name
#BSUB -q small             # queue
#run the executable
export MP_CSS_INTERRUPT=yes
export MP_EAGER_LIMIT=4194305
export MP_EAGER_LIMIT_LOCAL=4194305
mpirun.lsf ./main_euler 23 0 6 none

------------------------------------------------------------

Successfully completed.

Resource usage summary:

    CPU time :               145533.00 sec.
    Max Memory :             2198 MB
    Average Memory :         1420.00 MB
    Total Requested Memory : -
    Delta Memory :           -
    (Delta: the difference between total requested memory and actual max usage.)
    Max Processes :          35
    Max Threads :            265

The output (if any) is above this job summary.



PS:

Read file <./primdgx.2048.err> for stderr output of this job.

