Execute poe command line: poe  ./main_ball 4 0 3 none
Caught DGFException on creation of SGrid, trying default DGF method!

Created parallel ALUGrid<3,3,cube,nonconforming> from macro grid file ''. 

globalRefine: 0
elements = 7325802 (6653,7652,1.15016)   maxLevel = 3   step = 12   time = 0.108   dt = 0.009
elements = 7215097 (6546,7516,1.14818)   maxLevel = 3   step = 23   time = 0.207   dt = 0.009
elements = 7165243 (6489,7485,1.15349)   maxLevel = 3   step = 34   time = 0.306   dt = 0.009
elements = 7332214 (6656,7635,1.14709)   maxLevel = 3   step = 45   time = 0.405   dt = 0.009
elements = 7066816 (6391,7397,1.15741)   maxLevel = 3   step = 56   time = 0.504   dt = 0.009
elements = 7322911 (6652,7652,1.15033)   maxLevel = 3   step = 67   time = 0.603   dt = 0.009
elements = 7214488 (6558,7533,1.14867)   maxLevel = 3   step = 78   time = 0.702   dt = 0.009
elements = 7128717 (6520,7454,1.14325)   maxLevel = 3   step = 89   time = 0.801   dt = 0.009
elements = 7317423 (6644,7638,1.14961)   maxLevel = 3   step = 100   time = 0.9   dt = 0.009
elements = 7049589 (6398,7367,1.15145)   maxLevel = 3   step = 112   time = 1.008   dt = 0.009
U2 max: 0.93  min: 0.46
U3 max: 0.02  min: 0
U4 max: 14.53  min: 6.69
U5 max: 0.3  min: 0
U6 max: 23.91  min: 19
U7 max: 0.44  min: 0
U8 max: 15.66  min: 10.35
Program finished: CPU time = 52.74 sec.

------------------------------------------------------------
Sender: LSF System <lsfadmin@ys0313-ib>
Subject: Job 927793: <mb.1024> in cluster <yellowstone> Done

Job <mb.1024> was submitted from host <yslogin3-ib> by user <robertk> in cluster <yellowstone>.
Job was executed on host(s) <16*ys0313-ib>, in queue <small>, as user <robertk> in cluster <yellowstone>.
                            <16*ys0318-ib>
                            <16*ys0355-ib>
                            <16*ys0356-ib>
                            <16*ys0406-ib>
                            <16*ys0437-ib>
                            <16*ys0439-ib>
                            <16*ys0442-ib>
                            <16*ys0446-ib>
                            <16*ys0467-ib>
                            <16*ys0505-ib>
                            <16*ys0510-ib>
                            <16*ys0513-ib>
                            <16*ys0514-ib>
                            <16*ys0515-ib>
                            <16*ys0517-ib>
                            <16*ys0518-ib>
                            <16*ys0521-ib>
                            <16*ys0522-ib>
                            <16*ys0523-ib>
                            <16*ys0524-ib>
                            <16*ys0525-ib>
                            <16*ys0526-ib>
                            <16*ys0527-ib>
                            <16*ys0528-ib>
                            <16*ys0529-ib>
                            <16*ys0530-ib>
                            <16*ys0532-ib>
                            <16*ys0534-ib>
                            <16*ys0535-ib>
                            <16*ys0536-ib>
                            <16*ys0537-ib>
                            <16*ys0538-ib>
                            <16*ys0669-ib>
                            <16*ys0815-ib>
                            <16*ys1047-ib>
                            <16*ys1502-ib>
                            <16*ys1763-ib>
                            <16*ys1764-ib>
                            <16*ys1765-ib>
                            <16*ys1766-ib>
                            <16*ys1767-ib>
                            <16*ys1768-ib>
                            <16*ys1769-ib>
                            <16*ys1770-ib>
                            <16*ys1771-ib>
                            <16*ys1772-ib>
                            <16*ys2531-ib>
                            <16*ys2532-ib>
                            <16*ys2533-ib>
                            <16*ys2536-ib>
                            <16*ys2537-ib>
                            <16*ys2538-ib>
                            <16*ys2539-ib>
                            <16*ys2540-ib>
                            <16*ys2541-ib>
                            <16*ys2542-ib>
                            <16*ys2543-ib>
                            <16*ys2544-ib>
                            <16*ys2939-ib>
                            <16*ys2940-ib>
                            <16*ys2941-ib>
                            <16*ys2942-ib>
                            <16*ys3305-ib>
</glade/u/home/robertk> was used as the home directory.
</glade/u/home/robertk/work/Dune/trunk/alugrid/examples/run/mb_bresen_403> was used as the working directory.
Started at Thu Feb 20 20:47:58 2014
Results reported at Thu Feb 20 20:49:39 2014

Your job looked like:

------------------------------------------------------------
# LSBATCH: User input
#!/bin/bash
# LSF batch script to run an MPI application
#
#BSUB -P P86850055           # project code
#BSUB -W 00:30               # wall-clock time (hrs:mins)
#BSUB -n 1024              # number of tasks in job
#BSUB -R span[ptile=16]    # run 16 MPI tasks per node
#BSUB -J mb.1024            # job name
#BSUB -o ./mb.1024.out  # output file name 
#BSUB -e ./mb.1024.err  # error file name
#BSUB -q small             # queue
#run the executable
export MP_CSS_INTERRUPT=yes
export MP_EAGER_LIMIT=4194305
export MP_EAGER_LIMIT_LOCAL=4194305
mpirun.lsf ./main_ball 4 0 3 none

------------------------------------------------------------

Successfully completed.

Resource usage summary:

    CPU time :               67519.00 sec.
    Max Memory :             2681 MB
    Average Memory :         1760.67 MB
    Total Requested Memory : -
    Delta Memory :           -
    (Delta: the difference between total requested memory and actual max usage.)
    Max Processes :          4
    Max Threads :            137

The output (if any) is above this job summary.



PS:

Read file <./mb.1024.err> for stderr output of this job.

