Execute poe command line: poe  ./main_ball 4 0 3 none
Caught DGFException on creation of SGrid, trying default DGF method!

Created parallel ALUGrid<3,3,cube,nonconforming> from macro grid file ''. 

globalRefine: 0
elements = 7323359 (28104,29108,1.03572)   maxLevel = 3   step = 12   time = 0.108   dt = 0.009
elements = 7211765 (27710,28616,1.0327)   maxLevel = 3   step = 23   time = 0.207   dt = 0.009
elements = 7161617 (27501,28462,1.03494)   maxLevel = 3   step = 34   time = 0.306   dt = 0.009
elements = 7330457 (28191,29103,1.03235)   maxLevel = 3   step = 45   time = 0.405   dt = 0.009
elements = 7065864 (27129,28085,1.03524)   maxLevel = 3   step = 56   time = 0.504   dt = 0.009
elements = 7318074 (28097,29062,1.03435)   maxLevel = 3   step = 67   time = 0.603   dt = 0.009
elements = 7208888 (27656,28654,1.03609)   maxLevel = 3   step = 78   time = 0.702   dt = 0.009
elements = 7127793 (27355,28327,1.03553)   maxLevel = 3   step = 89   time = 0.801   dt = 0.009
elements = 7308561 (28055,28960,1.03226)   maxLevel = 3   step = 100   time = 0.9   dt = 0.009
elements = 7051892 (27050,28003,1.03523)   maxLevel = 3   step = 112   time = 1.008   dt = 0.009
U2 max: 0.96  min: 0.44
U3 max: 0.02  min: 0
U4 max: 35.43  min: 22.79
U5 max: 0.9  min: 0.08
U6 max: 34.74  min: 28.54
U7 max: 0.81  min: 0
U8 max: 40.68  min: 30.93
Program finished: CPU time = 98.402 sec.

------------------------------------------------------------
Sender: LSF System <lsfadmin@ys5203-ib>
Subject: Job 927791: <mb.256> in cluster <yellowstone> Done

Job <mb.256> was submitted from host <yslogin3-ib> by user <robertk> in cluster <yellowstone>.
Job was executed on host(s) <16*ys5203-ib>, in queue <small>, as user <robertk> in cluster <yellowstone>.
                            <16*ys5220-ib>
                            <16*ys5221-ib>
                            <16*ys5226-ib>
                            <16*ys5227-ib>
                            <16*ys5228-ib>
                            <16*ys5229-ib>
                            <16*ys5230-ib>
                            <16*ys5514-ib>
                            <16*ys5515-ib>
                            <16*ys5516-ib>
                            <16*ys5517-ib>
                            <16*ys5525-ib>
                            <16*ys5526-ib>
                            <16*ys6349-ib>
                            <16*ys6370-ib>
</glade/u/home/robertk> was used as the home directory.
</glade/u/home/robertk/work/Dune/trunk/alugrid/examples/run/mb_bresen_403> was used as the working directory.
Started at Thu Feb 20 20:43:46 2014
Results reported at Thu Feb 20 20:46:22 2014

Your job looked like:

------------------------------------------------------------
# LSBATCH: User input
#!/bin/bash
# LSF batch script to run an MPI application
#
#BSUB -P P86850055           # project code
#BSUB -W 00:30               # wall-clock time (hrs:mins)
#BSUB -n 256              # number of tasks in job
#BSUB -R span[ptile=16]    # run 16 MPI tasks per node
#BSUB -J mb.256            # job name
#BSUB -o ./mb.256.out  # output file name 
#BSUB -e ./mb.256.err  # error file name
#BSUB -q small             # queue
#run the executable
export MP_CSS_INTERRUPT=yes
export MP_EAGER_LIMIT=4194305
export MP_EAGER_LIMIT_LOCAL=4194305
mpirun.lsf ./main_ball 4 0 3 none

------------------------------------------------------------

Successfully completed.

Resource usage summary:

    CPU time :               33041.00 sec.
    Max Memory :             35423 MB
    Average Memory :         10570.50 MB
    Total Requested Memory : -
    Delta Memory :           -
    (Delta: the difference between total requested memory and actual max usage.)
    Max Processes :          276
    Max Threads :            2937

The output (if any) is above this job summary.



PS:

Read file <./mb.256.err> for stderr output of this job.

