Execute poe command line: poe  ./main_ball 4 0 3 none
Caught DGFException on creation of SGrid, trying default DGF method!

Created parallel ALUGrid<3,3,cube,nonconforming> from macro grid file ''. 

globalRefine: 0
elements = 7328049 (3072,4068,1.32422)   maxLevel = 3   step = 12   time = 0.108   dt = 0.009
elements = 7218086 (3024,4017,1.32837)   maxLevel = 3   step = 23   time = 0.207   dt = 0.009
elements = 7169541 (3007,4001,1.33056)   maxLevel = 3   step = 34   time = 0.306   dt = 0.009
elements = 7335210 (3072,4089,1.33105)   maxLevel = 3   step = 45   time = 0.405   dt = 0.009
elements = 7069917 (2960,3957,1.33682)   maxLevel = 3   step = 56   time = 0.504   dt = 0.009
elements = 7328812 (3072,4078,1.32747)   maxLevel = 3   step = 67   time = 0.603   dt = 0.009
elements = 7216448 (3019,4009,1.32792)   maxLevel = 3   step = 78   time = 0.702   dt = 0.009
elements = 7131720 (3003,3984,1.32667)   maxLevel = 3   step = 89   time = 0.801   dt = 0.009
elements = 7317829 (3063,4068,1.32811)   maxLevel = 3   step = 100   time = 0.9   dt = 0.009
elements = 7051255 (2953,3942,1.33491)   maxLevel = 3   step = 112   time = 1.008   dt = 0.009
U2 max: 0.74  min: 0.46
U3 max: 0.04  min: 0
U4 max: 11.3  min: 3.1
U5 max: 0.17  min: 0
U6 max: 24.61  min: 18.58
U7 max: 0.34  min: 0
U8 max: 12.55  min: 5.85
Program finished: CPU time = 45.854 sec.

------------------------------------------------------------
Sender: LSF System <lsfadmin@ys2667-ib>
Subject: Job 927794: <mb.2048> in cluster <yellowstone> Done

Job <mb.2048> was submitted from host <yslogin3-ib> by user <robertk> in cluster <yellowstone>.
Job was executed on host(s) <16*ys2667-ib>, in queue <small>, as user <robertk> in cluster <yellowstone>.
                            <16*ys2668-ib>
                            <16*ys2669-ib>
                            <16*ys2671-ib>
                            <16*ys2672-ib>
                            <16*ys2701-ib>
                            <16*ys2702-ib>
                            <16*ys2703-ib>
                            <16*ys2704-ib>
                            <16*ys2705-ib>
                            <16*ys2706-ib>
                            <16*ys2707-ib>
                            <16*ys2708-ib>
                            <16*ys2709-ib>
                            <16*ys2710-ib>
                            <16*ys2711-ib>
                            <16*ys2712-ib>
                            <16*ys2713-ib>
                            <16*ys2714-ib>
                            <16*ys2715-ib>
                            <16*ys2716-ib>
                            <16*ys2717-ib>
                            <16*ys2718-ib>
                            <16*ys2719-ib>
                            <16*ys2720-ib>
                            <16*ys2721-ib>
                            <16*ys2722-ib>
                            <16*ys2723-ib>
                            <16*ys2724-ib>
                            <16*ys2725-ib>
                            <16*ys2726-ib>
                            <16*ys2741-ib>
                            <16*ys2745-ib>
                            <16*ys2746-ib>
                            <16*ys2747-ib>
                            <16*ys2748-ib>
                            <16*ys2749-ib>
                            <16*ys2755-ib>
                            <16*ys2756-ib>
                            <16*ys2758-ib>
                            <16*ys2759-ib>
                            <16*ys2766-ib>
                            <16*ys2767-ib>
                            <16*ys2768-ib>
                            <16*ys2769-ib>
                            <16*ys2770-ib>
                            <16*ys2771-ib>
                            <16*ys2772-ib>
                            <16*ys2801-ib>
                            <16*ys2802-ib>
                            <16*ys2803-ib>
                            <16*ys2804-ib>
                            <16*ys2805-ib>
                            <16*ys2806-ib>
                            <16*ys2807-ib>
                            <16*ys2808-ib>
                            <16*ys2809-ib>
                            <16*ys2810-ib>
                            <16*ys2811-ib>
                            <16*ys2812-ib>
                            <16*ys2813-ib>
                            <16*ys2814-ib>
                            <16*ys2815-ib>
                            <16*ys2816-ib>
                            <16*ys2817-ib>
                            <16*ys2818-ib>
                            <16*ys2819-ib>
                            <16*ys2820-ib>
                            <16*ys2821-ib>
                            <16*ys2823-ib>
                            <16*ys2824-ib>
                            <16*ys2825-ib>
                            <16*ys2826-ib>
                            <16*ys2827-ib>
                            <16*ys2828-ib>
                            <16*ys2829-ib>
                            <16*ys2830-ib>
                            <16*ys2831-ib>
                            <16*ys2832-ib>
                            <16*ys2833-ib>
                            <16*ys2834-ib>
                            <16*ys2835-ib>
                            <16*ys2836-ib>
                            <16*ys2837-ib>
                            <16*ys2838-ib>
                            <16*ys2839-ib>
                            <16*ys2840-ib>
                            <16*ys2841-ib>
                            <16*ys2842-ib>
                            <16*ys2843-ib>
                            <16*ys2844-ib>
                            <16*ys2845-ib>
                            <16*ys2846-ib>
                            <16*ys2847-ib>
                            <16*ys2848-ib>
                            <16*ys2849-ib>
                            <16*ys2850-ib>
                            <16*ys2851-ib>
                            <16*ys2852-ib>
                            <16*ys2853-ib>
                            <16*ys2854-ib>
                            <16*ys2855-ib>
                            <16*ys2856-ib>
                            <16*ys3229-ib>
                            <16*ys3230-ib>
                            <16*ys3231-ib>
                            <16*ys3232-ib>
                            <16*ys3233-ib>
                            <16*ys3234-ib>
                            <16*ys3235-ib>
                            <16*ys3236-ib>
                            <16*ys3237-ib>
                            <16*ys3238-ib>
                            <16*ys3239-ib>
                            <16*ys3245-ib>
                            <16*ys3659-ib>
                            <16*ys3660-ib>
                            <16*ys4713-ib>
                            <16*ys4835-ib>
                            <16*ys4843-ib>
                            <16*ys4844-ib>
                            <16*ys4845-ib>
                            <16*ys4846-ib>
                            <16*ys5058-ib>
                            <16*ys5125-ib>
                            <16*ys5126-ib>
                            <16*ys5127-ib>
                            <16*ys5128-ib>
</glade/u/home/robertk> was used as the home directory.
</glade/u/home/robertk/work/Dune/trunk/alugrid/examples/run/mb_bresen_403> was used as the working directory.
Started at Thu Feb 20 21:39:42 2014
Results reported at Thu Feb 20 21:41:18 2014

Your job looked like:

------------------------------------------------------------
# LSBATCH: User input
#!/bin/bash
# LSF batch script to run an MPI application
#
#BSUB -P P86850055           # project code
#BSUB -W 00:30               # wall-clock time (hrs:mins)
#BSUB -n 2048              # number of tasks in job
#BSUB -R span[ptile=16]    # run 16 MPI tasks per node
#BSUB -J mb.2048            # job name
#BSUB -o ./mb.2048.out  # output file name 
#BSUB -e ./mb.2048.err  # error file name
#BSUB -q small             # queue
#run the executable
export MP_CSS_INTERRUPT=yes
export MP_EAGER_LIMIT=4194305
export MP_EAGER_LIMIT_LOCAL=4194305
mpirun.lsf ./main_ball 4 0 3 none

------------------------------------------------------------

Successfully completed.

Resource usage summary:

    CPU time :               117891.00 sec.
    Max Memory :             2873 MB
    Average Memory :         1454.50 MB
    Total Requested Memory : -
    Delta Memory :           -
    (Delta: the difference between total requested memory and actual max usage.)
    Max Processes :          35
    Max Threads :            265

The output (if any) is above this job summary.



PS:

Read file <./mb.2048.err> for stderr output of this job.

