Execute poe command line: poe  ./main_ball 3 1 4 none
Caught DGFException on creation of SGrid, trying default DGF method!

Created parallel ALUGrid<3,3,cube,nonconforming> from macro grid file ''. 

globalRefine: 1
elements = 7306244 (0,16384,inf)   maxLevel = 4   step = 12   time = 0.108   dt = 0.009
elements = 7196687 (0,20480,inf)   maxLevel = 4   step = 23   time = 0.207   dt = 0.009
elements = 7163542 (0,19472,inf)   maxLevel = 4   step = 34   time = 0.306   dt = 0.009
elements = 7347432 (0,19122,inf)   maxLevel = 4   step = 45   time = 0.405   dt = 0.009
elements = 7076623 (0,24514,inf)   maxLevel = 4   step = 56   time = 0.504   dt = 0.009
elements = 7341139 (0,16384,inf)   maxLevel = 4   step = 67   time = 0.603   dt = 0.009
elements = 7218653 (0,24576,inf)   maxLevel = 4   step = 78   time = 0.702   dt = 0.009
elements = 7123915 (0,20158,inf)   maxLevel = 4   step = 89   time = 0.801   dt = 0.009
elements = 7283410 (0,24576,inf)   maxLevel = 4   step = 100   time = 0.9   dt = 0.009
elements = 7022044 (0,16384,inf)   maxLevel = 4   step = 112   time = 1.008   dt = 0.009
U2 max: 10.85  min: 7.8
U3 max: 0.03  min: 0
U4 max: 0.92  min: 0.41
U5 max: 0.17  min: 0
U6 max: 44.34  min: 41.16
U7 max: 0.01  min: 0
U8 max: 12.1  min: 8.9
Program finished: CPU time = 53.0759 sec.

------------------------------------------------------------
Sender: LSF System <lsfadmin@ys0136-ib>
Subject: Job 932333: <mb.1024> in cluster <yellowstone> Done

Job <mb.1024> was submitted from host <yslogin3-ib> by user <robertk> in cluster <yellowstone>.
Job was executed on host(s) <16*ys0136-ib>, in queue <small>, as user <robertk> in cluster <yellowstone>.
                            <16*ys0153-ib>
                            <16*ys0203-ib>
                            <16*ys0243-ib>
                            <16*ys0244-ib>
                            <16*ys0245-ib>
                            <16*ys0247-ib>
                            <16*ys0248-ib>
                            <16*ys0250-ib>
                            <16*ys0251-ib>
                            <16*ys0253-ib>
                            <16*ys0266-ib>
                            <16*ys0306-ib>
                            <16*ys0307-ib>
                            <16*ys0308-ib>
                            <16*ys0309-ib>
                            <16*ys0310-ib>
                            <16*ys0311-ib>
                            <16*ys0312-ib>
                            <16*ys0318-ib>
                            <16*ys0319-ib>
                            <16*ys0320-ib>
                            <16*ys0321-ib>
                            <16*ys0322-ib>
                            <16*ys0328-ib>
                            <16*ys0333-ib>
                            <16*ys0334-ib>
                            <16*ys0345-ib>
                            <16*ys0347-ib>
                            <16*ys0348-ib>
                            <16*ys0349-ib>
                            <16*ys0350-ib>
                            <16*ys0351-ib>
                            <16*ys0352-ib>
                            <16*ys0355-ib>
                            <16*ys0356-ib>
                            <16*ys0361-ib>
                            <16*ys0363-ib>
                            <16*ys0406-ib>
                            <16*ys0413-ib>
                            <16*ys0415-ib>
                            <16*ys0416-ib>
                            <16*ys0417-ib>
                            <16*ys0419-ib>
                            <16*ys0420-ib>
                            <16*ys0421-ib>
                            <16*ys0422-ib>
                            <16*ys0424-ib>
                            <16*ys0425-ib>
                            <16*ys0426-ib>
                            <16*ys0427-ib>
                            <16*ys0428-ib>
                            <16*ys0429-ib>
                            <16*ys0430-ib>
                            <16*ys0431-ib>
                            <16*ys0437-ib>
                            <16*ys0438-ib>
                            <16*ys0439-ib>
                            <16*ys0440-ib>
                            <16*ys0442-ib>
                            <16*ys0445-ib>
                            <16*ys0446-ib>
                            <16*ys0465-ib>
                            <16*ys0467-ib>
</glade/u/home/robertk> was used as the home directory.
</glade/u/home/robertk/work/Dune/trunk/alugrid/examples/run/mb_kway_314> was used as the working directory.
Started at Fri Feb 21 11:23:18 2014
Results reported at Fri Feb 21 11:25:04 2014

Your job looked like:

------------------------------------------------------------
# LSBATCH: User input
#!/bin/bash
# LSF batch script to run an MPI application
#
#BSUB -P P86850055           # project code
#BSUB -W 00:20               # wall-clock time (hrs:mins)
#BSUB -n 1024              # number of tasks in job
#BSUB -R span[ptile=16]    # run 16 MPI tasks per node
#BSUB -J mb.1024            # job name
#BSUB -o ./mb.1024.out  # output file name 
#BSUB -e ./mb.1024.err  # error file name
#BSUB -q small             # queue
#run the executable
export MP_CSS_INTERRUPT=yes
export MP_EAGER_LIMIT=4194305
export MP_EAGER_LIMIT_LOCAL=4194305
mpirun.lsf ./main_ball 3 1 4 none

------------------------------------------------------------

Successfully completed.

Resource usage summary:

    CPU time :               72544.00 sec.
    Max Memory :             1947 MB
    Average Memory :         1293.00 MB
    Total Requested Memory : -
    Delta Memory :           -
    (Delta: the difference between total requested memory and actual max usage.)
    Max Processes :          8
    Max Threads :            137

The output (if any) is above this job summary.



PS:

Read file <./mb.1024.err> for stderr output of this job.

