Execute poe command line: poe  ./main_ball 3 1 4 none
Caught DGFException on creation of SGrid, trying default DGF method!

Created parallel ALUGrid<3,3,cube,nonconforming> from macro grid file ''. 

globalRefine: 1
elements = 7287638 (53370,60891,1.14092)   maxLevel = 4   step = 12   time = 0.108   dt = 0.009
elements = 7182281 (51775,59034,1.1402)   maxLevel = 4   step = 23   time = 0.207   dt = 0.009
elements = 7148387 (44622,60038,1.34548)   maxLevel = 4   step = 34   time = 0.306   dt = 0.009
elements = 7333418 (52751,62204,1.1792)   maxLevel = 4   step = 45   time = 0.405   dt = 0.009
elements = 7068307 (50087,59831,1.19454)   maxLevel = 4   step = 56   time = 0.504   dt = 0.009
elements = 7321686 (51002,60969,1.19542)   maxLevel = 4   step = 67   time = 0.603   dt = 0.009
elements = 7198836 (52380,57928,1.10592)   maxLevel = 4   step = 78   time = 0.702   dt = 0.009
elements = 7102180 (50221,60169,1.19808)   maxLevel = 4   step = 89   time = 0.801   dt = 0.009
elements = 7278881 (52984,61024,1.15174)   maxLevel = 4   step = 100   time = 0.9   dt = 0.009
elements = 6996732 (50381,59678,1.18453)   maxLevel = 4   step = 112   time = 1.008   dt = 0.009
U2 max: 15.15  min: 10.13
U3 max: 0.01  min: 0
U4 max: 1.4  min: 0.95
U5 max: 1.26  min: 0.34
U6 max: 42.33  min: 38.5
U7 max: 0  min: 0
U8 max: 17.28  min: 12.29
Program finished: CPU time = 82.7174 sec.

------------------------------------------------------------
Sender: LSF System <lsfadmin@ys1702-ib>
Subject: Job 932330: <mb.128> in cluster <yellowstone> Done

Job <mb.128> was submitted from host <yslogin3-ib> by user <robertk> in cluster <yellowstone>.
Job was executed on host(s) <16*ys1702-ib>, in queue <small>, as user <robertk> in cluster <yellowstone>.
                            <16*ys1703-ib>
                            <16*ys1704-ib>
                            <16*ys1705-ib>
                            <16*ys1706-ib>
                            <16*ys1708-ib>
                            <16*ys1709-ib>
                            <16*ys1710-ib>
</glade/u/home/robertk> was used as the home directory.
</glade/u/home/robertk/work/Dune/trunk/alugrid/examples/run/mb_kway_314> was used as the working directory.
Started at Fri Feb 21 10:08:23 2014
Results reported at Fri Feb 21 10:10:44 2014

Your job looked like:

------------------------------------------------------------
# LSBATCH: User input
#!/bin/bash
# LSF batch script to run an MPI application
#
#BSUB -P P86850055           # project code
#BSUB -W 00:20               # wall-clock time (hrs:mins)
#BSUB -n 128              # number of tasks in job
#BSUB -R span[ptile=16]    # run 16 MPI tasks per node
#BSUB -J mb.128            # job name
#BSUB -o ./mb.128.out  # output file name 
#BSUB -e ./mb.128.err  # error file name
#BSUB -q small             # queue
#run the executable
export MP_CSS_INTERRUPT=yes
export MP_EAGER_LIMIT=4194305
export MP_EAGER_LIMIT_LOCAL=4194305
mpirun.lsf ./main_ball 3 1 4 none

------------------------------------------------------------

Successfully completed.

Resource usage summary:

    CPU time :               14930.00 sec.
    Max Memory :             22188 MB
    Average Memory :         8458.67 MB
    Total Requested Memory : -
    Delta Memory :           -
    (Delta: the difference between total requested memory and actual max usage.)
    Max Processes :          140
    Max Threads :            1473

The output (if any) is above this job summary.



PS:

Read file <./mb.128.err> for stderr output of this job.

