Execute poe command line: poe  ./main_ball 3 1 4 none
Caught DGFException on creation of SGrid, trying default DGF method!

Created parallel ALUGrid<3,3,cube,nonconforming> from macro grid file ''. 

globalRefine: 1
elements = 7301729 (23456,32650,1.39197)   maxLevel = 4   step = 12   time = 0.108   dt = 0.009
elements = 7177787 (24401,32421,1.32868)   maxLevel = 4   step = 23   time = 0.207   dt = 0.009
elements = 7151306 (24184,30363,1.2555)   maxLevel = 4   step = 34   time = 0.306   dt = 0.009
elements = 7343946 (24296,33605,1.38315)   maxLevel = 4   step = 45   time = 0.405   dt = 0.009
elements = 7073739 (18837,30542,1.62138)   maxLevel = 4   step = 56   time = 0.504   dt = 0.009
elements = 7322155 (20480,32460,1.58496)   maxLevel = 4   step = 67   time = 0.603   dt = 0.009
elements = 7204611 (16384,31333,1.91241)   maxLevel = 4   step = 78   time = 0.702   dt = 0.009
elements = 7104385 (20480,32476,1.58574)   maxLevel = 4   step = 89   time = 0.801   dt = 0.009
elements = 7280015 (24569,31046,1.26362)   maxLevel = 4   step = 100   time = 0.9   dt = 0.009
elements = 7010186 (22585,31727,1.40478)   maxLevel = 4   step = 112   time = 1.008   dt = 0.009
U2 max: 13.03  min: 8.55
U3 max: 0.02  min: 0
U4 max: 1.13  min: 0.64
U5 max: 0.52  min: 0.15
U6 max: 37.91  min: 34
U7 max: 0  min: 0
U8 max: 14.59  min: 10.2
Program finished: CPU time = 60.9397 sec.

------------------------------------------------------------
Sender: LSF System <lsfadmin@ys3438-ib>
Subject: Job 932331: <mb.256> in cluster <yellowstone> Done

Job <mb.256> was submitted from host <yslogin3-ib> by user <robertk> in cluster <yellowstone>.
Job was executed on host(s) <16*ys3438-ib>, in queue <small>, as user <robertk> in cluster <yellowstone>.
                            <16*ys3439-ib>
                            <16*ys3440-ib>
                            <16*ys3447-ib>
                            <16*ys3448-ib>
                            <16*ys3449-ib>
                            <16*ys3450-ib>
                            <16*ys3451-ib>
                            <16*ys3466-ib>
                            <16*ys3467-ib>
                            <16*ys3528-ib>
                            <16*ys3533-ib>
                            <16*ys3536-ib>
                            <16*ys3537-ib>
                            <16*ys3538-ib>
                            <16*ys3539-ib>
</glade/u/home/robertk> was used as the home directory.
</glade/u/home/robertk/work/Dune/trunk/alugrid/examples/run/mb_kway_314> was used as the working directory.
Started at Fri Feb 21 10:45:45 2014
Results reported at Fri Feb 21 10:47:39 2014

Your job looked like:

------------------------------------------------------------
# LSBATCH: User input
#!/bin/bash
# LSF batch script to run an MPI application
#
#BSUB -P P86850055           # project code
#BSUB -W 00:20               # wall-clock time (hrs:mins)
#BSUB -n 256              # number of tasks in job
#BSUB -R span[ptile=16]    # run 16 MPI tasks per node
#BSUB -J mb.256            # job name
#BSUB -o ./mb.256.out  # output file name 
#BSUB -e ./mb.256.err  # error file name
#BSUB -q small             # queue
#run the executable
export MP_CSS_INTERRUPT=yes
export MP_EAGER_LIMIT=4194305
export MP_EAGER_LIMIT_LOCAL=4194305
mpirun.lsf ./main_ball 3 1 4 none

------------------------------------------------------------

Successfully completed.

Resource usage summary:

    CPU time :               22253.96 sec.
    Max Memory :             32315 MB
    Average Memory :         1542.00 MB
    Total Requested Memory : -
    Delta Memory :           -
    (Delta: the difference between total requested memory and actual max usage.)
    Max Processes :          276
    Max Threads :            2937

The output (if any) is above this job summary.



PS:

Read file <./mb.256.err> for stderr output of this job.

