Execute poe command line: poe  ./main_ball 3 1 4 none
Caught DGFException on creation of SGrid, trying default DGF method!

Created parallel ALUGrid<3,3,cube,nonconforming> from macro grid file ''. 

globalRefine: 1
You just increased the maxndoms: 15 14
You just increased the maxndoms: 15 14
You just increased the maxndoms: 15 14
You just increased the maxndoms: 15 14
You just increased the maxndoms: 15 14
You just increased the maxndoms: 15 14
You just increased the maxndoms: 15 14
You just increased the maxndoms: 15 14
You just increased the maxndoms: 15 14
You just increased the maxndoms: 15 14
You just increased the maxndoms: 15 14
You just increased the maxndoms: 15 14
You just increased the maxndoms: 15 14
You just increased the maxndoms: 15 14
You just increased the maxndoms: 15 14
You just increased the maxndoms: 15 14
You just increased the maxndoms: 15 14
You just increased the maxndoms: 15 14
You just increased the maxndoms: 15 14
You just increased the maxndoms: 15 14
You just increased the maxndoms: 15 14
You just increased the maxndoms: 15 14
You just increased the maxndoms: 15 14
You just increased the maxndoms: 15 14
You just increased the maxndoms: 15 14
You just increased the maxndoms: 15 14
You just increased the maxndoms: 15 14
You just increased the maxndoms: 15 14
You just increased the maxndoms: 15 14
You just increased the maxndoms: 15 14
You just increased the maxndoms: 15 14
You just increased the maxndoms: 15 14
elements = 7283291 (221240,234423,1.05959)   maxLevel = 4   step = 12   time = 0.108   dt = 0.009
elements = 7183408 (215452,230999,1.07216)   maxLevel = 4   step = 23   time = 0.207   dt = 0.009
elements = 7145818 (209838,230068,1.09641)   maxLevel = 4   step = 34   time = 0.306   dt = 0.009
elements = 7333684 (209757,236222,1.12617)   maxLevel = 4   step = 45   time = 0.405   dt = 0.009
elements = 7069546 (214503,226912,1.05785)   maxLevel = 4   step = 56   time = 0.504   dt = 0.009
You just increased the maxndoms: 15 14
You just increased the maxndoms: 15 14
You just increased the maxndoms: 15 14
You just increased the maxndoms: 15 14
You just increased the maxndoms: 15 14
You just increased the maxndoms: 15 14
You just increased the maxndoms: 15 14
You just increased the maxndoms: 15 14
You just increased the maxndoms: 15 14
You just increased the maxndoms: 15 14
You just increased the maxndoms: 15 14
You just increased the maxndoms: 15 14
You just increased the maxndoms: 15 14
You just increased the maxndoms: 15 14
You just increased the maxndoms: 15 14
You just increased the maxndoms: 15 14
You just increased the maxndoms: 15 14
You just increased the maxndoms: 15 14
You just increased the maxndoms: 15 14
You just increased the maxndoms: 15 14
You just increased the maxndoms: 15 14
You just increased the maxndoms: 15 14
You just increased the maxndoms: 15 14
You just increased the maxndoms: 15 14
You just increased the maxndoms: 15 14
You just increased the maxndoms: 15 14
You just increased the maxndoms: 15 14
You just increased the maxndoms: 15 14
You just increased the maxndoms: 15 14
You just increased the maxndoms: 15 14
You just increased the maxndoms: 15 14
You just increased the maxndoms: 15 14
elements = 7309261 (221771,235278,1.06091)   maxLevel = 4   step = 67   time = 0.603   dt = 0.009
elements = 7190961 (216999,231308,1.06594)   maxLevel = 4   step = 78   time = 0.702   dt = 0.009
elements = 7098638 (214324,228164,1.06458)   maxLevel = 4   step = 89   time = 0.801   dt = 0.009
elements = 7272945 (220104,234087,1.06353)   maxLevel = 4   step = 100   time = 0.9   dt = 0.009
You just increased the maxndoms: 15 14
You just increased the maxndoms: 15 14
You just increased the maxndoms: 15 14
You just increased the maxndoms: 15 14
You just increased the maxndoms: 15 14
You just increased the maxndoms: 15 14
You just increased the maxndoms: 15 14
You just increased the maxndoms: 15 14
You just increased the maxndoms: 15 14
You just increased the maxndoms: 15 14
You just increased the maxndoms: 15 14
You just increased the maxndoms: 15 14
You just increased the maxndoms: 15 14
You just increased the maxndoms: 15 14
You just increased the maxndoms: 15 14
You just increased the maxndoms: 15 14
You just increased the maxndoms: 15 14
You just increased the maxndoms: 15 14
You just increased the maxndoms: 15 14
You just increased the maxndoms: 15 14
You just increased the maxndoms: 15 14
You just increased the maxndoms: 15 14
You just increased the maxndoms: 15 14
You just increased the maxndoms: 15 14
You just increased the maxndoms: 15 14
You just increased the maxndoms: 15 14
You just increased the maxndoms: 15 14
You just increased the maxndoms: 15 14
You just increased the maxndoms: 15 14
You just increased the maxndoms: 15 14
You just increased the maxndoms: 15 14
You just increased the maxndoms: 15 14
You just increased the maxndoms: 14 13
You just increased the maxndoms: 14 13
You just increased the maxndoms: 14 13
You just increased the maxndoms: 14 13
You just increased the maxndoms: 14 13
You just increased the maxndoms: 14 13
You just increased the maxndoms: 14 13
You just increased the maxndoms: 14 13
You just increased the maxndoms: 14 13
You just increased the maxndoms: 14 13
You just increased the maxndoms: 14 13
You just increased the maxndoms: 14 13
You just increased the maxndoms: 14 13
You just increased the maxndoms: 14 13
You just increased the maxndoms: 14 13
You just increased the maxndoms: 14 13
You just increased the maxndoms: 14 13
You just increased the maxndoms: 14 13
You just increased the maxndoms: 14 13
You just increased the maxndoms: 14 13
You just increased the maxndoms: 14 13
You just increased the maxndoms: 14 13
You just increased the maxndoms: 14 13
You just increased the maxndoms: 14 13
You just increased the maxndoms: 14 13
You just increased the maxndoms: 14 13
You just increased the maxndoms: 14 13
You just increased the maxndoms: 14 13
You just increased the maxndoms: 14 13
You just increased the maxndoms: 14 13
You just increased the maxndoms: 14 13
You just increased the maxndoms: 14 13
elements = 6999938 (209501,225274,1.07529)   maxLevel = 4   step = 112   time = 1.008   dt = 0.009
U2 max: 39.42  min: 27.17
U3 max: 0.01  min: 0
U4 max: 1.87  min: 1.54
U5 max: 3.56  min: 2.12
U6 max: 86.63  min: 77.62
U7 max: 0  min: 0
U8 max: 42.9  min: 30.89
Program finished: CPU time = 220.225 sec.

------------------------------------------------------------
Sender: LSF System <lsfadmin@ys6371-ib>
Subject: Job 932328: <mb.32> in cluster <yellowstone> Done

Job <mb.32> was submitted from host <yslogin3-ib> by user <robertk> in cluster <yellowstone>.
Job was executed on host(s) <16*ys6371-ib>, in queue <small>, as user <robertk> in cluster <yellowstone>.
                            <16*ys6372-ib>
</glade/u/home/robertk> was used as the home directory.
</glade/u/home/robertk/work/Dune/trunk/alugrid/examples/run/mb_kway_314> was used as the working directory.
Started at Fri Feb 21 10:08:07 2014
Results reported at Fri Feb 21 10:12:43 2014

Your job looked like:

------------------------------------------------------------
# LSBATCH: User input
#!/bin/bash
# LSF batch script to run an MPI application
#
#BSUB -P P86850055           # project code
#BSUB -W 00:20               # wall-clock time (hrs:mins)
#BSUB -n 32              # number of tasks in job
#BSUB -R span[ptile=16]    # run 16 MPI tasks per node
#BSUB -J mb.32            # job name
#BSUB -o ./mb.32.out  # output file name 
#BSUB -e ./mb.32.err  # error file name
#BSUB -q small             # queue
#run the executable
export MP_CSS_INTERRUPT=yes
export MP_EAGER_LIMIT=4194305
export MP_EAGER_LIMIT_LOCAL=4194305
mpirun.lsf ./main_ball 3 1 4 none

------------------------------------------------------------

Successfully completed.

Resource usage summary:

    CPU time :               13439.80 sec.
    Max Memory :             13740 MB
    Average Memory :         9750.33 MB
    Total Requested Memory : -
    Delta Memory :           -
    (Delta: the difference between total requested memory and actual max usage.)
    Max Processes :          38
    Max Threads :            375

The output (if any) is above this job summary.



PS:

Read file <./mb.32.err> for stderr output of this job.

