Execute poe command line: poe  ./main_ball 3 1 4 none
Caught DGFException on creation of SGrid, trying default DGF method!

Created parallel ALUGrid<3,3,cube,nonconforming> from macro grid file ''. 

globalRefine: 1
elements = 7300595 (6563,20480,3.12052)   maxLevel = 4   step = 12   time = 0.108   dt = 0.009
elements = 7193481 (7632,19381,2.53944)   maxLevel = 4   step = 23   time = 0.207   dt = 0.009
elements = 7159349 (0,20530,inf)   maxLevel = 4   step = 34   time = 0.306   dt = 0.009
elements = 7345332 (5371,19024,3.54198)   maxLevel = 4   step = 45   time = 0.405   dt = 0.009
elements = 7080375 (0,20480,inf)   maxLevel = 4   step = 56   time = 0.504   dt = 0.009
elements = 7338388 (0,20028,inf)   maxLevel = 4   step = 67   time = 0.603   dt = 0.009
elements = 7210498 (5392,18821,3.49054)   maxLevel = 4   step = 78   time = 0.702   dt = 0.009
elements = 7116222 (5647,18996,3.36391)   maxLevel = 4   step = 89   time = 0.801   dt = 0.009
elements = 7286525 (0,18961,inf)   maxLevel = 4   step = 100   time = 0.9   dt = 0.009
elements = 7015205 (0,19983,inf)   maxLevel = 4   step = 112   time = 1.008   dt = 0.009
U2 max: 13.18  min: 8.75
U3 max: 0.04  min: 0
U4 max: 1.06  min: 0.58
U5 max: 0.28  min: 0.03
U6 max: 36.89  min: 32.74
U7 max: 0.01  min: 0
U8 max: 14.81  min: 10.28
Program finished: CPU time = 50.2864 sec.

------------------------------------------------------------
Sender: LSF System <lsfadmin@ys2544-ib>
Subject: Job 932332: <mb.512> in cluster <yellowstone> Done

Job <mb.512> was submitted from host <yslogin3-ib> by user <robertk> in cluster <yellowstone>.
Job was executed on host(s) <16*ys2544-ib>, in queue <small>, as user <robertk> in cluster <yellowstone>.
                            <16*ys2559-ib>
                            <16*ys2560-ib>
                            <16*ys2562-ib>
                            <16*ys2563-ib>
                            <16*ys2566-ib>
                            <16*ys2567-ib>
                            <16*ys2569-ib>
                            <16*ys2570-ib>
                            <16*ys2572-ib>
                            <16*ys2601-ib>
                            <16*ys2602-ib>
                            <16*ys2605-ib>
                            <16*ys2606-ib>
                            <16*ys2607-ib>
                            <16*ys2609-ib>
                            <16*ys2610-ib>
                            <16*ys2617-ib>
                            <16*ys2630-ib>
                            <16*ys2633-ib>
                            <16*ys2635-ib>
                            <16*ys2636-ib>
                            <16*ys2637-ib>
                            <16*ys2813-ib>
                            <16*ys2814-ib>
                            <16*ys2815-ib>
                            <16*ys2816-ib>
                            <16*ys2817-ib>
                            <16*ys2818-ib>
                            <16*ys2819-ib>
                            <16*ys2820-ib>
                            <16*ys2821-ib>
</glade/u/home/robertk> was used as the home directory.
</glade/u/home/robertk/work/Dune/trunk/alugrid/examples/run/mb_kway_314> was used as the working directory.
Started at Fri Feb 21 11:21:15 2014
Results reported at Fri Feb 21 11:22:59 2014

Your job looked like:

------------------------------------------------------------
# LSBATCH: User input
#!/bin/bash
# LSF batch script to run an MPI application
#
#BSUB -P P86850055           # project code
#BSUB -W 00:20               # wall-clock time (hrs:mins)
#BSUB -n 512              # number of tasks in job
#BSUB -R span[ptile=16]    # run 16 MPI tasks per node
#BSUB -J mb.512            # job name
#BSUB -o ./mb.512.out  # output file name 
#BSUB -e ./mb.512.err  # error file name
#BSUB -q small             # queue
#run the executable
export MP_CSS_INTERRUPT=yes
export MP_EAGER_LIMIT=4194305
export MP_EAGER_LIMIT_LOCAL=4194305
mpirun.lsf ./main_ball 3 1 4 none

------------------------------------------------------------

Successfully completed.

Resource usage summary:

    CPU time :               45978.54 sec.
    Max Memory :             57606 MB
    Average Memory :         1492.33 MB
    Total Requested Memory : -
    Delta Memory :           -
    (Delta: the difference between total requested memory and actual max usage.)
    Max Processes :          548
    Max Threads :            5865

The output (if any) is above this job summary.



PS:

Read file <./mb.512.err> for stderr output of this job.

