Execute poe command line: poe  ./main_ball 3 1 4 none
Caught DGFException on creation of SGrid, trying default DGF method!

Created parallel ALUGrid<3,3,cube,nonconforming> from macro grid file ''. 

globalRefine: 1
elements = 7303927 (22,7089,322.227)   maxLevel = 4   step = 12   time = 0.108   dt = 0.009
elements = 7193320 (15,7233,482.2)   maxLevel = 4   step = 23   time = 0.207   dt = 0.009
elements = 7168827 (15,7173,478.2)   maxLevel = 4   step = 34   time = 0.306   dt = 0.009
elements = 7348293 (22,7318,332.636)   maxLevel = 4   step = 45   time = 0.405   dt = 0.009
elements = 7095159 (8,7062,882.75)   maxLevel = 4   step = 56   time = 0.504   dt = 0.009
elements = 7340915 (15,7569,504.6)   maxLevel = 4   step = 67   time = 0.603   dt = 0.009
elements = 7225758 (15,7046,469.733)   maxLevel = 4   step = 78   time = 0.702   dt = 0.009
elements = 7122592 (8,7118,889.75)   maxLevel = 4   step = 89   time = 0.801   dt = 0.009
elements = 7277782 (15,7422,494.8)   maxLevel = 4   step = 100   time = 0.9   dt = 0.009
elements = 7013980 (8,7093,886.625)   maxLevel = 4   step = 112   time = 1.008   dt = 0.009
U2 max: 0.2  min: 0.07
U3 max: 0.03  min: 0
U4 max: 4.06  min: 1.81
U5 max: 0.11  min: 0
U6 max: 5.23  min: 3.47
U7 max: 0.17  min: 0
U8 max: 5.51  min: 3.59
Program finished: CPU time = 11.2873 sec.

------------------------------------------------------------
Sender: LSF System <lsfadmin@ys1603-ib>
Subject: Job 927770: <mb.2048> in cluster <yellowstone> Done

Job <mb.2048> was submitted from host <yslogin3-ib> by user <robertk> in cluster <yellowstone>.
Job was executed on host(s) <16*ys1603-ib>, in queue <small>, as user <robertk> in cluster <yellowstone>.
                            <16*ys1609-ib>
                            <16*ys1610-ib>
                            <16*ys1611-ib>
                            <16*ys1612-ib>
                            <16*ys1613-ib>
                            <16*ys1614-ib>
                            <16*ys1615-ib>
                            <16*ys1616-ib>
                            <16*ys1617-ib>
                            <16*ys1618-ib>
                            <16*ys1619-ib>
                            <16*ys1620-ib>
                            <16*ys1621-ib>
                            <16*ys1655-ib>
                            <16*ys1656-ib>
                            <16*ys1665-ib>
                            <16*ys1666-ib>
                            <16*ys1667-ib>
                            <16*ys1668-ib>
                            <16*ys1669-ib>
                            <16*ys1821-ib>
                            <16*ys2009-ib>
                            <16*ys2011-ib>
                            <16*ys2026-ib>
                            <16*ys2040-ib>
                            <16*ys2052-ib>
                            <16*ys2054-ib>
                            <16*ys2069-ib>
                            <16*ys2070-ib>
                            <16*ys2071-ib>
                            <16*ys2072-ib>
                            <16*ys2101-ib>
                            <16*ys2102-ib>
                            <16*ys2103-ib>
                            <16*ys2105-ib>
                            <16*ys2129-ib>
                            <16*ys2130-ib>
                            <16*ys2131-ib>
                            <16*ys2132-ib>
                            <16*ys2133-ib>
                            <16*ys2134-ib>
                            <16*ys2135-ib>
                            <16*ys2136-ib>
                            <16*ys2137-ib>
                            <16*ys2138-ib>
                            <16*ys2139-ib>
                            <16*ys2140-ib>
                            <16*ys2141-ib>
                            <16*ys2142-ib>
                            <16*ys2322-ib>
                            <16*ys2323-ib>
                            <16*ys2327-ib>
                            <16*ys2338-ib>
                            <16*ys2339-ib>
                            <16*ys2341-ib>
                            <16*ys2344-ib>
                            <16*ys2345-ib>
                            <16*ys2346-ib>
                            <16*ys2347-ib>
                            <16*ys2348-ib>
                            <16*ys2349-ib>
                            <16*ys2350-ib>
                            <16*ys2351-ib>
                            <16*ys2352-ib>
                            <16*ys2353-ib>
                            <16*ys2354-ib>
                            <16*ys2355-ib>
                            <16*ys2356-ib>
                            <16*ys2357-ib>
                            <16*ys2358-ib>
                            <16*ys2359-ib>
                            <16*ys2360-ib>
                            <16*ys2455-ib>
                            <16*ys2457-ib>
                            <16*ys2458-ib>
                            <16*ys2534-ib>
                            <16*ys2535-ib>
                            <16*ys2547-ib>
                            <16*ys2555-ib>
                            <16*ys2556-ib>
                            <16*ys2557-ib>
                            <16*ys2558-ib>
                            <16*ys2608-ib>
                            <16*ys2618-ib>
                            <16*ys2619-ib>
                            <16*ys2620-ib>
                            <16*ys2621-ib>
                            <16*ys2622-ib>
                            <16*ys3240-ib>
                            <16*ys3241-ib>
                            <16*ys3242-ib>
                            <16*ys3466-ib>
                            <16*ys3467-ib>
                            <16*ys3547-ib>
                            <16*ys3548-ib>
                            <16*ys3549-ib>
                            <16*ys3550-ib>
                            <16*ys3551-ib>
                            <16*ys3552-ib>
                            <16*ys3553-ib>
                            <16*ys3554-ib>
                            <16*ys3555-ib>
                            <16*ys3557-ib>
                            <16*ys3558-ib>
                            <16*ys3710-ib>
                            <16*ys4730-ib>
                            <16*ys4731-ib>
                            <16*ys5160-ib>
                            <16*ys5161-ib>
                            <16*ys5521-ib>
                            <16*ys5522-ib>
                            <16*ys5523-ib>
                            <16*ys5524-ib>
                            <16*ys5525-ib>
                            <16*ys5526-ib>
                            <16*ys5527-ib>
                            <16*ys5528-ib>
                            <16*ys5529-ib>
                            <16*ys5533-ib>
                            <16*ys5534-ib>
                            <16*ys5535-ib>
                            <16*ys5536-ib>
                            <16*ys5639-ib>
                            <16*ys5857-ib>
                            <16*ys5858-ib>
                            <16*ys5859-ib>
                            <16*ys5860-ib>
</glade/u/home/robertk> was used as the home directory.
</glade/u/home/robertk/work/Dune/trunk/alugrid/examples/run/mb_alusfc_314> was used as the working directory.
Started at Thu Feb 20 19:52:12 2014
Results reported at Thu Feb 20 19:53:14 2014

Your job looked like:

------------------------------------------------------------
# LSBATCH: User input
#!/bin/bash
# LSF batch script to run an MPI application
#
#BSUB -P P86850055           # project code
#BSUB -W 00:30               # wall-clock time (hrs:mins)
#BSUB -n 2048              # number of tasks in job
#BSUB -R span[ptile=16]    # run 16 MPI tasks per node
#BSUB -J mb.2048            # job name
#BSUB -o ./mb.2048.out  # output file name 
#BSUB -e ./mb.2048.err  # error file name
#BSUB -q small             # queue
#run the executable
export MP_CSS_INTERRUPT=yes
export MP_EAGER_LIMIT=4194305
export MP_EAGER_LIMIT_LOCAL=4194305
mpirun.lsf ./main_ball 3 1 4 none

------------------------------------------------------------

Successfully completed.

Resource usage summary:

    CPU time :               43528.00 sec.
    Max Memory :             747 MB
    Average Memory :         26.00 MB
    Total Requested Memory : -
    Delta Memory :           -
    (Delta: the difference between total requested memory and actual max usage.)
    Max Processes :          35
    Max Threads :            265

The output (if any) is above this job summary.



PS:

Read file <./mb.2048.err> for stderr output of this job.

