Execute poe command line: poe  ./main_ball 3 1 4 none
Caught DGFException on creation of SGrid, trying default DGF method!

Created parallel ALUGrid<3,3,cube,nonconforming> from macro grid file ''. 

globalRefine: 1
elements = 7295289 (10431,18163,1.74125)   maxLevel = 4   step = 12   time = 0.108   dt = 0.009
elements = 7181924 (10394,18038,1.73542)   maxLevel = 4   step = 23   time = 0.207   dt = 0.009
elements = 7159818 (10525,17666,1.67848)   maxLevel = 4   step = 34   time = 0.306   dt = 0.009
elements = 7336085 (10440,18373,1.75987)   maxLevel = 4   step = 45   time = 0.405   dt = 0.009
elements = 7085303 (9953,17822,1.79062)   maxLevel = 4   step = 56   time = 0.504   dt = 0.009
elements = 7328350 (10287,18317,1.7806)   maxLevel = 4   step = 67   time = 0.603   dt = 0.009
elements = 7212598 (10575,18072,1.70894)   maxLevel = 4   step = 78   time = 0.702   dt = 0.009
elements = 7115949 (9930,17624,1.77482)   maxLevel = 4   step = 89   time = 0.801   dt = 0.009
elements = 7275738 (10377,18062,1.74058)   maxLevel = 4   step = 100   time = 0.9   dt = 0.009
elements = 7008086 (10176,17624,1.73192)   maxLevel = 4   step = 112   time = 1.008   dt = 0.009
U2 max: 0.15  min: 0.05
U3 max: 0.03  min: 0
U4 max: 10  min: 4.11
U5 max: 0.2  min: 0.01
U6 max: 11.6  min: 6.65
U7 max: 0.18  min: 0
U8 max: 11.41  min: 6.5
Program finished: CPU time = 24.9632 sec.

------------------------------------------------------------
Sender: LSF System <lsfadmin@ys2345-ib>
Subject: Job 927768: <mb.512> in cluster <yellowstone> Done

Job <mb.512> was submitted from host <yslogin3-ib> by user <robertk> in cluster <yellowstone>.
Job was executed on host(s) <16*ys2345-ib>, in queue <small>, as user <robertk> in cluster <yellowstone>.
                            <16*ys2346-ib>
                            <16*ys2347-ib>
                            <16*ys2348-ib>
                            <16*ys2349-ib>
                            <16*ys2350-ib>
                            <16*ys2351-ib>
                            <16*ys2352-ib>
                            <16*ys2353-ib>
                            <16*ys2354-ib>
                            <16*ys2355-ib>
                            <16*ys2356-ib>
                            <16*ys2357-ib>
                            <16*ys2358-ib>
                            <16*ys2359-ib>
                            <16*ys2360-ib>
                            <16*ys2455-ib>
                            <16*ys2457-ib>
                            <16*ys2458-ib>
                            <16*ys2534-ib>
                            <16*ys2535-ib>
                            <16*ys2547-ib>
                            <16*ys2555-ib>
                            <16*ys2556-ib>
                            <16*ys2557-ib>
                            <16*ys2558-ib>
                            <16*ys2608-ib>
                            <16*ys2618-ib>
                            <16*ys2619-ib>
                            <16*ys2620-ib>
                            <16*ys2621-ib>
                            <16*ys2622-ib>
</glade/u/home/robertk> was used as the home directory.
</glade/u/home/robertk/work/Dune/trunk/alugrid/examples/run/mb_alusfc_314> was used as the working directory.
Started at Thu Feb 20 19:42:24 2014
Results reported at Thu Feb 20 19:43:39 2014

Your job looked like:

------------------------------------------------------------
# LSBATCH: User input
#!/bin/bash
# LSF batch script to run an MPI application
#
#BSUB -P P86850055           # project code
#BSUB -W 00:30               # wall-clock time (hrs:mins)
#BSUB -n 512              # number of tasks in job
#BSUB -R span[ptile=16]    # run 16 MPI tasks per node
#BSUB -J mb.512            # job name
#BSUB -o ./mb.512.out  # output file name 
#BSUB -e ./mb.512.err  # error file name
#BSUB -q small             # queue
#run the executable
export MP_CSS_INTERRUPT=yes
export MP_EAGER_LIMIT=4194305
export MP_EAGER_LIMIT_LOCAL=4194305
mpirun.lsf ./main_ball 3 1 4 none

------------------------------------------------------------

Successfully completed.

Resource usage summary:

    CPU time :               20606.00 sec.
    Max Memory :             1753 MB
    Average Memory :         1221.50 MB
    Total Requested Memory : -
    Delta Memory :           -
    (Delta: the difference between total requested memory and actual max usage.)
    Max Processes :          4
    Max Threads :            73

The output (if any) is above this job summary.



PS:

Read file <./mb.512.err> for stderr output of this job.

