Execute poe command line: poe  ./main_ball 4 0 3 none
Caught DGFException on creation of SGrid, trying default DGF method!

Created parallel ALUGrid<3,3,cube,nonconforming> from macro grid file ''. 

globalRefine: 0
elements = 7321322 (56792,57700,1.01599)   maxLevel = 3   step = 12   time = 0.108   dt = 0.009
elements = 7210757 (55868,56832,1.01725)   maxLevel = 3   step = 23   time = 0.207   dt = 0.009
elements = 7158299 (55432,56426,1.01793)   maxLevel = 3   step = 34   time = 0.306   dt = 0.009
elements = 7327006 (56774,57722,1.0167)   maxLevel = 3   step = 45   time = 0.405   dt = 0.009
elements = 7058962 (54726,55599,1.01595)   maxLevel = 3   step = 56   time = 0.504   dt = 0.009
elements = 7315134 (56646,57647,1.01767)   maxLevel = 3   step = 67   time = 0.603   dt = 0.009
elements = 7207999 (55803,56810,1.01805)   maxLevel = 3   step = 78   time = 0.702   dt = 0.009
elements = 7125532 (55194,56142,1.01718)   maxLevel = 3   step = 89   time = 0.801   dt = 0.009
elements = 7306251 (56629,57588,1.01693)   maxLevel = 3   step = 100   time = 0.9   dt = 0.009
elements = 7049673 (54615,55465,1.01556)   maxLevel = 3   step = 112   time = 1.008   dt = 0.009
U2 max: 0.68  min: 0.44
U3 max: 0.03  min: 0
U4 max: 51.64  min: 38.34
U5 max: 1.29  min: 0.27
U6 max: 51.01  min: 41.94
U7 max: 1.26  min: 0.01
U8 max: 58.35  min: 48.81
Program finished: CPU time = 144.578 sec.

------------------------------------------------------------
Sender: LSF System <lsfadmin@ys5042-ib>
Subject: Job 920994: <mb.128> in cluster <yellowstone> Done

Job <mb.128> was submitted from host <yslogin3-ib> by user <robertk> in cluster <yellowstone>.
Job was executed on host(s) <16*ys5042-ib>, in queue <small>, as user <robertk> in cluster <yellowstone>.
                            <16*ys5043-ib>
                            <16*ys5320-ib>
                            <16*ys5324-ib>
                            <16*ys5460-ib>
                            <16*ys5523-ib>
                            <16*ys5647-ib>
                            <16*ys5668-ib>
</glade/u/home/robertk> was used as the home directory.
</glade/u/home/robertk/work/Dune/trunk/alugrid/examples> was used as the working directory.
Started at Wed Feb 19 19:31:16 2014
Results reported at Wed Feb 19 19:34:51 2014

Your job looked like:

------------------------------------------------------------
# LSBATCH: User input
#!/bin/bash
# LSF batch script to run an MPI application
#
#BSUB -P P86850055           # project code
#BSUB -W 00:30               # wall-clock time (hrs:mins)
#BSUB -n 128              # number of tasks in job
#BSUB -R span[ptile=16]    # run 16 MPI tasks per node
#BSUB -J mb.128            # job name
#BSUB -o ./out/mb.128.%J.out  # output file name 
#BSUB -e ./err/mb.128.%J.err  # error file name
#BSUB -q small             # queue
#run the executable
export MP_CSS_INTERRUPT=yes
export MP_EAGER_LIMIT=4194305
export MP_EAGER_LIMIT_LOCAL=4194305
mpirun.lsf ./main_ball 4 0 3 none

------------------------------------------------------------

Successfully completed.

Resource usage summary:

    CPU time :               26321.71 sec.
    Max Memory :             28632 MB
    Average Memory :         16955.40 MB
    Total Requested Memory : -
    Delta Memory :           -
    (Delta: the difference between total requested memory and actual max usage.)
    Max Processes :          140
    Max Threads :            1473

The output (if any) is above this job summary.



PS:

Read file <./err/mb.128.920994.err> for stderr output of this job.

