Caught DGFException on creation of SGrid, trying default DGF method!

Created parallel ALUGrid<3,3,cube,nonconforming> from macro grid file ''. 

globalRefine: 0
elements = 7325802 (6653,7652,1.15016)   maxLevel = 3   step = 12   time = 0.108   dt = 0.009
elements = 7215097 (6546,7516,1.14818)   maxLevel = 3   step = 23   time = 0.207   dt = 0.009
elements = 7165243 (6489,7485,1.15349)   maxLevel = 3   step = 34   time = 0.306   dt = 0.009
elements = 7332214 (6656,7635,1.14709)   maxLevel = 3   step = 45   time = 0.405   dt = 0.009
elements = 7066816 (6391,7397,1.15741)   maxLevel = 3   step = 56   time = 0.504   dt = 0.009
elements = 7322911 (6652,7652,1.15033)   maxLevel = 3   step = 67   time = 0.603   dt = 0.009
elements = 7214488 (6558,7533,1.14867)   maxLevel = 3   step = 78   time = 0.702   dt = 0.009
elements = 7128717 (6520,7454,1.14325)   maxLevel = 3   step = 89   time = 0.801   dt = 0.009
elements = 7317423 (6644,7638,1.14961)   maxLevel = 3   step = 100   time = 0.9   dt = 0.009
elements = 7049589 (6398,7367,1.15145)   maxLevel = 3   step = 112   time = 1.008   dt = 0.009
U2 max: 0.42  min: 0.36
U3 max: 0.03  min: 0
U4 max: 21.88  min: 8.27
U5 max: 2.68  min: 1.3
U6 max: 0.01  min: 0
U7 max: 30.02  min: 16.3
U8 max: 24.64  min: 10.68
Program finished: CPU time = 71.8211 sec.
Job  /ncar/opt/lsf/8.3/linux2.6-glibc2.3-x86_64/bin/poejob ./main_ball 4 0 3 none

TID   HOST_NAME   COMMAND_LINE            STATUS            TERMINATION_TIME
===== ========== ================  =======================  ===================
01008 ys2738-ib  ./main_ball 4 0   Done                     05/15/2013 15:53:01
01015 ys2738-ib   ./main_ball 4 0  Done                     05/15/2013 15:53:01
01016 ys2738-ib   ./main_ball 4 0  Done                     05/15/2013 15:53:01
01017 ys2738-ib   ./main_ball 4 0  Done                     05/15/2013 15:53:01
01018 ys2738-ib   ./main_ball 4 0  Done                     05/15/2013 15:53:01
01020 ys2738-ib   ./main_ball 4 0  Done                     05/15/2013 15:53:01
01019 ys2738-ib   ./main_ball 4 0  Done                     05/15/2013 15:53:01
01021 ys2738-ib   ./main_ball 4 0  Done                     05/15/2013 15:53:01
01022 ys2738-ib   ./main_ball 4 0  Done                     05/15/2013 15:53:01
01023 ys2738-ib   ./main_ball 4 0  Done                     05/15/2013 15:53:01
01010 ys2738-ib   ./main_ball 4 0  Done                     05/15/2013 15:53:01
01009 ys2738-ib   ./main_ball 4 0  Done                     05/15/2013 15:53:01
01011 ys2738-ib   ./main_ball 4 0  Done                     05/15/2013 15:53:01
01012 ys2738-ib   ./main_ball 4 0  Done                     05/15/2013 15:53:01
01013 ys2738-ib   ./main_ball 4 0  Done                     05/15/2013 15:53:01
01014 ys2738-ib   ./main_ball 4 0  Done                     05/15/2013 15:53:01
00992 ys2737-ib  ./main_ball 4 0   Done                     05/15/2013 15:53:01
00997 ys2737-ib   ./main_ball 4 0  Done                     05/15/2013 15:53:01
00998 ys2737-ib   ./main_ball 4 0  Done                     05/15/2013 15:53:01
00999 ys2737-ib   ./main_ball 4 0  Done                     05/15/2013 15:53:01
01000 ys2737-ib   ./main_ball 4 0  Done                     05/15/2013 15:53:01
01001 ys2737-ib   ./main_ball 4 0  Done                     05/15/2013 15:53:01
01002 ys2737-ib   ./main_ball 4 0  Done                     05/15/2013 15:53:01
01003 ys2737-ib   ./main_ball 4 0  Done                     05/15/2013 15:53:01
01004 ys2737-ib   ./main_ball 4 0  Done                     05/15/2013 15:53:01
01005 ys2737-ib   ./main_ball 4 0  Done                     05/15/2013 15:53:01
01006 ys2737-ib   ./main_ball 4 0  Done                     05/15/2013 15:53:01
01007 ys2737-ib   ./main_ball 4 0  Done                     05/15/2013 15:53:01
00993 ys2737-ib   ./main_ball 4 0  Done                     05/15/2013 15:53:01
00994 ys2737-ib   ./main_ball 4 0  Done                     05/15/2013 15:53:01
00995 ys2737-ib   ./main_ball 4 0  Done                     05/15/2013 15:53:01
00996 ys2737-ib   ./main_ball 4 0  Done                     05/15/2013 15:53:01
00976 ys2736-ib  ./main_ball 4 0   Done                     05/15/2013 15:53:01
00978 ys2736-ib   ./main_ball 4 0  Done                     05/15/2013 15:53:01
00980 ys2736-ib   ./main_ball 4 0  Done                     05/15/2013 15:53:01
00979 ys2736-ib   ./main_ball 4 0  Done                     05/15/2013 15:53:01
00981 ys2736-ib   ./main_ball 4 0  Done                     05/15/2013 15:53:01
00982 ys2736-ib   ./main_ball 4 0  Done                     05/15/2013 15:53:01
00983 ys2736-ib   ./main_ball 4 0  Done                     05/15/2013 15:53:01
00984 ys2736-ib   ./main_ball 4 0  Done                     05/15/2013 15:53:01
00985 ys2736-ib   ./main_ball 4 0  Done                     05/15/2013 15:53:01
00986 ys2736-ib   ./main_ball 4 0  Done                     05/15/2013 15:53:01
00987 ys2736-ib   ./main_ball 4 0  Done                     05/15/2013 15:53:01
00988 ys2736-ib   ./main_ball 4 0  Done                     05/15/2013 15:53:01
00990 ys2736-ib   ./main_ball 4 0  Done                     05/15/2013 15:53:01
00989 ys2736-ib   ./main_ball 4 0  Done                     05/15/2013 15:53:01
00991 ys2736-ib   ./main_ball 4 0  Done                     05/15/2013 15:53:01
00977 ys2736-ib   ./main_ball 4 0  Done                     05/15/2013 15:53:01
00960 ys2735-ib  ./main_ball 4 0   Done                     05/15/2013 15:53:01
00961 ys2735-ib   ./main_ball 4 0  Done                     05/15/2013 15:53:01
00962 ys2735-ib   ./main_ball 4 0  Done                     05/15/2013 15:53:01
00963 ys2735-ib   ./main_ball 4 0  Done                     05/15/2013 15:53:01
00964 ys2735-ib   ./main_ball 4 0  Done                     05/15/2013 15:53:01
00965 ys2735-ib   ./main_ball 4 0  Done                     05/15/2013 15:53:01
00966 ys2735-ib   ./main_ball 4 0  Done                     05/15/2013 15:53:01
00967 ys2735-ib   ./main_ball 4 0  Done                     05/15/2013 15:53:01
00968 ys2735-ib   ./main_ball 4 0  Done                     05/15/2013 15:53:01
00970 ys2735-ib   ./main_ball 4 0  Done                     05/15/2013 15:53:01
00969 ys2735-ib   ./main_ball 4 0  Done                     05/15/2013 15:53:01
00971 ys2735-ib   ./main_ball 4 0  Done                     05/15/2013 15:53:01
00972 ys2735-ib   ./main_ball 4 0  Done                     05/15/2013 15:53:01
00973 ys2735-ib   ./main_ball 4 0  Done                     05/15/2013 15:53:01
00974 ys2735-ib   ./main_ball 4 0  Done                     05/15/2013 15:53:01
00975 ys2735-ib   ./main_ball 4 0  Done                     05/15/2013 15:53:01
00944 ys2734-ib  ./main_ball 4 0   Done                     05/15/2013 15:53:01
00959 ys2734-ib   ./main_ball 4 0  Done                     05/15/2013 15:53:01
00945 ys2734-ib   ./main_ball 4 0  Done                     05/15/2013 15:53:01
00946 ys2734-ib   ./main_ball 4 0  Done                     05/15/2013 15:53:01
00947 ys2734-ib   ./main_ball 4 0  Done                     05/15/2013 15:53:01
00948 ys2734-ib   ./main_ball 4 0  Done                     05/15/2013 15:53:01
00950 ys2734-ib   ./main_ball 4 0  Done                     05/15/2013 15:53:01
00949 ys2734-ib   ./main_ball 4 0  Done                     05/15/2013 15:53:01
00951 ys2734-ib   ./main_ball 4 0  Done                     05/15/2013 15:53:01
00952 ys2734-ib   ./main_ball 4 0  Done                     05/15/2013 15:53:01
00953 ys2734-ib   ./main_ball 4 0  Done                     05/15/2013 15:53:01
00954 ys2734-ib   ./main_ball 4 0  Done                     05/15/2013 15:53:01
00955 ys2734-ib   ./main_ball 4 0  Done                     05/15/2013 15:53:01
00956 ys2734-ib   ./main_ball 4 0  Done                     05/15/2013 15:53:01
00957 ys2734-ib   ./main_ball 4 0  Done                     05/15/2013 15:53:01
00958 ys2734-ib   ./main_ball 4 0  Done                     05/15/2013 15:53:01
00928 ys2733-ib  ./main_ball 4 0   Done                     05/15/2013 15:53:01
00941 ys2733-ib   ./main_ball 4 0  Done                     05/15/2013 15:53:01
00942 ys2733-ib   ./main_ball 4 0  Done                     05/15/2013 15:53:01
00943 ys2733-ib   ./main_ball 4 0  Done                     05/15/2013 15:53:01
00930 ys2733-ib   ./main_ball 4 0  Done                     05/15/2013 15:53:01
00929 ys2733-ib   ./main_ball 4 0  Done                     05/15/2013 15:53:01
00931 ys2733-ib   ./main_ball 4 0  Done                     05/15/2013 15:53:01
00932 ys2733-ib   ./main_ball 4 0  Done                     05/15/2013 15:53:01
00933 ys2733-ib   ./main_ball 4 0  Done                     05/15/2013 15:53:01
00934 ys2733-ib   ./main_ball 4 0  Done                     05/15/2013 15:53:01
00935 ys2733-ib   ./main_ball 4 0  Done                     05/15/2013 15:53:01
00936 ys2733-ib   ./main_ball 4 0  Done                     05/15/2013 15:53:01
00937 ys2733-ib   ./main_ball 4 0  Done                     05/15/2013 15:53:01
00938 ys2733-ib   ./main_ball 4 0  Done                     05/15/2013 15:53:01
00940 ys2733-ib   ./main_ball 4 0  Done                     05/15/2013 15:53:01
00939 ys2733-ib   ./main_ball 4 0  Done                     05/15/2013 15:53:01
00912 ys2732-ib  ./main_ball 4 0   Done                     05/15/2013 15:53:01
00913 ys2732-ib   ./main_ball 4 0  Done                     05/15/2013 15:53:01
00914 ys2732-ib   ./main_ball 4 0  Done                     05/15/2013 15:53:01
00915 ys2732-ib   ./main_ball 4 0  Done                     05/15/2013 15:53:01
00916 ys2732-ib   ./main_ball 4 0  Done                     05/15/2013 15:53:01
00917 ys2732-ib   ./main_ball 4 0  Done                     05/15/2013 15:53:01
00918 ys2732-ib   ./main_ball 4 0  Done                     05/15/2013 15:53:01
00919 ys2732-ib   ./main_ball 4 0  Done                     05/15/2013 15:53:01
00922 ys2732-ib   ./main_ball 4 0  Done                     05/15/2013 15:53:01
00923 ys2732-ib   ./main_ball 4 0  Done                     05/15/2013 15:53:01
00924 ys2732-ib   ./main_ball 4 0  Done                     05/15/2013 15:53:01
00925 ys2732-ib   ./main_ball 4 0  Done                     05/15/2013 15:53:01
00926 ys2732-ib   ./main_ball 4 0  Done                     05/15/2013 15:53:01
00927 ys2732-ib   ./main_ball 4 0  Done                     05/15/2013 15:53:01
00920 ys2732-ib   ./main_ball 4 0  Done                     05/15/2013 15:53:01
00921 ys2732-ib   ./main_ball 4 0  Done                     05/15/2013 15:53:01
00896 ys2714-ib  ./main_ball 4 0   Done                     05/15/2013 15:53:01
00903 ys2714-ib   ./main_ball 4 0  Done                     05/15/2013 15:53:01
00904 ys2714-ib   ./main_ball 4 0  Done                     05/15/2013 15:53:01
00905 ys2714-ib   ./main_ball 4 0  Done                     05/15/2013 15:53:01
00906 ys2714-ib   ./main_ball 4 0  Done                     05/15/2013 15:53:01
00907 ys2714-ib   ./main_ball 4 0  Done                     05/15/2013 15:53:01
00897 ys2714-ib   ./main_ball 4 0  Done                     05/15/2013 15:53:01
00908 ys2714-ib   ./main_ball 4 0  Done                     05/15/2013 15:53:01
00898 ys2714-ib   ./main_ball 4 0  Done                     05/15/2013 15:53:01
00910 ys2714-ib   ./main_ball 4 0  Done                     05/15/2013 15:53:01
00909 ys2714-ib   ./main_ball 4 0  Done                     05/15/2013 15:53:01
00899 ys2714-ib   ./main_ball 4 0  Done                     05/15/2013 15:53:01
00911 ys2714-ib   ./main_ball 4 0  Done                     05/15/2013 15:53:01
00900 ys2714-ib   ./main_ball 4 0  Done                     05/15/2013 15:53:01
00901 ys2714-ib   ./main_ball 4 0  Done                     05/15/2013 15:53:01
00902 ys2714-ib   ./main_ball 4 0  Done                     05/15/2013 15:53:01
00880 ys2701-ib  ./main_ball 4 0   Done                     05/15/2013 15:53:01
00893 ys2701-ib   ./main_ball 4 0  Done                     05/15/2013 15:53:01
00894 ys2701-ib   ./main_ball 4 0  Done                     05/15/2013 15:53:01
00895 ys2701-ib   ./main_ball 4 0  Done                     05/15/2013 15:53:01
00881 ys2701-ib   ./main_ball 4 0  Done                     05/15/2013 15:53:01
00882 ys2701-ib   ./main_ball 4 0  Done                     05/15/2013 15:53:01
00883 ys2701-ib   ./main_ball 4 0  Done                     05/15/2013 15:53:01
00884 ys2701-ib   ./main_ball 4 0  Done                     05/15/2013 15:53:01
00885 ys2701-ib   ./main_ball 4 0  Done                     05/15/2013 15:53:01
00886 ys2701-ib   ./main_ball 4 0  Done                     05/15/2013 15:53:01
00887 ys2701-ib   ./main_ball 4 0  Done                     05/15/2013 15:53:01
00888 ys2701-ib   ./main_ball 4 0  Done                     05/15/2013 15:53:01
00890 ys2701-ib   ./main_ball 4 0  Done                     05/15/2013 15:53:01
00889 ys2701-ib   ./main_ball 4 0  Done                     05/15/2013 15:53:01
00891 ys2701-ib   ./main_ball 4 0  Done                     05/15/2013 15:53:01
00892 ys2701-ib   ./main_ball 4 0  Done                     05/15/2013 15:53:01
00864 ys2672-ib  ./main_ball 4 0   Done                     05/15/2013 15:53:01
00874 ys2672-ib   ./main_ball 4 0  Done                     05/15/2013 15:53:01
00875 ys2672-ib   ./main_ball 4 0  Done                     05/15/2013 15:53:01
00876 ys2672-ib   ./main_ball 4 0  Done                     05/15/2013 15:53:01
00877 ys2672-ib   ./main_ball 4 0  Done                     05/15/2013 15:53:01
00878 ys2672-ib   ./main_ball 4 0  Done                     05/15/2013 15:53:01
00879 ys2672-ib   ./main_ball 4 0  Done                     05/15/2013 15:53:01
00865 ys2672-ib   ./main_ball 4 0  Done                     05/15/2013 15:53:01
00866 ys2672-ib   ./main_ball 4 0  Done                     05/15/2013 15:53:01
00867 ys2672-ib   ./main_ball 4 0  Done                     05/15/2013 15:53:01
00868 ys2672-ib   ./main_ball 4 0  Done                     05/15/2013 15:53:01
00870 ys2672-ib   ./main_ball 4 0  Done                     05/15/2013 15:53:01
00869 ys2672-ib   ./main_ball 4 0  Done                     05/15/2013 15:53:01
00871 ys2672-ib   ./main_ball 4 0  Done                     05/15/2013 15:53:01
00872 ys2672-ib   ./main_ball 4 0  Done                     05/15/2013 15:53:01
00873 ys2672-ib   ./main_ball 4 0  Done                     05/15/2013 15:53:01
00848 ys2671-ib  ./main_ball 4 0   Done                     05/15/2013 15:53:01
00855 ys2671-ib   ./main_ball 4 0  Done                     05/15/2013 15:53:01
00856 ys2671-ib   ./main_ball 4 0  Done                     05/15/2013 15:53:01
00857 ys2671-ib   ./main_ball 4 0  Done                     05/15/2013 15:53:01
00858 ys2671-ib   ./main_ball 4 0  Done                     05/15/2013 15:53:01
00860 ys2671-ib   ./main_ball 4 0  Done                     05/15/2013 15:53:01
00859 ys2671-ib   ./main_ball 4 0  Done                     05/15/2013 15:53:01
00861 ys2671-ib   ./main_ball 4 0  Done                     05/15/2013 15:53:01
00862 ys2671-ib   ./main_ball 4 0  Done                     05/15/2013 15:53:01
00863 ys2671-ib   ./main_ball 4 0  Done                     05/15/2013 15:53:01
00850 ys2671-ib   ./main_ball 4 0  Done                     05/15/2013 15:53:01
00849 ys2671-ib   ./main_ball 4 0  Done                     05/15/2013 15:53:01
00851 ys2671-ib   ./main_ball 4 0  Done                     05/15/2013 15:53:01
00852 ys2671-ib   ./main_ball 4 0  Done                     05/15/2013 15:53:01
00853 ys2671-ib   ./main_ball 4 0  Done                     05/15/2013 15:53:01
00854 ys2671-ib   ./main_ball 4 0  Done                     05/15/2013 15:53:01
00832 ys2670-ib  ./main_ball 4 0   Done                     05/15/2013 15:53:01
00836 ys2670-ib   ./main_ball 4 0  Done                     05/15/2013 15:53:01
00837 ys2670-ib   ./main_ball 4 0  Done                     05/15/2013 15:53:01
00838 ys2670-ib   ./main_ball 4 0  Done                     05/15/2013 15:53:01
00840 ys2670-ib   ./main_ball 4 0  Done                     05/15/2013 15:53:01
00839 ys2670-ib   ./main_ball 4 0  Done                     05/15/2013 15:53:01
00841 ys2670-ib   ./main_ball 4 0  Done                     05/15/2013 15:53:01
00842 ys2670-ib   ./main_ball 4 0  Done                     05/15/2013 15:53:01
00843 ys2670-ib   ./main_ball 4 0  Done                     05/15/2013 15:53:01
00844 ys2670-ib   ./main_ball 4 0  Done                     05/15/2013 15:53:01
00845 ys2670-ib   ./main_ball 4 0  Done                     05/15/2013 15:53:01
00846 ys2670-ib   ./main_ball 4 0  Done                     05/15/2013 15:53:01
00847 ys2670-ib   ./main_ball 4 0  Done                     05/15/2013 15:53:01
00833 ys2670-ib   ./main_ball 4 0  Done                     05/15/2013 15:53:01
00834 ys2670-ib   ./main_ball 4 0  Done                     05/15/2013 15:53:01
00835 ys2670-ib   ./main_ball 4 0  Done                     05/15/2013 15:53:01
00816 ys2669-ib  ./main_ball 4 0   Done                     05/15/2013 15:53:01
00817 ys2669-ib   ./main_ball 4 0  Done                     05/15/2013 15:53:01
00818 ys2669-ib   ./main_ball 4 0  Done                     05/15/2013 15:53:01
00820 ys2669-ib   ./main_ball 4 0  Done                     05/15/2013 15:53:01
00819 ys2669-ib   ./main_ball 4 0  Done                     05/15/2013 15:53:01
00821 ys2669-ib   ./main_ball 4 0  Done                     05/15/2013 15:53:01
00822 ys2669-ib   ./main_ball 4 0  Done                     05/15/2013 15:53:01
00823 ys2669-ib   ./main_ball 4 0  Done                     05/15/2013 15:53:01
00824 ys2669-ib   ./main_ball 4 0  Done                     05/15/2013 15:53:01
00825 ys2669-ib   ./main_ball 4 0  Done                     05/15/2013 15:53:01
00826 ys2669-ib   ./main_ball 4 0  Done                     05/15/2013 15:53:01
00827 ys2669-ib   ./main_ball 4 0  Done                     05/15/2013 15:53:01
00828 ys2669-ib   ./main_ball 4 0  Done                     05/15/2013 15:53:01
00830 ys2669-ib   ./main_ball 4 0  Done                     05/15/2013 15:53:01
00829 ys2669-ib   ./main_ball 4 0  Done                     05/15/2013 15:53:01
00831 ys2669-ib   ./main_ball 4 0  Done                     05/15/2013 15:53:01
00800 ys2658-ib  ./main_ball 4 0   Done                     05/15/2013 15:53:01
00801 ys2658-ib   ./main_ball 4 0  Done                     05/15/2013 15:53:01
00802 ys2658-ib   ./main_ball 4 0  Done                     05/15/2013 15:53:01
00803 ys2658-ib   ./main_ball 4 0  Done                     05/15/2013 15:53:01
00804 ys2658-ib   ./main_ball 4 0  Done                     05/15/2013 15:53:01
00805 ys2658-ib   ./main_ball 4 0  Done                     05/15/2013 15:53:01
00806 ys2658-ib   ./main_ball 4 0  Done                     05/15/2013 15:53:01
00807 ys2658-ib   ./main_ball 4 0  Done                     05/15/2013 15:53:01
00808 ys2658-ib   ./main_ball 4 0  Done                     05/15/2013 15:53:01
00810 ys2658-ib   ./main_ball 4 0  Done                     05/15/2013 15:53:01
00809 ys2658-ib   ./main_ball 4 0  Done                     05/15/2013 15:53:01
00811 ys2658-ib   ./main_ball 4 0  Done                     05/15/2013 15:53:01
00812 ys2658-ib   ./main_ball 4 0  Done                     05/15/2013 15:53:01
00813 ys2658-ib   ./main_ball 4 0  Done                     05/15/2013 15:53:01
00814 ys2658-ib   ./main_ball 4 0  Done                     05/15/2013 15:53:01
00815 ys2658-ib   ./main_ball 4 0  Done                     05/15/2013 15:53:01
00784 ys2657-ib  ./main_ball 4 0   Done                     05/15/2013 15:53:01
00788 ys2657-ib   ./main_ball 4 0  Done                     05/15/2013 15:53:01
00790 ys2657-ib   ./main_ball 4 0  Done                     05/15/2013 15:53:01
00789 ys2657-ib   ./main_ball 4 0  Done                     05/15/2013 15:53:01
00791 ys2657-ib   ./main_ball 4 0  Done                     05/15/2013 15:53:01
00792 ys2657-ib   ./main_ball 4 0  Done                     05/15/2013 15:53:01
00793 ys2657-ib   ./main_ball 4 0  Done                     05/15/2013 15:53:01
00794 ys2657-ib   ./main_ball 4 0  Done                     05/15/2013 15:53:01
00795 ys2657-ib   ./main_ball 4 0  Done                     05/15/2013 15:53:01
00796 ys2657-ib   ./main_ball 4 0  Done                     05/15/2013 15:53:01
00797 ys2657-ib   ./main_ball 4 0  Done                     05/15/2013 15:53:01
00798 ys2657-ib   ./main_ball 4 0  Done                     05/15/2013 15:53:01
00799 ys2657-ib   ./main_ball 4 0  Done                     05/15/2013 15:53:01
00785 ys2657-ib   ./main_ball 4 0  Done                     05/15/2013 15:53:01
00786 ys2657-ib   ./main_ball 4 0  Done                     05/15/2013 15:53:01
00787 ys2657-ib   ./main_ball 4 0  Done                     05/15/2013 15:53:01
00768 ys2656-ib  ./main_ball 4 0   Done                     05/15/2013 15:53:01
00770 ys2656-ib   ./main_ball 4 0  Done                     05/15/2013 15:53:01
00773 ys2656-ib   ./main_ball 4 0  Done                     05/15/2013 15:53:01
00769 ys2656-ib   ./main_ball 4 0  Done                     05/15/2013 15:53:01
00771 ys2656-ib   ./main_ball 4 0  Done                     05/15/2013 15:53:01
00772 ys2656-ib   ./main_ball 4 0  Done                     05/15/2013 15:53:01
00774 ys2656-ib   ./main_ball 4 0  Done                     05/15/2013 15:53:01
00775 ys2656-ib   ./main_ball 4 0  Done                     05/15/2013 15:53:01
00776 ys2656-ib   ./main_ball 4 0  Done                     05/15/2013 15:53:01
00777 ys2656-ib   ./main_ball 4 0  Done                     05/15/2013 15:53:01
00778 ys2656-ib   ./main_ball 4 0  Done                     05/15/2013 15:53:01
00780 ys2656-ib   ./main_ball 4 0  Done                     05/15/2013 15:53:01
00779 ys2656-ib   ./main_ball 4 0  Done                     05/15/2013 15:53:01
00781 ys2656-ib   ./main_ball 4 0  Done                     05/15/2013 15:53:01
00782 ys2656-ib   ./main_ball 4 0  Done                     05/15/2013 15:53:01
00783 ys2656-ib   ./main_ball 4 0  Done                     05/15/2013 15:53:01
00752 ys2655-ib  ./main_ball 4 0   Done                     05/15/2013 15:53:01
00753 ys2655-ib   ./main_ball 4 0  Done                     05/15/2013 15:53:01
00754 ys2655-ib   ./main_ball 4 0  Done                     05/15/2013 15:53:01
00755 ys2655-ib   ./main_ball 4 0  Done                     05/15/2013 15:53:01
00756 ys2655-ib   ./main_ball 4 0  Done                     05/15/2013 15:53:01
00757 ys2655-ib   ./main_ball 4 0  Done                     05/15/2013 15:53:01
00758 ys2655-ib   ./main_ball 4 0  Done                     05/15/2013 15:53:01
00760 ys2655-ib   ./main_ball 4 0  Done                     05/15/2013 15:53:01
00759 ys2655-ib   ./main_ball 4 0  Done                     05/15/2013 15:53:01
00761 ys2655-ib   ./main_ball 4 0  Done                     05/15/2013 15:53:01
00762 ys2655-ib   ./main_ball 4 0  Done                     05/15/2013 15:53:01
00763 ys2655-ib   ./main_ball 4 0  Done                     05/15/2013 15:53:01
00764 ys2655-ib   ./main_ball 4 0  Done                     05/15/2013 15:53:01
00765 ys2655-ib   ./main_ball 4 0  Done                     05/15/2013 15:53:01
00766 ys2655-ib   ./main_ball 4 0  Done                     05/15/2013 15:53:01
00767 ys2655-ib   ./main_ball 4 0  Done                     05/15/2013 15:53:01
00736 ys2653-ib  ./main_ball 4 0   Done                     05/15/2013 15:53:01
00751 ys2653-ib   ./main_ball 4 0  Done                     05/15/2013 15:53:01
00737 ys2653-ib   ./main_ball 4 0  Done                     05/15/2013 15:53:01
00738 ys2653-ib   ./main_ball 4 0  Done                     05/15/2013 15:53:01
00740 ys2653-ib   ./main_ball 4 0  Done                     05/15/2013 15:53:01
00739 ys2653-ib   ./main_ball 4 0  Done                     05/15/2013 15:53:01
00741 ys2653-ib   ./main_ball 4 0  Done                     05/15/2013 15:53:01
00742 ys2653-ib   ./main_ball 4 0  Done                     05/15/2013 15:53:01
00743 ys2653-ib   ./main_ball 4 0  Done                     05/15/2013 15:53:01
00744 ys2653-ib   ./main_ball 4 0  Done                     05/15/2013 15:53:01
00745 ys2653-ib   ./main_ball 4 0  Done                     05/15/2013 15:53:01
00746 ys2653-ib   ./main_ball 4 0  Done                     05/15/2013 15:53:01
00747 ys2653-ib   ./main_ball 4 0  Done                     05/15/2013 15:53:01
00748 ys2653-ib   ./main_ball 4 0  Done                     05/15/2013 15:53:01
00750 ys2653-ib   ./main_ball 4 0  Done                     05/15/2013 15:53:01
00749 ys2653-ib   ./main_ball 4 0  Done                     05/15/2013 15:53:01
00720 ys2652-ib  ./main_ball 4 0   Done                     05/15/2013 15:53:01
00722 ys2652-ib   ./main_ball 4 0  Done                     05/15/2013 15:53:01
00732 ys2652-ib   ./main_ball 4 0  Done                     05/15/2013 15:53:01
00733 ys2652-ib   ./main_ball 4 0  Done                     05/15/2013 15:53:01
00734 ys2652-ib   ./main_ball 4 0  Done                     05/15/2013 15:53:01
00735 ys2652-ib   ./main_ball 4 0  Done                     05/15/2013 15:53:01
00721 ys2652-ib   ./main_ball 4 0  Done                     05/15/2013 15:53:01
00723 ys2652-ib   ./main_ball 4 0  Done                     05/15/2013 15:53:01
00724 ys2652-ib   ./main_ball 4 0  Done                     05/15/2013 15:53:01
00725 ys2652-ib   ./main_ball 4 0  Done                     05/15/2013 15:53:01
00726 ys2652-ib   ./main_ball 4 0  Done                     05/15/2013 15:53:01
00727 ys2652-ib   ./main_ball 4 0  Done                     05/15/2013 15:53:01
00728 ys2652-ib   ./main_ball 4 0  Done                     05/15/2013 15:53:01
00730 ys2652-ib   ./main_ball 4 0  Done                     05/15/2013 15:53:01
00729 ys2652-ib   ./main_ball 4 0  Done                     05/15/2013 15:53:01
00731 ys2652-ib   ./main_ball 4 0  Done                     05/15/2013 15:53:01
00704 ys2646-ib  ./main_ball 4 0   Done                     05/15/2013 15:53:01
00713 ys2646-ib   ./main_ball 4 0  Done                     05/15/2013 15:53:01
00714 ys2646-ib   ./main_ball 4 0  Done                     05/15/2013 15:53:01
00715 ys2646-ib   ./main_ball 4 0  Done                     05/15/2013 15:53:01
00716 ys2646-ib   ./main_ball 4 0  Done                     05/15/2013 15:53:01
00717 ys2646-ib   ./main_ball 4 0  Done                     05/15/2013 15:53:01
00718 ys2646-ib   ./main_ball 4 0  Done                     05/15/2013 15:53:01
00719 ys2646-ib   ./main_ball 4 0  Done                     05/15/2013 15:53:01
00705 ys2646-ib   ./main_ball 4 0  Done                     05/15/2013 15:53:01
00706 ys2646-ib   ./main_ball 4 0  Done                     05/15/2013 15:53:01
00707 ys2646-ib   ./main_ball 4 0  Done                     05/15/2013 15:53:01
00708 ys2646-ib   ./main_ball 4 0  Done                     05/15/2013 15:53:01
00710 ys2646-ib   ./main_ball 4 0  Done                     05/15/2013 15:53:01
00709 ys2646-ib   ./main_ball 4 0  Done                     05/15/2013 15:53:01
00711 ys2646-ib   ./main_ball 4 0  Done                     05/15/2013 15:53:01
00712 ys2646-ib   ./main_ball 4 0  Done                     05/15/2013 15:53:01
00688 ys2645-ib  ./main_ball 4 0   Done                     05/15/2013 15:53:01
00700 ys2645-ib   ./main_ball 4 0  Done                     05/15/2013 15:53:01
00690 ys2645-ib   ./main_ball 4 0  Done                     05/15/2013 15:53:01
00689 ys2645-ib   ./main_ball 4 0  Done                     05/15/2013 15:53:01
00701 ys2645-ib   ./main_ball 4 0  Done                     05/15/2013 15:53:01
00691 ys2645-ib   ./main_ball 4 0  Done                     05/15/2013 15:53:01
00702 ys2645-ib   ./main_ball 4 0  Done                     05/15/2013 15:53:01
00692 ys2645-ib   ./main_ball 4 0  Done                     05/15/2013 15:53:01
00703 ys2645-ib   ./main_ball 4 0  Done                     05/15/2013 15:53:01
00693 ys2645-ib   ./main_ball 4 0  Done                     05/15/2013 15:53:01
00694 ys2645-ib   ./main_ball 4 0  Done                     05/15/2013 15:53:01
00695 ys2645-ib   ./main_ball 4 0  Done                     05/15/2013 15:53:01
00696 ys2645-ib   ./main_ball 4 0  Done                     05/15/2013 15:53:01
00697 ys2645-ib   ./main_ball 4 0  Done                     05/15/2013 15:53:01
00698 ys2645-ib   ./main_ball 4 0  Done                     05/15/2013 15:53:01
00699 ys2645-ib   ./main_ball 4 0  Done                     05/15/2013 15:53:01
00672 ys2642-ib  ./main_ball 4 0   Done                     05/15/2013 15:53:01
00684 ys2642-ib   ./main_ball 4 0  Done                     05/15/2013 15:53:01
00685 ys2642-ib   ./main_ball 4 0  Done                     05/15/2013 15:53:01
00686 ys2642-ib   ./main_ball 4 0  Done                     05/15/2013 15:53:01
00687 ys2642-ib   ./main_ball 4 0  Done                     05/15/2013 15:53:01
00673 ys2642-ib   ./main_ball 4 0  Done                     05/15/2013 15:53:01
00674 ys2642-ib   ./main_ball 4 0  Done                     05/15/2013 15:53:01
00675 ys2642-ib   ./main_ball 4 0  Done                     05/15/2013 15:53:01
00676 ys2642-ib   ./main_ball 4 0  Done                     05/15/2013 15:53:01
00677 ys2642-ib   ./main_ball 4 0  Done                     05/15/2013 15:53:01
00678 ys2642-ib   ./main_ball 4 0  Done                     05/15/2013 15:53:01
00680 ys2642-ib   ./main_ball 4 0  Done                     05/15/2013 15:53:01
00679 ys2642-ib   ./main_ball 4 0  Done                     05/15/2013 15:53:01
00681 ys2642-ib   ./main_ball 4 0  Done                     05/15/2013 15:53:01
00682 ys2642-ib   ./main_ball 4 0  Done                     05/15/2013 15:53:01
00683 ys2642-ib   ./main_ball 4 0  Done                     05/15/2013 15:53:01
00656 ys2638-ib  ./main_ball 4 0   Done                     05/15/2013 15:53:01
00658 ys2638-ib   ./main_ball 4 0  Done                     05/15/2013 15:53:01
00665 ys2638-ib   ./main_ball 4 0  Done                     05/15/2013 15:53:01
00666 ys2638-ib   ./main_ball 4 0  Done                     05/15/2013 15:53:01
00667 ys2638-ib   ./main_ball 4 0  Done                     05/15/2013 15:53:01
00668 ys2638-ib   ./main_ball 4 0  Done                     05/15/2013 15:53:01
00670 ys2638-ib   ./main_ball 4 0  Done                     05/15/2013 15:53:01
00669 ys2638-ib   ./main_ball 4 0  Done                     05/15/2013 15:53:01
00671 ys2638-ib   ./main_ball 4 0  Done                     05/15/2013 15:53:01
00657 ys2638-ib   ./main_ball 4 0  Done                     05/15/2013 15:53:01
00660 ys2638-ib   ./main_ball 4 0  Done                     05/15/2013 15:53:01
00659 ys2638-ib   ./main_ball 4 0  Done                     05/15/2013 15:53:01
00661 ys2638-ib   ./main_ball 4 0  Done                     05/15/2013 15:53:01
00662 ys2638-ib   ./main_ball 4 0  Done                     05/15/2013 15:53:01
00663 ys2638-ib   ./main_ball 4 0  Done                     05/15/2013 15:53:01
00664 ys2638-ib   ./main_ball 4 0  Done                     05/15/2013 15:53:01
00640 ys2637-ib  ./main_ball 4 0   Done                     05/15/2013 15:53:01
00642 ys2637-ib   ./main_ball 4 0  Done                     05/15/2013 15:53:01
00646 ys2637-ib   ./main_ball 4 0  Done                     05/15/2013 15:53:01
00647 ys2637-ib   ./main_ball 4 0  Done                     05/15/2013 15:53:01
00648 ys2637-ib   ./main_ball 4 0  Done                     05/15/2013 15:53:01
00650 ys2637-ib   ./main_ball 4 0  Done                     05/15/2013 15:53:01
00649 ys2637-ib   ./main_ball 4 0  Done                     05/15/2013 15:53:01
00651 ys2637-ib   ./main_ball 4 0  Done                     05/15/2013 15:53:01
00652 ys2637-ib   ./main_ball 4 0  Done                     05/15/2013 15:53:01
00653 ys2637-ib   ./main_ball 4 0  Done                     05/15/2013 15:53:01
00654 ys2637-ib   ./main_ball 4 0  Done                     05/15/2013 15:53:01
00655 ys2637-ib   ./main_ball 4 0  Done                     05/15/2013 15:53:01
00641 ys2637-ib   ./main_ball 4 0  Done                     05/15/2013 15:53:01
00643 ys2637-ib   ./main_ball 4 0  Done                     05/15/2013 15:53:01
00644 ys2637-ib   ./main_ball 4 0  Done                     05/15/2013 15:53:01
00645 ys2637-ib   ./main_ball 4 0  Done                     05/15/2013 15:53:01
00624 ys2633-ib  ./main_ball 4 0   Done                     05/15/2013 15:53:01
00627 ys2633-ib   ./main_ball 4 0  Done                     05/15/2013 15:53:01
00628 ys2633-ib   ./main_ball 4 0  Done                     05/15/2013 15:53:01
00629 ys2633-ib   ./main_ball 4 0  Done                     05/15/2013 15:53:01
00626 ys2633-ib   ./main_ball 4 0  Done                     05/15/2013 15:53:01
00630 ys2633-ib   ./main_ball 4 0  Done                     05/15/2013 15:53:01
00631 ys2633-ib   ./main_ball 4 0  Done                     05/15/2013 15:53:01
00632 ys2633-ib   ./main_ball 4 0  Done                     05/15/2013 15:53:01
00633 ys2633-ib   ./main_ball 4 0  Done                     05/15/2013 15:53:01
00634 ys2633-ib   ./main_ball 4 0  Done                     05/15/2013 15:53:01
00635 ys2633-ib   ./main_ball 4 0  Done                     05/15/2013 15:53:01
00636 ys2633-ib   ./main_ball 4 0  Done                     05/15/2013 15:53:01
00637 ys2633-ib   ./main_ball 4 0  Done                     05/15/2013 15:53:01
00638 ys2633-ib   ./main_ball 4 0  Done                     05/15/2013 15:53:01
00639 ys2633-ib   ./main_ball 4 0  Done                     05/15/2013 15:53:01
00625 ys2633-ib   ./main_ball 4 0  Done                     05/15/2013 15:53:01
00608 ys2631-ib  ./main_ball 4 0   Done                     05/15/2013 15:53:01
00610 ys2631-ib   ./main_ball 4 0  Done                     05/15/2013 15:53:01
00609 ys2631-ib   ./main_ball 4 0  Done                     05/15/2013 15:53:01
00611 ys2631-ib   ./main_ball 4 0  Done                     05/15/2013 15:53:01
00612 ys2631-ib   ./main_ball 4 0  Done                     05/15/2013 15:53:01
00613 ys2631-ib   ./main_ball 4 0  Done                     05/15/2013 15:53:01
00614 ys2631-ib   ./main_ball 4 0  Done                     05/15/2013 15:53:01
00615 ys2631-ib   ./main_ball 4 0  Done                     05/15/2013 15:53:01
00616 ys2631-ib   ./main_ball 4 0  Done                     05/15/2013 15:53:01
00617 ys2631-ib   ./main_ball 4 0  Done                     05/15/2013 15:53:01
00618 ys2631-ib   ./main_ball 4 0  Done                     05/15/2013 15:53:01
00620 ys2631-ib   ./main_ball 4 0  Done                     05/15/2013 15:53:01
00619 ys2631-ib   ./main_ball 4 0  Done                     05/15/2013 15:53:01
00621 ys2631-ib   ./main_ball 4 0  Done                     05/15/2013 15:53:01
00622 ys2631-ib   ./main_ball 4 0  Done                     05/15/2013 15:53:01
00623 ys2631-ib   ./main_ball 4 0  Done                     05/15/2013 15:53:01
00592 ys2628-ib  ./main_ball 4 0   Done                     05/15/2013 15:53:01
00594 ys2628-ib   ./main_ball 4 0  Done                     05/15/2013 15:53:01
00598 ys2628-ib   ./main_ball 4 0  Done                     05/15/2013 15:53:01
00599 ys2628-ib   ./main_ball 4 0  Done                     05/15/2013 15:53:01
00600 ys2628-ib   ./main_ball 4 0  Done                     05/15/2013 15:53:01
00601 ys2628-ib   ./main_ball 4 0  Done                     05/15/2013 15:53:01
00602 ys2628-ib   ./main_ball 4 0  Done                     05/15/2013 15:53:01
00603 ys2628-ib   ./main_ball 4 0  Done                     05/15/2013 15:53:01
00593 ys2628-ib   ./main_ball 4 0  Done                     05/15/2013 15:53:01
00604 ys2628-ib   ./main_ball 4 0  Done                     05/15/2013 15:53:01
00605 ys2628-ib   ./main_ball 4 0  Done                     05/15/2013 15:53:01
00595 ys2628-ib   ./main_ball 4 0  Done                     05/15/2013 15:53:01
00606 ys2628-ib   ./main_ball 4 0  Done                     05/15/2013 15:53:01
00596 ys2628-ib   ./main_ball 4 0  Done                     05/15/2013 15:53:01
00607 ys2628-ib   ./main_ball 4 0  Done                     05/15/2013 15:53:01
00597 ys2628-ib   ./main_ball 4 0  Done                     05/15/2013 15:53:01
00576 ys2627-ib  ./main_ball 4 0   Done                     05/15/2013 15:53:01
00580 ys2627-ib   ./main_ball 4 0  Done                     05/15/2013 15:53:01
00579 ys2627-ib   ./main_ball 4 0  Done                     05/15/2013 15:53:01
00581 ys2627-ib   ./main_ball 4 0  Done                     05/15/2013 15:53:01
00582 ys2627-ib   ./main_ball 4 0  Done                     05/15/2013 15:53:01
00583 ys2627-ib   ./main_ball 4 0  Done                     05/15/2013 15:53:01
00584 ys2627-ib   ./main_ball 4 0  Done                     05/15/2013 15:53:01
00585 ys2627-ib   ./main_ball 4 0  Done                     05/15/2013 15:53:01
00586 ys2627-ib   ./main_ball 4 0  Done                     05/15/2013 15:53:01
00587 ys2627-ib   ./main_ball 4 0  Done                     05/15/2013 15:53:01
00588 ys2627-ib   ./main_ball 4 0  Done                     05/15/2013 15:53:01
00590 ys2627-ib   ./main_ball 4 0  Done                     05/15/2013 15:53:01
00589 ys2627-ib   ./main_ball 4 0  Done                     05/15/2013 15:53:01
00591 ys2627-ib   ./main_ball 4 0  Done                     05/15/2013 15:53:01
00577 ys2627-ib   ./main_ball 4 0  Done                     05/15/2013 15:53:01
00578 ys2627-ib   ./main_ball 4 0  Done                     05/15/2013 15:53:01
00560 ys2623-ib  ./main_ball 4 0   Done                     05/15/2013 15:53:01
00561 ys2623-ib   ./main_ball 4 0  Done                     05/15/2013 15:53:01
00563 ys2623-ib   ./main_ball 4 0  Done                     05/15/2013 15:53:01
00564 ys2623-ib   ./main_ball 4 0  Done                     05/15/2013 15:53:01
00565 ys2623-ib   ./main_ball 4 0  Done                     05/15/2013 15:53:01
00562 ys2623-ib   ./main_ball 4 0  Done                     05/15/2013 15:53:01
00566 ys2623-ib   ./main_ball 4 0  Done                     05/15/2013 15:53:01
00567 ys2623-ib   ./main_ball 4 0  Done                     05/15/2013 15:53:01
00568 ys2623-ib   ./main_ball 4 0  Done                     05/15/2013 15:53:01
00570 ys2623-ib   ./main_ball 4 0  Done                     05/15/2013 15:53:01
00569 ys2623-ib   ./main_ball 4 0  Done                     05/15/2013 15:53:01
00571 ys2623-ib   ./main_ball 4 0  Done                     05/15/2013 15:53:01
00572 ys2623-ib   ./main_ball 4 0  Done                     05/15/2013 15:53:01
00573 ys2623-ib   ./main_ball 4 0  Done                     05/15/2013 15:53:01
00574 ys2623-ib   ./main_ball 4 0  Done                     05/15/2013 15:53:01
00575 ys2623-ib   ./main_ball 4 0  Done                     05/15/2013 15:53:01
00544 ys2622-ib  ./main_ball 4 0   Done                     05/15/2013 15:53:01
00546 ys2622-ib   ./main_ball 4 0  Done                     05/15/2013 15:53:01
00545 ys2622-ib   ./main_ball 4 0  Done                     05/15/2013 15:53:01
00547 ys2622-ib   ./main_ball 4 0  Done                     05/15/2013 15:53:01
00548 ys2622-ib   ./main_ball 4 0  Done                     05/15/2013 15:53:01
00550 ys2622-ib   ./main_ball 4 0  Done                     05/15/2013 15:53:01
00549 ys2622-ib   ./main_ball 4 0  Done                     05/15/2013 15:53:01
00551 ys2622-ib   ./main_ball 4 0  Done                     05/15/2013 15:53:01
00552 ys2622-ib   ./main_ball 4 0  Done                     05/15/2013 15:53:01
00553 ys2622-ib   ./main_ball 4 0  Done                     05/15/2013 15:53:01
00554 ys2622-ib   ./main_ball 4 0  Done                     05/15/2013 15:53:01
00555 ys2622-ib   ./main_ball 4 0  Done                     05/15/2013 15:53:01
00556 ys2622-ib   ./main_ball 4 0  Done                     05/15/2013 15:53:01
00557 ys2622-ib   ./main_ball 4 0  Done                     05/15/2013 15:53:01
00558 ys2622-ib   ./main_ball 4 0  Done                     05/15/2013 15:53:01
00559 ys2622-ib   ./main_ball 4 0  Done                     05/15/2013 15:53:01
00528 ys2621-ib  ./main_ball 4 0   Done                     05/15/2013 15:53:01
00542 ys2621-ib   ./main_ball 4 0  Done                     05/15/2013 15:53:01
00543 ys2621-ib   ./main_ball 4 0  Done                     05/15/2013 15:53:01
00530 ys2621-ib   ./main_ball 4 0  Done                     05/15/2013 15:53:01
00529 ys2621-ib   ./main_ball 4 0  Done                     05/15/2013 15:53:01
00531 ys2621-ib   ./main_ball 4 0  Done                     05/15/2013 15:53:01
00532 ys2621-ib   ./main_ball 4 0  Done                     05/15/2013 15:53:01
00533 ys2621-ib   ./main_ball 4 0  Done                     05/15/2013 15:53:01
00534 ys2621-ib   ./main_ball 4 0  Done                     05/15/2013 15:53:01
00535 ys2621-ib   ./main_ball 4 0  Done                     05/15/2013 15:53:01
00536 ys2621-ib   ./main_ball 4 0  Done                     05/15/2013 15:53:01
00537 ys2621-ib   ./main_ball 4 0  Done                     05/15/2013 15:53:01
00538 ys2621-ib   ./main_ball 4 0  Done                     05/15/2013 15:53:01
00540 ys2621-ib   ./main_ball 4 0  Done                     05/15/2013 15:53:01
00539 ys2621-ib   ./main_ball 4 0  Done                     05/15/2013 15:53:01
00541 ys2621-ib   ./main_ball 4 0  Done                     05/15/2013 15:53:01
00512 ys2620-ib  ./main_ball 4 0   Done                     05/15/2013 15:53:01
00514 ys2620-ib   ./main_ball 4 0  Done                     05/15/2013 15:53:01
00523 ys2620-ib   ./main_ball 4 0  Done                     05/15/2013 15:53:01
00524 ys2620-ib   ./main_ball 4 0  Done                     05/15/2013 15:53:01
00525 ys2620-ib   ./main_ball 4 0  Done                     05/15/2013 15:53:01
00526 ys2620-ib   ./main_ball 4 0  Done                     05/15/2013 15:53:01
00527 ys2620-ib   ./main_ball 4 0  Done                     05/15/2013 15:53:01
00513 ys2620-ib   ./main_ball 4 0  Done                     05/15/2013 15:53:01
00515 ys2620-ib   ./main_ball 4 0  Done                     05/15/2013 15:53:01
00516 ys2620-ib   ./main_ball 4 0  Done                     05/15/2013 15:53:01
00517 ys2620-ib   ./main_ball 4 0  Done                     05/15/2013 15:53:01
00518 ys2620-ib   ./main_ball 4 0  Done                     05/15/2013 15:53:01
00520 ys2620-ib   ./main_ball 4 0  Done                     05/15/2013 15:53:01
00519 ys2620-ib   ./main_ball 4 0  Done                     05/15/2013 15:53:01
00521 ys2620-ib   ./main_ball 4 0  Done                     05/15/2013 15:53:01
00522 ys2620-ib   ./main_ball 4 0  Done                     05/15/2013 15:53:01
00496 ys2612-ib  ./main_ball 4 0   Done                     05/15/2013 15:53:01
00504 ys2612-ib   ./main_ball 4 0  Done                     05/15/2013 15:53:01
00505 ys2612-ib   ./main_ball 4 0  Done                     05/15/2013 15:53:01
00506 ys2612-ib   ./main_ball 4 0  Done                     05/15/2013 15:53:01
00507 ys2612-ib   ./main_ball 4 0  Done                     05/15/2013 15:53:01
00497 ys2612-ib   ./main_ball 4 0  Done                     05/15/2013 15:53:01
00508 ys2612-ib   ./main_ball 4 0  Done                     05/15/2013 15:53:01
00498 ys2612-ib   ./main_ball 4 0  Done                     05/15/2013 15:53:01
00510 ys2612-ib   ./main_ball 4 0  Done                     05/15/2013 15:53:01
00509 ys2612-ib   ./main_ball 4 0  Done                     05/15/2013 15:53:01
00499 ys2612-ib   ./main_ball 4 0  Done                     05/15/2013 15:53:01
00511 ys2612-ib   ./main_ball 4 0  Done                     05/15/2013 15:53:01
00500 ys2612-ib   ./main_ball 4 0  Done                     05/15/2013 15:53:01
00501 ys2612-ib   ./main_ball 4 0  Done                     05/15/2013 15:53:01
00502 ys2612-ib   ./main_ball 4 0  Done                     05/15/2013 15:53:01
00503 ys2612-ib   ./main_ball 4 0  Done                     05/15/2013 15:53:01
00480 ys2611-ib  ./main_ball 4 0   Done                     05/15/2013 15:53:01
00494 ys2611-ib   ./main_ball 4 0  Done                     05/15/2013 15:53:01
00495 ys2611-ib   ./main_ball 4 0  Done                     05/15/2013 15:53:01
00481 ys2611-ib   ./main_ball 4 0  Done                     05/15/2013 15:53:01
00482 ys2611-ib   ./main_ball 4 0  Done                     05/15/2013 15:53:01
00483 ys2611-ib   ./main_ball 4 0  Done                     05/15/2013 15:53:01
00484 ys2611-ib   ./main_ball 4 0  Done                     05/15/2013 15:53:01
00485 ys2611-ib   ./main_ball 4 0  Done                     05/15/2013 15:53:01
00486 ys2611-ib   ./main_ball 4 0  Done                     05/15/2013 15:53:01
00487 ys2611-ib   ./main_ball 4 0  Done                     05/15/2013 15:53:01
00488 ys2611-ib   ./main_ball 4 0  Done                     05/15/2013 15:53:01
00490 ys2611-ib   ./main_ball 4 0  Done                     05/15/2013 15:53:01
00489 ys2611-ib   ./main_ball 4 0  Done                     05/15/2013 15:53:01
00491 ys2611-ib   ./main_ball 4 0  Done                     05/15/2013 15:53:01
00492 ys2611-ib   ./main_ball 4 0  Done                     05/15/2013 15:53:01
00493 ys2611-ib   ./main_ball 4 0  Done                     05/15/2013 15:53:01
00464 ys2609-ib  ./main_ball 4 0   Done                     05/15/2013 15:53:01
00465 ys2609-ib   ./main_ball 4 0  Done                     05/15/2013 15:53:01
00466 ys2609-ib   ./main_ball 4 0  Done                     05/15/2013 15:53:01
00468 ys2609-ib   ./main_ball 4 0  Done                     05/15/2013 15:53:01
00475 ys2609-ib   ./main_ball 4 0  Done                     05/15/2013 15:53:01
00476 ys2609-ib   ./main_ball 4 0  Done                     05/15/2013 15:53:01
00477 ys2609-ib   ./main_ball 4 0  Done                     05/15/2013 15:53:01
00478 ys2609-ib   ./main_ball 4 0  Done                     05/15/2013 15:53:01
00479 ys2609-ib   ./main_ball 4 0  Done                     05/15/2013 15:53:01
00467 ys2609-ib   ./main_ball 4 0  Done                     05/15/2013 15:53:01
00470 ys2609-ib   ./main_ball 4 0  Done                     05/15/2013 15:53:01
00469 ys2609-ib   ./main_ball 4 0  Done                     05/15/2013 15:53:01
00471 ys2609-ib   ./main_ball 4 0  Done                     05/15/2013 15:53:01
00472 ys2609-ib   ./main_ball 4 0  Done                     05/15/2013 15:53:01
00473 ys2609-ib   ./main_ball 4 0  Done                     05/15/2013 15:53:01
00474 ys2609-ib   ./main_ball 4 0  Done                     05/15/2013 15:53:01
00448 ys2608-ib  ./main_ball 4 0   Done                     05/15/2013 15:53:01
00451 ys2608-ib   ./main_ball 4 0  Done                     05/15/2013 15:53:01
00456 ys2608-ib   ./main_ball 4 0  Done                     05/15/2013 15:53:01
00457 ys2608-ib   ./main_ball 4 0  Done                     05/15/2013 15:53:01
00458 ys2608-ib   ./main_ball 4 0  Done                     05/15/2013 15:53:01
00460 ys2608-ib   ./main_ball 4 0  Done                     05/15/2013 15:53:01
00459 ys2608-ib   ./main_ball 4 0  Done                     05/15/2013 15:53:01
00461 ys2608-ib   ./main_ball 4 0  Done                     05/15/2013 15:53:01
00462 ys2608-ib   ./main_ball 4 0  Done                     05/15/2013 15:53:01
00463 ys2608-ib   ./main_ball 4 0  Done                     05/15/2013 15:53:01
00450 ys2608-ib   ./main_ball 4 0  Done                     05/15/2013 15:53:01
00449 ys2608-ib   ./main_ball 4 0  Done                     05/15/2013 15:53:01
00452 ys2608-ib   ./main_ball 4 0  Done                     05/15/2013 15:53:01
00453 ys2608-ib   ./main_ball 4 0  Done                     05/15/2013 15:53:01
00454 ys2608-ib   ./main_ball 4 0  Done                     05/15/2013 15:53:01
00455 ys2608-ib   ./main_ball 4 0  Done                     05/15/2013 15:53:01
00432 ys2607-ib  ./main_ball 4 0   Done                     05/15/2013 15:53:01
00437 ys2607-ib   ./main_ball 4 0  Done                     05/15/2013 15:53:01
00438 ys2607-ib   ./main_ball 4 0  Done                     05/15/2013 15:53:01
00440 ys2607-ib   ./main_ball 4 0  Done                     05/15/2013 15:53:01
00439 ys2607-ib   ./main_ball 4 0  Done                     05/15/2013 15:53:01
00441 ys2607-ib   ./main_ball 4 0  Done                     05/15/2013 15:53:01
00442 ys2607-ib   ./main_ball 4 0  Done                     05/15/2013 15:53:01
00443 ys2607-ib   ./main_ball 4 0  Done                     05/15/2013 15:53:01
00444 ys2607-ib   ./main_ball 4 0  Done                     05/15/2013 15:53:01
00445 ys2607-ib   ./main_ball 4 0  Done                     05/15/2013 15:53:01
00446 ys2607-ib   ./main_ball 4 0  Done                     05/15/2013 15:53:01
00447 ys2607-ib   ./main_ball 4 0  Done                     05/15/2013 15:53:01
00433 ys2607-ib   ./main_ball 4 0  Done                     05/15/2013 15:53:01
00434 ys2607-ib   ./main_ball 4 0  Done                     05/15/2013 15:53:01
00435 ys2607-ib   ./main_ball 4 0  Done                     05/15/2013 15:53:01
00436 ys2607-ib   ./main_ball 4 0  Done                     05/15/2013 15:53:01
00416 ys2606-ib  ./main_ball 4 0   Done                     05/15/2013 15:53:01
00418 ys2606-ib   ./main_ball 4 0  Done                     05/15/2013 15:53:01
00417 ys2606-ib   ./main_ball 4 0  Done                     05/15/2013 15:53:01
00420 ys2606-ib   ./main_ball 4 0  Done                     05/15/2013 15:53:01
00419 ys2606-ib   ./main_ball 4 0  Done                     05/15/2013 15:53:01
00421 ys2606-ib   ./main_ball 4 0  Done                     05/15/2013 15:53:01
00422 ys2606-ib   ./main_ball 4 0  Done                     05/15/2013 15:53:01
00423 ys2606-ib   ./main_ball 4 0  Done                     05/15/2013 15:53:01
00424 ys2606-ib   ./main_ball 4 0  Done                     05/15/2013 15:53:01
00425 ys2606-ib   ./main_ball 4 0  Done                     05/15/2013 15:53:01
00426 ys2606-ib   ./main_ball 4 0  Done                     05/15/2013 15:53:01
00427 ys2606-ib   ./main_ball 4 0  Done                     05/15/2013 15:53:01
00428 ys2606-ib   ./main_ball 4 0  Done                     05/15/2013 15:53:01
00430 ys2606-ib   ./main_ball 4 0  Done                     05/15/2013 15:53:01
00429 ys2606-ib   ./main_ball 4 0  Done                     05/15/2013 15:53:01
00431 ys2606-ib   ./main_ball 4 0  Done                     05/15/2013 15:53:01
00400 ys2601-ib  ./main_ball 4 0   Done                     05/15/2013 15:53:01
00401 ys2601-ib   ./main_ball 4 0  Done                     05/15/2013 15:53:01
00402 ys2601-ib   ./main_ball 4 0  Done                     05/15/2013 15:53:01
00403 ys2601-ib   ./main_ball 4 0  Done                     05/15/2013 15:53:01
00404 ys2601-ib   ./main_ball 4 0  Done                     05/15/2013 15:53:01
00405 ys2601-ib   ./main_ball 4 0  Done                     05/15/2013 15:53:01
00406 ys2601-ib   ./main_ball 4 0  Done                     05/15/2013 15:53:01
00407 ys2601-ib   ./main_ball 4 0  Done                     05/15/2013 15:53:01
00408 ys2601-ib   ./main_ball 4 0  Done                     05/15/2013 15:53:01
00410 ys2601-ib   ./main_ball 4 0  Done                     05/15/2013 15:53:01
00409 ys2601-ib   ./main_ball 4 0  Done                     05/15/2013 15:53:01
00411 ys2601-ib   ./main_ball 4 0  Done                     05/15/2013 15:53:01
00412 ys2601-ib   ./main_ball 4 0  Done                     05/15/2013 15:53:01
00413 ys2601-ib   ./main_ball 4 0  Done                     05/15/2013 15:53:01
00414 ys2601-ib   ./main_ball 4 0  Done                     05/15/2013 15:53:01
00415 ys2601-ib   ./main_ball 4 0  Done                     05/15/2013 15:53:01
00384 ys2572-ib  ./main_ball 4 0   Done                     05/15/2013 15:53:01
00385 ys2572-ib   ./main_ball 4 0  Done                     05/15/2013 15:53:01
00387 ys2572-ib   ./main_ball 4 0  Done                     05/15/2013 15:53:01
00390 ys2572-ib   ./main_ball 4 0  Done                     05/15/2013 15:53:01
00389 ys2572-ib   ./main_ball 4 0  Done                     05/15/2013 15:53:01
00391 ys2572-ib   ./main_ball 4 0  Done                     05/15/2013 15:53:01
00392 ys2572-ib   ./main_ball 4 0  Done                     05/15/2013 15:53:01
00393 ys2572-ib   ./main_ball 4 0  Done                     05/15/2013 15:53:01
00394 ys2572-ib   ./main_ball 4 0  Done                     05/15/2013 15:53:01
00395 ys2572-ib   ./main_ball 4 0  Done                     05/15/2013 15:53:01
00396 ys2572-ib   ./main_ball 4 0  Done                     05/15/2013 15:53:01
00397 ys2572-ib   ./main_ball 4 0  Done                     05/15/2013 15:53:01
00398 ys2572-ib   ./main_ball 4 0  Done                     05/15/2013 15:53:01
00399 ys2572-ib   ./main_ball 4 0  Done                     05/15/2013 15:53:01
00386 ys2572-ib   ./main_ball 4 0  Done                     05/15/2013 15:53:01
00388 ys2572-ib   ./main_ball 4 0  Done                     05/15/2013 15:53:01
00368 ys2571-ib  ./main_ball 4 0   Done                     05/15/2013 15:53:01
00371 ys2571-ib   ./main_ball 4 0  Done                     05/15/2013 15:53:01
00372 ys2571-ib   ./main_ball 4 0  Done                     05/15/2013 15:53:01
00373 ys2571-ib   ./main_ball 4 0  Done                     05/15/2013 15:53:01
00374 ys2571-ib   ./main_ball 4 0  Done                     05/15/2013 15:53:01
00370 ys2571-ib   ./main_ball 4 0  Done                     05/15/2013 15:53:01
00375 ys2571-ib   ./main_ball 4 0  Done                     05/15/2013 15:53:01
00376 ys2571-ib   ./main_ball 4 0  Done                     05/15/2013 15:53:01
00377 ys2571-ib   ./main_ball 4 0  Done                     05/15/2013 15:53:01
00378 ys2571-ib   ./main_ball 4 0  Done                     05/15/2013 15:53:01
00380 ys2571-ib   ./main_ball 4 0  Done                     05/15/2013 15:53:01
00379 ys2571-ib   ./main_ball 4 0  Done                     05/15/2013 15:53:01
00381 ys2571-ib   ./main_ball 4 0  Done                     05/15/2013 15:53:01
00382 ys2571-ib   ./main_ball 4 0  Done                     05/15/2013 15:53:01
00383 ys2571-ib   ./main_ball 4 0  Done                     05/15/2013 15:53:01
00369 ys2571-ib   ./main_ball 4 0  Done                     05/15/2013 15:53:01
00352 ys2570-ib  ./main_ball 4 0   Done                     05/15/2013 15:53:01
00353 ys2570-ib   ./main_ball 4 0  Done                     05/15/2013 15:53:01
00354 ys2570-ib   ./main_ball 4 0  Done                     05/15/2013 15:53:01
00355 ys2570-ib   ./main_ball 4 0  Done                     05/15/2013 15:53:01
00356 ys2570-ib   ./main_ball 4 0  Done                     05/15/2013 15:53:01
00357 ys2570-ib   ./main_ball 4 0  Done                     05/15/2013 15:53:01
00358 ys2570-ib   ./main_ball 4 0  Done                     05/15/2013 15:53:01
00360 ys2570-ib   ./main_ball 4 0  Done                     05/15/2013 15:53:01
00359 ys2570-ib   ./main_ball 4 0  Done                     05/15/2013 15:53:01
00361 ys2570-ib   ./main_ball 4 0  Done                     05/15/2013 15:53:01
00362 ys2570-ib   ./main_ball 4 0  Done                     05/15/2013 15:53:01
00363 ys2570-ib   ./main_ball 4 0  Done                     05/15/2013 15:53:01
00364 ys2570-ib   ./main_ball 4 0  Done                     05/15/2013 15:53:01
00365 ys2570-ib   ./main_ball 4 0  Done                     05/15/2013 15:53:01
00366 ys2570-ib   ./main_ball 4 0  Done                     05/15/2013 15:53:01
00367 ys2570-ib   ./main_ball 4 0  Done                     05/15/2013 15:53:01
00336 ys2569-ib  ./main_ball 4 0   Done                     05/15/2013 15:53:01
00339 ys2569-ib   ./main_ball 4 0  Done                     05/15/2013 15:53:01
00337 ys2569-ib   ./main_ball 4 0  Done                     05/15/2013 15:53:01
00338 ys2569-ib   ./main_ball 4 0  Done                     05/15/2013 15:53:01
00340 ys2569-ib   ./main_ball 4 0  Done                     05/15/2013 15:53:01
00341 ys2569-ib   ./main_ball 4 0  Done                     05/15/2013 15:53:01
00342 ys2569-ib   ./main_ball 4 0  Done                     05/15/2013 15:53:01
00343 ys2569-ib   ./main_ball 4 0  Done                     05/15/2013 15:53:01
00344 ys2569-ib   ./main_ball 4 0  Done                     05/15/2013 15:53:01
00345 ys2569-ib   ./main_ball 4 0  Done                     05/15/2013 15:53:01
00346 ys2569-ib   ./main_ball 4 0  Done                     05/15/2013 15:53:01
00347 ys2569-ib   ./main_ball 4 0  Done                     05/15/2013 15:53:01
00348 ys2569-ib   ./main_ball 4 0  Done                     05/15/2013 15:53:01
00350 ys2569-ib   ./main_ball 4 0  Done                     05/15/2013 15:53:01
00349 ys2569-ib   ./main_ball 4 0  Done                     05/15/2013 15:53:01
00351 ys2569-ib   ./main_ball 4 0  Done                     05/15/2013 15:53:01
00320 ys2568-ib  ./main_ball 4 0   Done                     05/15/2013 15:53:01
00333 ys2568-ib   ./main_ball 4 0  Done                     05/15/2013 15:53:01
00334 ys2568-ib   ./main_ball 4 0  Done                     05/15/2013 15:53:01
00335 ys2568-ib   ./main_ball 4 0  Done                     05/15/2013 15:53:01
00321 ys2568-ib   ./main_ball 4 0  Done                     05/15/2013 15:53:01
00322 ys2568-ib   ./main_ball 4 0  Done                     05/15/2013 15:53:01
00323 ys2568-ib   ./main_ball 4 0  Done                     05/15/2013 15:53:01
00324 ys2568-ib   ./main_ball 4 0  Done                     05/15/2013 15:53:01
00325 ys2568-ib   ./main_ball 4 0  Done                     05/15/2013 15:53:01
00326 ys2568-ib   ./main_ball 4 0  Done                     05/15/2013 15:53:01
00327 ys2568-ib   ./main_ball 4 0  Done                     05/15/2013 15:53:01
00328 ys2568-ib   ./main_ball 4 0  Done                     05/15/2013 15:53:01
00330 ys2568-ib   ./main_ball 4 0  Done                     05/15/2013 15:53:01
00329 ys2568-ib   ./main_ball 4 0  Done                     05/15/2013 15:53:01
00331 ys2568-ib   ./main_ball 4 0  Done                     05/15/2013 15:53:01
00332 ys2568-ib   ./main_ball 4 0  Done                     05/15/2013 15:53:01
00304 ys2567-ib  ./main_ball 4 0   Done                     05/15/2013 15:53:01
00314 ys2567-ib   ./main_ball 4 0  Done                     05/15/2013 15:53:01
00315 ys2567-ib   ./main_ball 4 0  Done                     05/15/2013 15:53:01
00316 ys2567-ib   ./main_ball 4 0  Done                     05/15/2013 15:53:01
00317 ys2567-ib   ./main_ball 4 0  Done                     05/15/2013 15:53:01
00318 ys2567-ib   ./main_ball 4 0  Done                     05/15/2013 15:53:01
00319 ys2567-ib   ./main_ball 4 0  Done                     05/15/2013 15:53:01
00305 ys2567-ib   ./main_ball 4 0  Done                     05/15/2013 15:53:01
00306 ys2567-ib   ./main_ball 4 0  Done                     05/15/2013 15:53:01
00307 ys2567-ib   ./main_ball 4 0  Done                     05/15/2013 15:53:01
00308 ys2567-ib   ./main_ball 4 0  Done                     05/15/2013 15:53:01
00310 ys2567-ib   ./main_ball 4 0  Done                     05/15/2013 15:53:01
00309 ys2567-ib   ./main_ball 4 0  Done                     05/15/2013 15:53:01
00311 ys2567-ib   ./main_ball 4 0  Done                     05/15/2013 15:53:01
00312 ys2567-ib   ./main_ball 4 0  Done                     05/15/2013 15:53:01
00313 ys2567-ib   ./main_ball 4 0  Done                     05/15/2013 15:53:01
00288 ys2503-ib  ./main_ball 4 0   Done                     05/15/2013 15:53:01
00300 ys2503-ib   ./main_ball 4 0  Done                     05/15/2013 15:53:01
00290 ys2503-ib   ./main_ball 4 0  Done                     05/15/2013 15:53:01
00289 ys2503-ib   ./main_ball 4 0  Done                     05/15/2013 15:53:01
00301 ys2503-ib   ./main_ball 4 0  Done                     05/15/2013 15:53:01
00291 ys2503-ib   ./main_ball 4 0  Done                     05/15/2013 15:53:01
00302 ys2503-ib   ./main_ball 4 0  Done                     05/15/2013 15:53:01
00292 ys2503-ib   ./main_ball 4 0  Done                     05/15/2013 15:53:01
00303 ys2503-ib   ./main_ball 4 0  Done                     05/15/2013 15:53:01
00293 ys2503-ib   ./main_ball 4 0  Done                     05/15/2013 15:53:01
00294 ys2503-ib   ./main_ball 4 0  Done                     05/15/2013 15:53:01
00295 ys2503-ib   ./main_ball 4 0  Done                     05/15/2013 15:53:01
00296 ys2503-ib   ./main_ball 4 0  Done                     05/15/2013 15:53:01
00297 ys2503-ib   ./main_ball 4 0  Done                     05/15/2013 15:53:01
00298 ys2503-ib   ./main_ball 4 0  Done                     05/15/2013 15:53:01
00299 ys2503-ib   ./main_ball 4 0  Done                     05/15/2013 15:53:01
00272 ys2502-ib  ./main_ball 4 0   Done                     05/15/2013 15:53:01
00285 ys2502-ib   ./main_ball 4 0  Done                     05/15/2013 15:53:01
00286 ys2502-ib   ./main_ball 4 0  Done                     05/15/2013 15:53:01
00287 ys2502-ib   ./main_ball 4 0  Done                     05/15/2013 15:53:01
00273 ys2502-ib   ./main_ball 4 0  Done                     05/15/2013 15:53:01
00274 ys2502-ib   ./main_ball 4 0  Done                     05/15/2013 15:53:01
00275 ys2502-ib   ./main_ball 4 0  Done                     05/15/2013 15:53:01
00276 ys2502-ib   ./main_ball 4 0  Done                     05/15/2013 15:53:01
00277 ys2502-ib   ./main_ball 4 0  Done                     05/15/2013 15:53:01
00278 ys2502-ib   ./main_ball 4 0  Done                     05/15/2013 15:53:01
00280 ys2502-ib   ./main_ball 4 0  Done                     05/15/2013 15:53:01
00279 ys2502-ib   ./main_ball 4 0  Done                     05/15/2013 15:53:01
00281 ys2502-ib   ./main_ball 4 0  Done                     05/15/2013 15:53:01
00282 ys2502-ib   ./main_ball 4 0  Done                     05/15/2013 15:53:01
00283 ys2502-ib   ./main_ball 4 0  Done                     05/15/2013 15:53:01
00284 ys2502-ib   ./main_ball 4 0  Done                     05/15/2013 15:53:01
00256 ys2501-ib  ./main_ball 4 0   Done                     05/15/2013 15:53:01
00266 ys2501-ib   ./main_ball 4 0  Done                     05/15/2013 15:53:01
00267 ys2501-ib   ./main_ball 4 0  Done                     05/15/2013 15:53:01
00268 ys2501-ib   ./main_ball 4 0  Done                     05/15/2013 15:53:01
00270 ys2501-ib   ./main_ball 4 0  Done                     05/15/2013 15:53:01
00269 ys2501-ib   ./main_ball 4 0  Done                     05/15/2013 15:53:01
00271 ys2501-ib   ./main_ball 4 0  Done                     05/15/2013 15:53:01
00257 ys2501-ib   ./main_ball 4 0  Done                     05/15/2013 15:53:01
00258 ys2501-ib   ./main_ball 4 0  Done                     05/15/2013 15:53:01
00260 ys2501-ib   ./main_ball 4 0  Done                     05/15/2013 15:53:01
00259 ys2501-ib   ./main_ball 4 0  Done                     05/15/2013 15:53:01
00261 ys2501-ib   ./main_ball 4 0  Done                     05/15/2013 15:53:01
00262 ys2501-ib   ./main_ball 4 0  Done                     05/15/2013 15:53:01
00263 ys2501-ib   ./main_ball 4 0  Done                     05/15/2013 15:53:01
00264 ys2501-ib   ./main_ball 4 0  Done                     05/15/2013 15:53:01
00265 ys2501-ib   ./main_ball 4 0  Done                     05/15/2013 15:53:01
00240 ys2472-ib  ./main_ball 4 0   Done                     05/15/2013 15:53:01
00247 ys2472-ib   ./main_ball 4 0  Done                     05/15/2013 15:53:01
00242 ys2472-ib   ./main_ball 4 0  Done                     05/15/2013 15:53:01
00244 ys2472-ib   ./main_ball 4 0  Done                     05/15/2013 15:53:01
00245 ys2472-ib   ./main_ball 4 0  Done                     05/15/2013 15:53:01
00248 ys2472-ib   ./main_ball 4 0  Done                     05/15/2013 15:53:01
00250 ys2472-ib   ./main_ball 4 0  Done                     05/15/2013 15:53:01
00249 ys2472-ib   ./main_ball 4 0  Done                     05/15/2013 15:53:01
00251 ys2472-ib   ./main_ball 4 0  Done                     05/15/2013 15:53:01
00252 ys2472-ib   ./main_ball 4 0  Done                     05/15/2013 15:53:01
00253 ys2472-ib   ./main_ball 4 0  Done                     05/15/2013 15:53:01
00254 ys2472-ib   ./main_ball 4 0  Done                     05/15/2013 15:53:01
00255 ys2472-ib   ./main_ball 4 0  Done                     05/15/2013 15:53:01
00241 ys2472-ib   ./main_ball 4 0  Done                     05/15/2013 15:53:01
00243 ys2472-ib   ./main_ball 4 0  Done                     05/15/2013 15:53:01
00246 ys2472-ib   ./main_ball 4 0  Done                     05/15/2013 15:53:01
00224 ys2471-ib  ./main_ball 4 0   Done                     05/15/2013 15:53:01
00228 ys2471-ib   ./main_ball 4 0  Done                     05/15/2013 15:53:01
00230 ys2471-ib   ./main_ball 4 0  Done                     05/15/2013 15:53:01
00229 ys2471-ib   ./main_ball 4 0  Done                     05/15/2013 15:53:01
00231 ys2471-ib   ./main_ball 4 0  Done                     05/15/2013 15:53:01
00232 ys2471-ib   ./main_ball 4 0  Done                     05/15/2013 15:53:01
00233 ys2471-ib   ./main_ball 4 0  Done                     05/15/2013 15:53:01
00234 ys2471-ib   ./main_ball 4 0  Done                     05/15/2013 15:53:01
00235 ys2471-ib   ./main_ball 4 0  Done                     05/15/2013 15:53:01
00236 ys2471-ib   ./main_ball 4 0  Done                     05/15/2013 15:53:01
00237 ys2471-ib   ./main_ball 4 0  Done                     05/15/2013 15:53:01
00238 ys2471-ib   ./main_ball 4 0  Done                     05/15/2013 15:53:01
00239 ys2471-ib   ./main_ball 4 0  Done                     05/15/2013 15:53:01
00225 ys2471-ib   ./main_ball 4 0  Done                     05/15/2013 15:53:01
00226 ys2471-ib   ./main_ball 4 0  Done                     05/15/2013 15:53:01
00227 ys2471-ib   ./main_ball 4 0  Done                     05/15/2013 15:53:01
00208 ys2461-ib  ./main_ball 4 0   Done                     05/15/2013 15:53:01
00210 ys2461-ib   ./main_ball 4 0  Done                     05/15/2013 15:53:01
00209 ys2461-ib   ./main_ball 4 0  Done                     05/15/2013 15:53:01
00211 ys2461-ib   ./main_ball 4 0  Done                     05/15/2013 15:53:01
00212 ys2461-ib   ./main_ball 4 0  Done                     05/15/2013 15:53:01
00213 ys2461-ib   ./main_ball 4 0  Done                     05/15/2013 15:53:01
00214 ys2461-ib   ./main_ball 4 0  Done                     05/15/2013 15:53:01
00215 ys2461-ib   ./main_ball 4 0  Done                     05/15/2013 15:53:01
00216 ys2461-ib   ./main_ball 4 0  Done                     05/15/2013 15:53:01
00217 ys2461-ib   ./main_ball 4 0  Done                     05/15/2013 15:53:01
00218 ys2461-ib   ./main_ball 4 0  Done                     05/15/2013 15:53:01
00220 ys2461-ib   ./main_ball 4 0  Done                     05/15/2013 15:53:01
00219 ys2461-ib   ./main_ball 4 0  Done                     05/15/2013 15:53:01
00221 ys2461-ib   ./main_ball 4 0  Done                     05/15/2013 15:53:01
00222 ys2461-ib   ./main_ball 4 0  Done                     05/15/2013 15:53:01
00223 ys2461-ib   ./main_ball 4 0  Done                     05/15/2013 15:53:01
00192 ys2460-ib  ./main_ball 4 0   Done                     05/15/2013 15:53:01
00194 ys2460-ib   ./main_ball 4 0  Done                     05/15/2013 15:53:01
00197 ys2460-ib   ./main_ball 4 0  Done                     05/15/2013 15:53:01
00198 ys2460-ib   ./main_ball 4 0  Done                     05/15/2013 15:53:01
00199 ys2460-ib   ./main_ball 4 0  Done                     05/15/2013 15:53:01
00200 ys2460-ib   ./main_ball 4 0  Done                     05/15/2013 15:53:01
00201 ys2460-ib   ./main_ball 4 0  Done                     05/15/2013 15:53:01
00202 ys2460-ib   ./main_ball 4 0  Done                     05/15/2013 15:53:01
00203 ys2460-ib   ./main_ball 4 0  Done                     05/15/2013 15:53:01
00193 ys2460-ib   ./main_ball 4 0  Done                     05/15/2013 15:53:01
00204 ys2460-ib   ./main_ball 4 0  Done                     05/15/2013 15:53:01
00205 ys2460-ib   ./main_ball 4 0  Done                     05/15/2013 15:53:01
00195 ys2460-ib   ./main_ball 4 0  Done                     05/15/2013 15:53:01
00206 ys2460-ib   ./main_ball 4 0  Done                     05/15/2013 15:53:01
00196 ys2460-ib   ./main_ball 4 0  Done                     05/15/2013 15:53:01
00207 ys2460-ib   ./main_ball 4 0  Done                     05/15/2013 15:53:01
00176 ys2459-ib  ./main_ball 4 0   Done                     05/15/2013 15:53:01
00178 ys2459-ib   ./main_ball 4 0  Done                     05/15/2013 15:53:01
00181 ys2459-ib   ./main_ball 4 0  Done                     05/15/2013 15:53:01
00182 ys2459-ib   ./main_ball 4 0  Done                     05/15/2013 15:53:01
00183 ys2459-ib   ./main_ball 4 0  Done                     05/15/2013 15:53:01
00184 ys2459-ib   ./main_ball 4 0  Done                     05/15/2013 15:53:01
00185 ys2459-ib   ./main_ball 4 0  Done                     05/15/2013 15:53:01
00186 ys2459-ib   ./main_ball 4 0  Done                     05/15/2013 15:53:01
00187 ys2459-ib   ./main_ball 4 0  Done                     05/15/2013 15:53:01
00188 ys2459-ib   ./main_ball 4 0  Done                     05/15/2013 15:53:01
00190 ys2459-ib   ./main_ball 4 0  Done                     05/15/2013 15:53:01
00189 ys2459-ib   ./main_ball 4 0  Done                     05/15/2013 15:53:01
00191 ys2459-ib   ./main_ball 4 0  Done                     05/15/2013 15:53:01
00177 ys2459-ib   ./main_ball 4 0  Done                     05/15/2013 15:53:01
00180 ys2459-ib   ./main_ball 4 0  Done                     05/15/2013 15:53:01
00179 ys2459-ib   ./main_ball 4 0  Done                     05/15/2013 15:53:01
00160 ys2458-ib  ./main_ball 4 0   Done                     05/15/2013 15:53:01
00162 ys2458-ib   ./main_ball 4 0  Done                     05/15/2013 15:53:01
00163 ys2458-ib   ./main_ball 4 0  Done                     05/15/2013 15:53:01
00164 ys2458-ib   ./main_ball 4 0  Done                     05/15/2013 15:53:01
00165 ys2458-ib   ./main_ball 4 0  Done                     05/15/2013 15:53:01
00166 ys2458-ib   ./main_ball 4 0  Done                     05/15/2013 15:53:01
00167 ys2458-ib   ./main_ball 4 0  Done                     05/15/2013 15:53:01
00168 ys2458-ib   ./main_ball 4 0  Done                     05/15/2013 15:53:01
00170 ys2458-ib   ./main_ball 4 0  Done                     05/15/2013 15:53:01
00169 ys2458-ib   ./main_ball 4 0  Done                     05/15/2013 15:53:01
00171 ys2458-ib   ./main_ball 4 0  Done                     05/15/2013 15:53:01
00172 ys2458-ib   ./main_ball 4 0  Done                     05/15/2013 15:53:01
00173 ys2458-ib   ./main_ball 4 0  Done                     05/15/2013 15:53:01
00174 ys2458-ib   ./main_ball 4 0  Done                     05/15/2013 15:53:01
00175 ys2458-ib   ./main_ball 4 0  Done                     05/15/2013 15:53:01
00161 ys2458-ib   ./main_ball 4 0  Done                     05/15/2013 15:53:01
00144 ys2455-ib  ./main_ball 4 0   Done                     05/15/2013 15:53:01
00145 ys2455-ib   ./main_ball 4 0  Done                     05/15/2013 15:53:01
00146 ys2455-ib   ./main_ball 4 0  Done                     05/15/2013 15:53:01
00147 ys2455-ib   ./main_ball 4 0  Done                     05/15/2013 15:53:01
00148 ys2455-ib   ./main_ball 4 0  Done                     05/15/2013 15:53:01
00150 ys2455-ib   ./main_ball 4 0  Done                     05/15/2013 15:53:01
00149 ys2455-ib   ./main_ball 4 0  Done                     05/15/2013 15:53:01
00151 ys2455-ib   ./main_ball 4 0  Done                     05/15/2013 15:53:01
00152 ys2455-ib   ./main_ball 4 0  Done                     05/15/2013 15:53:01
00153 ys2455-ib   ./main_ball 4 0  Done                     05/15/2013 15:53:01
00154 ys2455-ib   ./main_ball 4 0  Done                     05/15/2013 15:53:01
00155 ys2455-ib   ./main_ball 4 0  Done                     05/15/2013 15:53:01
00156 ys2455-ib   ./main_ball 4 0  Done                     05/15/2013 15:53:01
00157 ys2455-ib   ./main_ball 4 0  Done                     05/15/2013 15:53:01
00158 ys2455-ib   ./main_ball 4 0  Done                     05/15/2013 15:53:01
00159 ys2455-ib   ./main_ball 4 0  Done                     05/15/2013 15:53:01
00128 ys2454-ib  ./main_ball 4 0   Done                     05/15/2013 15:53:01
00130 ys2454-ib   ./main_ball 4 0  Done                     05/15/2013 15:53:01
00132 ys2454-ib   ./main_ball 4 0  Done                     05/15/2013 15:53:01
00143 ys2454-ib   ./main_ball 4 0  Done                     05/15/2013 15:53:01
00129 ys2454-ib   ./main_ball 4 0  Done                     05/15/2013 15:53:01
00131 ys2454-ib   ./main_ball 4 0  Done                     05/15/2013 15:53:01
00133 ys2454-ib   ./main_ball 4 0  Done                     05/15/2013 15:53:01
00134 ys2454-ib   ./main_ball 4 0  Done                     05/15/2013 15:53:01
00135 ys2454-ib   ./main_ball 4 0  Done                     05/15/2013 15:53:01
00136 ys2454-ib   ./main_ball 4 0  Done                     05/15/2013 15:53:01
00137 ys2454-ib   ./main_ball 4 0  Done                     05/15/2013 15:53:01
00138 ys2454-ib   ./main_ball 4 0  Done                     05/15/2013 15:53:01
00140 ys2454-ib   ./main_ball 4 0  Done                     05/15/2013 15:53:01
00139 ys2454-ib   ./main_ball 4 0  Done                     05/15/2013 15:53:01
00141 ys2454-ib   ./main_ball 4 0  Done                     05/15/2013 15:53:01
00142 ys2454-ib   ./main_ball 4 0  Done                     05/15/2013 15:53:01
00112 ys2452-ib  ./main_ball 4 0   Done                     05/15/2013 15:53:01
00124 ys2452-ib   ./main_ball 4 0  Done                     05/15/2013 15:53:01
00125 ys2452-ib   ./main_ball 4 0  Done                     05/15/2013 15:53:01
00126 ys2452-ib   ./main_ball 4 0  Done                     05/15/2013 15:53:01
00127 ys2452-ib   ./main_ball 4 0  Done                     05/15/2013 15:53:01
00113 ys2452-ib   ./main_ball 4 0  Done                     05/15/2013 15:53:01
00114 ys2452-ib   ./main_ball 4 0  Done                     05/15/2013 15:53:01
00115 ys2452-ib   ./main_ball 4 0  Done                     05/15/2013 15:53:01
00116 ys2452-ib   ./main_ball 4 0  Done                     05/15/2013 15:53:01
00117 ys2452-ib   ./main_ball 4 0  Done                     05/15/2013 15:53:01
00118 ys2452-ib   ./main_ball 4 0  Done                     05/15/2013 15:53:01
00120 ys2452-ib   ./main_ball 4 0  Done                     05/15/2013 15:53:01
00119 ys2452-ib   ./main_ball 4 0  Done                     05/15/2013 15:53:01
00121 ys2452-ib   ./main_ball 4 0  Done                     05/15/2013 15:53:01
00122 ys2452-ib   ./main_ball 4 0  Done                     05/15/2013 15:53:01
00123 ys2452-ib   ./main_ball 4 0  Done                     05/15/2013 15:53:01
00096 ys2451-ib  ./main_ball 4 0   Done                     05/15/2013 15:53:01
00105 ys2451-ib   ./main_ball 4 0  Done                     05/15/2013 15:53:01
00106 ys2451-ib   ./main_ball 4 0  Done                     05/15/2013 15:53:01
00107 ys2451-ib   ./main_ball 4 0  Done                     05/15/2013 15:53:01
00108 ys2451-ib   ./main_ball 4 0  Done                     05/15/2013 15:53:01
00110 ys2451-ib   ./main_ball 4 0  Done                     05/15/2013 15:53:01
00109 ys2451-ib   ./main_ball 4 0  Done                     05/15/2013 15:53:01
00111 ys2451-ib   ./main_ball 4 0  Done                     05/15/2013 15:53:01
00097 ys2451-ib   ./main_ball 4 0  Done                     05/15/2013 15:53:01
00098 ys2451-ib   ./main_ball 4 0  Done                     05/15/2013 15:53:01
00099 ys2451-ib   ./main_ball 4 0  Done                     05/15/2013 15:53:01
00100 ys2451-ib   ./main_ball 4 0  Done                     05/15/2013 15:53:01
00101 ys2451-ib   ./main_ball 4 0  Done                     05/15/2013 15:53:01
00102 ys2451-ib   ./main_ball 4 0  Done                     05/15/2013 15:53:01
00103 ys2451-ib   ./main_ball 4 0  Done                     05/15/2013 15:53:01
00104 ys2451-ib   ./main_ball 4 0  Done                     05/15/2013 15:53:01
00080 ys2450-ib  ./main_ball 4 0   Done                     05/15/2013 15:53:01
00081 ys2450-ib   ./main_ball 4 0  Done                     05/15/2013 15:53:01
00090 ys2450-ib   ./main_ball 4 0  Done                     05/15/2013 15:53:01
00089 ys2450-ib   ./main_ball 4 0  Done                     05/15/2013 15:53:01
00091 ys2450-ib   ./main_ball 4 0  Done                     05/15/2013 15:53:01
00092 ys2450-ib   ./main_ball 4 0  Done                     05/15/2013 15:53:01
00093 ys2450-ib   ./main_ball 4 0  Done                     05/15/2013 15:53:01
00094 ys2450-ib   ./main_ball 4 0  Done                     05/15/2013 15:53:01
00095 ys2450-ib   ./main_ball 4 0  Done                     05/15/2013 15:53:01
00082 ys2450-ib   ./main_ball 4 0  Done                     05/15/2013 15:53:01
00083 ys2450-ib   ./main_ball 4 0  Done                     05/15/2013 15:53:01
00084 ys2450-ib   ./main_ball 4 0  Done                     05/15/2013 15:53:01
00085 ys2450-ib   ./main_ball 4 0  Done                     05/15/2013 15:53:01
00086 ys2450-ib   ./main_ball 4 0  Done                     05/15/2013 15:53:01
00087 ys2450-ib   ./main_ball 4 0  Done                     05/15/2013 15:53:01
00088 ys2450-ib   ./main_ball 4 0  Done                     05/15/2013 15:53:01
00064 ys2448-ib  ./main_ball 4 0   Done                     05/15/2013 15:53:01
00071 ys2448-ib   ./main_ball 4 0  Done                     05/15/2013 15:53:01
00072 ys2448-ib   ./main_ball 4 0  Done                     05/15/2013 15:53:01
00073 ys2448-ib   ./main_ball 4 0  Done                     05/15/2013 15:53:01
00074 ys2448-ib   ./main_ball 4 0  Done                     05/15/2013 15:53:01
00075 ys2448-ib   ./main_ball 4 0  Done                     05/15/2013 15:53:01
00076 ys2448-ib   ./main_ball 4 0  Done                     05/15/2013 15:53:01
00077 ys2448-ib   ./main_ball 4 0  Done                     05/15/2013 15:53:01
00078 ys2448-ib   ./main_ball 4 0  Done                     05/15/2013 15:53:01
00079 ys2448-ib   ./main_ball 4 0  Done                     05/15/2013 15:53:01
00065 ys2448-ib   ./main_ball 4 0  Done                     05/15/2013 15:53:01
00066 ys2448-ib   ./main_ball 4 0  Done                     05/15/2013 15:53:01
00067 ys2448-ib   ./main_ball 4 0  Done                     05/15/2013 15:53:01
00068 ys2448-ib   ./main_ball 4 0  Done                     05/15/2013 15:53:01
00070 ys2448-ib   ./main_ball 4 0  Done                     05/15/2013 15:53:01
00069 ys2448-ib   ./main_ball 4 0  Done                     05/15/2013 15:53:01
00048 ys2447-ib  ./main_ball 4 0   Done                     05/15/2013 15:53:01
00050 ys2447-ib   ./main_ball 4 0  Done                     05/15/2013 15:53:01
00052 ys2447-ib   ./main_ball 4 0  Done                     05/15/2013 15:53:01
00053 ys2447-ib   ./main_ball 4 0  Done                     05/15/2013 15:53:01
00054 ys2447-ib   ./main_ball 4 0  Done                     05/15/2013 15:53:01
00055 ys2447-ib   ./main_ball 4 0  Done                     05/15/2013 15:53:01
00056 ys2447-ib   ./main_ball 4 0  Done                     05/15/2013 15:53:01
00057 ys2447-ib   ./main_ball 4 0  Done                     05/15/2013 15:53:01
00058 ys2447-ib   ./main_ball 4 0  Done                     05/15/2013 15:53:01
00060 ys2447-ib   ./main_ball 4 0  Done                     05/15/2013 15:53:01
00059 ys2447-ib   ./main_ball 4 0  Done                     05/15/2013 15:53:01
00061 ys2447-ib   ./main_ball 4 0  Done                     05/15/2013 15:53:01
00062 ys2447-ib   ./main_ball 4 0  Done                     05/15/2013 15:53:01
00063 ys2447-ib   ./main_ball 4 0  Done                     05/15/2013 15:53:01
00049 ys2447-ib   ./main_ball 4 0  Done                     05/15/2013 15:53:01
00051 ys2447-ib   ./main_ball 4 0  Done                     05/15/2013 15:53:01
00032 ys2422-ib  ./main_ball 4 0   Done                     05/15/2013 15:53:01
00033 ys2422-ib   ./main_ball 4 0  Done                     05/15/2013 15:53:01
00034 ys2422-ib   ./main_ball 4 0  Done                     05/15/2013 15:53:01
00035 ys2422-ib   ./main_ball 4 0  Done                     05/15/2013 15:53:01
00036 ys2422-ib   ./main_ball 4 0  Done                     05/15/2013 15:53:01
00037 ys2422-ib   ./main_ball 4 0  Done                     05/15/2013 15:53:01
00038 ys2422-ib   ./main_ball 4 0  Done                     05/15/2013 15:53:01
00040 ys2422-ib   ./main_ball 4 0  Done                     05/15/2013 15:53:01
00039 ys2422-ib   ./main_ball 4 0  Done                     05/15/2013 15:53:01
00041 ys2422-ib   ./main_ball 4 0  Done                     05/15/2013 15:53:01
00042 ys2422-ib   ./main_ball 4 0  Done                     05/15/2013 15:53:01
00043 ys2422-ib   ./main_ball 4 0  Done                     05/15/2013 15:53:01
00044 ys2422-ib   ./main_ball 4 0  Done                     05/15/2013 15:53:01
00045 ys2422-ib   ./main_ball 4 0  Done                     05/15/2013 15:53:01
00046 ys2422-ib   ./main_ball 4 0  Done                     05/15/2013 15:53:01
00047 ys2422-ib   ./main_ball 4 0  Done                     05/15/2013 15:53:01
00016 ys2265-ib  ./main_ball 4 0   Done                     05/15/2013 15:53:01
00017 ys2265-ib   ./main_ball 4 0  Done                     05/15/2013 15:53:01
00018 ys2265-ib   ./main_ball 4 0  Done                     05/15/2013 15:53:01
00020 ys2265-ib   ./main_ball 4 0  Done                     05/15/2013 15:53:01
00019 ys2265-ib   ./main_ball 4 0  Done                     05/15/2013 15:53:01
00021 ys2265-ib   ./main_ball 4 0  Done                     05/15/2013 15:53:01
00022 ys2265-ib   ./main_ball 4 0  Done                     05/15/2013 15:53:01
00023 ys2265-ib   ./main_ball 4 0  Done                     05/15/2013 15:53:01
00024 ys2265-ib   ./main_ball 4 0  Done                     05/15/2013 15:53:01
00025 ys2265-ib   ./main_ball 4 0  Done                     05/15/2013 15:53:01
00026 ys2265-ib   ./main_ball 4 0  Done                     05/15/2013 15:53:01
00027 ys2265-ib   ./main_ball 4 0  Done                     05/15/2013 15:53:01
00028 ys2265-ib   ./main_ball 4 0  Done                     05/15/2013 15:53:01
00030 ys2265-ib   ./main_ball 4 0  Done                     05/15/2013 15:53:01
00029 ys2265-ib   ./main_ball 4 0  Done                     05/15/2013 15:53:01
00031 ys2265-ib   ./main_ball 4 0  Done                     05/15/2013 15:53:01
00000 ys2264-ib  ./main_ball 4 0   Done                     05/15/2013 15:53:01
00002 ys2264-ib   ./main_ball 4 0  Done                     05/15/2013 15:53:01
00014 ys2264-ib   ./main_ball 4 0  Done                     05/15/2013 15:53:01
00003 ys2264-ib   ./main_ball 4 0  Done                     05/15/2013 15:53:01
00015 ys2264-ib   ./main_ball 4 0  Done                     05/15/2013 15:53:01
00004 ys2264-ib   ./main_ball 4 0  Done                     05/15/2013 15:53:01
00005 ys2264-ib   ./main_ball 4 0  Done                     05/15/2013 15:53:01
00006 ys2264-ib   ./main_ball 4 0  Done                     05/15/2013 15:53:01
00007 ys2264-ib   ./main_ball 4 0  Done                     05/15/2013 15:53:01
00008 ys2264-ib   ./main_ball 4 0  Done                     05/15/2013 15:53:01
00009 ys2264-ib   ./main_ball 4 0  Done                     05/15/2013 15:53:01
00010 ys2264-ib   ./main_ball 4 0  Done                     05/15/2013 15:53:01
00011 ys2264-ib   ./main_ball 4 0  Done                     05/15/2013 15:53:01
00012 ys2264-ib   ./main_ball 4 0  Done                     05/15/2013 15:53:01
00001 ys2264-ib   ./main_ball 4 0  Done                     05/15/2013 15:53:01
00013 ys2264-ib   ./main_ball 4 0  Done                     05/15/2013 15:53:01

------------------------------------------------------------
Sender: LSF System <lsfadmin@ys2264-ib>
Subject: Job 662369: <mb.1024> Done

Job <mb.1024> was submitted from host <yslogin3-ib> by user <robertk> in cluster <yellowstone>.
Job was executed on host(s) <16*ys2264-ib>, in queue <small>, as user <robertk> in cluster <yellowstone>.
                            <16*ys2265-ib>
                            <16*ys2422-ib>
                            <16*ys2447-ib>
                            <16*ys2448-ib>
                            <16*ys2450-ib>
                            <16*ys2451-ib>
                            <16*ys2452-ib>
                            <16*ys2454-ib>
                            <16*ys2455-ib>
                            <16*ys2458-ib>
                            <16*ys2459-ib>
                            <16*ys2460-ib>
                            <16*ys2461-ib>
                            <16*ys2471-ib>
                            <16*ys2472-ib>
                            <16*ys2501-ib>
                            <16*ys2502-ib>
                            <16*ys2503-ib>
                            <16*ys2567-ib>
                            <16*ys2568-ib>
                            <16*ys2569-ib>
                            <16*ys2570-ib>
                            <16*ys2571-ib>
                            <16*ys2572-ib>
                            <16*ys2601-ib>
                            <16*ys2606-ib>
                            <16*ys2607-ib>
                            <16*ys2608-ib>
                            <16*ys2609-ib>
                            <16*ys2611-ib>
                            <16*ys2612-ib>
                            <16*ys2620-ib>
                            <16*ys2621-ib>
                            <16*ys2622-ib>
                            <16*ys2623-ib>
                            <16*ys2627-ib>
                            <16*ys2628-ib>
                            <16*ys2631-ib>
                            <16*ys2633-ib>
                            <16*ys2637-ib>
                            <16*ys2638-ib>
                            <16*ys2642-ib>
                            <16*ys2645-ib>
                            <16*ys2646-ib>
                            <16*ys2652-ib>
                            <16*ys2653-ib>
                            <16*ys2655-ib>
                            <16*ys2656-ib>
                            <16*ys2657-ib>
                            <16*ys2658-ib>
                            <16*ys2669-ib>
                            <16*ys2670-ib>
                            <16*ys2671-ib>
                            <16*ys2672-ib>
                            <16*ys2701-ib>
                            <16*ys2714-ib>
                            <16*ys2732-ib>
                            <16*ys2733-ib>
                            <16*ys2734-ib>
                            <16*ys2735-ib>
                            <16*ys2736-ib>
                            <16*ys2737-ib>
                            <16*ys2738-ib>
</glade/u/home/robertk> was used as the home directory.
</glade/u/home/robertk/work/Dune/trunk/alugrid/examples> was used as the working directory.
Started at Wed May 15 15:51:38 2013
Results reported at Wed May 15 15:53:06 2013

Your job looked like:

------------------------------------------------------------
# LSBATCH: User input
#!/bin/bash
# LSF batch script to run an MPI application
#
#BSUB -P P86850055           # project code
#BSUB -W 00:30               # wall-clock time (hrs:mins)
#BSUB -n 1024              # number of tasks in job
#BSUB -R span[ptile=16]    # run 16 MPI tasks per node
#BSUB -J mb.1024            # job name
#BSUB -o ./out/mb.1024.%J.out  # output file name 
#BSUB -e ./err/mb.1024.%J.err  # error file name
#BSUB -q small             # queue
#run the executable
mpirun.lsf ./main_ball 4 0 3 none

------------------------------------------------------------

Successfully completed.

Resource usage summary:

    CPU time   :  74291.48 sec.
    Max Memory :       179 MB
    Max Swap   :      3065 MB

    Max Processes  :         7
    Max Threads    :        77

The output (if any) is above this job summary.



PS:

Read file <./err/mb.1024.662369.err> for stderr output of this job.

