Caught DGFException on creation of SGrid, trying default DGF method!

Created parallel ALUGrid<3,3,cube,nonconforming> from macro grid file ''. 

globalRefine: 0
elements = 7322127 (56720,57670,1.01675)   maxLevel = 3   step = 12   time = 0.108   dt = 0.009
elements = 7211940 (55917,56842,1.01654)   maxLevel = 3   step = 23   time = 0.207   dt = 0.009
elements = 7157865 (55455,56430,1.01758)   maxLevel = 3   step = 34   time = 0.306   dt = 0.009
elements = 7326908 (56774,57701,1.01633)   maxLevel = 3   step = 45   time = 0.405   dt = 0.009
elements = 7058689 (54726,55599,1.01595)   maxLevel = 3   step = 56   time = 0.504   dt = 0.009
elements = 7315435 (56654,57660,1.01776)   maxLevel = 3   step = 67   time = 0.603   dt = 0.009
elements = 7207999 (55803,56810,1.01805)   maxLevel = 3   step = 78   time = 0.702   dt = 0.009
elements = 7125532 (55194,56142,1.01718)   maxLevel = 3   step = 89   time = 0.801   dt = 0.009
elements = 7306251 (56629,57588,1.01693)   maxLevel = 3   step = 100   time = 0.9   dt = 0.009
elements = 7049673 (54615,55465,1.01556)   maxLevel = 3   step = 112   time = 1.008   dt = 0.009
U2 max: 0.39  min: 0.35
U3 max: 0.02  min: 0
U4 max: 78.88  min: 60.44
U5 max: 11.12  min: 4.82
U6 max: 0.01  min: 0
U7 max: 51.35  min: 38.4
U8 max: 84.19  min: 71.28
Program finished: CPU time = 210.985 sec.
Job  /ncar/opt/lsf/8.3/linux2.6-glibc2.3-x86_64/bin/poejob ./main_ball 4 0 3 none

TID   HOST_NAME   COMMAND_LINE            STATUS            TERMINATION_TIME
===== ========== ================  =======================  ===================
00112 ys1770-ib  ./main_ball 4 0   Done                     05/15/2013 15:55:17
00114 ys1770-ib   ./main_ball 4 0  Done                     05/15/2013 15:55:17
00116 ys1770-ib   ./main_ball 4 0  Done                     05/15/2013 15:55:17
00124 ys1770-ib   ./main_ball 4 0  Done                     05/15/2013 15:55:17
00125 ys1770-ib   ./main_ball 4 0  Done                     05/15/2013 15:55:17
00126 ys1770-ib   ./main_ball 4 0  Done                     05/15/2013 15:55:17
00127 ys1770-ib   ./main_ball 4 0  Done                     05/15/2013 15:55:17
00113 ys1770-ib   ./main_ball 4 0  Done                     05/15/2013 15:55:17
00115 ys1770-ib   ./main_ball 4 0  Done                     05/15/2013 15:55:17
00117 ys1770-ib   ./main_ball 4 0  Done                     05/15/2013 15:55:17
00118 ys1770-ib   ./main_ball 4 0  Done                     05/15/2013 15:55:17
00120 ys1770-ib   ./main_ball 4 0  Done                     05/15/2013 15:55:17
00119 ys1770-ib   ./main_ball 4 0  Done                     05/15/2013 15:55:17
00121 ys1770-ib   ./main_ball 4 0  Done                     05/15/2013 15:55:17
00122 ys1770-ib   ./main_ball 4 0  Done                     05/15/2013 15:55:17
00123 ys1770-ib   ./main_ball 4 0  Done                     05/15/2013 15:55:17
00096 ys1769-ib  ./main_ball 4 0   Done                     05/15/2013 15:55:17
00105 ys1769-ib   ./main_ball 4 0  Done                     05/15/2013 15:55:17
00106 ys1769-ib   ./main_ball 4 0  Done                     05/15/2013 15:55:17
00107 ys1769-ib   ./main_ball 4 0  Done                     05/15/2013 15:55:17
00108 ys1769-ib   ./main_ball 4 0  Done                     05/15/2013 15:55:17
00110 ys1769-ib   ./main_ball 4 0  Done                     05/15/2013 15:55:17
00109 ys1769-ib   ./main_ball 4 0  Done                     05/15/2013 15:55:17
00111 ys1769-ib   ./main_ball 4 0  Done                     05/15/2013 15:55:17
00097 ys1769-ib   ./main_ball 4 0  Done                     05/15/2013 15:55:17
00098 ys1769-ib   ./main_ball 4 0  Done                     05/15/2013 15:55:17
00099 ys1769-ib   ./main_ball 4 0  Done                     05/15/2013 15:55:17
00100 ys1769-ib   ./main_ball 4 0  Done                     05/15/2013 15:55:17
00101 ys1769-ib   ./main_ball 4 0  Done                     05/15/2013 15:55:17
00102 ys1769-ib   ./main_ball 4 0  Done                     05/15/2013 15:55:17
00103 ys1769-ib   ./main_ball 4 0  Done                     05/15/2013 15:55:17
00104 ys1769-ib   ./main_ball 4 0  Done                     05/15/2013 15:55:17
00080 ys1765-ib  ./main_ball 4 0   Done                     05/15/2013 15:55:17
00090 ys1765-ib   ./main_ball 4 0  Done                     05/15/2013 15:55:17
00089 ys1765-ib   ./main_ball 4 0  Done                     05/15/2013 15:55:17
00091 ys1765-ib   ./main_ball 4 0  Done                     05/15/2013 15:55:17
00092 ys1765-ib   ./main_ball 4 0  Done                     05/15/2013 15:55:17
00093 ys1765-ib   ./main_ball 4 0  Done                     05/15/2013 15:55:17
00094 ys1765-ib   ./main_ball 4 0  Done                     05/15/2013 15:55:17
00095 ys1765-ib   ./main_ball 4 0  Done                     05/15/2013 15:55:17
00081 ys1765-ib   ./main_ball 4 0  Done                     05/15/2013 15:55:17
00082 ys1765-ib   ./main_ball 4 0  Done                     05/15/2013 15:55:17
00083 ys1765-ib   ./main_ball 4 0  Done                     05/15/2013 15:55:17
00084 ys1765-ib   ./main_ball 4 0  Done                     05/15/2013 15:55:17
00085 ys1765-ib   ./main_ball 4 0  Done                     05/15/2013 15:55:17
00086 ys1765-ib   ./main_ball 4 0  Done                     05/15/2013 15:55:17
00087 ys1765-ib   ./main_ball 4 0  Done                     05/15/2013 15:55:17
00088 ys1765-ib   ./main_ball 4 0  Done                     05/15/2013 15:55:17
00064 ys1764-ib  ./main_ball 4 0   Done                     05/15/2013 15:55:17
00071 ys1764-ib   ./main_ball 4 0  Done                     05/15/2013 15:55:17
00072 ys1764-ib   ./main_ball 4 0  Done                     05/15/2013 15:55:17
00073 ys1764-ib   ./main_ball 4 0  Done                     05/15/2013 15:55:17
00074 ys1764-ib   ./main_ball 4 0  Done                     05/15/2013 15:55:17
00075 ys1764-ib   ./main_ball 4 0  Done                     05/15/2013 15:55:17
00076 ys1764-ib   ./main_ball 4 0  Done                     05/15/2013 15:55:17
00077 ys1764-ib   ./main_ball 4 0  Done                     05/15/2013 15:55:17
00078 ys1764-ib   ./main_ball 4 0  Done                     05/15/2013 15:55:17
00079 ys1764-ib   ./main_ball 4 0  Done                     05/15/2013 15:55:17
00065 ys1764-ib   ./main_ball 4 0  Done                     05/15/2013 15:55:17
00066 ys1764-ib   ./main_ball 4 0  Done                     05/15/2013 15:55:17
00067 ys1764-ib   ./main_ball 4 0  Done                     05/15/2013 15:55:17
00068 ys1764-ib   ./main_ball 4 0  Done                     05/15/2013 15:55:17
00070 ys1764-ib   ./main_ball 4 0  Done                     05/15/2013 15:55:17
00069 ys1764-ib   ./main_ball 4 0  Done                     05/15/2013 15:55:17
00048 ys1763-ib  ./main_ball 4 0   Done                     05/15/2013 15:55:17
00052 ys1763-ib   ./main_ball 4 0  Done                     05/15/2013 15:55:17
00053 ys1763-ib   ./main_ball 4 0  Done                     05/15/2013 15:55:17
00054 ys1763-ib   ./main_ball 4 0  Done                     05/15/2013 15:55:17
00055 ys1763-ib   ./main_ball 4 0  Done                     05/15/2013 15:55:17
00056 ys1763-ib   ./main_ball 4 0  Done                     05/15/2013 15:55:17
00057 ys1763-ib   ./main_ball 4 0  Done                     05/15/2013 15:55:17
00058 ys1763-ib   ./main_ball 4 0  Done                     05/15/2013 15:55:17
00060 ys1763-ib   ./main_ball 4 0  Done                     05/15/2013 15:55:17
00059 ys1763-ib   ./main_ball 4 0  Done                     05/15/2013 15:55:17
00061 ys1763-ib   ./main_ball 4 0  Done                     05/15/2013 15:55:17
00062 ys1763-ib   ./main_ball 4 0  Done                     05/15/2013 15:55:17
00063 ys1763-ib   ./main_ball 4 0  Done                     05/15/2013 15:55:17
00050 ys1763-ib   ./main_ball 4 0  Done                     05/15/2013 15:55:17
00049 ys1763-ib   ./main_ball 4 0  Done                     05/15/2013 15:55:17
00051 ys1763-ib   ./main_ball 4 0  Done                     05/15/2013 15:55:17
00032 ys1762-ib  ./main_ball 4 0   Done                     05/15/2013 15:55:17
00033 ys1762-ib   ./main_ball 4 0  Done                     05/15/2013 15:55:17
00034 ys1762-ib   ./main_ball 4 0  Done                     05/15/2013 15:55:17
00035 ys1762-ib   ./main_ball 4 0  Done                     05/15/2013 15:55:17
00036 ys1762-ib   ./main_ball 4 0  Done                     05/15/2013 15:55:17
00037 ys1762-ib   ./main_ball 4 0  Done                     05/15/2013 15:55:17
00038 ys1762-ib   ./main_ball 4 0  Done                     05/15/2013 15:55:17
00040 ys1762-ib   ./main_ball 4 0  Done                     05/15/2013 15:55:17
00039 ys1762-ib   ./main_ball 4 0  Done                     05/15/2013 15:55:17
00041 ys1762-ib   ./main_ball 4 0  Done                     05/15/2013 15:55:17
00042 ys1762-ib   ./main_ball 4 0  Done                     05/15/2013 15:55:17
00043 ys1762-ib   ./main_ball 4 0  Done                     05/15/2013 15:55:17
00044 ys1762-ib   ./main_ball 4 0  Done                     05/15/2013 15:55:17
00045 ys1762-ib   ./main_ball 4 0  Done                     05/15/2013 15:55:17
00046 ys1762-ib   ./main_ball 4 0  Done                     05/15/2013 15:55:17
00047 ys1762-ib   ./main_ball 4 0  Done                     05/15/2013 15:55:17
00016 ys1761-ib  ./main_ball 4 0   Done                     05/15/2013 15:55:17
00017 ys1761-ib   ./main_ball 4 0  Done                     05/15/2013 15:55:17
00018 ys1761-ib   ./main_ball 4 0  Done                     05/15/2013 15:55:17
00020 ys1761-ib   ./main_ball 4 0  Done                     05/15/2013 15:55:17
00019 ys1761-ib   ./main_ball 4 0  Done                     05/15/2013 15:55:17
00021 ys1761-ib   ./main_ball 4 0  Done                     05/15/2013 15:55:17
00022 ys1761-ib   ./main_ball 4 0  Done                     05/15/2013 15:55:17
00023 ys1761-ib   ./main_ball 4 0  Done                     05/15/2013 15:55:17
00024 ys1761-ib   ./main_ball 4 0  Done                     05/15/2013 15:55:17
00025 ys1761-ib   ./main_ball 4 0  Done                     05/15/2013 15:55:17
00026 ys1761-ib   ./main_ball 4 0  Done                     05/15/2013 15:55:17
00027 ys1761-ib   ./main_ball 4 0  Done                     05/15/2013 15:55:17
00028 ys1761-ib   ./main_ball 4 0  Done                     05/15/2013 15:55:17
00030 ys1761-ib   ./main_ball 4 0  Done                     05/15/2013 15:55:17
00029 ys1761-ib   ./main_ball 4 0  Done                     05/15/2013 15:55:17
00031 ys1761-ib   ./main_ball 4 0  Done                     05/15/2013 15:55:17
00000 ys1760-ib  ./main_ball 4 0   Done                     05/15/2013 15:55:17
00003 ys1760-ib   ./main_ball 4 0  Done                     05/15/2013 15:55:17
00001 ys1760-ib   ./main_ball 4 0  Done                     05/15/2013 15:55:17
00002 ys1760-ib   ./main_ball 4 0  Done                     05/15/2013 15:55:17
00014 ys1760-ib   ./main_ball 4 0  Done                     05/15/2013 15:55:17
00015 ys1760-ib   ./main_ball 4 0  Done                     05/15/2013 15:55:17
00004 ys1760-ib   ./main_ball 4 0  Done                     05/15/2013 15:55:17
00005 ys1760-ib   ./main_ball 4 0  Done                     05/15/2013 15:55:17
00006 ys1760-ib   ./main_ball 4 0  Done                     05/15/2013 15:55:17
00007 ys1760-ib   ./main_ball 4 0  Done                     05/15/2013 15:55:17
00008 ys1760-ib   ./main_ball 4 0  Done                     05/15/2013 15:55:17
00009 ys1760-ib   ./main_ball 4 0  Done                     05/15/2013 15:55:17
00010 ys1760-ib   ./main_ball 4 0  Done                     05/15/2013 15:55:17
00011 ys1760-ib   ./main_ball 4 0  Done                     05/15/2013 15:55:17
00012 ys1760-ib   ./main_ball 4 0  Done                     05/15/2013 15:55:17
00013 ys1760-ib   ./main_ball 4 0  Done                     05/15/2013 15:55:17

------------------------------------------------------------
Sender: LSF System <lsfadmin@ys1760-ib>
Subject: Job 662366: <mb.128> Done

Job <mb.128> was submitted from host <yslogin3-ib> by user <robertk> in cluster <yellowstone>.
Job was executed on host(s) <16*ys1760-ib>, in queue <small>, as user <robertk> in cluster <yellowstone>.
                            <16*ys1761-ib>
                            <16*ys1762-ib>
                            <16*ys1763-ib>
                            <16*ys1764-ib>
                            <16*ys1765-ib>
                            <16*ys1769-ib>
                            <16*ys1770-ib>
</glade/u/home/robertk> was used as the home directory.
</glade/u/home/robertk/work/Dune/trunk/alugrid/examples> was used as the working directory.
Started at Wed May 15 15:51:38 2013
Results reported at Wed May 15 15:55:22 2013

Your job looked like:

------------------------------------------------------------
# LSBATCH: User input
#!/bin/bash
# LSF batch script to run an MPI application
#
#BSUB -P P86850055           # project code
#BSUB -W 00:30               # wall-clock time (hrs:mins)
#BSUB -n 128              # number of tasks in job
#BSUB -R span[ptile=16]    # run 16 MPI tasks per node
#BSUB -J mb.128            # job name
#BSUB -o ./out/mb.128.%J.out  # output file name 
#BSUB -e ./err/mb.128.%J.err  # error file name
#BSUB -q small             # queue
#run the executable
mpirun.lsf ./main_ball 4 0 3 none

------------------------------------------------------------

Successfully completed.

Resource usage summary:

    CPU time   :  27147.02 sec.
    Max Memory :       152 MB
    Max Swap   :      1407 MB

    Max Processes  :         7
    Max Threads    :        29

The output (if any) is above this job summary.



PS:

Read file <./err/mb.128.662366.err> for stderr output of this job.

