Execute poe command line: poe  ./main_ball 4 0 3 none
Caught DGFException on creation of SGrid, trying default DGF method!

Created parallel ALUGrid<3,3,cube,nonconforming> from macro grid file ''. 

globalRefine: 0
elements = 7323359 (28104,29108,1.03572)   maxLevel = 3   step = 12   time = 0.108   dt = 0.009
elements = 7211765 (27710,28616,1.0327)   maxLevel = 3   step = 23   time = 0.207   dt = 0.009
elements = 7161617 (27501,28462,1.03494)   maxLevel = 3   step = 34   time = 0.306   dt = 0.009
elements = 7330457 (28191,29103,1.03235)   maxLevel = 3   step = 45   time = 0.405   dt = 0.009
elements = 7065864 (27129,28085,1.03524)   maxLevel = 3   step = 56   time = 0.504   dt = 0.009
elements = 7318074 (28097,29062,1.03435)   maxLevel = 3   step = 67   time = 0.603   dt = 0.009
elements = 7208888 (27656,28654,1.03609)   maxLevel = 3   step = 78   time = 0.702   dt = 0.009
elements = 7127793 (27355,28327,1.03553)   maxLevel = 3   step = 89   time = 0.801   dt = 0.009
elements = 7308561 (28055,28960,1.03226)   maxLevel = 3   step = 100   time = 0.9   dt = 0.009
elements = 7051892 (27050,28003,1.03523)   maxLevel = 3   step = 112   time = 1.008   dt = 0.009
U2 max: 0.72  min: 0.44
U3 max: 0.02  min: 0
U4 max: 35.21  min: 23.03
U5 max: 0.78  min: 0.1
U6 max: 34.61  min: 28.67
U7 max: 0.84  min: 0
U8 max: 40.55  min: 30.86
Program finished: CPU time = 98.959 sec.

------------------------------------------------------------
Sender: LSF System <lsfadmin@ys5711-ib>
Subject: Job 920995: <mb.256> in cluster <yellowstone> Done

Job <mb.256> was submitted from host <yslogin3-ib> by user <robertk> in cluster <yellowstone>.
Job was executed on host(s) <16*ys5711-ib>, in queue <small>, as user <robertk> in cluster <yellowstone>.
                            <16*ys5712-ib>
                            <16*ys5733-ib>
                            <16*ys5734-ib>
                            <16*ys5735-ib>
                            <16*ys5736-ib>
                            <16*ys5737-ib>
                            <16*ys5738-ib>
                            <16*ys5739-ib>
                            <16*ys5740-ib>
                            <16*ys5741-ib>
                            <16*ys5742-ib>
                            <16*ys5743-ib>
                            <16*ys5759-ib>
                            <16*ys5970-ib>
                            <16*ys6001-ib>
</glade/u/home/robertk> was used as the home directory.
</glade/u/home/robertk/work/Dune/trunk/alugrid/examples> was used as the working directory.
Started at Wed Feb 19 19:31:16 2014
Results reported at Wed Feb 19 19:33:52 2014

Your job looked like:

------------------------------------------------------------
# LSBATCH: User input
#!/bin/bash
# LSF batch script to run an MPI application
#
#BSUB -P P86850055           # project code
#BSUB -W 00:30               # wall-clock time (hrs:mins)
#BSUB -n 256              # number of tasks in job
#BSUB -R span[ptile=16]    # run 16 MPI tasks per node
#BSUB -J mb.256            # job name
#BSUB -o ./out/mb.256.%J.out  # output file name 
#BSUB -e ./err/mb.256.%J.err  # error file name
#BSUB -q small             # queue
#run the executable
export MP_CSS_INTERRUPT=yes
export MP_EAGER_LIMIT=4194305
export MP_EAGER_LIMIT_LOCAL=4194305
mpirun.lsf ./main_ball 4 0 3 none

------------------------------------------------------------

Successfully completed.

Resource usage summary:

    CPU time :               32586.00 sec.
    Max Memory :             35309 MB
    Average Memory :         3072.25 MB
    Total Requested Memory : -
    Delta Memory :           -
    (Delta: the difference between total requested memory and actual max usage.)
    Max Processes :          38
    Max Threads :            403

The output (if any) is above this job summary.



PS:

Read file <./err/mb.256.920995.err> for stderr output of this job.

