Execute poe command line: poe  ./main_ball 4 0 3 none
Caught DGFException on creation of SGrid, trying default DGF method!

Created parallel ALUGrid<3,3,cube,nonconforming> from macro grid file ''. 

globalRefine: 0
elements = 7328049 (3072,4068,1.32422)   maxLevel = 3   step = 12   time = 0.108   dt = 0.009
elements = 7218086 (3024,4017,1.32837)   maxLevel = 3   step = 23   time = 0.207   dt = 0.009
elements = 7169541 (3007,4001,1.33056)   maxLevel = 3   step = 34   time = 0.306   dt = 0.009
elements = 7335210 (3072,4089,1.33105)   maxLevel = 3   step = 45   time = 0.405   dt = 0.009
elements = 7069917 (2960,3957,1.33682)   maxLevel = 3   step = 56   time = 0.504   dt = 0.009
elements = 7328812 (3072,4078,1.32747)   maxLevel = 3   step = 67   time = 0.603   dt = 0.009
elements = 7216448 (3019,4009,1.32792)   maxLevel = 3   step = 78   time = 0.702   dt = 0.009
elements = 7131720 (3003,3984,1.32667)   maxLevel = 3   step = 89   time = 0.801   dt = 0.009
elements = 7317829 (3063,4068,1.32811)   maxLevel = 3   step = 100   time = 0.9   dt = 0.009
elements = 7051255 (2953,3942,1.33491)   maxLevel = 3   step = 112   time = 1.008   dt = 0.009
U2 max: 0.83  min: 0.47
U3 max: 0.03  min: 0
U4 max: 11.36  min: 3.34
U5 max: 0.17  min: 0
U6 max: 24.66  min: 18.67
U7 max: 0.31  min: 0
U8 max: 12.55  min: 5.98
Program finished: CPU time = 46.176 sec.

------------------------------------------------------------
Sender: LSF System <lsfadmin@ys0102-ib>
Subject: Job 920998: <mb.2048> in cluster <yellowstone> Done

Job <mb.2048> was submitted from host <yslogin3-ib> by user <robertk> in cluster <yellowstone>.
Job was executed on host(s) <16*ys0102-ib>, in queue <small>, as user <robertk> in cluster <yellowstone>.
                            <16*ys0126-ib>
                            <16*ys0127-ib>
                            <16*ys0144-ib>
                            <16*ys0145-ib>
                            <16*ys0153-ib>
                            <16*ys0164-ib>
                            <16*ys0254-ib>
                            <16*ys0257-ib>
                            <16*ys0401-ib>
                            <16*ys0570-ib>
                            <16*ys0743-ib>
                            <16*ys1411-ib>
                            <16*ys1412-ib>
                            <16*ys1425-ib>
                            <16*ys1466-ib>
                            <16*ys1467-ib>
                            <16*ys1468-ib>
                            <16*ys1506-ib>
                            <16*ys1510-ib>
                            <16*ys1511-ib>
                            <16*ys1512-ib>
                            <16*ys1516-ib>
                            <16*ys1519-ib>
                            <16*ys2105-ib>
                            <16*ys2108-ib>
                            <16*ys2125-ib>
                            <16*ys2126-ib>
                            <16*ys2127-ib>
                            <16*ys2128-ib>
                            <16*ys2129-ib>
                            <16*ys2130-ib>
                            <16*ys2132-ib>
                            <16*ys2133-ib>
                            <16*ys2134-ib>
                            <16*ys2135-ib>
                            <16*ys2136-ib>
                            <16*ys2137-ib>
                            <16*ys3417-ib>
                            <16*ys5027-ib>
                            <16*ys5028-ib>
                            <16*ys5029-ib>
                            <16*ys5030-ib>
                            <16*ys5031-ib>
                            <16*ys5032-ib>
                            <16*ys5033-ib>
                            <16*ys5034-ib>
                            <16*ys5035-ib>
                            <16*ys5036-ib>
                            <16*ys5144-ib>
                            <16*ys5145-ib>
                            <16*ys5146-ib>
                            <16*ys5147-ib>
                            <16*ys5148-ib>
                            <16*ys5149-ib>
                            <16*ys5150-ib>
                            <16*ys5161-ib>
                            <16*ys5162-ib>
                            <16*ys5167-ib>
                            <16*ys5168-ib>
                            <16*ys5169-ib>
                            <16*ys5170-ib>
                            <16*ys5171-ib>
                            <16*ys5172-ib>
                            <16*ys5201-ib>
                            <16*ys5202-ib>
                            <16*ys5203-ib>
                            <16*ys5204-ib>
                            <16*ys5205-ib>
                            <16*ys5206-ib>
                            <16*ys5207-ib>
                            <16*ys5208-ib>
                            <16*ys5209-ib>
                            <16*ys5210-ib>
                            <16*ys5211-ib>
                            <16*ys5212-ib>
                            <16*ys5213-ib>
                            <16*ys5214-ib>
                            <16*ys5215-ib>
                            <16*ys5216-ib>
                            <16*ys5217-ib>
                            <16*ys5218-ib>
                            <16*ys5219-ib>
                            <16*ys5220-ib>
                            <16*ys5221-ib>
                            <16*ys5222-ib>
                            <16*ys5223-ib>
                            <16*ys5224-ib>
                            <16*ys5225-ib>
                            <16*ys5711-ib>
                            <16*ys5712-ib>
                            <16*ys5733-ib>
                            <16*ys5734-ib>
                            <16*ys5735-ib>
                            <16*ys5736-ib>
                            <16*ys5737-ib>
                            <16*ys5738-ib>
                            <16*ys5739-ib>
                            <16*ys5740-ib>
                            <16*ys5741-ib>
                            <16*ys5742-ib>
                            <16*ys5743-ib>
                            <16*ys5759-ib>
                            <16*ys5837-ib>
                            <16*ys5970-ib>
                            <16*ys6001-ib>
                            <16*ys6305-ib>
                            <16*ys6306-ib>
                            <16*ys6307-ib>
                            <16*ys6308-ib>
                            <16*ys6309-ib>
                            <16*ys6310-ib>
                            <16*ys6311-ib>
                            <16*ys6315-ib>
                            <16*ys6316-ib>
                            <16*ys6317-ib>
                            <16*ys6318-ib>
                            <16*ys6319-ib>
                            <16*ys6339-ib>
                            <16*ys6344-ib>
                            <16*ys6345-ib>
                            <16*ys6346-ib>
                            <16*ys6347-ib>
                            <16*ys6348-ib>
                            <16*ys6349-ib>
                            <16*ys6357-ib>
                            <16*ys6362-ib>
                            <16*ys6367-ib>
</glade/u/home/robertk> was used as the home directory.
</glade/u/home/robertk/work/Dune/trunk/alugrid/examples> was used as the working directory.
Started at Wed Feb 19 19:34:17 2014
Results reported at Wed Feb 19 19:35:23 2014

Your job looked like:

------------------------------------------------------------
# LSBATCH: User input
#!/bin/bash
# LSF batch script to run an MPI application
#
#BSUB -P P86850055           # project code
#BSUB -W 00:30               # wall-clock time (hrs:mins)
#BSUB -n 2048              # number of tasks in job
#BSUB -R span[ptile=16]    # run 16 MPI tasks per node
#BSUB -J mb.2048            # job name
#BSUB -o ./out/mb.2048.%J.out  # output file name 
#BSUB -e ./err/mb.2048.%J.err  # error file name
#BSUB -q small             # queue
#run the executable
export MP_CSS_INTERRUPT=yes
export MP_EAGER_LIMIT=4194305
export MP_EAGER_LIMIT_LOCAL=4194305
mpirun.lsf ./main_ball 4 0 3 none

------------------------------------------------------------

Successfully completed.

Resource usage summary:

    CPU time :               118565.00 sec.
    Max Memory :             2809 MB
    Average Memory :         1419.00 MB
    Total Requested Memory : -
    Delta Memory :           -
    (Delta: the difference between total requested memory and actual max usage.)
    Max Processes :          35
    Max Threads :            265

The output (if any) is above this job summary.



PS:

Read file <./err/mb.2048.920998.err> for stderr output of this job.

