Execute poe command line: poe  ./main_ball 4 0 3 none
Caught DGFException on creation of SGrid, trying default DGF method!

Created parallel ALUGrid<3,3,cube,nonconforming> from macro grid file ''. 

globalRefine: 0
elements = 7315246 (228197,229052,1.00375)   maxLevel = 3   step = 12   time = 0.108   dt = 0.009
elements = 7203680 (224651,225523,1.00388)   maxLevel = 3   step = 23   time = 0.207   dt = 0.009
elements = 7158376 (223229,224057,1.00371)   maxLevel = 3   step = 34   time = 0.306   dt = 0.009
elements = 7317696 (228239,229112,1.00382)   maxLevel = 3   step = 45   time = 0.405   dt = 0.009
elements = 7051325 (219854,220699,1.00384)   maxLevel = 3   step = 56   time = 0.504   dt = 0.009
elements = 7309597 (228009,228789,1.00342)   maxLevel = 3   step = 67   time = 0.603   dt = 0.009
elements = 7206172 (224869,225619,1.00334)   maxLevel = 3   step = 78   time = 0.702   dt = 0.009
elements = 7122977 (222107,223094,1.00444)   maxLevel = 3   step = 89   time = 0.801   dt = 0.009
elements = 7305565 (227846,228715,1.00381)   maxLevel = 3   step = 100   time = 0.9   dt = 0.009
elements = 7044052 (219667,220558,1.00406)   maxLevel = 3   step = 112   time = 1.008   dt = 0.009
U2 max: 0.68  min: 0.44
U3 max: 0.02  min: 0
U4 max: 96.85  min: 65.9
U5 max: 3.88  min: 1.57
U6 max: 119.54  min: 88.67
U7 max: 1.98  min: 0.12
U8 max: 100.27  min: 71.29
Program finished: CPU time = 333.165 sec.

------------------------------------------------------------
Sender: LSF System <lsfadmin@ys4657-ib>
Subject: Job 920992: <mb.32> in cluster <yellowstone> Done

Job <mb.32> was submitted from host <yslogin3-ib> by user <robertk> in cluster <yellowstone>.
Job was executed on host(s) <16*ys4657-ib>, in queue <small>, as user <robertk> in cluster <yellowstone>.
                            <16*ys5026-ib>
</glade/u/home/robertk> was used as the home directory.
</glade/u/home/robertk/work/Dune/trunk/alugrid/examples> was used as the working directory.
Started at Wed Feb 19 19:31:16 2014
Results reported at Wed Feb 19 19:38:31 2014

Your job looked like:

------------------------------------------------------------
# LSBATCH: User input
#!/bin/bash
# LSF batch script to run an MPI application
#
#BSUB -P P86850055           # project code
#BSUB -W 00:30               # wall-clock time (hrs:mins)
#BSUB -n 32              # number of tasks in job
#BSUB -R span[ptile=16]    # run 16 MPI tasks per node
#BSUB -J mb.32            # job name
#BSUB -o ./out/mb.32.%J.out  # output file name 
#BSUB -e ./err/mb.32.%J.err  # error file name
#BSUB -q small             # queue
#run the executable
export MP_CSS_INTERRUPT=yes
export MP_EAGER_LIMIT=4194305
export MP_EAGER_LIMIT_LOCAL=4194305
mpirun.lsf ./main_ball 4 0 3 none

------------------------------------------------------------

Successfully completed.

Resource usage summary:

    CPU time :               19006.00 sec.
    Max Memory :             19509 MB
    Average Memory :         14701.31 MB
    Total Requested Memory : -
    Delta Memory :           -
    (Delta: the difference between total requested memory and actual max usage.)
    Max Processes :          38
    Max Threads :            375

The output (if any) is above this job summary.



PS:

Read file <./err/mb.32.920992.err> for stderr output of this job.

