Caught DGFException on creation of SGrid, trying default DGF method!

Created parallel ALUGrid<3,3,cube,nonconforming> from macro grid file ''. 

globalRefine: 0
elements = 7314938 (228123,228988,1.00379)   maxLevel = 3   step = 12   time = 0.108   dt = 0.009
elements = 7203722 (224702,225523,1.00365)   maxLevel = 3   step = 23   time = 0.207   dt = 0.009
elements = 7158376 (223229,224057,1.00371)   maxLevel = 3   step = 34   time = 0.306   dt = 0.009
elements = 7317696 (228239,229112,1.00382)   maxLevel = 3   step = 45   time = 0.405   dt = 0.009
elements = 7051325 (219854,220699,1.00384)   maxLevel = 3   step = 56   time = 0.504   dt = 0.009
elements = 7309597 (228009,228789,1.00342)   maxLevel = 3   step = 67   time = 0.603   dt = 0.009
elements = 7206172 (224869,225619,1.00334)   maxLevel = 3   step = 78   time = 0.702   dt = 0.009
elements = 7122977 (222107,223094,1.00444)   maxLevel = 3   step = 89   time = 0.801   dt = 0.009
elements = 7305565 (227846,228715,1.00381)   maxLevel = 3   step = 100   time = 0.9   dt = 0.009
elements = 7044052 (219667,220558,1.00406)   maxLevel = 3   step = 112   time = 1.008   dt = 0.009
U2 max: 0.37  min: 0.36
U3 max: 0.02  min: 0
U4 max: 135.33  min: 105.08
U5 max: 27  min: 12.73
U6 max: 0  min: 0
U7 max: 114.57  min: 85.16
U8 max: 138.66  min: 108.84
Program finished: CPU time = 466.554 sec.
Job  /ncar/opt/lsf/8.3/linux2.6-glibc2.3-x86_64/bin/poejob ./main_ball 4 0 3 none

TID   HOST_NAME   COMMAND_LINE            STATUS            TERMINATION_TIME
===== ========== ================  =======================  ===================
00016 ys1753-ib  ./main_ball 4 0   Done                     05/15/2013 15:59:34
00017 ys1753-ib   ./main_ball 4 0  Done                     05/15/2013 15:59:34
00018 ys1753-ib   ./main_ball 4 0  Done                     05/15/2013 15:59:34
00020 ys1753-ib   ./main_ball 4 0  Done                     05/15/2013 15:59:34
00019 ys1753-ib   ./main_ball 4 0  Done                     05/15/2013 15:59:34
00021 ys1753-ib   ./main_ball 4 0  Done                     05/15/2013 15:59:34
00022 ys1753-ib   ./main_ball 4 0  Done                     05/15/2013 15:59:34
00023 ys1753-ib   ./main_ball 4 0  Done                     05/15/2013 15:59:34
00026 ys1753-ib   ./main_ball 4 0  Done                     05/15/2013 15:59:34
00029 ys1753-ib   ./main_ball 4 0  Done                     05/15/2013 15:59:33
00024 ys1753-ib   ./main_ball 4 0  Done                     05/15/2013 15:59:34
00025 ys1753-ib   ./main_ball 4 0  Done                     05/15/2013 15:59:33
00027 ys1753-ib   ./main_ball 4 0  Done                     05/15/2013 15:59:34
00028 ys1753-ib   ./main_ball 4 0  Done                     05/15/2013 15:59:33
00030 ys1753-ib   ./main_ball 4 0  Done                     05/15/2013 15:59:33
00031 ys1753-ib   ./main_ball 4 0  Done                     05/15/2013 15:59:34
00000 ys1752-ib  ./main_ball 4 0   Done                     05/15/2013 15:59:34
00001 ys1752-ib   ./main_ball 4 0  Done                     05/15/2013 15:59:33
00014 ys1752-ib   ./main_ball 4 0  Done                     05/15/2013 15:59:34
00003 ys1752-ib   ./main_ball 4 0  Done                     05/15/2013 15:59:34
00015 ys1752-ib   ./main_ball 4 0  Done                     05/15/2013 15:59:34
00004 ys1752-ib   ./main_ball 4 0  Done                     05/15/2013 15:59:34
00005 ys1752-ib   ./main_ball 4 0  Done                     05/15/2013 15:59:33
00006 ys1752-ib   ./main_ball 4 0  Done                     05/15/2013 15:59:33
00007 ys1752-ib   ./main_ball 4 0  Done                     05/15/2013 15:59:33
00008 ys1752-ib   ./main_ball 4 0  Done                     05/15/2013 15:59:34
00009 ys1752-ib   ./main_ball 4 0  Done                     05/15/2013 15:59:34
00010 ys1752-ib   ./main_ball 4 0  Done                     05/15/2013 15:59:33
00011 ys1752-ib   ./main_ball 4 0  Done                     05/15/2013 15:59:34
00012 ys1752-ib   ./main_ball 4 0  Done                     05/15/2013 15:59:34
00013 ys1752-ib   ./main_ball 4 0  Done                     05/15/2013 15:59:34
00002 ys1752-ib   ./main_ball 4 0  Done                     05/15/2013 15:59:34

------------------------------------------------------------
Sender: LSF System <lsfadmin@ys1752-ib>
Subject: Job 662364: <mb.32> Done

Job <mb.32> was submitted from host <yslogin3-ib> by user <robertk> in cluster <yellowstone>.
Job was executed on host(s) <16*ys1752-ib>, in queue <small>, as user <robertk> in cluster <yellowstone>.
                            <16*ys1753-ib>
</glade/u/home/robertk> was used as the home directory.
</glade/u/home/robertk/work/Dune/trunk/alugrid/examples> was used as the working directory.
Started at Wed May 15 15:51:38 2013
Results reported at Wed May 15 15:59:38 2013

Your job looked like:

------------------------------------------------------------
# LSBATCH: User input
#!/bin/bash
# LSF batch script to run an MPI application
#
#BSUB -P P86850055           # project code
#BSUB -W 00:30               # wall-clock time (hrs:mins)
#BSUB -n 32              # number of tasks in job
#BSUB -R span[ptile=16]    # run 16 MPI tasks per node
#BSUB -J mb.32            # job name
#BSUB -o ./out/mb.32.%J.out  # output file name 
#BSUB -e ./err/mb.32.%J.err  # error file name
#BSUB -q small             # queue
#run the executable
mpirun.lsf ./main_ball 4 0 3 none

------------------------------------------------------------

Successfully completed.

Resource usage summary:

    CPU time   :  14978.72 sec.
    Max Memory :     17757 MB
    Max Swap   :     38569 MB

    Max Processes  :        39
    Max Threads    :       401

The output (if any) is above this job summary.



PS:

Read file <./err/mb.32.662364.err> for stderr output of this job.

