Execute poe command line: poe  ./main_ball 4 0 3 none
Caught DGFException on creation of SGrid, trying default DGF method!

Created parallel ALUGrid<3,3,cube,nonconforming> from macro grid file ''. 

globalRefine: 0
elements = 7325970 (13817,14816,1.0723)   maxLevel = 3   step = 12   time = 0.108   dt = 0.009
elements = 7212801 (13601,14575,1.07161)   maxLevel = 3   step = 23   time = 0.207   dt = 0.009
elements = 7161372 (13489,14458,1.07184)   maxLevel = 3   step = 34   time = 0.306   dt = 0.009
elements = 7332382 (13824,14813,1.07154)   maxLevel = 3   step = 45   time = 0.405   dt = 0.009
elements = 7063582 (13305,14290,1.07403)   maxLevel = 3   step = 56   time = 0.504   dt = 0.009
elements = 7320496 (13810,14792,1.07111)   maxLevel = 3   step = 67   time = 0.603   dt = 0.009
elements = 7212045 (13600,14570,1.07132)   maxLevel = 3   step = 78   time = 0.702   dt = 0.009
elements = 7128129 (13433,14411,1.07281)   maxLevel = 3   step = 89   time = 0.801   dt = 0.009
elements = 7311011 (13783,14770,1.07161)   maxLevel = 3   step = 100   time = 0.9   dt = 0.009
elements = 7053859 (13298,14253,1.07182)   maxLevel = 3   step = 112   time = 1.008   dt = 0.009
U2 max: 0.99  min: 0.45
U3 max: 0.03  min: 0
U4 max: 21.25  min: 12.58
U5 max: 0.5  min: 0.01
U6 max: 26.8  min: 22.19
U7 max: 0.58  min: 0
U8 max: 25.58  min: 18.26
Program finished: CPU time = 68.6226 sec.

------------------------------------------------------------
Sender: LSF System <lsfadmin@ys0102-ib>
Subject: Job 920996: <mb.512> in cluster <yellowstone> Done

Job <mb.512> was submitted from host <yslogin3-ib> by user <robertk> in cluster <yellowstone>.
Job was executed on host(s) <16*ys0102-ib>, in queue <small>, as user <robertk> in cluster <yellowstone>.
                            <16*ys0126-ib>
                            <16*ys0144-ib>
                            <16*ys0145-ib>
                            <16*ys0153-ib>
                            <16*ys0254-ib>
                            <16*ys0257-ib>
                            <16*ys0570-ib>
                            <16*ys3417-ib>
                            <16*ys5027-ib>
                            <16*ys5028-ib>
                            <16*ys5029-ib>
                            <16*ys5030-ib>
                            <16*ys5031-ib>
                            <16*ys5032-ib>
                            <16*ys5033-ib>
                            <16*ys5034-ib>
                            <16*ys5035-ib>
                            <16*ys5036-ib>
                            <16*ys5837-ib>
                            <16*ys6305-ib>
                            <16*ys6306-ib>
                            <16*ys6307-ib>
                            <16*ys6308-ib>
                            <16*ys6309-ib>
                            <16*ys6310-ib>
                            <16*ys6311-ib>
                            <16*ys6315-ib>
                            <16*ys6316-ib>
                            <16*ys6317-ib>
                            <16*ys6318-ib>
                            <16*ys6319-ib>
</glade/u/home/robertk> was used as the home directory.
</glade/u/home/robertk/work/Dune/trunk/alugrid/examples> was used as the working directory.
Started at Wed Feb 19 19:31:43 2014
Results reported at Wed Feb 19 19:33:44 2014

Your job looked like:

------------------------------------------------------------
# LSBATCH: User input
#!/bin/bash
# LSF batch script to run an MPI application
#
#BSUB -P P86850055           # project code
#BSUB -W 00:30               # wall-clock time (hrs:mins)
#BSUB -n 512              # number of tasks in job
#BSUB -R span[ptile=16]    # run 16 MPI tasks per node
#BSUB -J mb.512            # job name
#BSUB -o ./out/mb.512.%J.out  # output file name 
#BSUB -e ./err/mb.512.%J.err  # error file name
#BSUB -q small             # queue
#run the executable
export MP_CSS_INTERRUPT=yes
export MP_EAGER_LIMIT=4194305
export MP_EAGER_LIMIT_LOCAL=4194305
mpirun.lsf ./main_ball 4 0 3 none

------------------------------------------------------------

Successfully completed.

Resource usage summary:

    CPU time :               52664.87 sec.
    Max Memory :             59542 MB
    Average Memory :         2109.00 MB
    Total Requested Memory : -
    Delta Memory :           -
    (Delta: the difference between total requested memory and actual max usage.)
    Max Processes :          548
    Max Threads :            5865

The output (if any) is above this job summary.



PS:

Read file <./err/mb.512.920996.err> for stderr output of this job.

