Caught DGFException on creation of SGrid, trying default DGF method!

Created parallel ALUGrid<3,3,cube,nonconforming> from macro grid file ''. 

globalRefine: 0
elements = 7325970 (13817,14816,1.0723)   maxLevel = 3   step = 12   time = 0.108   dt = 0.009
elements = 7212801 (13601,14575,1.07161)   maxLevel = 3   step = 23   time = 0.207   dt = 0.009
elements = 7161372 (13489,14458,1.07184)   maxLevel = 3   step = 34   time = 0.306   dt = 0.009
elements = 7332382 (13824,14813,1.07154)   maxLevel = 3   step = 45   time = 0.405   dt = 0.009
elements = 7063582 (13305,14290,1.07403)   maxLevel = 3   step = 56   time = 0.504   dt = 0.009
elements = 7320496 (13810,14792,1.07111)   maxLevel = 3   step = 67   time = 0.603   dt = 0.009
elements = 7212045 (13600,14570,1.07132)   maxLevel = 3   step = 78   time = 0.702   dt = 0.009
elements = 7128129 (13433,14411,1.07281)   maxLevel = 3   step = 89   time = 0.801   dt = 0.009
elements = 7311011 (13783,14770,1.07161)   maxLevel = 3   step = 100   time = 0.9   dt = 0.009
elements = 7053859 (13298,14253,1.07182)   maxLevel = 3   step = 112   time = 1.008   dt = 0.009
U2 max: 0.39  min: 0.34
U3 max: 0.02  min: 0
U4 max: 30.59  min: 14.28
U5 max: 4.11  min: 1.74
U6 max: 0.01  min: 0
U7 max: 27.8  min: 20.39
U8 max: 34.09  min: 23.27
Program finished: CPU time = 94.6066 sec.
Job  /ncar/opt/lsf/8.3/linux2.6-glibc2.3-x86_64/bin/poejob ./main_ball 4 0 3 none

TID   HOST_NAME   COMMAND_LINE            STATUS            TERMINATION_TIME
===== ========== ================  =======================  ===================
00496 ys2263-ib  ./main_ball 4 0   Done                     05/15/2013 15:53:22
00504 ys2263-ib   ./main_ball 4 0  Done                     05/15/2013 15:53:22
00505 ys2263-ib   ./main_ball 4 0  Done                     05/15/2013 15:53:22
00506 ys2263-ib   ./main_ball 4 0  Done                     05/15/2013 15:53:22
00507 ys2263-ib   ./main_ball 4 0  Done                     05/15/2013 15:53:22
00497 ys2263-ib   ./main_ball 4 0  Done                     05/15/2013 15:53:22
00508 ys2263-ib   ./main_ball 4 0  Done                     05/15/2013 15:53:22
00498 ys2263-ib   ./main_ball 4 0  Done                     05/15/2013 15:53:22
00510 ys2263-ib   ./main_ball 4 0  Done                     05/15/2013 15:53:22
00509 ys2263-ib   ./main_ball 4 0  Done                     05/15/2013 15:53:22
00499 ys2263-ib   ./main_ball 4 0  Done                     05/15/2013 15:53:22
00511 ys2263-ib   ./main_ball 4 0  Done                     05/15/2013 15:53:22
00500 ys2263-ib   ./main_ball 4 0  Done                     05/15/2013 15:53:22
00501 ys2263-ib   ./main_ball 4 0  Done                     05/15/2013 15:53:22
00502 ys2263-ib   ./main_ball 4 0  Done                     05/15/2013 15:53:22
00503 ys2263-ib   ./main_ball 4 0  Done                     05/15/2013 15:53:22
00480 ys2262-ib  ./main_ball 4 0   Done                     05/15/2013 15:53:22
00481 ys2262-ib   ./main_ball 4 0  Done                     05/15/2013 15:53:22
00494 ys2262-ib   ./main_ball 4 0  Done                     05/15/2013 15:53:22
00495 ys2262-ib   ./main_ball 4 0  Done                     05/15/2013 15:53:22
00482 ys2262-ib   ./main_ball 4 0  Done                     05/15/2013 15:53:22
00483 ys2262-ib   ./main_ball 4 0  Done                     05/15/2013 15:53:22
00484 ys2262-ib   ./main_ball 4 0  Done                     05/15/2013 15:53:22
00485 ys2262-ib   ./main_ball 4 0  Done                     05/15/2013 15:53:22
00486 ys2262-ib   ./main_ball 4 0  Done                     05/15/2013 15:53:22
00487 ys2262-ib   ./main_ball 4 0  Done                     05/15/2013 15:53:22
00488 ys2262-ib   ./main_ball 4 0  Done                     05/15/2013 15:53:22
00490 ys2262-ib   ./main_ball 4 0  Done                     05/15/2013 15:53:22
00489 ys2262-ib   ./main_ball 4 0  Done                     05/15/2013 15:53:22
00491 ys2262-ib   ./main_ball 4 0  Done                     05/15/2013 15:53:22
00492 ys2262-ib   ./main_ball 4 0  Done                     05/15/2013 15:53:22
00493 ys2262-ib   ./main_ball 4 0  Done                     05/15/2013 15:53:22
00464 ys2261-ib  ./main_ball 4 0   Done                     05/15/2013 15:53:22
00475 ys2261-ib   ./main_ball 4 0  Done                     05/15/2013 15:53:22
00476 ys2261-ib   ./main_ball 4 0  Done                     05/15/2013 15:53:22
00477 ys2261-ib   ./main_ball 4 0  Done                     05/15/2013 15:53:22
00478 ys2261-ib   ./main_ball 4 0  Done                     05/15/2013 15:53:22
00479 ys2261-ib   ./main_ball 4 0  Done                     05/15/2013 15:53:22
00465 ys2261-ib   ./main_ball 4 0  Done                     05/15/2013 15:53:22
00466 ys2261-ib   ./main_ball 4 0  Done                     05/15/2013 15:53:22
00467 ys2261-ib   ./main_ball 4 0  Done                     05/15/2013 15:53:22
00468 ys2261-ib   ./main_ball 4 0  Done                     05/15/2013 15:53:22
00470 ys2261-ib   ./main_ball 4 0  Done                     05/15/2013 15:53:22
00469 ys2261-ib   ./main_ball 4 0  Done                     05/15/2013 15:53:22
00471 ys2261-ib   ./main_ball 4 0  Done                     05/15/2013 15:53:22
00472 ys2261-ib   ./main_ball 4 0  Done                     05/15/2013 15:53:22
00473 ys2261-ib   ./main_ball 4 0  Done                     05/15/2013 15:53:22
00474 ys2261-ib   ./main_ball 4 0  Done                     05/15/2013 15:53:22
00448 ys2260-ib  ./main_ball 4 0   Done                     05/15/2013 15:53:22
00456 ys2260-ib   ./main_ball 4 0  Done                     05/15/2013 15:53:22
00457 ys2260-ib   ./main_ball 4 0  Done                     05/15/2013 15:53:22
00458 ys2260-ib   ./main_ball 4 0  Done                     05/15/2013 15:53:22
00460 ys2260-ib   ./main_ball 4 0  Done                     05/15/2013 15:53:22
00459 ys2260-ib   ./main_ball 4 0  Done                     05/15/2013 15:53:22
00461 ys2260-ib   ./main_ball 4 0  Done                     05/15/2013 15:53:22
00462 ys2260-ib   ./main_ball 4 0  Done                     05/15/2013 15:53:22
00463 ys2260-ib   ./main_ball 4 0  Done                     05/15/2013 15:53:22
00450 ys2260-ib   ./main_ball 4 0  Done                     05/15/2013 15:53:22
00449 ys2260-ib   ./main_ball 4 0  Done                     05/15/2013 15:53:22
00451 ys2260-ib   ./main_ball 4 0  Done                     05/15/2013 15:53:22
00452 ys2260-ib   ./main_ball 4 0  Done                     05/15/2013 15:53:22
00453 ys2260-ib   ./main_ball 4 0  Done                     05/15/2013 15:53:22
00454 ys2260-ib   ./main_ball 4 0  Done                     05/15/2013 15:53:22
00455 ys2260-ib   ./main_ball 4 0  Done                     05/15/2013 15:53:22
00432 ys2259-ib  ./main_ball 4 0   Done                     05/15/2013 15:53:22
00437 ys2259-ib   ./main_ball 4 0  Done                     05/15/2013 15:53:22
00438 ys2259-ib   ./main_ball 4 0  Done                     05/15/2013 15:53:22
00440 ys2259-ib   ./main_ball 4 0  Done                     05/15/2013 15:53:22
00439 ys2259-ib   ./main_ball 4 0  Done                     05/15/2013 15:53:22
00441 ys2259-ib   ./main_ball 4 0  Done                     05/15/2013 15:53:22
00442 ys2259-ib   ./main_ball 4 0  Done                     05/15/2013 15:53:22
00443 ys2259-ib   ./main_ball 4 0  Done                     05/15/2013 15:53:22
00444 ys2259-ib   ./main_ball 4 0  Done                     05/15/2013 15:53:22
00445 ys2259-ib   ./main_ball 4 0  Done                     05/15/2013 15:53:22
00446 ys2259-ib   ./main_ball 4 0  Done                     05/15/2013 15:53:22
00447 ys2259-ib   ./main_ball 4 0  Done                     05/15/2013 15:53:22
00433 ys2259-ib   ./main_ball 4 0  Done                     05/15/2013 15:53:22
00434 ys2259-ib   ./main_ball 4 0  Done                     05/15/2013 15:53:22
00435 ys2259-ib   ./main_ball 4 0  Done                     05/15/2013 15:53:22
00436 ys2259-ib   ./main_ball 4 0  Done                     05/15/2013 15:53:22
00416 ys2226-ib  ./main_ball 4 0   Done                     05/15/2013 15:53:22
00417 ys2226-ib   ./main_ball 4 0  Done                     05/15/2013 15:53:22
00418 ys2226-ib   ./main_ball 4 0  Done                     05/15/2013 15:53:22
00420 ys2226-ib   ./main_ball 4 0  Done                     05/15/2013 15:53:22
00419 ys2226-ib   ./main_ball 4 0  Done                     05/15/2013 15:53:22
00421 ys2226-ib   ./main_ball 4 0  Done                     05/15/2013 15:53:22
00422 ys2226-ib   ./main_ball 4 0  Done                     05/15/2013 15:53:22
00423 ys2226-ib   ./main_ball 4 0  Done                     05/15/2013 15:53:22
00424 ys2226-ib   ./main_ball 4 0  Done                     05/15/2013 15:53:22
00425 ys2226-ib   ./main_ball 4 0  Done                     05/15/2013 15:53:22
00426 ys2226-ib   ./main_ball 4 0  Done                     05/15/2013 15:53:22
00427 ys2226-ib   ./main_ball 4 0  Done                     05/15/2013 15:53:22
00428 ys2226-ib   ./main_ball 4 0  Done                     05/15/2013 15:53:22
00430 ys2226-ib   ./main_ball 4 0  Done                     05/15/2013 15:53:22
00429 ys2226-ib   ./main_ball 4 0  Done                     05/15/2013 15:53:22
00431 ys2226-ib   ./main_ball 4 0  Done                     05/15/2013 15:53:22
00400 ys2224-ib  ./main_ball 4 0   Done                     05/15/2013 15:53:22
00402 ys2224-ib   ./main_ball 4 0  Done                     05/15/2013 15:53:22
00403 ys2224-ib   ./main_ball 4 0  Done                     05/15/2013 15:53:22
00405 ys2224-ib   ./main_ball 4 0  Done                     05/15/2013 15:53:22
00401 ys2224-ib   ./main_ball 4 0  Done                     05/15/2013 15:53:22
00404 ys2224-ib   ./main_ball 4 0  Done                     05/15/2013 15:53:22
00406 ys2224-ib   ./main_ball 4 0  Done                     05/15/2013 15:53:22
00407 ys2224-ib   ./main_ball 4 0  Done                     05/15/2013 15:53:22
00408 ys2224-ib   ./main_ball 4 0  Done                     05/15/2013 15:53:22
00410 ys2224-ib   ./main_ball 4 0  Done                     05/15/2013 15:53:22
00409 ys2224-ib   ./main_ball 4 0  Done                     05/15/2013 15:53:22
00411 ys2224-ib   ./main_ball 4 0  Done                     05/15/2013 15:53:22
00412 ys2224-ib   ./main_ball 4 0  Done                     05/15/2013 15:53:22
00413 ys2224-ib   ./main_ball 4 0  Done                     05/15/2013 15:53:22
00414 ys2224-ib   ./main_ball 4 0  Done                     05/15/2013 15:53:22
00415 ys2224-ib   ./main_ball 4 0  Done                     05/15/2013 15:53:22
00384 ys2222-ib  ./main_ball 4 0   Done                     05/15/2013 15:53:22
00390 ys2222-ib   ./main_ball 4 0  Done                     05/15/2013 15:53:22
00389 ys2222-ib   ./main_ball 4 0  Done                     05/15/2013 15:53:22
00391 ys2222-ib   ./main_ball 4 0  Done                     05/15/2013 15:53:22
00392 ys2222-ib   ./main_ball 4 0  Done                     05/15/2013 15:53:22
00393 ys2222-ib   ./main_ball 4 0  Done                     05/15/2013 15:53:22
00394 ys2222-ib   ./main_ball 4 0  Done                     05/15/2013 15:53:22
00395 ys2222-ib   ./main_ball 4 0  Done                     05/15/2013 15:53:22
00396 ys2222-ib   ./main_ball 4 0  Done                     05/15/2013 15:53:22
00397 ys2222-ib   ./main_ball 4 0  Done                     05/15/2013 15:53:22
00398 ys2222-ib   ./main_ball 4 0  Done                     05/15/2013 15:53:22
00399 ys2222-ib   ./main_ball 4 0  Done                     05/15/2013 15:53:22
00385 ys2222-ib   ./main_ball 4 0  Done                     05/15/2013 15:53:22
00386 ys2222-ib   ./main_ball 4 0  Done                     05/15/2013 15:53:22
00387 ys2222-ib   ./main_ball 4 0  Done                     05/15/2013 15:53:22
00388 ys2222-ib   ./main_ball 4 0  Done                     05/15/2013 15:53:22
00368 ys2221-ib  ./main_ball 4 0   Done                     05/15/2013 15:53:22
00371 ys2221-ib   ./main_ball 4 0  Done                     05/15/2013 15:53:22
00372 ys2221-ib   ./main_ball 4 0  Done                     05/15/2013 15:53:22
00373 ys2221-ib   ./main_ball 4 0  Done                     05/15/2013 15:53:22
00374 ys2221-ib   ./main_ball 4 0  Done                     05/15/2013 15:53:22
00375 ys2221-ib   ./main_ball 4 0  Done                     05/15/2013 15:53:22
00376 ys2221-ib   ./main_ball 4 0  Done                     05/15/2013 15:53:22
00377 ys2221-ib   ./main_ball 4 0  Done                     05/15/2013 15:53:22
00378 ys2221-ib   ./main_ball 4 0  Done                     05/15/2013 15:53:22
00380 ys2221-ib   ./main_ball 4 0  Done                     05/15/2013 15:53:22
00379 ys2221-ib   ./main_ball 4 0  Done                     05/15/2013 15:53:22
00381 ys2221-ib   ./main_ball 4 0  Done                     05/15/2013 15:53:22
00382 ys2221-ib   ./main_ball 4 0  Done                     05/15/2013 15:53:22
00383 ys2221-ib   ./main_ball 4 0  Done                     05/15/2013 15:53:22
00370 ys2221-ib   ./main_ball 4 0  Done                     05/15/2013 15:53:22
00369 ys2221-ib   ./main_ball 4 0  Done                     05/15/2013 15:53:22
00352 ys2057-ib  ./main_ball 4 0   Done                     05/15/2013 15:53:22
00353 ys2057-ib   ./main_ball 4 0  Done                     05/15/2013 15:53:22
00354 ys2057-ib   ./main_ball 4 0  Done                     05/15/2013 15:53:22
00355 ys2057-ib   ./main_ball 4 0  Done                     05/15/2013 15:53:22
00356 ys2057-ib   ./main_ball 4 0  Done                     05/15/2013 15:53:22
00357 ys2057-ib   ./main_ball 4 0  Done                     05/15/2013 15:53:22
00358 ys2057-ib   ./main_ball 4 0  Done                     05/15/2013 15:53:22
00360 ys2057-ib   ./main_ball 4 0  Done                     05/15/2013 15:53:22
00359 ys2057-ib   ./main_ball 4 0  Done                     05/15/2013 15:53:22
00361 ys2057-ib   ./main_ball 4 0  Done                     05/15/2013 15:53:22
00362 ys2057-ib   ./main_ball 4 0  Done                     05/15/2013 15:53:22
00363 ys2057-ib   ./main_ball 4 0  Done                     05/15/2013 15:53:22
00364 ys2057-ib   ./main_ball 4 0  Done                     05/15/2013 15:53:22
00365 ys2057-ib   ./main_ball 4 0  Done                     05/15/2013 15:53:22
00366 ys2057-ib   ./main_ball 4 0  Done                     05/15/2013 15:53:22
00367 ys2057-ib   ./main_ball 4 0  Done                     05/15/2013 15:53:22
00336 ys2056-ib  ./main_ball 4 0   Done                     05/15/2013 15:53:22
00338 ys2056-ib   ./main_ball 4 0  Done                     05/15/2013 15:53:22
00339 ys2056-ib   ./main_ball 4 0  Done                     05/15/2013 15:53:22
00342 ys2056-ib   ./main_ball 4 0  Done                     05/15/2013 15:53:22
00337 ys2056-ib   ./main_ball 4 0  Done                     05/15/2013 15:53:22
00340 ys2056-ib   ./main_ball 4 0  Done                     05/15/2013 15:53:22
00341 ys2056-ib   ./main_ball 4 0  Done                     05/15/2013 15:53:22
00343 ys2056-ib   ./main_ball 4 0  Done                     05/15/2013 15:53:22
00344 ys2056-ib   ./main_ball 4 0  Done                     05/15/2013 15:53:22
00345 ys2056-ib   ./main_ball 4 0  Done                     05/15/2013 15:53:22
00346 ys2056-ib   ./main_ball 4 0  Done                     05/15/2013 15:53:22
00347 ys2056-ib   ./main_ball 4 0  Done                     05/15/2013 15:53:22
00348 ys2056-ib   ./main_ball 4 0  Done                     05/15/2013 15:53:22
00350 ys2056-ib   ./main_ball 4 0  Done                     05/15/2013 15:53:22
00349 ys2056-ib   ./main_ball 4 0  Done                     05/15/2013 15:53:22
00351 ys2056-ib   ./main_ball 4 0  Done                     05/15/2013 15:53:22
00320 ys2055-ib  ./main_ball 4 0   Done                     05/15/2013 15:53:22
00321 ys2055-ib   ./main_ball 4 0  Done                     05/15/2013 15:53:22
00333 ys2055-ib   ./main_ball 4 0  Done                     05/15/2013 15:53:22
00334 ys2055-ib   ./main_ball 4 0  Done                     05/15/2013 15:53:22
00335 ys2055-ib   ./main_ball 4 0  Done                     05/15/2013 15:53:22
00322 ys2055-ib   ./main_ball 4 0  Done                     05/15/2013 15:53:22
00323 ys2055-ib   ./main_ball 4 0  Done                     05/15/2013 15:53:22
00324 ys2055-ib   ./main_ball 4 0  Done                     05/15/2013 15:53:22
00325 ys2055-ib   ./main_ball 4 0  Done                     05/15/2013 15:53:22
00326 ys2055-ib   ./main_ball 4 0  Done                     05/15/2013 15:53:22
00327 ys2055-ib   ./main_ball 4 0  Done                     05/15/2013 15:53:22
00328 ys2055-ib   ./main_ball 4 0  Done                     05/15/2013 15:53:22
00330 ys2055-ib   ./main_ball 4 0  Done                     05/15/2013 15:53:22
00329 ys2055-ib   ./main_ball 4 0  Done                     05/15/2013 15:53:22
00331 ys2055-ib   ./main_ball 4 0  Done                     05/15/2013 15:53:22
00332 ys2055-ib   ./main_ball 4 0  Done                     05/15/2013 15:53:22
00304 ys2053-ib  ./main_ball 4 0   Done                     05/15/2013 15:53:22
00314 ys2053-ib   ./main_ball 4 0  Done                     05/15/2013 15:53:22
00315 ys2053-ib   ./main_ball 4 0  Done                     05/15/2013 15:53:22
00316 ys2053-ib   ./main_ball 4 0  Done                     05/15/2013 15:53:22
00317 ys2053-ib   ./main_ball 4 0  Done                     05/15/2013 15:53:22
00318 ys2053-ib   ./main_ball 4 0  Done                     05/15/2013 15:53:22
00319 ys2053-ib   ./main_ball 4 0  Done                     05/15/2013 15:53:22
00305 ys2053-ib   ./main_ball 4 0  Done                     05/15/2013 15:53:22
00306 ys2053-ib   ./main_ball 4 0  Done                     05/15/2013 15:53:22
00307 ys2053-ib   ./main_ball 4 0  Done                     05/15/2013 15:53:22
00308 ys2053-ib   ./main_ball 4 0  Done                     05/15/2013 15:53:22
00310 ys2053-ib   ./main_ball 4 0  Done                     05/15/2013 15:53:22
00309 ys2053-ib   ./main_ball 4 0  Done                     05/15/2013 15:53:22
00311 ys2053-ib   ./main_ball 4 0  Done                     05/15/2013 15:53:22
00312 ys2053-ib   ./main_ball 4 0  Done                     05/15/2013 15:53:22
00313 ys2053-ib   ./main_ball 4 0  Done                     05/15/2013 15:53:22
00288 ys2051-ib  ./main_ball 4 0   Done                     05/15/2013 15:53:22
00300 ys2051-ib   ./main_ball 4 0  Done                     05/15/2013 15:53:22
00290 ys2051-ib   ./main_ball 4 0  Done                     05/15/2013 15:53:22
00289 ys2051-ib   ./main_ball 4 0  Done                     05/15/2013 15:53:22
00301 ys2051-ib   ./main_ball 4 0  Done                     05/15/2013 15:53:22
00291 ys2051-ib   ./main_ball 4 0  Done                     05/15/2013 15:53:22
00302 ys2051-ib   ./main_ball 4 0  Done                     05/15/2013 15:53:22
00292 ys2051-ib   ./main_ball 4 0  Done                     05/15/2013 15:53:22
00303 ys2051-ib   ./main_ball 4 0  Done                     05/15/2013 15:53:22
00293 ys2051-ib   ./main_ball 4 0  Done                     05/15/2013 15:53:22
00294 ys2051-ib   ./main_ball 4 0  Done                     05/15/2013 15:53:22
00295 ys2051-ib   ./main_ball 4 0  Done                     05/15/2013 15:53:22
00296 ys2051-ib   ./main_ball 4 0  Done                     05/15/2013 15:53:22
00297 ys2051-ib   ./main_ball 4 0  Done                     05/15/2013 15:53:22
00298 ys2051-ib   ./main_ball 4 0  Done                     05/15/2013 15:53:22
00299 ys2051-ib   ./main_ball 4 0  Done                     05/15/2013 15:53:22
00272 ys2050-ib  ./main_ball 4 0   Done                     05/15/2013 15:53:22
00285 ys2050-ib   ./main_ball 4 0  Done                     05/15/2013 15:53:22
00286 ys2050-ib   ./main_ball 4 0  Done                     05/15/2013 15:53:22
00287 ys2050-ib   ./main_ball 4 0  Done                     05/15/2013 15:53:22
00273 ys2050-ib   ./main_ball 4 0  Done                     05/15/2013 15:53:22
00274 ys2050-ib   ./main_ball 4 0  Done                     05/15/2013 15:53:22
00275 ys2050-ib   ./main_ball 4 0  Done                     05/15/2013 15:53:22
00276 ys2050-ib   ./main_ball 4 0  Done                     05/15/2013 15:53:22
00277 ys2050-ib   ./main_ball 4 0  Done                     05/15/2013 15:53:22
00278 ys2050-ib   ./main_ball 4 0  Done                     05/15/2013 15:53:22
00280 ys2050-ib   ./main_ball 4 0  Done                     05/15/2013 15:53:22
00279 ys2050-ib   ./main_ball 4 0  Done                     05/15/2013 15:53:22
00281 ys2050-ib   ./main_ball 4 0  Done                     05/15/2013 15:53:22
00282 ys2050-ib   ./main_ball 4 0  Done                     05/15/2013 15:53:22
00283 ys2050-ib   ./main_ball 4 0  Done                     05/15/2013 15:53:22
00284 ys2050-ib   ./main_ball 4 0  Done                     05/15/2013 15:53:22
00256 ys2049-ib  ./main_ball 4 0   Done                     05/15/2013 15:53:22
00266 ys2049-ib   ./main_ball 4 0  Done                     05/15/2013 15:53:22
00267 ys2049-ib   ./main_ball 4 0  Done                     05/15/2013 15:53:22
00268 ys2049-ib   ./main_ball 4 0  Done                     05/15/2013 15:53:22
00270 ys2049-ib   ./main_ball 4 0  Done                     05/15/2013 15:53:22
00269 ys2049-ib   ./main_ball 4 0  Done                     05/15/2013 15:53:22
00271 ys2049-ib   ./main_ball 4 0  Done                     05/15/2013 15:53:22
00257 ys2049-ib   ./main_ball 4 0  Done                     05/15/2013 15:53:22
00258 ys2049-ib   ./main_ball 4 0  Done                     05/15/2013 15:53:22
00260 ys2049-ib   ./main_ball 4 0  Done                     05/15/2013 15:53:22
00259 ys2049-ib   ./main_ball 4 0  Done                     05/15/2013 15:53:22
00261 ys2049-ib   ./main_ball 4 0  Done                     05/15/2013 15:53:22
00262 ys2049-ib   ./main_ball 4 0  Done                     05/15/2013 15:53:22
00263 ys2049-ib   ./main_ball 4 0  Done                     05/15/2013 15:53:22
00264 ys2049-ib   ./main_ball 4 0  Done                     05/15/2013 15:53:22
00265 ys2049-ib   ./main_ball 4 0  Done                     05/15/2013 15:53:22
00240 ys2015-ib  ./main_ball 4 0   Done                     05/15/2013 15:53:22
00247 ys2015-ib   ./main_ball 4 0  Done                     05/15/2013 15:53:22
00248 ys2015-ib   ./main_ball 4 0  Done                     05/15/2013 15:53:22
00250 ys2015-ib   ./main_ball 4 0  Done                     05/15/2013 15:53:22
00249 ys2015-ib   ./main_ball 4 0  Done                     05/15/2013 15:53:22
00251 ys2015-ib   ./main_ball 4 0  Done                     05/15/2013 15:53:22
00252 ys2015-ib   ./main_ball 4 0  Done                     05/15/2013 15:53:22
00253 ys2015-ib   ./main_ball 4 0  Done                     05/15/2013 15:53:22
00254 ys2015-ib   ./main_ball 4 0  Done                     05/15/2013 15:53:22
00255 ys2015-ib   ./main_ball 4 0  Done                     05/15/2013 15:53:22
00241 ys2015-ib   ./main_ball 4 0  Done                     05/15/2013 15:53:22
00242 ys2015-ib   ./main_ball 4 0  Done                     05/15/2013 15:53:22
00243 ys2015-ib   ./main_ball 4 0  Done                     05/15/2013 15:53:22
00244 ys2015-ib   ./main_ball 4 0  Done                     05/15/2013 15:53:22
00245 ys2015-ib   ./main_ball 4 0  Done                     05/15/2013 15:53:22
00246 ys2015-ib   ./main_ball 4 0  Done                     05/15/2013 15:53:22
00224 ys2003-ib  ./main_ball 4 0   Done                     05/15/2013 15:53:22
00226 ys2003-ib   ./main_ball 4 0  Done                     05/15/2013 15:53:22
00228 ys2003-ib   ./main_ball 4 0  Done                     05/15/2013 15:53:22
00230 ys2003-ib   ./main_ball 4 0  Done                     05/15/2013 15:53:22
00229 ys2003-ib   ./main_ball 4 0  Done                     05/15/2013 15:53:22
00231 ys2003-ib   ./main_ball 4 0  Done                     05/15/2013 15:53:22
00232 ys2003-ib   ./main_ball 4 0  Done                     05/15/2013 15:53:22
00233 ys2003-ib   ./main_ball 4 0  Done                     05/15/2013 15:53:22
00234 ys2003-ib   ./main_ball 4 0  Done                     05/15/2013 15:53:22
00235 ys2003-ib   ./main_ball 4 0  Done                     05/15/2013 15:53:22
00236 ys2003-ib   ./main_ball 4 0  Done                     05/15/2013 15:53:22
00237 ys2003-ib   ./main_ball 4 0  Done                     05/15/2013 15:53:22
00238 ys2003-ib   ./main_ball 4 0  Done                     05/15/2013 15:53:22
00239 ys2003-ib   ./main_ball 4 0  Done                     05/15/2013 15:53:22
00225 ys2003-ib   ./main_ball 4 0  Done                     05/15/2013 15:53:22
00227 ys2003-ib   ./main_ball 4 0  Done                     05/15/2013 15:53:22
00208 ys2002-ib  ./main_ball 4 0   Done                     05/15/2013 15:53:22
00210 ys2002-ib   ./main_ball 4 0  Done                     05/15/2013 15:53:22
00209 ys2002-ib   ./main_ball 4 0  Done                     05/15/2013 15:53:22
00211 ys2002-ib   ./main_ball 4 0  Done                     05/15/2013 15:53:22
00212 ys2002-ib   ./main_ball 4 0  Done                     05/15/2013 15:53:22
00213 ys2002-ib   ./main_ball 4 0  Done                     05/15/2013 15:53:22
00214 ys2002-ib   ./main_ball 4 0  Done                     05/15/2013 15:53:22
00215 ys2002-ib   ./main_ball 4 0  Done                     05/15/2013 15:53:22
00216 ys2002-ib   ./main_ball 4 0  Done                     05/15/2013 15:53:22
00217 ys2002-ib   ./main_ball 4 0  Done                     05/15/2013 15:53:22
00218 ys2002-ib   ./main_ball 4 0  Done                     05/15/2013 15:53:22
00220 ys2002-ib   ./main_ball 4 0  Done                     05/15/2013 15:53:22
00219 ys2002-ib   ./main_ball 4 0  Done                     05/15/2013 15:53:22
00221 ys2002-ib   ./main_ball 4 0  Done                     05/15/2013 15:53:22
00222 ys2002-ib   ./main_ball 4 0  Done                     05/15/2013 15:53:22
00223 ys2002-ib   ./main_ball 4 0  Done                     05/15/2013 15:53:22
00192 ys1962-ib  ./main_ball 4 0   Done                     05/15/2013 15:53:22
00199 ys1962-ib   ./main_ball 4 0  Done                     05/15/2013 15:53:22
00200 ys1962-ib   ./main_ball 4 0  Done                     05/15/2013 15:53:22
00201 ys1962-ib   ./main_ball 4 0  Done                     05/15/2013 15:53:22
00202 ys1962-ib   ./main_ball 4 0  Done                     05/15/2013 15:53:22
00203 ys1962-ib   ./main_ball 4 0  Done                     05/15/2013 15:53:22
00193 ys1962-ib   ./main_ball 4 0  Done                     05/15/2013 15:53:22
00204 ys1962-ib   ./main_ball 4 0  Done                     05/15/2013 15:53:22
00194 ys1962-ib   ./main_ball 4 0  Done                     05/15/2013 15:53:22
00205 ys1962-ib   ./main_ball 4 0  Done                     05/15/2013 15:53:22
00195 ys1962-ib   ./main_ball 4 0  Done                     05/15/2013 15:53:22
00206 ys1962-ib   ./main_ball 4 0  Done                     05/15/2013 15:53:22
00196 ys1962-ib   ./main_ball 4 0  Done                     05/15/2013 15:53:22
00207 ys1962-ib   ./main_ball 4 0  Done                     05/15/2013 15:53:22
00197 ys1962-ib   ./main_ball 4 0  Done                     05/15/2013 15:53:22
00198 ys1962-ib   ./main_ball 4 0  Done                     05/15/2013 15:53:22
00176 ys1956-ib  ./main_ball 4 0   Done                     05/15/2013 15:53:22
00181 ys1956-ib   ./main_ball 4 0  Done                     05/15/2013 15:53:22
00182 ys1956-ib   ./main_ball 4 0  Done                     05/15/2013 15:53:22
00183 ys1956-ib   ./main_ball 4 0  Done                     05/15/2013 15:53:22
00184 ys1956-ib   ./main_ball 4 0  Done                     05/15/2013 15:53:22
00185 ys1956-ib   ./main_ball 4 0  Done                     05/15/2013 15:53:22
00186 ys1956-ib   ./main_ball 4 0  Done                     05/15/2013 15:53:22
00187 ys1956-ib   ./main_ball 4 0  Done                     05/15/2013 15:53:22
00188 ys1956-ib   ./main_ball 4 0  Done                     05/15/2013 15:53:22
00190 ys1956-ib   ./main_ball 4 0  Done                     05/15/2013 15:53:22
00189 ys1956-ib   ./main_ball 4 0  Done                     05/15/2013 15:53:22
00191 ys1956-ib   ./main_ball 4 0  Done                     05/15/2013 15:53:22
00177 ys1956-ib   ./main_ball 4 0  Done                     05/15/2013 15:53:22
00178 ys1956-ib   ./main_ball 4 0  Done                     05/15/2013 15:53:22
00180 ys1956-ib   ./main_ball 4 0  Done                     05/15/2013 15:53:22
00179 ys1956-ib   ./main_ball 4 0  Done                     05/15/2013 15:53:22
00160 ys1952-ib  ./main_ball 4 0   Done                     05/15/2013 15:53:22
00162 ys1952-ib   ./main_ball 4 0  Done                     05/15/2013 15:53:22
00163 ys1952-ib   ./main_ball 4 0  Done                     05/15/2013 15:53:22
00164 ys1952-ib   ./main_ball 4 0  Done                     05/15/2013 15:53:22
00165 ys1952-ib   ./main_ball 4 0  Done                     05/15/2013 15:53:22
00166 ys1952-ib   ./main_ball 4 0  Done                     05/15/2013 15:53:22
00167 ys1952-ib   ./main_ball 4 0  Done                     05/15/2013 15:53:22
00168 ys1952-ib   ./main_ball 4 0  Done                     05/15/2013 15:53:22
00170 ys1952-ib   ./main_ball 4 0  Done                     05/15/2013 15:53:22
00169 ys1952-ib   ./main_ball 4 0  Done                     05/15/2013 15:53:22
00171 ys1952-ib   ./main_ball 4 0  Done                     05/15/2013 15:53:22
00172 ys1952-ib   ./main_ball 4 0  Done                     05/15/2013 15:53:22
00173 ys1952-ib   ./main_ball 4 0  Done                     05/15/2013 15:53:22
00174 ys1952-ib   ./main_ball 4 0  Done                     05/15/2013 15:53:22
00175 ys1952-ib   ./main_ball 4 0  Done                     05/15/2013 15:53:22
00161 ys1952-ib   ./main_ball 4 0  Done                     05/15/2013 15:53:22
00144 ys1951-ib  ./main_ball 4 0   Done                     05/15/2013 15:53:22
00145 ys1951-ib   ./main_ball 4 0  Done                     05/15/2013 15:53:22
00146 ys1951-ib   ./main_ball 4 0  Done                     05/15/2013 15:53:22
00147 ys1951-ib   ./main_ball 4 0  Done                     05/15/2013 15:53:22
00148 ys1951-ib   ./main_ball 4 0  Done                     05/15/2013 15:53:22
00150 ys1951-ib   ./main_ball 4 0  Done                     05/15/2013 15:53:22
00149 ys1951-ib   ./main_ball 4 0  Done                     05/15/2013 15:53:22
00151 ys1951-ib   ./main_ball 4 0  Done                     05/15/2013 15:53:22
00152 ys1951-ib   ./main_ball 4 0  Done                     05/15/2013 15:53:22
00153 ys1951-ib   ./main_ball 4 0  Done                     05/15/2013 15:53:22
00154 ys1951-ib   ./main_ball 4 0  Done                     05/15/2013 15:53:22
00155 ys1951-ib   ./main_ball 4 0  Done                     05/15/2013 15:53:22
00156 ys1951-ib   ./main_ball 4 0  Done                     05/15/2013 15:53:22
00157 ys1951-ib   ./main_ball 4 0  Done                     05/15/2013 15:53:22
00158 ys1951-ib   ./main_ball 4 0  Done                     05/15/2013 15:53:22
00159 ys1951-ib   ./main_ball 4 0  Done                     05/15/2013 15:53:22
00128 ys1950-ib  ./main_ball 4 0   Done                     05/15/2013 15:53:22
00143 ys1950-ib   ./main_ball 4 0  Done                     05/15/2013 15:53:22
00130 ys1950-ib   ./main_ball 4 0  Done                     05/15/2013 15:53:22
00129 ys1950-ib   ./main_ball 4 0  Done                     05/15/2013 15:53:22
00131 ys1950-ib   ./main_ball 4 0  Done                     05/15/2013 15:53:22
00132 ys1950-ib   ./main_ball 4 0  Done                     05/15/2013 15:53:22
00133 ys1950-ib   ./main_ball 4 0  Done                     05/15/2013 15:53:22
00134 ys1950-ib   ./main_ball 4 0  Done                     05/15/2013 15:53:22
00135 ys1950-ib   ./main_ball 4 0  Done                     05/15/2013 15:53:22
00136 ys1950-ib   ./main_ball 4 0  Done                     05/15/2013 15:53:22
00137 ys1950-ib   ./main_ball 4 0  Done                     05/15/2013 15:53:22
00138 ys1950-ib   ./main_ball 4 0  Done                     05/15/2013 15:53:22
00140 ys1950-ib   ./main_ball 4 0  Done                     05/15/2013 15:53:22
00139 ys1950-ib   ./main_ball 4 0  Done                     05/15/2013 15:53:22
00141 ys1950-ib   ./main_ball 4 0  Done                     05/15/2013 15:53:22
00142 ys1950-ib   ./main_ball 4 0  Done                     05/15/2013 15:53:22
00112 ys1949-ib  ./main_ball 4 0   Done                     05/15/2013 15:53:22
00124 ys1949-ib   ./main_ball 4 0  Done                     05/15/2013 15:53:22
00125 ys1949-ib   ./main_ball 4 0  Done                     05/15/2013 15:53:22
00126 ys1949-ib   ./main_ball 4 0  Done                     05/15/2013 15:53:22
00127 ys1949-ib   ./main_ball 4 0  Done                     05/15/2013 15:53:22
00113 ys1949-ib   ./main_ball 4 0  Done                     05/15/2013 15:53:22
00114 ys1949-ib   ./main_ball 4 0  Done                     05/15/2013 15:53:22
00115 ys1949-ib   ./main_ball 4 0  Done                     05/15/2013 15:53:22
00116 ys1949-ib   ./main_ball 4 0  Done                     05/15/2013 15:53:22
00117 ys1949-ib   ./main_ball 4 0  Done                     05/15/2013 15:53:22
00118 ys1949-ib   ./main_ball 4 0  Done                     05/15/2013 15:53:22
00120 ys1949-ib   ./main_ball 4 0  Done                     05/15/2013 15:53:22
00119 ys1949-ib   ./main_ball 4 0  Done                     05/15/2013 15:53:22
00121 ys1949-ib   ./main_ball 4 0  Done                     05/15/2013 15:53:22
00122 ys1949-ib   ./main_ball 4 0  Done                     05/15/2013 15:53:22
00123 ys1949-ib   ./main_ball 4 0  Done                     05/15/2013 15:53:22
00096 ys1948-ib  ./main_ball 4 0   Done                     05/15/2013 15:53:22
00098 ys1948-ib   ./main_ball 4 0  Done                     05/15/2013 15:53:22
00099 ys1948-ib   ./main_ball 4 0  Done                     05/15/2013 15:53:22
00100 ys1948-ib   ./main_ball 4 0  Done                     05/15/2013 15:53:22
00105 ys1948-ib   ./main_ball 4 0  Done                     05/15/2013 15:53:22
00106 ys1948-ib   ./main_ball 4 0  Done                     05/15/2013 15:53:22
00107 ys1948-ib   ./main_ball 4 0  Done                     05/15/2013 15:53:22
00108 ys1948-ib   ./main_ball 4 0  Done                     05/15/2013 15:53:22
00110 ys1948-ib   ./main_ball 4 0  Done                     05/15/2013 15:53:22
00109 ys1948-ib   ./main_ball 4 0  Done                     05/15/2013 15:53:22
00111 ys1948-ib   ./main_ball 4 0  Done                     05/15/2013 15:53:22
00097 ys1948-ib   ./main_ball 4 0  Done                     05/15/2013 15:53:22
00101 ys1948-ib   ./main_ball 4 0  Done                     05/15/2013 15:53:22
00102 ys1948-ib   ./main_ball 4 0  Done                     05/15/2013 15:53:22
00103 ys1948-ib   ./main_ball 4 0  Done                     05/15/2013 15:53:22
00104 ys1948-ib   ./main_ball 4 0  Done                     05/15/2013 15:53:22
00080 ys1945-ib  ./main_ball 4 0   Done                     05/15/2013 15:53:22
00090 ys1945-ib   ./main_ball 4 0  Done                     05/15/2013 15:53:22
00089 ys1945-ib   ./main_ball 4 0  Done                     05/15/2013 15:53:22
00091 ys1945-ib   ./main_ball 4 0  Done                     05/15/2013 15:53:22
00092 ys1945-ib   ./main_ball 4 0  Done                     05/15/2013 15:53:22
00093 ys1945-ib   ./main_ball 4 0  Done                     05/15/2013 15:53:22
00094 ys1945-ib   ./main_ball 4 0  Done                     05/15/2013 15:53:22
00095 ys1945-ib   ./main_ball 4 0  Done                     05/15/2013 15:53:22
00081 ys1945-ib   ./main_ball 4 0  Done                     05/15/2013 15:53:22
00082 ys1945-ib   ./main_ball 4 0  Done                     05/15/2013 15:53:22
00083 ys1945-ib   ./main_ball 4 0  Done                     05/15/2013 15:53:22
00084 ys1945-ib   ./main_ball 4 0  Done                     05/15/2013 15:53:22
00085 ys1945-ib   ./main_ball 4 0  Done                     05/15/2013 15:53:22
00086 ys1945-ib   ./main_ball 4 0  Done                     05/15/2013 15:53:22
00087 ys1945-ib   ./main_ball 4 0  Done                     05/15/2013 15:53:22
00088 ys1945-ib   ./main_ball 4 0  Done                     05/15/2013 15:53:22
00064 ys1942-ib  ./main_ball 4 0   Done                     05/15/2013 15:53:22
00071 ys1942-ib   ./main_ball 4 0  Done                     05/15/2013 15:53:22
00072 ys1942-ib   ./main_ball 4 0  Done                     05/15/2013 15:53:22
00073 ys1942-ib   ./main_ball 4 0  Done                     05/15/2013 15:53:22
00074 ys1942-ib   ./main_ball 4 0  Done                     05/15/2013 15:53:22
00075 ys1942-ib   ./main_ball 4 0  Done                     05/15/2013 15:53:22
00076 ys1942-ib   ./main_ball 4 0  Done                     05/15/2013 15:53:22
00077 ys1942-ib   ./main_ball 4 0  Done                     05/15/2013 15:53:22
00078 ys1942-ib   ./main_ball 4 0  Done                     05/15/2013 15:53:22
00079 ys1942-ib   ./main_ball 4 0  Done                     05/15/2013 15:53:22
00065 ys1942-ib   ./main_ball 4 0  Done                     05/15/2013 15:53:22
00066 ys1942-ib   ./main_ball 4 0  Done                     05/15/2013 15:53:22
00067 ys1942-ib   ./main_ball 4 0  Done                     05/15/2013 15:53:22
00068 ys1942-ib   ./main_ball 4 0  Done                     05/15/2013 15:53:22
00070 ys1942-ib   ./main_ball 4 0  Done                     05/15/2013 15:53:22
00069 ys1942-ib   ./main_ball 4 0  Done                     05/15/2013 15:53:22
00048 ys1941-ib  ./main_ball 4 0   Done                     05/15/2013 15:53:22
00052 ys1941-ib   ./main_ball 4 0  Done                     05/15/2013 15:53:22
00053 ys1941-ib   ./main_ball 4 0  Done                     05/15/2013 15:53:22
00054 ys1941-ib   ./main_ball 4 0  Done                     05/15/2013 15:53:22
00055 ys1941-ib   ./main_ball 4 0  Done                     05/15/2013 15:53:22
00056 ys1941-ib   ./main_ball 4 0  Done                     05/15/2013 15:53:22
00057 ys1941-ib   ./main_ball 4 0  Done                     05/15/2013 15:53:22
00058 ys1941-ib   ./main_ball 4 0  Done                     05/15/2013 15:53:22
00060 ys1941-ib   ./main_ball 4 0  Done                     05/15/2013 15:53:22
00059 ys1941-ib   ./main_ball 4 0  Done                     05/15/2013 15:53:22
00061 ys1941-ib   ./main_ball 4 0  Done                     05/15/2013 15:53:22
00062 ys1941-ib   ./main_ball 4 0  Done                     05/15/2013 15:53:22
00063 ys1941-ib   ./main_ball 4 0  Done                     05/15/2013 15:53:22
00050 ys1941-ib   ./main_ball 4 0  Done                     05/15/2013 15:53:22
00049 ys1941-ib   ./main_ball 4 0  Done                     05/15/2013 15:53:22
00051 ys1941-ib   ./main_ball 4 0  Done                     05/15/2013 15:53:22
00032 ys1909-ib  ./main_ball 4 0   Done                     05/15/2013 15:53:22
00033 ys1909-ib   ./main_ball 4 0  Done                     05/15/2013 15:53:22
00034 ys1909-ib   ./main_ball 4 0  Done                     05/15/2013 15:53:22
00035 ys1909-ib   ./main_ball 4 0  Done                     05/15/2013 15:53:22
00036 ys1909-ib   ./main_ball 4 0  Done                     05/15/2013 15:53:22
00037 ys1909-ib   ./main_ball 4 0  Done                     05/15/2013 15:53:22
00038 ys1909-ib   ./main_ball 4 0  Done                     05/15/2013 15:53:22
00040 ys1909-ib   ./main_ball 4 0  Done                     05/15/2013 15:53:22
00039 ys1909-ib   ./main_ball 4 0  Done                     05/15/2013 15:53:22
00041 ys1909-ib   ./main_ball 4 0  Done                     05/15/2013 15:53:22
00042 ys1909-ib   ./main_ball 4 0  Done                     05/15/2013 15:53:22
00043 ys1909-ib   ./main_ball 4 0  Done                     05/15/2013 15:53:22
00044 ys1909-ib   ./main_ball 4 0  Done                     05/15/2013 15:53:22
00045 ys1909-ib   ./main_ball 4 0  Done                     05/15/2013 15:53:22
00046 ys1909-ib   ./main_ball 4 0  Done                     05/15/2013 15:53:22
00047 ys1909-ib   ./main_ball 4 0  Done                     05/15/2013 15:53:22
00016 ys1905-ib  ./main_ball 4 0   Done                     05/15/2013 15:53:22
00017 ys1905-ib   ./main_ball 4 0  Done                     05/15/2013 15:53:22
00018 ys1905-ib   ./main_ball 4 0  Done                     05/15/2013 15:53:22
00020 ys1905-ib   ./main_ball 4 0  Done                     05/15/2013 15:53:22
00019 ys1905-ib   ./main_ball 4 0  Done                     05/15/2013 15:53:22
00021 ys1905-ib   ./main_ball 4 0  Done                     05/15/2013 15:53:22
00022 ys1905-ib   ./main_ball 4 0  Done                     05/15/2013 15:53:22
00023 ys1905-ib   ./main_ball 4 0  Done                     05/15/2013 15:53:22
00024 ys1905-ib   ./main_ball 4 0  Done                     05/15/2013 15:53:22
00025 ys1905-ib   ./main_ball 4 0  Done                     05/15/2013 15:53:22
00026 ys1905-ib   ./main_ball 4 0  Done                     05/15/2013 15:53:22
00027 ys1905-ib   ./main_ball 4 0  Done                     05/15/2013 15:53:22
00028 ys1905-ib   ./main_ball 4 0  Done                     05/15/2013 15:53:22
00030 ys1905-ib   ./main_ball 4 0  Done                     05/15/2013 15:53:22
00029 ys1905-ib   ./main_ball 4 0  Done                     05/15/2013 15:53:22
00031 ys1905-ib   ./main_ball 4 0  Done                     05/15/2013 15:53:22
00000 ys1901-ib  ./main_ball 4 0   Done                     05/15/2013 15:53:22
00003 ys1901-ib   ./main_ball 4 0  Done                     05/15/2013 15:53:22
00004 ys1901-ib   ./main_ball 4 0  Done                     05/15/2013 15:53:22
00005 ys1901-ib   ./main_ball 4 0  Done                     05/15/2013 15:53:22
00006 ys1901-ib   ./main_ball 4 0  Done                     05/15/2013 15:53:22
00007 ys1901-ib   ./main_ball 4 0  Done                     05/15/2013 15:53:22
00008 ys1901-ib   ./main_ball 4 0  Done                     05/15/2013 15:53:22
00001 ys1901-ib   ./main_ball 4 0  Done                     05/15/2013 15:53:22
00002 ys1901-ib   ./main_ball 4 0  Done                     05/15/2013 15:53:22
00014 ys1901-ib   ./main_ball 4 0  Done                     05/15/2013 15:53:22
00015 ys1901-ib   ./main_ball 4 0  Done                     05/15/2013 15:53:22
00009 ys1901-ib   ./main_ball 4 0  Done                     05/15/2013 15:53:22
00010 ys1901-ib   ./main_ball 4 0  Done                     05/15/2013 15:53:22
00011 ys1901-ib   ./main_ball 4 0  Done                     05/15/2013 15:53:22
00012 ys1901-ib   ./main_ball 4 0  Done                     05/15/2013 15:53:22
00013 ys1901-ib   ./main_ball 4 0  Done                     05/15/2013 15:53:22

------------------------------------------------------------
Sender: LSF System <lsfadmin@ys1901-ib>
Subject: Job 662368: <mb.512> Done

Job <mb.512> was submitted from host <yslogin3-ib> by user <robertk> in cluster <yellowstone>.
Job was executed on host(s) <16*ys1901-ib>, in queue <small>, as user <robertk> in cluster <yellowstone>.
                            <16*ys1905-ib>
                            <16*ys1909-ib>
                            <16*ys1941-ib>
                            <16*ys1942-ib>
                            <16*ys1945-ib>
                            <16*ys1948-ib>
                            <16*ys1949-ib>
                            <16*ys1950-ib>
                            <16*ys1951-ib>
                            <16*ys1952-ib>
                            <16*ys1956-ib>
                            <16*ys1962-ib>
                            <16*ys2002-ib>
                            <16*ys2003-ib>
                            <16*ys2015-ib>
                            <16*ys2049-ib>
                            <16*ys2050-ib>
                            <16*ys2051-ib>
                            <16*ys2053-ib>
                            <16*ys2055-ib>
                            <16*ys2056-ib>
                            <16*ys2057-ib>
                            <16*ys2221-ib>
                            <16*ys2222-ib>
                            <16*ys2224-ib>
                            <16*ys2226-ib>
                            <16*ys2259-ib>
                            <16*ys2260-ib>
                            <16*ys2261-ib>
                            <16*ys2262-ib>
                            <16*ys2263-ib>
</glade/u/home/robertk> was used as the home directory.
</glade/u/home/robertk/work/Dune/trunk/alugrid/examples> was used as the working directory.
Started at Wed May 15 15:51:38 2013
Results reported at Wed May 15 15:53:27 2013

Your job looked like:

------------------------------------------------------------
# LSBATCH: User input
#!/bin/bash
# LSF batch script to run an MPI application
#
#BSUB -P P86850055           # project code
#BSUB -W 00:30               # wall-clock time (hrs:mins)
#BSUB -n 512              # number of tasks in job
#BSUB -R span[ptile=16]    # run 16 MPI tasks per node
#BSUB -J mb.512            # job name
#BSUB -o ./out/mb.512.%J.out  # output file name 
#BSUB -e ./err/mb.512.%J.err  # error file name
#BSUB -q small             # queue
#run the executable
mpirun.lsf ./main_ball 4 0 3 none

------------------------------------------------------------

Successfully completed.

Resource usage summary:

    CPU time   :  48959.09 sec.
    Max Memory :       164 MB
    Max Swap   :      3050 MB

    Max Processes  :         7
    Max Threads    :        77

The output (if any) is above this job summary.



PS:

Read file <./err/mb.512.662368.err> for stderr output of this job.

