Execute poe command line: poe  ./main_ball 4 0 3 none
Caught DGFException on creation of SGrid, trying default DGF method!

Created parallel ALUGrid<3,3,cube,nonconforming> from macro grid file ''. 

globalRefine: 0
elements = 7320272 (113897,114877,1.0086)   maxLevel = 3   step = 12   time = 0.108   dt = 0.009
elements = 7208216 (112148,113047,1.00802)   maxLevel = 3   step = 23   time = 0.207   dt = 0.009
elements = 7156682 (111358,112254,1.00805)   maxLevel = 3   step = 34   time = 0.306   dt = 0.009
elements = 7320923 (113993,114860,1.00761)   maxLevel = 3   step = 45   time = 0.405   dt = 0.009
elements = 7054258 (109795,110724,1.00846)   maxLevel = 3   step = 56   time = 0.504   dt = 0.009
elements = 7313363 (113778,114664,1.00779)   maxLevel = 3   step = 67   time = 0.603   dt = 0.009
elements = 7205360 (112111,113070,1.00855)   maxLevel = 3   step = 78   time = 0.702   dt = 0.009
elements = 7124811 (110875,111762,1.008)   maxLevel = 3   step = 89   time = 0.801   dt = 0.009
elements = 7303731 (113660,114582,1.00811)   maxLevel = 3   step = 100   time = 0.9   dt = 0.009
elements = 7045795 (109604,110561,1.00873)   maxLevel = 3   step = 112   time = 1.008   dt = 0.009
U2 max: 0.68  min: 0.44
U3 max: 0.01  min: 0
U4 max: 76.99  min: 57.47
U5 max: 2.29  min: 0.64
U6 max: 83.06  min: 63.65
U7 max: 1.43  min: 0.02
U8 max: 81.79  min: 63.19
Program finished: CPU time = 218.944 sec.

------------------------------------------------------------
Sender: LSF System <lsfadmin@ys5037-ib>
Subject: Job 920993: <mb.64> in cluster <yellowstone> Done

Job <mb.64> was submitted from host <yslogin3-ib> by user <robertk> in cluster <yellowstone>.
Job was executed on host(s) <16*ys5037-ib>, in queue <small>, as user <robertk> in cluster <yellowstone>.
                            <16*ys5038-ib>
                            <16*ys5039-ib>
                            <16*ys5040-ib>
</glade/u/home/robertk> was used as the home directory.
</glade/u/home/robertk/work/Dune/trunk/alugrid/examples> was used as the working directory.
Started at Wed Feb 19 19:31:16 2014
Results reported at Wed Feb 19 19:36:23 2014

Your job looked like:

------------------------------------------------------------
# LSBATCH: User input
#!/bin/bash
# LSF batch script to run an MPI application
#
#BSUB -P P86850055           # project code
#BSUB -W 00:30               # wall-clock time (hrs:mins)
#BSUB -n 64              # number of tasks in job
#BSUB -R span[ptile=16]    # run 16 MPI tasks per node
#BSUB -J mb.64            # job name
#BSUB -o ./out/mb.64.%J.out  # output file name 
#BSUB -e ./err/mb.64.%J.err  # error file name
#BSUB -q small             # queue
#run the executable
export MP_CSS_INTERRUPT=yes
export MP_EAGER_LIMIT=4194305
export MP_EAGER_LIMIT_LOCAL=4194305
mpirun.lsf ./main_ball 4 0 3 none

------------------------------------------------------------

Successfully completed.

Resource usage summary:

    CPU time :               24875.75 sec.
    Max Memory :             24727 MB
    Average Memory :         16256.25 MB
    Total Requested Memory : -
    Delta Memory :           -
    (Delta: the difference between total requested memory and actual max usage.)
    Max Processes :          72
    Max Threads :            741

The output (if any) is above this job summary.



PS:

Read file <./err/mb.64.920993.err> for stderr output of this job.

