Caught DGFException on creation of SGrid, trying default DGF method!

Created parallel ALUGrid<3,3,cube,nonconforming> from macro grid file ''. 

globalRefine: 1
elements = 7283123 (190242,238976,1.25617)   maxLevel = 4   step = 12   time = 0.108   dt = 0.009
elements = 7182799 (194354,235679,1.21263)   maxLevel = 4   step = 23   time = 0.207   dt = 0.009
elements = 7145678 (186462,234449,1.25736)   maxLevel = 4   step = 34   time = 0.306   dt = 0.009
elements = 7333033 (179125,240599,1.34319)   maxLevel = 4   step = 45   time = 0.405   dt = 0.009
elements = 7066942 (186599,231756,1.242)   maxLevel = 4   step = 56   time = 0.504   dt = 0.009
elements = 7324395 (189971,240001,1.26336)   maxLevel = 4   step = 67   time = 0.603   dt = 0.009
elements = 7199438 (180791,236227,1.30663)   maxLevel = 4   step = 78   time = 0.702   dt = 0.009
elements = 7101704 (185032,232397,1.25598)   maxLevel = 4   step = 89   time = 0.801   dt = 0.009
elements = 7276431 (165696,238754,1.44092)   maxLevel = 4   step = 100   time = 0.9   dt = 0.009
elements = 6996025 (183681,229524,1.24958)   maxLevel = 4   step = 112   time = 1.008   dt = 0.009
U2 max: 27.66  min: 19.33
U3 max: 0.01  min: 0
U4 max: 2.43  min: 2.27
U5 max: 11.61  min: 7.8
U6 max: 0.01  min: 0
U7 max: 116.5  min: 107.88
U8 max: 31.86  min: 23.51
Program finished: CPU time = 306.535 sec.
Job  /ncar/opt/lsf/8.3/linux2.6-glibc2.3-x86_64/bin/poejob ./main_ball 3 1 4 none

TID   HOST_NAME   COMMAND_LINE            STATUS            TERMINATION_TIME
===== ========== ================  =======================  ===================
00016 ys0147-ib  ./main_ball 3 1   Done                     05/15/2013 18:22:56
00017 ys0147-ib   ./main_ball 3 1  Done                     05/15/2013 18:22:56
00018 ys0147-ib   ./main_ball 3 1  Done                     05/15/2013 18:22:56
00021 ys0147-ib   ./main_ball 3 1  Done                     05/15/2013 18:22:55
00022 ys0147-ib   ./main_ball 3 1  Done                     05/15/2013 18:22:56
00023 ys0147-ib   ./main_ball 3 1  Done                     05/15/2013 18:22:56
00024 ys0147-ib   ./main_ball 3 1  Done                     05/15/2013 18:22:56
00025 ys0147-ib   ./main_ball 3 1  Done                     05/15/2013 18:22:56
00026 ys0147-ib   ./main_ball 3 1  Done                     05/15/2013 18:22:56
00027 ys0147-ib   ./main_ball 3 1  Done                     05/15/2013 18:22:56
00028 ys0147-ib   ./main_ball 3 1  Done                     05/15/2013 18:22:56
00030 ys0147-ib   ./main_ball 3 1  Done                     05/15/2013 18:22:56
00029 ys0147-ib   ./main_ball 3 1  Done                     05/15/2013 18:22:56
00031 ys0147-ib   ./main_ball 3 1  Done                     05/15/2013 18:22:56
00020 ys0147-ib   ./main_ball 3 1  Done                     05/15/2013 18:22:56
00019 ys0147-ib   ./main_ball 3 1  Done                     05/15/2013 18:22:56
00000 ys0144-ib  ./main_ball 3 1   Done                     05/15/2013 18:22:55
00014 ys0144-ib   ./main_ball 3 1  Done                     05/15/2013 18:22:56
00003 ys0144-ib   ./main_ball 3 1  Done                     05/15/2013 18:22:56
00015 ys0144-ib   ./main_ball 3 1  Done                     05/15/2013 18:22:56
00004 ys0144-ib   ./main_ball 3 1  Done                     05/15/2013 18:22:56
00005 ys0144-ib   ./main_ball 3 1  Done                     05/15/2013 18:22:56
00006 ys0144-ib   ./main_ball 3 1  Done                     05/15/2013 18:22:56
00007 ys0144-ib   ./main_ball 3 1  Done                     05/15/2013 18:22:56
00008 ys0144-ib   ./main_ball 3 1  Done                     05/15/2013 18:22:56
00009 ys0144-ib   ./main_ball 3 1  Done                     05/15/2013 18:22:56
00010 ys0144-ib   ./main_ball 3 1  Done                     05/15/2013 18:22:56
00011 ys0144-ib   ./main_ball 3 1  Done                     05/15/2013 18:22:56
00012 ys0144-ib   ./main_ball 3 1  Done                     05/15/2013 18:22:56
00001 ys0144-ib   ./main_ball 3 1  Done                     05/15/2013 18:22:56
00013 ys0144-ib   ./main_ball 3 1  Done                     05/15/2013 18:22:55
00002 ys0144-ib   ./main_ball 3 1  Done                     05/15/2013 18:22:56

------------------------------------------------------------
Sender: LSF System <lsfadmin@ys0144-ib>
Subject: Job 663020: <mb.32> Done

Job <mb.32> was submitted from host <yslogin1-ib> by user <robertk> in cluster <yellowstone>.
Job was executed on host(s) <16*ys0144-ib>, in queue <small>, as user <robertk> in cluster <yellowstone>.
                            <16*ys0147-ib>
</glade/u/home/robertk> was used as the home directory.
</glade/u/home/robertk/work/Dune/trunk/alugrid/examples> was used as the working directory.
Started at Wed May 15 18:17:41 2013
Results reported at Wed May 15 18:23:00 2013

Your job looked like:

------------------------------------------------------------
# LSBATCH: User input
#!/bin/bash
# LSF batch script to run an MPI application
#
#BSUB -P P86850055           # project code
#BSUB -W 00:30               # wall-clock time (hrs:mins)
#BSUB -n 32              # number of tasks in job
#BSUB -R span[ptile=16]    # run 16 MPI tasks per node
#BSUB -J mb.32            # job name
#BSUB -o ./out/mb.32.%J.out  # output file name 
#BSUB -e ./err/mb.32.%J.err  # error file name
#BSUB -q small             # queue
#run the executable
mpirun.lsf ./main_ball 3 1 4 none

------------------------------------------------------------

Successfully completed.

Resource usage summary:

    CPU time   :   9849.61 sec.
    Max Memory :     14030 MB
    Max Swap   :     34895 MB

    Max Processes  :        39
    Max Threads    :       401

The output (if any) is above this job summary.



PS:

Read file <./err/mb.32.663020.err> for stderr output of this job.

