Caught DGFException on creation of SGrid, trying default DGF method!

Created parallel ALUGrid<3,3,cube,nonconforming> from macro grid file ''. 

globalRefine: 1
elements = 7299454 (0,17869,inf)   maxLevel = 4   step = 12   time = 0.108   dt = 0.009
elements = 7200194 (8159,18149,2.22441)   maxLevel = 4   step = 23   time = 0.207   dt = 0.009
elements = 7161519 (0,18713,inf)   maxLevel = 4   step = 34   time = 0.306   dt = 0.009
elements = 7336918 (6884,17666,2.56624)   maxLevel = 4   step = 45   time = 0.405   dt = 0.009
elements = 7076777 (8,16457,2057.12)   maxLevel = 4   step = 56   time = 0.504   dt = 0.009
elements = 7334153 (0,18737,inf)   maxLevel = 4   step = 67   time = 0.603   dt = 0.009
elements = 7209364 (0,18541,inf)   maxLevel = 4   step = 78   time = 0.702   dt = 0.009
elements = 7118147 (3696,16384,4.4329)   maxLevel = 4   step = 89   time = 0.801   dt = 0.009
elements = 7289556 (7009,18751,2.67527)   maxLevel = 4   step = 100   time = 0.9   dt = 0.009
elements = 7018614 (0,19542,inf)   maxLevel = 4   step = 112   time = 1.008   dt = 0.009
U2 max: 8.14  min: 5.91
U3 max: 0.03  min: 0
U4 max: 1.15  min: 0.75
U5 max: 2.49  min: 1.92
U6 max: 0.01  min: 0
U7 max: 61.34  min: 59.17
U8 max: 9.66  min: 7.53
Program finished: CPU time = 89.6504 sec.
Job  /ncar/opt/lsf/8.3/linux2.6-glibc2.3-x86_64/bin/poejob ./main_ball 3 1 4 none

TID   HOST_NAME   COMMAND_LINE            STATUS            TERMINATION_TIME
===== ========== ================  =======================  ===================
00496 ys0264-ib  ./main_ball 3 1   Done                     05/15/2013 18:19:20
00498 ys0264-ib   ./main_ball 3 1  Done                     05/15/2013 18:19:20
00504 ys0264-ib   ./main_ball 3 1  Done                     05/15/2013 18:19:20
00505 ys0264-ib   ./main_ball 3 1  Done                     05/15/2013 18:19:20
00506 ys0264-ib   ./main_ball 3 1  Done                     05/15/2013 18:19:20
00507 ys0264-ib   ./main_ball 3 1  Done                     05/15/2013 18:19:20
00497 ys0264-ib   ./main_ball 3 1  Done                     05/15/2013 18:19:20
00508 ys0264-ib   ./main_ball 3 1  Done                     05/15/2013 18:19:20
00510 ys0264-ib   ./main_ball 3 1  Done                     05/15/2013 18:19:20
00509 ys0264-ib   ./main_ball 3 1  Done                     05/15/2013 18:19:20
00499 ys0264-ib   ./main_ball 3 1  Done                     05/15/2013 18:19:20
00511 ys0264-ib   ./main_ball 3 1  Done                     05/15/2013 18:19:20
00500 ys0264-ib   ./main_ball 3 1  Done                     05/15/2013 18:19:20
00501 ys0264-ib   ./main_ball 3 1  Done                     05/15/2013 18:19:20
00502 ys0264-ib   ./main_ball 3 1  Done                     05/15/2013 18:19:20
00503 ys0264-ib   ./main_ball 3 1  Done                     05/15/2013 18:19:20
00480 ys0263-ib  ./main_ball 3 1   Done                     05/15/2013 18:19:20
00494 ys0263-ib   ./main_ball 3 1  Done                     05/15/2013 18:19:20
00495 ys0263-ib   ./main_ball 3 1  Done                     05/15/2013 18:19:20
00481 ys0263-ib   ./main_ball 3 1  Done                     05/15/2013 18:19:20
00482 ys0263-ib   ./main_ball 3 1  Done                     05/15/2013 18:19:20
00483 ys0263-ib   ./main_ball 3 1  Done                     05/15/2013 18:19:20
00484 ys0263-ib   ./main_ball 3 1  Done                     05/15/2013 18:19:20
00485 ys0263-ib   ./main_ball 3 1  Done                     05/15/2013 18:19:20
00486 ys0263-ib   ./main_ball 3 1  Done                     05/15/2013 18:19:20
00487 ys0263-ib   ./main_ball 3 1  Done                     05/15/2013 18:19:20
00488 ys0263-ib   ./main_ball 3 1  Done                     05/15/2013 18:19:20
00490 ys0263-ib   ./main_ball 3 1  Done                     05/15/2013 18:19:20
00489 ys0263-ib   ./main_ball 3 1  Done                     05/15/2013 18:19:20
00491 ys0263-ib   ./main_ball 3 1  Done                     05/15/2013 18:19:20
00492 ys0263-ib   ./main_ball 3 1  Done                     05/15/2013 18:19:20
00493 ys0263-ib   ./main_ball 3 1  Done                     05/15/2013 18:19:20
00464 ys0262-ib  ./main_ball 3 1   Done                     05/15/2013 18:19:20
00475 ys0262-ib   ./main_ball 3 1  Done                     05/15/2013 18:19:20
00476 ys0262-ib   ./main_ball 3 1  Done                     05/15/2013 18:19:20
00477 ys0262-ib   ./main_ball 3 1  Done                     05/15/2013 18:19:20
00478 ys0262-ib   ./main_ball 3 1  Done                     05/15/2013 18:19:20
00479 ys0262-ib   ./main_ball 3 1  Done                     05/15/2013 18:19:20
00465 ys0262-ib   ./main_ball 3 1  Done                     05/15/2013 18:19:20
00467 ys0262-ib   ./main_ball 3 1  Done                     05/15/2013 18:19:20
00468 ys0262-ib   ./main_ball 3 1  Done                     05/15/2013 18:19:20
00470 ys0262-ib   ./main_ball 3 1  Done                     05/15/2013 18:19:20
00471 ys0262-ib   ./main_ball 3 1  Done                     05/15/2013 18:19:20
00473 ys0262-ib   ./main_ball 3 1  Done                     05/15/2013 18:19:20
00474 ys0262-ib   ./main_ball 3 1  Done                     05/15/2013 18:19:20
00466 ys0262-ib   ./main_ball 3 1  Done                     05/15/2013 18:19:20
00469 ys0262-ib   ./main_ball 3 1  Done                     05/15/2013 18:19:20
00472 ys0262-ib   ./main_ball 3 1  Done                     05/15/2013 18:19:20
00448 ys0261-ib  ./main_ball 3 1   Done                     05/15/2013 18:19:20
00451 ys0261-ib   ./main_ball 3 1  Done                     05/15/2013 18:19:20
00452 ys0261-ib   ./main_ball 3 1  Done                     05/15/2013 18:19:20
00453 ys0261-ib   ./main_ball 3 1  Done                     05/15/2013 18:19:20
00454 ys0261-ib   ./main_ball 3 1  Done                     05/15/2013 18:19:20
00455 ys0261-ib   ./main_ball 3 1  Done                     05/15/2013 18:19:20
00456 ys0261-ib   ./main_ball 3 1  Done                     05/15/2013 18:19:20
00457 ys0261-ib   ./main_ball 3 1  Done                     05/15/2013 18:19:20
00458 ys0261-ib   ./main_ball 3 1  Done                     05/15/2013 18:19:20
00460 ys0261-ib   ./main_ball 3 1  Done                     05/15/2013 18:19:20
00459 ys0261-ib   ./main_ball 3 1  Done                     05/15/2013 18:19:20
00461 ys0261-ib   ./main_ball 3 1  Done                     05/15/2013 18:19:20
00462 ys0261-ib   ./main_ball 3 1  Done                     05/15/2013 18:19:20
00463 ys0261-ib   ./main_ball 3 1  Done                     05/15/2013 18:19:20
00450 ys0261-ib   ./main_ball 3 1  Done                     05/15/2013 18:19:20
00449 ys0261-ib   ./main_ball 3 1  Done                     05/15/2013 18:19:20
00432 ys0260-ib  ./main_ball 3 1   Done                     05/15/2013 18:19:20
00437 ys0260-ib   ./main_ball 3 1  Done                     05/15/2013 18:19:20
00438 ys0260-ib   ./main_ball 3 1  Done                     05/15/2013 18:19:20
00440 ys0260-ib   ./main_ball 3 1  Done                     05/15/2013 18:19:20
00439 ys0260-ib   ./main_ball 3 1  Done                     05/15/2013 18:19:20
00441 ys0260-ib   ./main_ball 3 1  Done                     05/15/2013 18:19:20
00442 ys0260-ib   ./main_ball 3 1  Done                     05/15/2013 18:19:20
00443 ys0260-ib   ./main_ball 3 1  Done                     05/15/2013 18:19:20
00444 ys0260-ib   ./main_ball 3 1  Done                     05/15/2013 18:19:20
00445 ys0260-ib   ./main_ball 3 1  Done                     05/15/2013 18:19:20
00446 ys0260-ib   ./main_ball 3 1  Done                     05/15/2013 18:19:20
00447 ys0260-ib   ./main_ball 3 1  Done                     05/15/2013 18:19:20
00433 ys0260-ib   ./main_ball 3 1  Done                     05/15/2013 18:19:20
00434 ys0260-ib   ./main_ball 3 1  Done                     05/15/2013 18:19:20
00435 ys0260-ib   ./main_ball 3 1  Done                     05/15/2013 18:19:20
00436 ys0260-ib   ./main_ball 3 1  Done                     05/15/2013 18:19:20
00416 ys0259-ib  ./main_ball 3 1   Done                     05/15/2013 18:19:20
00419 ys0259-ib   ./main_ball 3 1  Done                     05/15/2013 18:19:20
00423 ys0259-ib   ./main_ball 3 1  Done                     05/15/2013 18:19:20
00417 ys0259-ib   ./main_ball 3 1  Done                     05/15/2013 18:19:20
00418 ys0259-ib   ./main_ball 3 1  Done                     05/15/2013 18:19:20
00420 ys0259-ib   ./main_ball 3 1  Done                     05/15/2013 18:19:20
00421 ys0259-ib   ./main_ball 3 1  Done                     05/15/2013 18:19:20
00422 ys0259-ib   ./main_ball 3 1  Done                     05/15/2013 18:19:20
00424 ys0259-ib   ./main_ball 3 1  Done                     05/15/2013 18:19:20
00425 ys0259-ib   ./main_ball 3 1  Done                     05/15/2013 18:19:20
00426 ys0259-ib   ./main_ball 3 1  Done                     05/15/2013 18:19:20
00427 ys0259-ib   ./main_ball 3 1  Done                     05/15/2013 18:19:20
00428 ys0259-ib   ./main_ball 3 1  Done                     05/15/2013 18:19:20
00430 ys0259-ib   ./main_ball 3 1  Done                     05/15/2013 18:19:20
00429 ys0259-ib   ./main_ball 3 1  Done                     05/15/2013 18:19:20
00431 ys0259-ib   ./main_ball 3 1  Done                     05/15/2013 18:19:20
00400 ys0258-ib  ./main_ball 3 1   Done                     05/15/2013 18:19:20
00402 ys0258-ib   ./main_ball 3 1  Done                     05/15/2013 18:19:20
00404 ys0258-ib   ./main_ball 3 1  Done                     05/15/2013 18:19:20
00405 ys0258-ib   ./main_ball 3 1  Done                     05/15/2013 18:19:20
00408 ys0258-ib   ./main_ball 3 1  Done                     05/15/2013 18:19:20
00411 ys0258-ib   ./main_ball 3 1  Done                     05/15/2013 18:19:20
00401 ys0258-ib   ./main_ball 3 1  Done                     05/15/2013 18:19:20
00403 ys0258-ib   ./main_ball 3 1  Done                     05/15/2013 18:19:20
00406 ys0258-ib   ./main_ball 3 1  Done                     05/15/2013 18:19:20
00407 ys0258-ib   ./main_ball 3 1  Done                     05/15/2013 18:19:20
00410 ys0258-ib   ./main_ball 3 1  Done                     05/15/2013 18:19:20
00409 ys0258-ib   ./main_ball 3 1  Done                     05/15/2013 18:19:20
00412 ys0258-ib   ./main_ball 3 1  Done                     05/15/2013 18:19:20
00413 ys0258-ib   ./main_ball 3 1  Done                     05/15/2013 18:19:20
00414 ys0258-ib   ./main_ball 3 1  Done                     05/15/2013 18:19:20
00415 ys0258-ib   ./main_ball 3 1  Done                     05/15/2013 18:19:20
00384 ys0257-ib  ./main_ball 3 1   Done                     05/15/2013 18:19:20
00390 ys0257-ib   ./main_ball 3 1  Done                     05/15/2013 18:19:20
00389 ys0257-ib   ./main_ball 3 1  Done                     05/15/2013 18:19:20
00391 ys0257-ib   ./main_ball 3 1  Done                     05/15/2013 18:19:20
00392 ys0257-ib   ./main_ball 3 1  Done                     05/15/2013 18:19:20
00393 ys0257-ib   ./main_ball 3 1  Done                     05/15/2013 18:19:20
00394 ys0257-ib   ./main_ball 3 1  Done                     05/15/2013 18:19:20
00395 ys0257-ib   ./main_ball 3 1  Done                     05/15/2013 18:19:20
00396 ys0257-ib   ./main_ball 3 1  Done                     05/15/2013 18:19:20
00397 ys0257-ib   ./main_ball 3 1  Done                     05/15/2013 18:19:20
00398 ys0257-ib   ./main_ball 3 1  Done                     05/15/2013 18:19:20
00399 ys0257-ib   ./main_ball 3 1  Done                     05/15/2013 18:19:20
00385 ys0257-ib   ./main_ball 3 1  Done                     05/15/2013 18:19:20
00386 ys0257-ib   ./main_ball 3 1  Done                     05/15/2013 18:19:20
00387 ys0257-ib   ./main_ball 3 1  Done                     05/15/2013 18:19:20
00388 ys0257-ib   ./main_ball 3 1  Done                     05/15/2013 18:19:20
00368 ys0255-ib  ./main_ball 3 1   Done                     05/15/2013 18:19:20
00371 ys0255-ib   ./main_ball 3 1  Done                     05/15/2013 18:19:20
00372 ys0255-ib   ./main_ball 3 1  Done                     05/15/2013 18:19:20
00373 ys0255-ib   ./main_ball 3 1  Done                     05/15/2013 18:19:20
00374 ys0255-ib   ./main_ball 3 1  Done                     05/15/2013 18:19:20
00375 ys0255-ib   ./main_ball 3 1  Done                     05/15/2013 18:19:20
00376 ys0255-ib   ./main_ball 3 1  Done                     05/15/2013 18:19:20
00377 ys0255-ib   ./main_ball 3 1  Done                     05/15/2013 18:19:20
00378 ys0255-ib   ./main_ball 3 1  Done                     05/15/2013 18:19:20
00380 ys0255-ib   ./main_ball 3 1  Done                     05/15/2013 18:19:20
00379 ys0255-ib   ./main_ball 3 1  Done                     05/15/2013 18:19:20
00381 ys0255-ib   ./main_ball 3 1  Done                     05/15/2013 18:19:20
00382 ys0255-ib   ./main_ball 3 1  Done                     05/15/2013 18:19:20
00383 ys0255-ib   ./main_ball 3 1  Done                     05/15/2013 18:19:20
00370 ys0255-ib   ./main_ball 3 1  Done                     05/15/2013 18:19:20
00369 ys0255-ib   ./main_ball 3 1  Done                     05/15/2013 18:19:20
00352 ys0254-ib  ./main_ball 3 1   Done                     05/15/2013 18:19:20
00359 ys0254-ib   ./main_ball 3 1  Done                     05/15/2013 18:19:20
00363 ys0254-ib   ./main_ball 3 1  Done                     05/15/2013 18:19:20
00364 ys0254-ib   ./main_ball 3 1  Done                     05/15/2013 18:19:20
00367 ys0254-ib   ./main_ball 3 1  Done                     05/15/2013 18:19:20
00353 ys0254-ib   ./main_ball 3 1  Done                     05/15/2013 18:19:20
00354 ys0254-ib   ./main_ball 3 1  Done                     05/15/2013 18:19:20
00355 ys0254-ib   ./main_ball 3 1  Done                     05/15/2013 18:19:20
00356 ys0254-ib   ./main_ball 3 1  Done                     05/15/2013 18:19:20
00357 ys0254-ib   ./main_ball 3 1  Done                     05/15/2013 18:19:20
00358 ys0254-ib   ./main_ball 3 1  Done                     05/15/2013 18:19:20
00360 ys0254-ib   ./main_ball 3 1  Done                     05/15/2013 18:19:20
00361 ys0254-ib   ./main_ball 3 1  Done                     05/15/2013 18:19:20
00362 ys0254-ib   ./main_ball 3 1  Done                     05/15/2013 18:19:20
00365 ys0254-ib   ./main_ball 3 1  Done                     05/15/2013 18:19:20
00366 ys0254-ib   ./main_ball 3 1  Done                     05/15/2013 18:19:20
00336 ys0249-ib  ./main_ball 3 1   Done                     05/15/2013 18:19:20
00337 ys0249-ib   ./main_ball 3 1  Done                     05/15/2013 18:19:20
00338 ys0249-ib   ./main_ball 3 1  Done                     05/15/2013 18:19:20
00340 ys0249-ib   ./main_ball 3 1  Done                     05/15/2013 18:19:20
00339 ys0249-ib   ./main_ball 3 1  Done                     05/15/2013 18:19:20
00341 ys0249-ib   ./main_ball 3 1  Done                     05/15/2013 18:19:20
00342 ys0249-ib   ./main_ball 3 1  Done                     05/15/2013 18:19:20
00347 ys0249-ib   ./main_ball 3 1  Done                     05/15/2013 18:19:20
00348 ys0249-ib   ./main_ball 3 1  Done                     05/15/2013 18:19:20
00350 ys0249-ib   ./main_ball 3 1  Done                     05/15/2013 18:19:20
00349 ys0249-ib   ./main_ball 3 1  Done                     05/15/2013 18:19:20
00343 ys0249-ib   ./main_ball 3 1  Done                     05/15/2013 18:19:20
00344 ys0249-ib   ./main_ball 3 1  Done                     05/15/2013 18:19:20
00345 ys0249-ib   ./main_ball 3 1  Done                     05/15/2013 18:19:20
00346 ys0249-ib   ./main_ball 3 1  Done                     05/15/2013 18:19:20
00351 ys0249-ib   ./main_ball 3 1  Done                     05/15/2013 18:19:20
00320 ys0248-ib  ./main_ball 3 1   Done                     05/15/2013 18:19:20
00333 ys0248-ib   ./main_ball 3 1  Done                     05/15/2013 18:19:20
00334 ys0248-ib   ./main_ball 3 1  Done                     05/15/2013 18:19:20
00335 ys0248-ib   ./main_ball 3 1  Done                     05/15/2013 18:19:20
00321 ys0248-ib   ./main_ball 3 1  Done                     05/15/2013 18:19:20
00322 ys0248-ib   ./main_ball 3 1  Done                     05/15/2013 18:19:20
00323 ys0248-ib   ./main_ball 3 1  Done                     05/15/2013 18:19:20
00324 ys0248-ib   ./main_ball 3 1  Done                     05/15/2013 18:19:20
00325 ys0248-ib   ./main_ball 3 1  Done                     05/15/2013 18:19:20
00326 ys0248-ib   ./main_ball 3 1  Done                     05/15/2013 18:19:20
00327 ys0248-ib   ./main_ball 3 1  Done                     05/15/2013 18:19:20
00328 ys0248-ib   ./main_ball 3 1  Done                     05/15/2013 18:19:20
00330 ys0248-ib   ./main_ball 3 1  Done                     05/15/2013 18:19:20
00329 ys0248-ib   ./main_ball 3 1  Done                     05/15/2013 18:19:20
00331 ys0248-ib   ./main_ball 3 1  Done                     05/15/2013 18:19:20
00332 ys0248-ib   ./main_ball 3 1  Done                     05/15/2013 18:19:20
00304 ys0247-ib  ./main_ball 3 1   Done                     05/15/2013 18:19:20
00305 ys0247-ib   ./main_ball 3 1  Done                     05/15/2013 18:19:20
00314 ys0247-ib   ./main_ball 3 1  Done                     05/15/2013 18:19:20
00315 ys0247-ib   ./main_ball 3 1  Done                     05/15/2013 18:19:20
00316 ys0247-ib   ./main_ball 3 1  Done                     05/15/2013 18:19:20
00317 ys0247-ib   ./main_ball 3 1  Done                     05/15/2013 18:19:20
00318 ys0247-ib   ./main_ball 3 1  Done                     05/15/2013 18:19:20
00319 ys0247-ib   ./main_ball 3 1  Done                     05/15/2013 18:19:20
00306 ys0247-ib   ./main_ball 3 1  Done                     05/15/2013 18:19:20
00307 ys0247-ib   ./main_ball 3 1  Done                     05/15/2013 18:19:20
00308 ys0247-ib   ./main_ball 3 1  Done                     05/15/2013 18:19:20
00310 ys0247-ib   ./main_ball 3 1  Done                     05/15/2013 18:19:20
00309 ys0247-ib   ./main_ball 3 1  Done                     05/15/2013 18:19:20
00311 ys0247-ib   ./main_ball 3 1  Done                     05/15/2013 18:19:20
00312 ys0247-ib   ./main_ball 3 1  Done                     05/15/2013 18:19:20
00313 ys0247-ib   ./main_ball 3 1  Done                     05/15/2013 18:19:20
00288 ys0246-ib  ./main_ball 3 1   Done                     05/15/2013 18:19:20
00300 ys0246-ib   ./main_ball 3 1  Done                     05/15/2013 18:19:20
00290 ys0246-ib   ./main_ball 3 1  Done                     05/15/2013 18:19:20
00292 ys0246-ib   ./main_ball 3 1  Done                     05/15/2013 18:19:20
00303 ys0246-ib   ./main_ball 3 1  Done                     05/15/2013 18:19:20
00293 ys0246-ib   ./main_ball 3 1  Done                     05/15/2013 18:19:20
00294 ys0246-ib   ./main_ball 3 1  Done                     05/15/2013 18:19:20
00295 ys0246-ib   ./main_ball 3 1  Done                     05/15/2013 18:19:20
00297 ys0246-ib   ./main_ball 3 1  Done                     05/15/2013 18:19:20
00289 ys0246-ib   ./main_ball 3 1  Done                     05/15/2013 18:19:20
00301 ys0246-ib   ./main_ball 3 1  Done                     05/15/2013 18:19:20
00291 ys0246-ib   ./main_ball 3 1  Done                     05/15/2013 18:19:20
00302 ys0246-ib   ./main_ball 3 1  Done                     05/15/2013 18:19:20
00296 ys0246-ib   ./main_ball 3 1  Done                     05/15/2013 18:19:20
00298 ys0246-ib   ./main_ball 3 1  Done                     05/15/2013 18:19:20
00299 ys0246-ib   ./main_ball 3 1  Done                     05/15/2013 18:19:20
00272 ys0245-ib  ./main_ball 3 1   Done                     05/15/2013 18:19:20
00285 ys0245-ib   ./main_ball 3 1  Done                     05/15/2013 18:19:20
00277 ys0245-ib   ./main_ball 3 1  Done                     05/15/2013 18:19:20
00278 ys0245-ib   ./main_ball 3 1  Done                     05/15/2013 18:19:20
00286 ys0245-ib   ./main_ball 3 1  Done                     05/15/2013 18:19:20
00287 ys0245-ib   ./main_ball 3 1  Done                     05/15/2013 18:19:20
00273 ys0245-ib   ./main_ball 3 1  Done                     05/15/2013 18:19:20
00274 ys0245-ib   ./main_ball 3 1  Done                     05/15/2013 18:19:20
00275 ys0245-ib   ./main_ball 3 1  Done                     05/15/2013 18:19:20
00276 ys0245-ib   ./main_ball 3 1  Done                     05/15/2013 18:19:20
00280 ys0245-ib   ./main_ball 3 1  Done                     05/15/2013 18:19:20
00279 ys0245-ib   ./main_ball 3 1  Done                     05/15/2013 18:19:20
00281 ys0245-ib   ./main_ball 3 1  Done                     05/15/2013 18:19:20
00282 ys0245-ib   ./main_ball 3 1  Done                     05/15/2013 18:19:20
00283 ys0245-ib   ./main_ball 3 1  Done                     05/15/2013 18:19:20
00284 ys0245-ib   ./main_ball 3 1  Done                     05/15/2013 18:19:20
00256 ys0244-ib  ./main_ball 3 1   Done                     05/15/2013 18:19:20
00257 ys0244-ib   ./main_ball 3 1  Done                     05/15/2013 18:19:20
00259 ys0244-ib   ./main_ball 3 1  Done                     05/15/2013 18:19:20
00266 ys0244-ib   ./main_ball 3 1  Done                     05/15/2013 18:19:20
00267 ys0244-ib   ./main_ball 3 1  Done                     05/15/2013 18:19:20
00268 ys0244-ib   ./main_ball 3 1  Done                     05/15/2013 18:19:20
00270 ys0244-ib   ./main_ball 3 1  Done                     05/15/2013 18:19:20
00269 ys0244-ib   ./main_ball 3 1  Done                     05/15/2013 18:19:20
00271 ys0244-ib   ./main_ball 3 1  Done                     05/15/2013 18:19:20
00258 ys0244-ib   ./main_ball 3 1  Done                     05/15/2013 18:19:20
00260 ys0244-ib   ./main_ball 3 1  Done                     05/15/2013 18:19:20
00261 ys0244-ib   ./main_ball 3 1  Done                     05/15/2013 18:19:20
00262 ys0244-ib   ./main_ball 3 1  Done                     05/15/2013 18:19:20
00263 ys0244-ib   ./main_ball 3 1  Done                     05/15/2013 18:19:20
00264 ys0244-ib   ./main_ball 3 1  Done                     05/15/2013 18:19:20
00265 ys0244-ib   ./main_ball 3 1  Done                     05/15/2013 18:19:20
00240 ys0243-ib  ./main_ball 3 1   Done                     05/15/2013 18:19:20
00243 ys0243-ib   ./main_ball 3 1  Done                     05/15/2013 18:19:20
00247 ys0243-ib   ./main_ball 3 1  Done                     05/15/2013 18:19:20
00248 ys0243-ib   ./main_ball 3 1  Done                     05/15/2013 18:19:20
00250 ys0243-ib   ./main_ball 3 1  Done                     05/15/2013 18:19:20
00249 ys0243-ib   ./main_ball 3 1  Done                     05/15/2013 18:19:20
00251 ys0243-ib   ./main_ball 3 1  Done                     05/15/2013 18:19:20
00252 ys0243-ib   ./main_ball 3 1  Done                     05/15/2013 18:19:20
00253 ys0243-ib   ./main_ball 3 1  Done                     05/15/2013 18:19:20
00254 ys0243-ib   ./main_ball 3 1  Done                     05/15/2013 18:19:20
00255 ys0243-ib   ./main_ball 3 1  Done                     05/15/2013 18:19:20
00241 ys0243-ib   ./main_ball 3 1  Done                     05/15/2013 18:19:20
00242 ys0243-ib   ./main_ball 3 1  Done                     05/15/2013 18:19:20
00244 ys0243-ib   ./main_ball 3 1  Done                     05/15/2013 18:19:20
00245 ys0243-ib   ./main_ball 3 1  Done                     05/15/2013 18:19:20
00246 ys0243-ib   ./main_ball 3 1  Done                     05/15/2013 18:19:20
00224 ys0242-ib  ./main_ball 3 1   Done                     05/15/2013 18:19:20
00228 ys0242-ib   ./main_ball 3 1  Done                     05/15/2013 18:19:20
00230 ys0242-ib   ./main_ball 3 1  Done                     05/15/2013 18:19:20
00229 ys0242-ib   ./main_ball 3 1  Done                     05/15/2013 18:19:20
00231 ys0242-ib   ./main_ball 3 1  Done                     05/15/2013 18:19:20
00232 ys0242-ib   ./main_ball 3 1  Done                     05/15/2013 18:19:20
00233 ys0242-ib   ./main_ball 3 1  Done                     05/15/2013 18:19:20
00234 ys0242-ib   ./main_ball 3 1  Done                     05/15/2013 18:19:20
00235 ys0242-ib   ./main_ball 3 1  Done                     05/15/2013 18:19:20
00236 ys0242-ib   ./main_ball 3 1  Done                     05/15/2013 18:19:20
00237 ys0242-ib   ./main_ball 3 1  Done                     05/15/2013 18:19:20
00238 ys0242-ib   ./main_ball 3 1  Done                     05/15/2013 18:19:20
00239 ys0242-ib   ./main_ball 3 1  Done                     05/15/2013 18:19:20
00225 ys0242-ib   ./main_ball 3 1  Done                     05/15/2013 18:19:20
00226 ys0242-ib   ./main_ball 3 1  Done                     05/15/2013 18:19:20
00227 ys0242-ib   ./main_ball 3 1  Done                     05/15/2013 18:19:20
00208 ys0241-ib  ./main_ball 3 1   Done                     05/15/2013 18:19:20
00210 ys0241-ib   ./main_ball 3 1  Done                     05/15/2013 18:19:20
00214 ys0241-ib   ./main_ball 3 1  Done                     05/15/2013 18:19:20
00209 ys0241-ib   ./main_ball 3 1  Done                     05/15/2013 18:19:20
00211 ys0241-ib   ./main_ball 3 1  Done                     05/15/2013 18:19:20
00212 ys0241-ib   ./main_ball 3 1  Done                     05/15/2013 18:19:20
00213 ys0241-ib   ./main_ball 3 1  Done                     05/15/2013 18:19:20
00215 ys0241-ib   ./main_ball 3 1  Done                     05/15/2013 18:19:20
00216 ys0241-ib   ./main_ball 3 1  Done                     05/15/2013 18:19:20
00217 ys0241-ib   ./main_ball 3 1  Done                     05/15/2013 18:19:20
00218 ys0241-ib   ./main_ball 3 1  Done                     05/15/2013 18:19:20
00220 ys0241-ib   ./main_ball 3 1  Done                     05/15/2013 18:19:20
00219 ys0241-ib   ./main_ball 3 1  Done                     05/15/2013 18:19:20
00221 ys0241-ib   ./main_ball 3 1  Done                     05/15/2013 18:19:20
00222 ys0241-ib   ./main_ball 3 1  Done                     05/15/2013 18:19:20
00223 ys0241-ib   ./main_ball 3 1  Done                     05/15/2013 18:19:20
00192 ys0240-ib  ./main_ball 3 1   Done                     05/15/2013 18:19:20
00194 ys0240-ib   ./main_ball 3 1  Done                     05/15/2013 18:19:20
00199 ys0240-ib   ./main_ball 3 1  Done                     05/15/2013 18:19:20
00200 ys0240-ib   ./main_ball 3 1  Done                     05/15/2013 18:19:20
00201 ys0240-ib   ./main_ball 3 1  Done                     05/15/2013 18:19:20
00202 ys0240-ib   ./main_ball 3 1  Done                     05/15/2013 18:19:20
00203 ys0240-ib   ./main_ball 3 1  Done                     05/15/2013 18:19:20
00193 ys0240-ib   ./main_ball 3 1  Done                     05/15/2013 18:19:20
00204 ys0240-ib   ./main_ball 3 1  Done                     05/15/2013 18:19:20
00205 ys0240-ib   ./main_ball 3 1  Done                     05/15/2013 18:19:20
00195 ys0240-ib   ./main_ball 3 1  Done                     05/15/2013 18:19:20
00206 ys0240-ib   ./main_ball 3 1  Done                     05/15/2013 18:19:20
00196 ys0240-ib   ./main_ball 3 1  Done                     05/15/2013 18:19:20
00207 ys0240-ib   ./main_ball 3 1  Done                     05/15/2013 18:19:20
00197 ys0240-ib   ./main_ball 3 1  Done                     05/15/2013 18:19:20
00198 ys0240-ib   ./main_ball 3 1  Done                     05/15/2013 18:19:20
00176 ys0238-ib  ./main_ball 3 1   Done                     05/15/2013 18:19:20
00181 ys0238-ib   ./main_ball 3 1  Done                     05/15/2013 18:19:20
00183 ys0238-ib   ./main_ball 3 1  Done                     05/15/2013 18:19:20
00184 ys0238-ib   ./main_ball 3 1  Done                     05/15/2013 18:19:20
00187 ys0238-ib   ./main_ball 3 1  Done                     05/15/2013 18:19:20
00189 ys0238-ib   ./main_ball 3 1  Done                     05/15/2013 18:19:20
00191 ys0238-ib   ./main_ball 3 1  Done                     05/15/2013 18:19:20
00177 ys0238-ib   ./main_ball 3 1  Done                     05/15/2013 18:19:20
00178 ys0238-ib   ./main_ball 3 1  Done                     05/15/2013 18:19:20
00180 ys0238-ib   ./main_ball 3 1  Done                     05/15/2013 18:19:20
00179 ys0238-ib   ./main_ball 3 1  Done                     05/15/2013 18:19:20
00182 ys0238-ib   ./main_ball 3 1  Done                     05/15/2013 18:19:20
00185 ys0238-ib   ./main_ball 3 1  Done                     05/15/2013 18:19:20
00186 ys0238-ib   ./main_ball 3 1  Done                     05/15/2013 18:19:20
00188 ys0238-ib   ./main_ball 3 1  Done                     05/15/2013 18:19:20
00190 ys0238-ib   ./main_ball 3 1  Done                     05/15/2013 18:19:20
00160 ys0237-ib  ./main_ball 3 1   Done                     05/15/2013 18:19:20
00162 ys0237-ib   ./main_ball 3 1  Done                     05/15/2013 18:19:20
00163 ys0237-ib   ./main_ball 3 1  Done                     05/15/2013 18:19:20
00164 ys0237-ib   ./main_ball 3 1  Done                     05/15/2013 18:19:20
00165 ys0237-ib   ./main_ball 3 1  Done                     05/15/2013 18:19:20
00166 ys0237-ib   ./main_ball 3 1  Done                     05/15/2013 18:19:20
00167 ys0237-ib   ./main_ball 3 1  Done                     05/15/2013 18:19:20
00168 ys0237-ib   ./main_ball 3 1  Done                     05/15/2013 18:19:20
00170 ys0237-ib   ./main_ball 3 1  Done                     05/15/2013 18:19:20
00169 ys0237-ib   ./main_ball 3 1  Done                     05/15/2013 18:19:20
00171 ys0237-ib   ./main_ball 3 1  Done                     05/15/2013 18:19:20
00172 ys0237-ib   ./main_ball 3 1  Done                     05/15/2013 18:19:20
00173 ys0237-ib   ./main_ball 3 1  Done                     05/15/2013 18:19:20
00174 ys0237-ib   ./main_ball 3 1  Done                     05/15/2013 18:19:20
00175 ys0237-ib   ./main_ball 3 1  Done                     05/15/2013 18:19:20
00161 ys0237-ib   ./main_ball 3 1  Done                     05/15/2013 18:19:20
00144 ys0236-ib  ./main_ball 3 1   Done                     05/15/2013 18:19:20
00145 ys0236-ib   ./main_ball 3 1  Done                     05/15/2013 18:19:20
00146 ys0236-ib   ./main_ball 3 1  Done                     05/15/2013 18:19:20
00147 ys0236-ib   ./main_ball 3 1  Done                     05/15/2013 18:19:20
00150 ys0236-ib   ./main_ball 3 1  Done                     05/15/2013 18:19:20
00149 ys0236-ib   ./main_ball 3 1  Done                     05/15/2013 18:19:20
00152 ys0236-ib   ./main_ball 3 1  Done                     05/15/2013 18:19:20
00158 ys0236-ib   ./main_ball 3 1  Done                     05/15/2013 18:19:20
00159 ys0236-ib   ./main_ball 3 1  Done                     05/15/2013 18:19:20
00148 ys0236-ib   ./main_ball 3 1  Done                     05/15/2013 18:19:20
00151 ys0236-ib   ./main_ball 3 1  Done                     05/15/2013 18:19:20
00153 ys0236-ib   ./main_ball 3 1  Done                     05/15/2013 18:19:20
00154 ys0236-ib   ./main_ball 3 1  Done                     05/15/2013 18:19:20
00155 ys0236-ib   ./main_ball 3 1  Done                     05/15/2013 18:19:20
00156 ys0236-ib   ./main_ball 3 1  Done                     05/15/2013 18:19:20
00157 ys0236-ib   ./main_ball 3 1  Done                     05/15/2013 18:19:20
00128 ys0235-ib  ./main_ball 3 1   Done                     05/15/2013 18:19:20
00130 ys0235-ib   ./main_ball 3 1  Done                     05/15/2013 18:19:20
00129 ys0235-ib   ./main_ball 3 1  Done                     05/15/2013 18:19:20
00133 ys0235-ib   ./main_ball 3 1  Done                     05/15/2013 18:19:20
00134 ys0235-ib   ./main_ball 3 1  Done                     05/15/2013 18:19:20
00140 ys0235-ib   ./main_ball 3 1  Done                     05/15/2013 18:19:20
00142 ys0235-ib   ./main_ball 3 1  Done                     05/15/2013 18:19:20
00143 ys0235-ib   ./main_ball 3 1  Done                     05/15/2013 18:19:20
00131 ys0235-ib   ./main_ball 3 1  Done                     05/15/2013 18:19:20
00132 ys0235-ib   ./main_ball 3 1  Done                     05/15/2013 18:19:20
00135 ys0235-ib   ./main_ball 3 1  Done                     05/15/2013 18:19:20
00136 ys0235-ib   ./main_ball 3 1  Done                     05/15/2013 18:19:20
00137 ys0235-ib   ./main_ball 3 1  Done                     05/15/2013 18:19:20
00138 ys0235-ib   ./main_ball 3 1  Done                     05/15/2013 18:19:20
00139 ys0235-ib   ./main_ball 3 1  Done                     05/15/2013 18:19:20
00141 ys0235-ib   ./main_ball 3 1  Done                     05/15/2013 18:19:20
00112 ys0234-ib  ./main_ball 3 1   Done                     05/15/2013 18:19:20
00114 ys0234-ib   ./main_ball 3 1  Done                     05/15/2013 18:19:20
00124 ys0234-ib   ./main_ball 3 1  Done                     05/15/2013 18:19:20
00125 ys0234-ib   ./main_ball 3 1  Done                     05/15/2013 18:19:20
00126 ys0234-ib   ./main_ball 3 1  Done                     05/15/2013 18:19:20
00127 ys0234-ib   ./main_ball 3 1  Done                     05/15/2013 18:19:20
00113 ys0234-ib   ./main_ball 3 1  Done                     05/15/2013 18:19:20
00115 ys0234-ib   ./main_ball 3 1  Done                     05/15/2013 18:19:20
00116 ys0234-ib   ./main_ball 3 1  Done                     05/15/2013 18:19:20
00117 ys0234-ib   ./main_ball 3 1  Done                     05/15/2013 18:19:20
00118 ys0234-ib   ./main_ball 3 1  Done                     05/15/2013 18:19:20
00120 ys0234-ib   ./main_ball 3 1  Done                     05/15/2013 18:19:20
00119 ys0234-ib   ./main_ball 3 1  Done                     05/15/2013 18:19:20
00121 ys0234-ib   ./main_ball 3 1  Done                     05/15/2013 18:19:20
00122 ys0234-ib   ./main_ball 3 1  Done                     05/15/2013 18:19:20
00123 ys0234-ib   ./main_ball 3 1  Done                     05/15/2013 18:19:20
00096 ys0233-ib  ./main_ball 3 1   Done                     05/15/2013 18:19:20
00098 ys0233-ib   ./main_ball 3 1  Done                     05/15/2013 18:19:20
00105 ys0233-ib   ./main_ball 3 1  Done                     05/15/2013 18:19:20
00106 ys0233-ib   ./main_ball 3 1  Done                     05/15/2013 18:19:20
00107 ys0233-ib   ./main_ball 3 1  Done                     05/15/2013 18:19:20
00108 ys0233-ib   ./main_ball 3 1  Done                     05/15/2013 18:19:20
00110 ys0233-ib   ./main_ball 3 1  Done                     05/15/2013 18:19:20
00109 ys0233-ib   ./main_ball 3 1  Done                     05/15/2013 18:19:20
00111 ys0233-ib   ./main_ball 3 1  Done                     05/15/2013 18:19:20
00097 ys0233-ib   ./main_ball 3 1  Done                     05/15/2013 18:19:20
00099 ys0233-ib   ./main_ball 3 1  Done                     05/15/2013 18:19:20
00100 ys0233-ib   ./main_ball 3 1  Done                     05/15/2013 18:19:20
00101 ys0233-ib   ./main_ball 3 1  Done                     05/15/2013 18:19:20
00102 ys0233-ib   ./main_ball 3 1  Done                     05/15/2013 18:19:20
00103 ys0233-ib   ./main_ball 3 1  Done                     05/15/2013 18:19:20
00104 ys0233-ib   ./main_ball 3 1  Done                     05/15/2013 18:19:20
00080 ys0232-ib  ./main_ball 3 1   Done                     05/15/2013 18:19:20
00082 ys0232-ib   ./main_ball 3 1  Done                     05/15/2013 18:19:20
00090 ys0232-ib   ./main_ball 3 1  Done                     05/15/2013 18:19:20
00089 ys0232-ib   ./main_ball 3 1  Done                     05/15/2013 18:19:20
00091 ys0232-ib   ./main_ball 3 1  Done                     05/15/2013 18:19:20
00092 ys0232-ib   ./main_ball 3 1  Done                     05/15/2013 18:19:20
00093 ys0232-ib   ./main_ball 3 1  Done                     05/15/2013 18:19:20
00094 ys0232-ib   ./main_ball 3 1  Done                     05/15/2013 18:19:20
00095 ys0232-ib   ./main_ball 3 1  Done                     05/15/2013 18:19:20
00081 ys0232-ib   ./main_ball 3 1  Done                     05/15/2013 18:19:20
00083 ys0232-ib   ./main_ball 3 1  Done                     05/15/2013 18:19:20
00084 ys0232-ib   ./main_ball 3 1  Done                     05/15/2013 18:19:20
00085 ys0232-ib   ./main_ball 3 1  Done                     05/15/2013 18:19:20
00086 ys0232-ib   ./main_ball 3 1  Done                     05/15/2013 18:19:20
00087 ys0232-ib   ./main_ball 3 1  Done                     05/15/2013 18:19:20
00088 ys0232-ib   ./main_ball 3 1  Done                     05/15/2013 18:19:20
00064 ys0230-ib  ./main_ball 3 1   Done                     05/15/2013 18:19:20
00066 ys0230-ib   ./main_ball 3 1  Done                     05/15/2013 18:19:20
00071 ys0230-ib   ./main_ball 3 1  Done                     05/15/2013 18:19:20
00072 ys0230-ib   ./main_ball 3 1  Done                     05/15/2013 18:19:20
00073 ys0230-ib   ./main_ball 3 1  Done                     05/15/2013 18:19:20
00074 ys0230-ib   ./main_ball 3 1  Done                     05/15/2013 18:19:20
00075 ys0230-ib   ./main_ball 3 1  Done                     05/15/2013 18:19:20
00076 ys0230-ib   ./main_ball 3 1  Done                     05/15/2013 18:19:20
00077 ys0230-ib   ./main_ball 3 1  Done                     05/15/2013 18:19:20
00078 ys0230-ib   ./main_ball 3 1  Done                     05/15/2013 18:19:20
00079 ys0230-ib   ./main_ball 3 1  Done                     05/15/2013 18:19:20
00065 ys0230-ib   ./main_ball 3 1  Done                     05/15/2013 18:19:20
00067 ys0230-ib   ./main_ball 3 1  Done                     05/15/2013 18:19:20
00068 ys0230-ib   ./main_ball 3 1  Done                     05/15/2013 18:19:20
00070 ys0230-ib   ./main_ball 3 1  Done                     05/15/2013 18:19:20
00069 ys0230-ib   ./main_ball 3 1  Done                     05/15/2013 18:19:20
00048 ys0229-ib  ./main_ball 3 1   Done                     05/15/2013 18:19:20
00052 ys0229-ib   ./main_ball 3 1  Done                     05/15/2013 18:19:20
00053 ys0229-ib   ./main_ball 3 1  Done                     05/15/2013 18:19:20
00054 ys0229-ib   ./main_ball 3 1  Done                     05/15/2013 18:19:20
00055 ys0229-ib   ./main_ball 3 1  Done                     05/15/2013 18:19:20
00056 ys0229-ib   ./main_ball 3 1  Done                     05/15/2013 18:19:20
00057 ys0229-ib   ./main_ball 3 1  Done                     05/15/2013 18:19:20
00058 ys0229-ib   ./main_ball 3 1  Done                     05/15/2013 18:19:20
00060 ys0229-ib   ./main_ball 3 1  Done                     05/15/2013 18:19:20
00059 ys0229-ib   ./main_ball 3 1  Done                     05/15/2013 18:19:20
00061 ys0229-ib   ./main_ball 3 1  Done                     05/15/2013 18:19:20
00062 ys0229-ib   ./main_ball 3 1  Done                     05/15/2013 18:19:20
00063 ys0229-ib   ./main_ball 3 1  Done                     05/15/2013 18:19:20
00050 ys0229-ib   ./main_ball 3 1  Done                     05/15/2013 18:19:20
00049 ys0229-ib   ./main_ball 3 1  Done                     05/15/2013 18:19:20
00051 ys0229-ib   ./main_ball 3 1  Done                     05/15/2013 18:19:20
00032 ys0226-ib  ./main_ball 3 1   Done                     05/15/2013 18:19:20
00034 ys0226-ib   ./main_ball 3 1  Done                     05/15/2013 18:19:20
00033 ys0226-ib   ./main_ball 3 1  Done                     05/15/2013 18:19:20
00035 ys0226-ib   ./main_ball 3 1  Done                     05/15/2013 18:19:20
00036 ys0226-ib   ./main_ball 3 1  Done                     05/15/2013 18:19:20
00037 ys0226-ib   ./main_ball 3 1  Done                     05/15/2013 18:19:20
00038 ys0226-ib   ./main_ball 3 1  Done                     05/15/2013 18:19:20
00040 ys0226-ib   ./main_ball 3 1  Done                     05/15/2013 18:19:20
00039 ys0226-ib   ./main_ball 3 1  Done                     05/15/2013 18:19:20
00041 ys0226-ib   ./main_ball 3 1  Done                     05/15/2013 18:19:20
00042 ys0226-ib   ./main_ball 3 1  Done                     05/15/2013 18:19:20
00043 ys0226-ib   ./main_ball 3 1  Done                     05/15/2013 18:19:20
00044 ys0226-ib   ./main_ball 3 1  Done                     05/15/2013 18:19:20
00045 ys0226-ib   ./main_ball 3 1  Done                     05/15/2013 18:19:20
00046 ys0226-ib   ./main_ball 3 1  Done                     05/15/2013 18:19:20
00047 ys0226-ib   ./main_ball 3 1  Done                     05/15/2013 18:19:20
00016 ys0225-ib  ./main_ball 3 1   Done                     05/15/2013 18:19:20
00020 ys0225-ib   ./main_ball 3 1  Done                     05/15/2013 18:19:20
00019 ys0225-ib   ./main_ball 3 1  Done                     05/15/2013 18:19:20
00021 ys0225-ib   ./main_ball 3 1  Done                     05/15/2013 18:19:20
00022 ys0225-ib   ./main_ball 3 1  Done                     05/15/2013 18:19:20
00017 ys0225-ib   ./main_ball 3 1  Done                     05/15/2013 18:19:20
00018 ys0225-ib   ./main_ball 3 1  Done                     05/15/2013 18:19:20
00023 ys0225-ib   ./main_ball 3 1  Done                     05/15/2013 18:19:20
00024 ys0225-ib   ./main_ball 3 1  Done                     05/15/2013 18:19:20
00025 ys0225-ib   ./main_ball 3 1  Done                     05/15/2013 18:19:20
00026 ys0225-ib   ./main_ball 3 1  Done                     05/15/2013 18:19:20
00027 ys0225-ib   ./main_ball 3 1  Done                     05/15/2013 18:19:20
00028 ys0225-ib   ./main_ball 3 1  Done                     05/15/2013 18:19:20
00030 ys0225-ib   ./main_ball 3 1  Done                     05/15/2013 18:19:20
00029 ys0225-ib   ./main_ball 3 1  Done                     05/15/2013 18:19:20
00031 ys0225-ib   ./main_ball 3 1  Done                     05/15/2013 18:19:20
00000 ys0224-ib  ./main_ball 3 1   Done                     05/15/2013 18:19:20
00003 ys0224-ib   ./main_ball 3 1  Done                     05/15/2013 18:19:20
00004 ys0224-ib   ./main_ball 3 1  Done                     05/15/2013 18:19:20
00005 ys0224-ib   ./main_ball 3 1  Done                     05/15/2013 18:19:20
00001 ys0224-ib   ./main_ball 3 1  Done                     05/15/2013 18:19:20
00002 ys0224-ib   ./main_ball 3 1  Done                     05/15/2013 18:19:20
00014 ys0224-ib   ./main_ball 3 1  Done                     05/15/2013 18:19:20
00015 ys0224-ib   ./main_ball 3 1  Done                     05/15/2013 18:19:20
00006 ys0224-ib   ./main_ball 3 1  Done                     05/15/2013 18:19:20
00007 ys0224-ib   ./main_ball 3 1  Done                     05/15/2013 18:19:20
00008 ys0224-ib   ./main_ball 3 1  Done                     05/15/2013 18:19:20
00009 ys0224-ib   ./main_ball 3 1  Done                     05/15/2013 18:19:20
00010 ys0224-ib   ./main_ball 3 1  Done                     05/15/2013 18:19:20
00011 ys0224-ib   ./main_ball 3 1  Done                     05/15/2013 18:19:20
00012 ys0224-ib   ./main_ball 3 1  Done                     05/15/2013 18:19:20
00013 ys0224-ib   ./main_ball 3 1  Done                     05/15/2013 18:19:20

------------------------------------------------------------
Sender: LSF System <lsfadmin@ys0224-ib>
Subject: Job 663024: <mb.512> Done

Job <mb.512> was submitted from host <yslogin1-ib> by user <robertk> in cluster <yellowstone>.
Job was executed on host(s) <16*ys0224-ib>, in queue <small>, as user <robertk> in cluster <yellowstone>.
                            <16*ys0225-ib>
                            <16*ys0226-ib>
                            <16*ys0229-ib>
                            <16*ys0230-ib>
                            <16*ys0232-ib>
                            <16*ys0233-ib>
                            <16*ys0234-ib>
                            <16*ys0235-ib>
                            <16*ys0236-ib>
                            <16*ys0237-ib>
                            <16*ys0238-ib>
                            <16*ys0240-ib>
                            <16*ys0241-ib>
                            <16*ys0242-ib>
                            <16*ys0243-ib>
                            <16*ys0244-ib>
                            <16*ys0245-ib>
                            <16*ys0246-ib>
                            <16*ys0247-ib>
                            <16*ys0248-ib>
                            <16*ys0249-ib>
                            <16*ys0254-ib>
                            <16*ys0255-ib>
                            <16*ys0257-ib>
                            <16*ys0258-ib>
                            <16*ys0259-ib>
                            <16*ys0260-ib>
                            <16*ys0261-ib>
                            <16*ys0262-ib>
                            <16*ys0263-ib>
                            <16*ys0264-ib>
</glade/u/home/robertk> was used as the home directory.
</glade/u/home/robertk/work/Dune/trunk/alugrid/examples> was used as the working directory.
Started at Wed May 15 18:17:41 2013
Results reported at Wed May 15 18:19:24 2013

Your job looked like:

------------------------------------------------------------
# LSBATCH: User input
#!/bin/bash
# LSF batch script to run an MPI application
#
#BSUB -P P86850055           # project code
#BSUB -W 00:30               # wall-clock time (hrs:mins)
#BSUB -n 512              # number of tasks in job
#BSUB -R span[ptile=16]    # run 16 MPI tasks per node
#BSUB -J mb.512            # job name
#BSUB -o ./out/mb.512.%J.out  # output file name 
#BSUB -e ./err/mb.512.%J.err  # error file name
#BSUB -q small             # queue
#run the executable
mpirun.lsf ./main_ball 3 1 4 none

------------------------------------------------------------

Successfully completed.

Resource usage summary:

    CPU time   :  46049.97 sec.
    Max Memory :       164 MB
    Max Swap   :      3049 MB

    Max Processes  :         7
    Max Threads    :        77

The output (if any) is above this job summary.



PS:

Read file <./err/mb.512.663024.err> for stderr output of this job.

