Caught DGFException on creation of SGrid, trying default DGF method!

Created parallel ALUGrid<3,3,cube,nonconforming> from macro grid file ''. 

globalRefine: 1
elements = 7288191 (84048,119569,1.42263)   maxLevel = 4   step = 12   time = 0.108   dt = 0.009
elements = 7175267 (57731,117708,2.0389)   maxLevel = 4   step = 23   time = 0.207   dt = 0.009
elements = 7151761 (79935,117326,1.46777)   maxLevel = 4   step = 34   time = 0.306   dt = 0.009
elements = 7337947 (89039,120388,1.35208)   maxLevel = 4   step = 45   time = 0.405   dt = 0.009
elements = 7069889 (67620,115990,1.71532)   maxLevel = 4   step = 56   time = 0.504   dt = 0.009
elements = 7329498 (80448,120249,1.49474)   maxLevel = 4   step = 67   time = 0.603   dt = 0.009
elements = 7193264 (88718,118014,1.33021)   maxLevel = 4   step = 78   time = 0.702   dt = 0.009
elements = 7098841 (62772,116465,1.85537)   maxLevel = 4   step = 89   time = 0.801   dt = 0.009
elements = 7273330 (63541,119319,1.87783)   maxLevel = 4   step = 100   time = 0.9   dt = 0.009
elements = 6999756 (74126,114837,1.54921)   maxLevel = 4   step = 112   time = 1.008   dt = 0.009
U2 max: 17.73  min: 12.95
U3 max: 0.01  min: 0
U4 max: 2.14  min: 1.92
U5 max: 8.59  min: 5.43
U6 max: 0  min: 0
U7 max: 79.98  min: 75.41
U8 max: 21.13  min: 16.41
Program finished: CPU time = 189.437 sec.
Job  /ncar/opt/lsf/8.3/linux2.6-glibc2.3-x86_64/bin/poejob ./main_ball 3 1 4 none

TID   HOST_NAME   COMMAND_LINE            STATUS            TERMINATION_TIME
===== ========== ================  =======================  ===================
00048 ys0152-ib  ./main_ball 3 1   Done                     05/15/2013 18:20:58
00050 ys0152-ib   ./main_ball 3 1  Done                     05/15/2013 18:20:58
00052 ys0152-ib   ./main_ball 3 1  Done                     05/15/2013 18:20:58
00053 ys0152-ib   ./main_ball 3 1  Done                     05/15/2013 18:20:58
00054 ys0152-ib   ./main_ball 3 1  Done                     05/15/2013 18:20:58
00055 ys0152-ib   ./main_ball 3 1  Done                     05/15/2013 18:20:58
00056 ys0152-ib   ./main_ball 3 1  Done                     05/15/2013 18:20:58
00057 ys0152-ib   ./main_ball 3 1  Done                     05/15/2013 18:20:58
00058 ys0152-ib   ./main_ball 3 1  Done                     05/15/2013 18:20:58
00060 ys0152-ib   ./main_ball 3 1  Done                     05/15/2013 18:20:58
00059 ys0152-ib   ./main_ball 3 1  Done                     05/15/2013 18:20:58
00061 ys0152-ib   ./main_ball 3 1  Done                     05/15/2013 18:20:58
00062 ys0152-ib   ./main_ball 3 1  Done                     05/15/2013 18:20:58
00063 ys0152-ib   ./main_ball 3 1  Done                     05/15/2013 18:20:58
00049 ys0152-ib   ./main_ball 3 1  Done                     05/15/2013 18:20:58
00051 ys0152-ib   ./main_ball 3 1  Done                     05/15/2013 18:20:58
00032 ys0151-ib  ./main_ball 3 1   Done                     05/15/2013 18:20:58
00033 ys0151-ib   ./main_ball 3 1  Done                     05/15/2013 18:20:58
00034 ys0151-ib   ./main_ball 3 1  Done                     05/15/2013 18:20:58
00035 ys0151-ib   ./main_ball 3 1  Done                     05/15/2013 18:20:58
00036 ys0151-ib   ./main_ball 3 1  Done                     05/15/2013 18:20:58
00037 ys0151-ib   ./main_ball 3 1  Done                     05/15/2013 18:20:58
00038 ys0151-ib   ./main_ball 3 1  Done                     05/15/2013 18:20:58
00040 ys0151-ib   ./main_ball 3 1  Done                     05/15/2013 18:20:58
00039 ys0151-ib   ./main_ball 3 1  Done                     05/15/2013 18:20:58
00041 ys0151-ib   ./main_ball 3 1  Done                     05/15/2013 18:20:58
00042 ys0151-ib   ./main_ball 3 1  Done                     05/15/2013 18:20:58
00043 ys0151-ib   ./main_ball 3 1  Done                     05/15/2013 18:20:58
00044 ys0151-ib   ./main_ball 3 1  Done                     05/15/2013 18:20:58
00045 ys0151-ib   ./main_ball 3 1  Done                     05/15/2013 18:20:58
00046 ys0151-ib   ./main_ball 3 1  Done                     05/15/2013 18:20:58
00047 ys0151-ib   ./main_ball 3 1  Done                     05/15/2013 18:20:58
00016 ys0149-ib  ./main_ball 3 1   Done                     05/15/2013 18:20:58
00017 ys0149-ib   ./main_ball 3 1  Done                     05/15/2013 18:20:58
00018 ys0149-ib   ./main_ball 3 1  Done                     05/15/2013 18:20:58
00020 ys0149-ib   ./main_ball 3 1  Done                     05/15/2013 18:20:58
00019 ys0149-ib   ./main_ball 3 1  Done                     05/15/2013 18:20:58
00021 ys0149-ib   ./main_ball 3 1  Done                     05/15/2013 18:20:58
00022 ys0149-ib   ./main_ball 3 1  Done                     05/15/2013 18:20:58
00023 ys0149-ib   ./main_ball 3 1  Done                     05/15/2013 18:20:58
00024 ys0149-ib   ./main_ball 3 1  Done                     05/15/2013 18:20:58
00025 ys0149-ib   ./main_ball 3 1  Done                     05/15/2013 18:20:58
00026 ys0149-ib   ./main_ball 3 1  Done                     05/15/2013 18:20:58
00027 ys0149-ib   ./main_ball 3 1  Done                     05/15/2013 18:20:58
00028 ys0149-ib   ./main_ball 3 1  Done                     05/15/2013 18:20:58
00030 ys0149-ib   ./main_ball 3 1  Done                     05/15/2013 18:20:58
00029 ys0149-ib   ./main_ball 3 1  Done                     05/15/2013 18:20:58
00031 ys0149-ib   ./main_ball 3 1  Done                     05/15/2013 18:20:58
00000 ys0148-ib  ./main_ball 3 1   Done                     05/15/2013 18:20:58
00014 ys0148-ib   ./main_ball 3 1  Done                     05/15/2013 18:20:58
00003 ys0148-ib   ./main_ball 3 1  Done                     05/15/2013 18:20:58
00015 ys0148-ib   ./main_ball 3 1  Done                     05/15/2013 18:20:58
00004 ys0148-ib   ./main_ball 3 1  Done                     05/15/2013 18:20:58
00005 ys0148-ib   ./main_ball 3 1  Done                     05/15/2013 18:20:58
00006 ys0148-ib   ./main_ball 3 1  Done                     05/15/2013 18:20:58
00007 ys0148-ib   ./main_ball 3 1  Done                     05/15/2013 18:20:58
00008 ys0148-ib   ./main_ball 3 1  Done                     05/15/2013 18:20:58
00009 ys0148-ib   ./main_ball 3 1  Done                     05/15/2013 18:20:58
00010 ys0148-ib   ./main_ball 3 1  Done                     05/15/2013 18:20:58
00011 ys0148-ib   ./main_ball 3 1  Done                     05/15/2013 18:20:58
00012 ys0148-ib   ./main_ball 3 1  Done                     05/15/2013 18:20:58
00001 ys0148-ib   ./main_ball 3 1  Done                     05/15/2013 18:20:58
00013 ys0148-ib   ./main_ball 3 1  Done                     05/15/2013 18:20:58
00002 ys0148-ib   ./main_ball 3 1  Done                     05/15/2013 18:20:58

------------------------------------------------------------
Sender: LSF System <lsfadmin@ys0148-ib>
Subject: Job 663021: <mb.64> Done

Job <mb.64> was submitted from host <yslogin1-ib> by user <robertk> in cluster <yellowstone>.
Job was executed on host(s) <16*ys0148-ib>, in queue <small>, as user <robertk> in cluster <yellowstone>.
                            <16*ys0149-ib>
                            <16*ys0151-ib>
                            <16*ys0152-ib>
</glade/u/home/robertk> was used as the home directory.
</glade/u/home/robertk/work/Dune/trunk/alugrid/examples> was used as the working directory.
Started at Wed May 15 18:17:41 2013
Results reported at Wed May 15 18:21:03 2013

Your job looked like:

------------------------------------------------------------
# LSBATCH: User input
#!/bin/bash
# LSF batch script to run an MPI application
#
#BSUB -P P86850055           # project code
#BSUB -W 00:30               # wall-clock time (hrs:mins)
#BSUB -n 64              # number of tasks in job
#BSUB -R span[ptile=16]    # run 16 MPI tasks per node
#BSUB -J mb.64            # job name
#BSUB -o ./out/mb.64.%J.out  # output file name 
#BSUB -e ./err/mb.64.%J.err  # error file name
#BSUB -q small             # queue
#run the executable
mpirun.lsf ./main_ball 3 1 4 none

------------------------------------------------------------

Successfully completed.

Resource usage summary:

    CPU time   :  12176.94 sec.
    Max Memory :       151 MB
    Max Swap   :      1133 MB

    Max Processes  :         7
    Max Threads    :        21

The output (if any) is above this job summary.



PS:

Read file <./err/mb.64.663021.err> for stderr output of this job.

