Execute poe command line: poe  ./main_ball 4 0 3 none
Caught DGFException on creation of SGrid, trying default DGF method!

Created parallel ALUGrid<3,3,cube,nonconforming> from macro grid file ''. 

globalRefine: 0
elements = 7325634 (6653,7646,1.14926)   maxLevel = 3   step = 12   time = 0.108   dt = 0.009
elements = 7215258 (6589,7536,1.14372)   maxLevel = 3   step = 23   time = 0.207   dt = 0.009
elements = 7166076 (6507,7485,1.1503)   maxLevel = 3   step = 34   time = 0.306   dt = 0.009
elements = 7334160 (6656,7653,1.14979)   maxLevel = 3   step = 45   time = 0.405   dt = 0.009
elements = 7067845 (6391,7383,1.15522)   maxLevel = 3   step = 56   time = 0.504   dt = 0.009
elements = 7323786 (6651,7626,1.14659)   maxLevel = 3   step = 67   time = 0.603   dt = 0.009
elements = 7214726 (6570,7542,1.14795)   maxLevel = 3   step = 78   time = 0.702   dt = 0.009
elements = 7129872 (6486,7456,1.14955)   maxLevel = 3   step = 89   time = 0.801   dt = 0.009
elements = 7318179 (6656,7632,1.14663)   maxLevel = 3   step = 100   time = 0.9   dt = 0.009
elements = 7049820 (6374,7375,1.15704)   maxLevel = 3   step = 112   time = 1.008   dt = 0.009
U2 max: 0.72  min: 0.45
U3 max: 0.03  min: 0
U4 max: 13.17  min: 6.8
U5 max: 0.23  min: 0
U6 max: 16.13  min: 9.27
U7 max: 0.56  min: 0
U8 max: 16.1  min: 8.62
Program finished: CPU time = 42.7855 sec.

------------------------------------------------------------
Sender: LSF System <lsfadmin@ys1509-ib>
Subject: Job 927777: <mb.1024> in cluster <yellowstone> Done

Job <mb.1024> was submitted from host <yslogin3-ib> by user <robertk> in cluster <yellowstone>.
Job was executed on host(s) <16*ys1509-ib>, in queue <small>, as user <robertk> in cluster <yellowstone>.
                            <16*ys1513-ib>
                            <16*ys1515-ib>
                            <16*ys1516-ib>
                            <16*ys1519-ib>
                            <16*ys1520-ib>
                            <16*ys1521-ib>
                            <16*ys1623-ib>
                            <16*ys1624-ib>
                            <16*ys2133-ib>
                            <16*ys2134-ib>
                            <16*ys2135-ib>
                            <16*ys2136-ib>
                            <16*ys2137-ib>
                            <16*ys2138-ib>
                            <16*ys2139-ib>
                            <16*ys2140-ib>
                            <16*ys2141-ib>
                            <16*ys2142-ib>
                            <16*ys2259-ib>
                            <16*ys2322-ib>
                            <16*ys2323-ib>
                            <16*ys2327-ib>
                            <16*ys2338-ib>
                            <16*ys2339-ib>
                            <16*ys2341-ib>
                            <16*ys2344-ib>
                            <16*ys2345-ib>
                            <16*ys2346-ib>
                            <16*ys2347-ib>
                            <16*ys2348-ib>
                            <16*ys2349-ib>
                            <16*ys2350-ib>
                            <16*ys2351-ib>
                            <16*ys2352-ib>
                            <16*ys2353-ib>
                            <16*ys2354-ib>
                            <16*ys2355-ib>
                            <16*ys2356-ib>
                            <16*ys2357-ib>
                            <16*ys2358-ib>
                            <16*ys2359-ib>
                            <16*ys2360-ib>
                            <16*ys2455-ib>
                            <16*ys2457-ib>
                            <16*ys2458-ib>
                            <16*ys2534-ib>
                            <16*ys2535-ib>
                            <16*ys2547-ib>
                            <16*ys2555-ib>
                            <16*ys2556-ib>
                            <16*ys2557-ib>
                            <16*ys2558-ib>
                            <16*ys2608-ib>
                            <16*ys2618-ib>
                            <16*ys2619-ib>
                            <16*ys2620-ib>
                            <16*ys2621-ib>
                            <16*ys2622-ib>
                            <16*ys3240-ib>
                            <16*ys3241-ib>
                            <16*ys3242-ib>
                            <16*ys3466-ib>
                            <16*ys3467-ib>
</glade/u/home/robertk> was used as the home directory.
</glade/u/home/robertk/work/Dune/trunk/alugrid/examples/run/mb_alusfc_403> was used as the working directory.
Started at Thu Feb 20 20:14:30 2014
Results reported at Thu Feb 20 20:16:02 2014

Your job looked like:

------------------------------------------------------------
# LSBATCH: User input
#!/bin/bash
# LSF batch script to run an MPI application
#
#BSUB -P P86850055           # project code
#BSUB -W 00:30               # wall-clock time (hrs:mins)
#BSUB -n 1024              # number of tasks in job
#BSUB -R span[ptile=16]    # run 16 MPI tasks per node
#BSUB -J mb.1024            # job name
#BSUB -o ./mb.1024.out  # output file name 
#BSUB -e ./mb.1024.err  # error file name
#BSUB -q small             # queue
#run the executable
export MP_CSS_INTERRUPT=yes
export MP_EAGER_LIMIT=4194305
export MP_EAGER_LIMIT_LOCAL=4194305
mpirun.lsf ./main_ball 4 0 3 none

------------------------------------------------------------

Successfully completed.

Resource usage summary:

    CPU time :               55541.00 sec.
    Max Memory :             2055 MB
    Average Memory :         1038.00 MB
    Total Requested Memory : -
    Delta Memory :           -
    (Delta: the difference between total requested memory and actual max usage.)
    Max Processes :          29
    Max Threads :            137

The output (if any) is above this job summary.



PS:

Read file <./mb.1024.err> for stderr output of this job.

