Execute poe command line: poe  ./main_ball 4 0 3 none
Caught DGFException on creation of SGrid, trying default DGF method!

Created parallel ALUGrid<3,3,cube,nonconforming> from macro grid file ''. 

globalRefine: 0
elements = 7304515 (11776,29959,2.54407)   maxLevel = 3   step = 12   time = 0.108   dt = 0.009
elements = 7198094 (0,29640,inf)   maxLevel = 3   step = 23   time = 0.207   dt = 0.009
elements = 7154967 (14680,29390,2.00204)   maxLevel = 3   step = 34   time = 0.306   dt = 0.009
elements = 7309821 (3438,29981,8.72048)   maxLevel = 3   step = 45   time = 0.405   dt = 0.009
elements = 7047034 (15616,28951,1.85393)   maxLevel = 3   step = 56   time = 0.504   dt = 0.009
elements = 7298607 (3584,29935,8.3524)   maxLevel = 3   step = 67   time = 0.603   dt = 0.009
elements = 7191080 (14526,29494,2.03043)   maxLevel = 3   step = 78   time = 0.702   dt = 0.009
elements = 7121521 (14968,29209,1.95143)   maxLevel = 3   step = 89   time = 0.801   dt = 0.009
elements = 7305327 (13201,30012,2.27346)   maxLevel = 3   step = 100   time = 0.9   dt = 0.009

------------------------------------------------------------
Sender: LSF System <lsfadmin@ys0967-ib>
Subject: Job 932229: <mb.256> in cluster <yellowstone> Exited

Job <mb.256> was submitted from host <yslogin3-ib> by user <robertk> in cluster <yellowstone>.
Job was executed on host(s) <16*ys0967-ib>, in queue <small>, as user <robertk> in cluster <yellowstone>.
                            <16*ys1169-ib>
                            <16*ys1212-ib>
                            <16*ys1213-ib>
                            <16*ys1802-ib>
                            <16*ys1803-ib>
                            <16*ys1826-ib>
                            <16*ys1827-ib>
                            <16*ys2519-ib>
                            <16*ys2521-ib>
                            <16*ys2522-ib>
                            <16*ys2523-ib>
                            <16*ys2623-ib>
                            <16*ys2845-ib>
                            <16*ys2847-ib>
                            <16*ys2848-ib>
</glade/u/home/robertk> was used as the home directory.
</glade/u/home/robertk/work/Dune/trunk/alugrid/examples/run/mb_zgraph_403> was used as the working directory.
Started at Fri Feb 21 09:58:10 2014
Results reported at Fri Feb 21 10:29:07 2014

Your job looked like:

------------------------------------------------------------
# LSBATCH: User input
#!/bin/bash
# LSF batch script to run an MPI application
#
#BSUB -P P86850055           # project code
#BSUB -W 00:20               # wall-clock time (hrs:mins)
#BSUB -n 256              # number of tasks in job
#BSUB -R span[ptile=16]    # run 16 MPI tasks per node
#BSUB -J mb.256            # job name
#BSUB -o ./mb.256.out  # output file name 
#BSUB -e ./mb.256.err  # error file name
#BSUB -q small             # queue
#run the executable
export MP_CSS_INTERRUPT=yes
export MP_EAGER_LIMIT=4194305
export MP_EAGER_LIMIT_LOCAL=4194305
mpirun.lsf ./main_ball 4 0 3 none

------------------------------------------------------------

TERM_RUNLIMIT: job killed after reaching LSF run time limit.
Exited
The output (if any) is above this job summary.



PS:

Read file <./mb.256.err> for stderr output of this job.

