Execute poe command line: poe  ./main_ball 4 0 3 none
Caught DGFException on creation of SGrid, trying default DGF method!

Created parallel ALUGrid<3,3,cube,nonconforming> from macro grid file ''. 

globalRefine: 0
elements = 7316359 (202124,240068,1.18773)   maxLevel = 3   step = 12   time = 0.108   dt = 0.009
elements = 7205136 (173579,236388,1.36185)   maxLevel = 3   step = 23   time = 0.207   dt = 0.009
elements = 7153861 (192280,234736,1.2208)   maxLevel = 3   step = 34   time = 0.306   dt = 0.009
elements = 7322743 (181643,240277,1.3228)   maxLevel = 3   step = 45   time = 0.405   dt = 0.009
elements = 7051374 (150889,231373,1.5334)   maxLevel = 3   step = 56   time = 0.504   dt = 0.009

------------------------------------------------------------
Sender: LSF System <lsfadmin@ys6268-ib>
Subject: Job 932226: <mb.32> in cluster <yellowstone> Exited

Job <mb.32> was submitted from host <yslogin3-ib> by user <robertk> in cluster <yellowstone>.
Job was executed on host(s) <16*ys6268-ib>, in queue <small>, as user <robertk> in cluster <yellowstone>.
                            <16*ys6271-ib>
</glade/u/home/robertk> was used as the home directory.
</glade/u/home/robertk/work/Dune/trunk/alugrid/examples/run/mb_zgraph_403> was used as the working directory.
Started at Fri Feb 21 09:57:36 2014
Results reported at Fri Feb 21 10:27:40 2014

Your job looked like:

------------------------------------------------------------
# LSBATCH: User input
#!/bin/bash
# LSF batch script to run an MPI application
#
#BSUB -P P86850055           # project code
#BSUB -W 00:20               # wall-clock time (hrs:mins)
#BSUB -n 32              # number of tasks in job
#BSUB -R span[ptile=16]    # run 16 MPI tasks per node
#BSUB -J mb.32            # job name
#BSUB -o ./mb.32.out  # output file name 
#BSUB -e ./mb.32.err  # error file name
#BSUB -q small             # queue
#run the executable
export MP_CSS_INTERRUPT=yes
export MP_EAGER_LIMIT=4194305
export MP_EAGER_LIMIT_LOCAL=4194305
mpirun.lsf ./main_ball 4 0 3 none

------------------------------------------------------------

TERM_RUNLIMIT: job killed after reaching LSF run time limit.
Exited
The output (if any) is above this job summary.



PS:

Read file <./mb.32.err> for stderr output of this job.

