Execute poe command line: poe  ./main_ball 4 0 3 none
Caught DGFException on creation of SGrid, trying default DGF method!

Created parallel ALUGrid<3,3,cube,nonconforming> from macro grid file ''. 

globalRefine: 0
elements = 7302653 (80171,119809,1.49442)   maxLevel = 3   step = 12   time = 0.108   dt = 0.009
elements = 7197569 (79111,118082,1.49261)   maxLevel = 3   step = 23   time = 0.207   dt = 0.009
elements = 7158026 (75366,117431,1.55814)   maxLevel = 3   step = 34   time = 0.306   dt = 0.009
elements = 7317850 (34946,120056,3.43547)   maxLevel = 3   step = 45   time = 0.405   dt = 0.009
elements = 7050716 (76659,115675,1.50896)   maxLevel = 3   step = 56   time = 0.504   dt = 0.009
elements = 7296493 (63301,119708,1.89109)   maxLevel = 3   step = 67   time = 0.603   dt = 0.009

------------------------------------------------------------
Sender: LSF System <lsfadmin@ys6302-ib>
Subject: Job 932227: <mb.64> in cluster <yellowstone> Exited

Job <mb.64> was submitted from host <yslogin3-ib> by user <robertk> in cluster <yellowstone>.
Job was executed on host(s) <16*ys6302-ib>, in queue <small>, as user <robertk> in cluster <yellowstone>.
                            <16*ys6305-ib>
                            <16*ys6306-ib>
                            <16*ys6313-ib>
</glade/u/home/robertk> was used as the home directory.
</glade/u/home/robertk/work/Dune/trunk/alugrid/examples/run/mb_zgraph_403> was used as the working directory.
Started at Fri Feb 21 09:57:36 2014
Results reported at Fri Feb 21 10:27:39 2014

Your job looked like:

------------------------------------------------------------
# LSBATCH: User input
#!/bin/bash
# LSF batch script to run an MPI application
#
#BSUB -P P86850055           # project code
#BSUB -W 00:20               # wall-clock time (hrs:mins)
#BSUB -n 64              # number of tasks in job
#BSUB -R span[ptile=16]    # run 16 MPI tasks per node
#BSUB -J mb.64            # job name
#BSUB -o ./mb.64.out  # output file name 
#BSUB -e ./mb.64.err  # error file name
#BSUB -q small             # queue
#run the executable
export MP_CSS_INTERRUPT=yes
export MP_EAGER_LIMIT=4194305
export MP_EAGER_LIMIT_LOCAL=4194305
mpirun.lsf ./main_ball 4 0 3 none

------------------------------------------------------------

TERM_RUNLIMIT: job killed after reaching LSF run time limit.
Exited
The output (if any) is above this job summary.



PS:

Read file <./mb.64.err> for stderr output of this job.

