Execute poe command line: poe  ./main_ball 4 0 3 none
Caught DGFException on creation of SGrid, trying default DGF method!

Created parallel ALUGrid<3,3,cube,nonconforming> from macro grid file ''. 

globalRefine: 0
elements = 7321322 (56792,57701,1.01601)   maxLevel = 3   step = 12   time = 0.108   dt = 0.009
elements = 7210897 (55843,56790,1.01696)   maxLevel = 3   step = 23   time = 0.207   dt = 0.009
elements = 7158299 (55432,56427,1.01795)   maxLevel = 3   step = 34   time = 0.306   dt = 0.009
elements = 7327006 (56774,57723,1.01672)   maxLevel = 3   step = 45   time = 0.405   dt = 0.009
elements = 7058969 (54726,55599,1.01595)   maxLevel = 3   step = 56   time = 0.504   dt = 0.009
elements = 7315484 (56682,57647,1.01702)   maxLevel = 3   step = 67   time = 0.603   dt = 0.009
elements = 7207999 (55802,56810,1.01806)   maxLevel = 3   step = 78   time = 0.702   dt = 0.009
elements = 7125532 (55194,56142,1.01718)   maxLevel = 3   step = 89   time = 0.801   dt = 0.009
elements = 7306251 (56629,57589,1.01695)   maxLevel = 3   step = 100   time = 0.9   dt = 0.009
elements = 7049673 (54615,55465,1.01556)   maxLevel = 3   step = 112   time = 1.008   dt = 0.009
U2 max: 0.97  min: 0.44
U3 max: 0.03  min: 0
U4 max: 52.6  min: 39.76
U5 max: 1.29  min: 0.24
U6 max: 42.21  min: 33.29
U7 max: 1.32  min: 0.01
U8 max: 59.16  min: 48.29
Program finished: CPU time = 135.043 sec.

------------------------------------------------------------
Sender: LSF System <lsfadmin@ys6227-ib>
Subject: Job 920563: <mb.128> in cluster <yellowstone> Done

Job <mb.128> was submitted from host <yslogin3-ib> by user <robertk> in cluster <yellowstone>.
Job was executed on host(s) <16*ys6227-ib>, in queue <small>, as user <robertk> in cluster <yellowstone>.
                            <16*ys6228-ib>
                            <16*ys6236-ib>
                            <16*ys6243-ib>
                            <16*ys6244-ib>
                            <16*ys6245-ib>
                            <16*ys6246-ib>
                            <16*ys6247-ib>
</glade/u/home/robertk> was used as the home directory.
</glade/u/home/robertk/work/Dune/trunk/alugrid/examples> was used as the working directory.
Started at Wed Feb 19 16:34:32 2014
Results reported at Wed Feb 19 16:37:58 2014

Your job looked like:

------------------------------------------------------------
# LSBATCH: User input
#!/bin/bash
# LSF batch script to run an MPI application
#
#BSUB -P P86850055           # project code
#BSUB -W 00:30               # wall-clock time (hrs:mins)
#BSUB -n 128              # number of tasks in job
#BSUB -R span[ptile=16]    # run 16 MPI tasks per node
#BSUB -J mb.128            # job name
#BSUB -o ./out/mb.128.%J.out  # output file name 
#BSUB -e ./err/mb.128.%J.err  # error file name
#BSUB -q small             # queue
#run the executable
export MP_CSS_INTERRUPT=yes
export MP_EAGER_LIMIT=4194305
export MP_EAGER_LIMIT_LOCAL=4194305
mpirun.lsf ./main_ball 4 0 3 none

------------------------------------------------------------

Successfully completed.

Resource usage summary:

    CPU time :               25053.39 sec.
    Max Memory :             27428 MB
    Average Memory :         15823.00 MB
    Total Requested Memory : -
    Delta Memory :           -
    (Delta: the difference between total requested memory and actual max usage.)
    Max Processes :          140
    Max Threads :            1473

The output (if any) is above this job summary.



PS:

Read file <./err/mb.128.920563.err> for stderr output of this job.

