Execute poe command line: poe  ./main_ball 4 0 3 none
Caught DGFException on creation of SGrid, trying default DGF method!

Created parallel ALUGrid<3,3,cube,nonconforming> from macro grid file ''. 

globalRefine: 0
elements = 7325039 (3072,4068,1.32422)   maxLevel = 3   step = 12   time = 0.108   dt = 0.009
elements = 7219808 (3022,4012,1.3276)   maxLevel = 3   step = 23   time = 0.207   dt = 0.009
elements = 7170045 (3014,3963,1.31486)   maxLevel = 3   step = 34   time = 0.306   dt = 0.009
elements = 7333432 (3072,4076,1.32682)   maxLevel = 3   step = 45   time = 0.405   dt = 0.009
elements = 7070995 (2960,3962,1.33851)   maxLevel = 3   step = 56   time = 0.504   dt = 0.009
elements = 7326761 (3072,4075,1.3265)   maxLevel = 3   step = 67   time = 0.603   dt = 0.009
elements = 7217239 (3044,4026,1.3226)   maxLevel = 3   step = 78   time = 0.702   dt = 0.009
elements = 7131615 (2988,3984,1.33333)   maxLevel = 3   step = 89   time = 0.801   dt = 0.009
elements = 7314532 (3065,4063,1.32561)   maxLevel = 3   step = 100   time = 0.9   dt = 0.009
elements = 7052816 (2941,3950,1.34308)   maxLevel = 3   step = 112   time = 1.008   dt = 0.009
U2 max: 0.81  min: 0.46
U3 max: 0.03  min: 0
U4 max: 9.66  min: 2.63
U5 max: 0.2  min: 0
U6 max: 16.17  min: 9.24
U7 max: 0.57  min: 0
U8 max: 10.75  min: 3.79
Program finished: CPU time = 36.6154 sec.

------------------------------------------------------------
Sender: LSF System <lsfadmin@ys0571-ib>
Subject: Job 920567: <mb.2048> in cluster <yellowstone> Done

Job <mb.2048> was submitted from host <yslogin3-ib> by user <robertk> in cluster <yellowstone>.
Job was executed on host(s) <16*ys0571-ib>, in queue <small>, as user <robertk> in cluster <yellowstone>.
                            <16*ys0572-ib>
                            <16*ys0602-ib>
                            <16*ys0616-ib>
                            <16*ys0618-ib>
                            <16*ys0620-ib>
                            <16*ys0625-ib>
                            <16*ys0627-ib>
                            <16*ys0631-ib>
                            <16*ys0640-ib>
                            <16*ys0642-ib>
                            <16*ys0643-ib>
                            <16*ys0647-ib>
                            <16*ys0650-ib>
                            <16*ys0665-ib>
                            <16*ys0666-ib>
                            <16*ys0667-ib>
                            <16*ys0725-ib>
                            <16*ys0741-ib>
                            <16*ys0742-ib>
                            <16*ys0838-ib>
                            <16*ys0843-ib>
                            <16*ys0844-ib>
                            <16*ys0846-ib>
                            <16*ys0858-ib>
                            <16*ys0870-ib>
                            <16*ys1302-ib>
                            <16*ys1304-ib>
                            <16*ys1307-ib>
                            <16*ys1317-ib>
                            <16*ys1318-ib>
                            <16*ys1319-ib>
                            <16*ys1320-ib>
                            <16*ys1321-ib>
                            <16*ys1322-ib>
                            <16*ys1323-ib>
                            <16*ys1324-ib>
                            <16*ys1325-ib>
                            <16*ys1326-ib>
                            <16*ys1327-ib>
                            <16*ys1328-ib>
                            <16*ys1329-ib>
                            <16*ys1332-ib>
                            <16*ys1335-ib>
                            <16*ys1459-ib>
                            <16*ys1520-ib>
                            <16*ys1523-ib>
                            <16*ys1524-ib>
                            <16*ys1526-ib>
                            <16*ys1558-ib>
                            <16*ys1709-ib>
                            <16*ys1710-ib>
                            <16*ys1720-ib>
                            <16*ys1725-ib>
                            <16*ys1727-ib>
                            <16*ys1728-ib>
                            <16*ys1729-ib>
                            <16*ys1944-ib>
                            <16*ys1945-ib>
                            <16*ys2214-ib>
                            <16*ys4662-ib>
                            <16*ys4922-ib>
                            <16*ys4923-ib>
                            <16*ys4924-ib>
                            <16*ys4925-ib>
                            <16*ys4926-ib>
                            <16*ys4927-ib>
                            <16*ys5041-ib>
                            <16*ys5042-ib>
                            <16*ys5043-ib>
                            <16*ys5522-ib>
                            <16*ys5523-ib>
                            <16*ys5733-ib>
                            <16*ys5734-ib>
                            <16*ys5735-ib>
                            <16*ys5736-ib>
                            <16*ys5737-ib>
                            <16*ys5738-ib>
                            <16*ys5739-ib>
                            <16*ys5740-ib>
                            <16*ys5746-ib>
                            <16*ys5747-ib>
                            <16*ys5748-ib>
                            <16*ys5749-ib>
                            <16*ys5903-ib>
                            <16*ys5904-ib>
                            <16*ys5905-ib>
                            <16*ys5906-ib>
                            <16*ys5907-ib>
                            <16*ys5908-ib>
                            <16*ys5957-ib>
                            <16*ys6032-ib>
                            <16*ys6033-ib>
                            <16*ys6034-ib>
                            <16*ys6035-ib>
                            <16*ys6036-ib>
                            <16*ys6037-ib>
                            <16*ys6058-ib>
                            <16*ys6102-ib>
                            <16*ys6103-ib>
                            <16*ys6104-ib>
                            <16*ys6123-ib>
                            <16*ys6224-ib>
                            <16*ys6225-ib>
                            <16*ys6226-ib>
                            <16*ys6227-ib>
                            <16*ys6228-ib>
                            <16*ys6229-ib>
                            <16*ys6230-ib>
                            <16*ys6231-ib>
                            <16*ys6234-ib>
                            <16*ys6235-ib>
                            <16*ys6236-ib>
                            <16*ys6242-ib>
                            <16*ys6243-ib>
                            <16*ys6244-ib>
                            <16*ys6245-ib>
                            <16*ys6246-ib>
                            <16*ys6247-ib>
                            <16*ys6248-ib>
                            <16*ys6249-ib>
                            <16*ys6253-ib>
                            <16*ys6254-ib>
                            <16*ys6267-ib>
                            <16*ys6268-ib>
                            <16*ys6269-ib>
                            <16*ys6270-ib>
                            <16*ys6271-ib>
</glade/u/home/robertk> was used as the home directory.
</glade/u/home/robertk/work/Dune/trunk/alugrid/examples> was used as the working directory.
Started at Wed Feb 19 16:53:16 2014
Results reported at Wed Feb 19 16:54:09 2014

Your job looked like:

------------------------------------------------------------
# LSBATCH: User input
#!/bin/bash
# LSF batch script to run an MPI application
#
#BSUB -P P86850055           # project code
#BSUB -W 00:30               # wall-clock time (hrs:mins)
#BSUB -n 2048              # number of tasks in job
#BSUB -R span[ptile=16]    # run 16 MPI tasks per node
#BSUB -J mb.2048            # job name
#BSUB -o ./out/mb.2048.%J.out  # output file name 
#BSUB -e ./err/mb.2048.%J.err  # error file name
#BSUB -q small             # queue
#run the executable
export MP_CSS_INTERRUPT=yes
export MP_EAGER_LIMIT=4194305
export MP_EAGER_LIMIT_LOCAL=4194305
mpirun.lsf ./main_ball 4 0 3 none

------------------------------------------------------------

Successfully completed.

Resource usage summary:

    CPU time :               90572.00 sec.
    Max Memory :             1979 MB
    Average Memory :         1003.00 MB
    Total Requested Memory : -
    Delta Memory :           -
    (Delta: the difference between total requested memory and actual max usage.)
    Max Processes :          35
    Max Threads :            265

The output (if any) is above this job summary.



PS:

Read file <./err/mb.2048.920567.err> for stderr output of this job.

