Execute poe command line: poe  ./main_ball 4 0 3 none
Caught DGFException on creation of SGrid, trying default DGF method!

Created parallel ALUGrid<3,3,cube,nonconforming> from macro grid file ''. 

globalRefine: 0
elements = 7337191 (1292,2280,1.76471)   maxLevel = 3   step = 12   time = 0.108   dt = 0.009
elements = 7218842 (1286,2261,1.75816)   maxLevel = 3   step = 23   time = 0.207   dt = 0.009
elements = 7173363 (1254,2252,1.79585)   maxLevel = 3   step = 34   time = 0.306   dt = 0.009
elements = 7342098 (1312,2288,1.7439)   maxLevel = 3   step = 45   time = 0.405   dt = 0.009
elements = 7075713 (1227,2218,1.80766)   maxLevel = 3   step = 56   time = 0.504   dt = 0.009
elements = 7330121 (1296,2284,1.76235)   maxLevel = 3   step = 67   time = 0.603   dt = 0.009
elements = 7224939 (1271,2267,1.78363)   maxLevel = 3   step = 78   time = 0.702   dt = 0.009
elements = 7140316 (1237,2253,1.82134)   maxLevel = 3   step = 89   time = 0.801   dt = 0.009
elements = 7325333 (1308,2274,1.73853)   maxLevel = 3   step = 100   time = 0.9   dt = 0.009
elements = 7057394 (1237,2210,1.78658)   maxLevel = 3   step = 112   time = 1.008   dt = 0.009
U2 max: 0.83  min: 0.49
U3 max: 0.03  min: 0
U4 max: 8.39  min: 1.41
U5 max: 0.19  min: 0
U6 max: 18.77  min: 12.3
U7 max: 0.6  min: 0
U8 max: 8.95  min: 2.07
Program finished: CPU time = 36.0805 sec.

------------------------------------------------------------
Sender: LSF System <lsfadmin@ys0103-ib>
Subject: Job 920568: <mb.4096> in cluster <yellowstone> Done

Job <mb.4096> was submitted from host <yslogin3-ib> by user <robertk> in cluster <yellowstone>.
Job was executed on host(s) <16*ys0103-ib>, in queue <small>, as user <robertk> in cluster <yellowstone>.
                            <16*ys0108-ib>
                            <16*ys0114-ib>
                            <16*ys0119-ib>
                            <16*ys0120-ib>
                            <16*ys0125-ib>
                            <16*ys0143-ib>
                            <16*ys0148-ib>
                            <16*ys0154-ib>
                            <16*ys0159-ib>
                            <16*ys0160-ib>
                            <16*ys0165-ib>
                            <16*ys0203-ib>
                            <16*ys0208-ib>
                            <16*ys0226-ib>
                            <16*ys0232-ib>
                            <16*ys0237-ib>
                            <16*ys0243-ib>
                            <16*ys0248-ib>
                            <16*ys0266-ib>
                            <16*ys0272-ib>
                            <16*ys0304-ib>
                            <16*ys0309-ib>
                            <16*ys0310-ib>
                            <16*ys0315-ib>
                            <16*ys0321-ib>
                            <16*ys0326-ib>
                            <16*ys0332-ib>
                            <16*ys0344-ib>
                            <16*ys0349-ib>
                            <16*ys0350-ib>
                            <16*ys0355-ib>
                            <16*ys0361-ib>
                            <16*ys0366-ib>
                            <16*ys0404-ib>
                            <16*ys0409-ib>
                            <16*ys0410-ib>
                            <16*ys0427-ib>
                            <16*ys0433-ib>
                            <16*ys0438-ib>
                            <16*ys0444-ib>
                            <16*ys0449-ib>
                            <16*ys0450-ib>
                            <16*ys0467-ib>
                            <16*ys0505-ib>
                            <16*ys0511-ib>
                            <16*ys0516-ib>
                            <16*ys0522-ib>
                            <16*ys0527-ib>
                            <16*ys0533-ib>
                            <16*ys1522-ib>
                            <16*ys1547-ib>
                            <16*ys1555-ib>
                            <16*ys1557-ib>
                            <16*ys1559-ib>
                            <16*ys1565-ib>
                            <16*ys1567-ib>
                            <16*ys1571-ib>
                            <16*ys1602-ib>
                            <16*ys1603-ib>
                            <16*ys1612-ib>
                            <16*ys2314-ib>
                            <16*ys5756-ib>
                            <16*ys5757-ib>
                            <16*ys5758-ib>
                            <16*ys5760-ib>
                            <16*ys5761-ib>
                            <16*ys5762-ib>
                            <16*ys5763-ib>
                            <16*ys5764-ib>
                            <16*ys5765-ib>
                            <16*ys5766-ib>
                            <16*ys5767-ib>
                            <16*ys5768-ib>
                            <16*ys5769-ib>
                            <16*ys5770-ib>
                            <16*ys5771-ib>
                            <16*ys5772-ib>
                            <16*ys5801-ib>
                            <16*ys5802-ib>
                            <16*ys5803-ib>
                            <16*ys5804-ib>
                            <16*ys5805-ib>
                            <16*ys5806-ib>
                            <16*ys5807-ib>
                            <16*ys5808-ib>
                            <16*ys5809-ib>
                            <16*ys5810-ib>
                            <16*ys5811-ib>
                            <16*ys5812-ib>
                            <16*ys5813-ib>
                            <16*ys5814-ib>
                            <16*ys5815-ib>
                            <16*ys5816-ib>
                            <16*ys5817-ib>
                            <16*ys5818-ib>
                            <16*ys5819-ib>
                            <16*ys5857-ib>
                            <16*ys5858-ib>
                            <16*ys5859-ib>
                            <16*ys5860-ib>
                            <16*ys5862-ib>
                            <16*ys5863-ib>
                            <16*ys5864-ib>
                            <16*ys5865-ib>
                            <16*ys5866-ib>
                            <16*ys5867-ib>
                            <16*ys5868-ib>
                            <16*ys5869-ib>
                            <16*ys5870-ib>
                            <16*ys5871-ib>
                            <16*ys5872-ib>
                            <16*ys5901-ib>
                            <16*ys5902-ib>
                            <16*ys5909-ib>
                            <16*ys5910-ib>
                            <16*ys5911-ib>
                            <16*ys5912-ib>
                            <16*ys5913-ib>
                            <16*ys5914-ib>
                            <16*ys5915-ib>
                            <16*ys5916-ib>
                            <16*ys5917-ib>
                            <16*ys5918-ib>
                            <16*ys5919-ib>
                            <16*ys5920-ib>
                            <16*ys5921-ib>
                            <16*ys5922-ib>
                            <16*ys5923-ib>
                            <16*ys5924-ib>
                            <16*ys5925-ib>
                            <16*ys5926-ib>
                            <16*ys5927-ib>
                            <16*ys5928-ib>
                            <16*ys5929-ib>
                            <16*ys5930-ib>
                            <16*ys5932-ib>
                            <16*ys5933-ib>
                            <16*ys5934-ib>
                            <16*ys5935-ib>
                            <16*ys5936-ib>
                            <16*ys5937-ib>
                            <16*ys5938-ib>
                            <16*ys5939-ib>
                            <16*ys5940-ib>
                            <16*ys5941-ib>
                            <16*ys5944-ib>
                            <16*ys5945-ib>
                            <16*ys5946-ib>
                            <16*ys5947-ib>
                            <16*ys5948-ib>
                            <16*ys5949-ib>
                            <16*ys5950-ib>
                            <16*ys5971-ib>
                            <16*ys5972-ib>
                            <16*ys6006-ib>
                            <16*ys6010-ib>
                            <16*ys6041-ib>
                            <16*ys6042-ib>
                            <16*ys6043-ib>
                            <16*ys6050-ib>
                            <16*ys6057-ib>
                            <16*ys6108-ib>
                            <16*ys6109-ib>
                            <16*ys6110-ib>
                            <16*ys6111-ib>
                            <16*ys6112-ib>
                            <16*ys6113-ib>
                            <16*ys6114-ib>
                            <16*ys6115-ib>
                            <16*ys6116-ib>
                            <16*ys6117-ib>
                            <16*ys6118-ib>
                            <16*ys6124-ib>
                            <16*ys6125-ib>
                            <16*ys6126-ib>
                            <16*ys6127-ib>
                            <16*ys6128-ib>
                            <16*ys6129-ib>
                            <16*ys6130-ib>
                            <16*ys6131-ib>
                            <16*ys6132-ib>
                            <16*ys6133-ib>
                            <16*ys6134-ib>
                            <16*ys6135-ib>
                            <16*ys6136-ib>
                            <16*ys6137-ib>
                            <16*ys6138-ib>
                            <16*ys6139-ib>
                            <16*ys6140-ib>
                            <16*ys6141-ib>
                            <16*ys6142-ib>
                            <16*ys6143-ib>
                            <16*ys6144-ib>
                            <16*ys6145-ib>
                            <16*ys6146-ib>
                            <16*ys6147-ib>
                            <16*ys6148-ib>
                            <16*ys6149-ib>
                            <16*ys6150-ib>
                            <16*ys6151-ib>
                            <16*ys6152-ib>
                            <16*ys6153-ib>
                            <16*ys6154-ib>
                            <16*ys6155-ib>
                            <16*ys6156-ib>
                            <16*ys6157-ib>
                            <16*ys6158-ib>
                            <16*ys6159-ib>
                            <16*ys6160-ib>
                            <16*ys6161-ib>
                            <16*ys6162-ib>
                            <16*ys6163-ib>
                            <16*ys6164-ib>
                            <16*ys6165-ib>
                            <16*ys6166-ib>
                            <16*ys6167-ib>
                            <16*ys6168-ib>
                            <16*ys6170-ib>
                            <16*ys6171-ib>
                            <16*ys6201-ib>
                            <16*ys6202-ib>
                            <16*ys6203-ib>
                            <16*ys6204-ib>
                            <16*ys6205-ib>
                            <16*ys6206-ib>
                            <16*ys6207-ib>
                            <16*ys6208-ib>
                            <16*ys6209-ib>
                            <16*ys6210-ib>
                            <16*ys6211-ib>
                            <16*ys6212-ib>
                            <16*ys6213-ib>
                            <16*ys6214-ib>
                            <16*ys6215-ib>
                            <16*ys6216-ib>
                            <16*ys6217-ib>
                            <16*ys6218-ib>
                            <16*ys6219-ib>
                            <16*ys6220-ib>
                            <16*ys6221-ib>
                            <16*ys6222-ib>
                            <16*ys6223-ib>
                            <16*ys6258-ib>
                            <16*ys6259-ib>
                            <16*ys6260-ib>
                            <16*ys6261-ib>
                            <16*ys6262-ib>
                            <16*ys6304-ib>
                            <16*ys6305-ib>
                            <16*ys6306-ib>
                            <16*ys6307-ib>
                            <16*ys6308-ib>
                            <16*ys6309-ib>
                            <16*ys6310-ib>
                            <16*ys6311-ib>
</glade/u/home/robertk> was used as the home directory.
</glade/u/home/robertk/work/Dune/trunk/alugrid/examples> was used as the working directory.
Started at Wed Feb 19 18:36:21 2014
Results reported at Wed Feb 19 18:37:20 2014

Your job looked like:

------------------------------------------------------------
# LSBATCH: User input
#!/bin/bash
# LSF batch script to run an MPI application
#
#BSUB -P P86850055           # project code
#BSUB -W 00:30               # wall-clock time (hrs:mins)
#BSUB -n 4096              # number of tasks in job
#BSUB -R span[ptile=16]    # run 16 MPI tasks per node
#BSUB -J mb.4096            # job name
#BSUB -o ./out/mb.4096.%J.out  # output file name 
#BSUB -e ./err/mb.4096.%J.err  # error file name
#BSUB -q small             # queue
#run the executable
export MP_CSS_INTERRUPT=yes
export MP_EAGER_LIMIT=4194305
export MP_EAGER_LIMIT_LOCAL=4194305
mpirun.lsf ./main_ball 4 0 3 none

------------------------------------------------------------

Successfully completed.

Resource usage summary:

    CPU time :               174970.00 sec.
    Max Memory :             2051 MB
    Average Memory :         1039.00 MB
    Total Requested Memory : -
    Delta Memory :           -
    (Delta: the difference between total requested memory and actual max usage.)
    Max Processes :          35
    Max Threads :            521

The output (if any) is above this job summary.



PS:

Read file <./err/mb.4096.920568.err> for stderr output of this job.

