Execute poe command line: poe  ./main_ball 4 0 3 none
Caught DGFException on creation of SGrid, trying default DGF method!

Created parallel ALUGrid<3,3,cube,nonconforming> from macro grid file ''. 

globalRefine: 0
elements = 7325564 (13817,14799,1.07107)   maxLevel = 3   step = 12   time = 0.108   dt = 0.009
elements = 7210981 (13576,14572,1.07336)   maxLevel = 3   step = 23   time = 0.207   dt = 0.009
elements = 7162604 (13545,14484,1.06932)   maxLevel = 3   step = 34   time = 0.306   dt = 0.009
elements = 7334419 (13818,14827,1.07302)   maxLevel = 3   step = 45   time = 0.405   dt = 0.009
elements = 7064583 (13296,14287,1.07453)   maxLevel = 3   step = 56   time = 0.504   dt = 0.009
elements = 7319831 (13792,14778,1.07149)   maxLevel = 3   step = 67   time = 0.603   dt = 0.009
elements = 7213732 (13654,14549,1.06555)   maxLevel = 3   step = 78   time = 0.702   dt = 0.009
elements = 7125301 (13448,14408,1.07139)   maxLevel = 3   step = 89   time = 0.801   dt = 0.009
elements = 7310682 (13789,14773,1.07136)   maxLevel = 3   step = 100   time = 0.9   dt = 0.009
elements = 7053824 (13282,14231,1.07145)   maxLevel = 3   step = 112   time = 1.008   dt = 0.009
U2 max: 0.74  min: 0.45
U3 max: 0.03  min: 0
U4 max: 20.74  min: 13.14
U5 max: 0.46  min: 0
U6 max: 19.54  min: 12.91
U7 max: 0.72  min: 0
U8 max: 25.95  min: 17.29
Program finished: CPU time = 58.5091 sec.

------------------------------------------------------------
Sender: LSF System <lsfadmin@ys5320-ib>
Subject: Job 920565: <mb.512> in cluster <yellowstone> Done

Job <mb.512> was submitted from host <yslogin3-ib> by user <robertk> in cluster <yellowstone>.
Job was executed on host(s) <16*ys5320-ib>, in queue <small>, as user <robertk> in cluster <yellowstone>.
                            <16*ys5324-ib>
                            <16*ys5647-ib>
                            <16*ys5668-ib>
                            <16*ys5711-ib>
                            <16*ys5712-ib>
                            <16*ys5741-ib>
                            <16*ys5742-ib>
                            <16*ys5743-ib>
                            <16*ys5744-ib>
                            <16*ys5745-ib>
                            <16*ys5746-ib>
                            <16*ys5747-ib>
                            <16*ys5748-ib>
                            <16*ys5749-ib>
                            <16*ys6224-ib>
                            <16*ys6225-ib>
                            <16*ys6226-ib>
                            <16*ys6244-ib>
                            <16*ys6245-ib>
                            <16*ys6246-ib>
                            <16*ys6247-ib>
                            <16*ys6248-ib>
                            <16*ys6327-ib>
                            <16*ys6328-ib>
                            <16*ys6329-ib>
                            <16*ys6330-ib>
                            <16*ys6331-ib>
                            <16*ys6332-ib>
                            <16*ys6333-ib>
                            <16*ys6334-ib>
                            <16*ys6335-ib>
</glade/u/home/robertk> was used as the home directory.
</glade/u/home/robertk/work/Dune/trunk/alugrid/examples> was used as the working directory.
Started at Wed Feb 19 16:47:30 2014
Results reported at Wed Feb 19 16:49:21 2014

Your job looked like:

------------------------------------------------------------
# LSBATCH: User input
#!/bin/bash
# LSF batch script to run an MPI application
#
#BSUB -P P86850055           # project code
#BSUB -W 00:30               # wall-clock time (hrs:mins)
#BSUB -n 512              # number of tasks in job
#BSUB -R span[ptile=16]    # run 16 MPI tasks per node
#BSUB -J mb.512            # job name
#BSUB -o ./out/mb.512.%J.out  # output file name 
#BSUB -e ./err/mb.512.%J.err  # error file name
#BSUB -q small             # queue
#run the executable
export MP_CSS_INTERRUPT=yes
export MP_EAGER_LIMIT=4194305
export MP_EAGER_LIMIT_LOCAL=4194305
mpirun.lsf ./main_ball 4 0 3 none

------------------------------------------------------------

Successfully completed.

Resource usage summary:

    CPU time :               51416.52 sec.
    Max Memory :             52014 MB
    Average Memory :         1929.00 MB
    Total Requested Memory : -
    Delta Memory :           -
    (Delta: the difference between total requested memory and actual max usage.)
    Max Processes :          531
    Max Threads :            5684

The output (if any) is above this job summary.



PS:

Read file <./err/mb.512.920565.err> for stderr output of this job.

