Execute poe command line: poe  ./main_ball 4 0 3 none
Caught DGFException on creation of SGrid, trying default DGF method!

Created parallel ALUGrid<3,3,cube,nonconforming> from macro grid file ''. 

globalRefine: 0
elements = 7323359 (28104,29108,1.03572)   maxLevel = 3   step = 12   time = 0.108   dt = 0.009
elements = 7211765 (27710,28616,1.0327)   maxLevel = 3   step = 23   time = 0.207   dt = 0.009
elements = 7161617 (27501,28462,1.03494)   maxLevel = 3   step = 34   time = 0.306   dt = 0.009
elements = 7330457 (28191,29103,1.03235)   maxLevel = 3   step = 45   time = 0.405   dt = 0.009
elements = 7065864 (27129,28085,1.03524)   maxLevel = 3   step = 56   time = 0.504   dt = 0.009
elements = 7318074 (28097,29062,1.03435)   maxLevel = 3   step = 67   time = 0.603   dt = 0.009
elements = 7208888 (27656,28654,1.03609)   maxLevel = 3   step = 78   time = 0.702   dt = 0.009
elements = 7127793 (27355,28327,1.03553)   maxLevel = 3   step = 89   time = 0.801   dt = 0.009
elements = 7308561 (28055,28960,1.03226)   maxLevel = 3   step = 100   time = 0.9   dt = 0.009
elements = 7051892 (27050,28003,1.03523)   maxLevel = 3   step = 112   time = 1.008   dt = 0.009
U2 max: 36.52  min: 27.69
U3 max: 0.03  min: 0
U4 max: 4.08  min: 2.41
U5 max: 0.67  min: 0.07
U6 max: 37.48  min: 31.26
U7 max: 0.01  min: 0
U8 max: 41.34  min: 32.78
Program finished: CPU time = 92.9819 sec.

------------------------------------------------------------
Sender: LSF System <lsfadmin@ys0203-ib>
Subject: Job 926087: <mb.256> in cluster <yellowstone> Done

Job <mb.256> was submitted from host <yslogin3-ib> by user <robertk> in cluster <yellowstone>.
Job was executed on host(s) <16*ys0203-ib>, in queue <small>, as user <robertk> in cluster <yellowstone>.
                            <16*ys0205-ib>
                            <16*ys0208-ib>
                            <16*ys0209-ib>
                            <16*ys0214-ib>
                            <16*ys0218-ib>
                            <16*ys0221-ib>
                            <16*ys0222-ib>
                            <16*ys0223-ib>
                            <16*ys0224-ib>
                            <16*ys0226-ib>
                            <16*ys0310-ib>
                            <16*ys0319-ib>
                            <16*ys0325-ib>
                            <16*ys0327-ib>
                            <16*ys0329-ib>
</glade/u/home/robertk> was used as the home directory.
</glade/u/home/robertk/work/Dune/trunk/alugrid/examples/run/mb_bresen_403> was used as the working directory.
Started at Thu Feb 20 15:40:05 2014
Results reported at Thu Feb 20 15:42:44 2014

Your job looked like:

------------------------------------------------------------
# LSBATCH: User input
#!/bin/bash
# LSF batch script to run an MPI application
#
#BSUB -P P86850055           # project code
#BSUB -W 00:30               # wall-clock time (hrs:mins)
#BSUB -n 256              # number of tasks in job
#BSUB -R span[ptile=16]    # run 16 MPI tasks per node
#BSUB -J mb.256            # job name
#BSUB -o ./mb.256.out  # output file name 
#BSUB -e ./mb.256.err  # error file name
#BSUB -q small             # queue
#run the executable
export MP_CSS_INTERRUPT=yes
export MP_EAGER_LIMIT=4194305
export MP_EAGER_LIMIT_LOCAL=4194305
mpirun.lsf ./main_ball 4 0 3 none

------------------------------------------------------------

Successfully completed.

Resource usage summary:

    CPU time :               32666.00 sec.
    Max Memory :             32602 MB
    Average Memory :         9760.00 MB
    Total Requested Memory : -
    Delta Memory :           -
    (Delta: the difference between total requested memory and actual max usage.)
    Max Processes :          276
    Max Threads :            2937

The output (if any) is above this job summary.



PS:

Read file <./mb.256.err> for stderr output of this job.

