Execute poe command line: poe  ./main_ball 3 1 4 none
Caught DGFException on creation of SGrid, trying default DGF method!

Created parallel ALUGrid<3,3,cube,nonconforming> from macro grid file ''. 

globalRefine: 1
elements = 7288933 (24576,32481,1.32166)   maxLevel = 4   step = 12   time = 0.108   dt = 0.009
elements = 7180335 (24159,31760,1.31462)   maxLevel = 4   step = 23   time = 0.207   dt = 0.009
elements = 7153812 (24321,31871,1.31043)   maxLevel = 4   step = 34   time = 0.306   dt = 0.009
elements = 7332431 (24934,32313,1.29594)   maxLevel = 4   step = 45   time = 0.405   dt = 0.009
elements = 7078618 (24128,31601,1.30972)   maxLevel = 4   step = 56   time = 0.504   dt = 0.009
elements = 7323681 (24924,32320,1.29674)   maxLevel = 4   step = 67   time = 0.603   dt = 0.009
elements = 7209560 (24245,32151,1.32609)   maxLevel = 4   step = 78   time = 0.702   dt = 0.009
elements = 7110559 (24226,31753,1.3107)   maxLevel = 4   step = 89   time = 0.801   dt = 0.009
elements = 7274471 (24548,32320,1.3166)   maxLevel = 4   step = 100   time = 0.9   dt = 0.009
elements = 7013518 (23694,31212,1.3173)   maxLevel = 4   step = 112   time = 1.008   dt = 0.009
U2 max: 16.33  min: 8
U3 max: 0.03  min: 0
U4 max: 1.13  min: 0.57
U5 max: 0.32  min: 0.09
U6 max: 19.31  min: 11.5
U7 max: 0.01  min: 0
U8 max: 18.15  min: 9.67
Program finished: CPU time = 42.9515 sec.

------------------------------------------------------------
Sender: LSF System <lsfadmin@ys0205-ib>
Subject: Job 926096: <mb.256> in cluster <yellowstone> Done

Job <mb.256> was submitted from host <yslogin3-ib> by user <robertk> in cluster <yellowstone>.
Job was executed on host(s) <16*ys0205-ib>, in queue <small>, as user <robertk> in cluster <yellowstone>.
                            <16*ys0206-ib>
                            <16*ys0207-ib>
                            <16*ys0208-ib>
                            <16*ys0209-ib>
                            <16*ys0211-ib>
                            <16*ys0212-ib>
                            <16*ys0213-ib>
                            <16*ys0214-ib>
                            <16*ys0215-ib>
                            <16*ys0216-ib>
                            <16*ys0218-ib>
                            <16*ys0221-ib>
                            <16*ys0222-ib>
                            <16*ys0223-ib>
                            <16*ys0224-ib>
</glade/u/home/robertk> was used as the home directory.
</glade/u/home/robertk/work/Dune/trunk/alugrid/examples/run/mb_bresen_314> was used as the working directory.
Started at Thu Feb 20 15:46:15 2014
Results reported at Thu Feb 20 15:47:54 2014

Your job looked like:

------------------------------------------------------------
# LSBATCH: User input
#!/bin/bash
# LSF batch script to run an MPI application
#
#BSUB -P P86850055           # project code
#BSUB -W 00:30               # wall-clock time (hrs:mins)
#BSUB -n 256              # number of tasks in job
#BSUB -R span[ptile=16]    # run 16 MPI tasks per node
#BSUB -J mb.256            # job name
#BSUB -o ./mb.256.out  # output file name 
#BSUB -e ./mb.256.err  # error file name
#BSUB -q small             # queue
#run the executable
export MP_CSS_INTERRUPT=yes
export MP_EAGER_LIMIT=4194305
export MP_EAGER_LIMIT_LOCAL=4194305
mpirun.lsf ./main_ball 3 1 4 none

------------------------------------------------------------

Successfully completed.

Resource usage summary:

    CPU time :               22478.70 sec.
    Max Memory :             2269 MB
    Average Memory :         1465.67 MB
    Total Requested Memory : -
    Delta Memory :           -
    (Delta: the difference between total requested memory and actual max usage.)
    Max Processes :          20
    Max Threads :            121

The output (if any) is above this job summary.



PS:

Read file <./mb.256.err> for stderr output of this job.

