Execute poe command line: poe  ./main_ball 3 1 4 none
Caught DGFException on creation of SGrid, trying default DGF method!

Created parallel ALUGrid<3,3,cube,nonconforming> from macro grid file ''. 

globalRefine: 1
elements = 7305894 (15,7564,504.267)   maxLevel = 4   step = 12   time = 0.108   dt = 0.009
elements = 7193341 (8,7445,930.625)   maxLevel = 4   step = 23   time = 0.207   dt = 0.009
elements = 7169632 (8,7173,896.625)   maxLevel = 4   step = 34   time = 0.306   dt = 0.009
elements = 7343841 (8,7318,914.75)   maxLevel = 4   step = 45   time = 0.405   dt = 0.009
elements = 7096853 (8,7443,930.375)   maxLevel = 4   step = 56   time = 0.504   dt = 0.009
elements = 7337548 (8,7555,944.375)   maxLevel = 4   step = 67   time = 0.603   dt = 0.009
elements = 7225016 (8,7425,928.125)   maxLevel = 4   step = 78   time = 0.702   dt = 0.009
elements = 7123173 (8,7480,935)   maxLevel = 4   step = 89   time = 0.801   dt = 0.009
elements = 7279609 (8,7325,915.625)   maxLevel = 4   step = 100   time = 0.9   dt = 0.009
elements = 7015891 (8,7219,902.375)   maxLevel = 4   step = 112   time = 1.008   dt = 0.009
U2 max: 6.34  min: 4.26
U3 max: 0.03  min: 0
U4 max: 0.91  min: 0.29
U5 max: 0.1  min: 0
U6 max: 5.87  min: 4.11
U7 max: 0.01  min: 0
U8 max: 7.21  min: 5.31
Program finished: CPU time = 11.8322 sec.

------------------------------------------------------------
Sender: LSF System <lsfadmin@ys0140-ib>
Subject: Job 926099: <mb.2048> in cluster <yellowstone> Done

Job <mb.2048> was submitted from host <yslogin3-ib> by user <robertk> in cluster <yellowstone>.
Job was executed on host(s) <16*ys0140-ib>, in queue <small>, as user <robertk> in cluster <yellowstone>.
                            <16*ys0141-ib>
                            <16*ys0617-ib>
                            <16*ys0618-ib>
                            <16*ys0620-ib>
                            <16*ys0621-ib>
                            <16*ys0622-ib>
                            <16*ys0623-ib>
                            <16*ys0625-ib>
                            <16*ys0631-ib>
                            <16*ys0632-ib>
                            <16*ys0634-ib>
                            <16*ys0635-ib>
                            <16*ys0636-ib>
                            <16*ys0639-ib>
                            <16*ys0640-ib>
                            <16*ys0642-ib>
                            <16*ys0643-ib>
                            <16*ys0644-ib>
                            <16*ys0645-ib>
                            <16*ys0646-ib>
                            <16*ys0647-ib>
                            <16*ys0663-ib>
                            <16*ys0665-ib>
                            <16*ys0666-ib>
                            <16*ys0667-ib>
                            <16*ys0671-ib>
                            <16*ys0672-ib>
                            <16*ys0701-ib>
                            <16*ys0702-ib>
                            <16*ys0703-ib>
                            <16*ys0705-ib>
                            <16*ys0706-ib>
                            <16*ys0707-ib>
                            <16*ys0709-ib>
                            <16*ys0725-ib>
                            <16*ys0728-ib>
                            <16*ys0730-ib>
                            <16*ys0731-ib>
                            <16*ys0735-ib>
                            <16*ys0741-ib>
                            <16*ys0742-ib>
                            <16*ys0747-ib>
                            <16*ys0751-ib>
                            <16*ys0753-ib>
                            <16*ys0754-ib>
                            <16*ys0755-ib>
                            <16*ys0762-ib>
                            <16*ys0763-ib>
                            <16*ys0764-ib>
                            <16*ys0765-ib>
                            <16*ys0766-ib>
                            <16*ys0767-ib>
                            <16*ys0768-ib>
                            <16*ys0769-ib>
                            <16*ys0770-ib>
                            <16*ys0771-ib>
                            <16*ys0772-ib>
                            <16*ys0801-ib>
                            <16*ys0805-ib>
                            <16*ys0806-ib>
                            <16*ys0807-ib>
                            <16*ys0847-ib>
                            <16*ys0848-ib>
                            <16*ys0849-ib>
                            <16*ys0850-ib>
                            <16*ys0851-ib>
                            <16*ys0852-ib>
                            <16*ys0853-ib>
                            <16*ys0854-ib>
                            <16*ys0855-ib>
                            <16*ys0857-ib>
                            <16*ys0858-ib>
                            <16*ys0859-ib>
                            <16*ys0860-ib>
                            <16*ys0861-ib>
                            <16*ys0862-ib>
                            <16*ys0863-ib>
                            <16*ys0864-ib>
                            <16*ys0865-ib>
                            <16*ys0866-ib>
                            <16*ys0867-ib>
                            <16*ys0871-ib>
                            <16*ys0903-ib>
                            <16*ys0919-ib>
                            <16*ys0920-ib>
                            <16*ys0921-ib>
                            <16*ys0922-ib>
                            <16*ys0923-ib>
                            <16*ys0924-ib>
                            <16*ys0925-ib>
                            <16*ys0926-ib>
                            <16*ys0927-ib>
                            <16*ys0928-ib>
                            <16*ys0930-ib>
                            <16*ys0931-ib>
                            <16*ys0932-ib>
                            <16*ys0935-ib>
                            <16*ys0937-ib>
                            <16*ys0938-ib>
                            <16*ys0939-ib>
                            <16*ys0940-ib>
                            <16*ys0942-ib>
                            <16*ys0943-ib>
                            <16*ys0944-ib>
                            <16*ys1042-ib>
                            <16*ys1043-ib>
                            <16*ys1044-ib>
                            <16*ys1045-ib>
                            <16*ys1046-ib>
                            <16*ys1047-ib>
                            <16*ys1048-ib>
                            <16*ys1049-ib>
                            <16*ys1050-ib>
                            <16*ys1051-ib>
                            <16*ys1052-ib>
                            <16*ys1053-ib>
                            <16*ys1055-ib>
                            <16*ys1059-ib>
                            <16*ys1060-ib>
                            <16*ys1062-ib>
                            <16*ys1065-ib>
                            <16*ys1066-ib>
                            <16*ys1067-ib>
                            <16*ys1118-ib>
                            <16*ys1120-ib>
                            <16*ys1123-ib>
                            <16*ys1124-ib>
</glade/u/home/robertk> was used as the home directory.
</glade/u/home/robertk/work/Dune/trunk/alugrid/examples/run/mb_bresen_314> was used as the working directory.
Started at Thu Feb 20 15:47:07 2014
Results reported at Thu Feb 20 15:48:10 2014

Your job looked like:

------------------------------------------------------------
# LSBATCH: User input
#!/bin/bash
# LSF batch script to run an MPI application
#
#BSUB -P P86850055           # project code
#BSUB -W 00:30               # wall-clock time (hrs:mins)
#BSUB -n 2048              # number of tasks in job
#BSUB -R span[ptile=16]    # run 16 MPI tasks per node
#BSUB -J mb.2048            # job name
#BSUB -o ./mb.2048.out  # output file name 
#BSUB -e ./mb.2048.err  # error file name
#BSUB -q small             # queue
#run the executable
export MP_CSS_INTERRUPT=yes
export MP_EAGER_LIMIT=4194305
export MP_EAGER_LIMIT_LOCAL=4194305
mpirun.lsf ./main_ball 3 1 4 none

------------------------------------------------------------

Successfully completed.

Resource usage summary:

    CPU time :               47542.85 sec.
    Max Memory :             750 MB
    Average Memory :         28.00 MB
    Total Requested Memory : -
    Delta Memory :           -
    (Delta: the difference between total requested memory and actual max usage.)
    Max Processes :          35
    Max Threads :            265

The output (if any) is above this job summary.



PS:

Read file <./mb.2048.err> for stderr output of this job.

