Execute poe command line: poe  ./main_ball 3 1 4 none
Caught DGFException on creation of SGrid, trying default DGF method!

Created parallel ALUGrid<3,3,cube,nonconforming> from macro grid file ''. 

globalRefine: 1
elements = 7295226 (10431,18163,1.74125)   maxLevel = 4   step = 12   time = 0.108   dt = 0.009
elements = 7182295 (10378,17958,1.73039)   maxLevel = 4   step = 23   time = 0.207   dt = 0.009
elements = 7160245 (10525,17698,1.68152)   maxLevel = 4   step = 34   time = 0.306   dt = 0.009
elements = 7337226 (10475,18284,1.74549)   maxLevel = 4   step = 45   time = 0.405   dt = 0.009
elements = 7085443 (9932,17704,1.78252)   maxLevel = 4   step = 56   time = 0.504   dt = 0.009
elements = 7327356 (10461,18192,1.73903)   maxLevel = 4   step = 67   time = 0.603   dt = 0.009
elements = 7211954 (10384,17598,1.69472)   maxLevel = 4   step = 78   time = 0.702   dt = 0.009
elements = 7115382 (10049,17624,1.75381)   maxLevel = 4   step = 89   time = 0.801   dt = 0.009
elements = 7275521 (10399,18055,1.73622)   maxLevel = 4   step = 100   time = 0.9   dt = 0.009
elements = 7011817 (9645,17684,1.83349)   maxLevel = 4   step = 112   time = 1.008   dt = 0.009
U2 max: 11.36  min: 6.48
U3 max: 0.03  min: 0
U4 max: 0.97  min: 0.47
U5 max: 0.2  min: 0.01
U6 max: 12.35  min: 7.64
U7 max: 0.01  min: 0
U8 max: 12.7  min: 7.76
Program finished: CPU time = 25.1412 sec.

------------------------------------------------------------
Sender: LSF System <lsfadmin@ys0225-ib>
Subject: Job 926097: <mb.512> in cluster <yellowstone> Done

Job <mb.512> was submitted from host <yslogin3-ib> by user <robertk> in cluster <yellowstone>.
Job was executed on host(s) <16*ys0225-ib>, in queue <small>, as user <robertk> in cluster <yellowstone>.
                            <16*ys0226-ib>
                            <16*ys0227-ib>
                            <16*ys0228-ib>
                            <16*ys0229-ib>
                            <16*ys0230-ib>
                            <16*ys0231-ib>
                            <16*ys0233-ib>
                            <16*ys0236-ib>
                            <16*ys0237-ib>
                            <16*ys0239-ib>
                            <16*ys0240-ib>
                            <16*ys0246-ib>
                            <16*ys0247-ib>
                            <16*ys0249-ib>
                            <16*ys0252-ib>
                            <16*ys0254-ib>
                            <16*ys0255-ib>
                            <16*ys0257-ib>
                            <16*ys0258-ib>
                            <16*ys0259-ib>
                            <16*ys0262-ib>
                            <16*ys0268-ib>
                            <16*ys0270-ib>
                            <16*ys0271-ib>
                            <16*ys0309-ib>
                            <16*ys0310-ib>
                            <16*ys0312-ib>
                            <16*ys0319-ib>
                            <16*ys0323-ib>
                            <16*ys0325-ib>
                            <16*ys0327-ib>
</glade/u/home/robertk> was used as the home directory.
</glade/u/home/robertk/work/Dune/trunk/alugrid/examples/run/mb_bresen_314> was used as the working directory.
Started at Thu Feb 20 15:46:15 2014
Results reported at Thu Feb 20 15:47:33 2014

Your job looked like:

------------------------------------------------------------
# LSBATCH: User input
#!/bin/bash
# LSF batch script to run an MPI application
#
#BSUB -P P86850055           # project code
#BSUB -W 00:30               # wall-clock time (hrs:mins)
#BSUB -n 512              # number of tasks in job
#BSUB -R span[ptile=16]    # run 16 MPI tasks per node
#BSUB -J mb.512            # job name
#BSUB -o ./mb.512.out  # output file name 
#BSUB -e ./mb.512.err  # error file name
#BSUB -q small             # queue
#run the executable
export MP_CSS_INTERRUPT=yes
export MP_EAGER_LIMIT=4194305
export MP_EAGER_LIMIT_LOCAL=4194305
mpirun.lsf ./main_ball 3 1 4 none

------------------------------------------------------------

Successfully completed.

Resource usage summary:

    CPU time :               21474.00 sec.
    Max Memory :             1872 MB
    Average Memory :         937.00 MB
    Total Requested Memory : -
    Delta Memory :           -
    (Delta: the difference between total requested memory and actual max usage.)
    Max Processes :          4
    Max Threads :            73

The output (if any) is above this job summary.



PS:

Read file <./mb.512.err> for stderr output of this job.

