Execute poe command line: poe  ./main_euler 23 0 6 none
Caught DGFException on creation of SGrid, trying default DGF method!

Created parallel ALUGrid<3,3,cube,nonconforming> from macro grid file ''. 

globalRefine: 0
Intialization done!
elements = 26486272 (140622,216328,1.53837)   maxLevel = 6   step = 11   time = 6.45968e-05   dt = 5.87244e-06
elements = 33826304 (253177,287992,1.13751)   maxLevel = 6   step = 21   time = 0.000123321   dt = 5.87244e-06
elements = 33826304 (253177,287992,1.13751)   maxLevel = 6   step = 31   time = 0.000182046   dt = 5.87244e-06
elements = 33826304 (253177,287992,1.13751)   maxLevel = 6   step = 41   time = 0.00024077   dt = 5.87244e-06
elements = 33826304 (253177,287992,1.13751)   maxLevel = 6   step = 52   time = 0.000305367   dt = 5.87244e-06
elements = 43001344 (300728,364161,1.21093)   maxLevel = 6   step = 62   time = 0.000364091   dt = 5.87244e-06
elements = 43001344 (300728,364161,1.21093)   maxLevel = 6   step = 72   time = 0.000422816   dt = 5.87244e-06
elements = 43001344 (300728,364161,1.21093)   maxLevel = 6   step = 82   time = 0.00048154   dt = 5.87244e-06
elements = 43001344 (300728,364161,1.21093)   maxLevel = 6   step = 92   time = 0.000540264   dt = 5.87244e-06
elements = 43001344 (300728,364161,1.21093)   maxLevel = 6   step = 103   time = 0.000604861   dt = 5.87244e-06
elements = 50341376 (325881,404376,1.24087)   maxLevel = 6   step = 113   time = 0.000663586   dt = 5.87244e-06
elements = 50341376 (325881,404376,1.24087)   maxLevel = 6   step = 123   time = 0.00072231   dt = 5.87244e-06
elements = 50341376 (325881,404376,1.24087)   maxLevel = 6   step = 133   time = 0.000781034   dt = 5.87244e-06
elements = 50341376 (325881,404376,1.24087)   maxLevel = 6   step = 144   time = 0.000845631   dt = 5.87244e-06
elements = 50341376 (325881,404376,1.24087)   maxLevel = 6   step = 154   time = 0.000904356   dt = 5.87244e-06
elements = 60118528 (325909,490196,1.50409)   maxLevel = 6   step = 164   time = 0.00096308   dt = 5.87244e-06
elements = 60118528 (325909,490196,1.50409)   maxLevel = 6   step = 174   time = 0.0010218   dt = 5.87244e-06
elements = 60118528 (325909,490196,1.50409)   maxLevel = 6   step = 184   time = 0.00108053   dt = 5.87244e-06
elements = 60118528 (325909,490196,1.50409)   maxLevel = 6   step = 195   time = 0.00114513   dt = 5.87244e-06
elements = 60118528 (325909,490196,1.50409)   maxLevel = 6   step = 205   time = 0.00120385   dt = 5.87244e-06
elements = 60118528 (325909,490196,1.50409)   maxLevel = 6   step = 215   time = 0.00126257   dt = 5.87244e-06
elements = 67458560 (491772,573259,1.1657)   maxLevel = 6   step = 225   time = 0.0013213   dt = 5.87244e-06
elements = 67458560 (491772,573259,1.1657)   maxLevel = 6   step = 235   time = 0.00138002   dt = 5.87244e-06
elements = 60118528 (434428,508207,1.16983)   maxLevel = 6   step = 246   time = 0.00144462   dt = 5.87244e-06
elements = 60118528 (434428,508207,1.16983)   maxLevel = 6   step = 256   time = 0.00150334   dt = 5.87244e-06
U2 max: 0.14  min: 0.05
U3 max: 0.02  min: 0
U4 max: 7.09  min: 2.74
U5 max: 12.4  min: 8.88
U6 max: 5.36  min: 0.56
U7 max: 0.16  min: 0
U8 max: 8.54  min: 4.26
Program finished: CPU time = 468.707 sec.

------------------------------------------------------------
Sender: LSF System <lsfadmin@ys0564-ib>
Subject: Job 996566: <primdgx.128> in cluster <yellowstone> Done

Job <primdgx.128> was submitted from host <yslogin3-ib> by user <robertk> in cluster <yellowstone>.
Job was executed on host(s) <16*ys0564-ib>, in queue <small>, as user <robertk> in cluster <yellowstone>.
                            <16*ys1204-ib>
                            <16*ys1206-ib>
                            <16*ys1215-ib>
                            <16*ys1216-ib>
                            <16*ys1217-ib>
                            <16*ys1218-ib>
                            <16*ys1219-ib>
</glade/u/home/robertk> was used as the home directory.
</glade/u/home/robertk/work/Dune/trunk/alugrid/examples/run/me_alusfc_306> was used as the working directory.
Started at Thu Feb 27 16:39:24 2014
Results reported at Thu Feb 27 16:47:52 2014

Your job looked like:

------------------------------------------------------------
# LSBATCH: User input
#!/bin/bash
# LSF batch script to run an MPI application
#
#BSUB -P P86850055           # project code
#BSUB -W 00:20               # wall-clock time (hrs:mins)
#BSUB -n 128              # number of tasks in job
#BSUB -R span[ptile=16]    # run 16 MPI tasks per node
#BSUB -J primdgx.128            # job name
#BSUB -o ./primdgx.128.out  # output file name 
#BSUB -e ./primdgx.128.err  # error file name
#BSUB -q small             # queue
#run the executable
export MP_EAGER_LIMIT=4194305
export MP_EAGER_LIMIT_LOCAL=4194305
mpirun.lsf ./main_euler 23 0 6 none

------------------------------------------------------------

Successfully completed.

Resource usage summary:

    CPU time :               67713.00 sec.
    Max Memory :             96463 MB
    Average Memory :         64251.67 MB
    Total Requested Memory : -
    Delta Memory :           -
    (Delta: the difference between total requested memory and actual max usage.)
    Max Processes :          140
    Max Threads :            1473

The output (if any) is above this job summary.



PS:

Read file <./primdgx.128.err> for stderr output of this job.

