Execute poe command line: poe  ./main_euler 23 0 6 none
Caught DGFException on creation of SGrid, trying default DGF method!

Created parallel ALUGrid<3,3,cube,nonconforming> from macro grid file ''. 

globalRefine: 0
Intialization done!
elements = 26486272 (6917,44952,6.49877)   maxLevel = 6   step = 11   time = 6.45968e-05   dt = 5.87244e-06
elements = 33826304 (16112,58456,3.6281)   maxLevel = 6   step = 21   time = 0.000123321   dt = 5.87244e-06
elements = 33826304 (16112,58456,3.6281)   maxLevel = 6   step = 31   time = 0.000182046   dt = 5.87244e-06
elements = 33826304 (16112,58456,3.6281)   maxLevel = 6   step = 41   time = 0.00024077   dt = 5.87244e-06
elements = 33826304 (16112,58456,3.6281)   maxLevel = 6   step = 52   time = 0.000305367   dt = 5.87244e-06
elements = 43001344 (21995,76036,3.45697)   maxLevel = 6   step = 62   time = 0.000364091   dt = 5.87244e-06
elements = 43001344 (21995,76036,3.45697)   maxLevel = 6   step = 72   time = 0.000422816   dt = 5.87244e-06
elements = 43001344 (21995,76036,3.45697)   maxLevel = 6   step = 82   time = 0.00048154   dt = 5.87244e-06
elements = 43001344 (21995,76036,3.45697)   maxLevel = 6   step = 92   time = 0.000540264   dt = 5.87244e-06
elements = 43001344 (21995,76036,3.45697)   maxLevel = 6   step = 103   time = 0.000604861   dt = 5.87244e-06
elements = 50341376 (18403,90300,4.90681)   maxLevel = 6   step = 113   time = 0.000663586   dt = 5.87244e-06
elements = 50341376 (18403,90300,4.90681)   maxLevel = 6   step = 123   time = 0.00072231   dt = 5.87244e-06
elements = 50341376 (18403,90300,4.90681)   maxLevel = 6   step = 133   time = 0.000781034   dt = 5.87244e-06
elements = 50341376 (18403,90300,4.90681)   maxLevel = 6   step = 144   time = 0.000845631   dt = 5.87244e-06
elements = 50341376 (18403,90300,4.90681)   maxLevel = 6   step = 154   time = 0.000904356   dt = 5.87244e-06
elements = 60118528 (40147,110240,2.74591)   maxLevel = 6   step = 164   time = 0.00096308   dt = 5.87244e-06
elements = 60118528 (40147,110240,2.74591)   maxLevel = 6   step = 174   time = 0.0010218   dt = 5.87244e-06
elements = 60118528 (40147,110240,2.74591)   maxLevel = 6   step = 184   time = 0.00108053   dt = 5.87244e-06
elements = 60118528 (40147,110240,2.74591)   maxLevel = 6   step = 195   time = 0.00114513   dt = 5.87244e-06
elements = 60118528 (40147,110240,2.74591)   maxLevel = 6   step = 205   time = 0.00120385   dt = 5.87244e-06
elements = 60118528 (40147,110240,2.74591)   maxLevel = 6   step = 215   time = 0.00126257   dt = 5.87244e-06
elements = 67458560 (40147,124576,3.103)   maxLevel = 6   step = 225   time = 0.0013213   dt = 5.87244e-06
elements = 67458560 (40147,124576,3.103)   maxLevel = 6   step = 235   time = 0.00138002   dt = 5.87244e-06
elements = 60118528 (40147,110240,2.74591)   maxLevel = 6   step = 246   time = 0.00144462   dt = 5.87244e-06
elements = 60118528 (40147,110240,2.74591)   maxLevel = 6   step = 256   time = 0.00150334   dt = 5.87244e-06
U2 max: 0.4  min: 0.06
U3 max: 0.03  min: 0
U4 max: 6.74  min: 1.75
U5 max: 4.4  min: 3.09
U6 max: 2.64  min: 0.53
U7 max: 0.29  min: 0
U8 max: 8.42  min: 5.85
Program finished: CPU time = 110.756 sec.

------------------------------------------------------------
Sender: LSF System <lsfadmin@ys1816-ib>
Subject: Job 996569: <primdgx.1024> in cluster <yellowstone> Done

Job <primdgx.1024> was submitted from host <yslogin3-ib> by user <robertk> in cluster <yellowstone>.
Job was executed on host(s) <16*ys1816-ib>, in queue <small>, as user <robertk> in cluster <yellowstone>.
                            <16*ys1818-ib>
                            <16*ys1819-ib>
                            <16*ys1820-ib>
                            <16*ys1821-ib>
                            <16*ys1822-ib>
                            <16*ys1823-ib>
                            <16*ys1824-ib>
                            <16*ys1825-ib>
                            <16*ys1826-ib>
                            <16*ys1827-ib>
                            <16*ys1828-ib>
                            <16*ys1829-ib>
                            <16*ys1830-ib>
                            <16*ys1831-ib>
                            <16*ys1833-ib>
                            <16*ys1834-ib>
                            <16*ys1835-ib>
                            <16*ys1836-ib>
                            <16*ys1837-ib>
                            <16*ys1854-ib>
                            <16*ys1858-ib>
                            <16*ys1860-ib>
                            <16*ys2019-ib>
                            <16*ys2020-ib>
                            <16*ys2021-ib>
                            <16*ys2022-ib>
                            <16*ys2044-ib>
                            <16*ys2045-ib>
                            <16*ys2046-ib>
                            <16*ys2047-ib>
                            <16*ys2048-ib>
                            <16*ys2049-ib>
                            <16*ys2050-ib>
                            <16*ys2051-ib>
                            <16*ys2052-ib>
                            <16*ys2053-ib>
                            <16*ys2054-ib>
                            <16*ys2064-ib>
                            <16*ys2065-ib>
                            <16*ys2066-ib>
                            <16*ys2104-ib>
                            <16*ys2105-ib>
                            <16*ys2106-ib>
                            <16*ys2107-ib>
                            <16*ys2108-ib>
                            <16*ys2109-ib>
                            <16*ys2110-ib>
                            <16*ys2117-ib>
                            <16*ys2140-ib>
                            <16*ys2156-ib>
                            <16*ys2162-ib>
                            <16*ys2216-ib>
                            <16*ys2217-ib>
                            <16*ys2218-ib>
                            <16*ys2219-ib>
                            <16*ys2222-ib>
                            <16*ys2223-ib>
                            <16*ys2244-ib>
                            <16*ys2255-ib>
                            <16*ys2256-ib>
                            <16*ys2257-ib>
                            <16*ys2258-ib>
                            <16*ys2259-ib>
</glade/u/home/robertk> was used as the home directory.
</glade/u/home/robertk/work/Dune/trunk/alugrid/examples/run/me_alusfc_306> was used as the working directory.
Started at Thu Feb 27 16:39:24 2014
Results reported at Thu Feb 27 16:41:52 2014

Your job looked like:

------------------------------------------------------------
# LSBATCH: User input
#!/bin/bash
# LSF batch script to run an MPI application
#
#BSUB -P P86850055           # project code
#BSUB -W 00:20               # wall-clock time (hrs:mins)
#BSUB -n 1024              # number of tasks in job
#BSUB -R span[ptile=16]    # run 16 MPI tasks per node
#BSUB -J primdgx.1024            # job name
#BSUB -o ./primdgx.1024.out  # output file name 
#BSUB -e ./primdgx.1024.err  # error file name
#BSUB -q small             # queue
#run the executable
export MP_EAGER_LIMIT=4194305
export MP_EAGER_LIMIT_LOCAL=4194305
mpirun.lsf ./main_euler 23 0 6 none

------------------------------------------------------------

Successfully completed.

Resource usage summary:

    CPU time :               115806.00 sec.
    Max Memory :             149437 MB
    Average Memory :         36091.25 MB
    Total Requested Memory : -
    Delta Memory :           -
    (Delta: the difference between total requested memory and actual max usage.)
    Max Processes :          1024
    Max Threads :            10997

The output (if any) is above this job summary.



PS:

Read file <./primdgx.1024.err> for stderr output of this job.

