Execute poe command line: poe  ./main_euler 23 0 6 none
Caught DGFException on creation of SGrid, trying default DGF method!

Created parallel ALUGrid<3,3,cube,nonconforming> from macro grid file ''. 

globalRefine: 0
Intialization done!
elements = 26486272 (85848,120748,1.40653)   maxLevel = 6   step = 11   time = 6.45968e-05   dt = 5.87244e-06
elements = 33826304 (114520,144816,1.26455)   maxLevel = 6   step = 21   time = 0.000123321   dt = 5.87244e-06
elements = 33826304 (114520,144816,1.26455)   maxLevel = 6   step = 31   time = 0.000182046   dt = 5.87244e-06
elements = 33826304 (114520,144816,1.26455)   maxLevel = 6   step = 41   time = 0.00024077   dt = 5.87244e-06
elements = 33826304 (114520,144816,1.26455)   maxLevel = 6   step = 52   time = 0.000305367   dt = 5.87244e-06
elements = 43001344 (150360,198719,1.32162)   maxLevel = 6   step = 62   time = 0.000364091   dt = 5.87244e-06
elements = 43001344 (150360,198719,1.32162)   maxLevel = 6   step = 72   time = 0.000422816   dt = 5.87244e-06
elements = 43001344 (150360,198719,1.32162)   maxLevel = 6   step = 82   time = 0.00048154   dt = 5.87244e-06
elements = 43001344 (150360,198719,1.32162)   maxLevel = 6   step = 92   time = 0.000540264   dt = 5.87244e-06
elements = 43001344 (150360,198719,1.32162)   maxLevel = 6   step = 103   time = 0.000604861   dt = 5.87244e-06
elements = 50341376 (166665,225456,1.35275)   maxLevel = 6   step = 113   time = 0.000663586   dt = 5.87244e-06
elements = 50341376 (166665,225456,1.35275)   maxLevel = 6   step = 123   time = 0.00072231   dt = 5.87244e-06
elements = 50341376 (166665,225456,1.35275)   maxLevel = 6   step = 133   time = 0.000781034   dt = 5.87244e-06
elements = 50341376 (166665,225456,1.35275)   maxLevel = 6   step = 144   time = 0.000845631   dt = 5.87244e-06
elements = 50341376 (166665,225456,1.35275)   maxLevel = 6   step = 154   time = 0.000904356   dt = 5.87244e-06
elements = 60118528 (205070,273056,1.33153)   maxLevel = 6   step = 164   time = 0.00096308   dt = 5.87244e-06
elements = 60118528 (205070,273056,1.33153)   maxLevel = 6   step = 174   time = 0.0010218   dt = 5.87244e-06
elements = 60118528 (205070,273056,1.33153)   maxLevel = 6   step = 184   time = 0.00108053   dt = 5.87244e-06
elements = 60118528 (205070,273056,1.33153)   maxLevel = 6   step = 195   time = 0.00114513   dt = 5.87244e-06
elements = 60118528 (205070,273056,1.33153)   maxLevel = 6   step = 205   time = 0.00120385   dt = 5.87244e-06
elements = 60118528 (205070,273056,1.33153)   maxLevel = 6   step = 215   time = 0.00126257   dt = 5.87244e-06
elements = 67458560 (224539,308896,1.37569)   maxLevel = 6   step = 225   time = 0.0013213   dt = 5.87244e-06
elements = 67458560 (224539,308896,1.37569)   maxLevel = 6   step = 235   time = 0.00138002   dt = 5.87244e-06
elements = 60118528 (205070,273056,1.33153)   maxLevel = 6   step = 246   time = 0.00144462   dt = 5.87244e-06
elements = 60118528 (205070,273056,1.33153)   maxLevel = 6   step = 256   time = 0.00150334   dt = 5.87244e-06
U2 max: 0.16  min: 0.05
U3 max: 0.03  min: 0
U4 max: 9.61  min: 4.32
U5 max: 7.84  min: 5.49
U6 max: 5.57  min: 0.51
U7 max: 0.31  min: 0
U8 max: 12.26  min: 7.05
Program finished: CPU time = 282.394 sec.

------------------------------------------------------------
Sender: LSF System <lsfadmin@ys1221-ib>
Subject: Job 996567: <primdgx.256> in cluster <yellowstone> Done

Job <primdgx.256> was submitted from host <yslogin3-ib> by user <robertk> in cluster <yellowstone>.
Job was executed on host(s) <16*ys1221-ib>, in queue <small>, as user <robertk> in cluster <yellowstone>.
                            <16*ys1222-ib>
                            <16*ys1223-ib>
                            <16*ys1505-ib>
                            <16*ys1506-ib>
                            <16*ys1507-ib>
                            <16*ys1508-ib>
                            <16*ys1509-ib>
                            <16*ys1510-ib>
                            <16*ys1511-ib>
                            <16*ys1512-ib>
                            <16*ys1513-ib>
                            <16*ys1514-ib>
                            <16*ys1515-ib>
                            <16*ys1516-ib>
                            <16*ys1523-ib>
</glade/u/home/robertk> was used as the home directory.
</glade/u/home/robertk/work/Dune/trunk/alugrid/examples/run/me_alusfc_306> was used as the working directory.
Started at Thu Feb 27 16:39:24 2014
Results reported at Thu Feb 27 16:44:46 2014

Your job looked like:

------------------------------------------------------------
# LSBATCH: User input
#!/bin/bash
# LSF batch script to run an MPI application
#
#BSUB -P P86850055           # project code
#BSUB -W 00:20               # wall-clock time (hrs:mins)
#BSUB -n 256              # number of tasks in job
#BSUB -R span[ptile=16]    # run 16 MPI tasks per node
#BSUB -J primdgx.256            # job name
#BSUB -o ./primdgx.256.out  # output file name 
#BSUB -e ./primdgx.256.err  # error file name
#BSUB -q small             # queue
#run the executable
export MP_EAGER_LIMIT=4194305
export MP_EAGER_LIMIT_LOCAL=4194305
mpirun.lsf ./main_euler 23 0 6 none

------------------------------------------------------------

Successfully completed.

Resource usage summary:

    CPU time :               77492.00 sec.
    Max Memory :             106403 MB
    Average Memory :         61205.10 MB
    Total Requested Memory : -
    Delta Memory :           -
    (Delta: the difference between total requested memory and actual max usage.)
    Max Processes :          276
    Max Threads :            2937

The output (if any) is above this job summary.



PS:

Read file <./primdgx.256.err> for stderr output of this job.

