Execute poe command line: poe  ./main_euler 23 0 6 none
Caught DGFException on creation of SGrid, trying default DGF method!

Created parallel ALUGrid<3,3,cube,nonconforming> from macro grid file ''. 

globalRefine: 0
Intialization done!
elements = 26486272 (1,21743,21743)   maxLevel = 6   step = 11   time = 6.45968e-05   dt = 5.87244e-06
elements = 33826304 (1,28624,28624)   maxLevel = 6   step = 21   time = 0.000123321   dt = 5.87244e-06
elements = 33826304 (1,28624,28624)   maxLevel = 6   step = 31   time = 0.000182046   dt = 5.87244e-06
elements = 33826304 (1,28624,28624)   maxLevel = 6   step = 41   time = 0.00024077   dt = 5.87244e-06
elements = 33826304 (1,28624,28624)   maxLevel = 6   step = 52   time = 0.000305367   dt = 5.87244e-06
elements = 43001344 (1,37584,37584)   maxLevel = 6   step = 62   time = 0.000364091   dt = 5.87244e-06
elements = 43001344 (1,37584,37584)   maxLevel = 6   step = 72   time = 0.000422816   dt = 5.87244e-06
elements = 43001344 (1,37584,37584)   maxLevel = 6   step = 82   time = 0.00048154   dt = 5.87244e-06
elements = 43001344 (1,37584,37584)   maxLevel = 6   step = 92   time = 0.000540264   dt = 5.87244e-06
elements = 43001344 (1,37584,37584)   maxLevel = 6   step = 103   time = 0.000604861   dt = 5.87244e-06
elements = 50341376 (1,44752,44752)   maxLevel = 6   step = 113   time = 0.000663586   dt = 5.87244e-06
elements = 50341376 (1,44752,44752)   maxLevel = 6   step = 123   time = 0.00072231   dt = 5.87244e-06
elements = 50341376 (1,44752,44752)   maxLevel = 6   step = 133   time = 0.000781034   dt = 5.87244e-06
elements = 50341376 (1,44752,44752)   maxLevel = 6   step = 144   time = 0.000845631   dt = 5.87244e-06
elements = 50341376 (1,44752,44752)   maxLevel = 6   step = 154   time = 0.000904356   dt = 5.87244e-06
elements = 60118528 (1,54272,54272)   maxLevel = 6   step = 164   time = 0.00096308   dt = 5.87244e-06
elements = 60118528 (1,54272,54272)   maxLevel = 6   step = 174   time = 0.0010218   dt = 5.87244e-06
elements = 60118528 (1,54272,54272)   maxLevel = 6   step = 184   time = 0.00108053   dt = 5.87244e-06
elements = 60118528 (1,54272,54272)   maxLevel = 6   step = 195   time = 0.00114513   dt = 5.87244e-06
elements = 60118528 (1,54272,54272)   maxLevel = 6   step = 205   time = 0.00120385   dt = 5.87244e-06
elements = 60118528 (1,54272,54272)   maxLevel = 6   step = 215   time = 0.00126257   dt = 5.87244e-06
elements = 67458560 (1,61440,61440)   maxLevel = 6   step = 225   time = 0.0013213   dt = 5.87244e-06
elements = 67458560 (1,61440,61440)   maxLevel = 6   step = 235   time = 0.00138002   dt = 5.87244e-06
elements = 60118528 (1,54272,54272)   maxLevel = 6   step = 246   time = 0.00144462   dt = 5.87244e-06
elements = 60118528 (1,54272,54272)   maxLevel = 6   step = 256   time = 0.00150334   dt = 5.87244e-06
U2 max: 0.22  min: 0.09
U3 max: 0.04  min: 0
U4 max: 5.74  min: 1.07
U5 max: 2.84  min: 1.77
U6 max: 2.44  min: 1.38
U7 max: 0.6  min: 0
U8 max: 7.09  min: 3.08
Program finished: CPU time = 60.6648 sec.

------------------------------------------------------------
Sender: LSF System <lsfadmin@ys0302-ib>
Subject: Job 996573: <primdgx.4096> in cluster <yellowstone> Done

Job <primdgx.4096> was submitted from host <yslogin3-ib> by user <robertk> in cluster <yellowstone>.
Job was executed on host(s) <16*ys0302-ib>, in queue <small>, as user <robertk> in cluster <yellowstone>.
                            <16*ys0526-ib>
                            <16*ys0527-ib>
                            <16*ys0530-ib>
                            <16*ys0532-ib>
                            <16*ys1335-ib>
                            <16*ys1415-ib>
                            <16*ys1642-ib>
                            <16*ys1650-ib>
                            <16*ys1654-ib>
                            <16*ys1657-ib>
                            <16*ys1660-ib>
                            <16*ys1662-ib>
                            <16*ys1663-ib>
                            <16*ys1664-ib>
                            <16*ys1665-ib>
                            <16*ys1666-ib>
                            <16*ys1669-ib>
                            <16*ys1670-ib>
                            <16*ys1671-ib>
                            <16*ys1816-ib>
                            <16*ys1818-ib>
                            <16*ys1819-ib>
                            <16*ys1820-ib>
                            <16*ys1821-ib>
                            <16*ys1822-ib>
                            <16*ys1823-ib>
                            <16*ys1824-ib>
                            <16*ys1825-ib>
                            <16*ys1826-ib>
                            <16*ys1827-ib>
                            <16*ys1828-ib>
                            <16*ys1829-ib>
                            <16*ys1830-ib>
                            <16*ys1831-ib>
                            <16*ys1833-ib>
                            <16*ys1834-ib>
                            <16*ys1835-ib>
                            <16*ys1836-ib>
                            <16*ys1837-ib>
                            <16*ys1854-ib>
                            <16*ys1858-ib>
                            <16*ys1860-ib>
                            <16*ys1862-ib>
                            <16*ys1863-ib>
                            <16*ys1864-ib>
                            <16*ys1960-ib>
                            <16*ys1970-ib>
                            <16*ys1971-ib>
                            <16*ys1972-ib>
                            <16*ys2001-ib>
                            <16*ys2019-ib>
                            <16*ys2020-ib>
                            <16*ys2021-ib>
                            <16*ys2022-ib>
                            <16*ys2023-ib>
                            <16*ys2024-ib>
                            <16*ys2028-ib>
                            <16*ys2029-ib>
                            <16*ys2030-ib>
                            <16*ys2031-ib>
                            <16*ys2032-ib>
                            <16*ys2033-ib>
                            <16*ys2034-ib>
                            <16*ys2039-ib>
                            <16*ys2042-ib>
                            <16*ys2043-ib>
                            <16*ys2044-ib>
                            <16*ys2045-ib>
                            <16*ys2046-ib>
                            <16*ys2047-ib>
                            <16*ys2048-ib>
                            <16*ys2049-ib>
                            <16*ys2050-ib>
                            <16*ys2051-ib>
                            <16*ys2052-ib>
                            <16*ys2053-ib>
                            <16*ys2054-ib>
                            <16*ys2064-ib>
                            <16*ys2065-ib>
                            <16*ys2066-ib>
                            <16*ys2104-ib>
                            <16*ys2105-ib>
                            <16*ys2106-ib>
                            <16*ys2107-ib>
                            <16*ys2108-ib>
                            <16*ys2109-ib>
                            <16*ys2110-ib>
                            <16*ys2117-ib>
                            <16*ys2140-ib>
                            <16*ys2156-ib>
                            <16*ys2162-ib>
                            <16*ys2216-ib>
                            <16*ys2217-ib>
                            <16*ys2218-ib>
                            <16*ys2219-ib>
                            <16*ys2222-ib>
                            <16*ys2223-ib>
                            <16*ys2244-ib>
                            <16*ys2255-ib>
                            <16*ys2256-ib>
                            <16*ys2257-ib>
                            <16*ys2258-ib>
                            <16*ys2259-ib>
                            <16*ys2260-ib>
                            <16*ys2261-ib>
                            <16*ys2262-ib>
                            <16*ys2263-ib>
                            <16*ys2264-ib>
                            <16*ys2265-ib>
                            <16*ys2266-ib>
                            <16*ys2267-ib>
                            <16*ys2268-ib>
                            <16*ys2269-ib>
                            <16*ys2270-ib>
                            <16*ys2271-ib>
                            <16*ys2272-ib>
                            <16*ys2301-ib>
                            <16*ys2302-ib>
                            <16*ys2303-ib>
                            <16*ys2304-ib>
                            <16*ys2305-ib>
                            <16*ys2306-ib>
                            <16*ys2307-ib>
                            <16*ys2308-ib>
                            <16*ys2309-ib>
                            <16*ys2310-ib>
                            <16*ys2311-ib>
                            <16*ys2312-ib>
                            <16*ys2317-ib>
                            <16*ys2318-ib>
                            <16*ys2319-ib>
                            <16*ys2320-ib>
                            <16*ys2321-ib>
                            <16*ys2322-ib>
                            <16*ys2323-ib>
                            <16*ys2324-ib>
                            <16*ys2325-ib>
                            <16*ys2326-ib>
                            <16*ys2327-ib>
                            <16*ys2328-ib>
                            <16*ys2329-ib>
                            <16*ys2330-ib>
                            <16*ys2331-ib>
                            <16*ys2332-ib>
                            <16*ys2333-ib>
                            <16*ys2334-ib>
                            <16*ys2335-ib>
                            <16*ys2336-ib>
                            <16*ys2337-ib>
                            <16*ys2338-ib>
                            <16*ys2339-ib>
                            <16*ys2340-ib>
                            <16*ys2341-ib>
                            <16*ys2342-ib>
                            <16*ys2343-ib>
                            <16*ys2344-ib>
                            <16*ys2345-ib>
                            <16*ys2346-ib>
                            <16*ys2347-ib>
                            <16*ys2348-ib>
                            <16*ys2349-ib>
                            <16*ys2350-ib>
                            <16*ys2351-ib>
                            <16*ys2352-ib>
                            <16*ys2353-ib>
                            <16*ys2354-ib>
                            <16*ys2355-ib>
                            <16*ys2356-ib>
                            <16*ys2357-ib>
                            <16*ys2358-ib>
                            <16*ys2359-ib>
                            <16*ys2360-ib>
                            <16*ys2361-ib>
                            <16*ys2362-ib>
                            <16*ys2401-ib>
                            <16*ys2418-ib>
                            <16*ys2426-ib>
                            <16*ys2442-ib>
                            <16*ys2443-ib>
                            <16*ys2444-ib>
                            <16*ys2445-ib>
                            <16*ys2446-ib>
                            <16*ys2447-ib>
                            <16*ys2448-ib>
                            <16*ys2449-ib>
                            <16*ys2450-ib>
                            <16*ys2637-ib>
                            <16*ys2645-ib>
                            <16*ys2714-ib>
                            <16*ys2715-ib>
                            <16*ys2716-ib>
                            <16*ys2850-ib>
                            <16*ys2868-ib>
                            <16*ys2963-ib>
                            <16*ys2964-ib>
                            <16*ys2965-ib>
                            <16*ys2970-ib>
                            <16*ys2971-ib>
                            <16*ys2972-ib>
                            <16*ys3001-ib>
                            <16*ys3002-ib>
                            <16*ys3003-ib>
                            <16*ys3004-ib>
                            <16*ys3005-ib>
                            <16*ys3006-ib>
                            <16*ys3007-ib>
                            <16*ys3008-ib>
                            <16*ys3009-ib>
                            <16*ys3010-ib>
                            <16*ys3011-ib>
                            <16*ys3012-ib>
                            <16*ys3013-ib>
                            <16*ys3014-ib>
                            <16*ys3015-ib>
                            <16*ys3016-ib>
                            <16*ys3018-ib>
                            <16*ys3021-ib>
                            <16*ys3022-ib>
                            <16*ys3023-ib>
                            <16*ys3024-ib>
                            <16*ys3025-ib>
                            <16*ys3026-ib>
                            <16*ys3027-ib>
                            <16*ys3028-ib>
                            <16*ys3060-ib>
                            <16*ys3119-ib>
                            <16*ys3122-ib>
                            <16*ys3126-ib>
                            <16*ys3127-ib>
                            <16*ys3128-ib>
                            <16*ys3129-ib>
                            <16*ys3310-ib>
                            <16*ys3311-ib>
                            <16*ys3312-ib>
                            <16*ys3313-ib>
                            <16*ys3314-ib>
                            <16*ys3315-ib>
                            <16*ys3316-ib>
                            <16*ys3317-ib>
                            <16*ys3318-ib>
                            <16*ys3319-ib>
                            <16*ys3320-ib>
                            <16*ys3412-ib>
                            <16*ys3413-ib>
                            <16*ys3414-ib>
                            <16*ys3415-ib>
                            <16*ys3416-ib>
                            <16*ys3417-ib>
                            <16*ys3418-ib>
                            <16*ys3419-ib>
                            <16*ys3420-ib>
                            <16*ys3421-ib>
                            <16*ys3422-ib>
                            <16*ys3423-ib>
                            <16*ys3424-ib>
</glade/u/home/robertk> was used as the home directory.
</glade/u/home/robertk/work/Dune/trunk/alugrid/examples/run/me_alusfc_306> was used as the working directory.
Started at Thu Feb 27 16:42:04 2014
Results reported at Thu Feb 27 16:43:22 2014

Your job looked like:

------------------------------------------------------------
# LSBATCH: User input
#!/bin/bash
# LSF batch script to run an MPI application
#
#BSUB -P P86850055           # project code
#BSUB -W 00:20               # wall-clock time (hrs:mins)
#BSUB -n 4096              # number of tasks in job
#BSUB -R span[ptile=16]    # run 16 MPI tasks per node
#BSUB -J primdgx.4096            # job name
#BSUB -o ./primdgx.4096.out  # output file name 
#BSUB -e ./primdgx.4096.err  # error file name
#BSUB -q small             # queue
#run the executable
export MP_EAGER_LIMIT=4194305
export MP_EAGER_LIMIT_LOCAL=4194305
mpirun.lsf ./main_euler 23 0 6 none

------------------------------------------------------------

Successfully completed.

Resource usage summary:

    CPU time :               251300.00 sec.
    Max Memory :             1650 MB
    Average Memory :         1091.67 MB
    Total Requested Memory : -
    Delta Memory :           -
    (Delta: the difference between total requested memory and actual max usage.)
    Max Processes :          35
    Max Threads :            521

The output (if any) is above this job summary.



PS:

Read file <./primdgx.4096.err> for stderr output of this job.

