Execute poe command line: poe  ./main_ball 3 1 4 none
Caught DGFException on creation of SGrid, trying default DGF method!

Created parallel ALUGrid<3,3,cube,nonconforming> from macro grid file ''. 

globalRefine: 1
elements = 7298908 (3295,10855,3.29439)   maxLevel = 4   step = 12   time = 0.108   dt = 0.009
elements = 7183870 (3074,10819,3.51952)   maxLevel = 4   step = 23   time = 0.207   dt = 0.009
elements = 7161533 (3284,10762,3.2771)   maxLevel = 4   step = 34   time = 0.306   dt = 0.009
elements = 7337856 (3314,11175,3.37206)   maxLevel = 4   step = 45   time = 0.405   dt = 0.009
elements = 7089139 (3221,10806,3.35486)   maxLevel = 4   step = 56   time = 0.504   dt = 0.009
elements = 7332235 (3546,10980,3.09645)   maxLevel = 4   step = 67   time = 0.603   dt = 0.009
elements = 7223462 (3068,11016,3.59061)   maxLevel = 4   step = 78   time = 0.702   dt = 0.009
elements = 7117216 (2941,10832,3.6831)   maxLevel = 4   step = 89   time = 0.801   dt = 0.009
elements = 7276032 (3308,11125,3.36306)   maxLevel = 4   step = 100   time = 0.9   dt = 0.009
elements = 7008527 (3088,10736,3.47668)   maxLevel = 4   step = 112   time = 1.008   dt = 0.009
U2 max: 8.36  min: 5.1
U3 max: 0.03  min: 0
U4 max: 0.81  min: 0.33
U5 max: 0.11  min: 0
U6 max: 7.23  min: 4.1
U7 max: 0.01  min: 0
U8 max: 9.43  min: 5.96
Program finished: CPU time = 16.2405 sec.

------------------------------------------------------------
Sender: LSF System <lsfadmin@ys0129-ib>
Subject: Job 926073: <mb.1024> in cluster <yellowstone> Done

Job <mb.1024> was submitted from host <yslogin3-ib> by user <robertk> in cluster <yellowstone>.
Job was executed on host(s) <16*ys0129-ib>, in queue <small>, as user <robertk> in cluster <yellowstone>.
                            <16*ys0130-ib>
                            <16*ys0227-ib>
                            <16*ys0228-ib>
                            <16*ys0237-ib>
                            <16*ys0262-ib>
                            <16*ys0268-ib>
                            <16*ys0270-ib>
                            <16*ys0271-ib>
                            <16*ys0309-ib>
                            <16*ys0438-ib>
                            <16*ys0441-ib>
                            <16*ys0472-ib>
                            <16*ys0501-ib>
                            <16*ys0555-ib>
                            <16*ys0556-ib>
                            <16*ys0562-ib>
                            <16*ys0563-ib>
                            <16*ys0564-ib>
                            <16*ys0565-ib>
                            <16*ys0566-ib>
                            <16*ys0567-ib>
                            <16*ys0568-ib>
                            <16*ys0569-ib>
                            <16*ys0570-ib>
                            <16*ys0571-ib>
                            <16*ys0572-ib>
                            <16*ys0603-ib>
                            <16*ys0604-ib>
                            <16*ys0605-ib>
                            <16*ys0606-ib>
                            <16*ys0612-ib>
                            <16*ys0613-ib>
                            <16*ys0614-ib>
                            <16*ys0615-ib>
                            <16*ys0616-ib>
                            <16*ys0617-ib>
                            <16*ys0621-ib>
                            <16*ys0622-ib>
                            <16*ys0623-ib>
                            <16*ys0632-ib>
                            <16*ys0634-ib>
                            <16*ys0635-ib>
                            <16*ys0636-ib>
                            <16*ys0639-ib>
                            <16*ys0640-ib>
                            <16*ys0642-ib>
                            <16*ys0644-ib>
                            <16*ys0645-ib>
                            <16*ys0646-ib>
                            <16*ys0647-ib>
                            <16*ys0648-ib>
                            <16*ys0651-ib>
                            <16*ys0652-ib>
                            <16*ys0653-ib>
                            <16*ys0657-ib>
                            <16*ys0658-ib>
                            <16*ys0659-ib>
                            <16*ys0660-ib>
                            <16*ys0670-ib>
                            <16*ys0704-ib>
                            <16*ys0711-ib>
                            <16*ys0713-ib>
                            <16*ys0723-ib>
</glade/u/home/robertk> was used as the home directory.
</glade/u/home/robertk/work/Dune/trunk/alugrid/examples/run/mb_alusfc_314> was used as the working directory.
Started at Thu Feb 20 15:23:02 2014
Results reported at Thu Feb 20 15:24:06 2014

Your job looked like:

------------------------------------------------------------
# LSBATCH: User input
#!/bin/bash
# LSF batch script to run an MPI application
#
#BSUB -P P86850055           # project code
#BSUB -W 00:30               # wall-clock time (hrs:mins)
#BSUB -n 1024              # number of tasks in job
#BSUB -R span[ptile=16]    # run 16 MPI tasks per node
#BSUB -J mb.1024            # job name
#BSUB -o ./mb.1024.out  # output file name 
#BSUB -e ./mb.1024.err  # error file name
#BSUB -q small             # queue
#run the executable
export MP_CSS_INTERRUPT=yes
export MP_EAGER_LIMIT=4194305
export MP_EAGER_LIMIT_LOCAL=4194305
mpirun.lsf ./main_ball 3 1 4 none

------------------------------------------------------------

Successfully completed.

Resource usage summary:

    CPU time :               29225.87 sec.
    Max Memory :             715 MB
    Average Memory :         7.00 MB
    Total Requested Memory : -
    Delta Memory :           -
    (Delta: the difference between total requested memory and actual max usage.)
    Max Processes :          9
    Max Threads :            137

The output (if any) is above this job summary.



PS:

Read file <./mb.1024.err> for stderr output of this job.

