Caught DGFException on creation of SGrid, trying default DGF method!

Created parallel ALUGrid<3,3,cube,nonconforming> from macro grid file ''. 

globalRefine: 1
elements = 7300595 (3295,11071,3.35994)   maxLevel = 4   step = 12   time = 0.108   dt = 0.009
elements = 7187048 (3250,10993,3.38246)   maxLevel = 4   step = 23   time = 0.207   dt = 0.009
elements = 7166083 (2983,10804,3.62186)   maxLevel = 4   step = 34   time = 0.306   dt = 0.009
elements = 7338444 (3200,11144,3.4825)   maxLevel = 4   step = 45   time = 0.405   dt = 0.009
elements = 7089433 (3277,10847,3.31004)   maxLevel = 4   step = 56   time = 0.504   dt = 0.009
elements = 7335231 (3293,11000,3.34042)   maxLevel = 4   step = 67   time = 0.603   dt = 0.009
elements = 7223672 (3068,10938,3.56519)   maxLevel = 4   step = 78   time = 0.702   dt = 0.009
elements = 7116404 (2998,10332,3.4463)   maxLevel = 4   step = 89   time = 0.801   dt = 0.009
elements = 7277215 (3319,10965,3.30371)   maxLevel = 4   step = 100   time = 0.9   dt = 0.009
elements = 7005965 (3074,10703,3.48178)   maxLevel = 4   step = 112   time = 1.008   dt = 0.009
U2 max: 8.52  min: 5.24
U3 max: 0.03  min: 0
U4 max: 0.79  min: 0.29
U5 max: 2.38  min: 1.63
U6 max: 0.01  min: 0
U7 max: 6.65  min: 3.48
U8 max: 9.35  min: 5.98
Program finished: CPU time = 28.8106 sec.
Job  /ncar/opt/lsf/8.3/linux2.6-glibc2.3-x86_64/bin/poejob ./main_ball 3 1 4 none

TID   HOST_NAME   COMMAND_LINE            STATUS            TERMINATION_TIME
===== ========== ================  =======================  ===================
01008 ys4527-ib  ./main_ball 3 1   Done                     05/15/2013 15:32:56
01016 ys4527-ib   ./main_ball 3 1  Done                     05/15/2013 15:32:56
01020 ys4527-ib   ./main_ball 3 1  Done                     05/15/2013 15:32:56
01010 ys4527-ib   ./main_ball 3 1  Done                     05/15/2013 15:32:56
01009 ys4527-ib   ./main_ball 3 1  Done                     05/15/2013 15:32:56
01011 ys4527-ib   ./main_ball 3 1  Done                     05/15/2013 15:32:56
01012 ys4527-ib   ./main_ball 3 1  Done                     05/15/2013 15:32:56
01013 ys4527-ib   ./main_ball 3 1  Done                     05/15/2013 15:32:56
01015 ys4527-ib   ./main_ball 3 1  Done                     05/15/2013 15:32:56
01017 ys4527-ib   ./main_ball 3 1  Done                     05/15/2013 15:32:56
01018 ys4527-ib   ./main_ball 3 1  Done                     05/15/2013 15:32:56
01019 ys4527-ib   ./main_ball 3 1  Done                     05/15/2013 15:32:56
01021 ys4527-ib   ./main_ball 3 1  Done                     05/15/2013 15:32:56
01022 ys4527-ib   ./main_ball 3 1  Done                     05/15/2013 15:32:56
01023 ys4527-ib   ./main_ball 3 1  Done                     05/15/2013 15:32:56
01014 ys4527-ib   ./main_ball 3 1  Done                     05/15/2013 15:32:56
00992 ys4526-ib  ./main_ball 3 1   Done                     05/15/2013 15:32:56
00994 ys4526-ib   ./main_ball 3 1  Done                     05/15/2013 15:32:56
00997 ys4526-ib   ./main_ball 3 1  Done                     05/15/2013 15:32:56
00998 ys4526-ib   ./main_ball 3 1  Done                     05/15/2013 15:32:56
00999 ys4526-ib   ./main_ball 3 1  Done                     05/15/2013 15:32:56
01000 ys4526-ib   ./main_ball 3 1  Done                     05/15/2013 15:32:56
01001 ys4526-ib   ./main_ball 3 1  Done                     05/15/2013 15:32:56
01002 ys4526-ib   ./main_ball 3 1  Done                     05/15/2013 15:32:56
01003 ys4526-ib   ./main_ball 3 1  Done                     05/15/2013 15:32:56
01004 ys4526-ib   ./main_ball 3 1  Done                     05/15/2013 15:32:56
01005 ys4526-ib   ./main_ball 3 1  Done                     05/15/2013 15:32:56
01006 ys4526-ib   ./main_ball 3 1  Done                     05/15/2013 15:32:56
01007 ys4526-ib   ./main_ball 3 1  Done                     05/15/2013 15:32:56
00993 ys4526-ib   ./main_ball 3 1  Done                     05/15/2013 15:32:56
00995 ys4526-ib   ./main_ball 3 1  Done                     05/15/2013 15:32:56
00996 ys4526-ib   ./main_ball 3 1  Done                     05/15/2013 15:32:56
00976 ys4522-ib  ./main_ball 3 1   Done                     05/15/2013 15:32:56
00978 ys4522-ib   ./main_ball 3 1  Done                     05/15/2013 15:32:56
00980 ys4522-ib   ./main_ball 3 1  Done                     05/15/2013 15:32:56
00979 ys4522-ib   ./main_ball 3 1  Done                     05/15/2013 15:32:56
00981 ys4522-ib   ./main_ball 3 1  Done                     05/15/2013 15:32:56
00982 ys4522-ib   ./main_ball 3 1  Done                     05/15/2013 15:32:56
00983 ys4522-ib   ./main_ball 3 1  Done                     05/15/2013 15:32:56
00984 ys4522-ib   ./main_ball 3 1  Done                     05/15/2013 15:32:56
00985 ys4522-ib   ./main_ball 3 1  Done                     05/15/2013 15:32:56
00986 ys4522-ib   ./main_ball 3 1  Done                     05/15/2013 15:32:56
00987 ys4522-ib   ./main_ball 3 1  Done                     05/15/2013 15:32:56
00988 ys4522-ib   ./main_ball 3 1  Done                     05/15/2013 15:32:56
00990 ys4522-ib   ./main_ball 3 1  Done                     05/15/2013 15:32:56
00989 ys4522-ib   ./main_ball 3 1  Done                     05/15/2013 15:32:56
00991 ys4522-ib   ./main_ball 3 1  Done                     05/15/2013 15:32:56
00977 ys4522-ib   ./main_ball 3 1  Done                     05/15/2013 15:32:56
00960 ys4520-ib  ./main_ball 3 1   Done                     05/15/2013 15:32:56
00961 ys4520-ib   ./main_ball 3 1  Done                     05/15/2013 15:32:56
00962 ys4520-ib   ./main_ball 3 1  Done                     05/15/2013 15:32:56
00963 ys4520-ib   ./main_ball 3 1  Done                     05/15/2013 15:32:56
00964 ys4520-ib   ./main_ball 3 1  Done                     05/15/2013 15:32:56
00965 ys4520-ib   ./main_ball 3 1  Done                     05/15/2013 15:32:56
00966 ys4520-ib   ./main_ball 3 1  Done                     05/15/2013 15:32:56
00967 ys4520-ib   ./main_ball 3 1  Done                     05/15/2013 15:32:56
00968 ys4520-ib   ./main_ball 3 1  Done                     05/15/2013 15:32:56
00970 ys4520-ib   ./main_ball 3 1  Done                     05/15/2013 15:32:56
00969 ys4520-ib   ./main_ball 3 1  Done                     05/15/2013 15:32:56
00971 ys4520-ib   ./main_ball 3 1  Done                     05/15/2013 15:32:56
00972 ys4520-ib   ./main_ball 3 1  Done                     05/15/2013 15:32:56
00973 ys4520-ib   ./main_ball 3 1  Done                     05/15/2013 15:32:56
00974 ys4520-ib   ./main_ball 3 1  Done                     05/15/2013 15:32:56
00975 ys4520-ib   ./main_ball 3 1  Done                     05/15/2013 15:32:56
00944 ys4519-ib  ./main_ball 3 1   Done                     05/15/2013 15:32:56
00946 ys4519-ib   ./main_ball 3 1  Done                     05/15/2013 15:32:56
00947 ys4519-ib   ./main_ball 3 1  Done                     05/15/2013 15:32:56
00949 ys4519-ib   ./main_ball 3 1  Done                     05/15/2013 15:32:56
00959 ys4519-ib   ./main_ball 3 1  Done                     05/15/2013 15:32:56
00945 ys4519-ib   ./main_ball 3 1  Done                     05/15/2013 15:32:56
00948 ys4519-ib   ./main_ball 3 1  Done                     05/15/2013 15:32:56
00950 ys4519-ib   ./main_ball 3 1  Done                     05/15/2013 15:32:56
00951 ys4519-ib   ./main_ball 3 1  Done                     05/15/2013 15:32:56
00952 ys4519-ib   ./main_ball 3 1  Done                     05/15/2013 15:32:56
00953 ys4519-ib   ./main_ball 3 1  Done                     05/15/2013 15:32:56
00954 ys4519-ib   ./main_ball 3 1  Done                     05/15/2013 15:32:56
00955 ys4519-ib   ./main_ball 3 1  Done                     05/15/2013 15:32:56
00956 ys4519-ib   ./main_ball 3 1  Done                     05/15/2013 15:32:56
00957 ys4519-ib   ./main_ball 3 1  Done                     05/15/2013 15:32:56
00958 ys4519-ib   ./main_ball 3 1  Done                     05/15/2013 15:32:56
00928 ys4517-ib  ./main_ball 3 1   Done                     05/15/2013 15:32:56
00929 ys4517-ib   ./main_ball 3 1  Done                     05/15/2013 15:32:56
00941 ys4517-ib   ./main_ball 3 1  Done                     05/15/2013 15:32:56
00942 ys4517-ib   ./main_ball 3 1  Done                     05/15/2013 15:32:56
00943 ys4517-ib   ./main_ball 3 1  Done                     05/15/2013 15:32:56
00930 ys4517-ib   ./main_ball 3 1  Done                     05/15/2013 15:32:56
00931 ys4517-ib   ./main_ball 3 1  Done                     05/15/2013 15:32:56
00932 ys4517-ib   ./main_ball 3 1  Done                     05/15/2013 15:32:56
00933 ys4517-ib   ./main_ball 3 1  Done                     05/15/2013 15:32:56
00934 ys4517-ib   ./main_ball 3 1  Done                     05/15/2013 15:32:56
00935 ys4517-ib   ./main_ball 3 1  Done                     05/15/2013 15:32:56
00936 ys4517-ib   ./main_ball 3 1  Done                     05/15/2013 15:32:56
00937 ys4517-ib   ./main_ball 3 1  Done                     05/15/2013 15:32:56
00938 ys4517-ib   ./main_ball 3 1  Done                     05/15/2013 15:32:56
00940 ys4517-ib   ./main_ball 3 1  Done                     05/15/2013 15:32:56
00939 ys4517-ib   ./main_ball 3 1  Done                     05/15/2013 15:32:56
00912 ys4511-ib  ./main_ball 3 1   Done                     05/15/2013 15:32:56
00914 ys4511-ib   ./main_ball 3 1  Done                     05/15/2013 15:32:56
00915 ys4511-ib   ./main_ball 3 1  Done                     05/15/2013 15:32:56
00916 ys4511-ib   ./main_ball 3 1  Done                     05/15/2013 15:32:56
00920 ys4511-ib   ./main_ball 3 1  Done                     05/15/2013 15:32:56
00919 ys4511-ib   ./main_ball 3 1  Done                     05/15/2013 15:32:56
00922 ys4511-ib   ./main_ball 3 1  Done                     05/15/2013 15:32:56
00923 ys4511-ib   ./main_ball 3 1  Done                     05/15/2013 15:32:56
00924 ys4511-ib   ./main_ball 3 1  Done                     05/15/2013 15:32:56
00925 ys4511-ib   ./main_ball 3 1  Done                     05/15/2013 15:32:56
00926 ys4511-ib   ./main_ball 3 1  Done                     05/15/2013 15:32:56
00927 ys4511-ib   ./main_ball 3 1  Done                     05/15/2013 15:32:56
00913 ys4511-ib   ./main_ball 3 1  Done                     05/15/2013 15:32:56
00917 ys4511-ib   ./main_ball 3 1  Done                     05/15/2013 15:32:56
00918 ys4511-ib   ./main_ball 3 1  Done                     05/15/2013 15:32:56
00921 ys4511-ib   ./main_ball 3 1  Done                     05/15/2013 15:32:56
00896 ys4510-ib  ./main_ball 3 1   Done                     05/15/2013 15:32:56
00903 ys4510-ib   ./main_ball 3 1  Done                     05/15/2013 15:32:56
00904 ys4510-ib   ./main_ball 3 1  Done                     05/15/2013 15:32:56
00905 ys4510-ib   ./main_ball 3 1  Done                     05/15/2013 15:32:56
00906 ys4510-ib   ./main_ball 3 1  Done                     05/15/2013 15:32:56
00907 ys4510-ib   ./main_ball 3 1  Done                     05/15/2013 15:32:56
00897 ys4510-ib   ./main_ball 3 1  Done                     05/15/2013 15:32:56
00908 ys4510-ib   ./main_ball 3 1  Done                     05/15/2013 15:32:56
00898 ys4510-ib   ./main_ball 3 1  Done                     05/15/2013 15:32:56
00910 ys4510-ib   ./main_ball 3 1  Done                     05/15/2013 15:32:56
00909 ys4510-ib   ./main_ball 3 1  Done                     05/15/2013 15:32:56
00899 ys4510-ib   ./main_ball 3 1  Done                     05/15/2013 15:32:56
00911 ys4510-ib   ./main_ball 3 1  Done                     05/15/2013 15:32:56
00900 ys4510-ib   ./main_ball 3 1  Done                     05/15/2013 15:32:56
00901 ys4510-ib   ./main_ball 3 1  Done                     05/15/2013 15:32:56
00902 ys4510-ib   ./main_ball 3 1  Done                     05/15/2013 15:32:56
00880 ys4508-ib  ./main_ball 3 1   Done                     05/15/2013 15:32:56
00893 ys4508-ib   ./main_ball 3 1  Done                     05/15/2013 15:32:56
00894 ys4508-ib   ./main_ball 3 1  Done                     05/15/2013 15:32:56
00895 ys4508-ib   ./main_ball 3 1  Done                     05/15/2013 15:32:56
00881 ys4508-ib   ./main_ball 3 1  Done                     05/15/2013 15:32:56
00882 ys4508-ib   ./main_ball 3 1  Done                     05/15/2013 15:32:56
00883 ys4508-ib   ./main_ball 3 1  Done                     05/15/2013 15:32:56
00884 ys4508-ib   ./main_ball 3 1  Done                     05/15/2013 15:32:56
00885 ys4508-ib   ./main_ball 3 1  Done                     05/15/2013 15:32:56
00886 ys4508-ib   ./main_ball 3 1  Done                     05/15/2013 15:32:56
00887 ys4508-ib   ./main_ball 3 1  Done                     05/15/2013 15:32:56
00888 ys4508-ib   ./main_ball 3 1  Done                     05/15/2013 15:32:56
00890 ys4508-ib   ./main_ball 3 1  Done                     05/15/2013 15:32:56
00889 ys4508-ib   ./main_ball 3 1  Done                     05/15/2013 15:32:56
00891 ys4508-ib   ./main_ball 3 1  Done                     05/15/2013 15:32:56
00892 ys4508-ib   ./main_ball 3 1  Done                     05/15/2013 15:32:56
00864 ys4506-ib  ./main_ball 3 1   Done                     05/15/2013 15:32:56
00866 ys4506-ib   ./main_ball 3 1  Done                     05/15/2013 15:32:56
00868 ys4506-ib   ./main_ball 3 1  Done                     05/15/2013 15:32:56
00874 ys4506-ib   ./main_ball 3 1  Done                     05/15/2013 15:32:56
00875 ys4506-ib   ./main_ball 3 1  Done                     05/15/2013 15:32:56
00876 ys4506-ib   ./main_ball 3 1  Done                     05/15/2013 15:32:56
00877 ys4506-ib   ./main_ball 3 1  Done                     05/15/2013 15:32:56
00878 ys4506-ib   ./main_ball 3 1  Done                     05/15/2013 15:32:56
00879 ys4506-ib   ./main_ball 3 1  Done                     05/15/2013 15:32:56
00865 ys4506-ib   ./main_ball 3 1  Done                     05/15/2013 15:32:56
00867 ys4506-ib   ./main_ball 3 1  Done                     05/15/2013 15:32:56
00870 ys4506-ib   ./main_ball 3 1  Done                     05/15/2013 15:32:56
00869 ys4506-ib   ./main_ball 3 1  Done                     05/15/2013 15:32:56
00871 ys4506-ib   ./main_ball 3 1  Done                     05/15/2013 15:32:56
00872 ys4506-ib   ./main_ball 3 1  Done                     05/15/2013 15:32:56
00873 ys4506-ib   ./main_ball 3 1  Done                     05/15/2013 15:32:56
00848 ys4505-ib  ./main_ball 3 1   Done                     05/15/2013 15:32:56
00855 ys4505-ib   ./main_ball 3 1  Done                     05/15/2013 15:32:56
00856 ys4505-ib   ./main_ball 3 1  Done                     05/15/2013 15:32:56
00857 ys4505-ib   ./main_ball 3 1  Done                     05/15/2013 15:32:56
00858 ys4505-ib   ./main_ball 3 1  Done                     05/15/2013 15:32:56
00860 ys4505-ib   ./main_ball 3 1  Done                     05/15/2013 15:32:56
00859 ys4505-ib   ./main_ball 3 1  Done                     05/15/2013 15:32:56
00861 ys4505-ib   ./main_ball 3 1  Done                     05/15/2013 15:32:56
00862 ys4505-ib   ./main_ball 3 1  Done                     05/15/2013 15:32:56
00863 ys4505-ib   ./main_ball 3 1  Done                     05/15/2013 15:32:56
00850 ys4505-ib   ./main_ball 3 1  Done                     05/15/2013 15:32:56
00849 ys4505-ib   ./main_ball 3 1  Done                     05/15/2013 15:32:56
00851 ys4505-ib   ./main_ball 3 1  Done                     05/15/2013 15:32:56
00852 ys4505-ib   ./main_ball 3 1  Done                     05/15/2013 15:32:56
00853 ys4505-ib   ./main_ball 3 1  Done                     05/15/2013 15:32:56
00854 ys4505-ib   ./main_ball 3 1  Done                     05/15/2013 15:32:56
00832 ys4504-ib  ./main_ball 3 1   Done                     05/15/2013 15:32:56
00836 ys4504-ib   ./main_ball 3 1  Done                     05/15/2013 15:32:56
00834 ys4504-ib   ./main_ball 3 1  Done                     05/15/2013 15:32:56
00835 ys4504-ib   ./main_ball 3 1  Done                     05/15/2013 15:32:56
00837 ys4504-ib   ./main_ball 3 1  Done                     05/15/2013 15:32:56
00838 ys4504-ib   ./main_ball 3 1  Done                     05/15/2013 15:32:56
00840 ys4504-ib   ./main_ball 3 1  Done                     05/15/2013 15:32:56
00839 ys4504-ib   ./main_ball 3 1  Done                     05/15/2013 15:32:56
00841 ys4504-ib   ./main_ball 3 1  Done                     05/15/2013 15:32:56
00842 ys4504-ib   ./main_ball 3 1  Done                     05/15/2013 15:32:56
00843 ys4504-ib   ./main_ball 3 1  Done                     05/15/2013 15:32:56
00844 ys4504-ib   ./main_ball 3 1  Done                     05/15/2013 15:32:56
00845 ys4504-ib   ./main_ball 3 1  Done                     05/15/2013 15:32:56
00846 ys4504-ib   ./main_ball 3 1  Done                     05/15/2013 15:32:56
00847 ys4504-ib   ./main_ball 3 1  Done                     05/15/2013 15:32:56
00833 ys4504-ib   ./main_ball 3 1  Done                     05/15/2013 15:32:56
00816 ys4503-ib  ./main_ball 3 1   Done                     05/15/2013 15:32:56
00817 ys4503-ib   ./main_ball 3 1  Done                     05/15/2013 15:32:56
00818 ys4503-ib   ./main_ball 3 1  Done                     05/15/2013 15:32:56
00820 ys4503-ib   ./main_ball 3 1  Done                     05/15/2013 15:32:56
00819 ys4503-ib   ./main_ball 3 1  Done                     05/15/2013 15:32:56
00821 ys4503-ib   ./main_ball 3 1  Done                     05/15/2013 15:32:56
00822 ys4503-ib   ./main_ball 3 1  Done                     05/15/2013 15:32:56
00823 ys4503-ib   ./main_ball 3 1  Done                     05/15/2013 15:32:56
00824 ys4503-ib   ./main_ball 3 1  Done                     05/15/2013 15:32:56
00825 ys4503-ib   ./main_ball 3 1  Done                     05/15/2013 15:32:56
00826 ys4503-ib   ./main_ball 3 1  Done                     05/15/2013 15:32:56
00827 ys4503-ib   ./main_ball 3 1  Done                     05/15/2013 15:32:56
00828 ys4503-ib   ./main_ball 3 1  Done                     05/15/2013 15:32:56
00830 ys4503-ib   ./main_ball 3 1  Done                     05/15/2013 15:32:56
00829 ys4503-ib   ./main_ball 3 1  Done                     05/15/2013 15:32:56
00831 ys4503-ib   ./main_ball 3 1  Done                     05/15/2013 15:32:56
00800 ys4502-ib  ./main_ball 3 1   Done                     05/15/2013 15:32:56
00801 ys4502-ib   ./main_ball 3 1  Done                     05/15/2013 15:32:56
00802 ys4502-ib   ./main_ball 3 1  Done                     05/15/2013 15:32:56
00803 ys4502-ib   ./main_ball 3 1  Done                     05/15/2013 15:32:56
00804 ys4502-ib   ./main_ball 3 1  Done                     05/15/2013 15:32:56
00805 ys4502-ib   ./main_ball 3 1  Done                     05/15/2013 15:32:56
00806 ys4502-ib   ./main_ball 3 1  Done                     05/15/2013 15:32:56
00807 ys4502-ib   ./main_ball 3 1  Done                     05/15/2013 15:32:56
00808 ys4502-ib   ./main_ball 3 1  Done                     05/15/2013 15:32:56
00810 ys4502-ib   ./main_ball 3 1  Done                     05/15/2013 15:32:56
00809 ys4502-ib   ./main_ball 3 1  Done                     05/15/2013 15:32:56
00811 ys4502-ib   ./main_ball 3 1  Done                     05/15/2013 15:32:56
00812 ys4502-ib   ./main_ball 3 1  Done                     05/15/2013 15:32:56
00813 ys4502-ib   ./main_ball 3 1  Done                     05/15/2013 15:32:56
00814 ys4502-ib   ./main_ball 3 1  Done                     05/15/2013 15:32:56
00815 ys4502-ib   ./main_ball 3 1  Done                     05/15/2013 15:32:56
00784 ys4501-ib  ./main_ball 3 1   Done                     05/15/2013 15:32:56
00788 ys4501-ib   ./main_ball 3 1  Done                     05/15/2013 15:32:56
00790 ys4501-ib   ./main_ball 3 1  Done                     05/15/2013 15:32:56
00789 ys4501-ib   ./main_ball 3 1  Done                     05/15/2013 15:32:56
00791 ys4501-ib   ./main_ball 3 1  Done                     05/15/2013 15:32:56
00792 ys4501-ib   ./main_ball 3 1  Done                     05/15/2013 15:32:56
00793 ys4501-ib   ./main_ball 3 1  Done                     05/15/2013 15:32:56
00794 ys4501-ib   ./main_ball 3 1  Done                     05/15/2013 15:32:56
00795 ys4501-ib   ./main_ball 3 1  Done                     05/15/2013 15:32:56
00796 ys4501-ib   ./main_ball 3 1  Done                     05/15/2013 15:32:56
00797 ys4501-ib   ./main_ball 3 1  Done                     05/15/2013 15:32:56
00798 ys4501-ib   ./main_ball 3 1  Done                     05/15/2013 15:32:56
00799 ys4501-ib   ./main_ball 3 1  Done                     05/15/2013 15:32:56
00785 ys4501-ib   ./main_ball 3 1  Done                     05/15/2013 15:32:56
00786 ys4501-ib   ./main_ball 3 1  Done                     05/15/2013 15:32:56
00787 ys4501-ib   ./main_ball 3 1  Done                     05/15/2013 15:32:56
00768 ys4471-ib  ./main_ball 3 1   Done                     05/15/2013 15:32:56
00770 ys4471-ib   ./main_ball 3 1  Done                     05/15/2013 15:32:56
00769 ys4471-ib   ./main_ball 3 1  Done                     05/15/2013 15:32:56
00771 ys4471-ib   ./main_ball 3 1  Done                     05/15/2013 15:32:56
00772 ys4471-ib   ./main_ball 3 1  Done                     05/15/2013 15:32:56
00773 ys4471-ib   ./main_ball 3 1  Done                     05/15/2013 15:32:56
00774 ys4471-ib   ./main_ball 3 1  Done                     05/15/2013 15:32:56
00775 ys4471-ib   ./main_ball 3 1  Done                     05/15/2013 15:32:56
00776 ys4471-ib   ./main_ball 3 1  Done                     05/15/2013 15:32:56
00777 ys4471-ib   ./main_ball 3 1  Done                     05/15/2013 15:32:56
00778 ys4471-ib   ./main_ball 3 1  Done                     05/15/2013 15:32:56
00780 ys4471-ib   ./main_ball 3 1  Done                     05/15/2013 15:32:56
00779 ys4471-ib   ./main_ball 3 1  Done                     05/15/2013 15:32:56
00781 ys4471-ib   ./main_ball 3 1  Done                     05/15/2013 15:32:56
00782 ys4471-ib   ./main_ball 3 1  Done                     05/15/2013 15:32:56
00783 ys4471-ib   ./main_ball 3 1  Done                     05/15/2013 15:32:56
00752 ys4470-ib  ./main_ball 3 1   Done                     05/15/2013 15:32:56
00756 ys4470-ib   ./main_ball 3 1  Done                     05/15/2013 15:32:56
00753 ys4470-ib   ./main_ball 3 1  Done                     05/15/2013 15:32:56
00754 ys4470-ib   ./main_ball 3 1  Done                     05/15/2013 15:32:56
00755 ys4470-ib   ./main_ball 3 1  Done                     05/15/2013 15:32:56
00757 ys4470-ib   ./main_ball 3 1  Done                     05/15/2013 15:32:56
00758 ys4470-ib   ./main_ball 3 1  Done                     05/15/2013 15:32:56
00760 ys4470-ib   ./main_ball 3 1  Done                     05/15/2013 15:32:56
00759 ys4470-ib   ./main_ball 3 1  Done                     05/15/2013 15:32:56
00761 ys4470-ib   ./main_ball 3 1  Done                     05/15/2013 15:32:56
00762 ys4470-ib   ./main_ball 3 1  Done                     05/15/2013 15:32:56
00763 ys4470-ib   ./main_ball 3 1  Done                     05/15/2013 15:32:56
00764 ys4470-ib   ./main_ball 3 1  Done                     05/15/2013 15:32:56
00765 ys4470-ib   ./main_ball 3 1  Done                     05/15/2013 15:32:56
00766 ys4470-ib   ./main_ball 3 1  Done                     05/15/2013 15:32:56
00767 ys4470-ib   ./main_ball 3 1  Done                     05/15/2013 15:32:56
00736 ys4469-ib  ./main_ball 3 1   Done                     05/15/2013 15:32:56
00738 ys4469-ib   ./main_ball 3 1  Done                     05/15/2013 15:32:56
00739 ys4469-ib   ./main_ball 3 1  Done                     05/15/2013 15:32:56
00741 ys4469-ib   ./main_ball 3 1  Done                     05/15/2013 15:32:56
00743 ys4469-ib   ./main_ball 3 1  Done                     05/15/2013 15:32:56
00744 ys4469-ib   ./main_ball 3 1  Done                     05/15/2013 15:32:56
00745 ys4469-ib   ./main_ball 3 1  Done                     05/15/2013 15:32:56
00746 ys4469-ib   ./main_ball 3 1  Done                     05/15/2013 15:32:56
00749 ys4469-ib   ./main_ball 3 1  Done                     05/15/2013 15:32:56
00751 ys4469-ib   ./main_ball 3 1  Done                     05/15/2013 15:32:56
00737 ys4469-ib   ./main_ball 3 1  Done                     05/15/2013 15:32:56
00740 ys4469-ib   ./main_ball 3 1  Done                     05/15/2013 15:32:56
00742 ys4469-ib   ./main_ball 3 1  Done                     05/15/2013 15:32:56
00747 ys4469-ib   ./main_ball 3 1  Done                     05/15/2013 15:32:56
00748 ys4469-ib   ./main_ball 3 1  Done                     05/15/2013 15:32:56
00750 ys4469-ib   ./main_ball 3 1  Done                     05/15/2013 15:32:56
00720 ys4468-ib  ./main_ball 3 1   Done                     05/15/2013 15:32:56
00721 ys4468-ib   ./main_ball 3 1  Done                     05/15/2013 15:32:56
00722 ys4468-ib   ./main_ball 3 1  Done                     05/15/2013 15:32:56
00723 ys4468-ib   ./main_ball 3 1  Done                     05/15/2013 15:32:56
00725 ys4468-ib   ./main_ball 3 1  Done                     05/15/2013 15:32:56
00732 ys4468-ib   ./main_ball 3 1  Done                     05/15/2013 15:32:56
00733 ys4468-ib   ./main_ball 3 1  Done                     05/15/2013 15:32:56
00734 ys4468-ib   ./main_ball 3 1  Done                     05/15/2013 15:32:56
00735 ys4468-ib   ./main_ball 3 1  Done                     05/15/2013 15:32:56
00724 ys4468-ib   ./main_ball 3 1  Done                     05/15/2013 15:32:56
00726 ys4468-ib   ./main_ball 3 1  Done                     05/15/2013 15:32:56
00727 ys4468-ib   ./main_ball 3 1  Done                     05/15/2013 15:32:56
00728 ys4468-ib   ./main_ball 3 1  Done                     05/15/2013 15:32:56
00730 ys4468-ib   ./main_ball 3 1  Done                     05/15/2013 15:32:56
00729 ys4468-ib   ./main_ball 3 1  Done                     05/15/2013 15:32:56
00731 ys4468-ib   ./main_ball 3 1  Done                     05/15/2013 15:32:56
00704 ys4467-ib  ./main_ball 3 1   Done                     05/15/2013 15:32:56
00713 ys4467-ib   ./main_ball 3 1  Done                     05/15/2013 15:32:56
00714 ys4467-ib   ./main_ball 3 1  Done                     05/15/2013 15:32:56
00715 ys4467-ib   ./main_ball 3 1  Done                     05/15/2013 15:32:56
00716 ys4467-ib   ./main_ball 3 1  Done                     05/15/2013 15:32:56
00717 ys4467-ib   ./main_ball 3 1  Done                     05/15/2013 15:32:56
00718 ys4467-ib   ./main_ball 3 1  Done                     05/15/2013 15:32:56
00719 ys4467-ib   ./main_ball 3 1  Done                     05/15/2013 15:32:56
00705 ys4467-ib   ./main_ball 3 1  Done                     05/15/2013 15:32:56
00706 ys4467-ib   ./main_ball 3 1  Done                     05/15/2013 15:32:56
00707 ys4467-ib   ./main_ball 3 1  Done                     05/15/2013 15:32:56
00708 ys4467-ib   ./main_ball 3 1  Done                     05/15/2013 15:32:56
00710 ys4467-ib   ./main_ball 3 1  Done                     05/15/2013 15:32:56
00709 ys4467-ib   ./main_ball 3 1  Done                     05/15/2013 15:32:56
00711 ys4467-ib   ./main_ball 3 1  Done                     05/15/2013 15:32:56
00712 ys4467-ib   ./main_ball 3 1  Done                     05/15/2013 15:32:56
00688 ys4466-ib  ./main_ball 3 1   Done                     05/15/2013 15:32:56
00700 ys4466-ib   ./main_ball 3 1  Done                     05/15/2013 15:32:56
00690 ys4466-ib   ./main_ball 3 1  Done                     05/15/2013 15:32:56
00689 ys4466-ib   ./main_ball 3 1  Done                     05/15/2013 15:32:56
00701 ys4466-ib   ./main_ball 3 1  Done                     05/15/2013 15:32:56
00691 ys4466-ib   ./main_ball 3 1  Done                     05/15/2013 15:32:56
00702 ys4466-ib   ./main_ball 3 1  Done                     05/15/2013 15:32:56
00692 ys4466-ib   ./main_ball 3 1  Done                     05/15/2013 15:32:56
00703 ys4466-ib   ./main_ball 3 1  Done                     05/15/2013 15:32:56
00693 ys4466-ib   ./main_ball 3 1  Done                     05/15/2013 15:32:56
00694 ys4466-ib   ./main_ball 3 1  Done                     05/15/2013 15:32:56
00695 ys4466-ib   ./main_ball 3 1  Done                     05/15/2013 15:32:56
00696 ys4466-ib   ./main_ball 3 1  Done                     05/15/2013 15:32:56
00697 ys4466-ib   ./main_ball 3 1  Done                     05/15/2013 15:32:56
00698 ys4466-ib   ./main_ball 3 1  Done                     05/15/2013 15:32:56
00699 ys4466-ib   ./main_ball 3 1  Done                     05/15/2013 15:32:56
00672 ys4465-ib  ./main_ball 3 1   Done                     05/15/2013 15:32:56
00684 ys4465-ib   ./main_ball 3 1  Done                     05/15/2013 15:32:56
00685 ys4465-ib   ./main_ball 3 1  Done                     05/15/2013 15:32:56
00686 ys4465-ib   ./main_ball 3 1  Done                     05/15/2013 15:32:56
00687 ys4465-ib   ./main_ball 3 1  Done                     05/15/2013 15:32:56
00673 ys4465-ib   ./main_ball 3 1  Done                     05/15/2013 15:32:56
00674 ys4465-ib   ./main_ball 3 1  Done                     05/15/2013 15:32:56
00675 ys4465-ib   ./main_ball 3 1  Done                     05/15/2013 15:32:56
00676 ys4465-ib   ./main_ball 3 1  Done                     05/15/2013 15:32:56
00677 ys4465-ib   ./main_ball 3 1  Done                     05/15/2013 15:32:56
00678 ys4465-ib   ./main_ball 3 1  Done                     05/15/2013 15:32:56
00680 ys4465-ib   ./main_ball 3 1  Done                     05/15/2013 15:32:56
00679 ys4465-ib   ./main_ball 3 1  Done                     05/15/2013 15:32:56
00681 ys4465-ib   ./main_ball 3 1  Done                     05/15/2013 15:32:56
00682 ys4465-ib   ./main_ball 3 1  Done                     05/15/2013 15:32:56
00683 ys4465-ib   ./main_ball 3 1  Done                     05/15/2013 15:32:56
00656 ys4464-ib  ./main_ball 3 1   Done                     05/15/2013 15:32:56
00665 ys4464-ib   ./main_ball 3 1  Done                     05/15/2013 15:32:56
00666 ys4464-ib   ./main_ball 3 1  Done                     05/15/2013 15:32:56
00667 ys4464-ib   ./main_ball 3 1  Done                     05/15/2013 15:32:56
00668 ys4464-ib   ./main_ball 3 1  Done                     05/15/2013 15:32:56
00670 ys4464-ib   ./main_ball 3 1  Done                     05/15/2013 15:32:56
00669 ys4464-ib   ./main_ball 3 1  Done                     05/15/2013 15:32:56
00671 ys4464-ib   ./main_ball 3 1  Done                     05/15/2013 15:32:56
00657 ys4464-ib   ./main_ball 3 1  Done                     05/15/2013 15:32:56
00658 ys4464-ib   ./main_ball 3 1  Done                     05/15/2013 15:32:56
00660 ys4464-ib   ./main_ball 3 1  Done                     05/15/2013 15:32:56
00659 ys4464-ib   ./main_ball 3 1  Done                     05/15/2013 15:32:56
00661 ys4464-ib   ./main_ball 3 1  Done                     05/15/2013 15:32:56
00662 ys4464-ib   ./main_ball 3 1  Done                     05/15/2013 15:32:56
00663 ys4464-ib   ./main_ball 3 1  Done                     05/15/2013 15:32:56
00664 ys4464-ib   ./main_ball 3 1  Done                     05/15/2013 15:32:56
00640 ys4463-ib  ./main_ball 3 1   Done                     05/15/2013 15:32:56
00647 ys4463-ib   ./main_ball 3 1  Done                     05/15/2013 15:32:56
00641 ys4463-ib   ./main_ball 3 1  Done                     05/15/2013 15:32:56
00642 ys4463-ib   ./main_ball 3 1  Done                     05/15/2013 15:32:56
00643 ys4463-ib   ./main_ball 3 1  Done                     05/15/2013 15:32:56
00644 ys4463-ib   ./main_ball 3 1  Done                     05/15/2013 15:32:56
00646 ys4463-ib   ./main_ball 3 1  Done                     05/15/2013 15:32:56
00648 ys4463-ib   ./main_ball 3 1  Done                     05/15/2013 15:32:56
00650 ys4463-ib   ./main_ball 3 1  Done                     05/15/2013 15:32:56
00649 ys4463-ib   ./main_ball 3 1  Done                     05/15/2013 15:32:56
00651 ys4463-ib   ./main_ball 3 1  Done                     05/15/2013 15:32:56
00652 ys4463-ib   ./main_ball 3 1  Done                     05/15/2013 15:32:56
00653 ys4463-ib   ./main_ball 3 1  Done                     05/15/2013 15:32:56
00654 ys4463-ib   ./main_ball 3 1  Done                     05/15/2013 15:32:56
00655 ys4463-ib   ./main_ball 3 1  Done                     05/15/2013 15:32:56
00645 ys4463-ib   ./main_ball 3 1  Done                     05/15/2013 15:32:56
00624 ys4462-ib  ./main_ball 3 1   Done                     05/15/2013 15:32:56
00627 ys4462-ib   ./main_ball 3 1  Done                     05/15/2013 15:32:56
00630 ys4462-ib   ./main_ball 3 1  Done                     05/15/2013 15:32:56
00629 ys4462-ib   ./main_ball 3 1  Done                     05/15/2013 15:32:56
00632 ys4462-ib   ./main_ball 3 1  Done                     05/15/2013 15:32:56
00633 ys4462-ib   ./main_ball 3 1  Done                     05/15/2013 15:32:56
00634 ys4462-ib   ./main_ball 3 1  Done                     05/15/2013 15:32:56
00635 ys4462-ib   ./main_ball 3 1  Done                     05/15/2013 15:32:56
00636 ys4462-ib   ./main_ball 3 1  Done                     05/15/2013 15:32:56
00638 ys4462-ib   ./main_ball 3 1  Done                     05/15/2013 15:32:56
00626 ys4462-ib   ./main_ball 3 1  Done                     05/15/2013 15:32:56
00628 ys4462-ib   ./main_ball 3 1  Done                     05/15/2013 15:32:56
00631 ys4462-ib   ./main_ball 3 1  Done                     05/15/2013 15:32:56
00637 ys4462-ib   ./main_ball 3 1  Done                     05/15/2013 15:32:56
00639 ys4462-ib   ./main_ball 3 1  Done                     05/15/2013 15:32:56
00625 ys4462-ib   ./main_ball 3 1  Done                     05/15/2013 15:32:56
00608 ys4461-ib  ./main_ball 3 1   Done                     05/15/2013 15:32:56
00610 ys4461-ib   ./main_ball 3 1  Done                     05/15/2013 15:32:56
00609 ys4461-ib   ./main_ball 3 1  Done                     05/15/2013 15:32:56
00611 ys4461-ib   ./main_ball 3 1  Done                     05/15/2013 15:32:56
00612 ys4461-ib   ./main_ball 3 1  Done                     05/15/2013 15:32:56
00613 ys4461-ib   ./main_ball 3 1  Done                     05/15/2013 15:32:56
00614 ys4461-ib   ./main_ball 3 1  Done                     05/15/2013 15:32:56
00615 ys4461-ib   ./main_ball 3 1  Done                     05/15/2013 15:32:56
00616 ys4461-ib   ./main_ball 3 1  Done                     05/15/2013 15:32:56
00617 ys4461-ib   ./main_ball 3 1  Done                     05/15/2013 15:32:56
00618 ys4461-ib   ./main_ball 3 1  Done                     05/15/2013 15:32:56
00620 ys4461-ib   ./main_ball 3 1  Done                     05/15/2013 15:32:56
00619 ys4461-ib   ./main_ball 3 1  Done                     05/15/2013 15:32:56
00621 ys4461-ib   ./main_ball 3 1  Done                     05/15/2013 15:32:56
00622 ys4461-ib   ./main_ball 3 1  Done                     05/15/2013 15:32:56
00623 ys4461-ib   ./main_ball 3 1  Done                     05/15/2013 15:32:56
00592 ys4460-ib  ./main_ball 3 1   Done                     05/15/2013 15:32:56
00598 ys4460-ib   ./main_ball 3 1  Done                     05/15/2013 15:32:56
00599 ys4460-ib   ./main_ball 3 1  Done                     05/15/2013 15:32:56
00600 ys4460-ib   ./main_ball 3 1  Done                     05/15/2013 15:32:56
00601 ys4460-ib   ./main_ball 3 1  Done                     05/15/2013 15:32:56
00602 ys4460-ib   ./main_ball 3 1  Done                     05/15/2013 15:32:56
00603 ys4460-ib   ./main_ball 3 1  Done                     05/15/2013 15:32:56
00593 ys4460-ib   ./main_ball 3 1  Done                     05/15/2013 15:32:56
00604 ys4460-ib   ./main_ball 3 1  Done                     05/15/2013 15:32:56
00594 ys4460-ib   ./main_ball 3 1  Done                     05/15/2013 15:32:56
00605 ys4460-ib   ./main_ball 3 1  Done                     05/15/2013 15:32:56
00595 ys4460-ib   ./main_ball 3 1  Done                     05/15/2013 15:32:56
00606 ys4460-ib   ./main_ball 3 1  Done                     05/15/2013 15:32:56
00596 ys4460-ib   ./main_ball 3 1  Done                     05/15/2013 15:32:56
00607 ys4460-ib   ./main_ball 3 1  Done                     05/15/2013 15:32:56
00597 ys4460-ib   ./main_ball 3 1  Done                     05/15/2013 15:32:56
00576 ys4459-ib  ./main_ball 3 1   Done                     05/15/2013 15:32:56
00583 ys4459-ib   ./main_ball 3 1  Done                     05/15/2013 15:32:56
00591 ys4459-ib   ./main_ball 3 1  Done                     05/15/2013 15:32:56
00578 ys4459-ib   ./main_ball 3 1  Done                     05/15/2013 15:32:56
00580 ys4459-ib   ./main_ball 3 1  Done                     05/15/2013 15:32:56
00579 ys4459-ib   ./main_ball 3 1  Done                     05/15/2013 15:32:56
00581 ys4459-ib   ./main_ball 3 1  Done                     05/15/2013 15:32:56
00582 ys4459-ib   ./main_ball 3 1  Done                     05/15/2013 15:32:56
00584 ys4459-ib   ./main_ball 3 1  Done                     05/15/2013 15:32:56
00585 ys4459-ib   ./main_ball 3 1  Done                     05/15/2013 15:32:56
00586 ys4459-ib   ./main_ball 3 1  Done                     05/15/2013 15:32:56
00587 ys4459-ib   ./main_ball 3 1  Done                     05/15/2013 15:32:56
00588 ys4459-ib   ./main_ball 3 1  Done                     05/15/2013 15:32:56
00590 ys4459-ib   ./main_ball 3 1  Done                     05/15/2013 15:32:56
00589 ys4459-ib   ./main_ball 3 1  Done                     05/15/2013 15:32:56
00577 ys4459-ib   ./main_ball 3 1  Done                     05/15/2013 15:32:56
00560 ys4458-ib  ./main_ball 3 1   Done                     05/15/2013 15:32:56
00561 ys4458-ib   ./main_ball 3 1  Done                     05/15/2013 15:32:56
00562 ys4458-ib   ./main_ball 3 1  Done                     05/15/2013 15:32:56
00563 ys4458-ib   ./main_ball 3 1  Done                     05/15/2013 15:32:56
00564 ys4458-ib   ./main_ball 3 1  Done                     05/15/2013 15:32:56
00566 ys4458-ib   ./main_ball 3 1  Done                     05/15/2013 15:32:56
00568 ys4458-ib   ./main_ball 3 1  Done                     05/15/2013 15:32:56
00572 ys4458-ib   ./main_ball 3 1  Done                     05/15/2013 15:32:56
00575 ys4458-ib   ./main_ball 3 1  Done                     05/15/2013 15:32:56
00565 ys4458-ib   ./main_ball 3 1  Done                     05/15/2013 15:32:56
00567 ys4458-ib   ./main_ball 3 1  Done                     05/15/2013 15:32:56
00570 ys4458-ib   ./main_ball 3 1  Done                     05/15/2013 15:32:56
00569 ys4458-ib   ./main_ball 3 1  Done                     05/15/2013 15:32:56
00571 ys4458-ib   ./main_ball 3 1  Done                     05/15/2013 15:32:56
00573 ys4458-ib   ./main_ball 3 1  Done                     05/15/2013 15:32:56
00574 ys4458-ib   ./main_ball 3 1  Done                     05/15/2013 15:32:56
00544 ys4457-ib  ./main_ball 3 1   Done                     05/15/2013 15:32:56
00545 ys4457-ib   ./main_ball 3 1  Done                     05/15/2013 15:32:56
00546 ys4457-ib   ./main_ball 3 1  Done                     05/15/2013 15:32:56
00547 ys4457-ib   ./main_ball 3 1  Done                     05/15/2013 15:32:56
00548 ys4457-ib   ./main_ball 3 1  Done                     05/15/2013 15:32:56
00550 ys4457-ib   ./main_ball 3 1  Done                     05/15/2013 15:32:56
00549 ys4457-ib   ./main_ball 3 1  Done                     05/15/2013 15:32:56
00551 ys4457-ib   ./main_ball 3 1  Done                     05/15/2013 15:32:56
00552 ys4457-ib   ./main_ball 3 1  Done                     05/15/2013 15:32:56
00553 ys4457-ib   ./main_ball 3 1  Done                     05/15/2013 15:32:56
00554 ys4457-ib   ./main_ball 3 1  Done                     05/15/2013 15:32:56
00555 ys4457-ib   ./main_ball 3 1  Done                     05/15/2013 15:32:56
00556 ys4457-ib   ./main_ball 3 1  Done                     05/15/2013 15:32:56
00557 ys4457-ib   ./main_ball 3 1  Done                     05/15/2013 15:32:56
00558 ys4457-ib   ./main_ball 3 1  Done                     05/15/2013 15:32:56
00559 ys4457-ib   ./main_ball 3 1  Done                     05/15/2013 15:32:56
00528 ys4456-ib  ./main_ball 3 1   Done                     05/15/2013 15:32:56
00543 ys4456-ib   ./main_ball 3 1  Done                     05/15/2013 15:32:56
00531 ys4456-ib   ./main_ball 3 1  Done                     05/15/2013 15:32:56
00534 ys4456-ib   ./main_ball 3 1  Done                     05/15/2013 15:32:56
00542 ys4456-ib   ./main_ball 3 1  Done                     05/15/2013 15:32:56
00530 ys4456-ib   ./main_ball 3 1  Done                     05/15/2013 15:32:56
00529 ys4456-ib   ./main_ball 3 1  Done                     05/15/2013 15:32:56
00532 ys4456-ib   ./main_ball 3 1  Done                     05/15/2013 15:32:56
00533 ys4456-ib   ./main_ball 3 1  Done                     05/15/2013 15:32:56
00535 ys4456-ib   ./main_ball 3 1  Done                     05/15/2013 15:32:56
00536 ys4456-ib   ./main_ball 3 1  Done                     05/15/2013 15:32:56
00537 ys4456-ib   ./main_ball 3 1  Done                     05/15/2013 15:32:56
00538 ys4456-ib   ./main_ball 3 1  Done                     05/15/2013 15:32:56
00540 ys4456-ib   ./main_ball 3 1  Done                     05/15/2013 15:32:56
00539 ys4456-ib   ./main_ball 3 1  Done                     05/15/2013 15:32:56
00541 ys4456-ib   ./main_ball 3 1  Done                     05/15/2013 15:32:56
00512 ys4455-ib  ./main_ball 3 1   Done                     05/15/2013 15:32:56
00523 ys4455-ib   ./main_ball 3 1  Done                     05/15/2013 15:32:56
00524 ys4455-ib   ./main_ball 3 1  Done                     05/15/2013 15:32:56
00525 ys4455-ib   ./main_ball 3 1  Done                     05/15/2013 15:32:56
00526 ys4455-ib   ./main_ball 3 1  Done                     05/15/2013 15:32:56
00527 ys4455-ib   ./main_ball 3 1  Done                     05/15/2013 15:32:56
00513 ys4455-ib   ./main_ball 3 1  Done                     05/15/2013 15:32:56
00514 ys4455-ib   ./main_ball 3 1  Done                     05/15/2013 15:32:56
00515 ys4455-ib   ./main_ball 3 1  Done                     05/15/2013 15:32:56
00516 ys4455-ib   ./main_ball 3 1  Done                     05/15/2013 15:32:56
00517 ys4455-ib   ./main_ball 3 1  Done                     05/15/2013 15:32:56
00518 ys4455-ib   ./main_ball 3 1  Done                     05/15/2013 15:32:56
00520 ys4455-ib   ./main_ball 3 1  Done                     05/15/2013 15:32:56
00519 ys4455-ib   ./main_ball 3 1  Done                     05/15/2013 15:32:56
00521 ys4455-ib   ./main_ball 3 1  Done                     05/15/2013 15:32:56
00522 ys4455-ib   ./main_ball 3 1  Done                     05/15/2013 15:32:56
00496 ys4446-ib  ./main_ball 3 1   Done                     05/15/2013 15:32:56
00498 ys4446-ib   ./main_ball 3 1  Done                     05/15/2013 15:32:56
00499 ys4446-ib   ./main_ball 3 1  Done                     05/15/2013 15:32:56
00500 ys4446-ib   ./main_ball 3 1  Done                     05/15/2013 15:32:56
00501 ys4446-ib   ./main_ball 3 1  Done                     05/15/2013 15:32:56
00502 ys4446-ib   ./main_ball 3 1  Done                     05/15/2013 15:32:56
00503 ys4446-ib   ./main_ball 3 1  Done                     05/15/2013 15:32:56
00504 ys4446-ib   ./main_ball 3 1  Done                     05/15/2013 15:32:56
00505 ys4446-ib   ./main_ball 3 1  Done                     05/15/2013 15:32:56
00506 ys4446-ib   ./main_ball 3 1  Done                     05/15/2013 15:32:56
00507 ys4446-ib   ./main_ball 3 1  Done                     05/15/2013 15:32:56
00497 ys4446-ib   ./main_ball 3 1  Done                     05/15/2013 15:32:56
00508 ys4446-ib   ./main_ball 3 1  Done                     05/15/2013 15:32:56
00510 ys4446-ib   ./main_ball 3 1  Done                     05/15/2013 15:32:56
00509 ys4446-ib   ./main_ball 3 1  Done                     05/15/2013 15:32:56
00511 ys4446-ib   ./main_ball 3 1  Done                     05/15/2013 15:32:56
00480 ys4425-ib  ./main_ball 3 1   Done                     05/15/2013 15:32:56
00494 ys4425-ib   ./main_ball 3 1  Done                     05/15/2013 15:32:56
00495 ys4425-ib   ./main_ball 3 1  Done                     05/15/2013 15:32:56
00481 ys4425-ib   ./main_ball 3 1  Done                     05/15/2013 15:32:56
00482 ys4425-ib   ./main_ball 3 1  Done                     05/15/2013 15:32:56
00483 ys4425-ib   ./main_ball 3 1  Done                     05/15/2013 15:32:56
00484 ys4425-ib   ./main_ball 3 1  Done                     05/15/2013 15:32:56
00485 ys4425-ib   ./main_ball 3 1  Done                     05/15/2013 15:32:56
00486 ys4425-ib   ./main_ball 3 1  Done                     05/15/2013 15:32:56
00487 ys4425-ib   ./main_ball 3 1  Done                     05/15/2013 15:32:56
00488 ys4425-ib   ./main_ball 3 1  Done                     05/15/2013 15:32:56
00490 ys4425-ib   ./main_ball 3 1  Done                     05/15/2013 15:32:56
00489 ys4425-ib   ./main_ball 3 1  Done                     05/15/2013 15:32:56
00491 ys4425-ib   ./main_ball 3 1  Done                     05/15/2013 15:32:56
00492 ys4425-ib   ./main_ball 3 1  Done                     05/15/2013 15:32:56
00493 ys4425-ib   ./main_ball 3 1  Done                     05/15/2013 15:32:56
00464 ys4424-ib  ./main_ball 3 1   Done                     05/15/2013 15:32:56
00475 ys4424-ib   ./main_ball 3 1  Done                     05/15/2013 15:32:56
00476 ys4424-ib   ./main_ball 3 1  Done                     05/15/2013 15:32:56
00477 ys4424-ib   ./main_ball 3 1  Done                     05/15/2013 15:32:56
00478 ys4424-ib   ./main_ball 3 1  Done                     05/15/2013 15:32:56
00479 ys4424-ib   ./main_ball 3 1  Done                     05/15/2013 15:32:56
00465 ys4424-ib   ./main_ball 3 1  Done                     05/15/2013 15:32:56
00466 ys4424-ib   ./main_ball 3 1  Done                     05/15/2013 15:32:56
00467 ys4424-ib   ./main_ball 3 1  Done                     05/15/2013 15:32:56
00468 ys4424-ib   ./main_ball 3 1  Done                     05/15/2013 15:32:56
00470 ys4424-ib   ./main_ball 3 1  Done                     05/15/2013 15:32:56
00469 ys4424-ib   ./main_ball 3 1  Done                     05/15/2013 15:32:56
00471 ys4424-ib   ./main_ball 3 1  Done                     05/15/2013 15:32:56
00472 ys4424-ib   ./main_ball 3 1  Done                     05/15/2013 15:32:56
00473 ys4424-ib   ./main_ball 3 1  Done                     05/15/2013 15:32:56
00474 ys4424-ib   ./main_ball 3 1  Done                     05/15/2013 15:32:56
00448 ys4423-ib  ./main_ball 3 1   Done                     05/15/2013 15:32:56
00456 ys4423-ib   ./main_ball 3 1  Done                     05/15/2013 15:32:56
00457 ys4423-ib   ./main_ball 3 1  Done                     05/15/2013 15:32:56
00458 ys4423-ib   ./main_ball 3 1  Done                     05/15/2013 15:32:56
00460 ys4423-ib   ./main_ball 3 1  Done                     05/15/2013 15:32:56
00459 ys4423-ib   ./main_ball 3 1  Done                     05/15/2013 15:32:56
00461 ys4423-ib   ./main_ball 3 1  Done                     05/15/2013 15:32:56
00462 ys4423-ib   ./main_ball 3 1  Done                     05/15/2013 15:32:56
00463 ys4423-ib   ./main_ball 3 1  Done                     05/15/2013 15:32:56
00450 ys4423-ib   ./main_ball 3 1  Done                     05/15/2013 15:32:56
00449 ys4423-ib   ./main_ball 3 1  Done                     05/15/2013 15:32:56
00451 ys4423-ib   ./main_ball 3 1  Done                     05/15/2013 15:32:56
00452 ys4423-ib   ./main_ball 3 1  Done                     05/15/2013 15:32:56
00453 ys4423-ib   ./main_ball 3 1  Done                     05/15/2013 15:32:56
00454 ys4423-ib   ./main_ball 3 1  Done                     05/15/2013 15:32:56
00455 ys4423-ib   ./main_ball 3 1  Done                     05/15/2013 15:32:56
00432 ys4422-ib  ./main_ball 3 1   Done                     05/15/2013 15:32:56
00437 ys4422-ib   ./main_ball 3 1  Done                     05/15/2013 15:32:56
00438 ys4422-ib   ./main_ball 3 1  Done                     05/15/2013 15:32:56
00440 ys4422-ib   ./main_ball 3 1  Done                     05/15/2013 15:32:56
00439 ys4422-ib   ./main_ball 3 1  Done                     05/15/2013 15:32:56
00441 ys4422-ib   ./main_ball 3 1  Done                     05/15/2013 15:32:56
00442 ys4422-ib   ./main_ball 3 1  Done                     05/15/2013 15:32:56
00443 ys4422-ib   ./main_ball 3 1  Done                     05/15/2013 15:32:56
00444 ys4422-ib   ./main_ball 3 1  Done                     05/15/2013 15:32:56
00445 ys4422-ib   ./main_ball 3 1  Done                     05/15/2013 15:32:56
00446 ys4422-ib   ./main_ball 3 1  Done                     05/15/2013 15:32:56
00447 ys4422-ib   ./main_ball 3 1  Done                     05/15/2013 15:32:56
00433 ys4422-ib   ./main_ball 3 1  Done                     05/15/2013 15:32:56
00434 ys4422-ib   ./main_ball 3 1  Done                     05/15/2013 15:32:56
00435 ys4422-ib   ./main_ball 3 1  Done                     05/15/2013 15:32:56
00436 ys4422-ib   ./main_ball 3 1  Done                     05/15/2013 15:32:56
00416 ys4421-ib  ./main_ball 3 1   Done                     05/15/2013 15:32:56
00418 ys4421-ib   ./main_ball 3 1  Done                     05/15/2013 15:32:56
00420 ys4421-ib   ./main_ball 3 1  Done                     05/15/2013 15:32:56
00419 ys4421-ib   ./main_ball 3 1  Done                     05/15/2013 15:32:56
00421 ys4421-ib   ./main_ball 3 1  Done                     05/15/2013 15:32:56
00422 ys4421-ib   ./main_ball 3 1  Done                     05/15/2013 15:32:56
00423 ys4421-ib   ./main_ball 3 1  Done                     05/15/2013 15:32:56
00424 ys4421-ib   ./main_ball 3 1  Done                     05/15/2013 15:32:56
00425 ys4421-ib   ./main_ball 3 1  Done                     05/15/2013 15:32:56
00426 ys4421-ib   ./main_ball 3 1  Done                     05/15/2013 15:32:56
00427 ys4421-ib   ./main_ball 3 1  Done                     05/15/2013 15:32:56
00428 ys4421-ib   ./main_ball 3 1  Done                     05/15/2013 15:32:56
00430 ys4421-ib   ./main_ball 3 1  Done                     05/15/2013 15:32:56
00429 ys4421-ib   ./main_ball 3 1  Done                     05/15/2013 15:32:56
00431 ys4421-ib   ./main_ball 3 1  Done                     05/15/2013 15:32:56
00417 ys4421-ib   ./main_ball 3 1  Done                     05/15/2013 15:32:56
00400 ys4420-ib  ./main_ball 3 1   Done                     05/15/2013 15:32:56
00401 ys4420-ib   ./main_ball 3 1  Done                     05/15/2013 15:32:56
00402 ys4420-ib   ./main_ball 3 1  Done                     05/15/2013 15:32:56
00403 ys4420-ib   ./main_ball 3 1  Done                     05/15/2013 15:32:56
00404 ys4420-ib   ./main_ball 3 1  Done                     05/15/2013 15:32:56
00405 ys4420-ib   ./main_ball 3 1  Done                     05/15/2013 15:32:56
00406 ys4420-ib   ./main_ball 3 1  Done                     05/15/2013 15:32:56
00407 ys4420-ib   ./main_ball 3 1  Done                     05/15/2013 15:32:56
00408 ys4420-ib   ./main_ball 3 1  Done                     05/15/2013 15:32:56
00410 ys4420-ib   ./main_ball 3 1  Done                     05/15/2013 15:32:56
00409 ys4420-ib   ./main_ball 3 1  Done                     05/15/2013 15:32:56
00411 ys4420-ib   ./main_ball 3 1  Done                     05/15/2013 15:32:56
00412 ys4420-ib   ./main_ball 3 1  Done                     05/15/2013 15:32:56
00413 ys4420-ib   ./main_ball 3 1  Done                     05/15/2013 15:32:56
00414 ys4420-ib   ./main_ball 3 1  Done                     05/15/2013 15:32:56
00415 ys4420-ib   ./main_ball 3 1  Done                     05/15/2013 15:32:56
00384 ys4419-ib  ./main_ball 3 1   Done                     05/15/2013 15:32:56
00390 ys4419-ib   ./main_ball 3 1  Done                     05/15/2013 15:32:56
00389 ys4419-ib   ./main_ball 3 1  Done                     05/15/2013 15:32:56
00386 ys4419-ib   ./main_ball 3 1  Done                     05/15/2013 15:32:56
00387 ys4419-ib   ./main_ball 3 1  Done                     05/15/2013 15:32:56
00388 ys4419-ib   ./main_ball 3 1  Done                     05/15/2013 15:32:56
00391 ys4419-ib   ./main_ball 3 1  Done                     05/15/2013 15:32:56
00392 ys4419-ib   ./main_ball 3 1  Done                     05/15/2013 15:32:56
00393 ys4419-ib   ./main_ball 3 1  Done                     05/15/2013 15:32:56
00394 ys4419-ib   ./main_ball 3 1  Done                     05/15/2013 15:32:56
00395 ys4419-ib   ./main_ball 3 1  Done                     05/15/2013 15:32:56
00396 ys4419-ib   ./main_ball 3 1  Done                     05/15/2013 15:32:56
00397 ys4419-ib   ./main_ball 3 1  Done                     05/15/2013 15:32:56
00398 ys4419-ib   ./main_ball 3 1  Done                     05/15/2013 15:32:56
00399 ys4419-ib   ./main_ball 3 1  Done                     05/15/2013 15:32:56
00385 ys4419-ib   ./main_ball 3 1  Done                     05/15/2013 15:32:56
00368 ys4418-ib  ./main_ball 3 1   Done                     05/15/2013 15:32:56
00371 ys4418-ib   ./main_ball 3 1  Done                     05/15/2013 15:32:56
00370 ys4418-ib   ./main_ball 3 1  Done                     05/15/2013 15:32:56
00369 ys4418-ib   ./main_ball 3 1  Done                     05/15/2013 15:32:56
00372 ys4418-ib   ./main_ball 3 1  Done                     05/15/2013 15:32:56
00373 ys4418-ib   ./main_ball 3 1  Done                     05/15/2013 15:32:56
00374 ys4418-ib   ./main_ball 3 1  Done                     05/15/2013 15:32:56
00375 ys4418-ib   ./main_ball 3 1  Done                     05/15/2013 15:32:56
00376 ys4418-ib   ./main_ball 3 1  Done                     05/15/2013 15:32:56
00377 ys4418-ib   ./main_ball 3 1  Done                     05/15/2013 15:32:56
00378 ys4418-ib   ./main_ball 3 1  Done                     05/15/2013 15:32:56
00380 ys4418-ib   ./main_ball 3 1  Done                     05/15/2013 15:32:56
00379 ys4418-ib   ./main_ball 3 1  Done                     05/15/2013 15:32:56
00381 ys4418-ib   ./main_ball 3 1  Done                     05/15/2013 15:32:56
00382 ys4418-ib   ./main_ball 3 1  Done                     05/15/2013 15:32:56
00383 ys4418-ib   ./main_ball 3 1  Done                     05/15/2013 15:32:56
00352 ys4417-ib  ./main_ball 3 1   Done                     05/15/2013 15:32:56
00354 ys4417-ib   ./main_ball 3 1  Done                     05/15/2013 15:32:56
00353 ys4417-ib   ./main_ball 3 1  Done                     05/15/2013 15:32:56
00355 ys4417-ib   ./main_ball 3 1  Done                     05/15/2013 15:32:56
00356 ys4417-ib   ./main_ball 3 1  Done                     05/15/2013 15:32:56
00357 ys4417-ib   ./main_ball 3 1  Done                     05/15/2013 15:32:56
00358 ys4417-ib   ./main_ball 3 1  Done                     05/15/2013 15:32:56
00360 ys4417-ib   ./main_ball 3 1  Done                     05/15/2013 15:32:56
00359 ys4417-ib   ./main_ball 3 1  Done                     05/15/2013 15:32:56
00361 ys4417-ib   ./main_ball 3 1  Done                     05/15/2013 15:32:56
00362 ys4417-ib   ./main_ball 3 1  Done                     05/15/2013 15:32:56
00363 ys4417-ib   ./main_ball 3 1  Done                     05/15/2013 15:32:56
00364 ys4417-ib   ./main_ball 3 1  Done                     05/15/2013 15:32:56
00365 ys4417-ib   ./main_ball 3 1  Done                     05/15/2013 15:32:56
00366 ys4417-ib   ./main_ball 3 1  Done                     05/15/2013 15:32:56
00367 ys4417-ib   ./main_ball 3 1  Done                     05/15/2013 15:32:56
00336 ys4412-ib  ./main_ball 3 1   Done                     05/15/2013 15:32:56
00338 ys4412-ib   ./main_ball 3 1  Done                     05/15/2013 15:32:56
00337 ys4412-ib   ./main_ball 3 1  Done                     05/15/2013 15:32:56
00340 ys4412-ib   ./main_ball 3 1  Done                     05/15/2013 15:32:56
00339 ys4412-ib   ./main_ball 3 1  Done                     05/15/2013 15:32:56
00341 ys4412-ib   ./main_ball 3 1  Done                     05/15/2013 15:32:56
00342 ys4412-ib   ./main_ball 3 1  Done                     05/15/2013 15:32:56
00343 ys4412-ib   ./main_ball 3 1  Done                     05/15/2013 15:32:56
00344 ys4412-ib   ./main_ball 3 1  Done                     05/15/2013 15:32:56
00345 ys4412-ib   ./main_ball 3 1  Done                     05/15/2013 15:32:56
00346 ys4412-ib   ./main_ball 3 1  Done                     05/15/2013 15:32:56
00347 ys4412-ib   ./main_ball 3 1  Done                     05/15/2013 15:32:56
00348 ys4412-ib   ./main_ball 3 1  Done                     05/15/2013 15:32:56
00350 ys4412-ib   ./main_ball 3 1  Done                     05/15/2013 15:32:56
00349 ys4412-ib   ./main_ball 3 1  Done                     05/15/2013 15:32:56
00351 ys4412-ib   ./main_ball 3 1  Done                     05/15/2013 15:32:56
00320 ys4411-ib  ./main_ball 3 1   Done                     05/15/2013 15:32:56
00333 ys4411-ib   ./main_ball 3 1  Done                     05/15/2013 15:32:56
00334 ys4411-ib   ./main_ball 3 1  Done                     05/15/2013 15:32:56
00335 ys4411-ib   ./main_ball 3 1  Done                     05/15/2013 15:32:56
00321 ys4411-ib   ./main_ball 3 1  Done                     05/15/2013 15:32:56
00322 ys4411-ib   ./main_ball 3 1  Done                     05/15/2013 15:32:56
00323 ys4411-ib   ./main_ball 3 1  Done                     05/15/2013 15:32:56
00324 ys4411-ib   ./main_ball 3 1  Done                     05/15/2013 15:32:56
00325 ys4411-ib   ./main_ball 3 1  Done                     05/15/2013 15:32:56
00326 ys4411-ib   ./main_ball 3 1  Done                     05/15/2013 15:32:56
00327 ys4411-ib   ./main_ball 3 1  Done                     05/15/2013 15:32:56
00328 ys4411-ib   ./main_ball 3 1  Done                     05/15/2013 15:32:56
00330 ys4411-ib   ./main_ball 3 1  Done                     05/15/2013 15:32:56
00329 ys4411-ib   ./main_ball 3 1  Done                     05/15/2013 15:32:56
00331 ys4411-ib   ./main_ball 3 1  Done                     05/15/2013 15:32:56
00332 ys4411-ib   ./main_ball 3 1  Done                     05/15/2013 15:32:56
00304 ys4410-ib  ./main_ball 3 1   Done                     05/15/2013 15:32:56
00306 ys4410-ib   ./main_ball 3 1  Done                     05/15/2013 15:32:56
00308 ys4410-ib   ./main_ball 3 1  Done                     05/15/2013 15:32:56
00314 ys4410-ib   ./main_ball 3 1  Done                     05/15/2013 15:32:56
00315 ys4410-ib   ./main_ball 3 1  Done                     05/15/2013 15:32:56
00316 ys4410-ib   ./main_ball 3 1  Done                     05/15/2013 15:32:56
00317 ys4410-ib   ./main_ball 3 1  Done                     05/15/2013 15:32:56
00318 ys4410-ib   ./main_ball 3 1  Done                     05/15/2013 15:32:56
00319 ys4410-ib   ./main_ball 3 1  Done                     05/15/2013 15:32:56
00305 ys4410-ib   ./main_ball 3 1  Done                     05/15/2013 15:32:56
00307 ys4410-ib   ./main_ball 3 1  Done                     05/15/2013 15:32:56
00310 ys4410-ib   ./main_ball 3 1  Done                     05/15/2013 15:32:56
00309 ys4410-ib   ./main_ball 3 1  Done                     05/15/2013 15:32:56
00311 ys4410-ib   ./main_ball 3 1  Done                     05/15/2013 15:32:56
00312 ys4410-ib   ./main_ball 3 1  Done                     05/15/2013 15:32:56
00313 ys4410-ib   ./main_ball 3 1  Done                     05/15/2013 15:32:56
00288 ys4408-ib  ./main_ball 3 1   Done                     05/15/2013 15:32:56
00300 ys4408-ib   ./main_ball 3 1  Done                     05/15/2013 15:32:56
00290 ys4408-ib   ./main_ball 3 1  Done                     05/15/2013 15:32:56
00289 ys4408-ib   ./main_ball 3 1  Done                     05/15/2013 15:32:56
00301 ys4408-ib   ./main_ball 3 1  Done                     05/15/2013 15:32:56
00291 ys4408-ib   ./main_ball 3 1  Done                     05/15/2013 15:32:56
00302 ys4408-ib   ./main_ball 3 1  Done                     05/15/2013 15:32:56
00292 ys4408-ib   ./main_ball 3 1  Done                     05/15/2013 15:32:56
00303 ys4408-ib   ./main_ball 3 1  Done                     05/15/2013 15:32:56
00293 ys4408-ib   ./main_ball 3 1  Done                     05/15/2013 15:32:56
00294 ys4408-ib   ./main_ball 3 1  Done                     05/15/2013 15:32:56
00295 ys4408-ib   ./main_ball 3 1  Done                     05/15/2013 15:32:56
00296 ys4408-ib   ./main_ball 3 1  Done                     05/15/2013 15:32:56
00297 ys4408-ib   ./main_ball 3 1  Done                     05/15/2013 15:32:56
00298 ys4408-ib   ./main_ball 3 1  Done                     05/15/2013 15:32:56
00299 ys4408-ib   ./main_ball 3 1  Done                     05/15/2013 15:32:56
00272 ys4407-ib  ./main_ball 3 1   Done                     05/15/2013 15:32:56
00274 ys4407-ib   ./main_ball 3 1  Done                     05/15/2013 15:32:56
00285 ys4407-ib   ./main_ball 3 1  Done                     05/15/2013 15:32:56
00286 ys4407-ib   ./main_ball 3 1  Done                     05/15/2013 15:32:56
00287 ys4407-ib   ./main_ball 3 1  Done                     05/15/2013 15:32:56
00273 ys4407-ib   ./main_ball 3 1  Done                     05/15/2013 15:32:56
00275 ys4407-ib   ./main_ball 3 1  Done                     05/15/2013 15:32:56
00276 ys4407-ib   ./main_ball 3 1  Done                     05/15/2013 15:32:56
00277 ys4407-ib   ./main_ball 3 1  Done                     05/15/2013 15:32:56
00278 ys4407-ib   ./main_ball 3 1  Done                     05/15/2013 15:32:56
00280 ys4407-ib   ./main_ball 3 1  Done                     05/15/2013 15:32:56
00279 ys4407-ib   ./main_ball 3 1  Done                     05/15/2013 15:32:56
00281 ys4407-ib   ./main_ball 3 1  Done                     05/15/2013 15:32:56
00282 ys4407-ib   ./main_ball 3 1  Done                     05/15/2013 15:32:56
00283 ys4407-ib   ./main_ball 3 1  Done                     05/15/2013 15:32:56
00284 ys4407-ib   ./main_ball 3 1  Done                     05/15/2013 15:32:56
00256 ys4406-ib  ./main_ball 3 1   Done                     05/15/2013 15:32:56
00266 ys4406-ib   ./main_ball 3 1  Done                     05/15/2013 15:32:56
00267 ys4406-ib   ./main_ball 3 1  Done                     05/15/2013 15:32:56
00268 ys4406-ib   ./main_ball 3 1  Done                     05/15/2013 15:32:56
00270 ys4406-ib   ./main_ball 3 1  Done                     05/15/2013 15:32:56
00269 ys4406-ib   ./main_ball 3 1  Done                     05/15/2013 15:32:56
00271 ys4406-ib   ./main_ball 3 1  Done                     05/15/2013 15:32:56
00257 ys4406-ib   ./main_ball 3 1  Done                     05/15/2013 15:32:56
00258 ys4406-ib   ./main_ball 3 1  Done                     05/15/2013 15:32:56
00260 ys4406-ib   ./main_ball 3 1  Done                     05/15/2013 15:32:56
00259 ys4406-ib   ./main_ball 3 1  Done                     05/15/2013 15:32:56
00261 ys4406-ib   ./main_ball 3 1  Done                     05/15/2013 15:32:56
00262 ys4406-ib   ./main_ball 3 1  Done                     05/15/2013 15:32:56
00263 ys4406-ib   ./main_ball 3 1  Done                     05/15/2013 15:32:56
00264 ys4406-ib   ./main_ball 3 1  Done                     05/15/2013 15:32:56
00265 ys4406-ib   ./main_ball 3 1  Done                     05/15/2013 15:32:56
00240 ys4405-ib  ./main_ball 3 1   Done                     05/15/2013 15:32:56
00247 ys4405-ib   ./main_ball 3 1  Done                     05/15/2013 15:32:56
00248 ys4405-ib   ./main_ball 3 1  Done                     05/15/2013 15:32:56
00250 ys4405-ib   ./main_ball 3 1  Done                     05/15/2013 15:32:56
00249 ys4405-ib   ./main_ball 3 1  Done                     05/15/2013 15:32:56
00251 ys4405-ib   ./main_ball 3 1  Done                     05/15/2013 15:32:56
00252 ys4405-ib   ./main_ball 3 1  Done                     05/15/2013 15:32:56
00253 ys4405-ib   ./main_ball 3 1  Done                     05/15/2013 15:32:56
00254 ys4405-ib   ./main_ball 3 1  Done                     05/15/2013 15:32:56
00255 ys4405-ib   ./main_ball 3 1  Done                     05/15/2013 15:32:56
00241 ys4405-ib   ./main_ball 3 1  Done                     05/15/2013 15:32:56
00242 ys4405-ib   ./main_ball 3 1  Done                     05/15/2013 15:32:56
00243 ys4405-ib   ./main_ball 3 1  Done                     05/15/2013 15:32:56
00244 ys4405-ib   ./main_ball 3 1  Done                     05/15/2013 15:32:56
00245 ys4405-ib   ./main_ball 3 1  Done                     05/15/2013 15:32:56
00246 ys4405-ib   ./main_ball 3 1  Done                     05/15/2013 15:32:56
00224 ys4404-ib  ./main_ball 3 1   Done                     05/15/2013 15:32:56
00228 ys4404-ib   ./main_ball 3 1  Done                     05/15/2013 15:32:56
00226 ys4404-ib   ./main_ball 3 1  Done                     05/15/2013 15:32:56
00227 ys4404-ib   ./main_ball 3 1  Done                     05/15/2013 15:32:56
00230 ys4404-ib   ./main_ball 3 1  Done                     05/15/2013 15:32:56
00229 ys4404-ib   ./main_ball 3 1  Done                     05/15/2013 15:32:56
00231 ys4404-ib   ./main_ball 3 1  Done                     05/15/2013 15:32:56
00232 ys4404-ib   ./main_ball 3 1  Done                     05/15/2013 15:32:56
00233 ys4404-ib   ./main_ball 3 1  Done                     05/15/2013 15:32:56
00234 ys4404-ib   ./main_ball 3 1  Done                     05/15/2013 15:32:56
00235 ys4404-ib   ./main_ball 3 1  Done                     05/15/2013 15:32:56
00236 ys4404-ib   ./main_ball 3 1  Done                     05/15/2013 15:32:56
00237 ys4404-ib   ./main_ball 3 1  Done                     05/15/2013 15:32:56
00238 ys4404-ib   ./main_ball 3 1  Done                     05/15/2013 15:32:56
00239 ys4404-ib   ./main_ball 3 1  Done                     05/15/2013 15:32:56
00225 ys4404-ib   ./main_ball 3 1  Done                     05/15/2013 15:32:56
00208 ys4403-ib  ./main_ball 3 1   Done                     05/15/2013 15:32:56
00210 ys4403-ib   ./main_ball 3 1  Done                     05/15/2013 15:32:56
00209 ys4403-ib   ./main_ball 3 1  Done                     05/15/2013 15:32:56
00211 ys4403-ib   ./main_ball 3 1  Done                     05/15/2013 15:32:56
00212 ys4403-ib   ./main_ball 3 1  Done                     05/15/2013 15:32:56
00213 ys4403-ib   ./main_ball 3 1  Done                     05/15/2013 15:32:56
00214 ys4403-ib   ./main_ball 3 1  Done                     05/15/2013 15:32:56
00215 ys4403-ib   ./main_ball 3 1  Done                     05/15/2013 15:32:56
00216 ys4403-ib   ./main_ball 3 1  Done                     05/15/2013 15:32:56
00217 ys4403-ib   ./main_ball 3 1  Done                     05/15/2013 15:32:56
00218 ys4403-ib   ./main_ball 3 1  Done                     05/15/2013 15:32:56
00220 ys4403-ib   ./main_ball 3 1  Done                     05/15/2013 15:32:56
00219 ys4403-ib   ./main_ball 3 1  Done                     05/15/2013 15:32:56
00221 ys4403-ib   ./main_ball 3 1  Done                     05/15/2013 15:32:56
00222 ys4403-ib   ./main_ball 3 1  Done                     05/15/2013 15:32:56
00223 ys4403-ib   ./main_ball 3 1  Done                     05/15/2013 15:32:56
00192 ys4402-ib  ./main_ball 3 1   Done                     05/15/2013 15:32:56
00194 ys4402-ib   ./main_ball 3 1  Done                     05/15/2013 15:32:56
00199 ys4402-ib   ./main_ball 3 1  Done                     05/15/2013 15:32:56
00200 ys4402-ib   ./main_ball 3 1  Done                     05/15/2013 15:32:56
00201 ys4402-ib   ./main_ball 3 1  Done                     05/15/2013 15:32:56
00202 ys4402-ib   ./main_ball 3 1  Done                     05/15/2013 15:32:56
00203 ys4402-ib   ./main_ball 3 1  Done                     05/15/2013 15:32:56
00193 ys4402-ib   ./main_ball 3 1  Done                     05/15/2013 15:32:56
00204 ys4402-ib   ./main_ball 3 1  Done                     05/15/2013 15:32:56
00205 ys4402-ib   ./main_ball 3 1  Done                     05/15/2013 15:32:56
00195 ys4402-ib   ./main_ball 3 1  Done                     05/15/2013 15:32:56
00206 ys4402-ib   ./main_ball 3 1  Done                     05/15/2013 15:32:56
00196 ys4402-ib   ./main_ball 3 1  Done                     05/15/2013 15:32:56
00207 ys4402-ib   ./main_ball 3 1  Done                     05/15/2013 15:32:56
00197 ys4402-ib   ./main_ball 3 1  Done                     05/15/2013 15:32:56
00198 ys4402-ib   ./main_ball 3 1  Done                     05/15/2013 15:32:56
00176 ys4401-ib  ./main_ball 3 1   Done                     05/15/2013 15:32:56
00181 ys4401-ib   ./main_ball 3 1  Done                     05/15/2013 15:32:56
00182 ys4401-ib   ./main_ball 3 1  Done                     05/15/2013 15:32:56
00183 ys4401-ib   ./main_ball 3 1  Done                     05/15/2013 15:32:56
00184 ys4401-ib   ./main_ball 3 1  Done                     05/15/2013 15:32:56
00185 ys4401-ib   ./main_ball 3 1  Done                     05/15/2013 15:32:56
00186 ys4401-ib   ./main_ball 3 1  Done                     05/15/2013 15:32:56
00187 ys4401-ib   ./main_ball 3 1  Done                     05/15/2013 15:32:56
00188 ys4401-ib   ./main_ball 3 1  Done                     05/15/2013 15:32:56
00190 ys4401-ib   ./main_ball 3 1  Done                     05/15/2013 15:32:56
00189 ys4401-ib   ./main_ball 3 1  Done                     05/15/2013 15:32:56
00191 ys4401-ib   ./main_ball 3 1  Done                     05/15/2013 15:32:56
00177 ys4401-ib   ./main_ball 3 1  Done                     05/15/2013 15:32:56
00178 ys4401-ib   ./main_ball 3 1  Done                     05/15/2013 15:32:56
00180 ys4401-ib   ./main_ball 3 1  Done                     05/15/2013 15:32:56
00179 ys4401-ib   ./main_ball 3 1  Done                     05/15/2013 15:32:56
00160 ys4372-ib  ./main_ball 3 1   Done                     05/15/2013 15:32:56
00162 ys4372-ib   ./main_ball 3 1  Done                     05/15/2013 15:32:56
00163 ys4372-ib   ./main_ball 3 1  Done                     05/15/2013 15:32:56
00166 ys4372-ib   ./main_ball 3 1  Done                     05/15/2013 15:32:56
00164 ys4372-ib   ./main_ball 3 1  Done                     05/15/2013 15:32:56
00165 ys4372-ib   ./main_ball 3 1  Done                     05/15/2013 15:32:56
00167 ys4372-ib   ./main_ball 3 1  Done                     05/15/2013 15:32:56
00168 ys4372-ib   ./main_ball 3 1  Done                     05/15/2013 15:32:56
00170 ys4372-ib   ./main_ball 3 1  Done                     05/15/2013 15:32:56
00169 ys4372-ib   ./main_ball 3 1  Done                     05/15/2013 15:32:56
00171 ys4372-ib   ./main_ball 3 1  Done                     05/15/2013 15:32:56
00172 ys4372-ib   ./main_ball 3 1  Done                     05/15/2013 15:32:56
00173 ys4372-ib   ./main_ball 3 1  Done                     05/15/2013 15:32:56
00174 ys4372-ib   ./main_ball 3 1  Done                     05/15/2013 15:32:56
00175 ys4372-ib   ./main_ball 3 1  Done                     05/15/2013 15:32:56
00161 ys4372-ib   ./main_ball 3 1  Done                     05/15/2013 15:32:56
00144 ys4371-ib  ./main_ball 3 1   Done                     05/15/2013 15:32:56
00145 ys4371-ib   ./main_ball 3 1  Done                     05/15/2013 15:32:56
00146 ys4371-ib   ./main_ball 3 1  Done                     05/15/2013 15:32:56
00147 ys4371-ib   ./main_ball 3 1  Done                     05/15/2013 15:32:56
00148 ys4371-ib   ./main_ball 3 1  Done                     05/15/2013 15:32:56
00150 ys4371-ib   ./main_ball 3 1  Done                     05/15/2013 15:32:56
00149 ys4371-ib   ./main_ball 3 1  Done                     05/15/2013 15:32:56
00151 ys4371-ib   ./main_ball 3 1  Done                     05/15/2013 15:32:56
00152 ys4371-ib   ./main_ball 3 1  Done                     05/15/2013 15:32:56
00153 ys4371-ib   ./main_ball 3 1  Done                     05/15/2013 15:32:56
00154 ys4371-ib   ./main_ball 3 1  Done                     05/15/2013 15:32:56
00155 ys4371-ib   ./main_ball 3 1  Done                     05/15/2013 15:32:56
00156 ys4371-ib   ./main_ball 3 1  Done                     05/15/2013 15:32:56
00157 ys4371-ib   ./main_ball 3 1  Done                     05/15/2013 15:32:56
00158 ys4371-ib   ./main_ball 3 1  Done                     05/15/2013 15:32:56
00159 ys4371-ib   ./main_ball 3 1  Done                     05/15/2013 15:32:56
00128 ys4370-ib  ./main_ball 3 1   Done                     05/15/2013 15:32:56
00143 ys4370-ib   ./main_ball 3 1  Done                     05/15/2013 15:32:56
00130 ys4370-ib   ./main_ball 3 1  Done                     05/15/2013 15:32:56
00129 ys4370-ib   ./main_ball 3 1  Done                     05/15/2013 15:32:56
00131 ys4370-ib   ./main_ball 3 1  Done                     05/15/2013 15:32:56
00132 ys4370-ib   ./main_ball 3 1  Done                     05/15/2013 15:32:56
00133 ys4370-ib   ./main_ball 3 1  Done                     05/15/2013 15:32:56
00134 ys4370-ib   ./main_ball 3 1  Done                     05/15/2013 15:32:56
00135 ys4370-ib   ./main_ball 3 1  Done                     05/15/2013 15:32:56
00136 ys4370-ib   ./main_ball 3 1  Done                     05/15/2013 15:32:56
00137 ys4370-ib   ./main_ball 3 1  Done                     05/15/2013 15:32:56
00138 ys4370-ib   ./main_ball 3 1  Done                     05/15/2013 15:32:56
00140 ys4370-ib   ./main_ball 3 1  Done                     05/15/2013 15:32:56
00139 ys4370-ib   ./main_ball 3 1  Done                     05/15/2013 15:32:56
00141 ys4370-ib   ./main_ball 3 1  Done                     05/15/2013 15:32:56
00142 ys4370-ib   ./main_ball 3 1  Done                     05/15/2013 15:32:56
00112 ys4369-ib  ./main_ball 3 1   Done                     05/15/2013 15:32:56
00124 ys4369-ib   ./main_ball 3 1  Done                     05/15/2013 15:32:56
00125 ys4369-ib   ./main_ball 3 1  Done                     05/15/2013 15:32:56
00126 ys4369-ib   ./main_ball 3 1  Done                     05/15/2013 15:32:56
00127 ys4369-ib   ./main_ball 3 1  Done                     05/15/2013 15:32:56
00113 ys4369-ib   ./main_ball 3 1  Done                     05/15/2013 15:32:56
00114 ys4369-ib   ./main_ball 3 1  Done                     05/15/2013 15:32:56
00115 ys4369-ib   ./main_ball 3 1  Done                     05/15/2013 15:32:56
00116 ys4369-ib   ./main_ball 3 1  Done                     05/15/2013 15:32:56
00117 ys4369-ib   ./main_ball 3 1  Done                     05/15/2013 15:32:56
00118 ys4369-ib   ./main_ball 3 1  Done                     05/15/2013 15:32:56
00120 ys4369-ib   ./main_ball 3 1  Done                     05/15/2013 15:32:56
00119 ys4369-ib   ./main_ball 3 1  Done                     05/15/2013 15:32:56
00121 ys4369-ib   ./main_ball 3 1  Done                     05/15/2013 15:32:56
00122 ys4369-ib   ./main_ball 3 1  Done                     05/15/2013 15:32:56
00123 ys4369-ib   ./main_ball 3 1  Done                     05/15/2013 15:32:56
00096 ys4367-ib  ./main_ball 3 1   Done                     05/15/2013 15:32:56
00098 ys4367-ib   ./main_ball 3 1  Done                     05/15/2013 15:32:56
00099 ys4367-ib   ./main_ball 3 1  Done                     05/15/2013 15:32:56
00105 ys4367-ib   ./main_ball 3 1  Done                     05/15/2013 15:32:56
00106 ys4367-ib   ./main_ball 3 1  Done                     05/15/2013 15:32:56
00107 ys4367-ib   ./main_ball 3 1  Done                     05/15/2013 15:32:56
00108 ys4367-ib   ./main_ball 3 1  Done                     05/15/2013 15:32:56
00110 ys4367-ib   ./main_ball 3 1  Done                     05/15/2013 15:32:56
00109 ys4367-ib   ./main_ball 3 1  Done                     05/15/2013 15:32:56
00111 ys4367-ib   ./main_ball 3 1  Done                     05/15/2013 15:32:56
00097 ys4367-ib   ./main_ball 3 1  Done                     05/15/2013 15:32:56
00100 ys4367-ib   ./main_ball 3 1  Done                     05/15/2013 15:32:56
00101 ys4367-ib   ./main_ball 3 1  Done                     05/15/2013 15:32:56
00102 ys4367-ib   ./main_ball 3 1  Done                     05/15/2013 15:32:56
00103 ys4367-ib   ./main_ball 3 1  Done                     05/15/2013 15:32:56
00104 ys4367-ib   ./main_ball 3 1  Done                     05/15/2013 15:32:56
00080 ys4362-ib  ./main_ball 3 1   Done                     05/15/2013 15:32:56
00082 ys4362-ib   ./main_ball 3 1  Done                     05/15/2013 15:32:56
00090 ys4362-ib   ./main_ball 3 1  Done                     05/15/2013 15:32:56
00089 ys4362-ib   ./main_ball 3 1  Done                     05/15/2013 15:32:56
00091 ys4362-ib   ./main_ball 3 1  Done                     05/15/2013 15:32:56
00092 ys4362-ib   ./main_ball 3 1  Done                     05/15/2013 15:32:56
00093 ys4362-ib   ./main_ball 3 1  Done                     05/15/2013 15:32:56
00094 ys4362-ib   ./main_ball 3 1  Done                     05/15/2013 15:32:56
00095 ys4362-ib   ./main_ball 3 1  Done                     05/15/2013 15:32:56
00081 ys4362-ib   ./main_ball 3 1  Done                     05/15/2013 15:32:56
00083 ys4362-ib   ./main_ball 3 1  Done                     05/15/2013 15:32:56
00084 ys4362-ib   ./main_ball 3 1  Done                     05/15/2013 15:32:56
00085 ys4362-ib   ./main_ball 3 1  Done                     05/15/2013 15:32:56
00086 ys4362-ib   ./main_ball 3 1  Done                     05/15/2013 15:32:56
00087 ys4362-ib   ./main_ball 3 1  Done                     05/15/2013 15:32:56
00088 ys4362-ib   ./main_ball 3 1  Done                     05/15/2013 15:32:56
00064 ys4360-ib  ./main_ball 3 1   Done                     05/15/2013 15:32:56
00071 ys4360-ib   ./main_ball 3 1  Done                     05/15/2013 15:32:56
00072 ys4360-ib   ./main_ball 3 1  Done                     05/15/2013 15:32:56
00073 ys4360-ib   ./main_ball 3 1  Done                     05/15/2013 15:32:56
00074 ys4360-ib   ./main_ball 3 1  Done                     05/15/2013 15:32:56
00075 ys4360-ib   ./main_ball 3 1  Done                     05/15/2013 15:32:56
00076 ys4360-ib   ./main_ball 3 1  Done                     05/15/2013 15:32:56
00077 ys4360-ib   ./main_ball 3 1  Done                     05/15/2013 15:32:56
00078 ys4360-ib   ./main_ball 3 1  Done                     05/15/2013 15:32:56
00079 ys4360-ib   ./main_ball 3 1  Done                     05/15/2013 15:32:56
00065 ys4360-ib   ./main_ball 3 1  Done                     05/15/2013 15:32:56
00066 ys4360-ib   ./main_ball 3 1  Done                     05/15/2013 15:32:56
00067 ys4360-ib   ./main_ball 3 1  Done                     05/15/2013 15:32:56
00068 ys4360-ib   ./main_ball 3 1  Done                     05/15/2013 15:32:56
00070 ys4360-ib   ./main_ball 3 1  Done                     05/15/2013 15:32:56
00069 ys4360-ib   ./main_ball 3 1  Done                     05/15/2013 15:32:56
00048 ys4349-ib  ./main_ball 3 1   Done                     05/15/2013 15:32:56
00052 ys4349-ib   ./main_ball 3 1  Done                     05/15/2013 15:32:56
00053 ys4349-ib   ./main_ball 3 1  Done                     05/15/2013 15:32:56
00054 ys4349-ib   ./main_ball 3 1  Done                     05/15/2013 15:32:56
00055 ys4349-ib   ./main_ball 3 1  Done                     05/15/2013 15:32:56
00056 ys4349-ib   ./main_ball 3 1  Done                     05/15/2013 15:32:56
00057 ys4349-ib   ./main_ball 3 1  Done                     05/15/2013 15:32:56
00058 ys4349-ib   ./main_ball 3 1  Done                     05/15/2013 15:32:56
00060 ys4349-ib   ./main_ball 3 1  Done                     05/15/2013 15:32:56
00059 ys4349-ib   ./main_ball 3 1  Done                     05/15/2013 15:32:56
00061 ys4349-ib   ./main_ball 3 1  Done                     05/15/2013 15:32:56
00062 ys4349-ib   ./main_ball 3 1  Done                     05/15/2013 15:32:56
00063 ys4349-ib   ./main_ball 3 1  Done                     05/15/2013 15:32:56
00050 ys4349-ib   ./main_ball 3 1  Done                     05/15/2013 15:32:56
00049 ys4349-ib   ./main_ball 3 1  Done                     05/15/2013 15:32:56
00051 ys4349-ib   ./main_ball 3 1  Done                     05/15/2013 15:32:56
00032 ys4348-ib  ./main_ball 3 1   Done                     05/15/2013 15:32:56
00033 ys4348-ib   ./main_ball 3 1  Done                     05/15/2013 15:32:56
00034 ys4348-ib   ./main_ball 3 1  Done                     05/15/2013 15:32:56
00035 ys4348-ib   ./main_ball 3 1  Done                     05/15/2013 15:32:56
00036 ys4348-ib   ./main_ball 3 1  Done                     05/15/2013 15:32:56
00037 ys4348-ib   ./main_ball 3 1  Done                     05/15/2013 15:32:56
00038 ys4348-ib   ./main_ball 3 1  Done                     05/15/2013 15:32:56
00040 ys4348-ib   ./main_ball 3 1  Done                     05/15/2013 15:32:56
00039 ys4348-ib   ./main_ball 3 1  Done                     05/15/2013 15:32:56
00041 ys4348-ib   ./main_ball 3 1  Done                     05/15/2013 15:32:56
00042 ys4348-ib   ./main_ball 3 1  Done                     05/15/2013 15:32:56
00043 ys4348-ib   ./main_ball 3 1  Done                     05/15/2013 15:32:56
00044 ys4348-ib   ./main_ball 3 1  Done                     05/15/2013 15:32:56
00045 ys4348-ib   ./main_ball 3 1  Done                     05/15/2013 15:32:56
00046 ys4348-ib   ./main_ball 3 1  Done                     05/15/2013 15:32:56
00047 ys4348-ib   ./main_ball 3 1  Done                     05/15/2013 15:32:56
00016 ys4346-ib  ./main_ball 3 1   Done                     05/15/2013 15:32:56
00017 ys4346-ib   ./main_ball 3 1  Done                     05/15/2013 15:32:56
00018 ys4346-ib   ./main_ball 3 1  Done                     05/15/2013 15:32:56
00020 ys4346-ib   ./main_ball 3 1  Done                     05/15/2013 15:32:56
00019 ys4346-ib   ./main_ball 3 1  Done                     05/15/2013 15:32:56
00021 ys4346-ib   ./main_ball 3 1  Done                     05/15/2013 15:32:56
00022 ys4346-ib   ./main_ball 3 1  Done                     05/15/2013 15:32:56
00023 ys4346-ib   ./main_ball 3 1  Done                     05/15/2013 15:32:56
00024 ys4346-ib   ./main_ball 3 1  Done                     05/15/2013 15:32:56
00025 ys4346-ib   ./main_ball 3 1  Done                     05/15/2013 15:32:56
00026 ys4346-ib   ./main_ball 3 1  Done                     05/15/2013 15:32:56
00027 ys4346-ib   ./main_ball 3 1  Done                     05/15/2013 15:32:56
00028 ys4346-ib   ./main_ball 3 1  Done                     05/15/2013 15:32:56
00030 ys4346-ib   ./main_ball 3 1  Done                     05/15/2013 15:32:56
00029 ys4346-ib   ./main_ball 3 1  Done                     05/15/2013 15:32:56
00031 ys4346-ib   ./main_ball 3 1  Done                     05/15/2013 15:32:56
00000 ys4345-ib  ./main_ball 3 1   Done                     05/15/2013 15:32:56
00006 ys4345-ib   ./main_ball 3 1  Done                     05/15/2013 15:32:56
00001 ys4345-ib   ./main_ball 3 1  Done                     05/15/2013 15:32:56
00014 ys4345-ib   ./main_ball 3 1  Done                     05/15/2013 15:32:56
00003 ys4345-ib   ./main_ball 3 1  Done                     05/15/2013 15:32:56
00015 ys4345-ib   ./main_ball 3 1  Done                     05/15/2013 15:32:56
00004 ys4345-ib   ./main_ball 3 1  Done                     05/15/2013 15:32:56
00005 ys4345-ib   ./main_ball 3 1  Done                     05/15/2013 15:32:56
00007 ys4345-ib   ./main_ball 3 1  Done                     05/15/2013 15:32:56
00008 ys4345-ib   ./main_ball 3 1  Done                     05/15/2013 15:32:56
00009 ys4345-ib   ./main_ball 3 1  Done                     05/15/2013 15:32:56
00010 ys4345-ib   ./main_ball 3 1  Done                     05/15/2013 15:32:56
00011 ys4345-ib   ./main_ball 3 1  Done                     05/15/2013 15:32:56
00012 ys4345-ib   ./main_ball 3 1  Done                     05/15/2013 15:32:56
00013 ys4345-ib   ./main_ball 3 1  Done                     05/15/2013 15:32:56
00002 ys4345-ib   ./main_ball 3 1  Done                     05/15/2013 15:32:56

------------------------------------------------------------
Sender: LSF System <lsfadmin@ys4345-ib>
Subject: Job 662195: <mb.1024> Done

Job <mb.1024> was submitted from host <yslogin3-ib> by user <robertk> in cluster <yellowstone>.
Job was executed on host(s) <16*ys4345-ib>, in queue <small>, as user <robertk> in cluster <yellowstone>.
                            <16*ys4346-ib>
                            <16*ys4348-ib>
                            <16*ys4349-ib>
                            <16*ys4360-ib>
                            <16*ys4362-ib>
                            <16*ys4367-ib>
                            <16*ys4369-ib>
                            <16*ys4370-ib>
                            <16*ys4371-ib>
                            <16*ys4372-ib>
                            <16*ys4401-ib>
                            <16*ys4402-ib>
                            <16*ys4403-ib>
                            <16*ys4404-ib>
                            <16*ys4405-ib>
                            <16*ys4406-ib>
                            <16*ys4407-ib>
                            <16*ys4408-ib>
                            <16*ys4410-ib>
                            <16*ys4411-ib>
                            <16*ys4412-ib>
                            <16*ys4417-ib>
                            <16*ys4418-ib>
                            <16*ys4419-ib>
                            <16*ys4420-ib>
                            <16*ys4421-ib>
                            <16*ys4422-ib>
                            <16*ys4423-ib>
                            <16*ys4424-ib>
                            <16*ys4425-ib>
                            <16*ys4446-ib>
                            <16*ys4455-ib>
                            <16*ys4456-ib>
                            <16*ys4457-ib>
                            <16*ys4458-ib>
                            <16*ys4459-ib>
                            <16*ys4460-ib>
                            <16*ys4461-ib>
                            <16*ys4462-ib>
                            <16*ys4463-ib>
                            <16*ys4464-ib>
                            <16*ys4465-ib>
                            <16*ys4466-ib>
                            <16*ys4467-ib>
                            <16*ys4468-ib>
                            <16*ys4469-ib>
                            <16*ys4470-ib>
                            <16*ys4471-ib>
                            <16*ys4501-ib>
                            <16*ys4502-ib>
                            <16*ys4503-ib>
                            <16*ys4504-ib>
                            <16*ys4505-ib>
                            <16*ys4506-ib>
                            <16*ys4508-ib>
                            <16*ys4510-ib>
                            <16*ys4511-ib>
                            <16*ys4517-ib>
                            <16*ys4519-ib>
                            <16*ys4520-ib>
                            <16*ys4522-ib>
                            <16*ys4526-ib>
                            <16*ys4527-ib>
</glade/u/home/robertk> was used as the home directory.
</glade/u/home/robertk/work/Dune/trunk/alugrid/examples> was used as the working directory.
Started at Wed May 15 15:32:17 2013
Results reported at Wed May 15 15:33:01 2013

Your job looked like:

------------------------------------------------------------
# LSBATCH: User input
#!/bin/bash
# LSF batch script to run an MPI application
#
#BSUB -P P86850055           # project code
#BSUB -W 00:10               # wall-clock time (hrs:mins)
#BSUB -n 1024              # number of tasks in job
#BSUB -R span[ptile=16]    # run 16 MPI tasks per node
#BSUB -J mb.1024            # job name
#BSUB -o ./out/mb.1024.%J.out  # output file name 
#BSUB -e ./err/mb.1024.%J.err  # error file name
#BSUB -q small             # queue
#run the executable
mpirun.lsf ./main_ball 3 1 4 none

------------------------------------------------------------

Successfully completed.

Resource usage summary:

    CPU time   :  29672.78 sec.
    Max Memory :       179 MB
    Max Swap   :      3064 MB

    Max Processes  :         7
    Max Threads    :        77

The output (if any) is above this job summary.



PS:

Read file <./err/mb.1024.662195.err> for stderr output of this job.

