Execute poe command line: poe  ./main_ball 3 1 4 none
Caught DGFException on creation of SGrid, trying default DGF method!

Created parallel ALUGrid<3,3,cube,nonconforming> from macro grid file ''. 

globalRefine: 1
elements = 7284432 (53070,60570,1.14132)   maxLevel = 4   step = 12   time = 0.108   dt = 0.009
elements = 7182771 (52075,59887,1.15001)   maxLevel = 4   step = 23   time = 0.207   dt = 0.009
elements = 7141800 (52321,59683,1.14071)   maxLevel = 4   step = 34   time = 0.306   dt = 0.009
elements = 7328987 (53591,61208,1.14213)   maxLevel = 4   step = 45   time = 0.405   dt = 0.009
elements = 7078142 (51468,58683,1.14018)   maxLevel = 4   step = 56   time = 0.504   dt = 0.009
elements = 7314847 (53572,60832,1.13552)   maxLevel = 4   step = 67   time = 0.603   dt = 0.009
elements = 7208986 (53057,60040,1.13161)   maxLevel = 4   step = 78   time = 0.702   dt = 0.009
elements = 7105239 (52169,59365,1.13794)   maxLevel = 4   step = 89   time = 0.801   dt = 0.009
elements = 7274786 (53017,60568,1.14243)   maxLevel = 4   step = 100   time = 0.9   dt = 0.009
elements = 7009892 (51217,57746,1.12748)   maxLevel = 4   step = 112   time = 1.008   dt = 0.009
U2 max: 23.07  min: 10.47
U3 max: 0.02  min: 0
U4 max: 1.43  min: 0.88
U5 max: 0.58  min: 0.25
U6 max: 31.17  min: 17.85
U7 max: 0  min: 0
U8 max: 25.44  min: 12.49
Program finished: CPU time = 71.4471 sec.

------------------------------------------------------------
Sender: LSF System <lsfadmin@ys1922-ib>
Subject: Job 926070: <mb.128> in cluster <yellowstone> Done

Job <mb.128> was submitted from host <yslogin3-ib> by user <robertk> in cluster <yellowstone>.
Job was executed on host(s) <16*ys1922-ib>, in queue <small>, as user <robertk> in cluster <yellowstone>.
                            <16*ys2018-ib>
                            <16*ys2026-ib>
                            <16*ys2040-ib>
                            <16*ys2052-ib>
                            <16*ys2054-ib>
                            <16*ys2129-ib>
                            <16*ys2130-ib>
</glade/u/home/robertk> was used as the home directory.
</glade/u/home/robertk/work/Dune/trunk/alugrid/examples/run/mb_alusfc_314> was used as the working directory.
Started at Thu Feb 20 15:21:25 2014
Results reported at Thu Feb 20 15:23:40 2014

Your job looked like:

------------------------------------------------------------
# LSBATCH: User input
#!/bin/bash
# LSF batch script to run an MPI application
#
#BSUB -P P86850055           # project code
#BSUB -W 00:30               # wall-clock time (hrs:mins)
#BSUB -n 128              # number of tasks in job
#BSUB -R span[ptile=16]    # run 16 MPI tasks per node
#BSUB -J mb.128            # job name
#BSUB -o ./mb.128.out  # output file name 
#BSUB -e ./mb.128.err  # error file name
#BSUB -q small             # queue
#run the executable
export MP_CSS_INTERRUPT=yes
export MP_EAGER_LIMIT=4194305
export MP_EAGER_LIMIT_LOCAL=4194305
mpirun.lsf ./main_ball 3 1 4 none

------------------------------------------------------------

Successfully completed.

Resource usage summary:

    CPU time :               14068.00 sec.
    Max Memory :             20074 MB
    Average Memory :         7823.33 MB
    Total Requested Memory : -
    Delta Memory :           -
    (Delta: the difference between total requested memory and actual max usage.)
    Max Processes :          123
    Max Threads :            1292

The output (if any) is above this job summary.



PS:

Read file <./mb.128.err> for stderr output of this job.

