Caught DGFException on creation of SGrid, trying default DGF method!

Created parallel ALUGrid<3,3,cube,nonconforming> from macro grid file ''. 

globalRefine: 1
elements = 7288933 (24576,32481,1.32166)   maxLevel = 4   step = 12   time = 0.108   dt = 0.009
elements = 7180335 (24159,31760,1.31462)   maxLevel = 4   step = 23   time = 0.207   dt = 0.009
elements = 7153812 (24321,31871,1.31043)   maxLevel = 4   step = 34   time = 0.306   dt = 0.009
elements = 7332431 (24934,32313,1.29594)   maxLevel = 4   step = 45   time = 0.405   dt = 0.009
elements = 7078618 (24128,31601,1.30972)   maxLevel = 4   step = 56   time = 0.504   dt = 0.009
elements = 7323681 (24924,32320,1.29674)   maxLevel = 4   step = 67   time = 0.603   dt = 0.009
elements = 7209560 (24245,32151,1.32609)   maxLevel = 4   step = 78   time = 0.702   dt = 0.009
elements = 7110559 (24226,31753,1.3107)   maxLevel = 4   step = 89   time = 0.801   dt = 0.009
elements = 7274471 (24548,32320,1.3166)   maxLevel = 4   step = 100   time = 0.9   dt = 0.009
elements = 7013518 (23694,31212,1.3173)   maxLevel = 4   step = 112   time = 1.008   dt = 0.009
U2 max: 16.42  min: 8.38
U3 max: 0.02  min: 0
U4 max: 1.43  min: 0.84
U5 max: 4.73  min: 2.92
U6 max: 0.01  min: 0
U7 max: 16.56  min: 8.47
U8 max: 18.38  min: 10.18
Program finished: CPU time = 63.5143 sec.
Job  /ncar/opt/lsf/8.3/linux2.6-glibc2.3-x86_64/bin/poejob ./main_ball 3 1 4 none

TID   HOST_NAME   COMMAND_LINE            STATUS            TERMINATION_TIME
===== ========== ================  =======================  ===================
00240 ys4240-ib  ./main_ball 3 1   Done                     05/15/2013 15:33:28
00241 ys4240-ib   ./main_ball 3 1  Done                     05/15/2013 15:33:28
00247 ys4240-ib   ./main_ball 3 1  Done                     05/15/2013 15:33:28
00248 ys4240-ib   ./main_ball 3 1  Done                     05/15/2013 15:33:28
00250 ys4240-ib   ./main_ball 3 1  Done                     05/15/2013 15:33:28
00249 ys4240-ib   ./main_ball 3 1  Done                     05/15/2013 15:33:28
00251 ys4240-ib   ./main_ball 3 1  Done                     05/15/2013 15:33:28
00252 ys4240-ib   ./main_ball 3 1  Done                     05/15/2013 15:33:28
00253 ys4240-ib   ./main_ball 3 1  Done                     05/15/2013 15:33:28
00254 ys4240-ib   ./main_ball 3 1  Done                     05/15/2013 15:33:28
00255 ys4240-ib   ./main_ball 3 1  Done                     05/15/2013 15:33:28
00242 ys4240-ib   ./main_ball 3 1  Done                     05/15/2013 15:33:28
00243 ys4240-ib   ./main_ball 3 1  Done                     05/15/2013 15:33:28
00244 ys4240-ib   ./main_ball 3 1  Done                     05/15/2013 15:33:28
00245 ys4240-ib   ./main_ball 3 1  Done                     05/15/2013 15:33:28
00246 ys4240-ib   ./main_ball 3 1  Done                     05/15/2013 15:33:28
00224 ys4222-ib  ./main_ball 3 1   Done                     05/15/2013 15:33:28
00231 ys4222-ib   ./main_ball 3 1  Done                     05/15/2013 15:33:28
00225 ys4222-ib   ./main_ball 3 1  Done                     05/15/2013 15:33:28
00228 ys4222-ib   ./main_ball 3 1  Done                     05/15/2013 15:33:28
00230 ys4222-ib   ./main_ball 3 1  Done                     05/15/2013 15:33:28
00229 ys4222-ib   ./main_ball 3 1  Done                     05/15/2013 15:33:28
00232 ys4222-ib   ./main_ball 3 1  Done                     05/15/2013 15:33:28
00233 ys4222-ib   ./main_ball 3 1  Done                     05/15/2013 15:33:28
00234 ys4222-ib   ./main_ball 3 1  Done                     05/15/2013 15:33:28
00235 ys4222-ib   ./main_ball 3 1  Done                     05/15/2013 15:33:28
00236 ys4222-ib   ./main_ball 3 1  Done                     05/15/2013 15:33:28
00237 ys4222-ib   ./main_ball 3 1  Done                     05/15/2013 15:33:28
00238 ys4222-ib   ./main_ball 3 1  Done                     05/15/2013 15:33:28
00239 ys4222-ib   ./main_ball 3 1  Done                     05/15/2013 15:33:28
00226 ys4222-ib   ./main_ball 3 1  Done                     05/15/2013 15:33:28
00227 ys4222-ib   ./main_ball 3 1  Done                     05/15/2013 15:33:28
00208 ys4220-ib  ./main_ball 3 1   Done                     05/15/2013 15:33:28
00210 ys4220-ib   ./main_ball 3 1  Done                     05/15/2013 15:33:28
00209 ys4220-ib   ./main_ball 3 1  Done                     05/15/2013 15:33:28
00211 ys4220-ib   ./main_ball 3 1  Done                     05/15/2013 15:33:28
00212 ys4220-ib   ./main_ball 3 1  Done                     05/15/2013 15:33:28
00213 ys4220-ib   ./main_ball 3 1  Done                     05/15/2013 15:33:28
00214 ys4220-ib   ./main_ball 3 1  Done                     05/15/2013 15:33:28
00215 ys4220-ib   ./main_ball 3 1  Done                     05/15/2013 15:33:28
00217 ys4220-ib   ./main_ball 3 1  Done                     05/15/2013 15:33:28
00220 ys4220-ib   ./main_ball 3 1  Done                     05/15/2013 15:33:28
00223 ys4220-ib   ./main_ball 3 1  Done                     05/15/2013 15:33:28
00216 ys4220-ib   ./main_ball 3 1  Done                     05/15/2013 15:33:28
00218 ys4220-ib   ./main_ball 3 1  Done                     05/15/2013 15:33:28
00219 ys4220-ib   ./main_ball 3 1  Done                     05/15/2013 15:33:28
00221 ys4220-ib   ./main_ball 3 1  Done                     05/15/2013 15:33:28
00222 ys4220-ib   ./main_ball 3 1  Done                     05/15/2013 15:33:28
00192 ys4219-ib  ./main_ball 3 1   Done                     05/15/2013 15:33:28
00193 ys4219-ib   ./main_ball 3 1  Done                     05/15/2013 15:33:28
00199 ys4219-ib   ./main_ball 3 1  Done                     05/15/2013 15:33:28
00200 ys4219-ib   ./main_ball 3 1  Done                     05/15/2013 15:33:28
00201 ys4219-ib   ./main_ball 3 1  Done                     05/15/2013 15:33:28
00202 ys4219-ib   ./main_ball 3 1  Done                     05/15/2013 15:33:28
00203 ys4219-ib   ./main_ball 3 1  Done                     05/15/2013 15:33:28
00204 ys4219-ib   ./main_ball 3 1  Done                     05/15/2013 15:33:28
00194 ys4219-ib   ./main_ball 3 1  Done                     05/15/2013 15:33:28
00205 ys4219-ib   ./main_ball 3 1  Done                     05/15/2013 15:33:28
00195 ys4219-ib   ./main_ball 3 1  Done                     05/15/2013 15:33:28
00206 ys4219-ib   ./main_ball 3 1  Done                     05/15/2013 15:33:28
00196 ys4219-ib   ./main_ball 3 1  Done                     05/15/2013 15:33:28
00207 ys4219-ib   ./main_ball 3 1  Done                     05/15/2013 15:33:28
00197 ys4219-ib   ./main_ball 3 1  Done                     05/15/2013 15:33:28
00198 ys4219-ib   ./main_ball 3 1  Done                     05/15/2013 15:33:28
00176 ys4218-ib  ./main_ball 3 1   Done                     05/15/2013 15:33:28
00178 ys4218-ib   ./main_ball 3 1  Done                     05/15/2013 15:33:28
00181 ys4218-ib   ./main_ball 3 1  Done                     05/15/2013 15:33:28
00182 ys4218-ib   ./main_ball 3 1  Done                     05/15/2013 15:33:28
00183 ys4218-ib   ./main_ball 3 1  Done                     05/15/2013 15:33:28
00184 ys4218-ib   ./main_ball 3 1  Done                     05/15/2013 15:33:28
00185 ys4218-ib   ./main_ball 3 1  Done                     05/15/2013 15:33:28
00186 ys4218-ib   ./main_ball 3 1  Done                     05/15/2013 15:33:28
00187 ys4218-ib   ./main_ball 3 1  Done                     05/15/2013 15:33:28
00188 ys4218-ib   ./main_ball 3 1  Done                     05/15/2013 15:33:28
00190 ys4218-ib   ./main_ball 3 1  Done                     05/15/2013 15:33:28
00189 ys4218-ib   ./main_ball 3 1  Done                     05/15/2013 15:33:28
00191 ys4218-ib   ./main_ball 3 1  Done                     05/15/2013 15:33:28
00177 ys4218-ib   ./main_ball 3 1  Done                     05/15/2013 15:33:28
00180 ys4218-ib   ./main_ball 3 1  Done                     05/15/2013 15:33:28
00179 ys4218-ib   ./main_ball 3 1  Done                     05/15/2013 15:33:28
00160 ys3931-ib  ./main_ball 3 1   Done                     05/15/2013 15:33:28
00162 ys3931-ib   ./main_ball 3 1  Done                     05/15/2013 15:33:28
00163 ys3931-ib   ./main_ball 3 1  Done                     05/15/2013 15:33:28
00164 ys3931-ib   ./main_ball 3 1  Done                     05/15/2013 15:33:28
00165 ys3931-ib   ./main_ball 3 1  Done                     05/15/2013 15:33:28
00166 ys3931-ib   ./main_ball 3 1  Done                     05/15/2013 15:33:28
00167 ys3931-ib   ./main_ball 3 1  Done                     05/15/2013 15:33:28
00168 ys3931-ib   ./main_ball 3 1  Done                     05/15/2013 15:33:28
00170 ys3931-ib   ./main_ball 3 1  Done                     05/15/2013 15:33:28
00169 ys3931-ib   ./main_ball 3 1  Done                     05/15/2013 15:33:28
00171 ys3931-ib   ./main_ball 3 1  Done                     05/15/2013 15:33:28
00172 ys3931-ib   ./main_ball 3 1  Done                     05/15/2013 15:33:28
00173 ys3931-ib   ./main_ball 3 1  Done                     05/15/2013 15:33:28
00174 ys3931-ib   ./main_ball 3 1  Done                     05/15/2013 15:33:28
00175 ys3931-ib   ./main_ball 3 1  Done                     05/15/2013 15:33:28
00161 ys3931-ib   ./main_ball 3 1  Done                     05/15/2013 15:33:28
00144 ys3930-ib  ./main_ball 3 1   Done                     05/15/2013 15:33:28
00146 ys3930-ib   ./main_ball 3 1  Done                     05/15/2013 15:33:28
00151 ys3930-ib   ./main_ball 3 1  Done                     05/15/2013 15:33:28
00159 ys3930-ib   ./main_ball 3 1  Done                     05/15/2013 15:33:28
00145 ys3930-ib   ./main_ball 3 1  Done                     05/15/2013 15:33:28
00147 ys3930-ib   ./main_ball 3 1  Done                     05/15/2013 15:33:28
00148 ys3930-ib   ./main_ball 3 1  Done                     05/15/2013 15:33:28
00150 ys3930-ib   ./main_ball 3 1  Done                     05/15/2013 15:33:28
00149 ys3930-ib   ./main_ball 3 1  Done                     05/15/2013 15:33:28
00152 ys3930-ib   ./main_ball 3 1  Done                     05/15/2013 15:33:28
00153 ys3930-ib   ./main_ball 3 1  Done                     05/15/2013 15:33:28
00154 ys3930-ib   ./main_ball 3 1  Done                     05/15/2013 15:33:28
00155 ys3930-ib   ./main_ball 3 1  Done                     05/15/2013 15:33:28
00156 ys3930-ib   ./main_ball 3 1  Done                     05/15/2013 15:33:28
00157 ys3930-ib   ./main_ball 3 1  Done                     05/15/2013 15:33:28
00158 ys3930-ib   ./main_ball 3 1  Done                     05/15/2013 15:33:28
00128 ys3929-ib  ./main_ball 3 1   Done                     05/15/2013 15:33:28
00130 ys3929-ib   ./main_ball 3 1  Done                     05/15/2013 15:33:28
00131 ys3929-ib   ./main_ball 3 1  Done                     05/15/2013 15:33:28
00132 ys3929-ib   ./main_ball 3 1  Done                     05/15/2013 15:33:28
00143 ys3929-ib   ./main_ball 3 1  Done                     05/15/2013 15:33:28
00129 ys3929-ib   ./main_ball 3 1  Done                     05/15/2013 15:33:28
00133 ys3929-ib   ./main_ball 3 1  Done                     05/15/2013 15:33:28
00134 ys3929-ib   ./main_ball 3 1  Done                     05/15/2013 15:33:28
00135 ys3929-ib   ./main_ball 3 1  Done                     05/15/2013 15:33:28
00136 ys3929-ib   ./main_ball 3 1  Done                     05/15/2013 15:33:28
00137 ys3929-ib   ./main_ball 3 1  Done                     05/15/2013 15:33:28
00138 ys3929-ib   ./main_ball 3 1  Done                     05/15/2013 15:33:28
00140 ys3929-ib   ./main_ball 3 1  Done                     05/15/2013 15:33:28
00139 ys3929-ib   ./main_ball 3 1  Done                     05/15/2013 15:33:28
00141 ys3929-ib   ./main_ball 3 1  Done                     05/15/2013 15:33:28
00142 ys3929-ib   ./main_ball 3 1  Done                     05/15/2013 15:33:28
00112 ys3928-ib  ./main_ball 3 1   Done                     05/15/2013 15:33:28
00124 ys3928-ib   ./main_ball 3 1  Done                     05/15/2013 15:33:28
00113 ys3928-ib   ./main_ball 3 1  Done                     05/15/2013 15:33:28
00114 ys3928-ib   ./main_ball 3 1  Done                     05/15/2013 15:33:28
00115 ys3928-ib   ./main_ball 3 1  Done                     05/15/2013 15:33:28
00116 ys3928-ib   ./main_ball 3 1  Done                     05/15/2013 15:33:28
00117 ys3928-ib   ./main_ball 3 1  Done                     05/15/2013 15:33:28
00118 ys3928-ib   ./main_ball 3 1  Done                     05/15/2013 15:33:28
00120 ys3928-ib   ./main_ball 3 1  Done                     05/15/2013 15:33:28
00121 ys3928-ib   ./main_ball 3 1  Done                     05/15/2013 15:33:28
00125 ys3928-ib   ./main_ball 3 1  Done                     05/15/2013 15:33:28
00126 ys3928-ib   ./main_ball 3 1  Done                     05/15/2013 15:33:28
00127 ys3928-ib   ./main_ball 3 1  Done                     05/15/2013 15:33:28
00119 ys3928-ib   ./main_ball 3 1  Done                     05/15/2013 15:33:28
00122 ys3928-ib   ./main_ball 3 1  Done                     05/15/2013 15:33:28
00123 ys3928-ib   ./main_ball 3 1  Done                     05/15/2013 15:33:28
00096 ys3927-ib  ./main_ball 3 1   Done                     05/15/2013 15:33:28
00105 ys3927-ib   ./main_ball 3 1  Done                     05/15/2013 15:33:28
00106 ys3927-ib   ./main_ball 3 1  Done                     05/15/2013 15:33:28
00107 ys3927-ib   ./main_ball 3 1  Done                     05/15/2013 15:33:28
00108 ys3927-ib   ./main_ball 3 1  Done                     05/15/2013 15:33:28
00110 ys3927-ib   ./main_ball 3 1  Done                     05/15/2013 15:33:28
00109 ys3927-ib   ./main_ball 3 1  Done                     05/15/2013 15:33:28
00111 ys3927-ib   ./main_ball 3 1  Done                     05/15/2013 15:33:28
00097 ys3927-ib   ./main_ball 3 1  Done                     05/15/2013 15:33:28
00098 ys3927-ib   ./main_ball 3 1  Done                     05/15/2013 15:33:28
00099 ys3927-ib   ./main_ball 3 1  Done                     05/15/2013 15:33:28
00100 ys3927-ib   ./main_ball 3 1  Done                     05/15/2013 15:33:28
00101 ys3927-ib   ./main_ball 3 1  Done                     05/15/2013 15:33:28
00102 ys3927-ib   ./main_ball 3 1  Done                     05/15/2013 15:33:28
00103 ys3927-ib   ./main_ball 3 1  Done                     05/15/2013 15:33:28
00104 ys3927-ib   ./main_ball 3 1  Done                     05/15/2013 15:33:28
00080 ys3926-ib  ./main_ball 3 1   Done                     05/15/2013 15:33:28
00090 ys3926-ib   ./main_ball 3 1  Done                     05/15/2013 15:33:28
00089 ys3926-ib   ./main_ball 3 1  Done                     05/15/2013 15:33:28
00091 ys3926-ib   ./main_ball 3 1  Done                     05/15/2013 15:33:28
00092 ys3926-ib   ./main_ball 3 1  Done                     05/15/2013 15:33:28
00093 ys3926-ib   ./main_ball 3 1  Done                     05/15/2013 15:33:28
00094 ys3926-ib   ./main_ball 3 1  Done                     05/15/2013 15:33:28
00095 ys3926-ib   ./main_ball 3 1  Done                     05/15/2013 15:33:28
00081 ys3926-ib   ./main_ball 3 1  Done                     05/15/2013 15:33:28
00082 ys3926-ib   ./main_ball 3 1  Done                     05/15/2013 15:33:28
00083 ys3926-ib   ./main_ball 3 1  Done                     05/15/2013 15:33:28
00084 ys3926-ib   ./main_ball 3 1  Done                     05/15/2013 15:33:28
00085 ys3926-ib   ./main_ball 3 1  Done                     05/15/2013 15:33:28
00086 ys3926-ib   ./main_ball 3 1  Done                     05/15/2013 15:33:28
00087 ys3926-ib   ./main_ball 3 1  Done                     05/15/2013 15:33:28
00088 ys3926-ib   ./main_ball 3 1  Done                     05/15/2013 15:33:28
00064 ys3925-ib  ./main_ball 3 1   Done                     05/15/2013 15:33:28
00071 ys3925-ib   ./main_ball 3 1  Done                     05/15/2013 15:33:28
00073 ys3925-ib   ./main_ball 3 1  Done                     05/15/2013 15:33:28
00074 ys3925-ib   ./main_ball 3 1  Done                     05/15/2013 15:33:28
00075 ys3925-ib   ./main_ball 3 1  Done                     05/15/2013 15:33:28
00076 ys3925-ib   ./main_ball 3 1  Done                     05/15/2013 15:33:28
00077 ys3925-ib   ./main_ball 3 1  Done                     05/15/2013 15:33:28
00078 ys3925-ib   ./main_ball 3 1  Done                     05/15/2013 15:33:28
00065 ys3925-ib   ./main_ball 3 1  Done                     05/15/2013 15:33:28
00067 ys3925-ib   ./main_ball 3 1  Done                     05/15/2013 15:33:28
00068 ys3925-ib   ./main_ball 3 1  Done                     05/15/2013 15:33:28
00070 ys3925-ib   ./main_ball 3 1  Done                     05/15/2013 15:33:28
00069 ys3925-ib   ./main_ball 3 1  Done                     05/15/2013 15:33:28
00072 ys3925-ib   ./main_ball 3 1  Done                     05/15/2013 15:33:28
00079 ys3925-ib   ./main_ball 3 1  Done                     05/15/2013 15:33:28
00066 ys3925-ib   ./main_ball 3 1  Done                     05/15/2013 15:33:28
00048 ys3924-ib  ./main_ball 3 1   Done                     05/15/2013 15:33:28
00052 ys3924-ib   ./main_ball 3 1  Done                     05/15/2013 15:33:28
00053 ys3924-ib   ./main_ball 3 1  Done                     05/15/2013 15:33:28
00054 ys3924-ib   ./main_ball 3 1  Done                     05/15/2013 15:33:28
00055 ys3924-ib   ./main_ball 3 1  Done                     05/15/2013 15:33:28
00056 ys3924-ib   ./main_ball 3 1  Done                     05/15/2013 15:33:28
00057 ys3924-ib   ./main_ball 3 1  Done                     05/15/2013 15:33:28
00058 ys3924-ib   ./main_ball 3 1  Done                     05/15/2013 15:33:28
00060 ys3924-ib   ./main_ball 3 1  Done                     05/15/2013 15:33:28
00059 ys3924-ib   ./main_ball 3 1  Done                     05/15/2013 15:33:28
00061 ys3924-ib   ./main_ball 3 1  Done                     05/15/2013 15:33:28
00062 ys3924-ib   ./main_ball 3 1  Done                     05/15/2013 15:33:28
00063 ys3924-ib   ./main_ball 3 1  Done                     05/15/2013 15:33:28
00050 ys3924-ib   ./main_ball 3 1  Done                     05/15/2013 15:33:28
00049 ys3924-ib   ./main_ball 3 1  Done                     05/15/2013 15:33:28
00051 ys3924-ib   ./main_ball 3 1  Done                     05/15/2013 15:33:28
00032 ys3923-ib  ./main_ball 3 1   Done                     05/15/2013 15:33:28
00033 ys3923-ib   ./main_ball 3 1  Done                     05/15/2013 15:33:28
00034 ys3923-ib   ./main_ball 3 1  Done                     05/15/2013 15:33:28
00035 ys3923-ib   ./main_ball 3 1  Done                     05/15/2013 15:33:28
00036 ys3923-ib   ./main_ball 3 1  Done                     05/15/2013 15:33:28
00037 ys3923-ib   ./main_ball 3 1  Done                     05/15/2013 15:33:28
00038 ys3923-ib   ./main_ball 3 1  Done                     05/15/2013 15:33:28
00040 ys3923-ib   ./main_ball 3 1  Done                     05/15/2013 15:33:28
00039 ys3923-ib   ./main_ball 3 1  Done                     05/15/2013 15:33:28
00041 ys3923-ib   ./main_ball 3 1  Done                     05/15/2013 15:33:28
00042 ys3923-ib   ./main_ball 3 1  Done                     05/15/2013 15:33:28
00043 ys3923-ib   ./main_ball 3 1  Done                     05/15/2013 15:33:28
00044 ys3923-ib   ./main_ball 3 1  Done                     05/15/2013 15:33:28
00045 ys3923-ib   ./main_ball 3 1  Done                     05/15/2013 15:33:28
00046 ys3923-ib   ./main_ball 3 1  Done                     05/15/2013 15:33:28
00047 ys3923-ib   ./main_ball 3 1  Done                     05/15/2013 15:33:28
00016 ys3922-ib  ./main_ball 3 1   Done                     05/15/2013 15:33:28
00018 ys3922-ib   ./main_ball 3 1  Done                     05/15/2013 15:33:28
00019 ys3922-ib   ./main_ball 3 1  Done                     05/15/2013 15:33:28
00021 ys3922-ib   ./main_ball 3 1  Done                     05/15/2013 15:33:28
00022 ys3922-ib   ./main_ball 3 1  Done                     05/15/2013 15:33:28
00023 ys3922-ib   ./main_ball 3 1  Done                     05/15/2013 15:33:28
00026 ys3922-ib   ./main_ball 3 1  Done                     05/15/2013 15:33:28
00017 ys3922-ib   ./main_ball 3 1  Done                     05/15/2013 15:33:28
00020 ys3922-ib   ./main_ball 3 1  Done                     05/15/2013 15:33:28
00024 ys3922-ib   ./main_ball 3 1  Done                     05/15/2013 15:33:28
00025 ys3922-ib   ./main_ball 3 1  Done                     05/15/2013 15:33:28
00027 ys3922-ib   ./main_ball 3 1  Done                     05/15/2013 15:33:28
00028 ys3922-ib   ./main_ball 3 1  Done                     05/15/2013 15:33:28
00030 ys3922-ib   ./main_ball 3 1  Done                     05/15/2013 15:33:28
00029 ys3922-ib   ./main_ball 3 1  Done                     05/15/2013 15:33:28
00031 ys3922-ib   ./main_ball 3 1  Done                     05/15/2013 15:33:28
00000 ys3921-ib  ./main_ball 3 1   Done                     05/15/2013 15:33:28
00001 ys3921-ib   ./main_ball 3 1  Done                     05/15/2013 15:33:28
00014 ys3921-ib   ./main_ball 3 1  Done                     05/15/2013 15:33:28
00003 ys3921-ib   ./main_ball 3 1  Done                     05/15/2013 15:33:28
00015 ys3921-ib   ./main_ball 3 1  Done                     05/15/2013 15:33:28
00004 ys3921-ib   ./main_ball 3 1  Done                     05/15/2013 15:33:28
00005 ys3921-ib   ./main_ball 3 1  Done                     05/15/2013 15:33:28
00006 ys3921-ib   ./main_ball 3 1  Done                     05/15/2013 15:33:28
00007 ys3921-ib   ./main_ball 3 1  Done                     05/15/2013 15:33:28
00008 ys3921-ib   ./main_ball 3 1  Done                     05/15/2013 15:33:28
00009 ys3921-ib   ./main_ball 3 1  Done                     05/15/2013 15:33:28
00010 ys3921-ib   ./main_ball 3 1  Done                     05/15/2013 15:33:28
00011 ys3921-ib   ./main_ball 3 1  Done                     05/15/2013 15:33:28
00012 ys3921-ib   ./main_ball 3 1  Done                     05/15/2013 15:33:28
00013 ys3921-ib   ./main_ball 3 1  Done                     05/15/2013 15:33:28
00002 ys3921-ib   ./main_ball 3 1  Done                     05/15/2013 15:33:28

------------------------------------------------------------
Sender: LSF System <lsfadmin@ys3921-ib>
Subject: Job 662193: <mb.256> Done

Job <mb.256> was submitted from host <yslogin3-ib> by user <robertk> in cluster <yellowstone>.
Job was executed on host(s) <16*ys3921-ib>, in queue <small>, as user <robertk> in cluster <yellowstone>.
                            <16*ys3922-ib>
                            <16*ys3923-ib>
                            <16*ys3924-ib>
                            <16*ys3925-ib>
                            <16*ys3926-ib>
                            <16*ys3927-ib>
                            <16*ys3928-ib>
                            <16*ys3929-ib>
                            <16*ys3930-ib>
                            <16*ys3931-ib>
                            <16*ys4218-ib>
                            <16*ys4219-ib>
                            <16*ys4220-ib>
                            <16*ys4222-ib>
                            <16*ys4240-ib>
</glade/u/home/robertk> was used as the home directory.
</glade/u/home/robertk/work/Dune/trunk/alugrid/examples> was used as the working directory.
Started at Wed May 15 15:32:17 2013
Results reported at Wed May 15 15:33:32 2013

Your job looked like:

------------------------------------------------------------
# LSBATCH: User input
#!/bin/bash
# LSF batch script to run an MPI application
#
#BSUB -P P86850055           # project code
#BSUB -W 00:10               # wall-clock time (hrs:mins)
#BSUB -n 256              # number of tasks in job
#BSUB -R span[ptile=16]    # run 16 MPI tasks per node
#BSUB -J mb.256            # job name
#BSUB -o ./out/mb.256.%J.out  # output file name 
#BSUB -e ./err/mb.256.%J.err  # error file name
#BSUB -q small             # queue
#run the executable
mpirun.lsf ./main_ball 3 1 4 none

------------------------------------------------------------

Successfully completed.

Resource usage summary:

    CPU time   :  16337.09 sec.
    Max Memory :       156 MB
    Max Swap   :      1954 MB

    Max Processes  :         7
    Max Threads    :        45

The output (if any) is above this job summary.



PS:

Read file <./err/mb.256.662193.err> for stderr output of this job.

