Execute poe command line: poe  ./main_ball 3 1 4 none
Caught DGFException on creation of SGrid, trying default DGF method!

Created parallel ALUGrid<3,3,cube,nonconforming> from macro grid file ''. 

globalRefine: 1
elements = 7303927 (22,7089,322.227)   maxLevel = 4   step = 12   time = 0.108   dt = 0.009
elements = 7193320 (15,7233,482.2)   maxLevel = 4   step = 23   time = 0.207   dt = 0.009
elements = 7168827 (15,7173,478.2)   maxLevel = 4   step = 34   time = 0.306   dt = 0.009
elements = 7348293 (22,7318,332.636)   maxLevel = 4   step = 45   time = 0.405   dt = 0.009
elements = 7095159 (8,7062,882.75)   maxLevel = 4   step = 56   time = 0.504   dt = 0.009
elements = 7340915 (15,7569,504.6)   maxLevel = 4   step = 67   time = 0.603   dt = 0.009
elements = 7225758 (15,7046,469.733)   maxLevel = 4   step = 78   time = 0.702   dt = 0.009
elements = 7122592 (8,7118,889.75)   maxLevel = 4   step = 89   time = 0.801   dt = 0.009
elements = 7277782 (15,7422,494.8)   maxLevel = 4   step = 100   time = 0.9   dt = 0.009
elements = 7013980 (8,7093,886.625)   maxLevel = 4   step = 112   time = 1.008   dt = 0.009
U2 max: 6.31  min: 4.18
U3 max: 0.04  min: 0
U4 max: 0.96  min: 0.35
U5 max: 0.08  min: 0
U6 max: 5.1  min: 3.23
U7 max: 0.01  min: 0
U8 max: 7.3  min: 5.26
Program finished: CPU time = 11.7302 sec.

------------------------------------------------------------
Sender: LSF System <lsfadmin@ys0724-ib>
Subject: Job 926074: <mb.2048> in cluster <yellowstone> Done

Job <mb.2048> was submitted from host <yslogin3-ib> by user <robertk> in cluster <yellowstone>.
Job was executed on host(s) <16*ys0724-ib>, in queue <small>, as user <robertk> in cluster <yellowstone>.
                            <16*ys0808-ib>
                            <16*ys0809-ib>
                            <16*ys0810-ib>
                            <16*ys0811-ib>
                            <16*ys0812-ib>
                            <16*ys0813-ib>
                            <16*ys0814-ib>
                            <16*ys0815-ib>
                            <16*ys0816-ib>
                            <16*ys0817-ib>
                            <16*ys0818-ib>
                            <16*ys0819-ib>
                            <16*ys0820-ib>
                            <16*ys0821-ib>
                            <16*ys0822-ib>
                            <16*ys0823-ib>
                            <16*ys0824-ib>
                            <16*ys0825-ib>
                            <16*ys0826-ib>
                            <16*ys0827-ib>
                            <16*ys0834-ib>
                            <16*ys0837-ib>
                            <16*ys0838-ib>
                            <16*ys0839-ib>
                            <16*ys0844-ib>
                            <16*ys0845-ib>
                            <16*ys0846-ib>
                            <16*ys0847-ib>
                            <16*ys0848-ib>
                            <16*ys0849-ib>
                            <16*ys0850-ib>
                            <16*ys0851-ib>
                            <16*ys0852-ib>
                            <16*ys0853-ib>
                            <16*ys0854-ib>
                            <16*ys0855-ib>
                            <16*ys0857-ib>
                            <16*ys0858-ib>
                            <16*ys0859-ib>
                            <16*ys0860-ib>
                            <16*ys0861-ib>
                            <16*ys0862-ib>
                            <16*ys0863-ib>
                            <16*ys0864-ib>
                            <16*ys0865-ib>
                            <16*ys0866-ib>
                            <16*ys0867-ib>
                            <16*ys0871-ib>
                            <16*ys0903-ib>
                            <16*ys0919-ib>
                            <16*ys0920-ib>
                            <16*ys0921-ib>
                            <16*ys0922-ib>
                            <16*ys0923-ib>
                            <16*ys0924-ib>
                            <16*ys0925-ib>
                            <16*ys0931-ib>
                            <16*ys0932-ib>
                            <16*ys0935-ib>
                            <16*ys0937-ib>
                            <16*ys0938-ib>
                            <16*ys0939-ib>
                            <16*ys0940-ib>
                            <16*ys0942-ib>
                            <16*ys0943-ib>
                            <16*ys0944-ib>
                            <16*ys0945-ib>
                            <16*ys0946-ib>
                            <16*ys0947-ib>
                            <16*ys0948-ib>
                            <16*ys0949-ib>
                            <16*ys0950-ib>
                            <16*ys0951-ib>
                            <16*ys0966-ib>
                            <16*ys0967-ib>
                            <16*ys0968-ib>
                            <16*ys0969-ib>
                            <16*ys0970-ib>
                            <16*ys0971-ib>
                            <16*ys0972-ib>
                            <16*ys1001-ib>
                            <16*ys1002-ib>
                            <16*ys1003-ib>
                            <16*ys1004-ib>
                            <16*ys1005-ib>
                            <16*ys1006-ib>
                            <16*ys1007-ib>
                            <16*ys1008-ib>
                            <16*ys1009-ib>
                            <16*ys1010-ib>
                            <16*ys1012-ib>
                            <16*ys1013-ib>
                            <16*ys1014-ib>
                            <16*ys1015-ib>
                            <16*ys1016-ib>
                            <16*ys1021-ib>
                            <16*ys1024-ib>
                            <16*ys1025-ib>
                            <16*ys1031-ib>
                            <16*ys1037-ib>
                            <16*ys1038-ib>
                            <16*ys1039-ib>
                            <16*ys1040-ib>
                            <16*ys1041-ib>
                            <16*ys1042-ib>
                            <16*ys1043-ib>
                            <16*ys1044-ib>
                            <16*ys1045-ib>
                            <16*ys1046-ib>
                            <16*ys1047-ib>
                            <16*ys1048-ib>
                            <16*ys1049-ib>
                            <16*ys1050-ib>
                            <16*ys1051-ib>
                            <16*ys1052-ib>
                            <16*ys1053-ib>
                            <16*ys1055-ib>
                            <16*ys1059-ib>
                            <16*ys1060-ib>
                            <16*ys1066-ib>
                            <16*ys1067-ib>
                            <16*ys1118-ib>
                            <16*ys1120-ib>
                            <16*ys1123-ib>
                            <16*ys1126-ib>
                            <16*ys1145-ib>
                            <16*ys1151-ib>
</glade/u/home/robertk> was used as the home directory.
</glade/u/home/robertk/work/Dune/trunk/alugrid/examples/run/mb_alusfc_314> was used as the working directory.
Started at Thu Feb 20 15:23:02 2014
Results reported at Thu Feb 20 15:24:04 2014

Your job looked like:

------------------------------------------------------------
# LSBATCH: User input
#!/bin/bash
# LSF batch script to run an MPI application
#
#BSUB -P P86850055           # project code
#BSUB -W 00:30               # wall-clock time (hrs:mins)
#BSUB -n 2048              # number of tasks in job
#BSUB -R span[ptile=16]    # run 16 MPI tasks per node
#BSUB -J mb.2048            # job name
#BSUB -o ./mb.2048.out  # output file name 
#BSUB -e ./mb.2048.err  # error file name
#BSUB -q small             # queue
#run the executable
export MP_CSS_INTERRUPT=yes
export MP_EAGER_LIMIT=4194305
export MP_EAGER_LIMIT_LOCAL=4194305
mpirun.lsf ./main_ball 3 1 4 none

------------------------------------------------------------

Successfully completed.

Resource usage summary:

    CPU time :               45569.00 sec.
    Max Memory :             748 MB
    Average Memory :         26.00 MB
    Total Requested Memory : -
    Delta Memory :           -
    (Delta: the difference between total requested memory and actual max usage.)
    Max Processes :          35
    Max Threads :            265

The output (if any) is above this job summary.



PS:

Read file <./mb.2048.err> for stderr output of this job.

