Execute poe command line: poe  ./main_ball 3 1 4 none
Caught DGFException on creation of SGrid, trying default DGF method!

Created parallel ALUGrid<3,3,cube,nonconforming> from macro grid file ''. 

globalRefine: 1
elements = 7283410 (224862,229839,1.02213)   maxLevel = 4   step = 12   time = 0.108   dt = 0.009
elements = 7181679 (221852,228229,1.02874)   maxLevel = 4   step = 23   time = 0.207   dt = 0.009
elements = 7139273 (219739,226263,1.02969)   maxLevel = 4   step = 34   time = 0.306   dt = 0.009
elements = 7328280 (225955,231832,1.02601)   maxLevel = 4   step = 45   time = 0.405   dt = 0.009
elements = 7078926 (218283,224970,1.03063)   maxLevel = 4   step = 56   time = 0.504   dt = 0.009
elements = 7309940 (224708,232310,1.03383)   maxLevel = 4   step = 67   time = 0.603   dt = 0.009
elements = 7205297 (222199,228932,1.0303)   maxLevel = 4   step = 78   time = 0.702   dt = 0.009
elements = 7102761 (218355,225598,1.03317)   maxLevel = 4   step = 89   time = 0.801   dt = 0.009
elements = 7269991 (224370,230600,1.02777)   maxLevel = 4   step = 100   time = 0.9   dt = 0.009
elements = 6998580 (216144,221593,1.02521)   maxLevel = 4   step = 112   time = 1.008   dt = 0.009
U2 max: 58.39  min: 15.67
U3 max: 0  min: 0
U4 max: 1.75  min: 1.43
U5 max: 2.54  min: 1.45
U6 max: 87.35  min: 45.36
U7 max: 0  min: 0
U8 max: 62.37  min: 19.3
Program finished: CPU time = 224.83 sec.

------------------------------------------------------------
Sender: LSF System <lsfadmin@ys1916-ib>
Subject: Job 926068: <mb.32> in cluster <yellowstone> Done

Job <mb.32> was submitted from host <yslogin3-ib> by user <robertk> in cluster <yellowstone>.
Job was executed on host(s) <16*ys1916-ib>, in queue <small>, as user <robertk> in cluster <yellowstone>.
                            <16*ys1917-ib>
</glade/u/home/robertk> was used as the home directory.
</glade/u/home/robertk/work/Dune/trunk/alugrid/examples/run/mb_alusfc_314> was used as the working directory.
Started at Thu Feb 20 15:21:25 2014
Results reported at Thu Feb 20 15:26:11 2014

Your job looked like:

------------------------------------------------------------
# LSBATCH: User input
#!/bin/bash
# LSF batch script to run an MPI application
#
#BSUB -P P86850055           # project code
#BSUB -W 00:30               # wall-clock time (hrs:mins)
#BSUB -n 32              # number of tasks in job
#BSUB -R span[ptile=16]    # run 16 MPI tasks per node
#BSUB -J mb.32            # job name
#BSUB -o ./mb.32.out  # output file name 
#BSUB -e ./mb.32.err  # error file name
#BSUB -q small             # queue
#run the executable
export MP_CSS_INTERRUPT=yes
export MP_EAGER_LIMIT=4194305
export MP_EAGER_LIMIT_LOCAL=4194305
mpirun.lsf ./main_ball 3 1 4 none

------------------------------------------------------------

Successfully completed.

Resource usage summary:

    CPU time :               13243.00 sec.
    Max Memory :             15042 MB
    Average Memory :         11825.89 MB
    Total Requested Memory : -
    Delta Memory :           -
    (Delta: the difference between total requested memory and actual max usage.)
    Max Processes :          38
    Max Threads :            375

The output (if any) is above this job summary.



PS:

Read file <./mb.32.err> for stderr output of this job.

