Caught DGFException on creation of SGrid, trying default DGF method!

Created parallel ALUGrid<3,3,cube,nonconforming> from macro grid file ''. 

globalRefine: 1
elements = 7283207 (224862,229839,1.02213)   maxLevel = 4   step = 12   time = 0.108   dt = 0.009
elements = 7181679 (221852,228229,1.02874)   maxLevel = 4   step = 23   time = 0.207   dt = 0.009
elements = 7139273 (219739,226263,1.02969)   maxLevel = 4   step = 34   time = 0.306   dt = 0.009
elements = 7328280 (225955,231832,1.02601)   maxLevel = 4   step = 45   time = 0.405   dt = 0.009
elements = 7078926 (218283,224970,1.03063)   maxLevel = 4   step = 56   time = 0.504   dt = 0.009
elements = 7309940 (224708,232310,1.03383)   maxLevel = 4   step = 67   time = 0.603   dt = 0.009
elements = 7205297 (222199,228932,1.0303)   maxLevel = 4   step = 78   time = 0.702   dt = 0.009
elements = 7102761 (218355,225598,1.03317)   maxLevel = 4   step = 89   time = 0.801   dt = 0.009
elements = 7269991 (224370,230600,1.02777)   maxLevel = 4   step = 100   time = 0.9   dt = 0.009
elements = 6998580 (216144,221593,1.02521)   maxLevel = 4   step = 112   time = 1.008   dt = 0.009
U2 max: 64.62  min: 25.81
U3 max: 0.01  min: 0
U4 max: 3.34  min: 3.07
U5 max: 14.12  min: 7.63
U6 max: 0  min: 0
U7 max: 80.56  min: 41.76
U8 max: 70.32  min: 31.15
Program finished: CPU time = 303.724 sec.
Job  /ncar/opt/lsf/8.3/linux2.6-glibc2.3-x86_64/bin/poejob ./main_ball 3 1 4 none

TID   HOST_NAME   COMMAND_LINE            STATUS            TERMINATION_TIME
===== ========== ================  =======================  ===================
00016 ys2646-ib  ./main_ball 3 1   Done                     05/15/2013 15:37:24
00017 ys2646-ib   ./main_ball 3 1  Done                     05/15/2013 15:37:24
00018 ys2646-ib   ./main_ball 3 1  Done                     05/15/2013 15:37:24
00019 ys2646-ib   ./main_ball 3 1  Done                     05/15/2013 15:37:24
00023 ys2646-ib   ./main_ball 3 1  Done                     05/15/2013 15:37:24
00020 ys2646-ib   ./main_ball 3 1  Done                     05/15/2013 15:37:24
00021 ys2646-ib   ./main_ball 3 1  Done                     05/15/2013 15:37:24
00022 ys2646-ib   ./main_ball 3 1  Done                     05/15/2013 15:37:24
00024 ys2646-ib   ./main_ball 3 1  Done                     05/15/2013 15:37:24
00025 ys2646-ib   ./main_ball 3 1  Done                     05/15/2013 15:37:24
00026 ys2646-ib   ./main_ball 3 1  Done                     05/15/2013 15:37:24
00027 ys2646-ib   ./main_ball 3 1  Done                     05/15/2013 15:37:24
00028 ys2646-ib   ./main_ball 3 1  Done                     05/15/2013 15:37:24
00030 ys2646-ib   ./main_ball 3 1  Done                     05/15/2013 15:37:24
00029 ys2646-ib   ./main_ball 3 1  Done                     05/15/2013 15:37:24
00031 ys2646-ib   ./main_ball 3 1  Done                     05/15/2013 15:37:24
00000 ys2645-ib  ./main_ball 3 1   Done                     05/15/2013 15:37:24
00001 ys2645-ib   ./main_ball 3 1  Done                     05/15/2013 15:37:24
00014 ys2645-ib   ./main_ball 3 1  Done                     05/15/2013 15:37:24
00003 ys2645-ib   ./main_ball 3 1  Done                     05/15/2013 15:37:24
00015 ys2645-ib   ./main_ball 3 1  Done                     05/15/2013 15:37:24
00004 ys2645-ib   ./main_ball 3 1  Done                     05/15/2013 15:37:24
00005 ys2645-ib   ./main_ball 3 1  Done                     05/15/2013 15:37:24
00006 ys2645-ib   ./main_ball 3 1  Done                     05/15/2013 15:37:24
00007 ys2645-ib   ./main_ball 3 1  Done                     05/15/2013 15:37:24
00008 ys2645-ib   ./main_ball 3 1  Done                     05/15/2013 15:37:24
00009 ys2645-ib   ./main_ball 3 1  Done                     05/15/2013 15:37:24
00010 ys2645-ib   ./main_ball 3 1  Done                     05/15/2013 15:37:24
00011 ys2645-ib   ./main_ball 3 1  Done                     05/15/2013 15:37:24
00012 ys2645-ib   ./main_ball 3 1  Done                     05/15/2013 15:37:24
00013 ys2645-ib   ./main_ball 3 1  Done                     05/15/2013 15:37:24
00002 ys2645-ib   ./main_ball 3 1  Done                     05/15/2013 15:37:24

------------------------------------------------------------
Sender: LSF System <lsfadmin@ys2645-ib>
Subject: Job 662190: <mb.32> Done

Job <mb.32> was submitted from host <yslogin3-ib> by user <robertk> in cluster <yellowstone>.
Job was executed on host(s) <16*ys2645-ib>, in queue <small>, as user <robertk> in cluster <yellowstone>.
                            <16*ys2646-ib>
</glade/u/home/robertk> was used as the home directory.
</glade/u/home/robertk/work/Dune/trunk/alugrid/examples> was used as the working directory.
Started at Wed May 15 15:32:12 2013
Results reported at Wed May 15 15:37:29 2013

Your job looked like:

------------------------------------------------------------
# LSBATCH: User input
#!/bin/bash
# LSF batch script to run an MPI application
#
#BSUB -P P86850055           # project code
#BSUB -W 00:10               # wall-clock time (hrs:mins)
#BSUB -n 32              # number of tasks in job
#BSUB -R span[ptile=16]    # run 16 MPI tasks per node
#BSUB -J mb.32            # job name
#BSUB -o ./out/mb.32.%J.out  # output file name 
#BSUB -e ./err/mb.32.%J.err  # error file name
#BSUB -q small             # queue
#run the executable
mpirun.lsf ./main_ball 3 1 4 none

------------------------------------------------------------

Successfully completed.

Resource usage summary:

    CPU time   :   9759.53 sec.
    Max Memory :      7622 MB
    Max Swap   :     18463 MB

    Max Processes  :        23
    Max Threads    :       209

The output (if any) is above this job summary.



PS:

Read file <./err/mb.32.662190.err> for stderr output of this job.

