Execute poe command line: poe  ./main_ball 3 1 4 none
Caught DGFException on creation of SGrid, trying default DGF method!

Created parallel ALUGrid<3,3,cube,nonconforming> from macro grid file ''. 

globalRefine: 1
elements = 7327391 (8,4526,565.75)   maxLevel = 4   step = 12   time = 0.108   dt = 0.009
elements = 7202357 (8,4582,572.75)   maxLevel = 4   step = 23   time = 0.207   dt = 0.009
elements = 7177745 (8,4096,512)   maxLevel = 4   step = 34   time = 0.306   dt = 0.009
elements = 7358296 (8,4096,512)   maxLevel = 4   step = 45   time = 0.405   dt = 0.009
elements = 7093899 (8,4272,534)   maxLevel = 4   step = 56   time = 0.504   dt = 0.009
elements = 7355412 (8,4096,512)   maxLevel = 4   step = 67   time = 0.603   dt = 0.009
elements = 7239282 (8,4307,538.375)   maxLevel = 4   step = 78   time = 0.702   dt = 0.009
elements = 7139532 (8,4096,512)   maxLevel = 4   step = 89   time = 0.801   dt = 0.009
elements = 7305621 (8,4412,551.5)   maxLevel = 4   step = 100   time = 0.9   dt = 0.009
elements = 7040846 (8,4096,512)   maxLevel = 4   step = 112   time = 1.008   dt = 0.009
U2 max: 4.54  min: 3.27
U3 max: 0.04  min: 0
U4 max: 1.23  min: 0.53
U5 max: 0.07  min: 0
U6 max: 3.87  min: 2.81
U7 max: 0.01  min: 0
U8 max: 5.85  min: 4.61
Program finished: CPU time = 9.68053 sec.

------------------------------------------------------------
Sender: LSF System <lsfadmin@ys0122-ib>
Subject: Job 926075: <mb.4096> in cluster <yellowstone> Done

Job <mb.4096> was submitted from host <yslogin3-ib> by user <robertk> in cluster <yellowstone>.
Job was executed on host(s) <16*ys0122-ib>, in queue <small>, as user <robertk> in cluster <yellowstone>.
                            <16*ys0139-ib>
                            <16*ys0239-ib>
                            <16*ys0323-ib>
                            <16*ys0354-ib>
                            <16*ys0432-ib>
                            <16*ys0433-ib>
                            <16*ys0501-ib>
                            <16*ys0502-ib>
                            <16*ys0541-ib>
                            <16*ys0554-ib>
                            <16*ys0572-ib>
                            <16*ys0603-ib>
                            <16*ys0606-ib>
                            <16*ys0612-ib>
                            <16*ys0617-ib>
                            <16*ys0618-ib>
                            <16*ys0620-ib>
                            <16*ys0621-ib>
                            <16*ys0624-ib>
                            <16*ys0625-ib>
                            <16*ys0639-ib>
                            <16*ys0640-ib>
                            <16*ys0643-ib>
                            <16*ys0647-ib>
                            <16*ys0648-ib>
                            <16*ys0662-ib>
                            <16*ys0664-ib>
                            <16*ys0749-ib>
                            <16*ys0750-ib>
                            <16*ys0828-ib>
                            <16*ys0831-ib>
                            <16*ys0832-ib>
                            <16*ys0833-ib>
                            <16*ys0840-ib>
                            <16*ys0841-ib>
                            <16*ys0842-ib>
                            <16*ys0843-ib>
                            <16*ys0859-ib>
                            <16*ys0860-ib>
                            <16*ys0861-ib>
                            <16*ys0862-ib>
                            <16*ys0863-ib>
                            <16*ys0864-ib>
                            <16*ys0865-ib>
                            <16*ys0866-ib>
                            <16*ys0867-ib>
                            <16*ys0871-ib>
                            <16*ys0903-ib>
                            <16*ys0919-ib>
                            <16*ys0920-ib>
                            <16*ys0921-ib>
                            <16*ys0922-ib>
                            <16*ys0923-ib>
                            <16*ys0924-ib>
                            <16*ys0925-ib>
                            <16*ys0926-ib>
                            <16*ys0927-ib>
                            <16*ys0928-ib>
                            <16*ys0930-ib>
                            <16*ys0931-ib>
                            <16*ys0932-ib>
                            <16*ys0935-ib>
                            <16*ys0937-ib>
                            <16*ys0938-ib>
                            <16*ys0939-ib>
                            <16*ys0940-ib>
                            <16*ys0942-ib>
                            <16*ys0943-ib>
                            <16*ys0944-ib>
                            <16*ys0945-ib>
                            <16*ys0946-ib>
                            <16*ys0947-ib>
                            <16*ys0948-ib>
                            <16*ys0949-ib>
                            <16*ys0950-ib>
                            <16*ys0951-ib>
                            <16*ys0966-ib>
                            <16*ys0967-ib>
                            <16*ys0968-ib>
                            <16*ys0969-ib>
                            <16*ys0970-ib>
                            <16*ys0971-ib>
                            <16*ys0972-ib>
                            <16*ys1001-ib>
                            <16*ys1002-ib>
                            <16*ys1003-ib>
                            <16*ys1004-ib>
                            <16*ys1005-ib>
                            <16*ys1006-ib>
                            <16*ys1007-ib>
                            <16*ys1008-ib>
                            <16*ys1009-ib>
                            <16*ys1010-ib>
                            <16*ys1012-ib>
                            <16*ys1013-ib>
                            <16*ys1014-ib>
                            <16*ys1015-ib>
                            <16*ys1016-ib>
                            <16*ys1021-ib>
                            <16*ys1024-ib>
                            <16*ys1025-ib>
                            <16*ys1031-ib>
                            <16*ys1037-ib>
                            <16*ys1038-ib>
                            <16*ys1039-ib>
                            <16*ys1040-ib>
                            <16*ys1041-ib>
                            <16*ys1042-ib>
                            <16*ys1043-ib>
                            <16*ys1044-ib>
                            <16*ys1045-ib>
                            <16*ys1046-ib>
                            <16*ys1047-ib>
                            <16*ys1048-ib>
                            <16*ys1049-ib>
                            <16*ys1050-ib>
                            <16*ys1051-ib>
                            <16*ys1052-ib>
                            <16*ys1053-ib>
                            <16*ys1055-ib>
                            <16*ys1059-ib>
                            <16*ys1060-ib>
                            <16*ys1062-ib>
                            <16*ys1065-ib>
                            <16*ys1066-ib>
                            <16*ys1067-ib>
                            <16*ys1118-ib>
                            <16*ys1120-ib>
                            <16*ys1123-ib>
                            <16*ys1124-ib>
                            <16*ys1125-ib>
                            <16*ys1126-ib>
                            <16*ys1145-ib>
                            <16*ys1151-ib>
                            <16*ys1161-ib>
                            <16*ys1162-ib>
                            <16*ys1201-ib>
                            <16*ys1202-ib>
                            <16*ys1203-ib>
                            <16*ys1204-ib>
                            <16*ys1208-ib>
                            <16*ys1209-ib>
                            <16*ys1210-ib>
                            <16*ys1211-ib>
                            <16*ys1212-ib>
                            <16*ys1213-ib>
                            <16*ys1214-ib>
                            <16*ys1215-ib>
                            <16*ys1216-ib>
                            <16*ys1217-ib>
                            <16*ys1218-ib>
                            <16*ys1219-ib>
                            <16*ys1317-ib>
                            <16*ys1318-ib>
                            <16*ys1319-ib>
                            <16*ys1320-ib>
                            <16*ys1321-ib>
                            <16*ys1322-ib>
                            <16*ys1323-ib>
                            <16*ys1324-ib>
                            <16*ys1335-ib>
                            <16*ys1336-ib>
                            <16*ys1337-ib>
                            <16*ys1408-ib>
                            <16*ys1410-ib>
                            <16*ys1412-ib>
                            <16*ys1447-ib>
                            <16*ys1449-ib>
                            <16*ys1450-ib>
                            <16*ys1451-ib>
                            <16*ys1453-ib>
                            <16*ys1455-ib>
                            <16*ys1457-ib>
                            <16*ys1458-ib>
                            <16*ys1459-ib>
                            <16*ys1460-ib>
                            <16*ys1461-ib>
                            <16*ys1502-ib>
                            <16*ys1503-ib>
                            <16*ys1504-ib>
                            <16*ys1505-ib>
                            <16*ys1506-ib>
                            <16*ys1507-ib>
                            <16*ys1508-ib>
                            <16*ys1728-ib>
                            <16*ys1806-ib>
                            <16*ys1813-ib>
                            <16*ys1814-ib>
                            <16*ys1815-ib>
                            <16*ys1816-ib>
                            <16*ys1817-ib>
                            <16*ys1818-ib>
                            <16*ys1819-ib>
                            <16*ys1820-ib>
                            <16*ys1821-ib>
                            <16*ys1822-ib>
                            <16*ys1823-ib>
                            <16*ys1824-ib>
                            <16*ys1825-ib>
                            <16*ys1826-ib>
                            <16*ys1827-ib>
                            <16*ys1828-ib>
                            <16*ys1829-ib>
                            <16*ys1839-ib>
                            <16*ys1840-ib>
                            <16*ys1841-ib>
                            <16*ys1842-ib>
                            <16*ys1843-ib>
                            <16*ys1844-ib>
                            <16*ys1845-ib>
                            <16*ys1846-ib>
                            <16*ys1847-ib>
                            <16*ys1848-ib>
                            <16*ys1849-ib>
                            <16*ys1850-ib>
                            <16*ys1857-ib>
                            <16*ys1858-ib>
                            <16*ys1859-ib>
                            <16*ys1860-ib>
                            <16*ys1902-ib>
                            <16*ys1903-ib>
                            <16*ys1904-ib>
                            <16*ys1905-ib>
                            <16*ys1906-ib>
                            <16*ys1907-ib>
                            <16*ys1908-ib>
                            <16*ys1909-ib>
                            <16*ys1910-ib>
                            <16*ys1911-ib>
                            <16*ys1912-ib>
                            <16*ys1913-ib>
                            <16*ys1914-ib>
                            <16*ys1915-ib>
                            <16*ys1916-ib>
                            <16*ys1917-ib>
                            <16*ys1918-ib>
                            <16*ys1919-ib>
                            <16*ys1920-ib>
                            <16*ys1921-ib>
                            <16*ys1922-ib>
                            <16*ys2018-ib>
                            <16*ys2026-ib>
                            <16*ys2040-ib>
                            <16*ys2052-ib>
                            <16*ys2054-ib>
                            <16*ys2129-ib>
                            <16*ys2130-ib>
                            <16*ys2131-ib>
                            <16*ys2132-ib>
                            <16*ys2133-ib>
                            <16*ys2134-ib>
                            <16*ys2135-ib>
                            <16*ys2136-ib>
                            <16*ys2137-ib>
                            <16*ys2138-ib>
</glade/u/home/robertk> was used as the home directory.
</glade/u/home/robertk/work/Dune/trunk/alugrid/examples/run/mb_alusfc_314> was used as the working directory.
Started at Thu Feb 20 15:27:49 2014
Results reported at Thu Feb 20 15:28:53 2014

Your job looked like:

------------------------------------------------------------
# LSBATCH: User input
#!/bin/bash
# LSF batch script to run an MPI application
#
#BSUB -P P86850055           # project code
#BSUB -W 00:30               # wall-clock time (hrs:mins)
#BSUB -n 4096              # number of tasks in job
#BSUB -R span[ptile=16]    # run 16 MPI tasks per node
#BSUB -J mb.4096            # job name
#BSUB -o ./mb.4096.out  # output file name 
#BSUB -e ./mb.4096.err  # error file name
#BSUB -q small             # queue
#run the executable
export MP_CSS_INTERRUPT=yes
export MP_EAGER_LIMIT=4194305
export MP_EAGER_LIMIT_LOCAL=4194305
mpirun.lsf ./main_ball 3 1 4 none

------------------------------------------------------------

Successfully completed.

Resource usage summary:

    CPU time :               72416.00 sec.
    Max Memory :             832 MB
    Average Memory :         16.50 MB
    Total Requested Memory : -
    Delta Memory :           -
    (Delta: the difference between total requested memory and actual max usage.)
    Max Processes :          35
    Max Threads :            521

The output (if any) is above this job summary.



PS:

Read file <./mb.4096.err> for stderr output of this job.

