Caught DGFException on creation of SGrid, trying default DGF method!

Created parallel ALUGrid<3,3,cube,nonconforming> from macro grid file ''. 

globalRefine: 1
elements = 7295226 (10431,18163,1.74125)   maxLevel = 4   step = 12   time = 0.108   dt = 0.009
elements = 7182295 (10378,17958,1.73039)   maxLevel = 4   step = 23   time = 0.207   dt = 0.009
elements = 7160245 (10525,17698,1.68152)   maxLevel = 4   step = 34   time = 0.306   dt = 0.009
elements = 7337226 (10475,18284,1.74549)   maxLevel = 4   step = 45   time = 0.405   dt = 0.009
elements = 7085443 (9932,17704,1.78252)   maxLevel = 4   step = 56   time = 0.504   dt = 0.009
elements = 7327356 (10461,18192,1.73903)   maxLevel = 4   step = 67   time = 0.603   dt = 0.009
elements = 7211954 (10384,17598,1.69472)   maxLevel = 4   step = 78   time = 0.702   dt = 0.009
elements = 7115382 (10049,17624,1.75381)   maxLevel = 4   step = 89   time = 0.801   dt = 0.009
elements = 7275521 (10399,18055,1.73622)   maxLevel = 4   step = 100   time = 0.9   dt = 0.009
elements = 7011817 (9645,17684,1.83349)   maxLevel = 4   step = 112   time = 1.008   dt = 0.009
U2 max: 11.35  min: 6.03
U3 max: 0.03  min: 0
U4 max: 1  min: 0.49
U5 max: 3.27  min: 2.07
U6 max: 0.01  min: 0
U7 max: 10.4  min: 5.25
U8 max: 12.57  min: 7.24
Program finished: CPU time = 41.2457 sec.
Job  /ncar/opt/lsf/8.3/linux2.6-glibc2.3-x86_64/bin/poejob ./main_ball 3 1 4 none

TID   HOST_NAME   COMMAND_LINE            STATUS            TERMINATION_TIME
===== ========== ================  =======================  ===================
00496 ys4344-ib  ./main_ball 3 1   Done                     05/15/2013 15:33:06
00497 ys4344-ib   ./main_ball 3 1  Done                     05/15/2013 15:33:06
00504 ys4344-ib   ./main_ball 3 1  Done                     05/15/2013 15:33:06
00505 ys4344-ib   ./main_ball 3 1  Done                     05/15/2013 15:33:06
00506 ys4344-ib   ./main_ball 3 1  Done                     05/15/2013 15:33:06
00507 ys4344-ib   ./main_ball 3 1  Done                     05/15/2013 15:33:06
00508 ys4344-ib   ./main_ball 3 1  Done                     05/15/2013 15:33:06
00498 ys4344-ib   ./main_ball 3 1  Done                     05/15/2013 15:33:06
00510 ys4344-ib   ./main_ball 3 1  Done                     05/15/2013 15:33:06
00509 ys4344-ib   ./main_ball 3 1  Done                     05/15/2013 15:33:06
00499 ys4344-ib   ./main_ball 3 1  Done                     05/15/2013 15:33:06
00511 ys4344-ib   ./main_ball 3 1  Done                     05/15/2013 15:33:06
00500 ys4344-ib   ./main_ball 3 1  Done                     05/15/2013 15:33:06
00501 ys4344-ib   ./main_ball 3 1  Done                     05/15/2013 15:33:06
00502 ys4344-ib   ./main_ball 3 1  Done                     05/15/2013 15:33:06
00503 ys4344-ib   ./main_ball 3 1  Done                     05/15/2013 15:33:06
00480 ys4343-ib  ./main_ball 3 1   Done                     05/15/2013 15:33:06
00494 ys4343-ib   ./main_ball 3 1  Done                     05/15/2013 15:33:06
00495 ys4343-ib   ./main_ball 3 1  Done                     05/15/2013 15:33:06
00481 ys4343-ib   ./main_ball 3 1  Done                     05/15/2013 15:33:06
00482 ys4343-ib   ./main_ball 3 1  Done                     05/15/2013 15:33:06
00483 ys4343-ib   ./main_ball 3 1  Done                     05/15/2013 15:33:06
00484 ys4343-ib   ./main_ball 3 1  Done                     05/15/2013 15:33:06
00485 ys4343-ib   ./main_ball 3 1  Done                     05/15/2013 15:33:06
00486 ys4343-ib   ./main_ball 3 1  Done                     05/15/2013 15:33:06
00487 ys4343-ib   ./main_ball 3 1  Done                     05/15/2013 15:33:06
00488 ys4343-ib   ./main_ball 3 1  Done                     05/15/2013 15:33:06
00490 ys4343-ib   ./main_ball 3 1  Done                     05/15/2013 15:33:06
00489 ys4343-ib   ./main_ball 3 1  Done                     05/15/2013 15:33:06
00491 ys4343-ib   ./main_ball 3 1  Done                     05/15/2013 15:33:06
00492 ys4343-ib   ./main_ball 3 1  Done                     05/15/2013 15:33:06
00493 ys4343-ib   ./main_ball 3 1  Done                     05/15/2013 15:33:06
00464 ys4341-ib  ./main_ball 3 1   Done                     05/15/2013 15:33:06
00475 ys4341-ib   ./main_ball 3 1  Done                     05/15/2013 15:33:06
00476 ys4341-ib   ./main_ball 3 1  Done                     05/15/2013 15:33:06
00477 ys4341-ib   ./main_ball 3 1  Done                     05/15/2013 15:33:06
00478 ys4341-ib   ./main_ball 3 1  Done                     05/15/2013 15:33:06
00479 ys4341-ib   ./main_ball 3 1  Done                     05/15/2013 15:33:06
00465 ys4341-ib   ./main_ball 3 1  Done                     05/15/2013 15:33:06
00466 ys4341-ib   ./main_ball 3 1  Done                     05/15/2013 15:33:06
00467 ys4341-ib   ./main_ball 3 1  Done                     05/15/2013 15:33:06
00468 ys4341-ib   ./main_ball 3 1  Done                     05/15/2013 15:33:06
00470 ys4341-ib   ./main_ball 3 1  Done                     05/15/2013 15:33:06
00469 ys4341-ib   ./main_ball 3 1  Done                     05/15/2013 15:33:06
00471 ys4341-ib   ./main_ball 3 1  Done                     05/15/2013 15:33:06
00472 ys4341-ib   ./main_ball 3 1  Done                     05/15/2013 15:33:06
00473 ys4341-ib   ./main_ball 3 1  Done                     05/15/2013 15:33:06
00474 ys4341-ib   ./main_ball 3 1  Done                     05/15/2013 15:33:06
00448 ys4340-ib  ./main_ball 3 1   Done                     05/15/2013 15:33:06
00450 ys4340-ib   ./main_ball 3 1  Done                     05/15/2013 15:33:06
00451 ys4340-ib   ./main_ball 3 1  Done                     05/15/2013 15:33:06
00455 ys4340-ib   ./main_ball 3 1  Done                     05/15/2013 15:33:06
00456 ys4340-ib   ./main_ball 3 1  Done                     05/15/2013 15:33:06
00457 ys4340-ib   ./main_ball 3 1  Done                     05/15/2013 15:33:06
00458 ys4340-ib   ./main_ball 3 1  Done                     05/15/2013 15:33:06
00460 ys4340-ib   ./main_ball 3 1  Done                     05/15/2013 15:33:06
00459 ys4340-ib   ./main_ball 3 1  Done                     05/15/2013 15:33:06
00461 ys4340-ib   ./main_ball 3 1  Done                     05/15/2013 15:33:06
00462 ys4340-ib   ./main_ball 3 1  Done                     05/15/2013 15:33:06
00463 ys4340-ib   ./main_ball 3 1  Done                     05/15/2013 15:33:06
00449 ys4340-ib   ./main_ball 3 1  Done                     05/15/2013 15:33:06
00452 ys4340-ib   ./main_ball 3 1  Done                     05/15/2013 15:33:06
00453 ys4340-ib   ./main_ball 3 1  Done                     05/15/2013 15:33:06
00454 ys4340-ib   ./main_ball 3 1  Done                     05/15/2013 15:33:06
00432 ys4336-ib  ./main_ball 3 1   Done                     05/15/2013 15:33:06
00437 ys4336-ib   ./main_ball 3 1  Done                     05/15/2013 15:33:06
00438 ys4336-ib   ./main_ball 3 1  Done                     05/15/2013 15:33:06
00440 ys4336-ib   ./main_ball 3 1  Done                     05/15/2013 15:33:06
00439 ys4336-ib   ./main_ball 3 1  Done                     05/15/2013 15:33:06
00441 ys4336-ib   ./main_ball 3 1  Done                     05/15/2013 15:33:06
00442 ys4336-ib   ./main_ball 3 1  Done                     05/15/2013 15:33:06
00443 ys4336-ib   ./main_ball 3 1  Done                     05/15/2013 15:33:06
00444 ys4336-ib   ./main_ball 3 1  Done                     05/15/2013 15:33:06
00445 ys4336-ib   ./main_ball 3 1  Done                     05/15/2013 15:33:06
00446 ys4336-ib   ./main_ball 3 1  Done                     05/15/2013 15:33:06
00447 ys4336-ib   ./main_ball 3 1  Done                     05/15/2013 15:33:06
00433 ys4336-ib   ./main_ball 3 1  Done                     05/15/2013 15:33:06
00434 ys4336-ib   ./main_ball 3 1  Done                     05/15/2013 15:33:06
00435 ys4336-ib   ./main_ball 3 1  Done                     05/15/2013 15:33:06
00436 ys4336-ib   ./main_ball 3 1  Done                     05/15/2013 15:33:06
00416 ys4323-ib  ./main_ball 3 1   Done                     05/15/2013 15:33:06
00417 ys4323-ib   ./main_ball 3 1  Done                     05/15/2013 15:33:06
00418 ys4323-ib   ./main_ball 3 1  Done                     05/15/2013 15:33:06
00420 ys4323-ib   ./main_ball 3 1  Done                     05/15/2013 15:33:06
00419 ys4323-ib   ./main_ball 3 1  Done                     05/15/2013 15:33:06
00421 ys4323-ib   ./main_ball 3 1  Done                     05/15/2013 15:33:06
00422 ys4323-ib   ./main_ball 3 1  Done                     05/15/2013 15:33:06
00423 ys4323-ib   ./main_ball 3 1  Done                     05/15/2013 15:33:06
00424 ys4323-ib   ./main_ball 3 1  Done                     05/15/2013 15:33:06
00425 ys4323-ib   ./main_ball 3 1  Done                     05/15/2013 15:33:06
00426 ys4323-ib   ./main_ball 3 1  Done                     05/15/2013 15:33:06
00427 ys4323-ib   ./main_ball 3 1  Done                     05/15/2013 15:33:06
00428 ys4323-ib   ./main_ball 3 1  Done                     05/15/2013 15:33:06
00430 ys4323-ib   ./main_ball 3 1  Done                     05/15/2013 15:33:06
00429 ys4323-ib   ./main_ball 3 1  Done                     05/15/2013 15:33:06
00431 ys4323-ib   ./main_ball 3 1  Done                     05/15/2013 15:33:06
00400 ys4317-ib  ./main_ball 3 1   Done                     05/15/2013 15:33:06
00401 ys4317-ib   ./main_ball 3 1  Done                     05/15/2013 15:33:06
00402 ys4317-ib   ./main_ball 3 1  Done                     05/15/2013 15:33:06
00403 ys4317-ib   ./main_ball 3 1  Done                     05/15/2013 15:33:06
00404 ys4317-ib   ./main_ball 3 1  Done                     05/15/2013 15:33:06
00405 ys4317-ib   ./main_ball 3 1  Done                     05/15/2013 15:33:06
00406 ys4317-ib   ./main_ball 3 1  Done                     05/15/2013 15:33:06
00407 ys4317-ib   ./main_ball 3 1  Done                     05/15/2013 15:33:06
00408 ys4317-ib   ./main_ball 3 1  Done                     05/15/2013 15:33:06
00410 ys4317-ib   ./main_ball 3 1  Done                     05/15/2013 15:33:06
00409 ys4317-ib   ./main_ball 3 1  Done                     05/15/2013 15:33:06
00411 ys4317-ib   ./main_ball 3 1  Done                     05/15/2013 15:33:06
00412 ys4317-ib   ./main_ball 3 1  Done                     05/15/2013 15:33:06
00413 ys4317-ib   ./main_ball 3 1  Done                     05/15/2013 15:33:06
00414 ys4317-ib   ./main_ball 3 1  Done                     05/15/2013 15:33:06
00415 ys4317-ib   ./main_ball 3 1  Done                     05/15/2013 15:33:06
00384 ys4314-ib  ./main_ball 3 1   Done                     05/15/2013 15:33:06
00390 ys4314-ib   ./main_ball 3 1  Done                     05/15/2013 15:33:06
00389 ys4314-ib   ./main_ball 3 1  Done                     05/15/2013 15:33:06
00391 ys4314-ib   ./main_ball 3 1  Done                     05/15/2013 15:33:06
00392 ys4314-ib   ./main_ball 3 1  Done                     05/15/2013 15:33:06
00393 ys4314-ib   ./main_ball 3 1  Done                     05/15/2013 15:33:06
00394 ys4314-ib   ./main_ball 3 1  Done                     05/15/2013 15:33:06
00395 ys4314-ib   ./main_ball 3 1  Done                     05/15/2013 15:33:06
00396 ys4314-ib   ./main_ball 3 1  Done                     05/15/2013 15:33:06
00397 ys4314-ib   ./main_ball 3 1  Done                     05/15/2013 15:33:06
00398 ys4314-ib   ./main_ball 3 1  Done                     05/15/2013 15:33:06
00399 ys4314-ib   ./main_ball 3 1  Done                     05/15/2013 15:33:06
00385 ys4314-ib   ./main_ball 3 1  Done                     05/15/2013 15:33:06
00386 ys4314-ib   ./main_ball 3 1  Done                     05/15/2013 15:33:06
00387 ys4314-ib   ./main_ball 3 1  Done                     05/15/2013 15:33:06
00388 ys4314-ib   ./main_ball 3 1  Done                     05/15/2013 15:33:06
00368 ys4310-ib  ./main_ball 3 1   Done                     05/15/2013 15:33:06
00371 ys4310-ib   ./main_ball 3 1  Done                     05/15/2013 15:33:06
00372 ys4310-ib   ./main_ball 3 1  Done                     05/15/2013 15:33:06
00373 ys4310-ib   ./main_ball 3 1  Done                     05/15/2013 15:33:06
00374 ys4310-ib   ./main_ball 3 1  Done                     05/15/2013 15:33:06
00375 ys4310-ib   ./main_ball 3 1  Done                     05/15/2013 15:33:06
00376 ys4310-ib   ./main_ball 3 1  Done                     05/15/2013 15:33:06
00377 ys4310-ib   ./main_ball 3 1  Done                     05/15/2013 15:33:06
00378 ys4310-ib   ./main_ball 3 1  Done                     05/15/2013 15:33:06
00380 ys4310-ib   ./main_ball 3 1  Done                     05/15/2013 15:33:06
00379 ys4310-ib   ./main_ball 3 1  Done                     05/15/2013 15:33:06
00381 ys4310-ib   ./main_ball 3 1  Done                     05/15/2013 15:33:06
00382 ys4310-ib   ./main_ball 3 1  Done                     05/15/2013 15:33:06
00383 ys4310-ib   ./main_ball 3 1  Done                     05/15/2013 15:33:06
00370 ys4310-ib   ./main_ball 3 1  Done                     05/15/2013 15:33:06
00369 ys4310-ib   ./main_ball 3 1  Done                     05/15/2013 15:33:06
00352 ys4309-ib  ./main_ball 3 1   Done                     05/15/2013 15:33:06
00354 ys4309-ib   ./main_ball 3 1  Done                     05/15/2013 15:33:06
00355 ys4309-ib   ./main_ball 3 1  Done                     05/15/2013 15:33:06
00356 ys4309-ib   ./main_ball 3 1  Done                     05/15/2013 15:33:06
00353 ys4309-ib   ./main_ball 3 1  Done                     05/15/2013 15:33:06
00357 ys4309-ib   ./main_ball 3 1  Done                     05/15/2013 15:33:06
00358 ys4309-ib   ./main_ball 3 1  Done                     05/15/2013 15:33:06
00360 ys4309-ib   ./main_ball 3 1  Done                     05/15/2013 15:33:06
00359 ys4309-ib   ./main_ball 3 1  Done                     05/15/2013 15:33:06
00361 ys4309-ib   ./main_ball 3 1  Done                     05/15/2013 15:33:06
00362 ys4309-ib   ./main_ball 3 1  Done                     05/15/2013 15:33:06
00363 ys4309-ib   ./main_ball 3 1  Done                     05/15/2013 15:33:06
00364 ys4309-ib   ./main_ball 3 1  Done                     05/15/2013 15:33:06
00365 ys4309-ib   ./main_ball 3 1  Done                     05/15/2013 15:33:06
00366 ys4309-ib   ./main_ball 3 1  Done                     05/15/2013 15:33:06
00367 ys4309-ib   ./main_ball 3 1  Done                     05/15/2013 15:33:06
00336 ys4308-ib  ./main_ball 3 1   Done                     05/15/2013 15:33:06
00337 ys4308-ib   ./main_ball 3 1  Done                     05/15/2013 15:33:06
00338 ys4308-ib   ./main_ball 3 1  Done                     05/15/2013 15:33:06
00340 ys4308-ib   ./main_ball 3 1  Done                     05/15/2013 15:33:06
00341 ys4308-ib   ./main_ball 3 1  Done                     05/15/2013 15:33:06
00342 ys4308-ib   ./main_ball 3 1  Done                     05/15/2013 15:33:06
00345 ys4308-ib   ./main_ball 3 1  Done                     05/15/2013 15:33:06
00348 ys4308-ib   ./main_ball 3 1  Done                     05/15/2013 15:33:06
00351 ys4308-ib   ./main_ball 3 1  Done                     05/15/2013 15:33:06
00339 ys4308-ib   ./main_ball 3 1  Done                     05/15/2013 15:33:06
00343 ys4308-ib   ./main_ball 3 1  Done                     05/15/2013 15:33:06
00344 ys4308-ib   ./main_ball 3 1  Done                     05/15/2013 15:33:06
00346 ys4308-ib   ./main_ball 3 1  Done                     05/15/2013 15:33:06
00347 ys4308-ib   ./main_ball 3 1  Done                     05/15/2013 15:33:06
00350 ys4308-ib   ./main_ball 3 1  Done                     05/15/2013 15:33:06
00349 ys4308-ib   ./main_ball 3 1  Done                     05/15/2013 15:33:06
00320 ys4307-ib  ./main_ball 3 1   Done                     05/15/2013 15:33:06
00322 ys4307-ib   ./main_ball 3 1  Done                     05/15/2013 15:33:06
00326 ys4307-ib   ./main_ball 3 1  Done                     05/15/2013 15:33:06
00333 ys4307-ib   ./main_ball 3 1  Done                     05/15/2013 15:33:06
00334 ys4307-ib   ./main_ball 3 1  Done                     05/15/2013 15:33:06
00335 ys4307-ib   ./main_ball 3 1  Done                     05/15/2013 15:33:06
00321 ys4307-ib   ./main_ball 3 1  Done                     05/15/2013 15:33:06
00323 ys4307-ib   ./main_ball 3 1  Done                     05/15/2013 15:33:06
00324 ys4307-ib   ./main_ball 3 1  Done                     05/15/2013 15:33:06
00325 ys4307-ib   ./main_ball 3 1  Done                     05/15/2013 15:33:06
00327 ys4307-ib   ./main_ball 3 1  Done                     05/15/2013 15:33:06
00328 ys4307-ib   ./main_ball 3 1  Done                     05/15/2013 15:33:06
00330 ys4307-ib   ./main_ball 3 1  Done                     05/15/2013 15:33:06
00329 ys4307-ib   ./main_ball 3 1  Done                     05/15/2013 15:33:06
00331 ys4307-ib   ./main_ball 3 1  Done                     05/15/2013 15:33:06
00332 ys4307-ib   ./main_ball 3 1  Done                     05/15/2013 15:33:06
00304 ys4306-ib  ./main_ball 3 1   Done                     05/15/2013 15:33:06
00314 ys4306-ib   ./main_ball 3 1  Done                     05/15/2013 15:33:06
00315 ys4306-ib   ./main_ball 3 1  Done                     05/15/2013 15:33:06
00316 ys4306-ib   ./main_ball 3 1  Done                     05/15/2013 15:33:06
00317 ys4306-ib   ./main_ball 3 1  Done                     05/15/2013 15:33:06
00318 ys4306-ib   ./main_ball 3 1  Done                     05/15/2013 15:33:06
00319 ys4306-ib   ./main_ball 3 1  Done                     05/15/2013 15:33:06
00305 ys4306-ib   ./main_ball 3 1  Done                     05/15/2013 15:33:06
00306 ys4306-ib   ./main_ball 3 1  Done                     05/15/2013 15:33:06
00307 ys4306-ib   ./main_ball 3 1  Done                     05/15/2013 15:33:06
00308 ys4306-ib   ./main_ball 3 1  Done                     05/15/2013 15:33:06
00310 ys4306-ib   ./main_ball 3 1  Done                     05/15/2013 15:33:06
00309 ys4306-ib   ./main_ball 3 1  Done                     05/15/2013 15:33:06
00311 ys4306-ib   ./main_ball 3 1  Done                     05/15/2013 15:33:06
00312 ys4306-ib   ./main_ball 3 1  Done                     05/15/2013 15:33:06
00313 ys4306-ib   ./main_ball 3 1  Done                     05/15/2013 15:33:06
00288 ys4304-ib  ./main_ball 3 1   Done                     05/15/2013 15:33:06
00300 ys4304-ib   ./main_ball 3 1  Done                     05/15/2013 15:33:06
00290 ys4304-ib   ./main_ball 3 1  Done                     05/15/2013 15:33:06
00289 ys4304-ib   ./main_ball 3 1  Done                     05/15/2013 15:33:06
00301 ys4304-ib   ./main_ball 3 1  Done                     05/15/2013 15:33:06
00291 ys4304-ib   ./main_ball 3 1  Done                     05/15/2013 15:33:06
00302 ys4304-ib   ./main_ball 3 1  Done                     05/15/2013 15:33:06
00292 ys4304-ib   ./main_ball 3 1  Done                     05/15/2013 15:33:06
00303 ys4304-ib   ./main_ball 3 1  Done                     05/15/2013 15:33:06
00293 ys4304-ib   ./main_ball 3 1  Done                     05/15/2013 15:33:06
00294 ys4304-ib   ./main_ball 3 1  Done                     05/15/2013 15:33:06
00295 ys4304-ib   ./main_ball 3 1  Done                     05/15/2013 15:33:06
00296 ys4304-ib   ./main_ball 3 1  Done                     05/15/2013 15:33:06
00297 ys4304-ib   ./main_ball 3 1  Done                     05/15/2013 15:33:06
00298 ys4304-ib   ./main_ball 3 1  Done                     05/15/2013 15:33:06
00299 ys4304-ib   ./main_ball 3 1  Done                     05/15/2013 15:33:06
00272 ys4303-ib  ./main_ball 3 1   Done                     05/15/2013 15:33:06
00274 ys4303-ib   ./main_ball 3 1  Done                     05/15/2013 15:33:06
00285 ys4303-ib   ./main_ball 3 1  Done                     05/15/2013 15:33:06
00286 ys4303-ib   ./main_ball 3 1  Done                     05/15/2013 15:33:06
00287 ys4303-ib   ./main_ball 3 1  Done                     05/15/2013 15:33:06
00273 ys4303-ib   ./main_ball 3 1  Done                     05/15/2013 15:33:06
00275 ys4303-ib   ./main_ball 3 1  Done                     05/15/2013 15:33:06
00276 ys4303-ib   ./main_ball 3 1  Done                     05/15/2013 15:33:06
00277 ys4303-ib   ./main_ball 3 1  Done                     05/15/2013 15:33:06
00278 ys4303-ib   ./main_ball 3 1  Done                     05/15/2013 15:33:06
00280 ys4303-ib   ./main_ball 3 1  Done                     05/15/2013 15:33:06
00279 ys4303-ib   ./main_ball 3 1  Done                     05/15/2013 15:33:06
00281 ys4303-ib   ./main_ball 3 1  Done                     05/15/2013 15:33:06
00282 ys4303-ib   ./main_ball 3 1  Done                     05/15/2013 15:33:06
00283 ys4303-ib   ./main_ball 3 1  Done                     05/15/2013 15:33:06
00284 ys4303-ib   ./main_ball 3 1  Done                     05/15/2013 15:33:06
00256 ys4302-ib  ./main_ball 3 1   Done                     05/15/2013 15:33:06
00266 ys4302-ib   ./main_ball 3 1  Done                     05/15/2013 15:33:06
00267 ys4302-ib   ./main_ball 3 1  Done                     05/15/2013 15:33:06
00268 ys4302-ib   ./main_ball 3 1  Done                     05/15/2013 15:33:06
00270 ys4302-ib   ./main_ball 3 1  Done                     05/15/2013 15:33:06
00269 ys4302-ib   ./main_ball 3 1  Done                     05/15/2013 15:33:06
00271 ys4302-ib   ./main_ball 3 1  Done                     05/15/2013 15:33:06
00257 ys4302-ib   ./main_ball 3 1  Done                     05/15/2013 15:33:06
00258 ys4302-ib   ./main_ball 3 1  Done                     05/15/2013 15:33:06
00260 ys4302-ib   ./main_ball 3 1  Done                     05/15/2013 15:33:06
00259 ys4302-ib   ./main_ball 3 1  Done                     05/15/2013 15:33:06
00261 ys4302-ib   ./main_ball 3 1  Done                     05/15/2013 15:33:06
00262 ys4302-ib   ./main_ball 3 1  Done                     05/15/2013 15:33:06
00263 ys4302-ib   ./main_ball 3 1  Done                     05/15/2013 15:33:06
00264 ys4302-ib   ./main_ball 3 1  Done                     05/15/2013 15:33:06
00265 ys4302-ib   ./main_ball 3 1  Done                     05/15/2013 15:33:06
00240 ys4301-ib  ./main_ball 3 1   Done                     05/15/2013 15:33:06
00247 ys4301-ib   ./main_ball 3 1  Done                     05/15/2013 15:33:06
00248 ys4301-ib   ./main_ball 3 1  Done                     05/15/2013 15:33:06
00250 ys4301-ib   ./main_ball 3 1  Done                     05/15/2013 15:33:06
00249 ys4301-ib   ./main_ball 3 1  Done                     05/15/2013 15:33:06
00251 ys4301-ib   ./main_ball 3 1  Done                     05/15/2013 15:33:06
00252 ys4301-ib   ./main_ball 3 1  Done                     05/15/2013 15:33:06
00253 ys4301-ib   ./main_ball 3 1  Done                     05/15/2013 15:33:06
00254 ys4301-ib   ./main_ball 3 1  Done                     05/15/2013 15:33:06
00255 ys4301-ib   ./main_ball 3 1  Done                     05/15/2013 15:33:06
00241 ys4301-ib   ./main_ball 3 1  Done                     05/15/2013 15:33:06
00242 ys4301-ib   ./main_ball 3 1  Done                     05/15/2013 15:33:06
00243 ys4301-ib   ./main_ball 3 1  Done                     05/15/2013 15:33:06
00244 ys4301-ib   ./main_ball 3 1  Done                     05/15/2013 15:33:06
00245 ys4301-ib   ./main_ball 3 1  Done                     05/15/2013 15:33:06
00246 ys4301-ib   ./main_ball 3 1  Done                     05/15/2013 15:33:06
00224 ys4271-ib  ./main_ball 3 1   Done                     05/15/2013 15:33:06
00225 ys4271-ib   ./main_ball 3 1  Done                     05/15/2013 15:33:06
00226 ys4271-ib   ./main_ball 3 1  Done                     05/15/2013 15:33:06
00228 ys4271-ib   ./main_ball 3 1  Done                     05/15/2013 15:33:06
00230 ys4271-ib   ./main_ball 3 1  Done                     05/15/2013 15:33:06
00229 ys4271-ib   ./main_ball 3 1  Done                     05/15/2013 15:33:06
00231 ys4271-ib   ./main_ball 3 1  Done                     05/15/2013 15:33:06
00232 ys4271-ib   ./main_ball 3 1  Done                     05/15/2013 15:33:06
00233 ys4271-ib   ./main_ball 3 1  Done                     05/15/2013 15:33:06
00234 ys4271-ib   ./main_ball 3 1  Done                     05/15/2013 15:33:06
00235 ys4271-ib   ./main_ball 3 1  Done                     05/15/2013 15:33:06
00236 ys4271-ib   ./main_ball 3 1  Done                     05/15/2013 15:33:06
00237 ys4271-ib   ./main_ball 3 1  Done                     05/15/2013 15:33:06
00238 ys4271-ib   ./main_ball 3 1  Done                     05/15/2013 15:33:06
00239 ys4271-ib   ./main_ball 3 1  Done                     05/15/2013 15:33:06
00227 ys4271-ib   ./main_ball 3 1  Done                     05/15/2013 15:33:06
00208 ys4269-ib  ./main_ball 3 1   Done                     05/15/2013 15:33:06
00210 ys4269-ib   ./main_ball 3 1  Done                     05/15/2013 15:33:06
00209 ys4269-ib   ./main_ball 3 1  Done                     05/15/2013 15:33:06
00211 ys4269-ib   ./main_ball 3 1  Done                     05/15/2013 15:33:06
00212 ys4269-ib   ./main_ball 3 1  Done                     05/15/2013 15:33:06
00213 ys4269-ib   ./main_ball 3 1  Done                     05/15/2013 15:33:06
00214 ys4269-ib   ./main_ball 3 1  Done                     05/15/2013 15:33:06
00215 ys4269-ib   ./main_ball 3 1  Done                     05/15/2013 15:33:06
00216 ys4269-ib   ./main_ball 3 1  Done                     05/15/2013 15:33:06
00219 ys4269-ib   ./main_ball 3 1  Done                     05/15/2013 15:33:06
00221 ys4269-ib   ./main_ball 3 1  Done                     05/15/2013 15:33:06
00217 ys4269-ib   ./main_ball 3 1  Done                     05/15/2013 15:33:06
00218 ys4269-ib   ./main_ball 3 1  Done                     05/15/2013 15:33:06
00220 ys4269-ib   ./main_ball 3 1  Done                     05/15/2013 15:33:06
00222 ys4269-ib   ./main_ball 3 1  Done                     05/15/2013 15:33:06
00223 ys4269-ib   ./main_ball 3 1  Done                     05/15/2013 15:33:06
00192 ys4267-ib  ./main_ball 3 1   Done                     05/15/2013 15:33:06
00193 ys4267-ib   ./main_ball 3 1  Done                     05/15/2013 15:33:06
00194 ys4267-ib   ./main_ball 3 1  Done                     05/15/2013 15:33:06
00196 ys4267-ib   ./main_ball 3 1  Done                     05/15/2013 15:33:06
00199 ys4267-ib   ./main_ball 3 1  Done                     05/15/2013 15:33:06
00200 ys4267-ib   ./main_ball 3 1  Done                     05/15/2013 15:33:06
00201 ys4267-ib   ./main_ball 3 1  Done                     05/15/2013 15:33:06
00202 ys4267-ib   ./main_ball 3 1  Done                     05/15/2013 15:33:06
00203 ys4267-ib   ./main_ball 3 1  Done                     05/15/2013 15:33:06
00204 ys4267-ib   ./main_ball 3 1  Done                     05/15/2013 15:33:06
00205 ys4267-ib   ./main_ball 3 1  Done                     05/15/2013 15:33:06
00195 ys4267-ib   ./main_ball 3 1  Done                     05/15/2013 15:33:06
00206 ys4267-ib   ./main_ball 3 1  Done                     05/15/2013 15:33:06
00207 ys4267-ib   ./main_ball 3 1  Done                     05/15/2013 15:33:06
00197 ys4267-ib   ./main_ball 3 1  Done                     05/15/2013 15:33:06
00198 ys4267-ib   ./main_ball 3 1  Done                     05/15/2013 15:33:06
00176 ys4266-ib  ./main_ball 3 1   Done                     05/15/2013 15:33:06
00181 ys4266-ib   ./main_ball 3 1  Done                     05/15/2013 15:33:06
00185 ys4266-ib   ./main_ball 3 1  Done                     05/15/2013 15:33:06
00190 ys4266-ib   ./main_ball 3 1  Done                     05/15/2013 15:33:06
00191 ys4266-ib   ./main_ball 3 1  Done                     05/15/2013 15:33:06
00178 ys4266-ib   ./main_ball 3 1  Done                     05/15/2013 15:33:06
00180 ys4266-ib   ./main_ball 3 1  Done                     05/15/2013 15:33:06
00182 ys4266-ib   ./main_ball 3 1  Done                     05/15/2013 15:33:06
00183 ys4266-ib   ./main_ball 3 1  Done                     05/15/2013 15:33:06
00184 ys4266-ib   ./main_ball 3 1  Done                     05/15/2013 15:33:06
00186 ys4266-ib   ./main_ball 3 1  Done                     05/15/2013 15:33:06
00187 ys4266-ib   ./main_ball 3 1  Done                     05/15/2013 15:33:06
00188 ys4266-ib   ./main_ball 3 1  Done                     05/15/2013 15:33:06
00189 ys4266-ib   ./main_ball 3 1  Done                     05/15/2013 15:33:06
00177 ys4266-ib   ./main_ball 3 1  Done                     05/15/2013 15:33:06
00179 ys4266-ib   ./main_ball 3 1  Done                     05/15/2013 15:33:06
00160 ys4265-ib  ./main_ball 3 1   Done                     05/15/2013 15:33:06
00162 ys4265-ib   ./main_ball 3 1  Done                     05/15/2013 15:33:06
00163 ys4265-ib   ./main_ball 3 1  Done                     05/15/2013 15:33:06
00164 ys4265-ib   ./main_ball 3 1  Done                     05/15/2013 15:33:06
00165 ys4265-ib   ./main_ball 3 1  Done                     05/15/2013 15:33:06
00166 ys4265-ib   ./main_ball 3 1  Done                     05/15/2013 15:33:06
00167 ys4265-ib   ./main_ball 3 1  Done                     05/15/2013 15:33:06
00168 ys4265-ib   ./main_ball 3 1  Done                     05/15/2013 15:33:06
00170 ys4265-ib   ./main_ball 3 1  Done                     05/15/2013 15:33:06
00169 ys4265-ib   ./main_ball 3 1  Done                     05/15/2013 15:33:06
00171 ys4265-ib   ./main_ball 3 1  Done                     05/15/2013 15:33:06
00172 ys4265-ib   ./main_ball 3 1  Done                     05/15/2013 15:33:06
00173 ys4265-ib   ./main_ball 3 1  Done                     05/15/2013 15:33:06
00174 ys4265-ib   ./main_ball 3 1  Done                     05/15/2013 15:33:06
00175 ys4265-ib   ./main_ball 3 1  Done                     05/15/2013 15:33:06
00161 ys4265-ib   ./main_ball 3 1  Done                     05/15/2013 15:33:06
00144 ys4264-ib  ./main_ball 3 1   Done                     05/15/2013 15:33:06
00145 ys4264-ib   ./main_ball 3 1  Done                     05/15/2013 15:33:06
00146 ys4264-ib   ./main_ball 3 1  Done                     05/15/2013 15:33:06
00147 ys4264-ib   ./main_ball 3 1  Done                     05/15/2013 15:33:06
00148 ys4264-ib   ./main_ball 3 1  Done                     05/15/2013 15:33:06
00150 ys4264-ib   ./main_ball 3 1  Done                     05/15/2013 15:33:06
00149 ys4264-ib   ./main_ball 3 1  Done                     05/15/2013 15:33:06
00151 ys4264-ib   ./main_ball 3 1  Done                     05/15/2013 15:33:06
00152 ys4264-ib   ./main_ball 3 1  Done                     05/15/2013 15:33:06
00153 ys4264-ib   ./main_ball 3 1  Done                     05/15/2013 15:33:06
00154 ys4264-ib   ./main_ball 3 1  Done                     05/15/2013 15:33:06
00155 ys4264-ib   ./main_ball 3 1  Done                     05/15/2013 15:33:06
00156 ys4264-ib   ./main_ball 3 1  Done                     05/15/2013 15:33:06
00157 ys4264-ib   ./main_ball 3 1  Done                     05/15/2013 15:33:06
00158 ys4264-ib   ./main_ball 3 1  Done                     05/15/2013 15:33:06
00159 ys4264-ib   ./main_ball 3 1  Done                     05/15/2013 15:33:06
00128 ys4263-ib  ./main_ball 3 1   Done                     05/15/2013 15:33:06
00143 ys4263-ib   ./main_ball 3 1  Done                     05/15/2013 15:33:06
00130 ys4263-ib   ./main_ball 3 1  Done                     05/15/2013 15:33:06
00129 ys4263-ib   ./main_ball 3 1  Done                     05/15/2013 15:33:06
00131 ys4263-ib   ./main_ball 3 1  Done                     05/15/2013 15:33:06
00132 ys4263-ib   ./main_ball 3 1  Done                     05/15/2013 15:33:06
00133 ys4263-ib   ./main_ball 3 1  Done                     05/15/2013 15:33:06
00134 ys4263-ib   ./main_ball 3 1  Done                     05/15/2013 15:33:06
00135 ys4263-ib   ./main_ball 3 1  Done                     05/15/2013 15:33:06
00136 ys4263-ib   ./main_ball 3 1  Done                     05/15/2013 15:33:06
00137 ys4263-ib   ./main_ball 3 1  Done                     05/15/2013 15:33:06
00138 ys4263-ib   ./main_ball 3 1  Done                     05/15/2013 15:33:06
00140 ys4263-ib   ./main_ball 3 1  Done                     05/15/2013 15:33:06
00139 ys4263-ib   ./main_ball 3 1  Done                     05/15/2013 15:33:06
00141 ys4263-ib   ./main_ball 3 1  Done                     05/15/2013 15:33:06
00142 ys4263-ib   ./main_ball 3 1  Done                     05/15/2013 15:33:06
00112 ys4262-ib  ./main_ball 3 1   Done                     05/15/2013 15:33:06
00120 ys4262-ib   ./main_ball 3 1  Done                     05/15/2013 15:33:06
00124 ys4262-ib   ./main_ball 3 1  Done                     05/15/2013 15:33:06
00125 ys4262-ib   ./main_ball 3 1  Done                     05/15/2013 15:33:06
00126 ys4262-ib   ./main_ball 3 1  Done                     05/15/2013 15:33:06
00127 ys4262-ib   ./main_ball 3 1  Done                     05/15/2013 15:33:06
00113 ys4262-ib   ./main_ball 3 1  Done                     05/15/2013 15:33:06
00114 ys4262-ib   ./main_ball 3 1  Done                     05/15/2013 15:33:06
00115 ys4262-ib   ./main_ball 3 1  Done                     05/15/2013 15:33:06
00116 ys4262-ib   ./main_ball 3 1  Done                     05/15/2013 15:33:06
00117 ys4262-ib   ./main_ball 3 1  Done                     05/15/2013 15:33:06
00118 ys4262-ib   ./main_ball 3 1  Done                     05/15/2013 15:33:06
00119 ys4262-ib   ./main_ball 3 1  Done                     05/15/2013 15:33:06
00121 ys4262-ib   ./main_ball 3 1  Done                     05/15/2013 15:33:06
00122 ys4262-ib   ./main_ball 3 1  Done                     05/15/2013 15:33:06
00123 ys4262-ib   ./main_ball 3 1  Done                     05/15/2013 15:33:06
00096 ys4261-ib  ./main_ball 3 1   Done                     05/15/2013 15:33:06
00105 ys4261-ib   ./main_ball 3 1  Done                     05/15/2013 15:33:06
00106 ys4261-ib   ./main_ball 3 1  Done                     05/15/2013 15:33:06
00107 ys4261-ib   ./main_ball 3 1  Done                     05/15/2013 15:33:06
00108 ys4261-ib   ./main_ball 3 1  Done                     05/15/2013 15:33:06
00110 ys4261-ib   ./main_ball 3 1  Done                     05/15/2013 15:33:06
00109 ys4261-ib   ./main_ball 3 1  Done                     05/15/2013 15:33:06
00111 ys4261-ib   ./main_ball 3 1  Done                     05/15/2013 15:33:06
00097 ys4261-ib   ./main_ball 3 1  Done                     05/15/2013 15:33:06
00098 ys4261-ib   ./main_ball 3 1  Done                     05/15/2013 15:33:06
00099 ys4261-ib   ./main_ball 3 1  Done                     05/15/2013 15:33:06
00100 ys4261-ib   ./main_ball 3 1  Done                     05/15/2013 15:33:06
00101 ys4261-ib   ./main_ball 3 1  Done                     05/15/2013 15:33:06
00102 ys4261-ib   ./main_ball 3 1  Done                     05/15/2013 15:33:06
00103 ys4261-ib   ./main_ball 3 1  Done                     05/15/2013 15:33:06
00104 ys4261-ib   ./main_ball 3 1  Done                     05/15/2013 15:33:06
00080 ys4260-ib  ./main_ball 3 1   Done                     05/15/2013 15:33:06
00081 ys4260-ib   ./main_ball 3 1  Done                     05/15/2013 15:33:06
00084 ys4260-ib   ./main_ball 3 1  Done                     05/15/2013 15:33:06
00085 ys4260-ib   ./main_ball 3 1  Done                     05/15/2013 15:33:06
00090 ys4260-ib   ./main_ball 3 1  Done                     05/15/2013 15:33:06
00089 ys4260-ib   ./main_ball 3 1  Done                     05/15/2013 15:33:06
00091 ys4260-ib   ./main_ball 3 1  Done                     05/15/2013 15:33:06
00092 ys4260-ib   ./main_ball 3 1  Done                     05/15/2013 15:33:06
00093 ys4260-ib   ./main_ball 3 1  Done                     05/15/2013 15:33:06
00094 ys4260-ib   ./main_ball 3 1  Done                     05/15/2013 15:33:06
00095 ys4260-ib   ./main_ball 3 1  Done                     05/15/2013 15:33:06
00082 ys4260-ib   ./main_ball 3 1  Done                     05/15/2013 15:33:06
00083 ys4260-ib   ./main_ball 3 1  Done                     05/15/2013 15:33:06
00086 ys4260-ib   ./main_ball 3 1  Done                     05/15/2013 15:33:06
00087 ys4260-ib   ./main_ball 3 1  Done                     05/15/2013 15:33:06
00088 ys4260-ib   ./main_ball 3 1  Done                     05/15/2013 15:33:06
00064 ys4259-ib  ./main_ball 3 1   Done                     05/15/2013 15:33:06
00071 ys4259-ib   ./main_ball 3 1  Done                     05/15/2013 15:33:06
00065 ys4259-ib   ./main_ball 3 1  Done                     05/15/2013 15:33:06
00066 ys4259-ib   ./main_ball 3 1  Done                     05/15/2013 15:33:06
00067 ys4259-ib   ./main_ball 3 1  Done                     05/15/2013 15:33:06
00068 ys4259-ib   ./main_ball 3 1  Done                     05/15/2013 15:33:06
00072 ys4259-ib   ./main_ball 3 1  Done                     05/15/2013 15:33:06
00073 ys4259-ib   ./main_ball 3 1  Done                     05/15/2013 15:33:06
00074 ys4259-ib   ./main_ball 3 1  Done                     05/15/2013 15:33:06
00075 ys4259-ib   ./main_ball 3 1  Done                     05/15/2013 15:33:06
00076 ys4259-ib   ./main_ball 3 1  Done                     05/15/2013 15:33:06
00077 ys4259-ib   ./main_ball 3 1  Done                     05/15/2013 15:33:06
00078 ys4259-ib   ./main_ball 3 1  Done                     05/15/2013 15:33:06
00079 ys4259-ib   ./main_ball 3 1  Done                     05/15/2013 15:33:06
00070 ys4259-ib   ./main_ball 3 1  Done                     05/15/2013 15:33:06
00069 ys4259-ib   ./main_ball 3 1  Done                     05/15/2013 15:33:06
00048 ys4258-ib  ./main_ball 3 1   Done                     05/15/2013 15:33:06
00050 ys4258-ib   ./main_ball 3 1  Done                     05/15/2013 15:33:06
00052 ys4258-ib   ./main_ball 3 1  Done                     05/15/2013 15:33:06
00053 ys4258-ib   ./main_ball 3 1  Done                     05/15/2013 15:33:06
00054 ys4258-ib   ./main_ball 3 1  Done                     05/15/2013 15:33:06
00055 ys4258-ib   ./main_ball 3 1  Done                     05/15/2013 15:33:06
00056 ys4258-ib   ./main_ball 3 1  Done                     05/15/2013 15:33:06
00057 ys4258-ib   ./main_ball 3 1  Done                     05/15/2013 15:33:06
00058 ys4258-ib   ./main_ball 3 1  Done                     05/15/2013 15:33:06
00060 ys4258-ib   ./main_ball 3 1  Done                     05/15/2013 15:33:06
00059 ys4258-ib   ./main_ball 3 1  Done                     05/15/2013 15:33:06
00061 ys4258-ib   ./main_ball 3 1  Done                     05/15/2013 15:33:06
00062 ys4258-ib   ./main_ball 3 1  Done                     05/15/2013 15:33:06
00063 ys4258-ib   ./main_ball 3 1  Done                     05/15/2013 15:33:06
00049 ys4258-ib   ./main_ball 3 1  Done                     05/15/2013 15:33:06
00051 ys4258-ib   ./main_ball 3 1  Done                     05/15/2013 15:33:06
00032 ys4257-ib  ./main_ball 3 1   Done                     05/15/2013 15:33:06
00033 ys4257-ib   ./main_ball 3 1  Done                     05/15/2013 15:33:06
00034 ys4257-ib   ./main_ball 3 1  Done                     05/15/2013 15:33:06
00035 ys4257-ib   ./main_ball 3 1  Done                     05/15/2013 15:33:06
00036 ys4257-ib   ./main_ball 3 1  Done                     05/15/2013 15:33:06
00037 ys4257-ib   ./main_ball 3 1  Done                     05/15/2013 15:33:06
00038 ys4257-ib   ./main_ball 3 1  Done                     05/15/2013 15:33:06
00040 ys4257-ib   ./main_ball 3 1  Done                     05/15/2013 15:33:06
00039 ys4257-ib   ./main_ball 3 1  Done                     05/15/2013 15:33:06
00041 ys4257-ib   ./main_ball 3 1  Done                     05/15/2013 15:33:06
00042 ys4257-ib   ./main_ball 3 1  Done                     05/15/2013 15:33:06
00043 ys4257-ib   ./main_ball 3 1  Done                     05/15/2013 15:33:06
00044 ys4257-ib   ./main_ball 3 1  Done                     05/15/2013 15:33:06
00045 ys4257-ib   ./main_ball 3 1  Done                     05/15/2013 15:33:06
00046 ys4257-ib   ./main_ball 3 1  Done                     05/15/2013 15:33:06
00047 ys4257-ib   ./main_ball 3 1  Done                     05/15/2013 15:33:06
00016 ys4242-ib  ./main_ball 3 1   Done                     05/15/2013 15:33:06
00017 ys4242-ib   ./main_ball 3 1  Done                     05/15/2013 15:33:06
00018 ys4242-ib   ./main_ball 3 1  Done                     05/15/2013 15:33:06
00020 ys4242-ib   ./main_ball 3 1  Done                     05/15/2013 15:33:06
00019 ys4242-ib   ./main_ball 3 1  Done                     05/15/2013 15:33:06
00021 ys4242-ib   ./main_ball 3 1  Done                     05/15/2013 15:33:06
00022 ys4242-ib   ./main_ball 3 1  Done                     05/15/2013 15:33:06
00023 ys4242-ib   ./main_ball 3 1  Done                     05/15/2013 15:33:06
00024 ys4242-ib   ./main_ball 3 1  Done                     05/15/2013 15:33:06
00025 ys4242-ib   ./main_ball 3 1  Done                     05/15/2013 15:33:06
00026 ys4242-ib   ./main_ball 3 1  Done                     05/15/2013 15:33:06
00027 ys4242-ib   ./main_ball 3 1  Done                     05/15/2013 15:33:06
00028 ys4242-ib   ./main_ball 3 1  Done                     05/15/2013 15:33:06
00030 ys4242-ib   ./main_ball 3 1  Done                     05/15/2013 15:33:06
00029 ys4242-ib   ./main_ball 3 1  Done                     05/15/2013 15:33:06
00031 ys4242-ib   ./main_ball 3 1  Done                     05/15/2013 15:33:06
00000 ys4241-ib  ./main_ball 3 1   Done                     05/15/2013 15:33:06
00003 ys4241-ib   ./main_ball 3 1  Done                     05/15/2013 15:33:06
00001 ys4241-ib   ./main_ball 3 1  Done                     05/15/2013 15:33:06
00002 ys4241-ib   ./main_ball 3 1  Done                     05/15/2013 15:33:06
00014 ys4241-ib   ./main_ball 3 1  Done                     05/15/2013 15:33:06
00015 ys4241-ib   ./main_ball 3 1  Done                     05/15/2013 15:33:06
00004 ys4241-ib   ./main_ball 3 1  Done                     05/15/2013 15:33:06
00005 ys4241-ib   ./main_ball 3 1  Done                     05/15/2013 15:33:06
00006 ys4241-ib   ./main_ball 3 1  Done                     05/15/2013 15:33:06
00007 ys4241-ib   ./main_ball 3 1  Done                     05/15/2013 15:33:06
00008 ys4241-ib   ./main_ball 3 1  Done                     05/15/2013 15:33:06
00009 ys4241-ib   ./main_ball 3 1  Done                     05/15/2013 15:33:06
00010 ys4241-ib   ./main_ball 3 1  Done                     05/15/2013 15:33:06
00011 ys4241-ib   ./main_ball 3 1  Done                     05/15/2013 15:33:06
00012 ys4241-ib   ./main_ball 3 1  Done                     05/15/2013 15:33:06
00013 ys4241-ib   ./main_ball 3 1  Done                     05/15/2013 15:33:06

------------------------------------------------------------
Sender: LSF System <lsfadmin@ys4241-ib>
Subject: Job 662194: <mb.512> Done

Job <mb.512> was submitted from host <yslogin3-ib> by user <robertk> in cluster <yellowstone>.
Job was executed on host(s) <16*ys4241-ib>, in queue <small>, as user <robertk> in cluster <yellowstone>.
                            <16*ys4242-ib>
                            <16*ys4257-ib>
                            <16*ys4258-ib>
                            <16*ys4259-ib>
                            <16*ys4260-ib>
                            <16*ys4261-ib>
                            <16*ys4262-ib>
                            <16*ys4263-ib>
                            <16*ys4264-ib>
                            <16*ys4265-ib>
                            <16*ys4266-ib>
                            <16*ys4267-ib>
                            <16*ys4269-ib>
                            <16*ys4271-ib>
                            <16*ys4301-ib>
                            <16*ys4302-ib>
                            <16*ys4303-ib>
                            <16*ys4304-ib>
                            <16*ys4306-ib>
                            <16*ys4307-ib>
                            <16*ys4308-ib>
                            <16*ys4309-ib>
                            <16*ys4310-ib>
                            <16*ys4314-ib>
                            <16*ys4317-ib>
                            <16*ys4323-ib>
                            <16*ys4336-ib>
                            <16*ys4340-ib>
                            <16*ys4341-ib>
                            <16*ys4343-ib>
                            <16*ys4344-ib>
</glade/u/home/robertk> was used as the home directory.
</glade/u/home/robertk/work/Dune/trunk/alugrid/examples> was used as the working directory.
Started at Wed May 15 15:32:17 2013
Results reported at Wed May 15 15:33:10 2013

Your job looked like:

------------------------------------------------------------
# LSBATCH: User input
#!/bin/bash
# LSF batch script to run an MPI application
#
#BSUB -P P86850055           # project code
#BSUB -W 00:10               # wall-clock time (hrs:mins)
#BSUB -n 512              # number of tasks in job
#BSUB -R span[ptile=16]    # run 16 MPI tasks per node
#BSUB -J mb.512            # job name
#BSUB -o ./out/mb.512.%J.out  # output file name 
#BSUB -e ./err/mb.512.%J.err  # error file name
#BSUB -q small             # queue
#run the executable
mpirun.lsf ./main_ball 3 1 4 none

------------------------------------------------------------

Successfully completed.

Resource usage summary:

    CPU time   :  21203.54 sec.
    Max Memory :       164 MB
    Max Swap   :      3048 MB

    Max Processes  :         7
    Max Threads    :        77

The output (if any) is above this job summary.



PS:

Read file <./err/mb.512.662194.err> for stderr output of this job.

