Caught DGFException on creation of SGrid, trying default DGF method!

Created parallel ALUGrid<3,3,cube,nonconforming> from macro grid file ''. 

globalRefine: 1
elements = 7280967 (109991,117762,1.07065)   maxLevel = 4   step = 12   time = 0.108   dt = 0.009
elements = 7183681 (108609,115979,1.06786)   maxLevel = 4   step = 23   time = 0.207   dt = 0.009
elements = 7138433 (108103,115483,1.06827)   maxLevel = 4   step = 34   time = 0.306   dt = 0.009
elements = 7327531 (111262,117896,1.05963)   maxLevel = 4   step = 45   time = 0.405   dt = 0.009
elements = 7081208 (107163,114276,1.06638)   maxLevel = 4   step = 56   time = 0.504   dt = 0.009
elements = 7316660 (111389,117695,1.05661)   maxLevel = 4   step = 67   time = 0.603   dt = 0.009
elements = 7207782 (109004,116574,1.06945)   maxLevel = 4   step = 78   time = 0.702   dt = 0.009
elements = 7105890 (107431,114120,1.06226)   maxLevel = 4   step = 89   time = 0.801   dt = 0.009
elements = 7273302 (110399,117049,1.06024)   maxLevel = 4   step = 100   time = 0.9   dt = 0.009
elements = 7005433 (105982,112715,1.06353)   maxLevel = 4   step = 112   time = 1.008   dt = 0.009
U2 max: 39.85  min: 13.56
U3 max: 0.03  min: 0
U4 max: 2.91  min: 2.37
U5 max: 10.05  min: 5.13
U6 max: 0.01  min: 0
U7 max: 51.53  min: 25.33
U8 max: 44.21  min: 17.57
Program finished: CPU time = 175.415 sec.
Job  /ncar/opt/lsf/8.3/linux2.6-glibc2.3-x86_64/bin/poejob ./main_ball 3 1 4 none

TID   HOST_NAME   COMMAND_LINE            STATUS            TERMINATION_TIME
===== ========== ================  =======================  ===================
00048 ys2651-ib  ./main_ball 3 1   Done                     05/15/2013 15:35:16
00052 ys2651-ib   ./main_ball 3 1  Done                     05/15/2013 15:35:15
00053 ys2651-ib   ./main_ball 3 1  Done                     05/15/2013 15:35:16
00054 ys2651-ib   ./main_ball 3 1  Done                     05/15/2013 15:35:16
00055 ys2651-ib   ./main_ball 3 1  Done                     05/15/2013 15:35:16
00056 ys2651-ib   ./main_ball 3 1  Done                     05/15/2013 15:35:15
00057 ys2651-ib   ./main_ball 3 1  Done                     05/15/2013 15:35:16
00058 ys2651-ib   ./main_ball 3 1  Done                     05/15/2013 15:35:15
00060 ys2651-ib   ./main_ball 3 1  Done                     05/15/2013 15:35:16
00059 ys2651-ib   ./main_ball 3 1  Done                     05/15/2013 15:35:16
00061 ys2651-ib   ./main_ball 3 1  Done                     05/15/2013 15:35:15
00062 ys2651-ib   ./main_ball 3 1  Done                     05/15/2013 15:35:16
00063 ys2651-ib   ./main_ball 3 1  Done                     05/15/2013 15:35:15
00050 ys2651-ib   ./main_ball 3 1  Done                     05/15/2013 15:35:16
00049 ys2651-ib   ./main_ball 3 1  Done                     05/15/2013 15:35:16
00051 ys2651-ib   ./main_ball 3 1  Done                     05/15/2013 15:35:16
00032 ys2649-ib  ./main_ball 3 1   Done                     05/15/2013 15:35:16
00034 ys2649-ib   ./main_ball 3 1  Done                     05/15/2013 15:35:16
00036 ys2649-ib   ./main_ball 3 1  Done                     05/15/2013 15:35:16
00037 ys2649-ib   ./main_ball 3 1  Done                     05/15/2013 15:35:16
00033 ys2649-ib   ./main_ball 3 1  Done                     05/15/2013 15:35:16
00035 ys2649-ib   ./main_ball 3 1  Done                     05/15/2013 15:35:16
00038 ys2649-ib   ./main_ball 3 1  Done                     05/15/2013 15:35:16
00040 ys2649-ib   ./main_ball 3 1  Done                     05/15/2013 15:35:16
00039 ys2649-ib   ./main_ball 3 1  Done                     05/15/2013 15:35:16
00041 ys2649-ib   ./main_ball 3 1  Done                     05/15/2013 15:35:16
00042 ys2649-ib   ./main_ball 3 1  Done                     05/15/2013 15:35:16
00043 ys2649-ib   ./main_ball 3 1  Done                     05/15/2013 15:35:16
00044 ys2649-ib   ./main_ball 3 1  Done                     05/15/2013 15:35:16
00045 ys2649-ib   ./main_ball 3 1  Done                     05/15/2013 15:35:16
00046 ys2649-ib   ./main_ball 3 1  Done                     05/15/2013 15:35:16
00047 ys2649-ib   ./main_ball 3 1  Done                     05/15/2013 15:35:16
00016 ys2648-ib  ./main_ball 3 1   Done                     05/15/2013 15:35:16
00017 ys2648-ib   ./main_ball 3 1  Done                     05/15/2013 15:35:16
00018 ys2648-ib   ./main_ball 3 1  Done                     05/15/2013 15:35:16
00020 ys2648-ib   ./main_ball 3 1  Done                     05/15/2013 15:35:16
00019 ys2648-ib   ./main_ball 3 1  Done                     05/15/2013 15:35:16
00021 ys2648-ib   ./main_ball 3 1  Done                     05/15/2013 15:35:16
00022 ys2648-ib   ./main_ball 3 1  Done                     05/15/2013 15:35:15
00023 ys2648-ib   ./main_ball 3 1  Done                     05/15/2013 15:35:15
00024 ys2648-ib   ./main_ball 3 1  Done                     05/15/2013 15:35:15
00025 ys2648-ib   ./main_ball 3 1  Done                     05/15/2013 15:35:15
00026 ys2648-ib   ./main_ball 3 1  Done                     05/15/2013 15:35:15
00027 ys2648-ib   ./main_ball 3 1  Done                     05/15/2013 15:35:16
00028 ys2648-ib   ./main_ball 3 1  Done                     05/15/2013 15:35:16
00030 ys2648-ib   ./main_ball 3 1  Done                     05/15/2013 15:35:15
00029 ys2648-ib   ./main_ball 3 1  Done                     05/15/2013 15:35:15
00031 ys2648-ib   ./main_ball 3 1  Done                     05/15/2013 15:35:16
00000 ys2647-ib  ./main_ball 3 1   Done                     05/15/2013 15:35:15
00014 ys2647-ib   ./main_ball 3 1  Done                     05/15/2013 15:35:15
00003 ys2647-ib   ./main_ball 3 1  Done                     05/15/2013 15:35:15
00015 ys2647-ib   ./main_ball 3 1  Done                     05/15/2013 15:35:15
00004 ys2647-ib   ./main_ball 3 1  Done                     05/15/2013 15:35:15
00005 ys2647-ib   ./main_ball 3 1  Done                     05/15/2013 15:35:15
00006 ys2647-ib   ./main_ball 3 1  Done                     05/15/2013 15:35:15
00007 ys2647-ib   ./main_ball 3 1  Done                     05/15/2013 15:35:15
00008 ys2647-ib   ./main_ball 3 1  Done                     05/15/2013 15:35:15
00009 ys2647-ib   ./main_ball 3 1  Done                     05/15/2013 15:35:15
00010 ys2647-ib   ./main_ball 3 1  Done                     05/15/2013 15:35:15
00011 ys2647-ib   ./main_ball 3 1  Done                     05/15/2013 15:35:15
00012 ys2647-ib   ./main_ball 3 1  Done                     05/15/2013 15:35:15
00001 ys2647-ib   ./main_ball 3 1  Done                     05/15/2013 15:35:15
00013 ys2647-ib   ./main_ball 3 1  Done                     05/15/2013 15:35:15
00002 ys2647-ib   ./main_ball 3 1  Done                     05/15/2013 15:35:15

------------------------------------------------------------
Sender: LSF System <lsfadmin@ys2647-ib>
Subject: Job 662191: <mb.64> Done

Job <mb.64> was submitted from host <yslogin3-ib> by user <robertk> in cluster <yellowstone>.
Job was executed on host(s) <16*ys2647-ib>, in queue <small>, as user <robertk> in cluster <yellowstone>.
                            <16*ys2648-ib>
                            <16*ys2649-ib>
                            <16*ys2651-ib>
</glade/u/home/robertk> was used as the home directory.
</glade/u/home/robertk/work/Dune/trunk/alugrid/examples> was used as the working directory.
Started at Wed May 15 15:32:12 2013
Results reported at Wed May 15 15:35:20 2013

Your job looked like:

------------------------------------------------------------
# LSBATCH: User input
#!/bin/bash
# LSF batch script to run an MPI application
#
#BSUB -P P86850055           # project code
#BSUB -W 00:10               # wall-clock time (hrs:mins)
#BSUB -n 64              # number of tasks in job
#BSUB -R span[ptile=16]    # run 16 MPI tasks per node
#BSUB -J mb.64            # job name
#BSUB -o ./out/mb.64.%J.out  # output file name 
#BSUB -e ./err/mb.64.%J.err  # error file name
#BSUB -q small             # queue
#run the executable
mpirun.lsf ./main_ball 3 1 4 none

------------------------------------------------------------

Successfully completed.

Resource usage summary:

    CPU time   :  11288.54 sec.
    Max Memory :       151 MB
    Max Swap   :      1132 MB

    Max Processes  :         7
    Max Threads    :        21

The output (if any) is above this job summary.



PS:

Read file <./err/mb.64.662191.err> for stderr output of this job.

