Execute poe command line: poe  ./main_ball 3 1 4 none

------------------------------------------------------------
Sender: LSF System <lsfadmin@ys5138-ib>
Subject: Job 927782: <mb.128> in cluster <yellowstone> Done

Job <mb.128> was submitted from host <yslogin3-ib> by user <robertk> in cluster <yellowstone>.
Job was executed on host(s) <16*ys5138-ib>, in queue <small>, as user <robertk> in cluster <yellowstone>.
                            <16*ys5171-ib>
                            <16*ys5172-ib>
                            <16*ys5201-ib>
                            <16*ys5202-ib>
                            <16*ys5203-ib>
                            <16*ys5220-ib>
                            <16*ys5221-ib>
</glade/u/home/robertk> was used as the home directory.
</glade/u/home/robertk/work/Dune/trunk/alugrid/examples/run/mb_bresen_314> was used as the working directory.
Started at Thu Feb 20 20:39:28 2014
Results reported at Thu Feb 20 20:40:01 2014

Your job looked like:

------------------------------------------------------------
# LSBATCH: User input
#!/bin/bash
# LSF batch script to run an MPI application
#
#BSUB -P P86850055           # project code
#BSUB -W 00:30               # wall-clock time (hrs:mins)
#BSUB -n 128              # number of tasks in job
#BSUB -R span[ptile=16]    # run 16 MPI tasks per node
#BSUB -J mb.128            # job name
#BSUB -o ./mb.128.out  # output file name 
#BSUB -e ./mb.128.err  # error file name
#BSUB -q small             # queue
#run the executable
export MP_CSS_INTERRUPT=yes
export MP_EAGER_LIMIT=4194305
export MP_EAGER_LIMIT_LOCAL=4194305
mpirun.lsf ./main_ball 3 1 4 none

------------------------------------------------------------

Successfully completed.

Resource usage summary:

    CPU time :               0.49 sec.
    Max Memory :             16 MB
    Average Memory :         9.00 MB
    Total Requested Memory : -
    Delta Memory :           -
    (Delta: the difference between total requested memory and actual max usage.)
    Max Processes :          1
    Max Threads :            1

The output (if any) is above this job summary.



PS:

Read file <./mb.128.err> for stderr output of this job.

