Execute poe command line: poe  ./main_ball 3 1 4 none
Caught DGFException on creation of SGrid, trying default DGF method!

Created parallel ALUGrid<3,3,cube,nonconforming> from macro grid file ''. 

globalRefine: 1
elements = 7281520 (110359,117245,1.0624)   maxLevel = 4   step = 12   time = 0.108   dt = 0.009
elements = 7184059 (109071,115508,1.05902)   maxLevel = 4   step = 23   time = 0.207   dt = 0.009
elements = 7139889 (108067,115483,1.06862)   maxLevel = 4   step = 34   time = 0.306   dt = 0.009
elements = 7327580 (111262,117896,1.05963)   maxLevel = 4   step = 45   time = 0.405   dt = 0.009
elements = 7081208 (107163,114276,1.06638)   maxLevel = 4   step = 56   time = 0.504   dt = 0.009
elements = 7316660 (111389,117695,1.05661)   maxLevel = 4   step = 67   time = 0.603   dt = 0.009
elements = 7207782 (109004,116574,1.06945)   maxLevel = 4   step = 78   time = 0.702   dt = 0.009
elements = 7105890 (107431,114120,1.06226)   maxLevel = 4   step = 89   time = 0.801   dt = 0.009
elements = 7273302 (110399,117049,1.06024)   maxLevel = 4   step = 100   time = 0.9   dt = 0.009
elements = 7005433 (105982,112715,1.06353)   maxLevel = 4   step = 112   time = 1.008   dt = 0.009
U2 max: 0.08  min: 0.04
U3 max: 0.02  min: 0
U4 max: 36.73  min: 9.8
U5 max: 1.24  min: 0.58
U6 max: 58.07  min: 30.26
U7 max: 0.37  min: 0
U8 max: 38.85  min: 11.7
Program finished: CPU time = 134.731 sec.

------------------------------------------------------------
Sender: LSF System <lsfadmin@ys5125-ib>
Subject: Job 927781: <mb.64> in cluster <yellowstone> Done

Job <mb.64> was submitted from host <yslogin3-ib> by user <robertk> in cluster <yellowstone>.
Job was executed on host(s) <16*ys5125-ib>, in queue <small>, as user <robertk> in cluster <yellowstone>.
                            <16*ys5135-ib>
                            <16*ys5136-ib>
                            <16*ys5137-ib>
</glade/u/home/robertk> was used as the home directory.
</glade/u/home/robertk/work/Dune/trunk/alugrid/examples/run/mb_bresen_314> was used as the working directory.
Started at Thu Feb 20 20:39:28 2014
Results reported at Thu Feb 20 20:42:51 2014

Your job looked like:

------------------------------------------------------------
# LSBATCH: User input
#!/bin/bash
# LSF batch script to run an MPI application
#
#BSUB -P P86850055           # project code
#BSUB -W 00:30               # wall-clock time (hrs:mins)
#BSUB -n 64              # number of tasks in job
#BSUB -R span[ptile=16]    # run 16 MPI tasks per node
#BSUB -J mb.64            # job name
#BSUB -o ./mb.64.out  # output file name 
#BSUB -e ./mb.64.err  # error file name
#BSUB -q small             # queue
#run the executable
export MP_CSS_INTERRUPT=yes
export MP_EAGER_LIMIT=4194305
export MP_EAGER_LIMIT_LOCAL=4194305
mpirun.lsf ./main_ball 3 1 4 none

------------------------------------------------------------

Successfully completed.

Resource usage summary:

    CPU time :               13095.00 sec.
    Max Memory :             18084 MB
    Average Memory :         11440.20 MB
    Total Requested Memory : -
    Delta Memory :           -
    (Delta: the difference between total requested memory and actual max usage.)
    Max Processes :          72
    Max Threads :            741

The output (if any) is above this job summary.



PS:

Read file <./mb.64.err> for stderr output of this job.

